NCCL version 2.9.6+cudaCUDA_MAJOR.CUDA_MINOR
Unable to import mlperf_logging,  No module named 'mlperf_logging'
world size: 1, current rank: 0, local rank: 0
Using 2 GPU(s)...
Reading pre-processed data=./input/kaggleAdDisplayChallenge_processed.npz
Sparse fea = 26, Dense fea = 13
Defined train indices...
Randomized indices across days ...
Split data according to indices...
Reading pre-processed data=./input/kaggleAdDisplayChallenge_processed.npz
Sparse fea = 26, Dense fea = 13
Defined test indices...
Randomized indices across days ...
Split data according to indices...
DLRM_Net(
  (bot_l): Sequential(
    (0): Linear(in_features=13, out_features=512, bias=True)
    (1): ReLU()
    (2): Linear(in_features=512, out_features=256, bias=True)
    (3): ReLU()
    (4): Linear(in_features=256, out_features=64, bias=True)
    (5): ReLU()
    (6): Linear(in_features=64, out_features=16, bias=True)
    (7): ReLU()
  )
  (top_l): Sequential(
    (0): Linear(in_features=367, out_features=512, bias=True)
    (1): ReLU()
    (2): Linear(in_features=512, out_features=256, bias=True)
    (3): ReLU()
    (4): Linear(in_features=256, out_features=1, bias=True)
    (5): Sigmoid()
  )
  (loss_fn): BCELoss()
)
Random uniform embeddings init: 0 size: 1461 dim: 16
Random uniform embeddings init: 1 size: 584 dim: 16
Random uniform embeddings init: 2 size: 10131227 dim: 16
Random uniform embeddings init: 3 size: 2202608 dim: 16
Random uniform embeddings init: 4 size: 306 dim: 16
Random uniform embeddings init: 5 size: 24 dim: 16
Random uniform embeddings init: 6 size: 12518 dim: 16
Random uniform embeddings init: 7 size: 634 dim: 16
Random uniform embeddings init: 8 size: 4 dim: 16
Random uniform embeddings init: 9 size: 93146 dim: 16
Random uniform embeddings init: 10 size: 5684 dim: 16
Random uniform embeddings init: 11 size: 8351593 dim: 16
Random uniform embeddings init: 12 size: 3195 dim: 16
Random uniform embeddings init: 13 size: 28 dim: 16
Random uniform embeddings init: 14 size: 14993 dim: 16
Random uniform embeddings init: 15 size: 5461306 dim: 16
Random uniform embeddings init: 16 size: 11 dim: 16
Random uniform embeddings init: 17 size: 5653 dim: 16
Random uniform embeddings init: 18 size: 2173 dim: 16
Random uniform embeddings init: 19 size: 4 dim: 16
Random uniform embeddings init: 20 size: 7046547 dim: 16
Random uniform embeddings init: 21 size: 18 dim: 16
Random uniform embeddings init: 22 size: 16 dim: 16
Random uniform embeddings init: 23 size: 286181 dim: 16
Random uniform embeddings init: 24 size: 105 dim: 16
Random uniform embeddings init: 25 size: 142572 dim: 16
time/loss/accuracy (if enabled):
Finished training it 32/9593 of epoch 0, 560.97 ms/it, NE 0.981315, loss 0.558080
Testing at - 32/9593 of epoch 0,  NE 0.942812, loss 0.541630, accuracy 73.863 %, best 73.863 %
Finished training it 64/9593 of epoch 0, 21.52 ms/it, NE 0.956978, loss 0.530592
Testing at - 64/9593 of epoch 0,  NE 0.961159, loss 0.552171, accuracy 74.542 %, best 74.542 %
Finished training it 96/9593 of epoch 0, 17.85 ms/it, NE 0.946517, loss 0.526135
Testing at - 96/9593 of epoch 0,  NE 0.917946, loss 0.527345, accuracy 75.215 %, best 75.215 %
Finished training it 128/9593 of epoch 0, 23.70 ms/it, NE 0.937248, loss 0.513809
Testing at - 128/9593 of epoch 0,  NE 0.921291, loss 0.529267, accuracy 74.905 %, best 75.215 %
Finished training it 160/9593 of epoch 0, 20.13 ms/it, NE 0.930853, loss 0.514836
Testing at - 160/9593 of epoch 0,  NE 0.911061, loss 0.523390, accuracy 75.519 %, best 75.519 %
Finished training it 192/9593 of epoch 0, 18.77 ms/it, NE 0.925978, loss 0.512176
Testing at - 192/9593 of epoch 0,  NE 0.897000, loss 0.515312, accuracy 75.456 %, best 75.519 %
Finished training it 224/9593 of epoch 0, 25.79 ms/it, NE 0.922280, loss 0.510184
Testing at - 224/9593 of epoch 0,  NE 0.896824, loss 0.515211, accuracy 75.583 %, best 75.583 %
Finished training it 256/9593 of epoch 0, 24.27 ms/it, NE 0.919106, loss 0.510469
Testing at - 256/9593 of epoch 0,  NE 0.916532, loss 0.526533, accuracy 74.926 %, best 75.583 %
Finished training it 288/9593 of epoch 0, 19.71 ms/it, NE 0.916402, loss 0.507390
Testing at - 288/9593 of epoch 0,  NE 0.895630, loss 0.514525, accuracy 75.473 %, best 75.583 %
Finished training it 320/9593 of epoch 0, 19.65 ms/it, NE 0.913995, loss 0.507700
Testing at - 320/9593 of epoch 0,  NE 0.884009, loss 0.507849, accuracy 75.894 %, best 75.894 %
Finished training it 352/9593 of epoch 0, 23.51 ms/it, NE 0.911794, loss 0.505900
Testing at - 352/9593 of epoch 0,  NE 0.885570, loss 0.508746, accuracy 75.835 %, best 75.894 %
Finished training it 384/9593 of epoch 0, 22.67 ms/it, NE 0.909809, loss 0.501410
Testing at - 384/9593 of epoch 0,  NE 0.883344, loss 0.507467, accuracy 75.827 %, best 75.894 %
Finished training it 416/9593 of epoch 0, 20.25 ms/it, NE 0.908407, loss 0.508257
Testing at - 416/9593 of epoch 0,  NE 0.880055, loss 0.505578, accuracy 76.025 %, best 76.025 %
Finished training it 448/9593 of epoch 0, 21.94 ms/it, NE 0.906837, loss 0.504267
Testing at - 448/9593 of epoch 0,  NE 0.899762, loss 0.516899, accuracy 75.648 %, best 76.025 %
Finished training it 480/9593 of epoch 0, 21.17 ms/it, NE 0.905270, loss 0.501718
Testing at - 480/9593 of epoch 0,  NE 0.878094, loss 0.504451, accuracy 76.111 %, best 76.111 %
Finished training it 512/9593 of epoch 0, 18.74 ms/it, NE 0.903747, loss 0.502091
Testing at - 512/9593 of epoch 0,  NE 0.875527, loss 0.502977, accuracy 76.175 %, best 76.175 %
Finished training it 544/9593 of epoch 0, 24.19 ms/it, NE 0.902329, loss 0.500793
Testing at - 544/9593 of epoch 0,  NE 0.875148, loss 0.502759, accuracy 76.169 %, best 76.175 %
Finished training it 576/9593 of epoch 0, 19.49 ms/it, NE 0.901230, loss 0.502236
Testing at - 576/9593 of epoch 0,  NE 0.883394, loss 0.507496, accuracy 76.061 %, best 76.175 %
Finished training it 608/9593 of epoch 0, 24.15 ms/it, NE 0.899891, loss 0.499016
Testing at - 608/9593 of epoch 0,  NE 0.872421, loss 0.501192, accuracy 76.276 %, best 76.276 %
Finished training it 640/9593 of epoch 0, 22.86 ms/it, NE 0.898873, loss 0.499293
Testing at - 640/9593 of epoch 0,  NE 0.870453, loss 0.500062, accuracy 76.344 %, best 76.344 %
Finished training it 672/9593 of epoch 0, 19.63 ms/it, NE 0.897921, loss 0.499399
Testing at - 672/9593 of epoch 0,  NE 0.870846, loss 0.500287, accuracy 76.377 %, best 76.377 %
Finished training it 704/9593 of epoch 0, 19.01 ms/it, NE 0.897071, loss 0.499116
Testing at - 704/9593 of epoch 0,  NE 0.894820, loss 0.514060, accuracy 76.247 %, best 76.377 %
Finished training it 736/9593 of epoch 0, 24.01 ms/it, NE 0.895995, loss 0.498107
Testing at - 736/9593 of epoch 0,  NE 0.871804, loss 0.500838, accuracy 76.370 %, best 76.377 %
Finished training it 768/9593 of epoch 0, 20.98 ms/it, NE 0.895109, loss 0.495620
Testing at - 768/9593 of epoch 0,  NE 0.866438, loss 0.497755, accuracy 76.451 %, best 76.451 %
Finished training it 800/9593 of epoch 0, 20.42 ms/it, NE 0.894157, loss 0.494846
Testing at - 800/9593 of epoch 0,  NE 0.877969, loss 0.504379, accuracy 76.149 %, best 76.451 %
Finished training it 832/9593 of epoch 0, 19.47 ms/it, NE 0.893048, loss 0.491436
Testing at - 832/9593 of epoch 0,  NE 0.881709, loss 0.506528, accuracy 76.312 %, best 76.451 %
Finished training it 864/9593 of epoch 0, 18.64 ms/it, NE 0.892009, loss 0.490690
Testing at - 864/9593 of epoch 0,  NE 0.874031, loss 0.502117, accuracy 76.303 %, best 76.451 %
Finished training it 896/9593 of epoch 0, 22.73 ms/it, NE 0.891162, loss 0.491982
Testing at - 896/9593 of epoch 0,  NE 0.865256, loss 0.497076, accuracy 76.447 %, best 76.451 %
Finished training it 928/9593 of epoch 0, 19.66 ms/it, NE 0.890534, loss 0.495209
Testing at - 928/9593 of epoch 0,  NE 0.867120, loss 0.498147, accuracy 76.650 %, best 76.650 %
Finished training it 960/9593 of epoch 0, 18.90 ms/it, NE 0.889716, loss 0.491997
Testing at - 960/9593 of epoch 0,  NE 0.861467, loss 0.494899, accuracy 76.681 %, best 76.681 %
Finished training it 992/9593 of epoch 0, 18.15 ms/it, NE 0.888976, loss 0.493378
Testing at - 992/9593 of epoch 0,  NE 0.866988, loss 0.498071, accuracy 76.555 %, best 76.681 %
Finished training it 1024/9593 of epoch 0, 23.44 ms/it, NE 0.888179, loss 0.492349
Testing at - 1024/9593 of epoch 0,  NE 0.867019, loss 0.498089, accuracy 76.558 %, best 76.681 %
Finished training it 1056/9593 of epoch 0, 18.38 ms/it, NE 0.887365, loss 0.490162
Testing at - 1056/9593 of epoch 0,  NE 0.857756, loss 0.492767, accuracy 76.681 %, best 76.681 %
Finished training it 1088/9593 of epoch 0, 20.26 ms/it, NE 0.886636, loss 0.490545
Testing at - 1088/9593 of epoch 0,  NE 0.854783, loss 0.491060, accuracy 76.838 %, best 76.838 %
Finished training it 1120/9593 of epoch 0, 19.48 ms/it, NE 0.885973, loss 0.491491
Testing at - 1120/9593 of epoch 0,  NE 0.858623, loss 0.493265, accuracy 76.875 %, best 76.875 %
Finished training it 1152/9593 of epoch 0, 19.63 ms/it, NE 0.885344, loss 0.490846
Testing at - 1152/9593 of epoch 0,  NE 0.863955, loss 0.496329, accuracy 76.713 %, best 76.875 %
Finished training it 1184/9593 of epoch 0, 19.88 ms/it, NE 0.884598, loss 0.486110
Testing at - 1184/9593 of epoch 0,  NE 0.852651, loss 0.489834, accuracy 76.850 %, best 76.875 %
Finished training it 1216/9593 of epoch 0, 18.59 ms/it, NE 0.884012, loss 0.490632
Testing at - 1216/9593 of epoch 0,  NE 0.851611, loss 0.489237, accuracy 76.996 %, best 76.996 %
Finished training it 1248/9593 of epoch 0, 19.43 ms/it, NE 0.883289, loss 0.486487
Testing at - 1248/9593 of epoch 0,  NE 0.860418, loss 0.494297, accuracy 76.757 %, best 76.996 %
Finished training it 1280/9593 of epoch 0, 19.32 ms/it, NE 0.882600, loss 0.487500
Testing at - 1280/9593 of epoch 0,  NE 0.854546, loss 0.490923, accuracy 76.755 %, best 76.996 %
Finished training it 1312/9593 of epoch 0, 19.83 ms/it, NE 0.881920, loss 0.485697
Testing at - 1312/9593 of epoch 0,  NE 0.847525, loss 0.486890, accuracy 77.113 %, best 77.113 %
Finished training it 1344/9593 of epoch 0, 18.75 ms/it, NE 0.881253, loss 0.484024
Testing at - 1344/9593 of epoch 0,  NE 0.882107, loss 0.506756, accuracy 76.087 %, best 77.113 %
Finished training it 1376/9593 of epoch 0, 18.80 ms/it, NE 0.880634, loss 0.485490
Testing at - 1376/9593 of epoch 0,  NE 0.860445, loss 0.494312, accuracy 76.645 %, best 77.113 %
Finished training it 1408/9593 of epoch 0, 21.29 ms/it, NE 0.880005, loss 0.485003
Testing at - 1408/9593 of epoch 0,  NE 0.855397, loss 0.491412, accuracy 76.710 %, best 77.113 %
Finished training it 1440/9593 of epoch 0, 24.88 ms/it, NE 0.879285, loss 0.482758
Testing at - 1440/9593 of epoch 0,  NE 0.849063, loss 0.487773, accuracy 77.042 %, best 77.113 %
Finished training it 1472/9593 of epoch 0, 18.80 ms/it, NE 0.878727, loss 0.485898
Testing at - 1472/9593 of epoch 0,  NE 0.848483, loss 0.487440, accuracy 77.140 %, best 77.140 %
Finished training it 1504/9593 of epoch 0, 22.02 ms/it, NE 0.877998, loss 0.479373
Testing at - 1504/9593 of epoch 0,  NE 0.856599, loss 0.492103, accuracy 76.822 %, best 77.140 %
Finished training it 1536/9593 of epoch 0, 20.47 ms/it, NE 0.877348, loss 0.479420
Testing at - 1536/9593 of epoch 0,  NE 0.840169, loss 0.482664, accuracy 77.262 %, best 77.262 %
Finished training it 1568/9593 of epoch 0, 20.87 ms/it, NE 0.876715, loss 0.481626
Testing at - 1568/9593 of epoch 0,  NE 0.840862, loss 0.483062, accuracy 77.193 %, best 77.262 %
Finished training it 1600/9593 of epoch 0, 18.52 ms/it, NE 0.876074, loss 0.481441
Testing at - 1600/9593 of epoch 0,  NE 0.845481, loss 0.485715, accuracy 77.299 %, best 77.299 %
Finished training it 1632/9593 of epoch 0, 18.96 ms/it, NE 0.875460, loss 0.482432
Testing at - 1632/9593 of epoch 0,  NE 0.838624, loss 0.481776, accuracy 77.361 %, best 77.361 %
Finished training it 1664/9593 of epoch 0, 23.88 ms/it, NE 0.874783, loss 0.478252
Testing at - 1664/9593 of epoch 0,  NE 0.842224, loss 0.483844, accuracy 77.152 %, best 77.361 %
Finished training it 1696/9593 of epoch 0, 19.21 ms/it, NE 0.874238, loss 0.481478
Testing at - 1696/9593 of epoch 0,  NE 0.839961, loss 0.482544, accuracy 77.397 %, best 77.397 %
Finished training it 1728/9593 of epoch 0, 18.18 ms/it, NE 0.873615, loss 0.478810
Testing at - 1728/9593 of epoch 0,  NE 0.849550, loss 0.488053, accuracy 77.103 %, best 77.397 %
Finished training it 1760/9593 of epoch 0, 21.64 ms/it, NE 0.873051, loss 0.477382
Testing at - 1760/9593 of epoch 0,  NE 0.834188, loss 0.479228, accuracy 77.429 %, best 77.429 %
Finished training it 1792/9593 of epoch 0, 18.69 ms/it, NE 0.872370, loss 0.472842
Testing at - 1792/9593 of epoch 0,  NE 0.834886, loss 0.479629, accuracy 77.462 %, best 77.462 %
Finished training it 1824/9593 of epoch 0, 18.86 ms/it, NE 0.871736, loss 0.475310
Testing at - 1824/9593 of epoch 0,  NE 0.841095, loss 0.483196, accuracy 77.351 %, best 77.462 %
Finished training it 1856/9593 of epoch 0, 21.91 ms/it, NE 0.871108, loss 0.475243
Testing at - 1856/9593 of epoch 0,  NE 0.844208, loss 0.484984, accuracy 77.065 %, best 77.462 %
Finished training it 1888/9593 of epoch 0, 18.91 ms/it, NE 0.870455, loss 0.472388
Testing at - 1888/9593 of epoch 0,  NE 0.840681, loss 0.482958, accuracy 77.275 %, best 77.462 %
Finished training it 1920/9593 of epoch 0, 17.80 ms/it, NE 0.869970, loss 0.480451
Testing at - 1920/9593 of epoch 0,  NE 0.830656, loss 0.477199, accuracy 77.542 %, best 77.542 %
Finished training it 1952/9593 of epoch 0, 19.09 ms/it, NE 0.869379, loss 0.473449
Testing at - 1952/9593 of epoch 0,  NE 0.829673, loss 0.476634, accuracy 77.589 %, best 77.589 %
Finished training it 1984/9593 of epoch 0, 19.99 ms/it, NE 0.868741, loss 0.472552
Testing at - 1984/9593 of epoch 0,  NE 0.830509, loss 0.477114, accuracy 77.590 %, best 77.590 %
Finished training it 2016/9593 of epoch 0, 20.14 ms/it, NE 0.868225, loss 0.476549
Testing at - 2016/9593 of epoch 0,  NE 0.834852, loss 0.479609, accuracy 77.392 %, best 77.590 %
Finished training it 2048/9593 of epoch 0, 19.27 ms/it, NE 0.867696, loss 0.475501
Testing at - 2048/9593 of epoch 0,  NE 0.838902, loss 0.481936, accuracy 77.493 %, best 77.590 %
Finished training it 2080/9593 of epoch 0, 19.72 ms/it, NE 0.867210, loss 0.474300
Testing at - 2080/9593 of epoch 0,  NE 0.837055, loss 0.480875, accuracy 77.495 %, best 77.590 %
Finished training it 2112/9593 of epoch 0, 25.84 ms/it, NE 0.866637, loss 0.471811
Testing at - 2112/9593 of epoch 0,  NE 0.839908, loss 0.482514, accuracy 77.426 %, best 77.590 %
Finished training it 2144/9593 of epoch 0, 24.79 ms/it, NE 0.866132, loss 0.474378
Testing at - 2144/9593 of epoch 0,  NE 0.849417, loss 0.487977, accuracy 77.037 %, best 77.590 %
Finished training it 2176/9593 of epoch 0, 19.70 ms/it, NE 0.865589, loss 0.471589
Testing at - 2176/9593 of epoch 0,  NE 0.825167, loss 0.474045, accuracy 77.748 %, best 77.748 %
Finished training it 2208/9593 of epoch 0, 21.46 ms/it, NE 0.865062, loss 0.470732
Testing at - 2208/9593 of epoch 0,  NE 0.828210, loss 0.475794, accuracy 77.673 %, best 77.748 %
Finished training it 2240/9593 of epoch 0, 19.06 ms/it, NE 0.864584, loss 0.472239
Testing at - 2240/9593 of epoch 0,  NE 0.824168, loss 0.473471, accuracy 77.781 %, best 77.781 %
Finished training it 2272/9593 of epoch 0, 19.36 ms/it, NE 0.864008, loss 0.467351
Testing at - 2272/9593 of epoch 0,  NE 0.823019, loss 0.472812, accuracy 77.806 %, best 77.806 %
Finished training it 2304/9593 of epoch 0, 28.80 ms/it, NE 0.863549, loss 0.472619
Testing at - 2304/9593 of epoch 0,  NE 0.823872, loss 0.473301, accuracy 77.762 %, best 77.806 %
Finished training it 2336/9593 of epoch 0, 18.66 ms/it, NE 0.863010, loss 0.468590
Testing at - 2336/9593 of epoch 0,  NE 0.826897, loss 0.475039, accuracy 77.665 %, best 77.806 %
Finished training it 2368/9593 of epoch 0, 19.49 ms/it, NE 0.862497, loss 0.469059
Testing at - 2368/9593 of epoch 0,  NE 0.821360, loss 0.471858, accuracy 77.833 %, best 77.833 %
Finished training it 2400/9593 of epoch 0, 21.61 ms/it, NE 0.862049, loss 0.470503
Testing at - 2400/9593 of epoch 0,  NE 0.825253, loss 0.474095, accuracy 77.752 %, best 77.833 %
Finished training it 2432/9593 of epoch 0, 19.47 ms/it, NE 0.861567, loss 0.468009
Testing at - 2432/9593 of epoch 0,  NE 0.821907, loss 0.472173, accuracy 77.829 %, best 77.833 %
Finished training it 2464/9593 of epoch 0, 22.15 ms/it, NE 0.861105, loss 0.469325
Testing at - 2464/9593 of epoch 0,  NE 0.834478, loss 0.479395, accuracy 77.423 %, best 77.833 %
Finished training it 2496/9593 of epoch 0, 18.73 ms/it, NE 0.860633, loss 0.468202
Testing at - 2496/9593 of epoch 0,  NE 0.823485, loss 0.473079, accuracy 77.774 %, best 77.833 %
Finished training it 2528/9593 of epoch 0, 20.67 ms/it, NE 0.860177, loss 0.469001
Testing at - 2528/9593 of epoch 0,  NE 0.829330, loss 0.476437, accuracy 77.736 %, best 77.833 %
Finished training it 2560/9593 of epoch 0, 21.46 ms/it, NE 0.859686, loss 0.466794
Testing at - 2560/9593 of epoch 0,  NE 0.819485, loss 0.470781, accuracy 77.910 %, best 77.910 %
Finished training it 2592/9593 of epoch 0, 18.74 ms/it, NE 0.859255, loss 0.466948
Testing at - 2592/9593 of epoch 0,  NE 0.822152, loss 0.472313, accuracy 77.824 %, best 77.910 %
Finished training it 2624/9593 of epoch 0, 18.61 ms/it, NE 0.858833, loss 0.467408
Testing at - 2624/9593 of epoch 0,  NE 0.817524, loss 0.469655, accuracy 77.958 %, best 77.958 %
Finished training it 2656/9593 of epoch 0, 21.95 ms/it, NE 0.858377, loss 0.467130
Testing at - 2656/9593 of epoch 0,  NE 0.838921, loss 0.481947, accuracy 77.389 %, best 77.958 %
Finished training it 2688/9593 of epoch 0, 20.46 ms/it, NE 0.857991, loss 0.470074
Testing at - 2688/9593 of epoch 0,  NE 0.818137, loss 0.470007, accuracy 77.949 %, best 77.958 %
Finished training it 2720/9593 of epoch 0, 23.55 ms/it, NE 0.857513, loss 0.465400
Testing at - 2720/9593 of epoch 0,  NE 0.827332, loss 0.475289, accuracy 77.788 %, best 77.958 %
Finished training it 2752/9593 of epoch 0, 19.69 ms/it, NE 0.857106, loss 0.466099
Testing at - 2752/9593 of epoch 0,  NE 0.824031, loss 0.473393, accuracy 77.726 %, best 77.958 %
Finished training it 2784/9593 of epoch 0, 30.91 ms/it, NE 0.856678, loss 0.467891
Testing at - 2784/9593 of epoch 0,  NE 0.821295, loss 0.471821, accuracy 77.778 %, best 77.958 %
Finished training it 2816/9593 of epoch 0, 20.21 ms/it, NE 0.856258, loss 0.465361
Testing at - 2816/9593 of epoch 0,  NE 0.819869, loss 0.471002, accuracy 77.949 %, best 77.958 %
Finished training it 2848/9593 of epoch 0, 19.85 ms/it, NE 0.855802, loss 0.463084
Testing at - 2848/9593 of epoch 0,  NE 0.822223, loss 0.472354, accuracy 77.863 %, best 77.958 %
Finished training it 2880/9593 of epoch 0, 19.64 ms/it, NE 0.855422, loss 0.468420
Testing at - 2880/9593 of epoch 0,  NE 0.848255, loss 0.487309, accuracy 77.199 %, best 77.958 %
Finished training it 2912/9593 of epoch 0, 21.19 ms/it, NE 0.855044, loss 0.467409
Testing at - 2912/9593 of epoch 0,  NE 0.815738, loss 0.468629, accuracy 78.015 %, best 78.015 %
Finished training it 2944/9593 of epoch 0, 19.35 ms/it, NE 0.854640, loss 0.464238
Testing at - 2944/9593 of epoch 0,  NE 0.814635, loss 0.467995, accuracy 78.056 %, best 78.056 %
Finished training it 2976/9593 of epoch 0, 20.29 ms/it, NE 0.854203, loss 0.462507
Testing at - 2976/9593 of epoch 0,  NE 0.819170, loss 0.470600, accuracy 77.943 %, best 78.056 %
Finished training it 3008/9593 of epoch 0, 19.24 ms/it, NE 0.853836, loss 0.466919
Testing at - 3008/9593 of epoch 0,  NE 0.822931, loss 0.472761, accuracy 77.928 %, best 78.056 %
Finished training it 3040/9593 of epoch 0, 19.71 ms/it, NE 0.853447, loss 0.463514
Testing at - 3040/9593 of epoch 0,  NE 0.815785, loss 0.468655, accuracy 77.959 %, best 78.056 %
Finished training it 3072/9593 of epoch 0, 19.80 ms/it, NE 0.853047, loss 0.462177
Testing at - 3072/9593 of epoch 0,  NE 0.815971, loss 0.468762, accuracy 78.018 %, best 78.056 %
Finished training it 3104/9593 of epoch 0, 23.75 ms/it, NE 0.852673, loss 0.463796
Testing at - 3104/9593 of epoch 0,  NE 0.813052, loss 0.467085, accuracy 78.097 %, best 78.097 %
Finished training it 3136/9593 of epoch 0, 18.84 ms/it, NE 0.852316, loss 0.465396
Testing at - 3136/9593 of epoch 0,  NE 0.819743, loss 0.470929, accuracy 77.852 %, best 78.097 %
Finished training it 3168/9593 of epoch 0, 21.56 ms/it, NE 0.851895, loss 0.462776
Testing at - 3168/9593 of epoch 0,  NE 0.812892, loss 0.466994, accuracy 78.119 %, best 78.119 %
Finished training it 3200/9593 of epoch 0, 18.90 ms/it, NE 0.851529, loss 0.464385
Testing at - 3200/9593 of epoch 0,  NE 0.812287, loss 0.466646, accuracy 78.132 %, best 78.132 %
Finished training it 3232/9593 of epoch 0, 18.91 ms/it, NE 0.851185, loss 0.464299
Testing at - 3232/9593 of epoch 0,  NE 0.823342, loss 0.472997, accuracy 77.798 %, best 78.132 %
Finished training it 3264/9593 of epoch 0, 20.77 ms/it, NE 0.850870, loss 0.465534
Testing at - 3264/9593 of epoch 0,  NE 0.813498, loss 0.467342, accuracy 78.102 %, best 78.132 %
Finished training it 3296/9593 of epoch 0, 18.62 ms/it, NE 0.850525, loss 0.461539
Testing at - 3296/9593 of epoch 0,  NE 0.815918, loss 0.468732, accuracy 77.993 %, best 78.132 %
Finished training it 3328/9593 of epoch 0, 19.15 ms/it, NE 0.850167, loss 0.461058
Testing at - 3328/9593 of epoch 0,  NE 0.813949, loss 0.467601, accuracy 78.029 %, best 78.132 %
Finished training it 3360/9593 of epoch 0, 18.13 ms/it, NE 0.849847, loss 0.464026
Testing at - 3360/9593 of epoch 0,  NE 0.823082, loss 0.472847, accuracy 77.773 %, best 78.132 %
Finished training it 3392/9593 of epoch 0, 18.22 ms/it, NE 0.849490, loss 0.462933
Testing at - 3392/9593 of epoch 0,  NE 0.810974, loss 0.465892, accuracy 78.153 %, best 78.153 %
Finished training it 3424/9593 of epoch 0, 19.15 ms/it, NE 0.849134, loss 0.461978
Testing at - 3424/9593 of epoch 0,  NE 0.814442, loss 0.467884, accuracy 78.030 %, best 78.153 %
Finished training it 3456/9593 of epoch 0, 19.45 ms/it, NE 0.848833, loss 0.463445
Testing at - 3456/9593 of epoch 0,  NE 0.813474, loss 0.467328, accuracy 78.123 %, best 78.153 %
Finished training it 3488/9593 of epoch 0, 18.57 ms/it, NE 0.848500, loss 0.462750
Testing at - 3488/9593 of epoch 0,  NE 0.816581, loss 0.469113, accuracy 78.008 %, best 78.153 %
Finished training it 3520/9593 of epoch 0, 18.65 ms/it, NE 0.848202, loss 0.464083
Testing at - 3520/9593 of epoch 0,  NE 0.816222, loss 0.468907, accuracy 78.031 %, best 78.153 %
Finished training it 3552/9593 of epoch 0, 19.98 ms/it, NE 0.847895, loss 0.463768
Testing at - 3552/9593 of epoch 0,  NE 0.824078, loss 0.473420, accuracy 77.650 %, best 78.153 %
Finished training it 3584/9593 of epoch 0, 22.90 ms/it, NE 0.847604, loss 0.462215
Testing at - 3584/9593 of epoch 0,  NE 0.814986, loss 0.468196, accuracy 78.052 %, best 78.153 %
Finished training it 3616/9593 of epoch 0, 19.50 ms/it, NE 0.847283, loss 0.461959
Testing at - 3616/9593 of epoch 0,  NE 0.811973, loss 0.466465, accuracy 78.081 %, best 78.153 %
Finished training it 3648/9593 of epoch 0, 22.65 ms/it, NE 0.846987, loss 0.461448
Testing at - 3648/9593 of epoch 0,  NE 0.822304, loss 0.472401, accuracy 77.689 %, best 78.153 %
Finished training it 3680/9593 of epoch 0, 18.01 ms/it, NE 0.846622, loss 0.458046
Testing at - 3680/9593 of epoch 0,  NE 0.809114, loss 0.464823, accuracy 78.200 %, best 78.200 %
Finished training it 3712/9593 of epoch 0, 18.54 ms/it, NE 0.846336, loss 0.463288
Testing at - 3712/9593 of epoch 0,  NE 0.838577, loss 0.481749, accuracy 77.219 %, best 78.200 %
Finished training it 3744/9593 of epoch 0, 25.72 ms/it, NE 0.846045, loss 0.464936
Testing at - 3744/9593 of epoch 0,  NE 0.811090, loss 0.465958, accuracy 78.125 %, best 78.200 %
Finished training it 3776/9593 of epoch 0, 19.36 ms/it, NE 0.845715, loss 0.456948
Testing at - 3776/9593 of epoch 0,  NE 0.808704, loss 0.464587, accuracy 78.215 %, best 78.215 %
Finished training it 3808/9593 of epoch 0, 20.09 ms/it, NE 0.845392, loss 0.459033
Testing at - 3808/9593 of epoch 0,  NE 0.809454, loss 0.465019, accuracy 78.227 %, best 78.227 %
Finished training it 3840/9593 of epoch 0, 20.79 ms/it, NE 0.845115, loss 0.462628
Testing at - 3840/9593 of epoch 0,  NE 0.812733, loss 0.466902, accuracy 78.118 %, best 78.227 %
Finished training it 3872/9593 of epoch 0, 19.36 ms/it, NE 0.844845, loss 0.463270
Testing at - 3872/9593 of epoch 0,  NE 0.810441, loss 0.465586, accuracy 78.182 %, best 78.227 %
Finished training it 3904/9593 of epoch 0, 18.80 ms/it, NE 0.844553, loss 0.459375
Testing at - 3904/9593 of epoch 0,  NE 0.813420, loss 0.467297, accuracy 78.089 %, best 78.227 %
Finished training it 3936/9593 of epoch 0, 20.80 ms/it, NE 0.844273, loss 0.462444
Testing at - 3936/9593 of epoch 0,  NE 0.826666, loss 0.474906, accuracy 77.669 %, best 78.227 %
Finished training it 3968/9593 of epoch 0, 24.96 ms/it, NE 0.844004, loss 0.461915
Testing at - 3968/9593 of epoch 0,  NE 0.813529, loss 0.467359, accuracy 78.068 %, best 78.227 %
Finished training it 4000/9593 of epoch 0, 24.15 ms/it, NE 0.843723, loss 0.458940
Testing at - 4000/9593 of epoch 0,  NE 0.812187, loss 0.466589, accuracy 78.129 %, best 78.227 %
Finished training it 4032/9593 of epoch 0, 22.89 ms/it, NE 0.843469, loss 0.461642
Testing at - 4032/9593 of epoch 0,  NE 0.807597, loss 0.463951, accuracy 78.281 %, best 78.281 %
Finished training it 4064/9593 of epoch 0, 23.14 ms/it, NE 0.843205, loss 0.461991
Testing at - 4064/9593 of epoch 0,  NE 0.819161, loss 0.470595, accuracy 77.918 %, best 78.281 %
Finished training it 4096/9593 of epoch 0, 24.85 ms/it, NE 0.842958, loss 0.461257
Testing at - 4096/9593 of epoch 0,  NE 0.812741, loss 0.466907, accuracy 78.133 %, best 78.281 %
Finished training it 4128/9593 of epoch 0, 19.61 ms/it, NE 0.842698, loss 0.461354
Testing at - 4128/9593 of epoch 0,  NE 0.820655, loss 0.471453, accuracy 77.876 %, best 78.281 %
Finished training it 4160/9593 of epoch 0, 20.08 ms/it, NE 0.842445, loss 0.460276
Testing at - 4160/9593 of epoch 0,  NE 0.808961, loss 0.464735, accuracy 78.203 %, best 78.281 %
Finished training it 4192/9593 of epoch 0, 24.02 ms/it, NE 0.842173, loss 0.459568
Testing at - 4192/9593 of epoch 0,  NE 0.807249, loss 0.463752, accuracy 78.288 %, best 78.288 %
Finished training it 4224/9593 of epoch 0, 19.50 ms/it, NE 0.841891, loss 0.456084
Testing at - 4224/9593 of epoch 0,  NE 0.809562, loss 0.465081, accuracy 78.215 %, best 78.288 %
Finished training it 4256/9593 of epoch 0, 20.66 ms/it, NE 0.841673, loss 0.462001
Testing at - 4256/9593 of epoch 0,  NE 0.807736, loss 0.464031, accuracy 78.253 %, best 78.288 %
Finished training it 4288/9593 of epoch 0, 20.47 ms/it, NE 0.841398, loss 0.457784
Testing at - 4288/9593 of epoch 0,  NE 0.808686, loss 0.464577, accuracy 78.245 %, best 78.288 %
Finished training it 4320/9593 of epoch 0, 19.20 ms/it, NE 0.841167, loss 0.462209
Testing at - 4320/9593 of epoch 0,  NE 0.807388, loss 0.463831, accuracy 78.286 %, best 78.288 %
Finished training it 4352/9593 of epoch 0, 19.58 ms/it, NE 0.840919, loss 0.458783
Testing at - 4352/9593 of epoch 0,  NE 0.819762, loss 0.470940, accuracy 77.839 %, best 78.288 %
Finished training it 4384/9593 of epoch 0, 21.11 ms/it, NE 0.840672, loss 0.459215
Testing at - 4384/9593 of epoch 0,  NE 0.828555, loss 0.475992, accuracy 77.579 %, best 78.288 %
Finished training it 4416/9593 of epoch 0, 20.94 ms/it, NE 0.840449, loss 0.459283
Testing at - 4416/9593 of epoch 0,  NE 0.807178, loss 0.463711, accuracy 78.250 %, best 78.288 %
Finished training it 4448/9593 of epoch 0, 22.68 ms/it, NE 0.840181, loss 0.455418
Testing at - 4448/9593 of epoch 0,  NE 0.810632, loss 0.465695, accuracy 78.176 %, best 78.288 %
Finished training it 4480/9593 of epoch 0, 19.15 ms/it, NE 0.839937, loss 0.457019
Testing at - 4480/9593 of epoch 0,  NE 0.805225, loss 0.462589, accuracy 78.323 %, best 78.323 %
Finished training it 4512/9593 of epoch 0, 18.48 ms/it, NE 0.839705, loss 0.457802
Testing at - 4512/9593 of epoch 0,  NE 0.806529, loss 0.463338, accuracy 78.278 %, best 78.323 %
Finished training it 4544/9593 of epoch 0, 19.19 ms/it, NE 0.839480, loss 0.462011
Testing at - 4544/9593 of epoch 0,  NE 0.805211, loss 0.462581, accuracy 78.324 %, best 78.324 %
Finished training it 4576/9593 of epoch 0, 18.84 ms/it, NE 0.839245, loss 0.457538
Testing at - 4576/9593 of epoch 0,  NE 0.805676, loss 0.462848, accuracy 78.289 %, best 78.324 %
Finished training it 4608/9593 of epoch 0, 19.07 ms/it, NE 0.839031, loss 0.458651
Testing at - 4608/9593 of epoch 0,  NE 0.806869, loss 0.463534, accuracy 78.262 %, best 78.324 %
Finished training it 4640/9593 of epoch 0, 21.20 ms/it, NE 0.838769, loss 0.455205
Testing at - 4640/9593 of epoch 0,  NE 0.808213, loss 0.464306, accuracy 78.289 %, best 78.324 %
Finished training it 4672/9593 of epoch 0, 19.37 ms/it, NE 0.838527, loss 0.456691
Testing at - 4672/9593 of epoch 0,  NE 0.806384, loss 0.463255, accuracy 78.293 %, best 78.324 %
Finished training it 4704/9593 of epoch 0, 19.08 ms/it, NE 0.838310, loss 0.457188
Testing at - 4704/9593 of epoch 0,  NE 0.808271, loss 0.464339, accuracy 78.218 %, best 78.324 %
Finished training it 4736/9593 of epoch 0, 19.92 ms/it, NE 0.838097, loss 0.457508
Testing at - 4736/9593 of epoch 0,  NE 0.806576, loss 0.463365, accuracy 78.238 %, best 78.324 %
Finished training it 4768/9593 of epoch 0, 19.69 ms/it, NE 0.837859, loss 0.455092
Testing at - 4768/9593 of epoch 0,  NE 0.804920, loss 0.462414, accuracy 78.318 %, best 78.324 %
Finished training it 4800/9593 of epoch 0, 20.13 ms/it, NE 0.837627, loss 0.456799
Testing at - 4800/9593 of epoch 0,  NE 0.805756, loss 0.462894, accuracy 78.344 %, best 78.344 %
Finished training it 4832/9593 of epoch 0, 23.66 ms/it, NE 0.837407, loss 0.456992
Testing at - 4832/9593 of epoch 0,  NE 0.811104, loss 0.465967, accuracy 78.179 %, best 78.344 %
Finished training it 4864/9593 of epoch 0, 24.09 ms/it, NE 0.837203, loss 0.457701
Testing at - 4864/9593 of epoch 0,  NE 0.811554, loss 0.466225, accuracy 78.177 %, best 78.344 %
Finished training it 4896/9593 of epoch 0, 23.64 ms/it, NE 0.836974, loss 0.455818
Testing at - 4896/9593 of epoch 0,  NE 0.804024, loss 0.461899, accuracy 78.357 %, best 78.357 %
Finished training it 4928/9593 of epoch 0, 19.09 ms/it, NE 0.836760, loss 0.455027
Testing at - 4928/9593 of epoch 0,  NE 0.803500, loss 0.461598, accuracy 78.383 %, best 78.383 %
Finished training it 4960/9593 of epoch 0, 18.83 ms/it, NE 0.836550, loss 0.458444
Testing at - 4960/9593 of epoch 0,  NE 0.806800, loss 0.463494, accuracy 78.294 %, best 78.383 %
Finished training it 4992/9593 of epoch 0, 22.22 ms/it, NE 0.836339, loss 0.456661
Testing at - 4992/9593 of epoch 0,  NE 0.813210, loss 0.467176, accuracy 78.139 %, best 78.383 %
Finished training it 5024/9593 of epoch 0, 21.51 ms/it, NE 0.836149, loss 0.458008
Testing at - 5024/9593 of epoch 0,  NE 0.818683, loss 0.470321, accuracy 78.075 %, best 78.383 %
Finished training it 5056/9593 of epoch 0, 18.77 ms/it, NE 0.835959, loss 0.458094
Testing at - 5056/9593 of epoch 0,  NE 0.809336, loss 0.464950, accuracy 78.201 %, best 78.383 %
Finished training it 5088/9593 of epoch 0, 21.60 ms/it, NE 0.835778, loss 0.458590
Testing at - 5088/9593 of epoch 0,  NE 0.814107, loss 0.467691, accuracy 77.979 %, best 78.383 %
Finished training it 5120/9593 of epoch 0, 18.29 ms/it, NE 0.835578, loss 0.457905
Testing at - 5120/9593 of epoch 0,  NE 0.803302, loss 0.461484, accuracy 78.383 %, best 78.383 %
Finished training it 5152/9593 of epoch 0, 19.29 ms/it, NE 0.835393, loss 0.456652
Testing at - 5152/9593 of epoch 0,  NE 0.807127, loss 0.463681, accuracy 78.297 %, best 78.383 %
Finished training it 5184/9593 of epoch 0, 19.83 ms/it, NE 0.835208, loss 0.457797
Testing at - 5184/9593 of epoch 0,  NE 0.807616, loss 0.463962, accuracy 78.172 %, best 78.383 %
Finished training it 5216/9593 of epoch 0, 19.79 ms/it, NE 0.835009, loss 0.457503
Testing at - 5216/9593 of epoch 0,  NE 0.802690, loss 0.461133, accuracy 78.414 %, best 78.414 %
Finished training it 5248/9593 of epoch 0, 19.28 ms/it, NE 0.834843, loss 0.459308
Testing at - 5248/9593 of epoch 0,  NE 0.808122, loss 0.464253, accuracy 78.211 %, best 78.414 %
Finished training it 5280/9593 of epoch 0, 26.25 ms/it, NE 0.834662, loss 0.456870
Testing at - 5280/9593 of epoch 0,  NE 0.805790, loss 0.462914, accuracy 78.350 %, best 78.414 %
Finished training it 5312/9593 of epoch 0, 24.47 ms/it, NE 0.834476, loss 0.457275
Testing at - 5312/9593 of epoch 0,  NE 0.803082, loss 0.461358, accuracy 78.379 %, best 78.414 %
Finished training it 5344/9593 of epoch 0, 33.88 ms/it, NE 0.834270, loss 0.453383
Testing at - 5344/9593 of epoch 0,  NE 0.807940, loss 0.464149, accuracy 78.227 %, best 78.414 %
Finished training it 5376/9593 of epoch 0, 22.41 ms/it, NE 0.834084, loss 0.455163
Testing at - 5376/9593 of epoch 0,  NE 0.804766, loss 0.462325, accuracy 78.356 %, best 78.414 %
Finished training it 5408/9593 of epoch 0, 19.25 ms/it, NE 0.833922, loss 0.459346
Testing at - 5408/9593 of epoch 0,  NE 0.806804, loss 0.463496, accuracy 78.319 %, best 78.414 %
Finished training it 5440/9593 of epoch 0, 21.12 ms/it, NE 0.833746, loss 0.457255
Testing at - 5440/9593 of epoch 0,  NE 0.803657, loss 0.461688, accuracy 78.381 %, best 78.414 %
Finished training it 5472/9593 of epoch 0, 18.52 ms/it, NE 0.833552, loss 0.455136
Testing at - 5472/9593 of epoch 0,  NE 0.803218, loss 0.461436, accuracy 78.384 %, best 78.414 %
Finished training it 5504/9593 of epoch 0, 17.96 ms/it, NE 0.833381, loss 0.456483
Testing at - 5504/9593 of epoch 0,  NE 0.803230, loss 0.461443, accuracy 78.380 %, best 78.414 %
Finished training it 5536/9593 of epoch 0, 19.65 ms/it, NE 0.833182, loss 0.453538
Testing at - 5536/9593 of epoch 0,  NE 0.805004, loss 0.462462, accuracy 78.322 %, best 78.414 %
Finished training it 5568/9593 of epoch 0, 21.73 ms/it, NE 0.832999, loss 0.454790
Testing at - 5568/9593 of epoch 0,  NE 0.812577, loss 0.466813, accuracy 78.056 %, best 78.414 %
Finished training it 5600/9593 of epoch 0, 20.26 ms/it, NE 0.832826, loss 0.456069
Testing at - 5600/9593 of epoch 0,  NE 0.807810, loss 0.464074, accuracy 78.304 %, best 78.414 %
Finished training it 5632/9593 of epoch 0, 19.04 ms/it, NE 0.832651, loss 0.455801
Testing at - 5632/9593 of epoch 0,  NE 0.803378, loss 0.461528, accuracy 78.388 %, best 78.414 %
Finished training it 5664/9593 of epoch 0, 19.43 ms/it, NE 0.832488, loss 0.456775
Testing at - 5664/9593 of epoch 0,  NE 0.803582, loss 0.461645, accuracy 78.387 %, best 78.414 %
Finished training it 5696/9593 of epoch 0, 22.49 ms/it, NE 0.832333, loss 0.457889
Testing at - 5696/9593 of epoch 0,  NE 0.807818, loss 0.464079, accuracy 78.300 %, best 78.414 %
Finished training it 5728/9593 of epoch 0, 20.99 ms/it, NE 0.832183, loss 0.457203
Testing at - 5728/9593 of epoch 0,  NE 0.806149, loss 0.463120, accuracy 78.334 %, best 78.414 %
Finished training it 5760/9593 of epoch 0, 21.77 ms/it, NE 0.832010, loss 0.455364
Testing at - 5760/9593 of epoch 0,  NE 0.803427, loss 0.461556, accuracy 78.352 %, best 78.414 %
Finished training it 5792/9593 of epoch 0, 19.33 ms/it, NE 0.831855, loss 0.457769
Testing at - 5792/9593 of epoch 0,  NE 0.818074, loss 0.469971, accuracy 77.950 %, best 78.414 %
Finished training it 5824/9593 of epoch 0, 22.21 ms/it, NE 0.831707, loss 0.457065
Testing at - 5824/9593 of epoch 0,  NE 0.803042, loss 0.461335, accuracy 78.391 %, best 78.414 %
Finished training it 5856/9593 of epoch 0, 19.39 ms/it, NE 0.831542, loss 0.456978
Testing at - 5856/9593 of epoch 0,  NE 0.801747, loss 0.460591, accuracy 78.444 %, best 78.444 %
Finished training it 5888/9593 of epoch 0, 21.07 ms/it, NE 0.831370, loss 0.453482
Testing at - 5888/9593 of epoch 0,  NE 0.800975, loss 0.460147, accuracy 78.443 %, best 78.444 %
Finished training it 5920/9593 of epoch 0, 26.43 ms/it, NE 0.831221, loss 0.458215
Testing at - 5920/9593 of epoch 0,  NE 0.802987, loss 0.461303, accuracy 78.382 %, best 78.444 %
Finished training it 5952/9593 of epoch 0, 22.53 ms/it, NE 0.831103, loss 0.457888
Testing at - 5952/9593 of epoch 0,  NE 0.803956, loss 0.461860, accuracy 78.295 %, best 78.444 %
Finished training it 5984/9593 of epoch 0, 19.97 ms/it, NE 0.830952, loss 0.455226
Testing at - 5984/9593 of epoch 0,  NE 0.801012, loss 0.460169, accuracy 78.455 %, best 78.455 %
Finished training it 6016/9593 of epoch 0, 19.49 ms/it, NE 0.830790, loss 0.453349
Testing at - 6016/9593 of epoch 0,  NE 0.810941, loss 0.465873, accuracy 78.324 %, best 78.455 %
Finished training it 6048/9593 of epoch 0, 22.18 ms/it, NE 0.830641, loss 0.456799
Testing at - 6048/9593 of epoch 0,  NE 0.800853, loss 0.460077, accuracy 78.459 %, best 78.459 %
Finished training it 6080/9593 of epoch 0, 20.80 ms/it, NE 0.830477, loss 0.455136
Testing at - 6080/9593 of epoch 0,  NE 0.801356, loss 0.460366, accuracy 78.429 %, best 78.459 %
Finished training it 6112/9593 of epoch 0, 19.50 ms/it, NE 0.830332, loss 0.458160
Testing at - 6112/9593 of epoch 0,  NE 0.800294, loss 0.459756, accuracy 78.461 %, best 78.461 %
Finished training it 6144/9593 of epoch 0, 27.31 ms/it, NE 0.830178, loss 0.455788
Testing at - 6144/9593 of epoch 0,  NE 0.801031, loss 0.460180, accuracy 78.461 %, best 78.461 %
Finished training it 6176/9593 of epoch 0, 19.26 ms/it, NE 0.830020, loss 0.456031
Testing at - 6176/9593 of epoch 0,  NE 0.803730, loss 0.461730, accuracy 78.300 %, best 78.461 %
Finished training it 6208/9593 of epoch 0, 24.57 ms/it, NE 0.829869, loss 0.455804
Testing at - 6208/9593 of epoch 0,  NE 0.800454, loss 0.459848, accuracy 78.457 %, best 78.461 %
Finished training it 6240/9593 of epoch 0, 21.98 ms/it, NE 0.829745, loss 0.458964
Testing at - 6240/9593 of epoch 0,  NE 0.802381, loss 0.460955, accuracy 78.407 %, best 78.461 %
Finished training it 6272/9593 of epoch 0, 19.64 ms/it, NE 0.829593, loss 0.454439
Testing at - 6272/9593 of epoch 0,  NE 0.802862, loss 0.461232, accuracy 78.439 %, best 78.461 %
Finished training it 6304/9593 of epoch 0, 34.49 ms/it, NE 0.829466, loss 0.457001
Testing at - 6304/9593 of epoch 0,  NE 0.801197, loss 0.460275, accuracy 78.441 %, best 78.461 %
Finished training it 6336/9593 of epoch 0, 21.06 ms/it, NE 0.829326, loss 0.454293
Testing at - 6336/9593 of epoch 0,  NE 0.802150, loss 0.460822, accuracy 78.403 %, best 78.461 %
Finished training it 6368/9593 of epoch 0, 19.39 ms/it, NE 0.829178, loss 0.453774
Testing at - 6368/9593 of epoch 0,  NE 0.811455, loss 0.466168, accuracy 77.998 %, best 78.461 %
Finished training it 6400/9593 of epoch 0, 19.39 ms/it, NE 0.829021, loss 0.453056
Testing at - 6400/9593 of epoch 0,  NE 0.800126, loss 0.459659, accuracy 78.467 %, best 78.467 %
Finished training it 6432/9593 of epoch 0, 19.47 ms/it, NE 0.828895, loss 0.455754
Testing at - 6432/9593 of epoch 0,  NE 0.800275, loss 0.459745, accuracy 78.470 %, best 78.470 %
Finished training it 6464/9593 of epoch 0, 28.09 ms/it, NE 0.828759, loss 0.452850
Testing at - 6464/9593 of epoch 0,  NE 0.805431, loss 0.462707, accuracy 78.310 %, best 78.470 %
Finished training it 6496/9593 of epoch 0, 22.37 ms/it, NE 0.828619, loss 0.454724
Testing at - 6496/9593 of epoch 0,  NE 0.799743, loss 0.459439, accuracy 78.492 %, best 78.492 %
Finished training it 6528/9593 of epoch 0, 21.49 ms/it, NE 0.828482, loss 0.456415
Testing at - 6528/9593 of epoch 0,  NE 0.800876, loss 0.460090, accuracy 78.446 %, best 78.492 %
Finished training it 6560/9593 of epoch 0, 18.96 ms/it, NE 0.828326, loss 0.452713
Testing at - 6560/9593 of epoch 0,  NE 0.804945, loss 0.462428, accuracy 78.384 %, best 78.492 %
Finished training it 6592/9593 of epoch 0, 21.20 ms/it, NE 0.828171, loss 0.453785
Testing at - 6592/9593 of epoch 0,  NE 0.799504, loss 0.459302, accuracy 78.496 %, best 78.496 %
Finished training it 6624/9593 of epoch 0, 21.58 ms/it, NE 0.828036, loss 0.454387
Testing at - 6624/9593 of epoch 0,  NE 0.800921, loss 0.460117, accuracy 78.462 %, best 78.496 %
Finished training it 6656/9593 of epoch 0, 20.36 ms/it, NE 0.827889, loss 0.451739
Testing at - 6656/9593 of epoch 0,  NE 0.799820, loss 0.459484, accuracy 78.502 %, best 78.502 %
Finished training it 6688/9593 of epoch 0, 21.50 ms/it, NE 0.827737, loss 0.453502
Testing at - 6688/9593 of epoch 0,  NE 0.801772, loss 0.460605, accuracy 78.437 %, best 78.502 %
Finished training it 6720/9593 of epoch 0, 23.81 ms/it, NE 0.827599, loss 0.453204
Testing at - 6720/9593 of epoch 0,  NE 0.800786, loss 0.460039, accuracy 78.444 %, best 78.502 %
Finished training it 6752/9593 of epoch 0, 20.94 ms/it, NE 0.827449, loss 0.453494
Testing at - 6752/9593 of epoch 0,  NE 0.800093, loss 0.459640, accuracy 78.468 %, best 78.502 %
Finished training it 6784/9593 of epoch 0, 19.60 ms/it, NE 0.827316, loss 0.454087
Testing at - 6784/9593 of epoch 0,  NE 0.800684, loss 0.459980, accuracy 78.461 %, best 78.502 %
Finished training it 6816/9593 of epoch 0, 20.12 ms/it, NE 0.827197, loss 0.455174
Testing at - 6816/9593 of epoch 0,  NE 0.801038, loss 0.460184, accuracy 78.413 %, best 78.502 %
Finished training it 6848/9593 of epoch 0, 18.51 ms/it, NE 0.827055, loss 0.453172
Testing at - 6848/9593 of epoch 0,  NE 0.800184, loss 0.459693, accuracy 78.461 %, best 78.502 %
Finished training it 6880/9593 of epoch 0, 22.29 ms/it, NE 0.826915, loss 0.452757
Testing at - 6880/9593 of epoch 0,  NE 0.800154, loss 0.459676, accuracy 78.501 %, best 78.502 %
Finished training it 6912/9593 of epoch 0, 21.79 ms/it, NE 0.826771, loss 0.451395
Testing at - 6912/9593 of epoch 0,  NE 0.800767, loss 0.460028, accuracy 78.444 %, best 78.502 %
Finished training it 6944/9593 of epoch 0, 20.80 ms/it, NE 0.826652, loss 0.455727
Testing at - 6944/9593 of epoch 0,  NE 0.799617, loss 0.459367, accuracy 78.505 %, best 78.505 %
Finished training it 6976/9593 of epoch 0, 24.31 ms/it, NE 0.826506, loss 0.453898
Testing at - 6976/9593 of epoch 0,  NE 0.799793, loss 0.459468, accuracy 78.444 %, best 78.505 %
Finished training it 7008/9593 of epoch 0, 24.99 ms/it, NE 0.826392, loss 0.455907
Testing at - 7008/9593 of epoch 0,  NE 0.799156, loss 0.459103, accuracy 78.492 %, best 78.505 %
Finished training it 7040/9593 of epoch 0, 19.03 ms/it, NE 0.826281, loss 0.457841
Testing at - 7040/9593 of epoch 0,  NE 0.802468, loss 0.461005, accuracy 78.381 %, best 78.505 %
Finished training it 7072/9593 of epoch 0, 18.09 ms/it, NE 0.826146, loss 0.452148
Testing at - 7072/9593 of epoch 0,  NE 0.798500, loss 0.458726, accuracy 78.525 %, best 78.525 %
Finished training it 7104/9593 of epoch 0, 21.13 ms/it, NE 0.826024, loss 0.455895
Testing at - 7104/9593 of epoch 0,  NE 0.798498, loss 0.458725, accuracy 78.513 %, best 78.525 %
Finished training it 7136/9593 of epoch 0, 18.47 ms/it, NE 0.825908, loss 0.453948
Testing at - 7136/9593 of epoch 0,  NE 0.798844, loss 0.458923, accuracy 78.490 %, best 78.525 %
Finished training it 7168/9593 of epoch 0, 18.30 ms/it, NE 0.825775, loss 0.453531
Testing at - 7168/9593 of epoch 0,  NE 0.798082, loss 0.458485, accuracy 78.528 %, best 78.528 %
Finished training it 7200/9593 of epoch 0, 19.80 ms/it, NE 0.825648, loss 0.452738
Testing at - 7200/9593 of epoch 0,  NE 0.799246, loss 0.459154, accuracy 78.536 %, best 78.536 %
Finished training it 7232/9593 of epoch 0, 24.17 ms/it, NE 0.825515, loss 0.451913
Testing at - 7232/9593 of epoch 0,  NE 0.798238, loss 0.458575, accuracy 78.528 %, best 78.536 %
Finished training it 7264/9593 of epoch 0, 28.34 ms/it, NE 0.825400, loss 0.455996
Testing at - 7264/9593 of epoch 0,  NE 0.797974, loss 0.458423, accuracy 78.540 %, best 78.540 %
Finished training it 7296/9593 of epoch 0, 20.41 ms/it, NE 0.825284, loss 0.454438
Testing at - 7296/9593 of epoch 0,  NE 0.797980, loss 0.458427, accuracy 78.554 %, best 78.554 %
Finished training it 7328/9593 of epoch 0, 19.22 ms/it, NE 0.825165, loss 0.453225
Testing at - 7328/9593 of epoch 0,  NE 0.808465, loss 0.464450, accuracy 78.288 %, best 78.554 %
Finished training it 7360/9593 of epoch 0, 21.38 ms/it, NE 0.825061, loss 0.455521
Testing at - 7360/9593 of epoch 0,  NE 0.799341, loss 0.459209, accuracy 78.490 %, best 78.554 %
Finished training it 7392/9593 of epoch 0, 20.91 ms/it, NE 0.824955, loss 0.457438
Testing at - 7392/9593 of epoch 0,  NE 0.801125, loss 0.460234, accuracy 78.403 %, best 78.554 %
Finished training it 7424/9593 of epoch 0, 17.62 ms/it, NE 0.824836, loss 0.451893
Testing at - 7424/9593 of epoch 0,  NE 0.801107, loss 0.460223, accuracy 78.439 %, best 78.554 %
Finished training it 7456/9593 of epoch 0, 20.22 ms/it, NE 0.824734, loss 0.454722
Testing at - 7456/9593 of epoch 0,  NE 0.799762, loss 0.459450, accuracy 78.515 %, best 78.554 %
Finished training it 7488/9593 of epoch 0, 19.22 ms/it, NE 0.824629, loss 0.458202
Testing at - 7488/9593 of epoch 0,  NE 0.803164, loss 0.461405, accuracy 78.418 %, best 78.554 %
Finished training it 7520/9593 of epoch 0, 18.59 ms/it, NE 0.824512, loss 0.453135
Testing at - 7520/9593 of epoch 0,  NE 0.808622, loss 0.464540, accuracy 78.193 %, best 78.554 %
Finished training it 7552/9593 of epoch 0, 22.14 ms/it, NE 0.824396, loss 0.451971
Testing at - 7552/9593 of epoch 0,  NE 0.797620, loss 0.458220, accuracy 78.540 %, best 78.554 %
Finished training it 7584/9593 of epoch 0, 24.23 ms/it, NE 0.824279, loss 0.453607
Testing at - 7584/9593 of epoch 0,  NE 0.798985, loss 0.459004, accuracy 78.497 %, best 78.554 %
Finished training it 7616/9593 of epoch 0, 21.89 ms/it, NE 0.824164, loss 0.452350
Testing at - 7616/9593 of epoch 0,  NE 0.797904, loss 0.458383, accuracy 78.528 %, best 78.554 %
Finished training it 7648/9593 of epoch 0, 18.81 ms/it, NE 0.824058, loss 0.453893
Testing at - 7648/9593 of epoch 0,  NE 0.801567, loss 0.460487, accuracy 78.391 %, best 78.554 %
Finished training it 7680/9593 of epoch 0, 19.44 ms/it, NE 0.823947, loss 0.454461
Testing at - 7680/9593 of epoch 0,  NE 0.798487, loss 0.458718, accuracy 78.536 %, best 78.554 %
Finished training it 7712/9593 of epoch 0, 20.77 ms/it, NE 0.823824, loss 0.451012
Testing at - 7712/9593 of epoch 0,  NE 0.797812, loss 0.458330, accuracy 78.529 %, best 78.554 %
Finished training it 7744/9593 of epoch 0, 21.09 ms/it, NE 0.823709, loss 0.451673
Testing at - 7744/9593 of epoch 0,  NE 0.797481, loss 0.458140, accuracy 78.552 %, best 78.554 %
Finished training it 7776/9593 of epoch 0, 20.57 ms/it, NE 0.823609, loss 0.453795
Testing at - 7776/9593 of epoch 0,  NE 0.806973, loss 0.463593, accuracy 78.404 %, best 78.554 %
Finished training it 7808/9593 of epoch 0, 24.21 ms/it, NE 0.823517, loss 0.455365
Testing at - 7808/9593 of epoch 0,  NE 0.798153, loss 0.458526, accuracy 78.530 %, best 78.554 %
Finished training it 7840/9593 of epoch 0, 23.18 ms/it, NE 0.823401, loss 0.452868
Testing at - 7840/9593 of epoch 0,  NE 0.797352, loss 0.458066, accuracy 78.545 %, best 78.554 %
Finished training it 7872/9593 of epoch 0, 18.72 ms/it, NE 0.823304, loss 0.453898
Testing at - 7872/9593 of epoch 0,  NE 0.797511, loss 0.458158, accuracy 78.550 %, best 78.554 %
Finished training it 7904/9593 of epoch 0, 19.08 ms/it, NE 0.823183, loss 0.452699
Testing at - 7904/9593 of epoch 0,  NE 0.804601, loss 0.462231, accuracy 78.376 %, best 78.554 %
Finished training it 7936/9593 of epoch 0, 18.76 ms/it, NE 0.823065, loss 0.451521
Testing at - 7936/9593 of epoch 0,  NE 0.797507, loss 0.458155, accuracy 78.530 %, best 78.554 %
Finished training it 7968/9593 of epoch 0, 23.03 ms/it, NE 0.822964, loss 0.453927
Testing at - 7968/9593 of epoch 0,  NE 0.809167, loss 0.464853, accuracy 78.285 %, best 78.554 %
Finished training it 8000/9593 of epoch 0, 21.70 ms/it, NE 0.822878, loss 0.455800
Testing at - 8000/9593 of epoch 0,  NE 0.800781, loss 0.460036, accuracy 78.529 %, best 78.554 %
Finished training it 8032/9593 of epoch 0, 21.51 ms/it, NE 0.822771, loss 0.452585
Testing at - 8032/9593 of epoch 0,  NE 0.797111, loss 0.457928, accuracy 78.556 %, best 78.556 %
Finished training it 8064/9593 of epoch 0, 22.88 ms/it, NE 0.822669, loss 0.453110
Testing at - 8064/9593 of epoch 0,  NE 0.804688, loss 0.462281, accuracy 78.416 %, best 78.556 %
Finished training it 8096/9593 of epoch 0, 19.33 ms/it, NE 0.822561, loss 0.450324
Testing at - 8096/9593 of epoch 0,  NE 0.798259, loss 0.458587, accuracy 78.559 %, best 78.559 %
Finished training it 8128/9593 of epoch 0, 18.34 ms/it, NE 0.822463, loss 0.452519
Testing at - 8128/9593 of epoch 0,  NE 0.797469, loss 0.458133, accuracy 78.548 %, best 78.559 %
Finished training it 8160/9593 of epoch 0, 18.65 ms/it, NE 0.822358, loss 0.453859
Testing at - 8160/9593 of epoch 0,  NE 0.797151, loss 0.457950, accuracy 78.569 %, best 78.569 %
Finished training it 8192/9593 of epoch 0, 19.26 ms/it, NE 0.822269, loss 0.453520
Testing at - 8192/9593 of epoch 0,  NE 0.798254, loss 0.458584, accuracy 78.512 %, best 78.569 %
Finished training it 8224/9593 of epoch 0, 23.08 ms/it, NE 0.822169, loss 0.454317
Testing at - 8224/9593 of epoch 0,  NE 0.797176, loss 0.457965, accuracy 78.566 %, best 78.569 %
Finished training it 8256/9593 of epoch 0, 21.03 ms/it, NE 0.822079, loss 0.455590
Testing at - 8256/9593 of epoch 0,  NE 0.798243, loss 0.458578, accuracy 78.536 %, best 78.569 %
Finished training it 8288/9593 of epoch 0, 20.98 ms/it, NE 0.821972, loss 0.450844
Testing at - 8288/9593 of epoch 0,  NE 0.801112, loss 0.460226, accuracy 78.421 %, best 78.569 %
Finished training it 8320/9593 of epoch 0, 26.39 ms/it, NE 0.821870, loss 0.452362
Testing at - 8320/9593 of epoch 0,  NE 0.802693, loss 0.461135, accuracy 78.486 %, best 78.569 %
Finished training it 8352/9593 of epoch 0, 21.85 ms/it, NE 0.821775, loss 0.454493
Testing at - 8352/9593 of epoch 0,  NE 0.796565, loss 0.457614, accuracy 78.593 %, best 78.593 %
Finished training it 8384/9593 of epoch 0, 19.59 ms/it, NE 0.821688, loss 0.453965
Testing at - 8384/9593 of epoch 0,  NE 0.803440, loss 0.461564, accuracy 78.396 %, best 78.593 %
Finished training it 8416/9593 of epoch 0, 20.70 ms/it, NE 0.821593, loss 0.451668
Testing at - 8416/9593 of epoch 0,  NE 0.803740, loss 0.461736, accuracy 78.473 %, best 78.593 %
Finished training it 8448/9593 of epoch 0, 19.81 ms/it, NE 0.821489, loss 0.452538
Testing at - 8448/9593 of epoch 0,  NE 0.797412, loss 0.458101, accuracy 78.555 %, best 78.593 %
Finished training it 8480/9593 of epoch 0, 20.33 ms/it, NE 0.821380, loss 0.449228
Testing at - 8480/9593 of epoch 0,  NE 0.795911, loss 0.457238, accuracy 78.589 %, best 78.593 %
Finished training it 8512/9593 of epoch 0, 20.88 ms/it, NE 0.821292, loss 0.453566
Testing at - 8512/9593 of epoch 0,  NE 0.798879, loss 0.458943, accuracy 78.506 %, best 78.593 %
Finished training it 8544/9593 of epoch 0, 22.05 ms/it, NE 0.821200, loss 0.452582
Testing at - 8544/9593 of epoch 0,  NE 0.797386, loss 0.458086, accuracy 78.576 %, best 78.593 %
Finished training it 8576/9593 of epoch 0, 25.72 ms/it, NE 0.821106, loss 0.453013
Testing at - 8576/9593 of epoch 0,  NE 0.795926, loss 0.457247, accuracy 78.601 %, best 78.601 %
Finished training it 8608/9593 of epoch 0, 19.54 ms/it, NE 0.821021, loss 0.454425
Testing at - 8608/9593 of epoch 0,  NE 0.797713, loss 0.458274, accuracy 78.542 %, best 78.601 %
Finished training it 8640/9593 of epoch 0, 19.26 ms/it, NE 0.820923, loss 0.451876
Testing at - 8640/9593 of epoch 0,  NE 0.797349, loss 0.458064, accuracy 78.587 %, best 78.601 %
Finished training it 8672/9593 of epoch 0, 20.86 ms/it, NE 0.820815, loss 0.448705
Testing at - 8672/9593 of epoch 0,  NE 0.799762, loss 0.459451, accuracy 78.549 %, best 78.601 %
Finished training it 8704/9593 of epoch 0, 19.60 ms/it, NE 0.820730, loss 0.455521
Testing at - 8704/9593 of epoch 0,  NE 0.796726, loss 0.457706, accuracy 78.537 %, best 78.601 %
Finished training it 8736/9593 of epoch 0, 22.17 ms/it, NE 0.820657, loss 0.456648
Testing at - 8736/9593 of epoch 0,  NE 0.795637, loss 0.457081, accuracy 78.602 %, best 78.602 %
Finished training it 8768/9593 of epoch 0, 22.88 ms/it, NE 0.820569, loss 0.453469
Testing at - 8768/9593 of epoch 0,  NE 0.801680, loss 0.460552, accuracy 78.336 %, best 78.602 %
Finished training it 8800/9593 of epoch 0, 22.09 ms/it, NE 0.820492, loss 0.451639
Testing at - 8800/9593 of epoch 0,  NE 0.802796, loss 0.461193, accuracy 78.356 %, best 78.602 %
Finished training it 8832/9593 of epoch 0, 25.16 ms/it, NE 0.820399, loss 0.450233
Testing at - 8832/9593 of epoch 0,  NE 0.795364, loss 0.456924, accuracy 78.619 %, best 78.619 %
Finished training it 8864/9593 of epoch 0, 21.26 ms/it, NE 0.820320, loss 0.454183
Testing at - 8864/9593 of epoch 0,  NE 0.798240, loss 0.458576, accuracy 78.548 %, best 78.619 %
Finished training it 8896/9593 of epoch 0, 24.02 ms/it, NE 0.820235, loss 0.451379
Testing at - 8896/9593 of epoch 0,  NE 0.795531, loss 0.457020, accuracy 78.623 %, best 78.623 %
Finished training it 8928/9593 of epoch 0, 38.71 ms/it, NE 0.820148, loss 0.451634
Testing at - 8928/9593 of epoch 0,  NE 0.798236, loss 0.458574, accuracy 78.539 %, best 78.623 %
Finished training it 8960/9593 of epoch 0, 19.19 ms/it, NE 0.820071, loss 0.453826
Testing at - 8960/9593 of epoch 0,  NE 0.795404, loss 0.456947, accuracy 78.620 %, best 78.623 %
Finished training it 8992/9593 of epoch 0, 17.37 ms/it, NE 0.819975, loss 0.450009
Testing at - 8992/9593 of epoch 0,  NE 0.796554, loss 0.457608, accuracy 78.574 %, best 78.623 %
Finished training it 9024/9593 of epoch 0, 18.76 ms/it, NE 0.819879, loss 0.450695
Testing at - 9024/9593 of epoch 0,  NE 0.798462, loss 0.458704, accuracy 78.526 %, best 78.623 %
Finished training it 9056/9593 of epoch 0, 21.56 ms/it, NE 0.819788, loss 0.450020
Testing at - 9056/9593 of epoch 0,  NE 0.795708, loss 0.457122, accuracy 78.619 %, best 78.623 %
Finished training it 9088/9593 of epoch 0, 26.62 ms/it, NE 0.819718, loss 0.455639
Testing at - 9088/9593 of epoch 0,  NE 0.797557, loss 0.458184, accuracy 78.568 %, best 78.623 %
Finished training it 9120/9593 of epoch 0, 21.61 ms/it, NE 0.819631, loss 0.449591
Testing at - 9120/9593 of epoch 0,  NE 0.802393, loss 0.460962, accuracy 78.420 %, best 78.623 %
Finished training it 9152/9593 of epoch 0, 21.02 ms/it, NE 0.819543, loss 0.453715
Testing at - 9152/9593 of epoch 0,  NE 0.796914, loss 0.457814, accuracy 78.597 %, best 78.623 %
Finished training it 9184/9593 of epoch 0, 25.48 ms/it, NE 0.819458, loss 0.453379
Testing at - 9184/9593 of epoch 0,  NE 0.795746, loss 0.457143, accuracy 78.598 %, best 78.623 %
Finished training it 9216/9593 of epoch 0, 24.22 ms/it, NE 0.819368, loss 0.451029
Testing at - 9216/9593 of epoch 0,  NE 0.795442, loss 0.456969, accuracy 78.620 %, best 78.623 %
Finished training it 9248/9593 of epoch 0, 24.20 ms/it, NE 0.819293, loss 0.452500
Testing at - 9248/9593 of epoch 0,  NE 0.796956, loss 0.457839, accuracy 78.564 %, best 78.623 %
Finished training it 9280/9593 of epoch 0, 19.17 ms/it, NE 0.819202, loss 0.451863
Testing at - 9280/9593 of epoch 0,  NE 0.796735, loss 0.457711, accuracy 78.570 %, best 78.623 %
Finished training it 9312/9593 of epoch 0, 19.33 ms/it, NE 0.819131, loss 0.455160
Testing at - 9312/9593 of epoch 0,  NE 0.797542, loss 0.458175, accuracy 78.590 %, best 78.623 %
Finished training it 9344/9593 of epoch 0, 23.86 ms/it, NE 0.819049, loss 0.454792
Testing at - 9344/9593 of epoch 0,  NE 0.795388, loss 0.456938, accuracy 78.624 %, best 78.624 %
Finished training it 9376/9593 of epoch 0, 20.89 ms/it, NE 0.818962, loss 0.451390
Testing at - 9376/9593 of epoch 0,  NE 0.805252, loss 0.462605, accuracy 78.387 %, best 78.624 %
Finished training it 9408/9593 of epoch 0, 20.02 ms/it, NE 0.818890, loss 0.451834
Testing at - 9408/9593 of epoch 0,  NE 0.800833, loss 0.460066, accuracy 78.493 %, best 78.624 %
Finished training it 9440/9593 of epoch 0, 20.01 ms/it, NE 0.818806, loss 0.451138
Testing at - 9440/9593 of epoch 0,  NE 0.796202, loss 0.457405, accuracy 78.538 %, best 78.624 %
Finished training it 9472/9593 of epoch 0, 19.30 ms/it, NE 0.818723, loss 0.451513
Testing at - 9472/9593 of epoch 0,  NE 0.797989, loss 0.458432, accuracy 78.537 %, best 78.624 %
Finished training it 9504/9593 of epoch 0, 22.37 ms/it, NE 0.818652, loss 0.453024
Testing at - 9504/9593 of epoch 0,  NE 0.795829, loss 0.457191, accuracy 78.614 %, best 78.624 %
Finished training it 9536/9593 of epoch 0, 21.84 ms/it, NE 0.818569, loss 0.449601
Testing at - 9536/9593 of epoch 0,  NE 0.795783, loss 0.457165, accuracy 78.590 %, best 78.624 %
Finished training it 9568/9593 of epoch 0, 23.15 ms/it, NE 0.818481, loss 0.451056
Testing at - 9568/9593 of epoch 0,  NE 0.794707, loss 0.456547, accuracy 78.625 %, best 78.625 %
Finished training it 9593/9593 of epoch 0, 23.11 ms/it, NE 0.818422, loss 0.455018
Testing at - 9593/9593 of epoch 0,  NE 0.795174, loss 0.456815, accuracy 78.611 %, best 78.625 %
