NCCL version 2.9.6+cudaCUDA_MAJOR.CUDA_MINOR
Unable to import mlperf_logging,  No module named 'mlperf_logging'
world size: 1, current rank: 0, local rank: 0
Using 2 GPU(s)...
Reading pre-processed data=./input/kaggleAdDisplayChallenge_processed.npz
Sparse fea = 26, Dense fea = 13
Defined train indices...
Randomized indices across days ...
Split data according to indices...
Reading pre-processed data=./input/kaggleAdDisplayChallenge_processed.npz
Sparse fea = 26, Dense fea = 13
Defined test indices...
Randomized indices across days ...
Split data according to indices...
DLRM_Net(
  (bot_l): Sequential(
    (0): Linear(in_features=13, out_features=512, bias=True)
    (1): ReLU()
    (2): Linear(in_features=512, out_features=256, bias=True)
    (3): ReLU()
    (4): Linear(in_features=256, out_features=64, bias=True)
    (5): ReLU()
    (6): Linear(in_features=64, out_features=16, bias=True)
    (7): ReLU()
  )
  (top_l): Sequential(
    (0): Linear(in_features=367, out_features=512, bias=True)
    (1): ReLU()
    (2): Linear(in_features=512, out_features=256, bias=True)
    (3): ReLU()
    (4): Linear(in_features=256, out_features=1, bias=True)
    (5): Sigmoid()
  )
  (loss_fn): BCELoss()
)
Random uniform embeddings init: 0 size: 1461 dim: 16
Random uniform embeddings init: 1 size: 584 dim: 16
Random uniform embeddings init: 2 size: 10131227 dim: 16
Random uniform embeddings init: 3 size: 2202608 dim: 16
Random uniform embeddings init: 4 size: 306 dim: 16
Random uniform embeddings init: 5 size: 24 dim: 16
Random uniform embeddings init: 6 size: 12518 dim: 16
Random uniform embeddings init: 7 size: 634 dim: 16
Random uniform embeddings init: 8 size: 4 dim: 16
Random uniform embeddings init: 9 size: 93146 dim: 16
Random uniform embeddings init: 10 size: 5684 dim: 16
Random uniform embeddings init: 11 size: 8351593 dim: 16
Random uniform embeddings init: 12 size: 3195 dim: 16
Random uniform embeddings init: 13 size: 28 dim: 16
Random uniform embeddings init: 14 size: 14993 dim: 16
Random uniform embeddings init: 15 size: 5461306 dim: 16
Random uniform embeddings init: 16 size: 11 dim: 16
Random uniform embeddings init: 17 size: 5653 dim: 16
Random uniform embeddings init: 18 size: 2173 dim: 16
Random uniform embeddings init: 19 size: 4 dim: 16
Random uniform embeddings init: 20 size: 7046547 dim: 16
Random uniform embeddings init: 21 size: 18 dim: 16
Random uniform embeddings init: 22 size: 16 dim: 16
Random uniform embeddings init: 23 size: 286181 dim: 16
Random uniform embeddings init: 24 size: 105 dim: 16
Random uniform embeddings init: 25 size: 142572 dim: 16
time/loss/accuracy (if enabled):
Finished training it 32/9593 of epoch 0, 170.92 ms/it, NE 0.978768, loss 0.556631
Testing at - 32/9593 of epoch 0,  NE 0.928304, loss 0.533296, accuracy 74.353 %, best 74.353 %
Finished training it 64/9593 of epoch 0, 17.39 ms/it, NE 0.956716, loss 0.531743
Testing at - 64/9593 of epoch 0,  NE 0.985385, loss 0.566088, accuracy 73.485 %, best 74.353 %
Finished training it 96/9593 of epoch 0, 18.26 ms/it, NE 0.946068, loss 0.525666
Testing at - 96/9593 of epoch 0,  NE 0.913440, loss 0.524757, accuracy 75.324 %, best 75.324 %
Finished training it 128/9593 of epoch 0, 21.95 ms/it, NE 0.936996, loss 0.514002
Testing at - 128/9593 of epoch 0,  NE 0.914527, loss 0.525381, accuracy 75.056 %, best 75.324 %
Finished training it 160/9593 of epoch 0, 16.93 ms/it, NE 0.930451, loss 0.514267
Testing at - 160/9593 of epoch 0,  NE 0.907576, loss 0.521388, accuracy 75.522 %, best 75.522 %
Finished training it 192/9593 of epoch 0, 16.65 ms/it, NE 0.925975, loss 0.513309
Testing at - 192/9593 of epoch 0,  NE 0.894141, loss 0.513670, accuracy 75.679 %, best 75.679 %
Finished training it 224/9593 of epoch 0, 19.52 ms/it, NE 0.922110, loss 0.509518
Testing at - 224/9593 of epoch 0,  NE 0.890764, loss 0.511730, accuracy 75.762 %, best 75.762 %
Finished training it 256/9593 of epoch 0, 27.50 ms/it, NE 0.918988, loss 0.510610
Testing at - 256/9593 of epoch 0,  NE 0.912043, loss 0.523954, accuracy 75.244 %, best 75.762 %
Finished training it 288/9593 of epoch 0, 16.01 ms/it, NE 0.916354, loss 0.507681
Testing at - 288/9593 of epoch 0,  NE 0.891472, loss 0.512137, accuracy 75.661 %, best 75.762 %
Finished training it 320/9593 of epoch 0, 23.43 ms/it, NE 0.914025, loss 0.508117
Testing at - 320/9593 of epoch 0,  NE 0.885309, loss 0.508596, accuracy 75.860 %, best 75.860 %
Finished training it 352/9593 of epoch 0, 17.38 ms/it, NE 0.911905, loss 0.506425
Testing at - 352/9593 of epoch 0,  NE 0.886222, loss 0.509120, accuracy 75.849 %, best 75.860 %
Finished training it 384/9593 of epoch 0, 21.27 ms/it, NE 0.909819, loss 0.500776
Testing at - 384/9593 of epoch 0,  NE 0.883096, loss 0.507325, accuracy 75.926 %, best 75.926 %
Finished training it 416/9593 of epoch 0, 17.03 ms/it, NE 0.908423, loss 0.508309
Testing at - 416/9593 of epoch 0,  NE 0.880874, loss 0.506048, accuracy 76.068 %, best 76.068 %
Finished training it 448/9593 of epoch 0, 19.88 ms/it, NE 0.906889, loss 0.504565
Testing at - 448/9593 of epoch 0,  NE 0.893680, loss 0.513405, accuracy 75.772 %, best 76.068 %
Finished training it 480/9593 of epoch 0, 15.90 ms/it, NE 0.905307, loss 0.501624
Testing at - 480/9593 of epoch 0,  NE 0.878382, loss 0.504617, accuracy 76.119 %, best 76.119 %
Finished training it 512/9593 of epoch 0, 18.05 ms/it, NE 0.903773, loss 0.502004
Testing at - 512/9593 of epoch 0,  NE 0.876061, loss 0.503283, accuracy 76.216 %, best 76.216 %
Finished training it 544/9593 of epoch 0, 17.31 ms/it, NE 0.902324, loss 0.500521
Testing at - 544/9593 of epoch 0,  NE 0.874370, loss 0.502312, accuracy 76.251 %, best 76.251 %
Finished training it 576/9593 of epoch 0, 16.72 ms/it, NE 0.901020, loss 0.500130
Testing at - 576/9593 of epoch 0,  NE 0.875166, loss 0.502769, accuracy 76.170 %, best 76.251 %
Finished training it 608/9593 of epoch 0, 20.83 ms/it, NE 0.899772, loss 0.499876
Testing at - 608/9593 of epoch 0,  NE 0.874676, loss 0.502487, accuracy 76.317 %, best 76.317 %
Finished training it 640/9593 of epoch 0, 15.60 ms/it, NE 0.898740, loss 0.499078
Testing at - 640/9593 of epoch 0,  NE 0.871483, loss 0.500653, accuracy 76.307 %, best 76.317 %
Finished training it 672/9593 of epoch 0, 21.22 ms/it, NE 0.897763, loss 0.499020
Testing at - 672/9593 of epoch 0,  NE 0.870039, loss 0.499824, accuracy 76.424 %, best 76.424 %
Finished training it 704/9593 of epoch 0, 21.44 ms/it, NE 0.896974, loss 0.499784
Testing at - 704/9593 of epoch 0,  NE 0.894491, loss 0.513871, accuracy 76.132 %, best 76.424 %
Finished training it 736/9593 of epoch 0, 23.37 ms/it, NE 0.895928, loss 0.498443
Testing at - 736/9593 of epoch 0,  NE 0.876905, loss 0.503768, accuracy 76.236 %, best 76.424 %
Finished training it 768/9593 of epoch 0, 16.88 ms/it, NE 0.895052, loss 0.495709
Testing at - 768/9593 of epoch 0,  NE 0.865563, loss 0.497252, accuracy 76.553 %, best 76.553 %
Finished training it 800/9593 of epoch 0, 17.97 ms/it, NE 0.894094, loss 0.494741
Testing at - 800/9593 of epoch 0,  NE 0.877977, loss 0.504384, accuracy 76.211 %, best 76.553 %
Finished training it 832/9593 of epoch 0, 17.09 ms/it, NE 0.893025, loss 0.491985
Testing at - 832/9593 of epoch 0,  NE 0.877055, loss 0.503854, accuracy 76.395 %, best 76.553 %
Finished training it 864/9593 of epoch 0, 15.90 ms/it, NE 0.891990, loss 0.490747
Testing at - 864/9593 of epoch 0,  NE 0.867459, loss 0.498341, accuracy 76.466 %, best 76.553 %
Finished training it 896/9593 of epoch 0, 18.64 ms/it, NE 0.891253, loss 0.493719
Testing at - 896/9593 of epoch 0,  NE 0.861779, loss 0.495078, accuracy 76.647 %, best 76.647 %
Finished training it 928/9593 of epoch 0, 18.32 ms/it, NE 0.890532, loss 0.493738
Testing at - 928/9593 of epoch 0,  NE 0.862982, loss 0.495770, accuracy 76.719 %, best 76.719 %
Finished training it 960/9593 of epoch 0, 21.18 ms/it, NE 0.889773, loss 0.492987
Testing at - 960/9593 of epoch 0,  NE 0.858951, loss 0.493454, accuracy 76.745 %, best 76.745 %
Finished training it 992/9593 of epoch 0, 16.97 ms/it, NE 0.889022, loss 0.493222
Testing at - 992/9593 of epoch 0,  NE 0.865424, loss 0.497173, accuracy 76.445 %, best 76.745 %
Finished training it 1024/9593 of epoch 0, 19.94 ms/it, NE 0.888194, loss 0.491815
Testing at - 1024/9593 of epoch 0,  NE 0.877444, loss 0.504078, accuracy 76.288 %, best 76.745 %
Finished training it 1056/9593 of epoch 0, 18.54 ms/it, NE 0.887401, loss 0.490558
Testing at - 1056/9593 of epoch 0,  NE 0.856369, loss 0.491970, accuracy 76.782 %, best 76.782 %
Finished training it 1088/9593 of epoch 0, 15.24 ms/it, NE 0.886656, loss 0.490262
Testing at - 1088/9593 of epoch 0,  NE 0.855460, loss 0.491448, accuracy 76.889 %, best 76.889 %
Finished training it 1120/9593 of epoch 0, 18.05 ms/it, NE 0.885987, loss 0.491380
Testing at - 1120/9593 of epoch 0,  NE 0.858720, loss 0.493321, accuracy 76.924 %, best 76.924 %
Finished training it 1152/9593 of epoch 0, 19.51 ms/it, NE 0.885324, loss 0.490152
Testing at - 1152/9593 of epoch 0,  NE 0.866423, loss 0.497746, accuracy 76.663 %, best 76.924 %
Finished training it 1184/9593 of epoch 0, 18.65 ms/it, NE 0.884590, loss 0.486356
Testing at - 1184/9593 of epoch 0,  NE 0.852400, loss 0.489690, accuracy 76.924 %, best 76.924 %
Finished training it 1216/9593 of epoch 0, 22.14 ms/it, NE 0.883995, loss 0.490422
Testing at - 1216/9593 of epoch 0,  NE 0.853684, loss 0.490428, accuracy 77.054 %, best 77.054 %
Finished training it 1248/9593 of epoch 0, 20.03 ms/it, NE 0.883269, loss 0.486418
Testing at - 1248/9593 of epoch 0,  NE 0.858942, loss 0.493449, accuracy 76.849 %, best 77.054 %
Finished training it 1280/9593 of epoch 0, 20.34 ms/it, NE 0.882559, loss 0.487000
Testing at - 1280/9593 of epoch 0,  NE 0.856569, loss 0.492085, accuracy 76.724 %, best 77.054 %
Finished training it 1312/9593 of epoch 0, 17.84 ms/it, NE 0.881863, loss 0.485309
Testing at - 1312/9593 of epoch 0,  NE 0.847800, loss 0.487048, accuracy 77.163 %, best 77.163 %
Finished training it 1344/9593 of epoch 0, 21.58 ms/it, NE 0.881164, loss 0.483240
Testing at - 1344/9593 of epoch 0,  NE 0.878225, loss 0.504526, accuracy 76.255 %, best 77.163 %
Finished training it 1376/9593 of epoch 0, 18.44 ms/it, NE 0.880542, loss 0.485364
Testing at - 1376/9593 of epoch 0,  NE 0.862095, loss 0.495260, accuracy 76.646 %, best 77.163 %
Finished training it 1408/9593 of epoch 0, 19.31 ms/it, NE 0.879909, loss 0.484861
Testing at - 1408/9593 of epoch 0,  NE 0.858973, loss 0.493467, accuracy 76.653 %, best 77.163 %
Finished training it 1440/9593 of epoch 0, 18.63 ms/it, NE 0.879128, loss 0.481135
Testing at - 1440/9593 of epoch 0,  NE 0.859344, loss 0.493679, accuracy 76.738 %, best 77.163 %
Finished training it 1472/9593 of epoch 0, 30.83 ms/it, NE 0.878593, loss 0.486409
Testing at - 1472/9593 of epoch 0,  NE 0.849201, loss 0.487853, accuracy 77.162 %, best 77.163 %
Finished training it 1504/9593 of epoch 0, 19.21 ms/it, NE 0.877890, loss 0.479986
Testing at - 1504/9593 of epoch 0,  NE 0.843672, loss 0.484676, accuracy 77.238 %, best 77.238 %
Finished training it 1536/9593 of epoch 0, 19.02 ms/it, NE 0.877186, loss 0.477891
Testing at - 1536/9593 of epoch 0,  NE 0.839724, loss 0.482408, accuracy 77.284 %, best 77.284 %
Finished training it 1568/9593 of epoch 0, 21.79 ms/it, NE 0.876553, loss 0.481529
Testing at - 1568/9593 of epoch 0,  NE 0.839957, loss 0.482542, accuracy 77.260 %, best 77.284 %
Finished training it 1600/9593 of epoch 0, 17.55 ms/it, NE 0.875909, loss 0.481256
Testing at - 1600/9593 of epoch 0,  NE 0.850939, loss 0.488851, accuracy 77.332 %, best 77.332 %
Finished training it 1632/9593 of epoch 0, 18.95 ms/it, NE 0.875274, loss 0.481734
Testing at - 1632/9593 of epoch 0,  NE 0.838429, loss 0.481664, accuracy 77.418 %, best 77.418 %
Finished training it 1664/9593 of epoch 0, 16.73 ms/it, NE 0.874577, loss 0.477576
Testing at - 1664/9593 of epoch 0,  NE 0.840677, loss 0.482956, accuracy 77.269 %, best 77.418 %
Finished training it 1696/9593 of epoch 0, 16.90 ms/it, NE 0.874031, loss 0.481308
Testing at - 1696/9593 of epoch 0,  NE 0.840370, loss 0.482779, accuracy 77.447 %, best 77.447 %
Finished training it 1728/9593 of epoch 0, 17.86 ms/it, NE 0.873383, loss 0.477923
Testing at - 1728/9593 of epoch 0,  NE 0.848751, loss 0.487594, accuracy 77.126 %, best 77.447 %
Finished training it 1760/9593 of epoch 0, 17.66 ms/it, NE 0.872825, loss 0.477447
Testing at - 1760/9593 of epoch 0,  NE 0.834050, loss 0.479148, accuracy 77.463 %, best 77.463 %
Finished training it 1792/9593 of epoch 0, 24.31 ms/it, NE 0.872141, loss 0.472620
Testing at - 1792/9593 of epoch 0,  NE 0.835695, loss 0.480093, accuracy 77.493 %, best 77.493 %
Finished training it 1824/9593 of epoch 0, 18.38 ms/it, NE 0.871449, loss 0.473297
Testing at - 1824/9593 of epoch 0,  NE 0.839544, loss 0.482305, accuracy 77.385 %, best 77.493 %
Finished training it 1856/9593 of epoch 0, 26.34 ms/it, NE 0.870851, loss 0.476067
Testing at - 1856/9593 of epoch 0,  NE 0.837062, loss 0.480879, accuracy 77.562 %, best 77.562 %
Finished training it 1888/9593 of epoch 0, 17.98 ms/it, NE 0.870264, loss 0.474451
Testing at - 1888/9593 of epoch 0,  NE 0.835938, loss 0.480233, accuracy 77.461 %, best 77.562 %
Finished training it 1920/9593 of epoch 0, 18.55 ms/it, NE 0.869719, loss 0.478296
Testing at - 1920/9593 of epoch 0,  NE 0.829888, loss 0.476757, accuracy 77.610 %, best 77.610 %
Finished training it 1952/9593 of epoch 0, 17.58 ms/it, NE 0.869097, loss 0.472234
Testing at - 1952/9593 of epoch 0,  NE 0.828014, loss 0.475681, accuracy 77.669 %, best 77.669 %
Finished training it 1984/9593 of epoch 0, 17.40 ms/it, NE 0.868455, loss 0.472252
Testing at - 1984/9593 of epoch 0,  NE 0.829315, loss 0.476428, accuracy 77.649 %, best 77.669 %
Finished training it 2016/9593 of epoch 0, 20.29 ms/it, NE 0.867951, loss 0.476820
Testing at - 2016/9593 of epoch 0,  NE 0.856131, loss 0.491834, accuracy 76.754 %, best 77.669 %
Finished training it 2048/9593 of epoch 0, 14.81 ms/it, NE 0.867406, loss 0.474782
Testing at - 2048/9593 of epoch 0,  NE 0.832788, loss 0.478423, accuracy 77.636 %, best 77.669 %
Finished training it 2080/9593 of epoch 0, 17.56 ms/it, NE 0.866909, loss 0.473721
Testing at - 2080/9593 of epoch 0,  NE 0.835659, loss 0.480073, accuracy 77.545 %, best 77.669 %
Finished training it 2112/9593 of epoch 0, 19.85 ms/it, NE 0.866311, loss 0.470676
Testing at - 2112/9593 of epoch 0,  NE 0.838680, loss 0.481808, accuracy 77.422 %, best 77.669 %
Finished training it 2144/9593 of epoch 0, 16.74 ms/it, NE 0.865789, loss 0.473580
Testing at - 2144/9593 of epoch 0,  NE 0.852142, loss 0.489542, accuracy 76.977 %, best 77.669 %
Finished training it 2176/9593 of epoch 0, 17.80 ms/it, NE 0.865247, loss 0.471434
Testing at - 2176/9593 of epoch 0,  NE 0.825391, loss 0.474174, accuracy 77.690 %, best 77.690 %
Finished training it 2208/9593 of epoch 0, 18.87 ms/it, NE 0.864747, loss 0.471581
Testing at - 2208/9593 of epoch 0,  NE 0.823286, loss 0.472965, accuracy 77.789 %, best 77.789 %
Finished training it 2240/9593 of epoch 0, 17.01 ms/it, NE 0.864255, loss 0.471514
Testing at - 2240/9593 of epoch 0,  NE 0.850997, loss 0.488884, accuracy 76.813 %, best 77.789 %
Finished training it 2272/9593 of epoch 0, 17.88 ms/it, NE 0.863687, loss 0.467444
Testing at - 2272/9593 of epoch 0,  NE 0.830618, loss 0.477177, accuracy 77.502 %, best 77.789 %
Finished training it 2304/9593 of epoch 0, 19.09 ms/it, NE 0.863156, loss 0.469518
Testing at - 2304/9593 of epoch 0,  NE 0.826471, loss 0.474794, accuracy 77.714 %, best 77.789 %
Finished training it 2336/9593 of epoch 0, 16.09 ms/it, NE 0.862664, loss 0.470301
Testing at - 2336/9593 of epoch 0,  NE 0.821033, loss 0.471670, accuracy 77.873 %, best 77.873 %
Finished training it 2368/9593 of epoch 0, 19.91 ms/it, NE 0.862133, loss 0.468091
Testing at - 2368/9593 of epoch 0,  NE 0.855007, loss 0.491188, accuracy 76.860 %, best 77.873 %
Finished training it 2400/9593 of epoch 0, 19.32 ms/it, NE 0.861683, loss 0.470254
Testing at - 2400/9593 of epoch 0,  NE 0.821193, loss 0.471762, accuracy 77.889 %, best 77.889 %
Finished training it 2432/9593 of epoch 0, 17.57 ms/it, NE 0.861191, loss 0.467362
Testing at - 2432/9593 of epoch 0,  NE 0.820536, loss 0.471385, accuracy 77.892 %, best 77.892 %
Finished training it 2464/9593 of epoch 0, 15.67 ms/it, NE 0.860735, loss 0.469361
Testing at - 2464/9593 of epoch 0,  NE 0.831623, loss 0.477754, accuracy 77.543 %, best 77.892 %
Finished training it 2496/9593 of epoch 0, 17.73 ms/it, NE 0.860240, loss 0.466970
Testing at - 2496/9593 of epoch 0,  NE 0.829431, loss 0.476495, accuracy 77.618 %, best 77.892 %
Finished training it 2528/9593 of epoch 0, 18.86 ms/it, NE 0.859789, loss 0.468983
Testing at - 2528/9593 of epoch 0,  NE 0.830087, loss 0.476872, accuracy 77.716 %, best 77.892 %
Finished training it 2560/9593 of epoch 0, 18.31 ms/it, NE 0.859304, loss 0.466869
Testing at - 2560/9593 of epoch 0,  NE 0.817970, loss 0.469911, accuracy 77.990 %, best 77.990 %
Finished training it 2592/9593 of epoch 0, 17.12 ms/it, NE 0.858848, loss 0.465593
Testing at - 2592/9593 of epoch 0,  NE 0.817625, loss 0.469713, accuracy 77.976 %, best 77.990 %
Finished training it 2624/9593 of epoch 0, 16.44 ms/it, NE 0.858436, loss 0.467609
Testing at - 2624/9593 of epoch 0,  NE 0.816737, loss 0.469202, accuracy 77.999 %, best 77.999 %
Finished training it 2656/9593 of epoch 0, 16.43 ms/it, NE 0.857971, loss 0.466461
Testing at - 2656/9593 of epoch 0,  NE 0.832343, loss 0.478168, accuracy 77.619 %, best 77.999 %
Finished training it 2688/9593 of epoch 0, 16.75 ms/it, NE 0.857587, loss 0.469981
Testing at - 2688/9593 of epoch 0,  NE 0.818324, loss 0.470114, accuracy 77.956 %, best 77.999 %
Finished training it 2720/9593 of epoch 0, 17.58 ms/it, NE 0.857113, loss 0.465340
Testing at - 2720/9593 of epoch 0,  NE 0.823644, loss 0.473170, accuracy 77.858 %, best 77.999 %
Finished training it 2752/9593 of epoch 0, 14.37 ms/it, NE 0.856707, loss 0.465947
Testing at - 2752/9593 of epoch 0,  NE 0.823543, loss 0.473112, accuracy 77.761 %, best 77.999 %
Finished training it 2784/9593 of epoch 0, 17.32 ms/it, NE 0.856276, loss 0.467513
Testing at - 2784/9593 of epoch 0,  NE 0.822367, loss 0.472437, accuracy 77.761 %, best 77.999 %
Finished training it 2816/9593 of epoch 0, 19.92 ms/it, NE 0.855853, loss 0.464969
Testing at - 2816/9593 of epoch 0,  NE 0.820197, loss 0.471190, accuracy 77.971 %, best 77.999 %
Finished training it 2848/9593 of epoch 0, 16.37 ms/it, NE 0.855389, loss 0.462454
Testing at - 2848/9593 of epoch 0,  NE 0.817157, loss 0.469443, accuracy 78.027 %, best 78.027 %
Finished training it 2880/9593 of epoch 0, 16.48 ms/it, NE 0.855014, loss 0.468437
Testing at - 2880/9593 of epoch 0,  NE 0.849226, loss 0.487867, accuracy 77.206 %, best 78.027 %
Finished training it 2912/9593 of epoch 0, 17.86 ms/it, NE 0.854638, loss 0.467280
Testing at - 2912/9593 of epoch 0,  NE 0.815707, loss 0.468610, accuracy 78.025 %, best 78.027 %
Finished training it 2944/9593 of epoch 0, 18.71 ms/it, NE 0.854218, loss 0.463210
Testing at - 2944/9593 of epoch 0,  NE 0.813650, loss 0.467429, accuracy 78.103 %, best 78.103 %
Finished training it 2976/9593 of epoch 0, 18.57 ms/it, NE 0.853786, loss 0.462504
Testing at - 2976/9593 of epoch 0,  NE 0.820896, loss 0.471592, accuracy 77.896 %, best 78.103 %
Finished training it 3008/9593 of epoch 0, 20.00 ms/it, NE 0.853418, loss 0.466598
Testing at - 3008/9593 of epoch 0,  NE 0.823958, loss 0.473351, accuracy 77.916 %, best 78.103 %
Finished training it 3040/9593 of epoch 0, 17.52 ms/it, NE 0.853025, loss 0.463096
Testing at - 3040/9593 of epoch 0,  NE 0.815791, loss 0.468659, accuracy 77.989 %, best 78.103 %
Finished training it 3072/9593 of epoch 0, 21.71 ms/it, NE 0.852625, loss 0.461957
Testing at - 3072/9593 of epoch 0,  NE 0.814851, loss 0.468119, accuracy 78.074 %, best 78.103 %
Finished training it 3104/9593 of epoch 0, 17.47 ms/it, NE 0.852245, loss 0.463167
Testing at - 3104/9593 of epoch 0,  NE 0.812730, loss 0.466901, accuracy 78.138 %, best 78.138 %
Finished training it 3136/9593 of epoch 0, 16.46 ms/it, NE 0.851899, loss 0.465804
Testing at - 3136/9593 of epoch 0,  NE 0.819285, loss 0.470666, accuracy 77.925 %, best 78.138 %
Finished training it 3168/9593 of epoch 0, 15.53 ms/it, NE 0.851475, loss 0.462391
Testing at - 3168/9593 of epoch 0,  NE 0.812759, loss 0.466917, accuracy 78.139 %, best 78.139 %
Finished training it 3200/9593 of epoch 0, 17.77 ms/it, NE 0.851104, loss 0.463805
Testing at - 3200/9593 of epoch 0,  NE 0.812176, loss 0.466582, accuracy 78.152 %, best 78.152 %
Finished training it 3232/9593 of epoch 0, 16.06 ms/it, NE 0.850753, loss 0.463672
Testing at - 3232/9593 of epoch 0,  NE 0.822978, loss 0.472788, accuracy 77.828 %, best 78.152 %
Finished training it 3264/9593 of epoch 0, 20.59 ms/it, NE 0.850447, loss 0.465824
Testing at - 3264/9593 of epoch 0,  NE 0.813536, loss 0.467364, accuracy 78.128 %, best 78.152 %
Finished training it 3296/9593 of epoch 0, 15.48 ms/it, NE 0.850100, loss 0.461214
Testing at - 3296/9593 of epoch 0,  NE 0.813671, loss 0.467441, accuracy 78.086 %, best 78.152 %
Finished training it 3328/9593 of epoch 0, 17.65 ms/it, NE 0.849757, loss 0.461634
Testing at - 3328/9593 of epoch 0,  NE 0.811771, loss 0.466350, accuracy 78.129 %, best 78.152 %
Finished training it 3360/9593 of epoch 0, 18.67 ms/it, NE 0.849436, loss 0.463772
Testing at - 3360/9593 of epoch 0,  NE 0.823678, loss 0.473190, accuracy 77.780 %, best 78.152 %
Finished training it 3392/9593 of epoch 0, 19.44 ms/it, NE 0.849081, loss 0.462817
Testing at - 3392/9593 of epoch 0,  NE 0.810657, loss 0.465710, accuracy 78.179 %, best 78.179 %
Finished training it 3424/9593 of epoch 0, 19.74 ms/it, NE 0.848727, loss 0.461859
Testing at - 3424/9593 of epoch 0,  NE 0.814956, loss 0.468179, accuracy 78.031 %, best 78.179 %
Finished training it 3456/9593 of epoch 0, 17.65 ms/it, NE 0.848436, loss 0.463823
Testing at - 3456/9593 of epoch 0,  NE 0.813017, loss 0.467065, accuracy 78.144 %, best 78.179 %
Finished training it 3488/9593 of epoch 0, 16.80 ms/it, NE 0.848107, loss 0.462813
Testing at - 3488/9593 of epoch 0,  NE 0.817155, loss 0.469443, accuracy 77.997 %, best 78.179 %
Finished training it 3520/9593 of epoch 0, 18.64 ms/it, NE 0.847813, loss 0.464059
Testing at - 3520/9593 of epoch 0,  NE 0.817365, loss 0.469563, accuracy 78.017 %, best 78.179 %
Finished training it 3552/9593 of epoch 0, 18.45 ms/it, NE 0.847499, loss 0.463158
Testing at - 3552/9593 of epoch 0,  NE 0.825238, loss 0.474086, accuracy 77.579 %, best 78.179 %
Finished training it 3584/9593 of epoch 0, 18.80 ms/it, NE 0.847211, loss 0.462129
Testing at - 3584/9593 of epoch 0,  NE 0.817555, loss 0.469673, accuracy 77.961 %, best 78.179 %
Finished training it 3616/9593 of epoch 0, 16.05 ms/it, NE 0.846893, loss 0.461960
Testing at - 3616/9593 of epoch 0,  NE 0.811552, loss 0.466223, accuracy 78.151 %, best 78.179 %
Finished training it 3648/9593 of epoch 0, 17.03 ms/it, NE 0.846600, loss 0.461396
Testing at - 3648/9593 of epoch 0,  NE 0.824517, loss 0.473672, accuracy 77.635 %, best 78.179 %
Finished training it 3680/9593 of epoch 0, 21.00 ms/it, NE 0.846252, loss 0.458904
Testing at - 3680/9593 of epoch 0,  NE 0.818330, loss 0.470118, accuracy 77.923 %, best 78.179 %
Finished training it 3712/9593 of epoch 0, 20.99 ms/it, NE 0.845962, loss 0.462832
Testing at - 3712/9593 of epoch 0,  NE 0.838995, loss 0.481989, accuracy 77.425 %, best 78.179 %
Finished training it 3744/9593 of epoch 0, 19.87 ms/it, NE 0.845692, loss 0.466153
Testing at - 3744/9593 of epoch 0,  NE 0.810491, loss 0.465614, accuracy 78.183 %, best 78.183 %
Finished training it 3776/9593 of epoch 0, 17.47 ms/it, NE 0.845369, loss 0.457220
Testing at - 3776/9593 of epoch 0,  NE 0.808960, loss 0.464734, accuracy 78.233 %, best 78.233 %
Finished training it 3808/9593 of epoch 0, 15.22 ms/it, NE 0.845047, loss 0.458941
Testing at - 3808/9593 of epoch 0,  NE 0.808468, loss 0.464452, accuracy 78.260 %, best 78.260 %
Finished training it 3840/9593 of epoch 0, 19.60 ms/it, NE 0.844769, loss 0.462316
Testing at - 3840/9593 of epoch 0,  NE 0.812571, loss 0.466809, accuracy 78.123 %, best 78.260 %
Finished training it 3872/9593 of epoch 0, 21.24 ms/it, NE 0.844509, loss 0.463783
Testing at - 3872/9593 of epoch 0,  NE 0.811379, loss 0.466124, accuracy 78.185 %, best 78.260 %
Finished training it 3904/9593 of epoch 0, 17.87 ms/it, NE 0.844216, loss 0.459120
Testing at - 3904/9593 of epoch 0,  NE 0.812054, loss 0.466512, accuracy 78.137 %, best 78.260 %
Finished training it 3936/9593 of epoch 0, 17.02 ms/it, NE 0.843944, loss 0.462818
Testing at - 3936/9593 of epoch 0,  NE 0.823022, loss 0.472813, accuracy 77.753 %, best 78.260 %
Finished training it 3968/9593 of epoch 0, 17.65 ms/it, NE 0.843676, loss 0.461808
Testing at - 3968/9593 of epoch 0,  NE 0.810872, loss 0.465833, accuracy 78.149 %, best 78.260 %
Finished training it 4000/9593 of epoch 0, 22.43 ms/it, NE 0.843403, loss 0.459302
Testing at - 4000/9593 of epoch 0,  NE 0.811470, loss 0.466177, accuracy 78.165 %, best 78.260 %
Finished training it 4032/9593 of epoch 0, 19.46 ms/it, NE 0.843149, loss 0.461476
Testing at - 4032/9593 of epoch 0,  NE 0.807701, loss 0.464011, accuracy 78.291 %, best 78.291 %
Finished training it 4064/9593 of epoch 0, 25.46 ms/it, NE 0.842887, loss 0.461900
Testing at - 4064/9593 of epoch 0,  NE 0.818864, loss 0.470424, accuracy 77.918 %, best 78.291 %
Finished training it 4096/9593 of epoch 0, 17.15 ms/it, NE 0.842645, loss 0.461453
Testing at - 4096/9593 of epoch 0,  NE 0.814733, loss 0.468051, accuracy 78.083 %, best 78.291 %
Finished training it 4128/9593 of epoch 0, 20.53 ms/it, NE 0.842393, loss 0.461744
Testing at - 4128/9593 of epoch 0,  NE 0.821751, loss 0.472083, accuracy 77.878 %, best 78.291 %
Finished training it 4160/9593 of epoch 0, 17.89 ms/it, NE 0.842139, loss 0.460054
Testing at - 4160/9593 of epoch 0,  NE 0.810129, loss 0.465406, accuracy 78.191 %, best 78.291 %
Finished training it 4192/9593 of epoch 0, 15.85 ms/it, NE 0.841874, loss 0.459892
Testing at - 4192/9593 of epoch 0,  NE 0.807325, loss 0.463796, accuracy 78.301 %, best 78.301 %
Finished training it 4224/9593 of epoch 0, 18.02 ms/it, NE 0.841601, loss 0.456587
Testing at - 4224/9593 of epoch 0,  NE 0.808865, loss 0.464680, accuracy 78.258 %, best 78.301 %
Finished training it 4256/9593 of epoch 0, 16.08 ms/it, NE 0.841387, loss 0.462136
Testing at - 4256/9593 of epoch 0,  NE 0.807784, loss 0.464059, accuracy 78.284 %, best 78.301 %
Finished training it 4288/9593 of epoch 0, 17.11 ms/it, NE 0.841119, loss 0.458214
Testing at - 4288/9593 of epoch 0,  NE 0.807612, loss 0.463960, accuracy 78.304 %, best 78.304 %
Finished training it 4320/9593 of epoch 0, 18.45 ms/it, NE 0.840891, loss 0.462237
Testing at - 4320/9593 of epoch 0,  NE 0.807084, loss 0.463657, accuracy 78.301 %, best 78.304 %
Finished training it 4352/9593 of epoch 0, 17.62 ms/it, NE 0.840643, loss 0.458702
Testing at - 4352/9593 of epoch 0,  NE 0.818604, loss 0.470275, accuracy 77.894 %, best 78.304 %
Finished training it 4384/9593 of epoch 0, 17.04 ms/it, NE 0.840400, loss 0.459304
Testing at - 4384/9593 of epoch 0,  NE 0.829410, loss 0.476483, accuracy 77.591 %, best 78.304 %
Finished training it 4416/9593 of epoch 0, 21.89 ms/it, NE 0.840181, loss 0.459482
Testing at - 4416/9593 of epoch 0,  NE 0.808327, loss 0.464371, accuracy 78.239 %, best 78.304 %
Finished training it 4448/9593 of epoch 0, 16.25 ms/it, NE 0.839916, loss 0.455481
Testing at - 4448/9593 of epoch 0,  NE 0.809285, loss 0.464922, accuracy 78.228 %, best 78.304 %
Finished training it 4480/9593 of epoch 0, 18.45 ms/it, NE 0.839676, loss 0.457146
Testing at - 4480/9593 of epoch 0,  NE 0.805522, loss 0.462760, accuracy 78.335 %, best 78.335 %
Finished training it 4512/9593 of epoch 0, 17.90 ms/it, NE 0.839454, loss 0.458500
Testing at - 4512/9593 of epoch 0,  NE 0.806120, loss 0.463103, accuracy 78.311 %, best 78.335 %
Finished training it 4544/9593 of epoch 0, 16.04 ms/it, NE 0.839230, loss 0.461921
Testing at - 4544/9593 of epoch 0,  NE 0.806110, loss 0.463098, accuracy 78.311 %, best 78.335 %
Finished training it 4576/9593 of epoch 0, 15.74 ms/it, NE 0.839003, loss 0.458074
Testing at - 4576/9593 of epoch 0,  NE 0.806802, loss 0.463495, accuracy 78.271 %, best 78.335 %
Finished training it 4608/9593 of epoch 0, 16.20 ms/it, NE 0.838797, loss 0.459141
Testing at - 4608/9593 of epoch 0,  NE 0.808350, loss 0.464384, accuracy 78.251 %, best 78.335 %
Finished training it 4640/9593 of epoch 0, 17.65 ms/it, NE 0.838541, loss 0.455581
Testing at - 4640/9593 of epoch 0,  NE 0.809685, loss 0.465151, accuracy 78.256 %, best 78.335 %
Finished training it 4672/9593 of epoch 0, 16.38 ms/it, NE 0.838309, loss 0.457332
Testing at - 4672/9593 of epoch 0,  NE 0.807389, loss 0.463832, accuracy 78.286 %, best 78.335 %
Finished training it 4704/9593 of epoch 0, 17.68 ms/it, NE 0.838093, loss 0.457207
Testing at - 4704/9593 of epoch 0,  NE 0.807307, loss 0.463785, accuracy 78.265 %, best 78.335 %
Finished training it 4736/9593 of epoch 0, 18.47 ms/it, NE 0.837884, loss 0.457726
Testing at - 4736/9593 of epoch 0,  NE 0.808920, loss 0.464712, accuracy 78.201 %, best 78.335 %
Finished training it 4768/9593 of epoch 0, 16.80 ms/it, NE 0.837649, loss 0.455174
Testing at - 4768/9593 of epoch 0,  NE 0.805177, loss 0.462561, accuracy 78.344 %, best 78.344 %
Finished training it 4800/9593 of epoch 0, 18.01 ms/it, NE 0.837420, loss 0.456973
Testing at - 4800/9593 of epoch 0,  NE 0.805231, loss 0.462592, accuracy 78.354 %, best 78.354 %
Finished training it 4832/9593 of epoch 0, 16.73 ms/it, NE 0.837208, loss 0.457587
Testing at - 4832/9593 of epoch 0,  NE 0.810746, loss 0.465760, accuracy 78.203 %, best 78.354 %
Finished training it 4864/9593 of epoch 0, 16.87 ms/it, NE 0.837006, loss 0.457742
Testing at - 4864/9593 of epoch 0,  NE 0.810715, loss 0.465743, accuracy 78.203 %, best 78.354 %
Finished training it 4896/9593 of epoch 0, 18.45 ms/it, NE 0.836782, loss 0.456118
Testing at - 4896/9593 of epoch 0,  NE 0.804378, loss 0.462102, accuracy 78.363 %, best 78.363 %
Finished training it 4928/9593 of epoch 0, 16.49 ms/it, NE 0.836570, loss 0.455115
Testing at - 4928/9593 of epoch 0,  NE 0.804093, loss 0.461939, accuracy 78.379 %, best 78.379 %
Finished training it 4960/9593 of epoch 0, 18.59 ms/it, NE 0.836366, loss 0.458836
Testing at - 4960/9593 of epoch 0,  NE 0.807699, loss 0.464010, accuracy 78.280 %, best 78.379 %
Finished training it 4992/9593 of epoch 0, 19.19 ms/it, NE 0.836155, loss 0.456655
Testing at - 4992/9593 of epoch 0,  NE 0.813932, loss 0.467591, accuracy 78.124 %, best 78.379 %
Finished training it 5024/9593 of epoch 0, 13.65 ms/it, NE 0.835972, loss 0.458415
Testing at - 5024/9593 of epoch 0,  NE 0.817343, loss 0.469551, accuracy 78.089 %, best 78.379 %
Finished training it 5056/9593 of epoch 0, 18.39 ms/it, NE 0.835783, loss 0.458193
Testing at - 5056/9593 of epoch 0,  NE 0.808116, loss 0.464250, accuracy 78.231 %, best 78.379 %
Finished training it 5088/9593 of epoch 0, 17.83 ms/it, NE 0.835605, loss 0.458689
Testing at - 5088/9593 of epoch 0,  NE 0.815960, loss 0.468756, accuracy 77.914 %, best 78.379 %
Finished training it 5120/9593 of epoch 0, 15.87 ms/it, NE 0.835408, loss 0.458112
Testing at - 5120/9593 of epoch 0,  NE 0.803656, loss 0.461688, accuracy 78.379 %, best 78.379 %
Finished training it 5152/9593 of epoch 0, 18.70 ms/it, NE 0.835227, loss 0.456942
Testing at - 5152/9593 of epoch 0,  NE 0.809090, loss 0.464809, accuracy 78.234 %, best 78.379 %
Finished training it 5184/9593 of epoch 0, 17.01 ms/it, NE 0.835048, loss 0.458183
Testing at - 5184/9593 of epoch 0,  NE 0.808715, loss 0.464594, accuracy 78.148 %, best 78.379 %
Finished training it 5216/9593 of epoch 0, 18.65 ms/it, NE 0.834854, loss 0.457959
Testing at - 5216/9593 of epoch 0,  NE 0.803706, loss 0.461716, accuracy 78.405 %, best 78.405 %
Finished training it 5248/9593 of epoch 0, 15.09 ms/it, NE 0.834695, loss 0.459760
Testing at - 5248/9593 of epoch 0,  NE 0.808256, loss 0.464330, accuracy 78.238 %, best 78.405 %
Finished training it 5280/9593 of epoch 0, 19.98 ms/it, NE 0.834521, loss 0.457523
Testing at - 5280/9593 of epoch 0,  NE 0.805735, loss 0.462882, accuracy 78.371 %, best 78.405 %
Finished training it 5312/9593 of epoch 0, 16.71 ms/it, NE 0.834339, loss 0.457533
Testing at - 5312/9593 of epoch 0,  NE 0.803696, loss 0.461711, accuracy 78.401 %, best 78.405 %
Finished training it 5344/9593 of epoch 0, 21.02 ms/it, NE 0.834134, loss 0.453363
Testing at - 5344/9593 of epoch 0,  NE 0.809117, loss 0.464825, accuracy 78.191 %, best 78.405 %
Finished training it 5376/9593 of epoch 0, 19.08 ms/it, NE 0.833954, loss 0.455617
Testing at - 5376/9593 of epoch 0,  NE 0.805080, loss 0.462506, accuracy 78.367 %, best 78.405 %
Finished training it 5408/9593 of epoch 0, 19.94 ms/it, NE 0.833798, loss 0.459948
Testing at - 5408/9593 of epoch 0,  NE 0.808740, loss 0.464608, accuracy 78.284 %, best 78.405 %
Finished training it 5440/9593 of epoch 0, 18.90 ms/it, NE 0.833625, loss 0.457487
Testing at - 5440/9593 of epoch 0,  NE 0.803999, loss 0.461885, accuracy 78.399 %, best 78.405 %
Finished training it 5472/9593 of epoch 0, 15.79 ms/it, NE 0.833436, loss 0.455500
Testing at - 5472/9593 of epoch 0,  NE 0.802722, loss 0.461151, accuracy 78.422 %, best 78.422 %
Finished training it 5504/9593 of epoch 0, 20.49 ms/it, NE 0.833263, loss 0.456261
Testing at - 5504/9593 of epoch 0,  NE 0.803855, loss 0.461802, accuracy 78.373 %, best 78.422 %
Finished training it 5536/9593 of epoch 0, 18.92 ms/it, NE 0.833069, loss 0.453872
Testing at - 5536/9593 of epoch 0,  NE 0.805318, loss 0.462643, accuracy 78.325 %, best 78.422 %
Finished training it 5568/9593 of epoch 0, 18.36 ms/it, NE 0.832889, loss 0.455099
Testing at - 5568/9593 of epoch 0,  NE 0.809433, loss 0.465007, accuracy 78.190 %, best 78.422 %
Finished training it 5600/9593 of epoch 0, 16.39 ms/it, NE 0.832720, loss 0.456377
Testing at - 5600/9593 of epoch 0,  NE 0.810538, loss 0.465641, accuracy 78.224 %, best 78.422 %
Finished training it 5632/9593 of epoch 0, 16.59 ms/it, NE 0.832551, loss 0.456406
Testing at - 5632/9593 of epoch 0,  NE 0.804035, loss 0.461905, accuracy 78.403 %, best 78.422 %
Finished training it 5664/9593 of epoch 0, 17.55 ms/it, NE 0.832394, loss 0.457213
Testing at - 5664/9593 of epoch 0,  NE 0.805206, loss 0.462578, accuracy 78.350 %, best 78.422 %
Finished training it 5696/9593 of epoch 0, 24.94 ms/it, NE 0.832239, loss 0.457868
Testing at - 5696/9593 of epoch 0,  NE 0.808869, loss 0.464682, accuracy 78.269 %, best 78.422 %
Finished training it 5728/9593 of epoch 0, 18.49 ms/it, NE 0.832092, loss 0.457490
Testing at - 5728/9593 of epoch 0,  NE 0.807159, loss 0.463700, accuracy 78.332 %, best 78.422 %
Finished training it 5760/9593 of epoch 0, 17.86 ms/it, NE 0.831921, loss 0.455517
Testing at - 5760/9593 of epoch 0,  NE 0.803581, loss 0.461645, accuracy 78.381 %, best 78.422 %
Finished training it 5792/9593 of epoch 0, 15.35 ms/it, NE 0.831768, loss 0.457942
Testing at - 5792/9593 of epoch 0,  NE 0.816741, loss 0.469205, accuracy 77.955 %, best 78.422 %
Finished training it 5824/9593 of epoch 0, 16.39 ms/it, NE 0.831628, loss 0.457800
Testing at - 5824/9593 of epoch 0,  NE 0.803060, loss 0.461345, accuracy 78.419 %, best 78.422 %
Finished training it 5856/9593 of epoch 0, 18.14 ms/it, NE 0.831465, loss 0.457076
Testing at - 5856/9593 of epoch 0,  NE 0.802551, loss 0.461053, accuracy 78.451 %, best 78.451 %
Finished training it 5888/9593 of epoch 0, 17.92 ms/it, NE 0.831297, loss 0.453917
Testing at - 5888/9593 of epoch 0,  NE 0.801657, loss 0.460539, accuracy 78.436 %, best 78.451 %
Finished training it 5920/9593 of epoch 0, 14.27 ms/it, NE 0.831154, loss 0.458805
Testing at - 5920/9593 of epoch 0,  NE 0.804596, loss 0.462227, accuracy 78.348 %, best 78.451 %
Finished training it 5952/9593 of epoch 0, 17.99 ms/it, NE 0.831038, loss 0.458105
Testing at - 5952/9593 of epoch 0,  NE 0.804256, loss 0.462032, accuracy 78.319 %, best 78.451 %
Finished training it 5984/9593 of epoch 0, 18.12 ms/it, NE 0.830892, loss 0.455763
Testing at - 5984/9593 of epoch 0,  NE 0.801763, loss 0.460600, accuracy 78.445 %, best 78.451 %
Finished training it 6016/9593 of epoch 0, 16.60 ms/it, NE 0.830735, loss 0.453750
Testing at - 6016/9593 of epoch 0,  NE 0.813285, loss 0.467219, accuracy 78.265 %, best 78.451 %
Finished training it 6048/9593 of epoch 0, 17.99 ms/it, NE 0.830591, loss 0.457351
Testing at - 6048/9593 of epoch 0,  NE 0.801636, loss 0.460527, accuracy 78.459 %, best 78.459 %
Finished training it 6080/9593 of epoch 0, 17.05 ms/it, NE 0.830432, loss 0.455553
Testing at - 6080/9593 of epoch 0,  NE 0.802148, loss 0.460821, accuracy 78.425 %, best 78.459 %
Finished training it 6112/9593 of epoch 0, 18.02 ms/it, NE 0.830290, loss 0.458485
Testing at - 6112/9593 of epoch 0,  NE 0.801217, loss 0.460286, accuracy 78.452 %, best 78.459 %
Finished training it 6144/9593 of epoch 0, 18.52 ms/it, NE 0.830140, loss 0.456257
Testing at - 6144/9593 of epoch 0,  NE 0.801739, loss 0.460586, accuracy 78.449 %, best 78.459 %
Finished training it 6176/9593 of epoch 0, 16.08 ms/it, NE 0.829988, loss 0.456679
Testing at - 6176/9593 of epoch 0,  NE 0.804037, loss 0.461907, accuracy 78.325 %, best 78.459 %
Finished training it 6208/9593 of epoch 0, 19.63 ms/it, NE 0.829840, loss 0.456055
Testing at - 6208/9593 of epoch 0,  NE 0.801291, loss 0.460329, accuracy 78.454 %, best 78.459 %
Finished training it 6240/9593 of epoch 0, 14.45 ms/it, NE 0.829721, loss 0.459631
Testing at - 6240/9593 of epoch 0,  NE 0.802178, loss 0.460839, accuracy 78.423 %, best 78.459 %
Finished training it 6272/9593 of epoch 0, 16.00 ms/it, NE 0.829576, loss 0.455142
Testing at - 6272/9593 of epoch 0,  NE 0.804796, loss 0.462343, accuracy 78.391 %, best 78.459 %
Finished training it 6304/9593 of epoch 0, 16.42 ms/it, NE 0.829451, loss 0.457200
Testing at - 6304/9593 of epoch 0,  NE 0.802547, loss 0.461050, accuracy 78.428 %, best 78.459 %
Finished training it 6336/9593 of epoch 0, 18.77 ms/it, NE 0.829314, loss 0.454699
Testing at - 6336/9593 of epoch 0,  NE 0.802563, loss 0.461060, accuracy 78.405 %, best 78.459 %
Finished training it 6368/9593 of epoch 0, 16.38 ms/it, NE 0.829171, loss 0.454339
Testing at - 6368/9593 of epoch 0,  NE 0.812808, loss 0.466945, accuracy 77.981 %, best 78.459 %
Finished training it 6400/9593 of epoch 0, 17.02 ms/it, NE 0.829019, loss 0.453542
Testing at - 6400/9593 of epoch 0,  NE 0.801694, loss 0.460561, accuracy 78.450 %, best 78.459 %
Finished training it 6432/9593 of epoch 0, 15.70 ms/it, NE 0.828893, loss 0.455815
Testing at - 6432/9593 of epoch 0,  NE 0.800355, loss 0.459791, accuracy 78.479 %, best 78.479 %
Finished training it 6464/9593 of epoch 0, 16.67 ms/it, NE 0.828760, loss 0.453046
Testing at - 6464/9593 of epoch 0,  NE 0.807571, loss 0.463937, accuracy 78.276 %, best 78.479 %
Finished training it 6496/9593 of epoch 0, 14.66 ms/it, NE 0.828621, loss 0.454903
Testing at - 6496/9593 of epoch 0,  NE 0.800281, loss 0.459749, accuracy 78.489 %, best 78.489 %
Finished training it 6528/9593 of epoch 0, 16.27 ms/it, NE 0.828490, loss 0.457090
Testing at - 6528/9593 of epoch 0,  NE 0.801976, loss 0.460723, accuracy 78.429 %, best 78.489 %
Finished training it 6560/9593 of epoch 0, 17.05 ms/it, NE 0.828337, loss 0.453155
Testing at - 6560/9593 of epoch 0,  NE 0.808291, loss 0.464350, accuracy 78.311 %, best 78.489 %
Finished training it 6592/9593 of epoch 0, 18.30 ms/it, NE 0.828186, loss 0.454196
Testing at - 6592/9593 of epoch 0,  NE 0.799875, loss 0.459516, accuracy 78.496 %, best 78.496 %
Finished training it 6624/9593 of epoch 0, 17.92 ms/it, NE 0.828052, loss 0.454547
Testing at - 6624/9593 of epoch 0,  NE 0.801412, loss 0.460398, accuracy 78.458 %, best 78.496 %
Finished training it 6656/9593 of epoch 0, 16.76 ms/it, NE 0.827907, loss 0.452071
Testing at - 6656/9593 of epoch 0,  NE 0.800744, loss 0.460015, accuracy 78.503 %, best 78.503 %
Finished training it 6688/9593 of epoch 0, 18.22 ms/it, NE 0.827759, loss 0.453914
Testing at - 6688/9593 of epoch 0,  NE 0.803561, loss 0.461633, accuracy 78.399 %, best 78.503 %
Finished training it 6720/9593 of epoch 0, 17.67 ms/it, NE 0.827628, loss 0.453964
Testing at - 6720/9593 of epoch 0,  NE 0.801523, loss 0.460462, accuracy 78.427 %, best 78.503 %
Finished training it 6752/9593 of epoch 0, 21.03 ms/it, NE 0.827479, loss 0.453697
Testing at - 6752/9593 of epoch 0,  NE 0.800473, loss 0.459859, accuracy 78.484 %, best 78.503 %
Finished training it 6784/9593 of epoch 0, 17.95 ms/it, NE 0.827351, loss 0.454643
Testing at - 6784/9593 of epoch 0,  NE 0.802321, loss 0.460920, accuracy 78.434 %, best 78.503 %
Finished training it 6816/9593 of epoch 0, 18.37 ms/it, NE 0.827233, loss 0.455440
Testing at - 6816/9593 of epoch 0,  NE 0.802052, loss 0.460766, accuracy 78.407 %, best 78.503 %
Finished training it 6848/9593 of epoch 0, 18.52 ms/it, NE 0.827094, loss 0.453481
Testing at - 6848/9593 of epoch 0,  NE 0.800716, loss 0.459999, accuracy 78.472 %, best 78.503 %
Finished training it 6880/9593 of epoch 0, 16.78 ms/it, NE 0.826958, loss 0.453243
Testing at - 6880/9593 of epoch 0,  NE 0.801209, loss 0.460282, accuracy 78.495 %, best 78.503 %
Finished training it 6912/9593 of epoch 0, 15.02 ms/it, NE 0.826817, loss 0.451780
Testing at - 6912/9593 of epoch 0,  NE 0.801617, loss 0.460516, accuracy 78.435 %, best 78.503 %
Finished training it 6944/9593 of epoch 0, 16.53 ms/it, NE 0.826701, loss 0.456174
Testing at - 6944/9593 of epoch 0,  NE 0.800266, loss 0.459740, accuracy 78.507 %, best 78.507 %
Finished training it 6976/9593 of epoch 0, 16.52 ms/it, NE 0.826559, loss 0.454378
Testing at - 6976/9593 of epoch 0,  NE 0.802108, loss 0.460798, accuracy 78.390 %, best 78.507 %
Finished training it 7008/9593 of epoch 0, 17.97 ms/it, NE 0.826450, loss 0.456547
Testing at - 7008/9593 of epoch 0,  NE 0.799700, loss 0.459415, accuracy 78.495 %, best 78.507 %
Finished training it 7040/9593 of epoch 0, 18.39 ms/it, NE 0.826342, loss 0.458323
Testing at - 7040/9593 of epoch 0,  NE 0.804467, loss 0.462154, accuracy 78.323 %, best 78.507 %
Finished training it 7072/9593 of epoch 0, 17.08 ms/it, NE 0.826209, loss 0.452378
Testing at - 7072/9593 of epoch 0,  NE 0.799052, loss 0.459043, accuracy 78.524 %, best 78.524 %
Finished training it 7104/9593 of epoch 0, 18.56 ms/it, NE 0.826088, loss 0.456172
Testing at - 7104/9593 of epoch 0,  NE 0.799081, loss 0.459059, accuracy 78.524 %, best 78.524 %
Finished training it 7136/9593 of epoch 0, 17.10 ms/it, NE 0.825976, loss 0.454420
Testing at - 7136/9593 of epoch 0,  NE 0.799507, loss 0.459304, accuracy 78.494 %, best 78.524 %
Finished training it 7168/9593 of epoch 0, 15.01 ms/it, NE 0.825846, loss 0.453931
Testing at - 7168/9593 of epoch 0,  NE 0.798707, loss 0.458844, accuracy 78.536 %, best 78.536 %
Finished training it 7200/9593 of epoch 0, 19.09 ms/it, NE 0.825721, loss 0.452981
Testing at - 7200/9593 of epoch 0,  NE 0.800370, loss 0.459800, accuracy 78.528 %, best 78.536 %
Finished training it 7232/9593 of epoch 0, 16.16 ms/it, NE 0.825592, loss 0.452571
Testing at - 7232/9593 of epoch 0,  NE 0.800665, loss 0.459969, accuracy 78.464 %, best 78.536 %
Finished training it 7264/9593 of epoch 0, 21.42 ms/it, NE 0.825480, loss 0.456383
Testing at - 7264/9593 of epoch 0,  NE 0.798628, loss 0.458799, accuracy 78.536 %, best 78.536 %
Finished training it 7296/9593 of epoch 0, 21.88 ms/it, NE 0.825365, loss 0.454659
Testing at - 7296/9593 of epoch 0,  NE 0.798762, loss 0.458876, accuracy 78.540 %, best 78.540 %
Finished training it 7328/9593 of epoch 0, 19.83 ms/it, NE 0.825250, loss 0.453696
Testing at - 7328/9593 of epoch 0,  NE 0.808245, loss 0.464324, accuracy 78.282 %, best 78.540 %
Finished training it 7360/9593 of epoch 0, 20.03 ms/it, NE 0.825145, loss 0.455449
Testing at - 7360/9593 of epoch 0,  NE 0.800815, loss 0.460056, accuracy 78.461 %, best 78.540 %
Finished training it 7392/9593 of epoch 0, 17.97 ms/it, NE 0.825043, loss 0.458039
Testing at - 7392/9593 of epoch 0,  NE 0.802737, loss 0.461160, accuracy 78.357 %, best 78.540 %
Finished training it 7424/9593 of epoch 0, 18.00 ms/it, NE 0.824928, loss 0.452416
Testing at - 7424/9593 of epoch 0,  NE 0.800564, loss 0.459911, accuracy 78.469 %, best 78.540 %
Finished training it 7456/9593 of epoch 0, 17.22 ms/it, NE 0.824828, loss 0.455114
Testing at - 7456/9593 of epoch 0,  NE 0.800192, loss 0.459698, accuracy 78.529 %, best 78.540 %
Finished training it 7488/9593 of epoch 0, 19.98 ms/it, NE 0.824728, loss 0.458855
Testing at - 7488/9593 of epoch 0,  NE 0.805804, loss 0.462922, accuracy 78.348 %, best 78.540 %
Finished training it 7520/9593 of epoch 0, 18.11 ms/it, NE 0.824614, loss 0.453629
Testing at - 7520/9593 of epoch 0,  NE 0.806697, loss 0.463435, accuracy 78.259 %, best 78.540 %
Finished training it 7552/9593 of epoch 0, 17.23 ms/it, NE 0.824502, loss 0.452572
Testing at - 7552/9593 of epoch 0,  NE 0.798812, loss 0.458905, accuracy 78.529 %, best 78.540 %
Finished training it 7584/9593 of epoch 0, 14.90 ms/it, NE 0.824387, loss 0.453974
Testing at - 7584/9593 of epoch 0,  NE 0.799098, loss 0.459069, accuracy 78.520 %, best 78.540 %
Finished training it 7616/9593 of epoch 0, 16.53 ms/it, NE 0.824275, loss 0.452862
Testing at - 7616/9593 of epoch 0,  NE 0.798779, loss 0.458886, accuracy 78.527 %, best 78.540 %
Finished training it 7648/9593 of epoch 0, 20.98 ms/it, NE 0.824174, loss 0.454550
Testing at - 7648/9593 of epoch 0,  NE 0.804094, loss 0.461939, accuracy 78.318 %, best 78.540 %
Finished training it 7680/9593 of epoch 0, 20.27 ms/it, NE 0.824065, loss 0.454855
Testing at - 7680/9593 of epoch 0,  NE 0.799155, loss 0.459102, accuracy 78.539 %, best 78.540 %
Finished training it 7712/9593 of epoch 0, 19.35 ms/it, NE 0.823945, loss 0.451471
Testing at - 7712/9593 of epoch 0,  NE 0.797705, loss 0.458269, accuracy 78.557 %, best 78.557 %
Finished training it 7744/9593 of epoch 0, 21.91 ms/it, NE 0.823837, loss 0.452666
Testing at - 7744/9593 of epoch 0,  NE 0.798119, loss 0.458507, accuracy 78.547 %, best 78.557 %
Finished training it 7776/9593 of epoch 0, 18.64 ms/it, NE 0.823737, loss 0.453793
Testing at - 7776/9593 of epoch 0,  NE 0.807678, loss 0.463998, accuracy 78.384 %, best 78.557 %
Finished training it 7808/9593 of epoch 0, 19.29 ms/it, NE 0.823645, loss 0.455599
Testing at - 7808/9593 of epoch 0,  NE 0.798684, loss 0.458831, accuracy 78.540 %, best 78.557 %
Finished training it 7840/9593 of epoch 0, 19.28 ms/it, NE 0.823533, loss 0.453432
Testing at - 7840/9593 of epoch 0,  NE 0.797777, loss 0.458310, accuracy 78.561 %, best 78.561 %
Finished training it 7872/9593 of epoch 0, 17.89 ms/it, NE 0.823437, loss 0.454169
Testing at - 7872/9593 of epoch 0,  NE 0.798485, loss 0.458717, accuracy 78.543 %, best 78.561 %
Finished training it 7904/9593 of epoch 0, 14.25 ms/it, NE 0.823317, loss 0.452847
Testing at - 7904/9593 of epoch 0,  NE 0.806183, loss 0.463139, accuracy 78.341 %, best 78.561 %
Finished training it 7936/9593 of epoch 0, 17.07 ms/it, NE 0.823203, loss 0.452184
Testing at - 7936/9593 of epoch 0,  NE 0.798380, loss 0.458656, accuracy 78.521 %, best 78.561 %
Finished training it 7968/9593 of epoch 0, 19.33 ms/it, NE 0.823106, loss 0.454520
Testing at - 7968/9593 of epoch 0,  NE 0.810893, loss 0.465845, accuracy 78.210 %, best 78.561 %
Finished training it 8000/9593 of epoch 0, 16.68 ms/it, NE 0.823022, loss 0.456158
Testing at - 8000/9593 of epoch 0,  NE 0.800114, loss 0.459653, accuracy 78.550 %, best 78.561 %
Finished training it 8032/9593 of epoch 0, 18.33 ms/it, NE 0.822917, loss 0.453057
Testing at - 8032/9593 of epoch 0,  NE 0.797924, loss 0.458395, accuracy 78.549 %, best 78.561 %
Finished training it 8064/9593 of epoch 0, 17.13 ms/it, NE 0.822815, loss 0.453171
Testing at - 8064/9593 of epoch 0,  NE 0.805885, loss 0.462968, accuracy 78.368 %, best 78.561 %
Finished training it 8096/9593 of epoch 0, 17.35 ms/it, NE 0.822711, loss 0.451011
Testing at - 8096/9593 of epoch 0,  NE 0.800105, loss 0.459648, accuracy 78.524 %, best 78.561 %
Finished training it 8128/9593 of epoch 0, 16.05 ms/it, NE 0.822617, loss 0.453265
Testing at - 8128/9593 of epoch 0,  NE 0.798054, loss 0.458469, accuracy 78.546 %, best 78.561 %
Finished training it 8160/9593 of epoch 0, 15.35 ms/it, NE 0.822515, loss 0.454124
Testing at - 8160/9593 of epoch 0,  NE 0.797986, loss 0.458430, accuracy 78.563 %, best 78.563 %
Finished training it 8192/9593 of epoch 0, 18.37 ms/it, NE 0.822428, loss 0.454028
Testing at - 8192/9593 of epoch 0,  NE 0.799502, loss 0.459301, accuracy 78.497 %, best 78.563 %
Finished training it 8224/9593 of epoch 0, 18.06 ms/it, NE 0.822330, loss 0.454627
Testing at - 8224/9593 of epoch 0,  NE 0.798151, loss 0.458525, accuracy 78.558 %, best 78.563 %
Finished training it 8256/9593 of epoch 0, 17.31 ms/it, NE 0.822242, loss 0.456032
Testing at - 8256/9593 of epoch 0,  NE 0.799134, loss 0.459090, accuracy 78.527 %, best 78.563 %
Finished training it 8288/9593 of epoch 0, 19.87 ms/it, NE 0.822136, loss 0.451130
Testing at - 8288/9593 of epoch 0,  NE 0.800798, loss 0.460046, accuracy 78.450 %, best 78.563 %
Finished training it 8320/9593 of epoch 0, 18.13 ms/it, NE 0.822036, loss 0.452654
Testing at - 8320/9593 of epoch 0,  NE 0.802482, loss 0.461013, accuracy 78.498 %, best 78.563 %
Finished training it 8352/9593 of epoch 0, 16.34 ms/it, NE 0.821943, loss 0.454986
Testing at - 8352/9593 of epoch 0,  NE 0.797289, loss 0.458030, accuracy 78.586 %, best 78.586 %
Finished training it 8384/9593 of epoch 0, 19.89 ms/it, NE 0.821859, loss 0.454449
Testing at - 8384/9593 of epoch 0,  NE 0.804469, loss 0.462155, accuracy 78.365 %, best 78.586 %
Finished training it 8416/9593 of epoch 0, 20.97 ms/it, NE 0.821766, loss 0.452135
Testing at - 8416/9593 of epoch 0,  NE 0.805097, loss 0.462516, accuracy 78.436 %, best 78.586 %
Finished training it 8448/9593 of epoch 0, 16.70 ms/it, NE 0.821664, loss 0.452923
Testing at - 8448/9593 of epoch 0,  NE 0.798076, loss 0.458482, accuracy 78.549 %, best 78.586 %
Finished training it 8480/9593 of epoch 0, 27.55 ms/it, NE 0.821555, loss 0.449244
Testing at - 8480/9593 of epoch 0,  NE 0.796588, loss 0.457627, accuracy 78.593 %, best 78.593 %
Finished training it 8512/9593 of epoch 0, 18.39 ms/it, NE 0.821469, loss 0.454142
Testing at - 8512/9593 of epoch 0,  NE 0.799517, loss 0.459310, accuracy 78.513 %, best 78.593 %
Finished training it 8544/9593 of epoch 0, 18.78 ms/it, NE 0.821380, loss 0.453016
Testing at - 8544/9593 of epoch 0,  NE 0.797938, loss 0.458403, accuracy 78.575 %, best 78.593 %
Finished training it 8576/9593 of epoch 0, 20.59 ms/it, NE 0.821288, loss 0.453365
Testing at - 8576/9593 of epoch 0,  NE 0.796520, loss 0.457588, accuracy 78.601 %, best 78.601 %
Finished training it 8608/9593 of epoch 0, 16.05 ms/it, NE 0.821202, loss 0.454448
Testing at - 8608/9593 of epoch 0,  NE 0.797773, loss 0.458308, accuracy 78.569 %, best 78.601 %
Finished training it 8640/9593 of epoch 0, 14.99 ms/it, NE 0.821108, loss 0.452493
Testing at - 8640/9593 of epoch 0,  NE 0.797874, loss 0.458366, accuracy 78.581 %, best 78.601 %
Finished training it 8672/9593 of epoch 0, 18.98 ms/it, NE 0.821002, loss 0.449192
Testing at - 8672/9593 of epoch 0,  NE 0.802664, loss 0.461118, accuracy 78.484 %, best 78.601 %
Finished training it 8704/9593 of epoch 0, 20.69 ms/it, NE 0.820919, loss 0.456057
Testing at - 8704/9593 of epoch 0,  NE 0.796948, loss 0.457834, accuracy 78.556 %, best 78.601 %
Finished training it 8736/9593 of epoch 0, 19.57 ms/it, NE 0.820848, loss 0.457054
Testing at - 8736/9593 of epoch 0,  NE 0.796575, loss 0.457620, accuracy 78.589 %, best 78.601 %
Finished training it 8768/9593 of epoch 0, 19.21 ms/it, NE 0.820761, loss 0.453519
Testing at - 8768/9593 of epoch 0,  NE 0.803629, loss 0.461672, accuracy 78.297 %, best 78.601 %
Finished training it 8800/9593 of epoch 0, 15.63 ms/it, NE 0.820685, loss 0.451995
Testing at - 8800/9593 of epoch 0,  NE 0.802404, loss 0.460969, accuracy 78.370 %, best 78.601 %
Finished training it 8832/9593 of epoch 0, 19.71 ms/it, NE 0.820593, loss 0.450607
Testing at - 8832/9593 of epoch 0,  NE 0.796227, loss 0.457420, accuracy 78.616 %, best 78.616 %
Finished training it 8864/9593 of epoch 0, 15.38 ms/it, NE 0.820517, loss 0.454786
Testing at - 8864/9593 of epoch 0,  NE 0.798682, loss 0.458830, accuracy 78.544 %, best 78.616 %
Finished training it 8896/9593 of epoch 0, 18.56 ms/it, NE 0.820433, loss 0.451576
Testing at - 8896/9593 of epoch 0,  NE 0.796194, loss 0.457401, accuracy 78.611 %, best 78.616 %
Finished training it 8928/9593 of epoch 0, 14.82 ms/it, NE 0.820348, loss 0.452071
Testing at - 8928/9593 of epoch 0,  NE 0.799885, loss 0.459521, accuracy 78.511 %, best 78.616 %
Finished training it 8960/9593 of epoch 0, 18.94 ms/it, NE 0.820275, loss 0.454467
Testing at - 8960/9593 of epoch 0,  NE 0.796399, loss 0.457518, accuracy 78.605 %, best 78.616 %
Finished training it 8992/9593 of epoch 0, 17.58 ms/it, NE 0.820182, loss 0.450602
Testing at - 8992/9593 of epoch 0,  NE 0.798090, loss 0.458490, accuracy 78.534 %, best 78.616 %
Finished training it 9024/9593 of epoch 0, 22.62 ms/it, NE 0.820088, loss 0.451178
Testing at - 9024/9593 of epoch 0,  NE 0.799182, loss 0.459117, accuracy 78.517 %, best 78.616 %
Finished training it 9056/9593 of epoch 0, 18.95 ms/it, NE 0.820000, loss 0.450693
Testing at - 9056/9593 of epoch 0,  NE 0.796106, loss 0.457350, accuracy 78.615 %, best 78.616 %
Finished training it 9088/9593 of epoch 0, 20.72 ms/it, NE 0.819931, loss 0.455890
Testing at - 9088/9593 of epoch 0,  NE 0.798840, loss 0.458921, accuracy 78.548 %, best 78.616 %
Finished training it 9120/9593 of epoch 0, 18.30 ms/it, NE 0.819845, loss 0.449880
Testing at - 9120/9593 of epoch 0,  NE 0.805397, loss 0.462688, accuracy 78.344 %, best 78.616 %
Finished training it 9152/9593 of epoch 0, 27.41 ms/it, NE 0.819760, loss 0.454340
Testing at - 9152/9593 of epoch 0,  NE 0.796857, loss 0.457781, accuracy 78.601 %, best 78.616 %
Finished training it 9184/9593 of epoch 0, 21.80 ms/it, NE 0.819678, loss 0.454019
Testing at - 9184/9593 of epoch 0,  NE 0.796830, loss 0.457766, accuracy 78.589 %, best 78.616 %
Finished training it 9216/9593 of epoch 0, 19.38 ms/it, NE 0.819590, loss 0.451375
Testing at - 9216/9593 of epoch 0,  NE 0.796561, loss 0.457612, accuracy 78.601 %, best 78.616 %
Finished training it 9248/9593 of epoch 0, 28.82 ms/it, NE 0.819517, loss 0.453023
Testing at - 9248/9593 of epoch 0,  NE 0.798985, loss 0.459004, accuracy 78.522 %, best 78.616 %
Finished training it 9280/9593 of epoch 0, 19.04 ms/it, NE 0.819430, loss 0.452540
Testing at - 9280/9593 of epoch 0,  NE 0.799649, loss 0.459386, accuracy 78.482 %, best 78.616 %
Finished training it 9312/9593 of epoch 0, 26.33 ms/it, NE 0.819358, loss 0.455340
Testing at - 9312/9593 of epoch 0,  NE 0.797928, loss 0.458397, accuracy 78.589 %, best 78.616 %
Finished training it 9344/9593 of epoch 0, 18.00 ms/it, NE 0.819280, loss 0.455307
Testing at - 9344/9593 of epoch 0,  NE 0.796297, loss 0.457460, accuracy 78.601 %, best 78.616 %
Finished training it 9376/9593 of epoch 0, 16.45 ms/it, NE 0.819196, loss 0.452086
Testing at - 9376/9593 of epoch 0,  NE 0.810547, loss 0.465646, accuracy 78.223 %, best 78.616 %
Finished training it 9408/9593 of epoch 0, 36.16 ms/it, NE 0.819126, loss 0.452341
Testing at - 9408/9593 of epoch 0,  NE 0.802190, loss 0.460845, accuracy 78.440 %, best 78.616 %
Finished training it 9440/9593 of epoch 0, 18.01 ms/it, NE 0.819043, loss 0.451570
Testing at - 9440/9593 of epoch 0,  NE 0.796996, loss 0.457862, accuracy 78.528 %, best 78.616 %
Finished training it 9472/9593 of epoch 0, 20.39 ms/it, NE 0.818964, loss 0.452223
Testing at - 9472/9593 of epoch 0,  NE 0.798139, loss 0.458518, accuracy 78.546 %, best 78.616 %
Finished training it 9504/9593 of epoch 0, 20.01 ms/it, NE 0.818897, loss 0.453817
Testing at - 9504/9593 of epoch 0,  NE 0.796854, loss 0.457780, accuracy 78.592 %, best 78.616 %
Finished training it 9536/9593 of epoch 0, 16.02 ms/it, NE 0.818816, loss 0.450172
Testing at - 9536/9593 of epoch 0,  NE 0.796400, loss 0.457519, accuracy 78.582 %, best 78.616 %
Finished training it 9568/9593 of epoch 0, 14.99 ms/it, NE 0.818729, loss 0.451384
Testing at - 9568/9593 of epoch 0,  NE 0.795302, loss 0.456888, accuracy 78.618 %, best 78.618 %
Finished training it 9593/9593 of epoch 0, 14.35 ms/it, NE 0.818673, loss 0.455715
Testing at - 9593/9593 of epoch 0,  NE 0.796628, loss 0.457650, accuracy 78.594 %, best 78.618 %
