NCCL version 2.9.6+cudaCUDA_MAJOR.CUDA_MINOR
Unable to import mlperf_logging,  No module named 'mlperf_logging'
world size: 1, current rank: 0, local rank: 0
Using 2 GPU(s)...
Reading pre-processed data=./input/kaggleAdDisplayChallenge_processed.npz
Sparse fea = 26, Dense fea = 13
Defined train indices...
Randomized indices across days ...
Split data according to indices...
Reading pre-processed data=./input/kaggleAdDisplayChallenge_processed.npz
Sparse fea = 26, Dense fea = 13
Defined test indices...
Randomized indices across days ...
Split data according to indices...
DLRM_Net(
  (bot_l): Sequential(
    (0): Linear(in_features=13, out_features=512, bias=True)
    (1): ReLU()
    (2): Linear(in_features=512, out_features=256, bias=True)
    (3): ReLU()
    (4): Linear(in_features=256, out_features=64, bias=True)
    (5): ReLU()
    (6): Linear(in_features=64, out_features=16, bias=True)
    (7): ReLU()
  )
  (top_l): Sequential(
    (0): Linear(in_features=367, out_features=512, bias=True)
    (1): ReLU()
    (2): Linear(in_features=512, out_features=256, bias=True)
    (3): ReLU()
    (4): Linear(in_features=256, out_features=1, bias=True)
    (5): Sigmoid()
  )
  (loss_fn): BCELoss()
)
Random uniform embeddings init: 0 size: 1461 dim: 16
Random uniform embeddings init: 1 size: 584 dim: 16
Random uniform embeddings init: 2 size: 10131227 dim: 16
Random uniform embeddings init: 3 size: 2202608 dim: 16
Random uniform embeddings init: 4 size: 306 dim: 16
Random uniform embeddings init: 5 size: 24 dim: 16
Random uniform embeddings init: 6 size: 12518 dim: 16
Random uniform embeddings init: 7 size: 634 dim: 16
Random uniform embeddings init: 8 size: 4 dim: 16
Random uniform embeddings init: 9 size: 93146 dim: 16
Random uniform embeddings init: 10 size: 5684 dim: 16
Random uniform embeddings init: 11 size: 8351593 dim: 16
Random uniform embeddings init: 12 size: 3195 dim: 16
Random uniform embeddings init: 13 size: 28 dim: 16
Random uniform embeddings init: 14 size: 14993 dim: 16
Random uniform embeddings init: 15 size: 5461306 dim: 16
Random uniform embeddings init: 16 size: 11 dim: 16
Random uniform embeddings init: 17 size: 5653 dim: 16
Random uniform embeddings init: 18 size: 2173 dim: 16
Random uniform embeddings init: 19 size: 4 dim: 16
Random uniform embeddings init: 20 size: 7046547 dim: 16
Random uniform embeddings init: 21 size: 18 dim: 16
Random uniform embeddings init: 22 size: 16 dim: 16
Random uniform embeddings init: 23 size: 286181 dim: 16
Random uniform embeddings init: 24 size: 105 dim: 16
Random uniform embeddings init: 25 size: 142572 dim: 16
time/loss/accuracy (if enabled):
Finished training it 32/9593 of epoch 0, 192.50 ms/it, NE 0.997201, loss 0.567114
Testing at - 32/9593 of epoch 0,  NE 0.991261, loss 0.569463, accuracy 74.540 %, best 74.540 %
Finished training it 64/9593 of epoch 0, 20.02 ms/it, NE 0.981279, loss 0.549203
Testing at - 64/9593 of epoch 0,  NE 0.960071, loss 0.551545, accuracy 75.063 %, best 75.063 %
Finished training it 96/9593 of epoch 0, 26.25 ms/it, NE 0.973855, loss 0.545130
Testing at - 96/9593 of epoch 0,  NE 0.956239, loss 0.549344, accuracy 75.311 %, best 75.311 %
Finished training it 128/9593 of epoch 0, 31.40 ms/it, NE 0.967070, loss 0.534898
Testing at - 128/9593 of epoch 0,  NE 0.933470, loss 0.536263, accuracy 75.407 %, best 75.407 %
Finished training it 160/9593 of epoch 0, 23.71 ms/it, NE 0.962683, loss 0.537497
Testing at - 160/9593 of epoch 0,  NE 0.942334, loss 0.541356, accuracy 75.576 %, best 75.576 %
Finished training it 192/9593 of epoch 0, 25.00 ms/it, NE 0.959277, loss 0.535264
Testing at - 192/9593 of epoch 0,  NE 0.947628, loss 0.544397, accuracy 75.471 %, best 75.576 %
Finished training it 224/9593 of epoch 0, 24.47 ms/it, NE 0.956405, loss 0.532344
Testing at - 224/9593 of epoch 0,  NE 0.940173, loss 0.540114, accuracy 75.540 %, best 75.576 %
Finished training it 256/9593 of epoch 0, 24.35 ms/it, NE 0.953813, loss 0.532535
Testing at - 256/9593 of epoch 0,  NE 0.928831, loss 0.533598, accuracy 75.666 %, best 75.666 %
Finished training it 288/9593 of epoch 0, 24.67 ms/it, NE 0.951516, loss 0.529150
Testing at - 288/9593 of epoch 0,  NE 0.924665, loss 0.531206, accuracy 75.594 %, best 75.666 %
Finished training it 320/9593 of epoch 0, 20.28 ms/it, NE 0.949561, loss 0.530251
Testing at - 320/9593 of epoch 0,  NE 0.921661, loss 0.529480, accuracy 75.972 %, best 75.972 %
Finished training it 352/9593 of epoch 0, 26.85 ms/it, NE 0.947811, loss 0.528935
Testing at - 352/9593 of epoch 0,  NE 0.923578, loss 0.530581, accuracy 76.065 %, best 76.065 %
Finished training it 384/9593 of epoch 0, 26.15 ms/it, NE 0.945880, loss 0.522114
Testing at - 384/9593 of epoch 0,  NE 0.928085, loss 0.533170, accuracy 76.097 %, best 76.097 %
Finished training it 416/9593 of epoch 0, 23.03 ms/it, NE 0.944509, loss 0.529056
Testing at - 416/9593 of epoch 0,  NE 0.918378, loss 0.527594, accuracy 76.147 %, best 76.147 %
Finished training it 448/9593 of epoch 0, 21.29 ms/it, NE 0.942947, loss 0.524862
Testing at - 448/9593 of epoch 0,  NE 0.927773, loss 0.532991, accuracy 75.904 %, best 76.147 %
Finished training it 480/9593 of epoch 0, 21.94 ms/it, NE 0.941432, loss 0.522672
Testing at - 480/9593 of epoch 0,  NE 0.917646, loss 0.527173, accuracy 76.271 %, best 76.271 %
Finished training it 512/9593 of epoch 0, 21.14 ms/it, NE 0.939792, loss 0.521632
Testing at - 512/9593 of epoch 0,  NE 0.920640, loss 0.528893, accuracy 76.246 %, best 76.271 %
Finished training it 544/9593 of epoch 0, 23.22 ms/it, NE 0.938391, loss 0.521486
Testing at - 544/9593 of epoch 0,  NE 0.921210, loss 0.529221, accuracy 76.234 %, best 76.271 %
Finished training it 576/9593 of epoch 0, 27.97 ms/it, NE 0.937222, loss 0.522030
Testing at - 576/9593 of epoch 0,  NE 0.927949, loss 0.533092, accuracy 75.983 %, best 76.271 %
Finished training it 608/9593 of epoch 0, 20.79 ms/it, NE 0.936111, loss 0.521992
Testing at - 608/9593 of epoch 0,  NE 0.920340, loss 0.528721, accuracy 76.247 %, best 76.271 %
Finished training it 640/9593 of epoch 0, 21.70 ms/it, NE 0.935224, loss 0.521355
Testing at - 640/9593 of epoch 0,  NE 0.908463, loss 0.521898, accuracy 76.400 %, best 76.400 %
Finished training it 672/9593 of epoch 0, 22.47 ms/it, NE 0.934301, loss 0.520384
Testing at - 672/9593 of epoch 0,  NE 0.915549, loss 0.525969, accuracy 76.406 %, best 76.406 %
Finished training it 704/9593 of epoch 0, 22.98 ms/it, NE 0.933460, loss 0.519894
Testing at - 704/9593 of epoch 0,  NE 0.915833, loss 0.526132, accuracy 76.544 %, best 76.544 %
Finished training it 736/9593 of epoch 0, 20.08 ms/it, NE 0.932501, loss 0.520406
Testing at - 736/9593 of epoch 0,  NE 0.904701, loss 0.519736, accuracy 76.620 %, best 76.620 %
Finished training it 768/9593 of epoch 0, 21.98 ms/it, NE 0.931604, loss 0.516154
Testing at - 768/9593 of epoch 0,  NE 0.908724, loss 0.522047, accuracy 76.379 %, best 76.620 %
Finished training it 800/9593 of epoch 0, 22.41 ms/it, NE 0.930751, loss 0.516984
Testing at - 800/9593 of epoch 0,  NE 0.901275, loss 0.517768, accuracy 76.657 %, best 76.657 %
Finished training it 832/9593 of epoch 0, 20.82 ms/it, NE 0.929796, loss 0.514493
Testing at - 832/9593 of epoch 0,  NE 0.902684, loss 0.518577, accuracy 76.533 %, best 76.657 %
Finished training it 864/9593 of epoch 0, 20.74 ms/it, NE 0.928836, loss 0.512748
Testing at - 864/9593 of epoch 0,  NE 0.901306, loss 0.517786, accuracy 76.367 %, best 76.657 %
Finished training it 896/9593 of epoch 0, 19.97 ms/it, NE 0.928115, loss 0.514853
Testing at - 896/9593 of epoch 0,  NE 0.899427, loss 0.516706, accuracy 76.755 %, best 76.755 %
Finished training it 928/9593 of epoch 0, 24.89 ms/it, NE 0.927405, loss 0.514827
Testing at - 928/9593 of epoch 0,  NE 0.903174, loss 0.518859, accuracy 76.770 %, best 76.770 %
Finished training it 960/9593 of epoch 0, 34.89 ms/it, NE 0.926698, loss 0.514823
Testing at - 960/9593 of epoch 0,  NE 0.899857, loss 0.516954, accuracy 76.818 %, best 76.818 %
Finished training it 992/9593 of epoch 0, 25.70 ms/it, NE 0.925943, loss 0.514181
Testing at - 992/9593 of epoch 0,  NE 0.896127, loss 0.514811, accuracy 76.863 %, best 76.863 %
Finished training it 1024/9593 of epoch 0, 21.33 ms/it, NE 0.925242, loss 0.515170
Testing at - 1024/9593 of epoch 0,  NE 0.913960, loss 0.525056, accuracy 76.351 %, best 76.863 %
Finished training it 1056/9593 of epoch 0, 19.59 ms/it, NE 0.924532, loss 0.513194
Testing at - 1056/9593 of epoch 0,  NE 0.906337, loss 0.520676, accuracy 76.645 %, best 76.863 %
Finished training it 1088/9593 of epoch 0, 36.71 ms/it, NE 0.923854, loss 0.512685
Testing at - 1088/9593 of epoch 0,  NE 0.895573, loss 0.514492, accuracy 76.936 %, best 76.936 %
Finished training it 1120/9593 of epoch 0, 23.94 ms/it, NE 0.923216, loss 0.513163
Testing at - 1120/9593 of epoch 0,  NE 0.909256, loss 0.522353, accuracy 76.082 %, best 76.936 %
Finished training it 1152/9593 of epoch 0, 28.32 ms/it, NE 0.922553, loss 0.511306
Testing at - 1152/9593 of epoch 0,  NE 0.899126, loss 0.516533, accuracy 76.680 %, best 76.936 %
Finished training it 1184/9593 of epoch 0, 22.31 ms/it, NE 0.921978, loss 0.510810
Testing at - 1184/9593 of epoch 0,  NE 0.894866, loss 0.514086, accuracy 76.999 %, best 76.999 %
Finished training it 1216/9593 of epoch 0, 22.50 ms/it, NE 0.921402, loss 0.512111
Testing at - 1216/9593 of epoch 0,  NE 0.897572, loss 0.515641, accuracy 76.973 %, best 76.999 %
Finished training it 1248/9593 of epoch 0, 23.11 ms/it, NE 0.920845, loss 0.511425
Testing at - 1248/9593 of epoch 0,  NE 0.900432, loss 0.517284, accuracy 76.868 %, best 76.999 %
Finished training it 1280/9593 of epoch 0, 24.04 ms/it, NE 0.920184, loss 0.509531
Testing at - 1280/9593 of epoch 0,  NE 0.892814, loss 0.512908, accuracy 77.014 %, best 77.014 %
Finished training it 1312/9593 of epoch 0, 21.67 ms/it, NE 0.919632, loss 0.510037
Testing at - 1312/9593 of epoch 0,  NE 0.892416, loss 0.512679, accuracy 77.110 %, best 77.110 %
Finished training it 1344/9593 of epoch 0, 20.36 ms/it, NE 0.919070, loss 0.507919
Testing at - 1344/9593 of epoch 0,  NE 0.925738, loss 0.531822, accuracy 75.468 %, best 77.110 %
Finished training it 1376/9593 of epoch 0, 22.76 ms/it, NE 0.918563, loss 0.509687
Testing at - 1376/9593 of epoch 0,  NE 0.894976, loss 0.514149, accuracy 76.727 %, best 77.110 %
Finished training it 1408/9593 of epoch 0, 27.41 ms/it, NE 0.918041, loss 0.509275
Testing at - 1408/9593 of epoch 0,  NE 0.886481, loss 0.509269, accuracy 77.189 %, best 77.189 %
Finished training it 1440/9593 of epoch 0, 26.99 ms/it, NE 0.917436, loss 0.507330
Testing at - 1440/9593 of epoch 0,  NE 0.887614, loss 0.509920, accuracy 77.096 %, best 77.189 %
Finished training it 1472/9593 of epoch 0, 26.90 ms/it, NE 0.916974, loss 0.510128
Testing at - 1472/9593 of epoch 0,  NE 0.891862, loss 0.512361, accuracy 77.129 %, best 77.189 %
Finished training it 1504/9593 of epoch 0, 20.95 ms/it, NE 0.916444, loss 0.506403
Testing at - 1504/9593 of epoch 0,  NE 0.883034, loss 0.507289, accuracy 77.130 %, best 77.189 %
Finished training it 1536/9593 of epoch 0, 22.69 ms/it, NE 0.915942, loss 0.505236
Testing at - 1536/9593 of epoch 0,  NE 0.883658, loss 0.507647, accuracy 77.248 %, best 77.248 %
Finished training it 1568/9593 of epoch 0, 30.67 ms/it, NE 0.915346, loss 0.504621
Testing at - 1568/9593 of epoch 0,  NE 0.899798, loss 0.516920, accuracy 76.358 %, best 77.248 %
Finished training it 1600/9593 of epoch 0, 19.86 ms/it, NE 0.914859, loss 0.507813
Testing at - 1600/9593 of epoch 0,  NE 0.887615, loss 0.509921, accuracy 77.295 %, best 77.295 %
Finished training it 1632/9593 of epoch 0, 21.75 ms/it, NE 0.914397, loss 0.508989
Testing at - 1632/9593 of epoch 0,  NE 0.884833, loss 0.508322, accuracy 77.242 %, best 77.295 %
Finished training it 1664/9593 of epoch 0, 20.17 ms/it, NE 0.913855, loss 0.504438
Testing at - 1664/9593 of epoch 0,  NE 0.892528, loss 0.512743, accuracy 76.820 %, best 77.295 %
Finished training it 1696/9593 of epoch 0, 23.55 ms/it, NE 0.913446, loss 0.507794
Testing at - 1696/9593 of epoch 0,  NE 0.888740, loss 0.510567, accuracy 77.232 %, best 77.295 %
Finished training it 1728/9593 of epoch 0, 19.91 ms/it, NE 0.912993, loss 0.506344
Testing at - 1728/9593 of epoch 0,  NE 0.887583, loss 0.509902, accuracy 77.210 %, best 77.295 %
Finished training it 1760/9593 of epoch 0, 22.35 ms/it, NE 0.912538, loss 0.503123
Testing at - 1760/9593 of epoch 0,  NE 0.881867, loss 0.506618, accuracy 77.173 %, best 77.295 %
Finished training it 1792/9593 of epoch 0, 26.26 ms/it, NE 0.912028, loss 0.500639
Testing at - 1792/9593 of epoch 0,  NE 0.877084, loss 0.503871, accuracy 77.423 %, best 77.423 %
Finished training it 1824/9593 of epoch 0, 20.81 ms/it, NE 0.911537, loss 0.502486
Testing at - 1824/9593 of epoch 0,  NE 0.879086, loss 0.505021, accuracy 77.404 %, best 77.423 %
Finished training it 1856/9593 of epoch 0, 24.06 ms/it, NE 0.911051, loss 0.502565
Testing at - 1856/9593 of epoch 0,  NE 0.884493, loss 0.508127, accuracy 76.966 %, best 77.423 %
Finished training it 1888/9593 of epoch 0, 19.84 ms/it, NE 0.910551, loss 0.500171
Testing at - 1888/9593 of epoch 0,  NE 0.878086, loss 0.504446, accuracy 77.402 %, best 77.423 %
Finished training it 1920/9593 of epoch 0, 22.04 ms/it, NE 0.910081, loss 0.503866
Testing at - 1920/9593 of epoch 0,  NE 0.880776, loss 0.505992, accuracy 77.359 %, best 77.423 %
Finished training it 1952/9593 of epoch 0, 26.95 ms/it, NE 0.909660, loss 0.502125
Testing at - 1952/9593 of epoch 0,  NE 0.879513, loss 0.505266, accuracy 77.350 %, best 77.423 %
Finished training it 1984/9593 of epoch 0, 27.53 ms/it, NE 0.909199, loss 0.501728
Testing at - 1984/9593 of epoch 0,  NE 0.875944, loss 0.503216, accuracy 77.455 %, best 77.455 %
Finished training it 2016/9593 of epoch 0, 21.29 ms/it, NE 0.908757, loss 0.502251
Testing at - 2016/9593 of epoch 0,  NE 0.881467, loss 0.506389, accuracy 77.146 %, best 77.455 %
Finished training it 2048/9593 of epoch 0, 24.32 ms/it, NE 0.908399, loss 0.504832
Testing at - 2048/9593 of epoch 0,  NE 0.877386, loss 0.504044, accuracy 77.502 %, best 77.502 %
Finished training it 2080/9593 of epoch 0, 22.16 ms/it, NE 0.907980, loss 0.499836
Testing at - 2080/9593 of epoch 0,  NE 0.873941, loss 0.502065, accuracy 77.558 %, best 77.558 %
Finished training it 2112/9593 of epoch 0, 20.81 ms/it, NE 0.907484, loss 0.497885
Testing at - 2112/9593 of epoch 0,  NE 0.875885, loss 0.503182, accuracy 77.459 %, best 77.558 %
Finished training it 2144/9593 of epoch 0, 19.81 ms/it, NE 0.907066, loss 0.501009
Testing at - 2144/9593 of epoch 0,  NE 0.881583, loss 0.506455, accuracy 77.105 %, best 77.558 %
Finished training it 2176/9593 of epoch 0, 26.26 ms/it, NE 0.906650, loss 0.499767
Testing at - 2176/9593 of epoch 0,  NE 0.870210, loss 0.499922, accuracy 77.602 %, best 77.602 %
Finished training it 2208/9593 of epoch 0, 30.92 ms/it, NE 0.906204, loss 0.497224
Testing at - 2208/9593 of epoch 0,  NE 0.877954, loss 0.504371, accuracy 77.195 %, best 77.602 %
Finished training it 2240/9593 of epoch 0, 20.94 ms/it, NE 0.905841, loss 0.500179
Testing at - 2240/9593 of epoch 0,  NE 0.884161, loss 0.507937, accuracy 76.929 %, best 77.602 %
Finished training it 2272/9593 of epoch 0, 20.62 ms/it, NE 0.905455, loss 0.498402
Testing at - 2272/9593 of epoch 0,  NE 0.869448, loss 0.499484, accuracy 77.616 %, best 77.616 %
Finished training it 2304/9593 of epoch 0, 22.87 ms/it, NE 0.905054, loss 0.498586
Testing at - 2304/9593 of epoch 0,  NE 0.877242, loss 0.503962, accuracy 77.237 %, best 77.616 %
Finished training it 2336/9593 of epoch 0, 20.52 ms/it, NE 0.904646, loss 0.497577
Testing at - 2336/9593 of epoch 0,  NE 0.868575, loss 0.498983, accuracy 77.625 %, best 77.625 %
Finished training it 2368/9593 of epoch 0, 21.04 ms/it, NE 0.904245, loss 0.497459
Testing at - 2368/9593 of epoch 0,  NE 0.873122, loss 0.501595, accuracy 77.493 %, best 77.625 %
Finished training it 2400/9593 of epoch 0, 20.92 ms/it, NE 0.903856, loss 0.496746
Testing at - 2400/9593 of epoch 0,  NE 0.869407, loss 0.499461, accuracy 77.585 %, best 77.625 %
Finished training it 2432/9593 of epoch 0, 20.77 ms/it, NE 0.903447, loss 0.494855
Testing at - 2432/9593 of epoch 0,  NE 0.870892, loss 0.500314, accuracy 77.533 %, best 77.625 %
Finished training it 2464/9593 of epoch 0, 25.02 ms/it, NE 0.903073, loss 0.496982
Testing at - 2464/9593 of epoch 0,  NE 0.873870, loss 0.502025, accuracy 77.521 %, best 77.625 %
Finished training it 2496/9593 of epoch 0, 25.25 ms/it, NE 0.902701, loss 0.496482
Testing at - 2496/9593 of epoch 0,  NE 0.873652, loss 0.501899, accuracy 77.365 %, best 77.625 %
Finished training it 2528/9593 of epoch 0, 24.46 ms/it, NE 0.902320, loss 0.496245
Testing at - 2528/9593 of epoch 0,  NE 0.869651, loss 0.499601, accuracy 77.662 %, best 77.662 %
Finished training it 2560/9593 of epoch 0, 23.14 ms/it, NE 0.901928, loss 0.495262
Testing at - 2560/9593 of epoch 0,  NE 0.871073, loss 0.500418, accuracy 77.507 %, best 77.662 %
Finished training it 2592/9593 of epoch 0, 21.88 ms/it, NE 0.901570, loss 0.494273
Testing at - 2592/9593 of epoch 0,  NE 0.864643, loss 0.496723, accuracy 77.759 %, best 77.759 %
Finished training it 2624/9593 of epoch 0, 25.86 ms/it, NE 0.901222, loss 0.494833
Testing at - 2624/9593 of epoch 0,  NE 0.862557, loss 0.495525, accuracy 77.753 %, best 77.759 %
Finished training it 2656/9593 of epoch 0, 20.95 ms/it, NE 0.900838, loss 0.494635
Testing at - 2656/9593 of epoch 0,  NE 0.888678, loss 0.510531, accuracy 76.826 %, best 77.759 %
Finished training it 2688/9593 of epoch 0, 19.99 ms/it, NE 0.900509, loss 0.496974
Testing at - 2688/9593 of epoch 0,  NE 0.867173, loss 0.498177, accuracy 77.610 %, best 77.759 %
Finished training it 2720/9593 of epoch 0, 43.19 ms/it, NE 0.900113, loss 0.493577
Testing at - 2720/9593 of epoch 0,  NE 0.868685, loss 0.499046, accuracy 77.649 %, best 77.759 %
Finished training it 2752/9593 of epoch 0, 20.48 ms/it, NE 0.899758, loss 0.492766
Testing at - 2752/9593 of epoch 0,  NE 0.869035, loss 0.499247, accuracy 77.398 %, best 77.759 %
Finished training it 2784/9593 of epoch 0, 20.30 ms/it, NE 0.899381, loss 0.494766
Testing at - 2784/9593 of epoch 0,  NE 0.870874, loss 0.500304, accuracy 77.460 %, best 77.759 %
Finished training it 2816/9593 of epoch 0, 20.10 ms/it, NE 0.899002, loss 0.491632
Testing at - 2816/9593 of epoch 0,  NE 0.872700, loss 0.501352, accuracy 77.295 %, best 77.759 %
Finished training it 2848/9593 of epoch 0, 19.41 ms/it, NE 0.898654, loss 0.492861
Testing at - 2848/9593 of epoch 0,  NE 0.863295, loss 0.495949, accuracy 77.832 %, best 77.832 %
Finished training it 2880/9593 of epoch 0, 22.85 ms/it, NE 0.898292, loss 0.493751
Testing at - 2880/9593 of epoch 0,  NE 0.878853, loss 0.504887, accuracy 77.356 %, best 77.832 %
Finished training it 2912/9593 of epoch 0, 19.70 ms/it, NE 0.897990, loss 0.495744
Testing at - 2912/9593 of epoch 0,  NE 0.861363, loss 0.494839, accuracy 77.846 %, best 77.846 %
Finished training it 2944/9593 of epoch 0, 19.83 ms/it, NE 0.897591, loss 0.488863
Testing at - 2944/9593 of epoch 0,  NE 0.874992, loss 0.502669, accuracy 77.189 %, best 77.846 %
Finished training it 2976/9593 of epoch 0, 21.97 ms/it, NE 0.897208, loss 0.489732
Testing at - 2976/9593 of epoch 0,  NE 0.878813, loss 0.504864, accuracy 77.023 %, best 77.846 %
Finished training it 3008/9593 of epoch 0, 22.04 ms/it, NE 0.896934, loss 0.496388
Testing at - 3008/9593 of epoch 0,  NE 0.865556, loss 0.497248, accuracy 77.865 %, best 77.865 %
Finished training it 3040/9593 of epoch 0, 26.48 ms/it, NE 0.896605, loss 0.491201
Testing at - 3040/9593 of epoch 0,  NE 0.869082, loss 0.499274, accuracy 77.478 %, best 77.865 %
Finished training it 3072/9593 of epoch 0, 24.85 ms/it, NE 0.896252, loss 0.489237
Testing at - 3072/9593 of epoch 0,  NE 0.858539, loss 0.493217, accuracy 77.890 %, best 77.890 %
Finished training it 3104/9593 of epoch 0, 22.84 ms/it, NE 0.895914, loss 0.490306
Testing at - 3104/9593 of epoch 0,  NE 0.865587, loss 0.497266, accuracy 77.717 %, best 77.890 %
Finished training it 3136/9593 of epoch 0, 23.24 ms/it, NE 0.895617, loss 0.493353
Testing at - 3136/9593 of epoch 0,  NE 0.873460, loss 0.501789, accuracy 77.449 %, best 77.890 %
Finished training it 3168/9593 of epoch 0, 25.73 ms/it, NE 0.895265, loss 0.491381
Testing at - 3168/9593 of epoch 0,  NE 0.859251, loss 0.493626, accuracy 77.915 %, best 77.915 %
Finished training it 3200/9593 of epoch 0, 24.69 ms/it, NE 0.894937, loss 0.491240
Testing at - 3200/9593 of epoch 0,  NE 0.857286, loss 0.492497, accuracy 77.951 %, best 77.951 %
Finished training it 3232/9593 of epoch 0, 22.18 ms/it, NE 0.894642, loss 0.491800
Testing at - 3232/9593 of epoch 0,  NE 0.867700, loss 0.498480, accuracy 77.683 %, best 77.951 %
Finished training it 3264/9593 of epoch 0, 31.73 ms/it, NE 0.894369, loss 0.492649
Testing at - 3264/9593 of epoch 0,  NE 0.869097, loss 0.499282, accuracy 77.454 %, best 77.951 %
Finished training it 3296/9593 of epoch 0, 25.48 ms/it, NE 0.894081, loss 0.489550
Testing at - 3296/9593 of epoch 0,  NE 0.855685, loss 0.491578, accuracy 77.985 %, best 77.985 %
Finished training it 3328/9593 of epoch 0, 22.06 ms/it, NE 0.893757, loss 0.487739
Testing at - 3328/9593 of epoch 0,  NE 0.855159, loss 0.491275, accuracy 77.941 %, best 77.985 %
Finished training it 3360/9593 of epoch 0, 21.48 ms/it, NE 0.893474, loss 0.491047
Testing at - 3360/9593 of epoch 0,  NE 0.864991, loss 0.496924, accuracy 77.563 %, best 77.985 %
Finished training it 3392/9593 of epoch 0, 25.22 ms/it, NE 0.893146, loss 0.489526
Testing at - 3392/9593 of epoch 0,  NE 0.855096, loss 0.491239, accuracy 77.982 %, best 77.985 %
Finished training it 3424/9593 of epoch 0, 20.28 ms/it, NE 0.892849, loss 0.490406
Testing at - 3424/9593 of epoch 0,  NE 0.860958, loss 0.494606, accuracy 77.801 %, best 77.985 %
Finished training it 3456/9593 of epoch 0, 19.93 ms/it, NE 0.892570, loss 0.489614
Testing at - 3456/9593 of epoch 0,  NE 0.859635, loss 0.493847, accuracy 77.775 %, best 77.985 %
Finished training it 3488/9593 of epoch 0, 20.68 ms/it, NE 0.892272, loss 0.489836
Testing at - 3488/9593 of epoch 0,  NE 0.861044, loss 0.494656, accuracy 77.786 %, best 77.985 %
Finished training it 3520/9593 of epoch 0, 21.66 ms/it, NE 0.892000, loss 0.490573
Testing at - 3520/9593 of epoch 0,  NE 0.856922, loss 0.492288, accuracy 78.040 %, best 78.040 %
Finished training it 3552/9593 of epoch 0, 23.29 ms/it, NE 0.891705, loss 0.489525
Testing at - 3552/9593 of epoch 0,  NE 0.857792, loss 0.492788, accuracy 77.868 %, best 78.040 %
Finished training it 3584/9593 of epoch 0, 23.31 ms/it, NE 0.891437, loss 0.488463
Testing at - 3584/9593 of epoch 0,  NE 0.852671, loss 0.489846, accuracy 78.040 %, best 78.040 %
Finished training it 3616/9593 of epoch 0, 18.99 ms/it, NE 0.891143, loss 0.488701
Testing at - 3616/9593 of epoch 0,  NE 0.855965, loss 0.491739, accuracy 77.935 %, best 78.040 %
Finished training it 3648/9593 of epoch 0, 19.61 ms/it, NE 0.890862, loss 0.487219
Testing at - 3648/9593 of epoch 0,  NE 0.854137, loss 0.490688, accuracy 78.022 %, best 78.040 %
Finished training it 3680/9593 of epoch 0, 25.57 ms/it, NE 0.890567, loss 0.487617
Testing at - 3680/9593 of epoch 0,  NE 0.853383, loss 0.490255, accuracy 77.994 %, best 78.040 %
Finished training it 3712/9593 of epoch 0, 23.36 ms/it, NE 0.890289, loss 0.488834
Testing at - 3712/9593 of epoch 0,  NE 0.887275, loss 0.509725, accuracy 76.629 %, best 78.040 %
Finished training it 3744/9593 of epoch 0, 20.20 ms/it, NE 0.890025, loss 0.491874
Testing at - 3744/9593 of epoch 0,  NE 0.854468, loss 0.490878, accuracy 78.023 %, best 78.040 %
Finished training it 3776/9593 of epoch 0, 19.16 ms/it, NE 0.889734, loss 0.484501
Testing at - 3776/9593 of epoch 0,  NE 0.849845, loss 0.488222, accuracy 78.122 %, best 78.122 %
Finished training it 3808/9593 of epoch 0, 38.94 ms/it, NE 0.889437, loss 0.485874
Testing at - 3808/9593 of epoch 0,  NE 0.856459, loss 0.492022, accuracy 77.845 %, best 78.122 %
Finished training it 3840/9593 of epoch 0, 19.61 ms/it, NE 0.889161, loss 0.487720
Testing at - 3840/9593 of epoch 0,  NE 0.852157, loss 0.489551, accuracy 78.028 %, best 78.122 %
Finished training it 3872/9593 of epoch 0, 19.98 ms/it, NE 0.888894, loss 0.488608
Testing at - 3872/9593 of epoch 0,  NE 0.855277, loss 0.491343, accuracy 78.016 %, best 78.122 %
Finished training it 3904/9593 of epoch 0, 19.81 ms/it, NE 0.888623, loss 0.485847
Testing at - 3904/9593 of epoch 0,  NE 0.851195, loss 0.488998, accuracy 78.032 %, best 78.122 %
Finished training it 3936/9593 of epoch 0, 24.56 ms/it, NE 0.888361, loss 0.488827
Testing at - 3936/9593 of epoch 0,  NE 0.863141, loss 0.495861, accuracy 77.577 %, best 78.122 %
Finished training it 3968/9593 of epoch 0, 22.15 ms/it, NE 0.888095, loss 0.487260
Testing at - 3968/9593 of epoch 0,  NE 0.851073, loss 0.488928, accuracy 78.065 %, best 78.122 %
Finished training it 4000/9593 of epoch 0, 21.77 ms/it, NE 0.887812, loss 0.483831
Testing at - 4000/9593 of epoch 0,  NE 0.851935, loss 0.489423, accuracy 77.989 %, best 78.122 %
Finished training it 4032/9593 of epoch 0, 20.43 ms/it, NE 0.887542, loss 0.485533
Testing at - 4032/9593 of epoch 0,  NE 0.852131, loss 0.489536, accuracy 78.139 %, best 78.139 %
Finished training it 4064/9593 of epoch 0, 25.60 ms/it, NE 0.887286, loss 0.487717
Testing at - 4064/9593 of epoch 0,  NE 0.863879, loss 0.496285, accuracy 77.610 %, best 78.139 %
Finished training it 4096/9593 of epoch 0, 21.01 ms/it, NE 0.887054, loss 0.487375
Testing at - 4096/9593 of epoch 0,  NE 0.856672, loss 0.492145, accuracy 77.984 %, best 78.139 %
Finished training it 4128/9593 of epoch 0, 31.70 ms/it, NE 0.886807, loss 0.487421
Testing at - 4128/9593 of epoch 0,  NE 0.854769, loss 0.491051, accuracy 78.103 %, best 78.139 %
Finished training it 4160/9593 of epoch 0, 20.98 ms/it, NE 0.886572, loss 0.486681
Testing at - 4160/9593 of epoch 0,  NE 0.859274, loss 0.493639, accuracy 77.860 %, best 78.139 %
Finished training it 4192/9593 of epoch 0, 24.51 ms/it, NE 0.886335, loss 0.487343
Testing at - 4192/9593 of epoch 0,  NE 0.851906, loss 0.489406, accuracy 78.111 %, best 78.139 %
Finished training it 4224/9593 of epoch 0, 35.53 ms/it, NE 0.886085, loss 0.483480
Testing at - 4224/9593 of epoch 0,  NE 0.849405, loss 0.487970, accuracy 78.162 %, best 78.162 %
Finished training it 4256/9593 of epoch 0, 23.82 ms/it, NE 0.885878, loss 0.487951
Testing at - 4256/9593 of epoch 0,  NE 0.850623, loss 0.488669, accuracy 78.151 %, best 78.162 %
Finished training it 4288/9593 of epoch 0, 21.14 ms/it, NE 0.885616, loss 0.483993
Testing at - 4288/9593 of epoch 0,  NE 0.849751, loss 0.488168, accuracy 78.166 %, best 78.166 %
Finished training it 4320/9593 of epoch 0, 30.42 ms/it, NE 0.885385, loss 0.487420
Testing at - 4320/9593 of epoch 0,  NE 0.848655, loss 0.487539, accuracy 78.178 %, best 78.178 %
Finished training it 4352/9593 of epoch 0, 21.61 ms/it, NE 0.885141, loss 0.484219
Testing at - 4352/9593 of epoch 0,  NE 0.855389, loss 0.491408, accuracy 77.711 %, best 78.178 %
Finished training it 4384/9593 of epoch 0, 22.46 ms/it, NE 0.884893, loss 0.484236
Testing at - 4384/9593 of epoch 0,  NE 0.852276, loss 0.489619, accuracy 78.007 %, best 78.178 %
Finished training it 4416/9593 of epoch 0, 22.01 ms/it, NE 0.884670, loss 0.484404
Testing at - 4416/9593 of epoch 0,  NE 0.851088, loss 0.488937, accuracy 78.058 %, best 78.178 %
Finished training it 4448/9593 of epoch 0, 28.80 ms/it, NE 0.884424, loss 0.482206
Testing at - 4448/9593 of epoch 0,  NE 0.849132, loss 0.487813, accuracy 78.066 %, best 78.178 %
Finished training it 4480/9593 of epoch 0, 26.47 ms/it, NE 0.884183, loss 0.482314
Testing at - 4480/9593 of epoch 0,  NE 0.853788, loss 0.490487, accuracy 77.924 %, best 78.178 %
Finished training it 4512/9593 of epoch 0, 22.35 ms/it, NE 0.883973, loss 0.484682
Testing at - 4512/9593 of epoch 0,  NE 0.846840, loss 0.486496, accuracy 78.213 %, best 78.213 %
Finished training it 4544/9593 of epoch 0, 23.37 ms/it, NE 0.883731, loss 0.485980
Testing at - 4544/9593 of epoch 0,  NE 0.848115, loss 0.487228, accuracy 78.208 %, best 78.213 %
Finished training it 4576/9593 of epoch 0, 23.74 ms/it, NE 0.883494, loss 0.482507
Testing at - 4576/9593 of epoch 0,  NE 0.846455, loss 0.486275, accuracy 78.225 %, best 78.225 %
Finished training it 4608/9593 of epoch 0, 29.32 ms/it, NE 0.883291, loss 0.484650
Testing at - 4608/9593 of epoch 0,  NE 0.853482, loss 0.490312, accuracy 78.028 %, best 78.225 %
Finished training it 4640/9593 of epoch 0, 20.12 ms/it, NE 0.883037, loss 0.481071
Testing at - 4640/9593 of epoch 0,  NE 0.852737, loss 0.489884, accuracy 77.912 %, best 78.225 %
Finished training it 4672/9593 of epoch 0, 20.52 ms/it, NE 0.882787, loss 0.481110
Testing at - 4672/9593 of epoch 0,  NE 0.851739, loss 0.489310, accuracy 77.994 %, best 78.225 %
Finished training it 4704/9593 of epoch 0, 24.18 ms/it, NE 0.882572, loss 0.482482
Testing at - 4704/9593 of epoch 0,  NE 0.849128, loss 0.487810, accuracy 77.990 %, best 78.225 %
Finished training it 4736/9593 of epoch 0, 25.18 ms/it, NE 0.882354, loss 0.482250
Testing at - 4736/9593 of epoch 0,  NE 0.848581, loss 0.487496, accuracy 78.131 %, best 78.225 %
Finished training it 4768/9593 of epoch 0, 19.94 ms/it, NE 0.882107, loss 0.479351
Testing at - 4768/9593 of epoch 0,  NE 0.843480, loss 0.484566, accuracy 78.262 %, best 78.262 %
Finished training it 4800/9593 of epoch 0, 20.63 ms/it, NE 0.881868, loss 0.481400
Testing at - 4800/9593 of epoch 0,  NE 0.843880, loss 0.484796, accuracy 78.264 %, best 78.264 %
Finished training it 4832/9593 of epoch 0, 27.31 ms/it, NE 0.881652, loss 0.482447
Testing at - 4832/9593 of epoch 0,  NE 0.853589, loss 0.490373, accuracy 78.003 %, best 78.264 %
Finished training it 4864/9593 of epoch 0, 24.66 ms/it, NE 0.881437, loss 0.481825
Testing at - 4864/9593 of epoch 0,  NE 0.853648, loss 0.490407, accuracy 77.837 %, best 78.264 %
Finished training it 4896/9593 of epoch 0, 27.40 ms/it, NE 0.881223, loss 0.482234
Testing at - 4896/9593 of epoch 0,  NE 0.844188, loss 0.484973, accuracy 78.256 %, best 78.264 %
Finished training it 4928/9593 of epoch 0, 22.20 ms/it, NE 0.880984, loss 0.477952
Testing at - 4928/9593 of epoch 0,  NE 0.844642, loss 0.485233, accuracy 78.213 %, best 78.264 %
Finished training it 4960/9593 of epoch 0, 21.16 ms/it, NE 0.880749, loss 0.481448
Testing at - 4960/9593 of epoch 0,  NE 0.849674, loss 0.488124, accuracy 78.120 %, best 78.264 %
Finished training it 4992/9593 of epoch 0, 23.18 ms/it, NE 0.880531, loss 0.481186
Testing at - 4992/9593 of epoch 0,  NE 0.856977, loss 0.492320, accuracy 77.842 %, best 78.264 %
Finished training it 5024/9593 of epoch 0, 24.04 ms/it, NE 0.880325, loss 0.481666
Testing at - 5024/9593 of epoch 0,  NE 0.848930, loss 0.487697, accuracy 78.161 %, best 78.264 %
Finished training it 5056/9593 of epoch 0, 23.97 ms/it, NE 0.880130, loss 0.482724
Testing at - 5056/9593 of epoch 0,  NE 0.846130, loss 0.486088, accuracy 78.243 %, best 78.264 %
Finished training it 5088/9593 of epoch 0, 20.87 ms/it, NE 0.879935, loss 0.482372
Testing at - 5088/9593 of epoch 0,  NE 0.862248, loss 0.495348, accuracy 77.454 %, best 78.264 %
Finished training it 5120/9593 of epoch 0, 23.82 ms/it, NE 0.879736, loss 0.483215
Testing at - 5120/9593 of epoch 0,  NE 0.848830, loss 0.487639, accuracy 78.169 %, best 78.264 %
Finished training it 5152/9593 of epoch 0, 26.37 ms/it, NE 0.879555, loss 0.482017
Testing at - 5152/9593 of epoch 0,  NE 0.850683, loss 0.488704, accuracy 78.080 %, best 78.264 %
Finished training it 5184/9593 of epoch 0, 23.81 ms/it, NE 0.879351, loss 0.481124
Testing at - 5184/9593 of epoch 0,  NE 0.855990, loss 0.491753, accuracy 77.785 %, best 78.264 %
Finished training it 5216/9593 of epoch 0, 22.88 ms/it, NE 0.879170, loss 0.484381
Testing at - 5216/9593 of epoch 0,  NE 0.846216, loss 0.486138, accuracy 78.285 %, best 78.285 %
Finished training it 5248/9593 of epoch 0, 31.97 ms/it, NE 0.878985, loss 0.482575
Testing at - 5248/9593 of epoch 0,  NE 0.845661, loss 0.485819, accuracy 78.258 %, best 78.285 %
Finished training it 5280/9593 of epoch 0, 24.98 ms/it, NE 0.878812, loss 0.482686
Testing at - 5280/9593 of epoch 0,  NE 0.845012, loss 0.485446, accuracy 78.299 %, best 78.299 %
Finished training it 5312/9593 of epoch 0, 23.02 ms/it, NE 0.878619, loss 0.481778
Testing at - 5312/9593 of epoch 0,  NE 0.842644, loss 0.484085, accuracy 78.301 %, best 78.301 %
Finished training it 5344/9593 of epoch 0, 29.51 ms/it, NE 0.878418, loss 0.478884
Testing at - 5344/9593 of epoch 0,  NE 0.848173, loss 0.487262, accuracy 78.039 %, best 78.301 %
Finished training it 5376/9593 of epoch 0, 22.89 ms/it, NE 0.878215, loss 0.478481
Testing at - 5376/9593 of epoch 0,  NE 0.841190, loss 0.483250, accuracy 78.349 %, best 78.349 %
Finished training it 5408/9593 of epoch 0, 22.76 ms/it, NE 0.878031, loss 0.482435
Testing at - 5408/9593 of epoch 0,  NE 0.852656, loss 0.489838, accuracy 77.994 %, best 78.349 %
Finished training it 5440/9593 of epoch 0, 23.15 ms/it, NE 0.877845, loss 0.481334
Testing at - 5440/9593 of epoch 0,  NE 0.844167, loss 0.484960, accuracy 78.267 %, best 78.349 %
Finished training it 5472/9593 of epoch 0, 26.81 ms/it, NE 0.877631, loss 0.478282
Testing at - 5472/9593 of epoch 0,  NE 0.841420, loss 0.483382, accuracy 78.335 %, best 78.349 %
Finished training it 5504/9593 of epoch 0, 25.19 ms/it, NE 0.877444, loss 0.479923
Testing at - 5504/9593 of epoch 0,  NE 0.844018, loss 0.484875, accuracy 78.248 %, best 78.349 %
Finished training it 5536/9593 of epoch 0, 22.84 ms/it, NE 0.877238, loss 0.477877
Testing at - 5536/9593 of epoch 0,  NE 0.842791, loss 0.484170, accuracy 78.284 %, best 78.349 %
Finished training it 5568/9593 of epoch 0, 19.08 ms/it, NE 0.877028, loss 0.477125
Testing at - 5568/9593 of epoch 0,  NE 0.843462, loss 0.484555, accuracy 78.210 %, best 78.349 %
Finished training it 5600/9593 of epoch 0, 20.73 ms/it, NE 0.876857, loss 0.481347
Testing at - 5600/9593 of epoch 0,  NE 0.845031, loss 0.485457, accuracy 78.290 %, best 78.349 %
Finished training it 5632/9593 of epoch 0, 20.16 ms/it, NE 0.876680, loss 0.480564
Testing at - 5632/9593 of epoch 0,  NE 0.844582, loss 0.485199, accuracy 78.286 %, best 78.349 %
Finished training it 5664/9593 of epoch 0, 21.47 ms/it, NE 0.876522, loss 0.482226
Testing at - 5664/9593 of epoch 0,  NE 0.843071, loss 0.484331, accuracy 78.340 %, best 78.349 %
Finished training it 5696/9593 of epoch 0, 19.92 ms/it, NE 0.876343, loss 0.480582
Testing at - 5696/9593 of epoch 0,  NE 0.843794, loss 0.484746, accuracy 78.300 %, best 78.349 %
Finished training it 5728/9593 of epoch 0, 20.84 ms/it, NE 0.876183, loss 0.481135
Testing at - 5728/9593 of epoch 0,  NE 0.845400, loss 0.485669, accuracy 78.285 %, best 78.349 %
Finished training it 5760/9593 of epoch 0, 19.45 ms/it, NE 0.875993, loss 0.478691
Testing at - 5760/9593 of epoch 0,  NE 0.841519, loss 0.483439, accuracy 78.371 %, best 78.371 %
Finished training it 5792/9593 of epoch 0, 21.01 ms/it, NE 0.875808, loss 0.479782
Testing at - 5792/9593 of epoch 0,  NE 0.849770, loss 0.488179, accuracy 78.043 %, best 78.371 %
Finished training it 5824/9593 of epoch 0, 20.25 ms/it, NE 0.875648, loss 0.480705
Testing at - 5824/9593 of epoch 0,  NE 0.841144, loss 0.483224, accuracy 78.337 %, best 78.371 %
Finished training it 5856/9593 of epoch 0, 20.75 ms/it, NE 0.875456, loss 0.479178
Testing at - 5856/9593 of epoch 0,  NE 0.841429, loss 0.483387, accuracy 78.372 %, best 78.372 %
Finished training it 5888/9593 of epoch 0, 19.96 ms/it, NE 0.875288, loss 0.478815
Testing at - 5888/9593 of epoch 0,  NE 0.840200, loss 0.482682, accuracy 78.382 %, best 78.382 %
Finished training it 5920/9593 of epoch 0, 21.23 ms/it, NE 0.875129, loss 0.482257
Testing at - 5920/9593 of epoch 0,  NE 0.844361, loss 0.485072, accuracy 78.312 %, best 78.382 %
Finished training it 5952/9593 of epoch 0, 20.77 ms/it, NE 0.875002, loss 0.481738
Testing at - 5952/9593 of epoch 0,  NE 0.840671, loss 0.482952, accuracy 78.359 %, best 78.382 %
Finished training it 5984/9593 of epoch 0, 21.71 ms/it, NE 0.874843, loss 0.479343
Testing at - 5984/9593 of epoch 0,  NE 0.839971, loss 0.482550, accuracy 78.395 %, best 78.395 %
Finished training it 6016/9593 of epoch 0, 23.66 ms/it, NE 0.874676, loss 0.477679
Testing at - 6016/9593 of epoch 0,  NE 0.843746, loss 0.484718, accuracy 78.332 %, best 78.395 %
Finished training it 6048/9593 of epoch 0, 20.22 ms/it, NE 0.874519, loss 0.480868
Testing at - 6048/9593 of epoch 0,  NE 0.841687, loss 0.483536, accuracy 78.378 %, best 78.395 %
Finished training it 6080/9593 of epoch 0, 21.42 ms/it, NE 0.874345, loss 0.478933
Testing at - 6080/9593 of epoch 0,  NE 0.842147, loss 0.483800, accuracy 78.340 %, best 78.395 %
Finished training it 6112/9593 of epoch 0, 21.65 ms/it, NE 0.874182, loss 0.481346
Testing at - 6112/9593 of epoch 0,  NE 0.841499, loss 0.483428, accuracy 78.319 %, best 78.395 %
Finished training it 6144/9593 of epoch 0, 22.84 ms/it, NE 0.874011, loss 0.478885
Testing at - 6144/9593 of epoch 0,  NE 0.843275, loss 0.484448, accuracy 78.181 %, best 78.395 %
Finished training it 6176/9593 of epoch 0, 23.91 ms/it, NE 0.873837, loss 0.479286
Testing at - 6176/9593 of epoch 0,  NE 0.842997, loss 0.484289, accuracy 78.259 %, best 78.395 %
Finished training it 6208/9593 of epoch 0, 29.57 ms/it, NE 0.873677, loss 0.479647
Testing at - 6208/9593 of epoch 0,  NE 0.840728, loss 0.482985, accuracy 78.332 %, best 78.395 %
Finished training it 6240/9593 of epoch 0, 23.24 ms/it, NE 0.873537, loss 0.482242
Testing at - 6240/9593 of epoch 0,  NE 0.841211, loss 0.483262, accuracy 78.406 %, best 78.406 %
Finished training it 6272/9593 of epoch 0, 28.48 ms/it, NE 0.873375, loss 0.478238
Testing at - 6272/9593 of epoch 0,  NE 0.848719, loss 0.487576, accuracy 78.045 %, best 78.406 %
Finished training it 6304/9593 of epoch 0, 21.59 ms/it, NE 0.873236, loss 0.480457
Testing at - 6304/9593 of epoch 0,  NE 0.841506, loss 0.483432, accuracy 78.379 %, best 78.406 %
Finished training it 6336/9593 of epoch 0, 21.86 ms/it, NE 0.873090, loss 0.478511
Testing at - 6336/9593 of epoch 0,  NE 0.841045, loss 0.483167, accuracy 78.328 %, best 78.406 %
Finished training it 6368/9593 of epoch 0, 20.50 ms/it, NE 0.872925, loss 0.476667
Testing at - 6368/9593 of epoch 0,  NE 0.851953, loss 0.489434, accuracy 77.812 %, best 78.406 %
Finished training it 6400/9593 of epoch 0, 22.33 ms/it, NE 0.872759, loss 0.476760
Testing at - 6400/9593 of epoch 0,  NE 0.849803, loss 0.488198, accuracy 77.947 %, best 78.406 %
Finished training it 6432/9593 of epoch 0, 25.07 ms/it, NE 0.872618, loss 0.478919
Testing at - 6432/9593 of epoch 0,  NE 0.839607, loss 0.482341, accuracy 78.406 %, best 78.406 %
Finished training it 6464/9593 of epoch 0, 24.76 ms/it, NE 0.872472, loss 0.476414
Testing at - 6464/9593 of epoch 0,  NE 0.845425, loss 0.485683, accuracy 78.175 %, best 78.406 %
Finished training it 6496/9593 of epoch 0, 28.19 ms/it, NE 0.872317, loss 0.477810
Testing at - 6496/9593 of epoch 0,  NE 0.837693, loss 0.481241, accuracy 78.431 %, best 78.431 %
Finished training it 6528/9593 of epoch 0, 24.29 ms/it, NE 0.872168, loss 0.479967
Testing at - 6528/9593 of epoch 0,  NE 0.844471, loss 0.485135, accuracy 78.241 %, best 78.431 %
Finished training it 6560/9593 of epoch 0, 23.04 ms/it, NE 0.872003, loss 0.476402
Testing at - 6560/9593 of epoch 0,  NE 0.842024, loss 0.483730, accuracy 78.300 %, best 78.431 %
Finished training it 6592/9593 of epoch 0, 20.77 ms/it, NE 0.871846, loss 0.478434
Testing at - 6592/9593 of epoch 0,  NE 0.839122, loss 0.482062, accuracy 78.365 %, best 78.431 %
Finished training it 6624/9593 of epoch 0, 22.75 ms/it, NE 0.871700, loss 0.477959
Testing at - 6624/9593 of epoch 0,  NE 0.837752, loss 0.481275, accuracy 78.446 %, best 78.446 %
Finished training it 6656/9593 of epoch 0, 23.62 ms/it, NE 0.871530, loss 0.473791
Testing at - 6656/9593 of epoch 0,  NE 0.836059, loss 0.480302, accuracy 78.463 %, best 78.463 %
Finished training it 6688/9593 of epoch 0, 26.63 ms/it, NE 0.871367, loss 0.477078
Testing at - 6688/9593 of epoch 0,  NE 0.841377, loss 0.483358, accuracy 78.231 %, best 78.463 %
Finished training it 6720/9593 of epoch 0, 23.11 ms/it, NE 0.871217, loss 0.476462
Testing at - 6720/9593 of epoch 0,  NE 0.841952, loss 0.483688, accuracy 78.241 %, best 78.463 %
Finished training it 6752/9593 of epoch 0, 21.80 ms/it, NE 0.871035, loss 0.474457
Testing at - 6752/9593 of epoch 0,  NE 0.840814, loss 0.483034, accuracy 78.263 %, best 78.463 %
Finished training it 6784/9593 of epoch 0, 28.28 ms/it, NE 0.870879, loss 0.476116
Testing at - 6784/9593 of epoch 0,  NE 0.837313, loss 0.481023, accuracy 78.384 %, best 78.463 %
Finished training it 6816/9593 of epoch 0, 30.29 ms/it, NE 0.870743, loss 0.477868
Testing at - 6816/9593 of epoch 0,  NE 0.839855, loss 0.482483, accuracy 78.333 %, best 78.463 %
Finished training it 6848/9593 of epoch 0, 25.25 ms/it, NE 0.870583, loss 0.475769
Testing at - 6848/9593 of epoch 0,  NE 0.838096, loss 0.481473, accuracy 78.370 %, best 78.463 %
Finished training it 6880/9593 of epoch 0, 23.10 ms/it, NE 0.870434, loss 0.476346
Testing at - 6880/9593 of epoch 0,  NE 0.836688, loss 0.480664, accuracy 78.449 %, best 78.463 %
Finished training it 6912/9593 of epoch 0, 25.98 ms/it, NE 0.870269, loss 0.473409
Testing at - 6912/9593 of epoch 0,  NE 0.839580, loss 0.482325, accuracy 78.260 %, best 78.463 %
Finished training it 6944/9593 of epoch 0, 25.09 ms/it, NE 0.870132, loss 0.478437
Testing at - 6944/9593 of epoch 0,  NE 0.837487, loss 0.481123, accuracy 78.451 %, best 78.463 %
Finished training it 6976/9593 of epoch 0, 22.98 ms/it, NE 0.869968, loss 0.476372
Testing at - 6976/9593 of epoch 0,  NE 0.848022, loss 0.487175, accuracy 77.989 %, best 78.463 %
Finished training it 7008/9593 of epoch 0, 20.86 ms/it, NE 0.869846, loss 0.479641
Testing at - 7008/9593 of epoch 0,  NE 0.840094, loss 0.482621, accuracy 78.292 %, best 78.463 %
Finished training it 7040/9593 of epoch 0, 25.66 ms/it, NE 0.869719, loss 0.480670
Testing at - 7040/9593 of epoch 0,  NE 0.846423, loss 0.486257, accuracy 78.094 %, best 78.463 %
Finished training it 7072/9593 of epoch 0, 23.46 ms/it, NE 0.869573, loss 0.475471
Testing at - 7072/9593 of epoch 0,  NE 0.837490, loss 0.481125, accuracy 78.448 %, best 78.463 %
Finished training it 7104/9593 of epoch 0, 21.28 ms/it, NE 0.869437, loss 0.478938
Testing at - 7104/9593 of epoch 0,  NE 0.836563, loss 0.480592, accuracy 78.454 %, best 78.463 %
Finished training it 7136/9593 of epoch 0, 21.69 ms/it, NE 0.869319, loss 0.478237
Testing at - 7136/9593 of epoch 0,  NE 0.838173, loss 0.481517, accuracy 78.343 %, best 78.463 %
Finished training it 7168/9593 of epoch 0, 20.78 ms/it, NE 0.869164, loss 0.475474
Testing at - 7168/9593 of epoch 0,  NE 0.836704, loss 0.480673, accuracy 78.440 %, best 78.463 %
Finished training it 7200/9593 of epoch 0, 26.11 ms/it, NE 0.869016, loss 0.474686
Testing at - 7200/9593 of epoch 0,  NE 0.836320, loss 0.480452, accuracy 78.481 %, best 78.481 %
Finished training it 7232/9593 of epoch 0, 32.81 ms/it, NE 0.868881, loss 0.476424
Testing at - 7232/9593 of epoch 0,  NE 0.838622, loss 0.481775, accuracy 78.375 %, best 78.481 %
Finished training it 7264/9593 of epoch 0, 20.01 ms/it, NE 0.868751, loss 0.478660
Testing at - 7264/9593 of epoch 0,  NE 0.836882, loss 0.480775, accuracy 78.501 %, best 78.501 %
Finished training it 7296/9593 of epoch 0, 23.79 ms/it, NE 0.868614, loss 0.476476
Testing at - 7296/9593 of epoch 0,  NE 0.835873, loss 0.480196, accuracy 78.424 %, best 78.501 %
Finished training it 7328/9593 of epoch 0, 21.45 ms/it, NE 0.868491, loss 0.477182
Testing at - 7328/9593 of epoch 0,  NE 0.842355, loss 0.483920, accuracy 78.224 %, best 78.501 %
Finished training it 7360/9593 of epoch 0, 20.87 ms/it, NE 0.868369, loss 0.477835
Testing at - 7360/9593 of epoch 0,  NE 0.841700, loss 0.483543, accuracy 78.289 %, best 78.501 %
Finished training it 7392/9593 of epoch 0, 20.04 ms/it, NE 0.868261, loss 0.481893
Testing at - 7392/9593 of epoch 0,  NE 0.842941, loss 0.484256, accuracy 78.203 %, best 78.501 %
Finished training it 7424/9593 of epoch 0, 22.44 ms/it, NE 0.868138, loss 0.475904
Testing at - 7424/9593 of epoch 0,  NE 0.836794, loss 0.480725, accuracy 78.472 %, best 78.501 %
Finished training it 7456/9593 of epoch 0, 22.43 ms/it, NE 0.868014, loss 0.476437
Testing at - 7456/9593 of epoch 0,  NE 0.836023, loss 0.480282, accuracy 78.512 %, best 78.512 %
Finished training it 7488/9593 of epoch 0, 23.80 ms/it, NE 0.867891, loss 0.480516
Testing at - 7488/9593 of epoch 0,  NE 0.842788, loss 0.484168, accuracy 78.301 %, best 78.512 %
Finished training it 7520/9593 of epoch 0, 22.88 ms/it, NE 0.867764, loss 0.476460
Testing at - 7520/9593 of epoch 0,  NE 0.850906, loss 0.488832, accuracy 77.785 %, best 78.512 %
Finished training it 7552/9593 of epoch 0, 20.22 ms/it, NE 0.867647, loss 0.476329
Testing at - 7552/9593 of epoch 0,  NE 0.836281, loss 0.480430, accuracy 78.476 %, best 78.512 %
Finished training it 7584/9593 of epoch 0, 20.67 ms/it, NE 0.867517, loss 0.476513
Testing at - 7584/9593 of epoch 0,  NE 0.836684, loss 0.480662, accuracy 78.422 %, best 78.512 %
Finished training it 7616/9593 of epoch 0, 23.30 ms/it, NE 0.867392, loss 0.475656
Testing at - 7616/9593 of epoch 0,  NE 0.836497, loss 0.480554, accuracy 78.492 %, best 78.512 %
Finished training it 7648/9593 of epoch 0, 27.51 ms/it, NE 0.867277, loss 0.477170
Testing at - 7648/9593 of epoch 0,  NE 0.837997, loss 0.481416, accuracy 78.318 %, best 78.512 %
Finished training it 7680/9593 of epoch 0, 21.93 ms/it, NE 0.867145, loss 0.476057
Testing at - 7680/9593 of epoch 0,  NE 0.837786, loss 0.481295, accuracy 78.435 %, best 78.512 %
Finished training it 7712/9593 of epoch 0, 21.28 ms/it, NE 0.867013, loss 0.474303
Testing at - 7712/9593 of epoch 0,  NE 0.834193, loss 0.479231, accuracy 78.511 %, best 78.512 %
Finished training it 7744/9593 of epoch 0, 20.28 ms/it, NE 0.866884, loss 0.474445
Testing at - 7744/9593 of epoch 0,  NE 0.833561, loss 0.478868, accuracy 78.492 %, best 78.512 %
Finished training it 7776/9593 of epoch 0, 29.65 ms/it, NE 0.866758, loss 0.474593
Testing at - 7776/9593 of epoch 0,  NE 0.841374, loss 0.483356, accuracy 78.301 %, best 78.512 %
Finished training it 7808/9593 of epoch 0, 19.64 ms/it, NE 0.866647, loss 0.477366
Testing at - 7808/9593 of epoch 0,  NE 0.837958, loss 0.481393, accuracy 78.422 %, best 78.512 %
Finished training it 7840/9593 of epoch 0, 23.08 ms/it, NE 0.866526, loss 0.476583
Testing at - 7840/9593 of epoch 0,  NE 0.837185, loss 0.480949, accuracy 78.422 %, best 78.512 %
Finished training it 7872/9593 of epoch 0, 24.26 ms/it, NE 0.866409, loss 0.475719
Testing at - 7872/9593 of epoch 0,  NE 0.835110, loss 0.479757, accuracy 78.493 %, best 78.512 %
Finished training it 7904/9593 of epoch 0, 20.93 ms/it, NE 0.866276, loss 0.475559
Testing at - 7904/9593 of epoch 0,  NE 0.846510, loss 0.486307, accuracy 78.023 %, best 78.512 %
Finished training it 7936/9593 of epoch 0, 21.75 ms/it, NE 0.866146, loss 0.474323
Testing at - 7936/9593 of epoch 0,  NE 0.834255, loss 0.479266, accuracy 78.523 %, best 78.523 %
Finished training it 7968/9593 of epoch 0, 23.20 ms/it, NE 0.866029, loss 0.476140
Testing at - 7968/9593 of epoch 0,  NE 0.839382, loss 0.482211, accuracy 78.417 %, best 78.523 %
Finished training it 8000/9593 of epoch 0, 21.39 ms/it, NE 0.865925, loss 0.477678
Testing at - 8000/9593 of epoch 0,  NE 0.836876, loss 0.480772, accuracy 78.486 %, best 78.523 %
Finished training it 8032/9593 of epoch 0, 28.34 ms/it, NE 0.865800, loss 0.474640
Testing at - 8032/9593 of epoch 0,  NE 0.835297, loss 0.479865, accuracy 78.528 %, best 78.528 %
Finished training it 8064/9593 of epoch 0, 20.75 ms/it, NE 0.865679, loss 0.474885
Testing at - 8064/9593 of epoch 0,  NE 0.841503, loss 0.483430, accuracy 78.292 %, best 78.528 %
Finished training it 8096/9593 of epoch 0, 20.38 ms/it, NE 0.865563, loss 0.473495
Testing at - 8096/9593 of epoch 0,  NE 0.835470, loss 0.479964, accuracy 78.490 %, best 78.528 %
Finished training it 8128/9593 of epoch 0, 25.06 ms/it, NE 0.865451, loss 0.474838
Testing at - 8128/9593 of epoch 0,  NE 0.834400, loss 0.479349, accuracy 78.530 %, best 78.530 %
Finished training it 8160/9593 of epoch 0, 20.14 ms/it, NE 0.865328, loss 0.475647
Testing at - 8160/9593 of epoch 0,  NE 0.835345, loss 0.479893, accuracy 78.467 %, best 78.530 %
Finished training it 8192/9593 of epoch 0, 20.81 ms/it, NE 0.865217, loss 0.474826
Testing at - 8192/9593 of epoch 0,  NE 0.837068, loss 0.480882, accuracy 78.484 %, best 78.530 %
Finished training it 8224/9593 of epoch 0, 22.13 ms/it, NE 0.865103, loss 0.476808
Testing at - 8224/9593 of epoch 0,  NE 0.834537, loss 0.479428, accuracy 78.535 %, best 78.535 %
Finished training it 8256/9593 of epoch 0, 23.30 ms/it, NE 0.865004, loss 0.478725
Testing at - 8256/9593 of epoch 0,  NE 0.836701, loss 0.480672, accuracy 78.503 %, best 78.535 %
Finished training it 8288/9593 of epoch 0, 26.30 ms/it, NE 0.864891, loss 0.474247
Testing at - 8288/9593 of epoch 0,  NE 0.833795, loss 0.479002, accuracy 78.516 %, best 78.535 %
Finished training it 8320/9593 of epoch 0, 32.67 ms/it, NE 0.864774, loss 0.474668
Testing at - 8320/9593 of epoch 0,  NE 0.835406, loss 0.479928, accuracy 78.518 %, best 78.535 %
Finished training it 8352/9593 of epoch 0, 19.75 ms/it, NE 0.864659, loss 0.475880
Testing at - 8352/9593 of epoch 0,  NE 0.838011, loss 0.481424, accuracy 78.395 %, best 78.535 %
Finished training it 8384/9593 of epoch 0, 23.50 ms/it, NE 0.864564, loss 0.477029
Testing at - 8384/9593 of epoch 0,  NE 0.839547, loss 0.482307, accuracy 78.367 %, best 78.535 %
Finished training it 8416/9593 of epoch 0, 22.73 ms/it, NE 0.864454, loss 0.473930
Testing at - 8416/9593 of epoch 0,  NE 0.836007, loss 0.480273, accuracy 78.499 %, best 78.535 %
Finished training it 8448/9593 of epoch 0, 24.62 ms/it, NE 0.864336, loss 0.474817
Testing at - 8448/9593 of epoch 0,  NE 0.833099, loss 0.478602, accuracy 78.563 %, best 78.563 %
Finished training it 8480/9593 of epoch 0, 19.43 ms/it, NE 0.864220, loss 0.472372
Testing at - 8480/9593 of epoch 0,  NE 0.831790, loss 0.477850, accuracy 78.571 %, best 78.571 %
Finished training it 8512/9593 of epoch 0, 21.22 ms/it, NE 0.864104, loss 0.473863
Testing at - 8512/9593 of epoch 0,  NE 0.838068, loss 0.481457, accuracy 78.364 %, best 78.571 %
Finished training it 8544/9593 of epoch 0, 22.18 ms/it, NE 0.864003, loss 0.475451
Testing at - 8544/9593 of epoch 0,  NE 0.833772, loss 0.478989, accuracy 78.590 %, best 78.590 %
Finished training it 8576/9593 of epoch 0, 21.11 ms/it, NE 0.863898, loss 0.475668
Testing at - 8576/9593 of epoch 0,  NE 0.833119, loss 0.478614, accuracy 78.566 %, best 78.590 %
Finished training it 8608/9593 of epoch 0, 20.92 ms/it, NE 0.863792, loss 0.475612
Testing at - 8608/9593 of epoch 0,  NE 0.834451, loss 0.479379, accuracy 78.512 %, best 78.590 %
Finished training it 8640/9593 of epoch 0, 24.66 ms/it, NE 0.863683, loss 0.474475
Testing at - 8640/9593 of epoch 0,  NE 0.836660, loss 0.480648, accuracy 78.487 %, best 78.590 %
Finished training it 8672/9593 of epoch 0, 21.71 ms/it, NE 0.863569, loss 0.471937
Testing at - 8672/9593 of epoch 0,  NE 0.846736, loss 0.486436, accuracy 78.073 %, best 78.590 %
Finished training it 8704/9593 of epoch 0, 23.53 ms/it, NE 0.863466, loss 0.477294
Testing at - 8704/9593 of epoch 0,  NE 0.833782, loss 0.478995, accuracy 78.559 %, best 78.590 %
Finished training it 8736/9593 of epoch 0, 20.91 ms/it, NE 0.863380, loss 0.478993
Testing at - 8736/9593 of epoch 0,  NE 0.834322, loss 0.479305, accuracy 78.550 %, best 78.590 %
Finished training it 8768/9593 of epoch 0, 21.36 ms/it, NE 0.863278, loss 0.475507
Testing at - 8768/9593 of epoch 0,  NE 0.836628, loss 0.480629, accuracy 78.419 %, best 78.590 %
Finished training it 8800/9593 of epoch 0, 21.81 ms/it, NE 0.863184, loss 0.473130
Testing at - 8800/9593 of epoch 0,  NE 0.836014, loss 0.480277, accuracy 78.377 %, best 78.590 %
Finished training it 8832/9593 of epoch 0, 22.17 ms/it, NE 0.863070, loss 0.471273
Testing at - 8832/9593 of epoch 0,  NE 0.833404, loss 0.478777, accuracy 78.472 %, best 78.590 %
Finished training it 8864/9593 of epoch 0, 23.09 ms/it, NE 0.862978, loss 0.476445
Testing at - 8864/9593 of epoch 0,  NE 0.834160, loss 0.479212, accuracy 78.533 %, best 78.590 %
Finished training it 8896/9593 of epoch 0, 24.14 ms/it, NE 0.862880, loss 0.473315
Testing at - 8896/9593 of epoch 0,  NE 0.831670, loss 0.477781, accuracy 78.594 %, best 78.594 %
Finished training it 8928/9593 of epoch 0, 22.58 ms/it, NE 0.862777, loss 0.473315
Testing at - 8928/9593 of epoch 0,  NE 0.835421, loss 0.479936, accuracy 78.506 %, best 78.594 %
Finished training it 8960/9593 of epoch 0, 24.07 ms/it, NE 0.862688, loss 0.476194
Testing at - 8960/9593 of epoch 0,  NE 0.832178, loss 0.478073, accuracy 78.594 %, best 78.594 %
Finished training it 8992/9593 of epoch 0, 42.99 ms/it, NE 0.862589, loss 0.473614
Testing at - 8992/9593 of epoch 0,  NE 0.832115, loss 0.478037, accuracy 78.568 %, best 78.594 %
Finished training it 9024/9593 of epoch 0, 25.23 ms/it, NE 0.862476, loss 0.472271
Testing at - 9024/9593 of epoch 0,  NE 0.835557, loss 0.480014, accuracy 78.360 %, best 78.594 %
Finished training it 9056/9593 of epoch 0, 23.31 ms/it, NE 0.862378, loss 0.472998
Testing at - 9056/9593 of epoch 0,  NE 0.831350, loss 0.477597, accuracy 78.605 %, best 78.605 %
Finished training it 9088/9593 of epoch 0, 22.05 ms/it, NE 0.862294, loss 0.477682
Testing at - 9088/9593 of epoch 0,  NE 0.838552, loss 0.481735, accuracy 78.465 %, best 78.605 %
Finished training it 9120/9593 of epoch 0, 27.81 ms/it, NE 0.862199, loss 0.472374
Testing at - 9120/9593 of epoch 0,  NE 0.838897, loss 0.481933, accuracy 78.349 %, best 78.605 %
Finished training it 9152/9593 of epoch 0, 20.38 ms/it, NE 0.862107, loss 0.477319
Testing at - 9152/9593 of epoch 0,  NE 0.837087, loss 0.480893, accuracy 78.429 %, best 78.605 %
Finished training it 9184/9593 of epoch 0, 20.22 ms/it, NE 0.862009, loss 0.475598
Testing at - 9184/9593 of epoch 0,  NE 0.833430, loss 0.478792, accuracy 78.571 %, best 78.605 %
Finished training it 9216/9593 of epoch 0, 21.71 ms/it, NE 0.861909, loss 0.473574
Testing at - 9216/9593 of epoch 0,  NE 0.832107, loss 0.478032, accuracy 78.558 %, best 78.605 %
Finished training it 9248/9593 of epoch 0, 27.24 ms/it, NE 0.861820, loss 0.474238
Testing at - 9248/9593 of epoch 0,  NE 0.835217, loss 0.479819, accuracy 78.472 %, best 78.605 %
Finished training it 9280/9593 of epoch 0, 30.01 ms/it, NE 0.861725, loss 0.475465
Testing at - 9280/9593 of epoch 0,  NE 0.837010, loss 0.480849, accuracy 78.441 %, best 78.605 %
Finished training it 9312/9593 of epoch 0, 21.36 ms/it, NE 0.861638, loss 0.476854
Testing at - 9312/9593 of epoch 0,  NE 0.833348, loss 0.478745, accuracy 78.595 %, best 78.605 %
Finished training it 9344/9593 of epoch 0, 24.17 ms/it, NE 0.861542, loss 0.476616
Testing at - 9344/9593 of epoch 0,  NE 0.833856, loss 0.479037, accuracy 78.566 %, best 78.605 %
Finished training it 9376/9593 of epoch 0, 24.32 ms/it, NE 0.861446, loss 0.474072
Testing at - 9376/9593 of epoch 0,  NE 0.838793, loss 0.481873, accuracy 78.383 %, best 78.605 %
Finished training it 9408/9593 of epoch 0, 21.35 ms/it, NE 0.861363, loss 0.474105
Testing at - 9408/9593 of epoch 0,  NE 0.835414, loss 0.479932, accuracy 78.517 %, best 78.605 %
Finished training it 9440/9593 of epoch 0, 21.17 ms/it, NE 0.861266, loss 0.473148
Testing at - 9440/9593 of epoch 0,  NE 0.833964, loss 0.479099, accuracy 78.493 %, best 78.605 %
Finished training it 9472/9593 of epoch 0, 22.59 ms/it, NE 0.861172, loss 0.473786
Testing at - 9472/9593 of epoch 0,  NE 0.834939, loss 0.479659, accuracy 78.469 %, best 78.605 %
Finished training it 9504/9593 of epoch 0, 24.21 ms/it, NE 0.861094, loss 0.475887
Testing at - 9504/9593 of epoch 0,  NE 0.834473, loss 0.479392, accuracy 78.554 %, best 78.605 %
Finished training it 9536/9593 of epoch 0, 21.58 ms/it, NE 0.861006, loss 0.472839
Testing at - 9536/9593 of epoch 0,  NE 0.833484, loss 0.478823, accuracy 78.434 %, best 78.605 %
Finished training it 9568/9593 of epoch 0, 19.77 ms/it, NE 0.860900, loss 0.472237
Testing at - 9568/9593 of epoch 0,  NE 0.830267, loss 0.476975, accuracy 78.610 %, best 78.610 %
Finished training it 9593/9593 of epoch 0, 19.94 ms/it, NE 0.860827, loss 0.476076
Testing at - 9593/9593 of epoch 0,  NE 0.832327, loss 0.478159, accuracy 78.587 %, best 78.610 %
