NCCL version 2.9.6+cudaCUDA_MAJOR.CUDA_MINOR
Unable to import mlperf_logging,  No module named 'mlperf_logging'
world size: 1, current rank: 0, local rank: 0
Using 2 GPU(s)...
Reading pre-processed data=./input/kaggleAdDisplayChallenge_processed.npz
Sparse fea = 26, Dense fea = 13
Defined train indices...
Randomized indices across days ...
Split data according to indices...
Reading pre-processed data=./input/kaggleAdDisplayChallenge_processed.npz
Sparse fea = 26, Dense fea = 13
Defined test indices...
Randomized indices across days ...
Split data according to indices...
DLRM_Net(
  (bot_l): Sequential(
    (0): Linear(in_features=13, out_features=512, bias=True)
    (1): ReLU()
    (2): Linear(in_features=512, out_features=256, bias=True)
    (3): ReLU()
    (4): Linear(in_features=256, out_features=64, bias=True)
    (5): ReLU()
    (6): Linear(in_features=64, out_features=16, bias=True)
    (7): ReLU()
  )
  (top_l): Sequential(
    (0): Linear(in_features=367, out_features=512, bias=True)
    (1): ReLU()
    (2): Linear(in_features=512, out_features=256, bias=True)
    (3): ReLU()
    (4): Linear(in_features=256, out_features=1, bias=True)
    (5): Sigmoid()
  )
  (loss_fn): BCELoss()
)
Random uniform embeddings init: 0 size: 1461 dim: 16
Random uniform embeddings init: 1 size: 584 dim: 16
Random uniform embeddings init: 2 size: 10131227 dim: 16
Random uniform embeddings init: 3 size: 2202608 dim: 16
Random uniform embeddings init: 4 size: 306 dim: 16
Random uniform embeddings init: 5 size: 24 dim: 16
Random uniform embeddings init: 6 size: 12518 dim: 16
Random uniform embeddings init: 7 size: 634 dim: 16
Random uniform embeddings init: 8 size: 4 dim: 16
Random uniform embeddings init: 9 size: 93146 dim: 16
Random uniform embeddings init: 10 size: 5684 dim: 16
Random uniform embeddings init: 11 size: 8351593 dim: 16
Random uniform embeddings init: 12 size: 3195 dim: 16
Random uniform embeddings init: 13 size: 28 dim: 16
Random uniform embeddings init: 14 size: 14993 dim: 16
Random uniform embeddings init: 15 size: 5461306 dim: 16
Random uniform embeddings init: 16 size: 11 dim: 16
Random uniform embeddings init: 17 size: 5653 dim: 16
Random uniform embeddings init: 18 size: 2173 dim: 16
Random uniform embeddings init: 19 size: 4 dim: 16
Random uniform embeddings init: 20 size: 7046547 dim: 16
Random uniform embeddings init: 21 size: 18 dim: 16
Random uniform embeddings init: 22 size: 16 dim: 16
Random uniform embeddings init: 23 size: 286181 dim: 16
Random uniform embeddings init: 24 size: 105 dim: 16
Random uniform embeddings init: 25 size: 142572 dim: 16
time/loss/accuracy (if enabled):
Finished training it 32/9593 of epoch 0, 193.06 ms/it, NE 0.983672, loss 0.559420
Testing at - 32/9593 of epoch 0,  NE 0.995033, loss 0.571631, accuracy 74.623 %, best 74.623 %
Finished training it 64/9593 of epoch 0, 18.63 ms/it, NE 0.964066, loss 0.537316
Testing at - 64/9593 of epoch 0,  NE 0.924543, loss 0.531135, accuracy 75.206 %, best 75.206 %
Finished training it 96/9593 of epoch 0, 19.46 ms/it, NE 0.954572, loss 0.531813
Testing at - 96/9593 of epoch 0,  NE 0.929112, loss 0.533760, accuracy 75.371 %, best 75.371 %
Finished training it 128/9593 of epoch 0, 18.29 ms/it, NE 0.947350, loss 0.523010
Testing at - 128/9593 of epoch 0,  NE 0.935084, loss 0.537191, accuracy 75.476 %, best 75.476 %
Finished training it 160/9593 of epoch 0, 16.32 ms/it, NE 0.942721, loss 0.525596
Testing at - 160/9593 of epoch 0,  NE 0.922453, loss 0.529935, accuracy 75.590 %, best 75.590 %
Finished training it 192/9593 of epoch 0, 16.70 ms/it, NE 0.938837, loss 0.522294
Testing at - 192/9593 of epoch 0,  NE 0.928744, loss 0.533549, accuracy 75.341 %, best 75.590 %
Finished training it 224/9593 of epoch 0, 24.30 ms/it, NE 0.935445, loss 0.518689
Testing at - 224/9593 of epoch 0,  NE 0.907676, loss 0.521445, accuracy 75.807 %, best 75.807 %
Finished training it 256/9593 of epoch 0, 24.39 ms/it, NE 0.932651, loss 0.519691
Testing at - 256/9593 of epoch 0,  NE 0.923965, loss 0.530803, accuracy 75.268 %, best 75.807 %
Finished training it 288/9593 of epoch 0, 25.98 ms/it, NE 0.930191, loss 0.516316
Testing at - 288/9593 of epoch 0,  NE 0.912570, loss 0.524257, accuracy 75.387 %, best 75.807 %
Finished training it 320/9593 of epoch 0, 22.35 ms/it, NE 0.928130, loss 0.517510
Testing at - 320/9593 of epoch 0,  NE 0.901382, loss 0.517830, accuracy 75.851 %, best 75.851 %
Finished training it 352/9593 of epoch 0, 20.00 ms/it, NE 0.925980, loss 0.514259
Testing at - 352/9593 of epoch 0,  NE 0.902363, loss 0.518393, accuracy 75.967 %, best 75.967 %
Finished training it 384/9593 of epoch 0, 18.04 ms/it, NE 0.923992, loss 0.509391
Testing at - 384/9593 of epoch 0,  NE 0.899012, loss 0.516468, accuracy 75.981 %, best 75.981 %
Finished training it 416/9593 of epoch 0, 17.89 ms/it, NE 0.922618, loss 0.516555
Testing at - 416/9593 of epoch 0,  NE 0.896118, loss 0.514806, accuracy 76.201 %, best 76.201 %
Finished training it 448/9593 of epoch 0, 18.20 ms/it, NE 0.921135, loss 0.513043
Testing at - 448/9593 of epoch 0,  NE 0.909094, loss 0.522260, accuracy 75.841 %, best 76.201 %
Finished training it 480/9593 of epoch 0, 17.02 ms/it, NE 0.919657, loss 0.510601
Testing at - 480/9593 of epoch 0,  NE 0.894049, loss 0.513617, accuracy 76.278 %, best 76.278 %
Finished training it 512/9593 of epoch 0, 16.21 ms/it, NE 0.918100, loss 0.509968
Testing at - 512/9593 of epoch 0,  NE 0.896805, loss 0.515200, accuracy 76.178 %, best 76.278 %
Finished training it 544/9593 of epoch 0, 16.68 ms/it, NE 0.916804, loss 0.510154
Testing at - 544/9593 of epoch 0,  NE 0.889658, loss 0.511094, accuracy 76.365 %, best 76.365 %
Finished training it 576/9593 of epoch 0, 16.68 ms/it, NE 0.915634, loss 0.509737
Testing at - 576/9593 of epoch 0,  NE 0.897603, loss 0.515658, accuracy 76.210 %, best 76.365 %
Finished training it 608/9593 of epoch 0, 16.17 ms/it, NE 0.914413, loss 0.508497
Testing at - 608/9593 of epoch 0,  NE 0.895601, loss 0.514509, accuracy 76.244 %, best 76.365 %
Finished training it 640/9593 of epoch 0, 15.43 ms/it, NE 0.913465, loss 0.508345
Testing at - 640/9593 of epoch 0,  NE 0.885495, loss 0.508703, accuracy 76.485 %, best 76.485 %
Finished training it 672/9593 of epoch 0, 17.60 ms/it, NE 0.912556, loss 0.508198
Testing at - 672/9593 of epoch 0,  NE 0.888252, loss 0.510287, accuracy 76.508 %, best 76.508 %
Finished training it 704/9593 of epoch 0, 17.78 ms/it, NE 0.911737, loss 0.507809
Testing at - 704/9593 of epoch 0,  NE 0.897245, loss 0.515453, accuracy 76.467 %, best 76.508 %
Finished training it 736/9593 of epoch 0, 16.54 ms/it, NE 0.910671, loss 0.506613
Testing at - 736/9593 of epoch 0,  NE 0.881105, loss 0.506181, accuracy 76.611 %, best 76.611 %
Finished training it 768/9593 of epoch 0, 20.13 ms/it, NE 0.909794, loss 0.504059
Testing at - 768/9593 of epoch 0,  NE 0.890468, loss 0.511560, accuracy 76.190 %, best 76.611 %
Finished training it 800/9593 of epoch 0, 16.20 ms/it, NE 0.908890, loss 0.503878
Testing at - 800/9593 of epoch 0,  NE 0.879525, loss 0.505273, accuracy 76.652 %, best 76.652 %
Finished training it 832/9593 of epoch 0, 21.11 ms/it, NE 0.907920, loss 0.501839
Testing at - 832/9593 of epoch 0,  NE 0.882258, loss 0.506843, accuracy 76.638 %, best 76.652 %
Finished training it 864/9593 of epoch 0, 25.01 ms/it, NE 0.906891, loss 0.499297
Testing at - 864/9593 of epoch 0,  NE 0.877927, loss 0.504355, accuracy 76.728 %, best 76.728 %
Finished training it 896/9593 of epoch 0, 18.18 ms/it, NE 0.906171, loss 0.502422
Testing at - 896/9593 of epoch 0,  NE 0.877814, loss 0.504290, accuracy 76.756 %, best 76.756 %
Finished training it 928/9593 of epoch 0, 23.37 ms/it, NE 0.905393, loss 0.501268
Testing at - 928/9593 of epoch 0,  NE 0.882567, loss 0.507021, accuracy 76.695 %, best 76.756 %
Finished training it 960/9593 of epoch 0, 25.70 ms/it, NE 0.904668, loss 0.502015
Testing at - 960/9593 of epoch 0,  NE 0.881511, loss 0.506414, accuracy 76.665 %, best 76.756 %
Finished training it 992/9593 of epoch 0, 17.50 ms/it, NE 0.903924, loss 0.501814
Testing at - 992/9593 of epoch 0,  NE 0.884520, loss 0.508142, accuracy 76.324 %, best 76.756 %
Finished training it 1024/9593 of epoch 0, 19.31 ms/it, NE 0.903154, loss 0.501364
Testing at - 1024/9593 of epoch 0,  NE 0.898694, loss 0.516285, accuracy 76.005 %, best 76.756 %
Finished training it 1056/9593 of epoch 0, 20.21 ms/it, NE 0.902419, loss 0.500169
Testing at - 1056/9593 of epoch 0,  NE 0.876893, loss 0.503761, accuracy 76.690 %, best 76.756 %
Finished training it 1088/9593 of epoch 0, 23.71 ms/it, NE 0.901745, loss 0.500169
Testing at - 1088/9593 of epoch 0,  NE 0.872316, loss 0.501132, accuracy 76.915 %, best 76.915 %
Finished training it 1120/9593 of epoch 0, 17.49 ms/it, NE 0.901102, loss 0.500493
Testing at - 1120/9593 of epoch 0,  NE 0.872547, loss 0.501264, accuracy 76.961 %, best 76.961 %
Finished training it 1152/9593 of epoch 0, 22.14 ms/it, NE 0.900458, loss 0.499124
Testing at - 1152/9593 of epoch 0,  NE 0.879731, loss 0.505391, accuracy 76.608 %, best 76.961 %
Finished training it 1184/9593 of epoch 0, 21.58 ms/it, NE 0.899817, loss 0.496904
Testing at - 1184/9593 of epoch 0,  NE 0.871132, loss 0.500451, accuracy 76.872 %, best 76.961 %
Finished training it 1216/9593 of epoch 0, 21.52 ms/it, NE 0.899256, loss 0.499816
Testing at - 1216/9593 of epoch 0,  NE 0.871654, loss 0.500751, accuracy 77.033 %, best 77.033 %
Finished training it 1248/9593 of epoch 0, 19.52 ms/it, NE 0.898572, loss 0.496009
Testing at - 1248/9593 of epoch 0,  NE 0.875777, loss 0.503120, accuracy 76.932 %, best 77.033 %
Finished training it 1280/9593 of epoch 0, 17.97 ms/it, NE 0.897906, loss 0.496721
Testing at - 1280/9593 of epoch 0,  NE 0.870809, loss 0.500266, accuracy 76.944 %, best 77.033 %
Finished training it 1312/9593 of epoch 0, 17.99 ms/it, NE 0.897320, loss 0.496601
Testing at - 1312/9593 of epoch 0,  NE 0.868914, loss 0.499177, accuracy 77.111 %, best 77.111 %
Finished training it 1344/9593 of epoch 0, 17.80 ms/it, NE 0.896663, loss 0.492998
Testing at - 1344/9593 of epoch 0,  NE 0.873256, loss 0.501672, accuracy 76.672 %, best 77.111 %
Finished training it 1376/9593 of epoch 0, 16.35 ms/it, NE 0.896171, loss 0.497332
Testing at - 1376/9593 of epoch 0,  NE 0.874866, loss 0.502597, accuracy 76.664 %, best 77.111 %
Finished training it 1408/9593 of epoch 0, 17.62 ms/it, NE 0.895619, loss 0.495774
Testing at - 1408/9593 of epoch 0,  NE 0.876225, loss 0.503377, accuracy 76.535 %, best 77.111 %
Finished training it 1440/9593 of epoch 0, 24.99 ms/it, NE 0.895042, loss 0.495316
Testing at - 1440/9593 of epoch 0,  NE 0.868041, loss 0.498676, accuracy 77.036 %, best 77.111 %
Finished training it 1472/9593 of epoch 0, 18.21 ms/it, NE 0.894570, loss 0.497110
Testing at - 1472/9593 of epoch 0,  NE 0.869156, loss 0.499316, accuracy 77.067 %, best 77.111 %
Finished training it 1504/9593 of epoch 0, 17.95 ms/it, NE 0.893961, loss 0.491568
Testing at - 1504/9593 of epoch 0,  NE 0.861461, loss 0.494895, accuracy 77.203 %, best 77.203 %
Finished training it 1536/9593 of epoch 0, 17.56 ms/it, NE 0.893409, loss 0.491131
Testing at - 1536/9593 of epoch 0,  NE 0.857391, loss 0.492557, accuracy 77.276 %, best 77.276 %
Finished training it 1568/9593 of epoch 0, 16.58 ms/it, NE 0.892810, loss 0.491735
Testing at - 1568/9593 of epoch 0,  NE 0.867338, loss 0.498272, accuracy 76.849 %, best 77.276 %
Finished training it 1600/9593 of epoch 0, 20.96 ms/it, NE 0.892272, loss 0.493528
Testing at - 1600/9593 of epoch 0,  NE 0.865520, loss 0.497228, accuracy 77.267 %, best 77.276 %
Finished training it 1632/9593 of epoch 0, 15.23 ms/it, NE 0.891658, loss 0.491659
Testing at - 1632/9593 of epoch 0,  NE 0.864246, loss 0.496496, accuracy 77.230 %, best 77.276 %
Finished training it 1664/9593 of epoch 0, 17.42 ms/it, NE 0.891106, loss 0.491206
Testing at - 1664/9593 of epoch 0,  NE 0.864682, loss 0.496746, accuracy 77.043 %, best 77.276 %
Finished training it 1696/9593 of epoch 0, 18.34 ms/it, NE 0.890671, loss 0.494078
Testing at - 1696/9593 of epoch 0,  NE 0.863706, loss 0.496185, accuracy 77.267 %, best 77.276 %
Finished training it 1728/9593 of epoch 0, 18.68 ms/it, NE 0.890169, loss 0.491845
Testing at - 1728/9593 of epoch 0,  NE 0.867249, loss 0.498221, accuracy 77.080 %, best 77.276 %
Finished training it 1760/9593 of epoch 0, 15.75 ms/it, NE 0.889678, loss 0.489060
Testing at - 1760/9593 of epoch 0,  NE 0.855530, loss 0.491488, accuracy 77.319 %, best 77.319 %
Finished training it 1792/9593 of epoch 0, 19.25 ms/it, NE 0.889105, loss 0.485706
Testing at - 1792/9593 of epoch 0,  NE 0.854770, loss 0.491052, accuracy 77.394 %, best 77.394 %
Finished training it 1824/9593 of epoch 0, 18.41 ms/it, NE 0.888510, loss 0.486065
Testing at - 1824/9593 of epoch 0,  NE 0.850001, loss 0.488312, accuracy 77.429 %, best 77.429 %
Finished training it 1856/9593 of epoch 0, 16.73 ms/it, NE 0.887997, loss 0.488588
Testing at - 1856/9593 of epoch 0,  NE 0.857103, loss 0.492392, accuracy 77.141 %, best 77.429 %
Finished training it 1888/9593 of epoch 0, 16.61 ms/it, NE 0.887447, loss 0.485430
Testing at - 1888/9593 of epoch 0,  NE 0.853251, loss 0.490179, accuracy 77.355 %, best 77.429 %
Finished training it 1920/9593 of epoch 0, 17.17 ms/it, NE 0.886923, loss 0.488813
Testing at - 1920/9593 of epoch 0,  NE 0.854658, loss 0.490987, accuracy 77.451 %, best 77.451 %
Finished training it 1952/9593 of epoch 0, 17.32 ms/it, NE 0.886442, loss 0.486930
Testing at - 1952/9593 of epoch 0,  NE 0.868099, loss 0.498709, accuracy 77.129 %, best 77.451 %
Finished training it 1984/9593 of epoch 0, 16.48 ms/it, NE 0.885934, loss 0.486821
Testing at - 1984/9593 of epoch 0,  NE 0.852211, loss 0.489582, accuracy 77.441 %, best 77.451 %
Finished training it 2016/9593 of epoch 0, 16.54 ms/it, NE 0.885470, loss 0.488215
Testing at - 2016/9593 of epoch 0,  NE 0.848526, loss 0.487465, accuracy 77.538 %, best 77.538 %
Finished training it 2048/9593 of epoch 0, 16.67 ms/it, NE 0.885022, loss 0.488269
Testing at - 2048/9593 of epoch 0,  NE 0.853093, loss 0.490088, accuracy 77.516 %, best 77.538 %
Finished training it 2080/9593 of epoch 0, 15.08 ms/it, NE 0.884576, loss 0.485623
Testing at - 2080/9593 of epoch 0,  NE 0.858132, loss 0.492983, accuracy 77.367 %, best 77.538 %
Finished training it 2112/9593 of epoch 0, 15.66 ms/it, NE 0.884105, loss 0.485492
Testing at - 2112/9593 of epoch 0,  NE 0.855152, loss 0.491271, accuracy 77.397 %, best 77.538 %
Finished training it 2144/9593 of epoch 0, 16.93 ms/it, NE 0.883655, loss 0.486439
Testing at - 2144/9593 of epoch 0,  NE 0.857300, loss 0.492505, accuracy 77.174 %, best 77.538 %
Finished training it 2176/9593 of epoch 0, 14.75 ms/it, NE 0.883209, loss 0.485321
Testing at - 2176/9593 of epoch 0,  NE 0.846370, loss 0.486226, accuracy 77.635 %, best 77.635 %
Finished training it 2208/9593 of epoch 0, 16.94 ms/it, NE 0.882733, loss 0.482726
Testing at - 2208/9593 of epoch 0,  NE 0.858523, loss 0.493208, accuracy 77.233 %, best 77.635 %
Finished training it 2240/9593 of epoch 0, 15.75 ms/it, NE 0.882309, loss 0.484410
Testing at - 2240/9593 of epoch 0,  NE 0.846806, loss 0.486477, accuracy 77.669 %, best 77.669 %
Finished training it 2272/9593 of epoch 0, 17.67 ms/it, NE 0.881856, loss 0.482363
Testing at - 2272/9593 of epoch 0,  NE 0.849739, loss 0.488161, accuracy 77.487 %, best 77.669 %
Finished training it 2304/9593 of epoch 0, 15.08 ms/it, NE 0.881371, loss 0.481705
Testing at - 2304/9593 of epoch 0,  NE 0.869764, loss 0.499666, accuracy 76.756 %, best 77.669 %
Finished training it 2336/9593 of epoch 0, 17.29 ms/it, NE 0.880966, loss 0.484261
Testing at - 2336/9593 of epoch 0,  NE 0.842727, loss 0.484133, accuracy 77.709 %, best 77.709 %
Finished training it 2368/9593 of epoch 0, 16.00 ms/it, NE 0.880488, loss 0.480749
Testing at - 2368/9593 of epoch 0,  NE 0.844959, loss 0.485415, accuracy 77.599 %, best 77.709 %
Finished training it 2400/9593 of epoch 0, 15.52 ms/it, NE 0.880098, loss 0.483207
Testing at - 2400/9593 of epoch 0,  NE 0.844650, loss 0.485238, accuracy 77.651 %, best 77.709 %
Finished training it 2432/9593 of epoch 0, 15.03 ms/it, NE 0.879665, loss 0.480355
Testing at - 2432/9593 of epoch 0,  NE 0.841723, loss 0.483556, accuracy 77.724 %, best 77.724 %
Finished training it 2464/9593 of epoch 0, 18.07 ms/it, NE 0.879239, loss 0.481192
Testing at - 2464/9593 of epoch 0,  NE 0.841033, loss 0.483160, accuracy 77.685 %, best 77.724 %
Finished training it 2496/9593 of epoch 0, 17.32 ms/it, NE 0.878819, loss 0.480805
Testing at - 2496/9593 of epoch 0,  NE 0.856387, loss 0.491981, accuracy 77.176 %, best 77.724 %
Finished training it 2528/9593 of epoch 0, 16.78 ms/it, NE 0.878430, loss 0.482350
Testing at - 2528/9593 of epoch 0,  NE 0.847223, loss 0.486716, accuracy 77.649 %, best 77.724 %
Finished training it 2560/9593 of epoch 0, 20.99 ms/it, NE 0.878023, loss 0.480995
Testing at - 2560/9593 of epoch 0,  NE 0.859613, loss 0.493834, accuracy 77.249 %, best 77.724 %
Finished training it 2592/9593 of epoch 0, 19.65 ms/it, NE 0.877664, loss 0.480659
Testing at - 2592/9593 of epoch 0,  NE 0.840728, loss 0.482985, accuracy 77.727 %, best 77.727 %
Finished training it 2624/9593 of epoch 0, 16.84 ms/it, NE 0.877293, loss 0.480180
Testing at - 2624/9593 of epoch 0,  NE 0.838457, loss 0.481680, accuracy 77.784 %, best 77.784 %
Finished training it 2656/9593 of epoch 0, 16.44 ms/it, NE 0.876890, loss 0.480114
Testing at - 2656/9593 of epoch 0,  NE 0.856508, loss 0.492050, accuracy 77.281 %, best 77.784 %
Finished training it 2688/9593 of epoch 0, 15.67 ms/it, NE 0.876531, loss 0.481969
Testing at - 2688/9593 of epoch 0,  NE 0.840026, loss 0.482582, accuracy 77.751 %, best 77.784 %
Finished training it 2720/9593 of epoch 0, 17.71 ms/it, NE 0.876082, loss 0.477314
Testing at - 2720/9593 of epoch 0,  NE 0.857178, loss 0.492435, accuracy 77.136 %, best 77.784 %
Finished training it 2752/9593 of epoch 0, 16.54 ms/it, NE 0.875710, loss 0.478358
Testing at - 2752/9593 of epoch 0,  NE 0.843646, loss 0.484661, accuracy 77.548 %, best 77.784 %
Finished training it 2784/9593 of epoch 0, 15.11 ms/it, NE 0.875338, loss 0.481287
Testing at - 2784/9593 of epoch 0,  NE 0.846499, loss 0.486300, accuracy 77.460 %, best 77.784 %
Finished training it 2816/9593 of epoch 0, 16.12 ms/it, NE 0.874940, loss 0.477028
Testing at - 2816/9593 of epoch 0,  NE 0.842110, loss 0.483779, accuracy 77.782 %, best 77.784 %
Finished training it 2848/9593 of epoch 0, 18.08 ms/it, NE 0.874517, loss 0.475392
Testing at - 2848/9593 of epoch 0,  NE 0.839668, loss 0.482376, accuracy 77.692 %, best 77.784 %
Finished training it 2880/9593 of epoch 0, 15.84 ms/it, NE 0.874164, loss 0.480451
Testing at - 2880/9593 of epoch 0,  NE 0.862325, loss 0.495392, accuracy 77.154 %, best 77.784 %
Finished training it 2912/9593 of epoch 0, 15.32 ms/it, NE 0.873825, loss 0.480095
Testing at - 2912/9593 of epoch 0,  NE 0.835191, loss 0.479804, accuracy 77.916 %, best 77.916 %
Finished training it 2944/9593 of epoch 0, 17.03 ms/it, NE 0.873408, loss 0.474236
Testing at - 2944/9593 of epoch 0,  NE 0.850754, loss 0.488745, accuracy 77.313 %, best 77.916 %
Finished training it 2976/9593 of epoch 0, 16.54 ms/it, NE 0.873051, loss 0.477352
Testing at - 2976/9593 of epoch 0,  NE 0.848479, loss 0.487437, accuracy 77.451 %, best 77.916 %
Finished training it 3008/9593 of epoch 0, 16.04 ms/it, NE 0.872746, loss 0.480952
Testing at - 3008/9593 of epoch 0,  NE 0.841861, loss 0.483636, accuracy 77.876 %, best 77.916 %
Finished training it 3040/9593 of epoch 0, 20.48 ms/it, NE 0.872389, loss 0.475988
Testing at - 3040/9593 of epoch 0,  NE 0.840598, loss 0.482910, accuracy 77.703 %, best 77.916 %
Finished training it 3072/9593 of epoch 0, 18.25 ms/it, NE 0.872007, loss 0.473937
Testing at - 3072/9593 of epoch 0,  NE 0.841527, loss 0.483444, accuracy 77.683 %, best 77.916 %
Finished training it 3104/9593 of epoch 0, 15.80 ms/it, NE 0.871660, loss 0.475997
Testing at - 3104/9593 of epoch 0,  NE 0.833114, loss 0.478611, accuracy 77.969 %, best 77.969 %
Finished training it 3136/9593 of epoch 0, 16.93 ms/it, NE 0.871349, loss 0.478784
Testing at - 3136/9593 of epoch 0,  NE 0.844829, loss 0.485341, accuracy 77.646 %, best 77.969 %
Finished training it 3168/9593 of epoch 0, 17.07 ms/it, NE 0.870974, loss 0.476233
Testing at - 3168/9593 of epoch 0,  NE 0.832537, loss 0.478279, accuracy 78.002 %, best 78.002 %
Finished training it 3200/9593 of epoch 0, 16.68 ms/it, NE 0.870595, loss 0.474496
Testing at - 3200/9593 of epoch 0,  NE 0.831620, loss 0.477753, accuracy 77.998 %, best 78.002 %
Finished training it 3232/9593 of epoch 0, 16.24 ms/it, NE 0.870278, loss 0.476740
Testing at - 3232/9593 of epoch 0,  NE 0.847409, loss 0.486823, accuracy 77.573 %, best 78.002 %
Finished training it 3264/9593 of epoch 0, 15.96 ms/it, NE 0.869989, loss 0.477881
Testing at - 3264/9593 of epoch 0,  NE 0.834747, loss 0.479549, accuracy 77.930 %, best 78.002 %
Finished training it 3296/9593 of epoch 0, 16.49 ms/it, NE 0.869659, loss 0.473212
Testing at - 3296/9593 of epoch 0,  NE 0.831392, loss 0.477621, accuracy 77.979 %, best 78.002 %
Finished training it 3328/9593 of epoch 0, 20.20 ms/it, NE 0.869311, loss 0.472527
Testing at - 3328/9593 of epoch 0,  NE 0.830607, loss 0.477170, accuracy 77.994 %, best 78.002 %
Finished training it 3360/9593 of epoch 0, 16.45 ms/it, NE 0.869026, loss 0.477035
Testing at - 3360/9593 of epoch 0,  NE 0.846431, loss 0.486261, accuracy 77.415 %, best 78.002 %
Finished training it 3392/9593 of epoch 0, 17.78 ms/it, NE 0.868684, loss 0.474737
Testing at - 3392/9593 of epoch 0,  NE 0.829727, loss 0.476665, accuracy 78.055 %, best 78.055 %
Finished training it 3424/9593 of epoch 0, 16.23 ms/it, NE 0.868373, loss 0.475602
Testing at - 3424/9593 of epoch 0,  NE 0.836478, loss 0.480543, accuracy 77.850 %, best 78.055 %
Finished training it 3456/9593 of epoch 0, 17.33 ms/it, NE 0.868088, loss 0.475343
Testing at - 3456/9593 of epoch 0,  NE 0.835156, loss 0.479784, accuracy 77.894 %, best 78.055 %
Finished training it 3488/9593 of epoch 0, 42.59 ms/it, NE 0.867793, loss 0.476133
Testing at - 3488/9593 of epoch 0,  NE 0.833072, loss 0.478587, accuracy 77.990 %, best 78.055 %
Finished training it 3520/9593 of epoch 0, 37.37 ms/it, NE 0.867498, loss 0.475190
Testing at - 3520/9593 of epoch 0,  NE 0.836027, loss 0.480284, accuracy 77.913 %, best 78.055 %
Finished training it 3552/9593 of epoch 0, 20.32 ms/it, NE 0.867202, loss 0.475472
Testing at - 3552/9593 of epoch 0,  NE 0.846661, loss 0.486393, accuracy 77.474 %, best 78.055 %
Finished training it 3584/9593 of epoch 0, 17.47 ms/it, NE 0.866898, loss 0.472325
Testing at - 3584/9593 of epoch 0,  NE 0.833928, loss 0.479078, accuracy 77.929 %, best 78.055 %
Finished training it 3616/9593 of epoch 0, 18.39 ms/it, NE 0.866611, loss 0.475135
Testing at - 3616/9593 of epoch 0,  NE 0.831789, loss 0.477850, accuracy 78.005 %, best 78.055 %
Finished training it 3648/9593 of epoch 0, 19.49 ms/it, NE 0.866317, loss 0.472558
Testing at - 3648/9593 of epoch 0,  NE 0.852307, loss 0.489637, accuracy 77.181 %, best 78.055 %
Finished training it 3680/9593 of epoch 0, 16.59 ms/it, NE 0.866018, loss 0.473340
Testing at - 3680/9593 of epoch 0,  NE 0.830902, loss 0.477340, accuracy 77.988 %, best 78.055 %
Finished training it 3712/9593 of epoch 0, 16.29 ms/it, NE 0.865724, loss 0.473835
Testing at - 3712/9593 of epoch 0,  NE 0.837450, loss 0.481102, accuracy 77.782 %, best 78.055 %
Finished training it 3744/9593 of epoch 0, 16.89 ms/it, NE 0.865452, loss 0.477239
Testing at - 3744/9593 of epoch 0,  NE 0.827966, loss 0.475653, accuracy 78.148 %, best 78.148 %
Finished training it 3776/9593 of epoch 0, 15.73 ms/it, NE 0.865140, loss 0.469141
Testing at - 3776/9593 of epoch 0,  NE 0.826429, loss 0.474771, accuracy 78.164 %, best 78.164 %
Finished training it 3808/9593 of epoch 0, 18.51 ms/it, NE 0.864833, loss 0.471238
Testing at - 3808/9593 of epoch 0,  NE 0.826454, loss 0.474785, accuracy 78.171 %, best 78.171 %
Finished training it 3840/9593 of epoch 0, 18.18 ms/it, NE 0.864541, loss 0.472608
Testing at - 3840/9593 of epoch 0,  NE 0.834384, loss 0.479340, accuracy 77.863 %, best 78.171 %
Finished training it 3872/9593 of epoch 0, 15.40 ms/it, NE 0.864275, loss 0.474681
Testing at - 3872/9593 of epoch 0,  NE 0.831679, loss 0.477786, accuracy 78.055 %, best 78.171 %
Finished training it 3904/9593 of epoch 0, 17.52 ms/it, NE 0.863988, loss 0.470732
Testing at - 3904/9593 of epoch 0,  NE 0.828762, loss 0.476111, accuracy 78.072 %, best 78.171 %
Finished training it 3936/9593 of epoch 0, 17.64 ms/it, NE 0.863716, loss 0.474108
Testing at - 3936/9593 of epoch 0,  NE 0.841375, loss 0.483356, accuracy 77.608 %, best 78.171 %
Finished training it 3968/9593 of epoch 0, 38.03 ms/it, NE 0.863446, loss 0.472929
Testing at - 3968/9593 of epoch 0,  NE 0.826077, loss 0.474568, accuracy 78.153 %, best 78.171 %
Finished training it 4000/9593 of epoch 0, 18.08 ms/it, NE 0.863167, loss 0.470124
Testing at - 4000/9593 of epoch 0,  NE 0.827724, loss 0.475514, accuracy 78.105 %, best 78.171 %
Finished training it 4032/9593 of epoch 0, 16.17 ms/it, NE 0.862900, loss 0.471738
Testing at - 4032/9593 of epoch 0,  NE 0.826803, loss 0.474985, accuracy 78.213 %, best 78.213 %
Finished training it 4064/9593 of epoch 0, 17.16 ms/it, NE 0.862624, loss 0.472154
Testing at - 4064/9593 of epoch 0,  NE 0.835910, loss 0.480217, accuracy 77.834 %, best 78.213 %
Finished training it 4096/9593 of epoch 0, 17.98 ms/it, NE 0.862387, loss 0.473055
Testing at - 4096/9593 of epoch 0,  NE 0.836488, loss 0.480549, accuracy 77.824 %, best 78.213 %
Finished training it 4128/9593 of epoch 0, 16.87 ms/it, NE 0.862141, loss 0.473424
Testing at - 4128/9593 of epoch 0,  NE 0.832994, loss 0.478542, accuracy 78.039 %, best 78.213 %
Finished training it 4160/9593 of epoch 0, 19.70 ms/it, NE 0.861892, loss 0.471594
Testing at - 4160/9593 of epoch 0,  NE 0.831108, loss 0.477458, accuracy 78.002 %, best 78.213 %
Finished training it 4192/9593 of epoch 0, 16.97 ms/it, NE 0.861639, loss 0.472115
Testing at - 4192/9593 of epoch 0,  NE 0.826140, loss 0.474604, accuracy 78.197 %, best 78.213 %
Finished training it 4224/9593 of epoch 0, 18.88 ms/it, NE 0.861370, loss 0.468061
Testing at - 4224/9593 of epoch 0,  NE 0.829015, loss 0.476256, accuracy 78.078 %, best 78.213 %
Finished training it 4256/9593 of epoch 0, 18.58 ms/it, NE 0.861139, loss 0.472108
Testing at - 4256/9593 of epoch 0,  NE 0.826333, loss 0.474715, accuracy 78.175 %, best 78.213 %
Finished training it 4288/9593 of epoch 0, 19.93 ms/it, NE 0.860877, loss 0.469858
Testing at - 4288/9593 of epoch 0,  NE 0.824842, loss 0.473859, accuracy 78.240 %, best 78.240 %
Finished training it 4320/9593 of epoch 0, 19.53 ms/it, NE 0.860644, loss 0.473209
Testing at - 4320/9593 of epoch 0,  NE 0.825130, loss 0.474024, accuracy 78.216 %, best 78.240 %
Finished training it 4352/9593 of epoch 0, 21.57 ms/it, NE 0.860393, loss 0.469595
Testing at - 4352/9593 of epoch 0,  NE 0.833633, loss 0.478909, accuracy 77.797 %, best 78.240 %
Finished training it 4384/9593 of epoch 0, 17.63 ms/it, NE 0.860135, loss 0.469417
Testing at - 4384/9593 of epoch 0,  NE 0.842212, loss 0.483837, accuracy 77.592 %, best 78.240 %
Finished training it 4416/9593 of epoch 0, 16.53 ms/it, NE 0.859905, loss 0.469827
Testing at - 4416/9593 of epoch 0,  NE 0.825718, loss 0.474362, accuracy 78.160 %, best 78.240 %
Finished training it 4448/9593 of epoch 0, 16.56 ms/it, NE 0.859639, loss 0.466603
Testing at - 4448/9593 of epoch 0,  NE 0.823643, loss 0.473170, accuracy 78.204 %, best 78.240 %
Finished training it 4480/9593 of epoch 0, 19.89 ms/it, NE 0.859386, loss 0.467289
Testing at - 4480/9593 of epoch 0,  NE 0.822470, loss 0.472496, accuracy 78.253 %, best 78.253 %
Finished training it 4512/9593 of epoch 0, 18.29 ms/it, NE 0.859169, loss 0.470004
Testing at - 4512/9593 of epoch 0,  NE 0.824013, loss 0.473382, accuracy 78.184 %, best 78.253 %
Finished training it 4544/9593 of epoch 0, 58.03 ms/it, NE 0.858933, loss 0.472340
Testing at - 4544/9593 of epoch 0,  NE 0.823423, loss 0.473043, accuracy 78.272 %, best 78.272 %
Finished training it 4576/9593 of epoch 0, 16.89 ms/it, NE 0.858706, loss 0.469234
Testing at - 4576/9593 of epoch 0,  NE 0.822973, loss 0.472785, accuracy 78.256 %, best 78.272 %
Finished training it 4608/9593 of epoch 0, 16.93 ms/it, NE 0.858500, loss 0.470282
Testing at - 4608/9593 of epoch 0,  NE 0.827395, loss 0.475325, accuracy 78.139 %, best 78.272 %
Finished training it 4640/9593 of epoch 0, 17.95 ms/it, NE 0.858239, loss 0.466415
Testing at - 4640/9593 of epoch 0,  NE 0.830373, loss 0.477036, accuracy 77.996 %, best 78.272 %
Finished training it 4672/9593 of epoch 0, 18.07 ms/it, NE 0.857992, loss 0.467302
Testing at - 4672/9593 of epoch 0,  NE 0.829167, loss 0.476343, accuracy 78.018 %, best 78.272 %
Finished training it 4704/9593 of epoch 0, 14.82 ms/it, NE 0.857771, loss 0.467887
Testing at - 4704/9593 of epoch 0,  NE 0.826550, loss 0.474840, accuracy 78.059 %, best 78.272 %
Finished training it 4736/9593 of epoch 0, 18.77 ms/it, NE 0.857557, loss 0.468530
Testing at - 4736/9593 of epoch 0,  NE 0.827466, loss 0.475366, accuracy 78.105 %, best 78.272 %
Finished training it 4768/9593 of epoch 0, 15.61 ms/it, NE 0.857312, loss 0.465477
Testing at - 4768/9593 of epoch 0,  NE 0.823145, loss 0.472884, accuracy 78.210 %, best 78.272 %
Finished training it 4800/9593 of epoch 0, 19.22 ms/it, NE 0.857066, loss 0.466673
Testing at - 4800/9593 of epoch 0,  NE 0.823022, loss 0.472813, accuracy 78.152 %, best 78.272 %
Finished training it 4832/9593 of epoch 0, 17.96 ms/it, NE 0.856856, loss 0.468876
Testing at - 4832/9593 of epoch 0,  NE 0.827861, loss 0.475593, accuracy 78.137 %, best 78.272 %
Finished training it 4864/9593 of epoch 0, 16.02 ms/it, NE 0.856644, loss 0.468006
Testing at - 4864/9593 of epoch 0,  NE 0.832096, loss 0.478026, accuracy 77.959 %, best 78.272 %
Finished training it 4896/9593 of epoch 0, 16.51 ms/it, NE 0.856422, loss 0.467520
Testing at - 4896/9593 of epoch 0,  NE 0.820282, loss 0.471239, accuracy 78.321 %, best 78.321 %
Finished training it 4928/9593 of epoch 0, 17.50 ms/it, NE 0.856189, loss 0.464398
Testing at - 4928/9593 of epoch 0,  NE 0.820119, loss 0.471146, accuracy 78.327 %, best 78.327 %
Finished training it 4960/9593 of epoch 0, 16.99 ms/it, NE 0.855967, loss 0.468465
Testing at - 4960/9593 of epoch 0,  NE 0.824234, loss 0.473510, accuracy 78.240 %, best 78.327 %
Finished training it 4992/9593 of epoch 0, 19.55 ms/it, NE 0.855744, loss 0.466674
Testing at - 4992/9593 of epoch 0,  NE 0.835444, loss 0.479949, accuracy 77.882 %, best 78.327 %
Finished training it 5024/9593 of epoch 0, 17.96 ms/it, NE 0.855545, loss 0.468148
Testing at - 5024/9593 of epoch 0,  NE 0.827428, loss 0.475344, accuracy 78.128 %, best 78.327 %
Finished training it 5056/9593 of epoch 0, 15.35 ms/it, NE 0.855352, loss 0.468913
Testing at - 5056/9593 of epoch 0,  NE 0.824556, loss 0.473695, accuracy 78.195 %, best 78.327 %
Finished training it 5088/9593 of epoch 0, 19.64 ms/it, NE 0.855161, loss 0.468613
Testing at - 5088/9593 of epoch 0,  NE 0.838061, loss 0.481453, accuracy 77.678 %, best 78.327 %
Finished training it 5120/9593 of epoch 0, 16.61 ms/it, NE 0.854958, loss 0.468672
Testing at - 5120/9593 of epoch 0,  NE 0.822210, loss 0.472347, accuracy 78.296 %, best 78.327 %
Finished training it 5152/9593 of epoch 0, 16.65 ms/it, NE 0.854770, loss 0.467397
Testing at - 5152/9593 of epoch 0,  NE 0.826891, loss 0.475035, accuracy 78.128 %, best 78.327 %
Finished training it 5184/9593 of epoch 0, 17.19 ms/it, NE 0.854575, loss 0.467866
Testing at - 5184/9593 of epoch 0,  NE 0.828646, loss 0.476044, accuracy 77.995 %, best 78.327 %
Finished training it 5216/9593 of epoch 0, 19.05 ms/it, NE 0.854383, loss 0.469186
Testing at - 5216/9593 of epoch 0,  NE 0.822127, loss 0.472299, accuracy 78.324 %, best 78.327 %
Finished training it 5248/9593 of epoch 0, 16.24 ms/it, NE 0.854204, loss 0.469126
Testing at - 5248/9593 of epoch 0,  NE 0.823427, loss 0.473046, accuracy 78.224 %, best 78.327 %
Finished training it 5280/9593 of epoch 0, 16.53 ms/it, NE 0.854028, loss 0.468327
Testing at - 5280/9593 of epoch 0,  NE 0.821273, loss 0.471808, accuracy 78.353 %, best 78.353 %
Finished training it 5312/9593 of epoch 0, 17.94 ms/it, NE 0.853835, loss 0.467629
Testing at - 5312/9593 of epoch 0,  NE 0.819026, loss 0.470518, accuracy 78.377 %, best 78.377 %
Finished training it 5344/9593 of epoch 0, 16.89 ms/it, NE 0.853631, loss 0.464513
Testing at - 5344/9593 of epoch 0,  NE 0.825278, loss 0.474109, accuracy 78.094 %, best 78.377 %
Finished training it 5376/9593 of epoch 0, 15.25 ms/it, NE 0.853426, loss 0.464293
Testing at - 5376/9593 of epoch 0,  NE 0.819866, loss 0.471000, accuracy 78.331 %, best 78.377 %
Finished training it 5408/9593 of epoch 0, 17.28 ms/it, NE 0.853255, loss 0.469579
Testing at - 5408/9593 of epoch 0,  NE 0.828479, loss 0.475948, accuracy 78.087 %, best 78.377 %
Finished training it 5440/9593 of epoch 0, 17.53 ms/it, NE 0.853075, loss 0.467840
Testing at - 5440/9593 of epoch 0,  NE 0.820047, loss 0.471104, accuracy 78.358 %, best 78.377 %
Finished training it 5472/9593 of epoch 0, 16.81 ms/it, NE 0.852868, loss 0.464794
Testing at - 5472/9593 of epoch 0,  NE 0.818790, loss 0.470382, accuracy 78.381 %, best 78.381 %
Finished training it 5504/9593 of epoch 0, 17.34 ms/it, NE 0.852686, loss 0.466439
Testing at - 5504/9593 of epoch 0,  NE 0.819386, loss 0.470724, accuracy 78.369 %, best 78.381 %
Finished training it 5536/9593 of epoch 0, 15.72 ms/it, NE 0.852472, loss 0.463036
Testing at - 5536/9593 of epoch 0,  NE 0.821331, loss 0.471841, accuracy 78.268 %, best 78.381 %
Finished training it 5568/9593 of epoch 0, 20.32 ms/it, NE 0.852271, loss 0.463908
Testing at - 5568/9593 of epoch 0,  NE 0.826860, loss 0.475018, accuracy 78.036 %, best 78.381 %
Finished training it 5600/9593 of epoch 0, 22.42 ms/it, NE 0.852098, loss 0.467101
Testing at - 5600/9593 of epoch 0,  NE 0.827396, loss 0.475326, accuracy 78.100 %, best 78.381 %
Finished training it 5632/9593 of epoch 0, 16.42 ms/it, NE 0.851919, loss 0.466381
Testing at - 5632/9593 of epoch 0,  NE 0.819947, loss 0.471047, accuracy 78.362 %, best 78.381 %
Finished training it 5664/9593 of epoch 0, 17.83 ms/it, NE 0.851755, loss 0.467548
Testing at - 5664/9593 of epoch 0,  NE 0.821211, loss 0.471773, accuracy 78.317 %, best 78.381 %
Finished training it 5696/9593 of epoch 0, 17.67 ms/it, NE 0.851579, loss 0.466725
Testing at - 5696/9593 of epoch 0,  NE 0.824790, loss 0.473829, accuracy 78.207 %, best 78.381 %
Finished training it 5728/9593 of epoch 0, 18.59 ms/it, NE 0.851426, loss 0.467771
Testing at - 5728/9593 of epoch 0,  NE 0.824172, loss 0.473474, accuracy 78.231 %, best 78.381 %
Finished training it 5760/9593 of epoch 0, 15.77 ms/it, NE 0.851240, loss 0.465029
Testing at - 5760/9593 of epoch 0,  NE 0.817911, loss 0.469877, accuracy 78.418 %, best 78.418 %
Finished training it 5792/9593 of epoch 0, 18.30 ms/it, NE 0.851062, loss 0.466380
Testing at - 5792/9593 of epoch 0,  NE 0.831434, loss 0.477645, accuracy 77.882 %, best 78.418 %
Finished training it 5824/9593 of epoch 0, 18.31 ms/it, NE 0.850908, loss 0.467341
Testing at - 5824/9593 of epoch 0,  NE 0.818388, loss 0.470151, accuracy 78.394 %, best 78.418 %
Finished training it 5856/9593 of epoch 0, 17.08 ms/it, NE 0.850724, loss 0.465857
Testing at - 5856/9593 of epoch 0,  NE 0.818494, loss 0.470212, accuracy 78.409 %, best 78.418 %
Finished training it 5888/9593 of epoch 0, 19.50 ms/it, NE 0.850556, loss 0.464869
Testing at - 5888/9593 of epoch 0,  NE 0.817688, loss 0.469749, accuracy 78.413 %, best 78.418 %
Finished training it 5920/9593 of epoch 0, 16.22 ms/it, NE 0.850403, loss 0.468710
Testing at - 5920/9593 of epoch 0,  NE 0.820844, loss 0.471562, accuracy 78.331 %, best 78.418 %
Finished training it 5952/9593 of epoch 0, 14.98 ms/it, NE 0.850274, loss 0.467538
Testing at - 5952/9593 of epoch 0,  NE 0.818048, loss 0.469955, accuracy 78.375 %, best 78.418 %
Finished training it 5984/9593 of epoch 0, 15.16 ms/it, NE 0.850116, loss 0.465389
Testing at - 5984/9593 of epoch 0,  NE 0.817224, loss 0.469482, accuracy 78.415 %, best 78.418 %
Finished training it 6016/9593 of epoch 0, 16.23 ms/it, NE 0.849943, loss 0.463010
Testing at - 6016/9593 of epoch 0,  NE 0.824689, loss 0.473771, accuracy 78.232 %, best 78.418 %
Finished training it 6048/9593 of epoch 0, 19.17 ms/it, NE 0.849793, loss 0.467596
Testing at - 6048/9593 of epoch 0,  NE 0.818028, loss 0.469944, accuracy 78.430 %, best 78.430 %
Finished training it 6080/9593 of epoch 0, 19.21 ms/it, NE 0.849623, loss 0.465313
Testing at - 6080/9593 of epoch 0,  NE 0.818676, loss 0.470316, accuracy 78.388 %, best 78.430 %
Finished training it 6112/9593 of epoch 0, 16.18 ms/it, NE 0.849466, loss 0.467875
Testing at - 6112/9593 of epoch 0,  NE 0.818387, loss 0.470150, accuracy 78.381 %, best 78.430 %
Finished training it 6144/9593 of epoch 0, 16.10 ms/it, NE 0.849303, loss 0.465666
Testing at - 6144/9593 of epoch 0,  NE 0.817291, loss 0.469520, accuracy 78.423 %, best 78.430 %
Finished training it 6176/9593 of epoch 0, 17.73 ms/it, NE 0.849141, loss 0.466516
Testing at - 6176/9593 of epoch 0,  NE 0.820569, loss 0.471404, accuracy 78.285 %, best 78.430 %
Finished training it 6208/9593 of epoch 0, 17.98 ms/it, NE 0.848979, loss 0.465477
Testing at - 6208/9593 of epoch 0,  NE 0.817610, loss 0.469704, accuracy 78.385 %, best 78.430 %
Finished training it 6240/9593 of epoch 0, 19.10 ms/it, NE 0.848845, loss 0.468764
Testing at - 6240/9593 of epoch 0,  NE 0.817881, loss 0.469860, accuracy 78.428 %, best 78.430 %
Finished training it 6272/9593 of epoch 0, 18.11 ms/it, NE 0.848687, loss 0.464617
Testing at - 6272/9593 of epoch 0,  NE 0.823253, loss 0.472946, accuracy 78.249 %, best 78.430 %
Finished training it 6304/9593 of epoch 0, 16.79 ms/it, NE 0.848551, loss 0.466856
Testing at - 6304/9593 of epoch 0,  NE 0.817579, loss 0.469686, accuracy 78.449 %, best 78.449 %
Finished training it 6336/9593 of epoch 0, 17.60 ms/it, NE 0.848404, loss 0.464289
Testing at - 6336/9593 of epoch 0,  NE 0.819290, loss 0.470669, accuracy 78.347 %, best 78.449 %
Finished training it 6368/9593 of epoch 0, 18.83 ms/it, NE 0.848244, loss 0.463315
Testing at - 6368/9593 of epoch 0,  NE 0.830682, loss 0.477214, accuracy 77.820 %, best 78.449 %
Finished training it 6400/9593 of epoch 0, 16.35 ms/it, NE 0.848081, loss 0.463109
Testing at - 6400/9593 of epoch 0,  NE 0.821180, loss 0.471755, accuracy 78.300 %, best 78.449 %
Finished training it 6432/9593 of epoch 0, 17.33 ms/it, NE 0.847945, loss 0.465476
Testing at - 6432/9593 of epoch 0,  NE 0.816231, loss 0.468912, accuracy 78.460 %, best 78.460 %
Finished training it 6464/9593 of epoch 0, 17.26 ms/it, NE 0.847806, loss 0.463169
Testing at - 6464/9593 of epoch 0,  NE 0.825819, loss 0.474420, accuracy 78.149 %, best 78.460 %
Finished training it 6496/9593 of epoch 0, 18.91 ms/it, NE 0.847655, loss 0.464330
Testing at - 6496/9593 of epoch 0,  NE 0.815739, loss 0.468629, accuracy 78.460 %, best 78.460 %
Finished training it 6528/9593 of epoch 0, 16.60 ms/it, NE 0.847515, loss 0.466979
Testing at - 6528/9593 of epoch 0,  NE 0.819852, loss 0.470992, accuracy 78.323 %, best 78.460 %
Finished training it 6560/9593 of epoch 0, 17.43 ms/it, NE 0.847348, loss 0.462207
Testing at - 6560/9593 of epoch 0,  NE 0.823106, loss 0.472861, accuracy 78.231 %, best 78.460 %
Finished training it 6592/9593 of epoch 0, 18.44 ms/it, NE 0.847191, loss 0.464347
Testing at - 6592/9593 of epoch 0,  NE 0.816271, loss 0.468935, accuracy 78.417 %, best 78.460 %
Finished training it 6624/9593 of epoch 0, 17.83 ms/it, NE 0.847051, loss 0.464646
Testing at - 6624/9593 of epoch 0,  NE 0.815761, loss 0.468642, accuracy 78.461 %, best 78.461 %
Finished training it 6656/9593 of epoch 0, 19.38 ms/it, NE 0.846886, loss 0.460400
Testing at - 6656/9593 of epoch 0,  NE 0.814831, loss 0.468107, accuracy 78.477 %, best 78.477 %
Finished training it 6688/9593 of epoch 0, 19.47 ms/it, NE 0.846728, loss 0.463591
Testing at - 6688/9593 of epoch 0,  NE 0.819362, loss 0.470710, accuracy 78.316 %, best 78.477 %
Finished training it 6720/9593 of epoch 0, 15.33 ms/it, NE 0.846584, loss 0.463210
Testing at - 6720/9593 of epoch 0,  NE 0.815859, loss 0.468698, accuracy 78.461 %, best 78.477 %
Finished training it 6752/9593 of epoch 0, 16.56 ms/it, NE 0.846422, loss 0.462915
Testing at - 6752/9593 of epoch 0,  NE 0.814951, loss 0.468176, accuracy 78.489 %, best 78.489 %
Finished training it 6784/9593 of epoch 0, 18.43 ms/it, NE 0.846279, loss 0.463615
Testing at - 6784/9593 of epoch 0,  NE 0.815539, loss 0.468514, accuracy 78.475 %, best 78.489 %
Finished training it 6816/9593 of epoch 0, 18.47 ms/it, NE 0.846146, loss 0.464389
Testing at - 6816/9593 of epoch 0,  NE 0.818623, loss 0.470286, accuracy 78.335 %, best 78.489 %
Finished training it 6848/9593 of epoch 0, 14.96 ms/it, NE 0.845990, loss 0.462189
Testing at - 6848/9593 of epoch 0,  NE 0.814934, loss 0.468167, accuracy 78.479 %, best 78.489 %
Finished training it 6880/9593 of epoch 0, 14.73 ms/it, NE 0.845844, loss 0.462781
Testing at - 6880/9593 of epoch 0,  NE 0.817092, loss 0.469406, accuracy 78.455 %, best 78.489 %
Finished training it 6912/9593 of epoch 0, 17.36 ms/it, NE 0.845689, loss 0.460688
Testing at - 6912/9593 of epoch 0,  NE 0.819421, loss 0.470744, accuracy 78.264 %, best 78.489 %
Finished training it 6944/9593 of epoch 0, 17.35 ms/it, NE 0.845556, loss 0.464826
Testing at - 6944/9593 of epoch 0,  NE 0.815705, loss 0.468610, accuracy 78.467 %, best 78.489 %
Finished training it 6976/9593 of epoch 0, 16.11 ms/it, NE 0.845399, loss 0.463367
Testing at - 6976/9593 of epoch 0,  NE 0.825380, loss 0.474168, accuracy 78.036 %, best 78.489 %
Finished training it 7008/9593 of epoch 0, 18.67 ms/it, NE 0.845281, loss 0.466022
Testing at - 7008/9593 of epoch 0,  NE 0.814840, loss 0.468113, accuracy 78.456 %, best 78.489 %
Finished training it 7040/9593 of epoch 0, 16.06 ms/it, NE 0.845159, loss 0.467415
Testing at - 7040/9593 of epoch 0,  NE 0.821600, loss 0.471996, accuracy 78.262 %, best 78.489 %
Finished training it 7072/9593 of epoch 0, 16.27 ms/it, NE 0.845017, loss 0.461915
Testing at - 7072/9593 of epoch 0,  NE 0.815292, loss 0.468372, accuracy 78.482 %, best 78.489 %
Finished training it 7104/9593 of epoch 0, 17.21 ms/it, NE 0.844886, loss 0.465560
Testing at - 7104/9593 of epoch 0,  NE 0.813814, loss 0.467523, accuracy 78.504 %, best 78.504 %
Finished training it 7136/9593 of epoch 0, 18.87 ms/it, NE 0.844767, loss 0.464226
Testing at - 7136/9593 of epoch 0,  NE 0.814605, loss 0.467978, accuracy 78.444 %, best 78.504 %
Finished training it 7168/9593 of epoch 0, 17.79 ms/it, NE 0.844621, loss 0.462555
Testing at - 7168/9593 of epoch 0,  NE 0.814241, loss 0.467769, accuracy 78.503 %, best 78.504 %
Finished training it 7200/9593 of epoch 0, 16.97 ms/it, NE 0.844484, loss 0.462210
Testing at - 7200/9593 of epoch 0,  NE 0.815809, loss 0.468669, accuracy 78.496 %, best 78.504 %
Finished training it 7232/9593 of epoch 0, 18.11 ms/it, NE 0.844350, loss 0.462508
Testing at - 7232/9593 of epoch 0,  NE 0.815851, loss 0.468694, accuracy 78.425 %, best 78.504 %
Finished training it 7264/9593 of epoch 0, 16.75 ms/it, NE 0.844222, loss 0.464944
Testing at - 7264/9593 of epoch 0,  NE 0.813965, loss 0.467610, accuracy 78.524 %, best 78.524 %
Finished training it 7296/9593 of epoch 0, 18.05 ms/it, NE 0.844090, loss 0.463297
Testing at - 7296/9593 of epoch 0,  NE 0.813228, loss 0.467187, accuracy 78.530 %, best 78.530 %
Finished training it 7328/9593 of epoch 0, 17.12 ms/it, NE 0.843964, loss 0.462826
Testing at - 7328/9593 of epoch 0,  NE 0.820306, loss 0.471253, accuracy 78.270 %, best 78.530 %
Finished training it 7360/9593 of epoch 0, 18.30 ms/it, NE 0.843847, loss 0.464533
Testing at - 7360/9593 of epoch 0,  NE 0.817307, loss 0.469530, accuracy 78.408 %, best 78.530 %
Finished training it 7392/9593 of epoch 0, 19.84 ms/it, NE 0.843737, loss 0.467709
Testing at - 7392/9593 of epoch 0,  NE 0.818762, loss 0.470366, accuracy 78.300 %, best 78.530 %
Finished training it 7424/9593 of epoch 0, 17.98 ms/it, NE 0.843615, loss 0.462056
Testing at - 7424/9593 of epoch 0,  NE 0.815714, loss 0.468615, accuracy 78.430 %, best 78.530 %
Finished training it 7456/9593 of epoch 0, 19.22 ms/it, NE 0.843500, loss 0.463635
Testing at - 7456/9593 of epoch 0,  NE 0.814653, loss 0.468005, accuracy 78.521 %, best 78.530 %
Finished training it 7488/9593 of epoch 0, 18.89 ms/it, NE 0.843383, loss 0.467350
Testing at - 7488/9593 of epoch 0,  NE 0.822135, loss 0.472304, accuracy 78.269 %, best 78.530 %
Finished training it 7520/9593 of epoch 0, 20.14 ms/it, NE 0.843259, loss 0.463028
Testing at - 7520/9593 of epoch 0,  NE 0.826706, loss 0.474929, accuracy 77.976 %, best 78.530 %
Finished training it 7552/9593 of epoch 0, 16.82 ms/it, NE 0.843141, loss 0.462250
Testing at - 7552/9593 of epoch 0,  NE 0.812673, loss 0.466868, accuracy 78.548 %, best 78.548 %
Finished training it 7584/9593 of epoch 0, 18.98 ms/it, NE 0.843016, loss 0.463173
Testing at - 7584/9593 of epoch 0,  NE 0.812391, loss 0.466706, accuracy 78.550 %, best 78.550 %
Finished training it 7616/9593 of epoch 0, 17.97 ms/it, NE 0.842894, loss 0.462099
Testing at - 7616/9593 of epoch 0,  NE 0.814297, loss 0.467801, accuracy 78.504 %, best 78.550 %
Finished training it 7648/9593 of epoch 0, 16.13 ms/it, NE 0.842780, loss 0.463370
Testing at - 7648/9593 of epoch 0,  NE 0.818612, loss 0.470280, accuracy 78.263 %, best 78.550 %
Finished training it 7680/9593 of epoch 0, 17.68 ms/it, NE 0.842657, loss 0.463444
Testing at - 7680/9593 of epoch 0,  NE 0.815919, loss 0.468732, accuracy 78.466 %, best 78.550 %
Finished training it 7712/9593 of epoch 0, 18.91 ms/it, NE 0.842527, loss 0.460718
Testing at - 7712/9593 of epoch 0,  NE 0.812486, loss 0.466760, accuracy 78.538 %, best 78.550 %
Finished training it 7744/9593 of epoch 0, 18.79 ms/it, NE 0.842405, loss 0.461361
Testing at - 7744/9593 of epoch 0,  NE 0.812187, loss 0.466589, accuracy 78.543 %, best 78.550 %
Finished training it 7776/9593 of epoch 0, 18.48 ms/it, NE 0.842286, loss 0.461724
Testing at - 7776/9593 of epoch 0,  NE 0.824108, loss 0.473437, accuracy 78.209 %, best 78.550 %
Finished training it 7808/9593 of epoch 0, 16.00 ms/it, NE 0.842182, loss 0.464433
Testing at - 7808/9593 of epoch 0,  NE 0.814227, loss 0.467761, accuracy 78.516 %, best 78.550 %
Finished training it 7840/9593 of epoch 0, 17.77 ms/it, NE 0.842064, loss 0.463087
Testing at - 7840/9593 of epoch 0,  NE 0.813752, loss 0.467488, accuracy 78.514 %, best 78.550 %
Finished training it 7872/9593 of epoch 0, 18.74 ms/it, NE 0.841950, loss 0.462238
Testing at - 7872/9593 of epoch 0,  NE 0.812467, loss 0.466750, accuracy 78.546 %, best 78.550 %
Finished training it 7904/9593 of epoch 0, 17.14 ms/it, NE 0.841826, loss 0.462854
Testing at - 7904/9593 of epoch 0,  NE 0.826414, loss 0.474762, accuracy 78.107 %, best 78.550 %
Finished training it 7936/9593 of epoch 0, 17.04 ms/it, NE 0.841704, loss 0.461577
Testing at - 7936/9593 of epoch 0,  NE 0.813702, loss 0.467459, accuracy 78.496 %, best 78.550 %
Finished training it 7968/9593 of epoch 0, 17.01 ms/it, NE 0.841597, loss 0.463642
Testing at - 7968/9593 of epoch 0,  NE 0.823590, loss 0.473139, accuracy 78.237 %, best 78.550 %
Finished training it 8000/9593 of epoch 0, 16.98 ms/it, NE 0.841500, loss 0.464857
Testing at - 8000/9593 of epoch 0,  NE 0.815337, loss 0.468398, accuracy 78.503 %, best 78.550 %
Finished training it 8032/9593 of epoch 0, 15.86 ms/it, NE 0.841381, loss 0.461575
Testing at - 8032/9593 of epoch 0,  NE 0.812960, loss 0.467033, accuracy 78.561 %, best 78.561 %
Finished training it 8064/9593 of epoch 0, 16.36 ms/it, NE 0.841266, loss 0.461855
Testing at - 8064/9593 of epoch 0,  NE 0.821246, loss 0.471793, accuracy 78.264 %, best 78.561 %
Finished training it 8096/9593 of epoch 0, 17.23 ms/it, NE 0.841152, loss 0.459963
Testing at - 8096/9593 of epoch 0,  NE 0.814046, loss 0.467656, accuracy 78.522 %, best 78.561 %
Finished training it 8128/9593 of epoch 0, 16.88 ms/it, NE 0.841047, loss 0.462110
Testing at - 8128/9593 of epoch 0,  NE 0.812298, loss 0.466652, accuracy 78.560 %, best 78.561 %
Finished training it 8160/9593 of epoch 0, 16.67 ms/it, NE 0.840928, loss 0.462193
Testing at - 8160/9593 of epoch 0,  NE 0.813261, loss 0.467205, accuracy 78.509 %, best 78.561 %
Finished training it 8192/9593 of epoch 0, 18.66 ms/it, NE 0.840826, loss 0.462314
Testing at - 8192/9593 of epoch 0,  NE 0.815267, loss 0.468358, accuracy 78.481 %, best 78.561 %
Finished training it 8224/9593 of epoch 0, 16.05 ms/it, NE 0.840717, loss 0.463594
Testing at - 8224/9593 of epoch 0,  NE 0.813085, loss 0.467105, accuracy 78.558 %, best 78.561 %
Finished training it 8256/9593 of epoch 0, 16.44 ms/it, NE 0.840622, loss 0.465376
Testing at - 8256/9593 of epoch 0,  NE 0.814721, loss 0.468044, accuracy 78.517 %, best 78.561 %
Finished training it 8288/9593 of epoch 0, 18.05 ms/it, NE 0.840511, loss 0.460771
Testing at - 8288/9593 of epoch 0,  NE 0.813067, loss 0.467094, accuracy 78.497 %, best 78.561 %
Finished training it 8320/9593 of epoch 0, 18.03 ms/it, NE 0.840401, loss 0.461687
Testing at - 8320/9593 of epoch 0,  NE 0.814089, loss 0.467681, accuracy 78.536 %, best 78.561 %
Finished training it 8352/9593 of epoch 0, 19.06 ms/it, NE 0.840295, loss 0.463511
Testing at - 8352/9593 of epoch 0,  NE 0.812655, loss 0.466857, accuracy 78.568 %, best 78.568 %
Finished training it 8384/9593 of epoch 0, 18.65 ms/it, NE 0.840200, loss 0.463214
Testing at - 8384/9593 of epoch 0,  NE 0.817789, loss 0.469807, accuracy 78.394 %, best 78.568 %
Finished training it 8416/9593 of epoch 0, 19.17 ms/it, NE 0.840098, loss 0.461161
Testing at - 8416/9593 of epoch 0,  NE 0.816406, loss 0.469012, accuracy 78.452 %, best 78.568 %
Finished training it 8448/9593 of epoch 0, 17.18 ms/it, NE 0.839985, loss 0.461758
Testing at - 8448/9593 of epoch 0,  NE 0.812697, loss 0.466881, accuracy 78.531 %, best 78.568 %
Finished training it 8480/9593 of epoch 0, 16.92 ms/it, NE 0.839871, loss 0.458815
Testing at - 8480/9593 of epoch 0,  NE 0.810311, loss 0.465511, accuracy 78.595 %, best 78.595 %
Finished training it 8512/9593 of epoch 0, 15.95 ms/it, NE 0.839770, loss 0.462318
Testing at - 8512/9593 of epoch 0,  NE 0.814642, loss 0.467999, accuracy 78.484 %, best 78.595 %
Finished training it 8544/9593 of epoch 0, 17.62 ms/it, NE 0.839674, loss 0.462470
Testing at - 8544/9593 of epoch 0,  NE 0.812018, loss 0.466491, accuracy 78.598 %, best 78.598 %
Finished training it 8576/9593 of epoch 0, 17.64 ms/it, NE 0.839570, loss 0.461968
Testing at - 8576/9593 of epoch 0,  NE 0.811044, loss 0.465932, accuracy 78.617 %, best 78.617 %
Finished training it 8608/9593 of epoch 0, 16.91 ms/it, NE 0.839472, loss 0.462890
Testing at - 8608/9593 of epoch 0,  NE 0.812640, loss 0.466849, accuracy 78.572 %, best 78.617 %
Finished training it 8640/9593 of epoch 0, 22.66 ms/it, NE 0.839371, loss 0.461817
Testing at - 8640/9593 of epoch 0,  NE 0.812987, loss 0.467048, accuracy 78.574 %, best 78.617 %
Finished training it 8672/9593 of epoch 0, 22.72 ms/it, NE 0.839258, loss 0.458432
Testing at - 8672/9593 of epoch 0,  NE 0.820941, loss 0.471618, accuracy 78.321 %, best 78.617 %
Finished training it 8704/9593 of epoch 0, 22.76 ms/it, NE 0.839165, loss 0.464872
Testing at - 8704/9593 of epoch 0,  NE 0.813085, loss 0.467104, accuracy 78.527 %, best 78.617 %
Finished training it 8736/9593 of epoch 0, 17.58 ms/it, NE 0.839079, loss 0.465284
Testing at - 8736/9593 of epoch 0,  NE 0.811751, loss 0.466338, accuracy 78.560 %, best 78.617 %
Finished training it 8768/9593 of epoch 0, 21.82 ms/it, NE 0.838982, loss 0.462308
Testing at - 8768/9593 of epoch 0,  NE 0.816500, loss 0.469066, accuracy 78.360 %, best 78.617 %
Finished training it 8800/9593 of epoch 0, 16.93 ms/it, NE 0.838892, loss 0.460052
Testing at - 8800/9593 of epoch 0,  NE 0.815144, loss 0.468287, accuracy 78.428 %, best 78.617 %
Finished training it 8832/9593 of epoch 0, 26.23 ms/it, NE 0.838786, loss 0.458794
Testing at - 8832/9593 of epoch 0,  NE 0.811180, loss 0.466010, accuracy 78.574 %, best 78.617 %
Finished training it 8864/9593 of epoch 0, 17.24 ms/it, NE 0.838703, loss 0.464000
Testing at - 8864/9593 of epoch 0,  NE 0.812756, loss 0.466916, accuracy 78.552 %, best 78.617 %
Finished training it 8896/9593 of epoch 0, 18.07 ms/it, NE 0.838608, loss 0.460124
Testing at - 8896/9593 of epoch 0,  NE 0.810716, loss 0.465743, accuracy 78.618 %, best 78.618 %
Finished training it 8928/9593 of epoch 0, 16.03 ms/it, NE 0.838513, loss 0.460784
Testing at - 8928/9593 of epoch 0,  NE 0.813772, loss 0.467499, accuracy 78.516 %, best 78.618 %
Finished training it 8960/9593 of epoch 0, 19.70 ms/it, NE 0.838429, loss 0.463176
Testing at - 8960/9593 of epoch 0,  NE 0.810975, loss 0.465893, accuracy 78.604 %, best 78.618 %
Finished training it 8992/9593 of epoch 0, 22.26 ms/it, NE 0.838331, loss 0.460033
Testing at - 8992/9593 of epoch 0,  NE 0.811608, loss 0.466256, accuracy 78.565 %, best 78.618 %
Finished training it 9024/9593 of epoch 0, 21.31 ms/it, NE 0.838225, loss 0.459591
Testing at - 9024/9593 of epoch 0,  NE 0.816673, loss 0.469165, accuracy 78.389 %, best 78.618 %
Finished training it 9056/9593 of epoch 0, 17.75 ms/it, NE 0.838131, loss 0.459939
Testing at - 9056/9593 of epoch 0,  NE 0.809931, loss 0.465292, accuracy 78.627 %, best 78.627 %
Finished training it 9088/9593 of epoch 0, 24.98 ms/it, NE 0.838051, loss 0.464371
Testing at - 9088/9593 of epoch 0,  NE 0.815854, loss 0.468695, accuracy 78.510 %, best 78.627 %
Finished training it 9120/9593 of epoch 0, 15.93 ms/it, NE 0.837958, loss 0.459034
Testing at - 9120/9593 of epoch 0,  NE 0.817465, loss 0.469620, accuracy 78.378 %, best 78.627 %
Finished training it 9152/9593 of epoch 0, 16.92 ms/it, NE 0.837868, loss 0.463860
Testing at - 9152/9593 of epoch 0,  NE 0.812390, loss 0.466705, accuracy 78.562 %, best 78.627 %
Finished training it 9184/9593 of epoch 0, 17.27 ms/it, NE 0.837775, loss 0.462528
Testing at - 9184/9593 of epoch 0,  NE 0.811430, loss 0.466154, accuracy 78.598 %, best 78.627 %
Finished training it 9216/9593 of epoch 0, 18.00 ms/it, NE 0.837676, loss 0.460028
Testing at - 9216/9593 of epoch 0,  NE 0.813006, loss 0.467059, accuracy 78.541 %, best 78.627 %
Finished training it 9248/9593 of epoch 0, 15.89 ms/it, NE 0.837596, loss 0.461942
Testing at - 9248/9593 of epoch 0,  NE 0.814554, loss 0.467949, accuracy 78.480 %, best 78.627 %
Finished training it 9280/9593 of epoch 0, 19.36 ms/it, NE 0.837504, loss 0.462149
Testing at - 9280/9593 of epoch 0,  NE 0.818745, loss 0.470356, accuracy 78.317 %, best 78.627 %
Finished training it 9312/9593 of epoch 0, 16.48 ms/it, NE 0.837422, loss 0.463827
Testing at - 9312/9593 of epoch 0,  NE 0.811729, loss 0.466326, accuracy 78.625 %, best 78.627 %
Finished training it 9344/9593 of epoch 0, 15.65 ms/it, NE 0.837335, loss 0.464293
Testing at - 9344/9593 of epoch 0,  NE 0.813500, loss 0.467343, accuracy 78.565 %, best 78.627 %
Finished training it 9376/9593 of epoch 0, 23.64 ms/it, NE 0.837245, loss 0.461349
Testing at - 9376/9593 of epoch 0,  NE 0.818558, loss 0.470249, accuracy 78.389 %, best 78.627 %
Finished training it 9408/9593 of epoch 0, 18.15 ms/it, NE 0.837167, loss 0.461217
Testing at - 9408/9593 of epoch 0,  NE 0.815752, loss 0.468636, accuracy 78.441 %, best 78.627 %
Finished training it 9440/9593 of epoch 0, 16.96 ms/it, NE 0.837074, loss 0.460089
Testing at - 9440/9593 of epoch 0,  NE 0.812047, loss 0.466508, accuracy 78.529 %, best 78.627 %
Finished training it 9472/9593 of epoch 0, 15.62 ms/it, NE 0.836986, loss 0.461085
Testing at - 9472/9593 of epoch 0,  NE 0.812856, loss 0.466973, accuracy 78.523 %, best 78.627 %
Finished training it 9504/9593 of epoch 0, 16.67 ms/it, NE 0.836914, loss 0.463063
Testing at - 9504/9593 of epoch 0,  NE 0.811665, loss 0.466288, accuracy 78.596 %, best 78.627 %
Finished training it 9536/9593 of epoch 0, 19.65 ms/it, NE 0.836827, loss 0.459386
Testing at - 9536/9593 of epoch 0,  NE 0.813110, loss 0.467119, accuracy 78.477 %, best 78.627 %
Finished training it 9568/9593 of epoch 0, 21.16 ms/it, NE 0.836728, loss 0.459530
Testing at - 9568/9593 of epoch 0,  NE 0.808897, loss 0.464698, accuracy 78.631 %, best 78.631 %
Finished training it 9593/9593 of epoch 0, 16.69 ms/it, NE 0.836660, loss 0.463544
Testing at - 9593/9593 of epoch 0,  NE 0.810436, loss 0.465583, accuracy 78.615 %, best 78.631 %
