NCCL version 2.9.6+cudaCUDA_MAJOR.CUDA_MINOR
Unable to import mlperf_logging,  No module named 'mlperf_logging'
world size: 1, current rank: 0, local rank: 0
Using 2 GPU(s)...
Reading pre-processed data=./input/kaggleAdDisplayChallenge_processed.npz
Sparse fea = 26, Dense fea = 13
Defined train indices...
Randomized indices across days ...
Split data according to indices...
Reading pre-processed data=./input/kaggleAdDisplayChallenge_processed.npz
Sparse fea = 26, Dense fea = 13
Defined test indices...
Randomized indices across days ...
Split data according to indices...
DLRM_Net(
  (bot_l): Sequential(
    (0): Linear(in_features=13, out_features=512, bias=True)
    (1): ReLU()
    (2): Linear(in_features=512, out_features=256, bias=True)
    (3): ReLU()
    (4): Linear(in_features=256, out_features=64, bias=True)
    (5): ReLU()
    (6): Linear(in_features=64, out_features=16, bias=True)
    (7): ReLU()
  )
  (top_l): Sequential(
    (0): Linear(in_features=367, out_features=512, bias=True)
    (1): ReLU()
    (2): Linear(in_features=512, out_features=256, bias=True)
    (3): ReLU()
    (4): Linear(in_features=256, out_features=1, bias=True)
    (5): Sigmoid()
  )
  (loss_fn): BCELoss()
)
Random uniform embeddings init: 0 size: 1461 dim: 16
Random uniform embeddings init: 1 size: 584 dim: 16
Random uniform embeddings init: 2 size: 10131227 dim: 16
Random uniform embeddings init: 3 size: 2202608 dim: 16
Random uniform embeddings init: 4 size: 306 dim: 16
Random uniform embeddings init: 5 size: 24 dim: 16
Random uniform embeddings init: 6 size: 12518 dim: 16
Random uniform embeddings init: 7 size: 634 dim: 16
Random uniform embeddings init: 8 size: 4 dim: 16
Random uniform embeddings init: 9 size: 93146 dim: 16
Random uniform embeddings init: 10 size: 5684 dim: 16
Random uniform embeddings init: 11 size: 8351593 dim: 16
Random uniform embeddings init: 12 size: 3195 dim: 16
Random uniform embeddings init: 13 size: 28 dim: 16
Random uniform embeddings init: 14 size: 14993 dim: 16
Random uniform embeddings init: 15 size: 5461306 dim: 16
Random uniform embeddings init: 16 size: 11 dim: 16
Random uniform embeddings init: 17 size: 5653 dim: 16
Random uniform embeddings init: 18 size: 2173 dim: 16
Random uniform embeddings init: 19 size: 4 dim: 16
Random uniform embeddings init: 20 size: 7046547 dim: 16
Random uniform embeddings init: 21 size: 18 dim: 16
Random uniform embeddings init: 22 size: 16 dim: 16
Random uniform embeddings init: 23 size: 286181 dim: 16
Random uniform embeddings init: 24 size: 105 dim: 16
Random uniform embeddings init: 25 size: 142572 dim: 16
time/loss/accuracy (if enabled):
Finished training it 512/153485 of epoch 0, 28.16 ms/it, NE 0.929106, loss 0.528388
Testing at - 512/153485 of epoch 0,  NE 0.909250, loss 0.522349, accuracy 75.616 %, best 75.616 %
Finished training it 1024/153485 of epoch 0, 13.48 ms/it, NE 0.914149, loss 0.511562
Testing at - 1024/153485 of epoch 0,  NE 0.884280, loss 0.508005, accuracy 76.143 %, best 76.143 %
Finished training it 1536/153485 of epoch 0, 13.95 ms/it, NE 0.906651, loss 0.506843
Testing at - 1536/153485 of epoch 0,  NE 0.879341, loss 0.505168, accuracy 76.395 %, best 76.395 %
Finished training it 2048/153485 of epoch 0, 18.05 ms/it, NE 0.900059, loss 0.497362
Testing at - 2048/153485 of epoch 0,  NE 0.873725, loss 0.501941, accuracy 76.570 %, best 76.570 %
Finished training it 2560/153485 of epoch 0, 16.02 ms/it, NE 0.894909, loss 0.497221
Testing at - 2560/153485 of epoch 0,  NE 0.867206, loss 0.498196, accuracy 76.786 %, best 76.786 %
Finished training it 3072/153485 of epoch 0, 15.48 ms/it, NE 0.890367, loss 0.492894
Testing at - 3072/153485 of epoch 0,  NE 0.874625, loss 0.502458, accuracy 76.536 %, best 76.786 %
Finished training it 3584/153485 of epoch 0, 17.37 ms/it, NE 0.886279, loss 0.488448
Testing at - 3584/153485 of epoch 0,  NE 0.860695, loss 0.494455, accuracy 76.961 %, best 76.961 %
Finished training it 4096/153485 of epoch 0, 15.15 ms/it, NE 0.882294, loss 0.486295
Testing at - 4096/153485 of epoch 0,  NE 0.852600, loss 0.489805, accuracy 77.114 %, best 77.114 %
Finished training it 4608/153485 of epoch 0, 16.54 ms/it, NE 0.879057, loss 0.483787
Testing at - 4608/153485 of epoch 0,  NE 0.851717, loss 0.489298, accuracy 77.122 %, best 77.122 %
Finished training it 5120/153485 of epoch 0, 17.32 ms/it, NE 0.875762, loss 0.481415
Testing at - 5120/153485 of epoch 0,  NE 0.850483, loss 0.488589, accuracy 77.096 %, best 77.122 %
Finished training it 5632/153485 of epoch 0, 14.41 ms/it, NE 0.872780, loss 0.479279
Testing at - 5632/153485 of epoch 0,  NE 0.841943, loss 0.483683, accuracy 77.511 %, best 77.511 %
Finished training it 6144/153485 of epoch 0, 15.49 ms/it, NE 0.869966, loss 0.473725
Testing at - 6144/153485 of epoch 0,  NE 0.840162, loss 0.482660, accuracy 77.506 %, best 77.511 %
Finished training it 6656/153485 of epoch 0, 16.18 ms/it, NE 0.867694, loss 0.479125
Testing at - 6656/153485 of epoch 0,  NE 0.839289, loss 0.482158, accuracy 77.632 %, best 77.632 %
Finished training it 7168/153485 of epoch 0, 16.14 ms/it, NE 0.865461, loss 0.475838
Testing at - 7168/153485 of epoch 0,  NE 0.834551, loss 0.479436, accuracy 77.687 %, best 77.687 %
Finished training it 7680/153485 of epoch 0, 16.31 ms/it, NE 0.863418, loss 0.474165
Testing at - 7680/153485 of epoch 0,  NE 0.845960, loss 0.485991, accuracy 77.397 %, best 77.687 %
Finished training it 8192/153485 of epoch 0, 15.34 ms/it, NE 0.861456, loss 0.474236
Testing at - 8192/153485 of epoch 0,  NE 0.830519, loss 0.477120, accuracy 77.778 %, best 77.778 %
Finished training it 8704/153485 of epoch 0, 14.63 ms/it, NE 0.859533, loss 0.471847
Testing at - 8704/153485 of epoch 0,  NE 0.839686, loss 0.482386, accuracy 77.504 %, best 77.778 %
Finished training it 9216/153485 of epoch 0, 15.34 ms/it, NE 0.858029, loss 0.473736
Testing at - 9216/153485 of epoch 0,  NE 0.832157, loss 0.478061, accuracy 77.759 %, best 77.778 %
Finished training it 9728/153485 of epoch 0, 14.84 ms/it, NE 0.856489, loss 0.472230
Testing at - 9728/153485 of epoch 0,  NE 0.835104, loss 0.479754, accuracy 77.793 %, best 77.793 %
Finished training it 10240/153485 of epoch 0, 14.88 ms/it, NE 0.855254, loss 0.472196
Testing at - 10240/153485 of epoch 0,  NE 0.839404, loss 0.482224, accuracy 77.479 %, best 77.793 %
Finished training it 10752/153485 of epoch 0, 14.29 ms/it, NE 0.854064, loss 0.471772
Testing at - 10752/153485 of epoch 0,  NE 0.829043, loss 0.476272, accuracy 77.926 %, best 77.926 %
Finished training it 11264/153485 of epoch 0, 14.09 ms/it, NE 0.852897, loss 0.470261
Testing at - 11264/153485 of epoch 0,  NE 0.828322, loss 0.475858, accuracy 77.831 %, best 77.926 %
Finished training it 11776/153485 of epoch 0, 13.25 ms/it, NE 0.851851, loss 0.473272
Testing at - 11776/153485 of epoch 0,  NE 0.826837, loss 0.475005, accuracy 77.864 %, best 77.926 %
Finished training it 12288/153485 of epoch 0, 13.94 ms/it, NE 0.850817, loss 0.468582
Testing at - 12288/153485 of epoch 0,  NE 0.835289, loss 0.479860, accuracy 77.629 %, best 77.926 %
Finished training it 12800/153485 of epoch 0, 13.33 ms/it, NE 0.849684, loss 0.467127
Testing at - 12800/153485 of epoch 0,  NE 0.824540, loss 0.473685, accuracy 77.934 %, best 77.934 %
Finished training it 13312/153485 of epoch 0, 13.05 ms/it, NE 0.848701, loss 0.468041
Testing at - 13312/153485 of epoch 0,  NE 0.826736, loss 0.474947, accuracy 77.861 %, best 77.934 %
Finished training it 13824/153485 of epoch 0, 12.86 ms/it, NE 0.847691, loss 0.465982
Testing at - 13824/153485 of epoch 0,  NE 0.823112, loss 0.472865, accuracy 78.054 %, best 78.054 %
Finished training it 14336/153485 of epoch 0, 13.28 ms/it, NE 0.846932, loss 0.468258
Testing at - 14336/153485 of epoch 0,  NE 0.823862, loss 0.473296, accuracy 78.057 %, best 78.057 %
Finished training it 14848/153485 of epoch 0, 13.57 ms/it, NE 0.846288, loss 0.469868
Testing at - 14848/153485 of epoch 0,  NE 0.824804, loss 0.473837, accuracy 77.938 %, best 78.057 %
Finished training it 15360/153485 of epoch 0, 14.17 ms/it, NE 0.845528, loss 0.467843
Testing at - 15360/153485 of epoch 0,  NE 0.821627, loss 0.472012, accuracy 78.116 %, best 78.116 %
Finished training it 15872/153485 of epoch 0, 13.59 ms/it, NE 0.844832, loss 0.469004
Testing at - 15872/153485 of epoch 0,  NE 0.834615, loss 0.479473, accuracy 77.631 %, best 78.116 %
Finished training it 16384/153485 of epoch 0, 16.78 ms/it, NE 0.844108, loss 0.468506
Testing at - 16384/153485 of epoch 0,  NE 0.824185, loss 0.473481, accuracy 77.914 %, best 78.116 %
Finished training it 16896/153485 of epoch 0, 15.42 ms/it, NE 0.843353, loss 0.466181
Testing at - 16896/153485 of epoch 0,  NE 0.819160, loss 0.470594, accuracy 78.098 %, best 78.116 %
Finished training it 17408/153485 of epoch 0, 14.61 ms/it, NE 0.842589, loss 0.464841
Testing at - 17408/153485 of epoch 0,  NE 0.822728, loss 0.472644, accuracy 77.966 %, best 78.116 %
Finished training it 17920/153485 of epoch 0, 14.38 ms/it, NE 0.842063, loss 0.469152
Testing at - 17920/153485 of epoch 0,  NE 0.821553, loss 0.471969, accuracy 78.159 %, best 78.159 %
Finished training it 18432/153485 of epoch 0, 14.70 ms/it, NE 0.841425, loss 0.465679
Testing at - 18432/153485 of epoch 0,  NE 0.821811, loss 0.472117, accuracy 78.115 %, best 78.159 %
Finished training it 18944/153485 of epoch 0, 13.64 ms/it, NE 0.840842, loss 0.464656
Testing at - 18944/153485 of epoch 0,  NE 0.820643, loss 0.471446, accuracy 78.132 %, best 78.159 %
Finished training it 19456/153485 of epoch 0, 14.77 ms/it, NE 0.840334, loss 0.467418
Testing at - 19456/153485 of epoch 0,  NE 0.817149, loss 0.469439, accuracy 78.171 %, best 78.171 %
Finished training it 19968/153485 of epoch 0, 14.49 ms/it, NE 0.839802, loss 0.465886
Testing at - 19968/153485 of epoch 0,  NE 0.820753, loss 0.471510, accuracy 78.111 %, best 78.171 %
Finished training it 20480/153485 of epoch 0, 14.47 ms/it, NE 0.839242, loss 0.465654
Testing at - 20480/153485 of epoch 0,  NE 0.818972, loss 0.470486, accuracy 78.196 %, best 78.196 %
Finished training it 20992/153485 of epoch 0, 15.52 ms/it, NE 0.838732, loss 0.465031
Testing at - 20992/153485 of epoch 0,  NE 0.819557, loss 0.470822, accuracy 78.164 %, best 78.196 %
Finished training it 21504/153485 of epoch 0, 15.23 ms/it, NE 0.838281, loss 0.464715
Testing at - 21504/153485 of epoch 0,  NE 0.817214, loss 0.469476, accuracy 78.234 %, best 78.234 %
Finished training it 22016/153485 of epoch 0, 15.50 ms/it, NE 0.837847, loss 0.465584
Testing at - 22016/153485 of epoch 0,  NE 0.824930, loss 0.473909, accuracy 78.021 %, best 78.234 %
Finished training it 22528/153485 of epoch 0, 14.71 ms/it, NE 0.837438, loss 0.466179
Testing at - 22528/153485 of epoch 0,  NE 0.817197, loss 0.469467, accuracy 78.230 %, best 78.234 %
Finished training it 23040/153485 of epoch 0, 15.45 ms/it, NE 0.836954, loss 0.464549
Testing at - 23040/153485 of epoch 0,  NE 0.822683, loss 0.472619, accuracy 78.006 %, best 78.234 %
Finished training it 23552/153485 of epoch 0, 14.43 ms/it, NE 0.836600, loss 0.467135
Testing at - 23552/153485 of epoch 0,  NE 0.822810, loss 0.472691, accuracy 78.060 %, best 78.234 %
Finished training it 24064/153485 of epoch 0, 14.93 ms/it, NE 0.836269, loss 0.466075
Testing at - 24064/153485 of epoch 0,  NE 0.824177, loss 0.473477, accuracy 77.961 %, best 78.234 %
Finished training it 24576/153485 of epoch 0, 14.26 ms/it, NE 0.835830, loss 0.461555
Testing at - 24576/153485 of epoch 0,  NE 0.815301, loss 0.468378, accuracy 78.239 %, best 78.239 %
Finished training it 25088/153485 of epoch 0, 14.14 ms/it, NE 0.835394, loss 0.463499
Testing at - 25088/153485 of epoch 0,  NE 0.817702, loss 0.469757, accuracy 78.252 %, best 78.252 %
Finished training it 25600/153485 of epoch 0, 13.86 ms/it, NE 0.835028, loss 0.465692
Testing at - 25600/153485 of epoch 0,  NE 0.816505, loss 0.469069, accuracy 78.280 %, best 78.280 %
Finished training it 26112/153485 of epoch 0, 13.32 ms/it, NE 0.834632, loss 0.465328
Testing at - 26112/153485 of epoch 0,  NE 0.816989, loss 0.469347, accuracy 78.223 %, best 78.280 %
Finished training it 26624/153485 of epoch 0, 13.16 ms/it, NE 0.834285, loss 0.464773
Testing at - 26624/153485 of epoch 0,  NE 0.815812, loss 0.468671, accuracy 78.274 %, best 78.280 %
Finished training it 27136/153485 of epoch 0, 14.69 ms/it, NE 0.833933, loss 0.464254
Testing at - 27136/153485 of epoch 0,  NE 0.817720, loss 0.469767, accuracy 78.205 %, best 78.280 %
Finished training it 27648/153485 of epoch 0, 14.38 ms/it, NE 0.833566, loss 0.463670
Testing at - 27648/153485 of epoch 0,  NE 0.819677, loss 0.470891, accuracy 78.202 %, best 78.280 %
Finished training it 28160/153485 of epoch 0, 15.37 ms/it, NE 0.833267, loss 0.463005
Testing at - 28160/153485 of epoch 0,  NE 0.815500, loss 0.468492, accuracy 78.256 %, best 78.280 %
Finished training it 28672/153485 of epoch 0, 14.03 ms/it, NE 0.832923, loss 0.461028
Testing at - 28672/153485 of epoch 0,  NE 0.814679, loss 0.468020, accuracy 78.278 %, best 78.280 %
Finished training it 29184/153485 of epoch 0, 19.60 ms/it, NE 0.832540, loss 0.460992
Testing at - 29184/153485 of epoch 0,  NE 0.813328, loss 0.467244, accuracy 78.323 %, best 78.323 %
Finished training it 29696/153485 of epoch 0, 16.53 ms/it, NE 0.832203, loss 0.462564
Testing at - 29696/153485 of epoch 0,  NE 0.813884, loss 0.467563, accuracy 78.340 %, best 78.340 %
Finished training it 30208/153485 of epoch 0, 16.69 ms/it, NE 0.831908, loss 0.462306
Testing at - 30208/153485 of epoch 0,  NE 0.831308, loss 0.477573, accuracy 77.723 %, best 78.340 %
Finished training it 30720/153485 of epoch 0, 14.99 ms/it, NE 0.831617, loss 0.465070
Testing at - 30720/153485 of epoch 0,  NE 0.814197, loss 0.467743, accuracy 78.334 %, best 78.340 %
Finished training it 31232/153485 of epoch 0, 15.03 ms/it, NE 0.831353, loss 0.463036
Testing at - 31232/153485 of epoch 0,  NE 0.815629, loss 0.468566, accuracy 78.291 %, best 78.340 %
Finished training it 31744/153485 of epoch 0, 13.23 ms/it, NE 0.831024, loss 0.461758
Testing at - 31744/153485 of epoch 0,  NE 0.812976, loss 0.467042, accuracy 78.363 %, best 78.363 %
Finished training it 32256/153485 of epoch 0, 13.88 ms/it, NE 0.830761, loss 0.464141
Testing at - 32256/153485 of epoch 0,  NE 0.816190, loss 0.468888, accuracy 78.263 %, best 78.363 %
Finished training it 32768/153485 of epoch 0, 15.50 ms/it, NE 0.830544, loss 0.465473
Testing at - 32768/153485 of epoch 0,  NE 0.812475, loss 0.466754, accuracy 78.350 %, best 78.363 %
Finished training it 33280/153485 of epoch 0, 13.88 ms/it, NE 0.830296, loss 0.462025
Testing at - 33280/153485 of epoch 0,  NE 0.812510, loss 0.466774, accuracy 78.385 %, best 78.385 %
Finished training it 33792/153485 of epoch 0, 14.39 ms/it, NE 0.829995, loss 0.461001
Testing at - 33792/153485 of epoch 0,  NE 0.811965, loss 0.466461, accuracy 78.328 %, best 78.385 %
Finished training it 34304/153485 of epoch 0, 13.83 ms/it, NE 0.829709, loss 0.461883
Testing at - 34304/153485 of epoch 0,  NE 0.816561, loss 0.469101, accuracy 78.224 %, best 78.385 %
Finished training it 34816/153485 of epoch 0, 13.47 ms/it, NE 0.829446, loss 0.461704
Testing at - 34816/153485 of epoch 0,  NE 0.811133, loss 0.465983, accuracy 78.404 %, best 78.404 %
Finished training it 35328/153485 of epoch 0, 13.25 ms/it, NE 0.829197, loss 0.461097
Testing at - 35328/153485 of epoch 0,  NE 0.811220, loss 0.466033, accuracy 78.404 %, best 78.404 %
Finished training it 35840/153485 of epoch 0, 13.37 ms/it, NE 0.829007, loss 0.463322
Testing at - 35840/153485 of epoch 0,  NE 0.813119, loss 0.467124, accuracy 78.393 %, best 78.404 %
Finished training it 36352/153485 of epoch 0, 15.33 ms/it, NE 0.828740, loss 0.459625
Testing at - 36352/153485 of epoch 0,  NE 0.813592, loss 0.467395, accuracy 78.258 %, best 78.404 %
Finished training it 36864/153485 of epoch 0, 15.39 ms/it, NE 0.828504, loss 0.461693
Testing at - 36864/153485 of epoch 0,  NE 0.812819, loss 0.466952, accuracy 78.310 %, best 78.404 %
Finished training it 37376/153485 of epoch 0, 16.07 ms/it, NE 0.828260, loss 0.460891
Testing at - 37376/153485 of epoch 0,  NE 0.820268, loss 0.471231, accuracy 78.024 %, best 78.404 %
Finished training it 37888/153485 of epoch 0, 17.40 ms/it, NE 0.828019, loss 0.460750
Testing at - 37888/153485 of epoch 0,  NE 0.812632, loss 0.466844, accuracy 78.331 %, best 78.404 %
Finished training it 38400/153485 of epoch 0, 15.80 ms/it, NE 0.827808, loss 0.461055
Testing at - 38400/153485 of epoch 0,  NE 0.820287, loss 0.471242, accuracy 78.205 %, best 78.404 %
Finished training it 38912/153485 of epoch 0, 15.31 ms/it, NE 0.827614, loss 0.461042
Testing at - 38912/153485 of epoch 0,  NE 0.811044, loss 0.465932, accuracy 78.438 %, best 78.438 %
Finished training it 39424/153485 of epoch 0, 13.57 ms/it, NE 0.827396, loss 0.460717
Testing at - 39424/153485 of epoch 0,  NE 0.811359, loss 0.466113, accuracy 78.380 %, best 78.438 %
Finished training it 39936/153485 of epoch 0, 14.66 ms/it, NE 0.827166, loss 0.459791
Testing at - 39936/153485 of epoch 0,  NE 0.812739, loss 0.466906, accuracy 78.357 %, best 78.438 %
Finished training it 40448/153485 of epoch 0, 13.75 ms/it, NE 0.826946, loss 0.460548
Testing at - 40448/153485 of epoch 0,  NE 0.810857, loss 0.465824, accuracy 78.421 %, best 78.438 %
Finished training it 40960/153485 of epoch 0, 13.56 ms/it, NE 0.826748, loss 0.461189
Testing at - 40960/153485 of epoch 0,  NE 0.809695, loss 0.465157, accuracy 78.478 %, best 78.478 %
Finished training it 41472/153485 of epoch 0, 13.50 ms/it, NE 0.826559, loss 0.459483
Testing at - 41472/153485 of epoch 0,  NE 0.809365, loss 0.464967, accuracy 78.435 %, best 78.478 %
Finished training it 41984/153485 of epoch 0, 16.26 ms/it, NE 0.826350, loss 0.458786
Testing at - 41984/153485 of epoch 0,  NE 0.807431, loss 0.463856, accuracy 78.466 %, best 78.478 %
Finished training it 42496/153485 of epoch 0, 14.42 ms/it, NE 0.826118, loss 0.459181
Testing at - 42496/153485 of epoch 0,  NE 0.809926, loss 0.465290, accuracy 78.445 %, best 78.478 %
Finished training it 43008/153485 of epoch 0, 13.32 ms/it, NE 0.825935, loss 0.461454
Testing at - 43008/153485 of epoch 0,  NE 0.812685, loss 0.466875, accuracy 78.320 %, best 78.478 %
Finished training it 43520/153485 of epoch 0, 14.58 ms/it, NE 0.825720, loss 0.459840
Testing at - 43520/153485 of epoch 0,  NE 0.811138, loss 0.465986, accuracy 78.402 %, best 78.478 %
Finished training it 44032/153485 of epoch 0, 14.03 ms/it, NE 0.825519, loss 0.458198
Testing at - 44032/153485 of epoch 0,  NE 0.807137, loss 0.463687, accuracy 78.481 %, best 78.481 %
Finished training it 44544/153485 of epoch 0, 14.71 ms/it, NE 0.825291, loss 0.459719
Testing at - 44544/153485 of epoch 0,  NE 0.809659, loss 0.465136, accuracy 78.439 %, best 78.481 %
Finished training it 45056/153485 of epoch 0, 16.55 ms/it, NE 0.825102, loss 0.459115
Testing at - 45056/153485 of epoch 0,  NE 0.811288, loss 0.466072, accuracy 78.372 %, best 78.481 %
Finished training it 45568/153485 of epoch 0, 14.61 ms/it, NE 0.824917, loss 0.459108
Testing at - 45568/153485 of epoch 0,  NE 0.811468, loss 0.466176, accuracy 78.314 %, best 78.481 %
Finished training it 46080/153485 of epoch 0, 14.17 ms/it, NE 0.824742, loss 0.461254
Testing at - 46080/153485 of epoch 0,  NE 0.810600, loss 0.465677, accuracy 78.491 %, best 78.491 %
Finished training it 46592/153485 of epoch 0, 16.43 ms/it, NE 0.824568, loss 0.460513
Testing at - 46592/153485 of epoch 0,  NE 0.809555, loss 0.465077, accuracy 78.406 %, best 78.491 %
Finished training it 47104/153485 of epoch 0, 15.53 ms/it, NE 0.824399, loss 0.459257
Testing at - 47104/153485 of epoch 0,  NE 0.808093, loss 0.464236, accuracy 78.486 %, best 78.491 %
Finished training it 47616/153485 of epoch 0, 15.94 ms/it, NE 0.824196, loss 0.457630
Testing at - 47616/153485 of epoch 0,  NE 0.808174, loss 0.464283, accuracy 78.492 %, best 78.492 %
Finished training it 48128/153485 of epoch 0, 16.60 ms/it, NE 0.823982, loss 0.457989
Testing at - 48128/153485 of epoch 0,  NE 0.815657, loss 0.468582, accuracy 78.238 %, best 78.492 %
Finished training it 48640/153485 of epoch 0, 16.92 ms/it, NE 0.823794, loss 0.457453
Testing at - 48640/153485 of epoch 0,  NE 0.808307, loss 0.464360, accuracy 78.490 %, best 78.492 %
Finished training it 49152/153485 of epoch 0, 15.44 ms/it, NE 0.823613, loss 0.457360
Testing at - 49152/153485 of epoch 0,  NE 0.807515, loss 0.463905, accuracy 78.499 %, best 78.499 %
Finished training it 49664/153485 of epoch 0, 15.11 ms/it, NE 0.823461, loss 0.459295
Testing at - 49664/153485 of epoch 0,  NE 0.812989, loss 0.467049, accuracy 78.332 %, best 78.499 %
Finished training it 50176/153485 of epoch 0, 17.75 ms/it, NE 0.823283, loss 0.458726
Testing at - 50176/153485 of epoch 0,  NE 0.807354, loss 0.463812, accuracy 78.491 %, best 78.499 %
Finished training it 50688/153485 of epoch 0, 16.81 ms/it, NE 0.823080, loss 0.458487
Testing at - 50688/153485 of epoch 0,  NE 0.808741, loss 0.464609, accuracy 78.500 %, best 78.500 %
Finished training it 51200/153485 of epoch 0, 18.21 ms/it, NE 0.822913, loss 0.459246
Testing at - 51200/153485 of epoch 0,  NE 0.811354, loss 0.466110, accuracy 78.398 %, best 78.500 %
Finished training it 51712/153485 of epoch 0, 16.96 ms/it, NE 0.822770, loss 0.459619
Testing at - 51712/153485 of epoch 0,  NE 0.811187, loss 0.466014, accuracy 78.396 %, best 78.500 %
Finished training it 52224/153485 of epoch 0, 15.47 ms/it, NE 0.822630, loss 0.459526
Testing at - 52224/153485 of epoch 0,  NE 0.810874, loss 0.465834, accuracy 78.369 %, best 78.500 %
Finished training it 52736/153485 of epoch 0, 16.19 ms/it, NE 0.822520, loss 0.459291
Testing at - 52736/153485 of epoch 0,  NE 0.807434, loss 0.463858, accuracy 78.558 %, best 78.558 %
Finished training it 53248/153485 of epoch 0, 15.49 ms/it, NE 0.822366, loss 0.457231
Testing at - 53248/153485 of epoch 0,  NE 0.813900, loss 0.467573, accuracy 78.344 %, best 78.558 %
Finished training it 53760/153485 of epoch 0, 17.55 ms/it, NE 0.822204, loss 0.457725
Testing at - 53760/153485 of epoch 0,  NE 0.809393, loss 0.464983, accuracy 78.435 %, best 78.558 %
Finished training it 54272/153485 of epoch 0, 17.20 ms/it, NE 0.822025, loss 0.457839
Testing at - 54272/153485 of epoch 0,  NE 0.806164, loss 0.463129, accuracy 78.554 %, best 78.558 %
Finished training it 54784/153485 of epoch 0, 15.82 ms/it, NE 0.821857, loss 0.457763
Testing at - 54784/153485 of epoch 0,  NE 0.805352, loss 0.462662, accuracy 78.538 %, best 78.558 %
Finished training it 55296/153485 of epoch 0, 15.34 ms/it, NE 0.821727, loss 0.458452
Testing at - 55296/153485 of epoch 0,  NE 0.805719, loss 0.462873, accuracy 78.554 %, best 78.558 %
Finished training it 55808/153485 of epoch 0, 13.26 ms/it, NE 0.821604, loss 0.460400
Testing at - 55808/153485 of epoch 0,  NE 0.807627, loss 0.463969, accuracy 78.498 %, best 78.558 %
Finished training it 56320/153485 of epoch 0, 13.48 ms/it, NE 0.821481, loss 0.459684
Testing at - 56320/153485 of epoch 0,  NE 0.807705, loss 0.464013, accuracy 78.500 %, best 78.558 %
Finished training it 56832/153485 of epoch 0, 14.97 ms/it, NE 0.821344, loss 0.459316
Testing at - 56832/153485 of epoch 0,  NE 0.806716, loss 0.463445, accuracy 78.536 %, best 78.558 %
Finished training it 57344/153485 of epoch 0, 14.68 ms/it, NE 0.821214, loss 0.457345
Testing at - 57344/153485 of epoch 0,  NE 0.809418, loss 0.464998, accuracy 78.449 %, best 78.558 %
Finished training it 57856/153485 of epoch 0, 15.39 ms/it, NE 0.821043, loss 0.456622
Testing at - 57856/153485 of epoch 0,  NE 0.810646, loss 0.465703, accuracy 78.481 %, best 78.558 %
Finished training it 58368/153485 of epoch 0, 13.98 ms/it, NE 0.820945, loss 0.459329
Testing at - 58368/153485 of epoch 0,  NE 0.807251, loss 0.463753, accuracy 78.533 %, best 78.558 %
Finished training it 58880/153485 of epoch 0, 14.89 ms/it, NE 0.820782, loss 0.456461
Testing at - 58880/153485 of epoch 0,  NE 0.805792, loss 0.462915, accuracy 78.524 %, best 78.558 %
Finished training it 59392/153485 of epoch 0, 14.55 ms/it, NE 0.820652, loss 0.458856
Testing at - 59392/153485 of epoch 0,  NE 0.810359, loss 0.465538, accuracy 78.312 %, best 78.558 %
Finished training it 59904/153485 of epoch 0, 17.04 ms/it, NE 0.820510, loss 0.460139
Testing at - 59904/153485 of epoch 0,  NE 0.812887, loss 0.466991, accuracy 78.265 %, best 78.558 %
Finished training it 60416/153485 of epoch 0, 16.77 ms/it, NE 0.820363, loss 0.454754
Testing at - 60416/153485 of epoch 0,  NE 0.804767, loss 0.462326, accuracy 78.577 %, best 78.577 %
Finished training it 60928/153485 of epoch 0, 15.72 ms/it, NE 0.820220, loss 0.456855
Testing at - 60928/153485 of epoch 0,  NE 0.806354, loss 0.463237, accuracy 78.533 %, best 78.577 %
Finished training it 61440/153485 of epoch 0, 14.57 ms/it, NE 0.820080, loss 0.457595
Testing at - 61440/153485 of epoch 0,  NE 0.804695, loss 0.462284, accuracy 78.566 %, best 78.577 %
Finished training it 61952/153485 of epoch 0, 14.51 ms/it, NE 0.819976, loss 0.460429
Testing at - 61952/153485 of epoch 0,  NE 0.805043, loss 0.462484, accuracy 78.569 %, best 78.577 %
Finished training it 62464/153485 of epoch 0, 13.37 ms/it, NE 0.819847, loss 0.456602
Testing at - 62464/153485 of epoch 0,  NE 0.805672, loss 0.462846, accuracy 78.526 %, best 78.577 %
Finished training it 62976/153485 of epoch 0, 13.39 ms/it, NE 0.819717, loss 0.458809
Testing at - 62976/153485 of epoch 0,  NE 0.806668, loss 0.463418, accuracy 78.479 %, best 78.577 %
Finished training it 63488/153485 of epoch 0, 14.64 ms/it, NE 0.819619, loss 0.459993
Testing at - 63488/153485 of epoch 0,  NE 0.805423, loss 0.462703, accuracy 78.540 %, best 78.577 %
Finished training it 64000/153485 of epoch 0, 15.33 ms/it, NE 0.819494, loss 0.456194
Testing at - 64000/153485 of epoch 0,  NE 0.804690, loss 0.462282, accuracy 78.542 %, best 78.577 %
Finished training it 64512/153485 of epoch 0, 15.28 ms/it, NE 0.819378, loss 0.457724
Testing at - 64512/153485 of epoch 0,  NE 0.804651, loss 0.462259, accuracy 78.549 %, best 78.577 %
Finished training it 65024/153485 of epoch 0, 13.43 ms/it, NE 0.819273, loss 0.459663
Testing at - 65024/153485 of epoch 0,  NE 0.806165, loss 0.463129, accuracy 78.518 %, best 78.577 %
Finished training it 65536/153485 of epoch 0, 13.67 ms/it, NE 0.819176, loss 0.458646
Testing at - 65536/153485 of epoch 0,  NE 0.805531, loss 0.462765, accuracy 78.585 %, best 78.585 %
Finished training it 66048/153485 of epoch 0, 14.57 ms/it, NE 0.819060, loss 0.458352
Testing at - 66048/153485 of epoch 0,  NE 0.806069, loss 0.463074, accuracy 78.564 %, best 78.585 %
Finished training it 66560/153485 of epoch 0, 13.66 ms/it, NE 0.818935, loss 0.456291
Testing at - 66560/153485 of epoch 0,  NE 0.806860, loss 0.463528, accuracy 78.526 %, best 78.585 %
Finished training it 67072/153485 of epoch 0, 18.16 ms/it, NE 0.818804, loss 0.456652
Testing at - 67072/153485 of epoch 0,  NE 0.805190, loss 0.462569, accuracy 78.615 %, best 78.615 %
Finished training it 67584/153485 of epoch 0, 15.58 ms/it, NE 0.818680, loss 0.454674
Testing at - 67584/153485 of epoch 0,  NE 0.803660, loss 0.461690, accuracy 78.607 %, best 78.615 %
Finished training it 68096/153485 of epoch 0, 16.79 ms/it, NE 0.818572, loss 0.457169
Testing at - 68096/153485 of epoch 0,  NE 0.807598, loss 0.463952, accuracy 78.528 %, best 78.615 %
Finished training it 68608/153485 of epoch 0, 17.92 ms/it, NE 0.818461, loss 0.457188
Testing at - 68608/153485 of epoch 0,  NE 0.804937, loss 0.462424, accuracy 78.612 %, best 78.615 %
Finished training it 69120/153485 of epoch 0, 16.15 ms/it, NE 0.818350, loss 0.458350
Testing at - 69120/153485 of epoch 0,  NE 0.803351, loss 0.461512, accuracy 78.611 %, best 78.615 %
Finished training it 69632/153485 of epoch 0, 15.32 ms/it, NE 0.818251, loss 0.457310
Testing at - 69632/153485 of epoch 0,  NE 0.807414, loss 0.463846, accuracy 78.501 %, best 78.615 %
Finished training it 70144/153485 of epoch 0, 14.35 ms/it, NE 0.818100, loss 0.453734
Testing at - 70144/153485 of epoch 0,  NE 0.804652, loss 0.462260, accuracy 78.583 %, best 78.615 %
Finished training it 70656/153485 of epoch 0, 14.46 ms/it, NE 0.818003, loss 0.456460
Testing at - 70656/153485 of epoch 0,  NE 0.803482, loss 0.461587, accuracy 78.597 %, best 78.615 %
Finished training it 71168/153485 of epoch 0, 15.13 ms/it, NE 0.817881, loss 0.454208
Testing at - 71168/153485 of epoch 0,  NE 0.804594, loss 0.462227, accuracy 78.576 %, best 78.615 %
Finished training it 71680/153485 of epoch 0, 16.59 ms/it, NE 0.817781, loss 0.455732
Testing at - 71680/153485 of epoch 0,  NE 0.817511, loss 0.469647, accuracy 77.960 %, best 78.615 %
Finished training it 72192/153485 of epoch 0, 16.30 ms/it, NE 0.817687, loss 0.456369
Testing at - 72192/153485 of epoch 0,  NE 0.803896, loss 0.461825, accuracy 78.612 %, best 78.615 %
Finished training it 72704/153485 of epoch 0, 15.85 ms/it, NE 0.817579, loss 0.458834
Testing at - 72704/153485 of epoch 0,  NE 0.807035, loss 0.463629, accuracy 78.543 %, best 78.615 %
Finished training it 73216/153485 of epoch 0, 16.08 ms/it, NE 0.817462, loss 0.454714
Testing at - 73216/153485 of epoch 0,  NE 0.802848, loss 0.461224, accuracy 78.640 %, best 78.640 %
Finished training it 73728/153485 of epoch 0, 16.75 ms/it, NE 0.817352, loss 0.454760
Testing at - 73728/153485 of epoch 0,  NE 0.807462, loss 0.463874, accuracy 78.485 %, best 78.640 %
Finished training it 74240/153485 of epoch 0, 16.46 ms/it, NE 0.817220, loss 0.453630
Testing at - 74240/153485 of epoch 0,  NE 0.802215, loss 0.460860, accuracy 78.617 %, best 78.640 %
Finished training it 74752/153485 of epoch 0, 14.76 ms/it, NE 0.817098, loss 0.454427
Testing at - 74752/153485 of epoch 0,  NE 0.804698, loss 0.462286, accuracy 78.567 %, best 78.640 %
Finished training it 75264/153485 of epoch 0, 17.04 ms/it, NE 0.817012, loss 0.455962
Testing at - 75264/153485 of epoch 0,  NE 0.802028, loss 0.460752, accuracy 78.636 %, best 78.640 %
Finished training it 75776/153485 of epoch 0, 17.30 ms/it, NE 0.816884, loss 0.452658
Testing at - 75776/153485 of epoch 0,  NE 0.812147, loss 0.466565, accuracy 78.241 %, best 78.640 %
Finished training it 76288/153485 of epoch 0, 16.46 ms/it, NE 0.816767, loss 0.453293
Testing at - 76288/153485 of epoch 0,  NE 0.802869, loss 0.461236, accuracy 78.619 %, best 78.640 %
Finished training it 76800/153485 of epoch 0, 16.71 ms/it, NE 0.816669, loss 0.456192
Testing at - 76800/153485 of epoch 0,  NE 0.804012, loss 0.461892, accuracy 78.490 %, best 78.640 %
Finished training it 77312/153485 of epoch 0, 17.26 ms/it, NE 0.816560, loss 0.454626
Testing at - 77312/153485 of epoch 0,  NE 0.803073, loss 0.461353, accuracy 78.629 %, best 78.640 %
Finished training it 77824/153485 of epoch 0, 15.92 ms/it, NE 0.816464, loss 0.455157
Testing at - 77824/153485 of epoch 0,  NE 0.801581, loss 0.460496, accuracy 78.653 %, best 78.653 %
Finished training it 78336/153485 of epoch 0, 16.05 ms/it, NE 0.816358, loss 0.454728
Testing at - 78336/153485 of epoch 0,  NE 0.802025, loss 0.460751, accuracy 78.634 %, best 78.653 %
Finished training it 78848/153485 of epoch 0, 16.33 ms/it, NE 0.816252, loss 0.452855
Testing at - 78848/153485 of epoch 0,  NE 0.801719, loss 0.460575, accuracy 78.659 %, best 78.659 %
Finished training it 79360/153485 of epoch 0, 16.83 ms/it, NE 0.816145, loss 0.455848
Testing at - 79360/153485 of epoch 0,  NE 0.802635, loss 0.461101, accuracy 78.625 %, best 78.659 %
Finished training it 79872/153485 of epoch 0, 17.29 ms/it, NE 0.816051, loss 0.455460
Testing at - 79872/153485 of epoch 0,  NE 0.806653, loss 0.463410, accuracy 78.555 %, best 78.659 %
Finished training it 80384/153485 of epoch 0, 21.85 ms/it, NE 0.815968, loss 0.455951
Testing at - 80384/153485 of epoch 0,  NE 0.802993, loss 0.461307, accuracy 78.664 %, best 78.664 %
Finished training it 80896/153485 of epoch 0, 15.55 ms/it, NE 0.815897, loss 0.457419
Testing at - 80896/153485 of epoch 0,  NE 0.801980, loss 0.460725, accuracy 78.657 %, best 78.664 %
Finished training it 81408/153485 of epoch 0, 14.41 ms/it, NE 0.815828, loss 0.457241
Testing at - 81408/153485 of epoch 0,  NE 0.804793, loss 0.462341, accuracy 78.551 %, best 78.664 %
Finished training it 81920/153485 of epoch 0, 14.88 ms/it, NE 0.815745, loss 0.457192
Testing at - 81920/153485 of epoch 0,  NE 0.804926, loss 0.462417, accuracy 78.553 %, best 78.664 %
Finished training it 82432/153485 of epoch 0, 15.76 ms/it, NE 0.815673, loss 0.455780
Testing at - 82432/153485 of epoch 0,  NE 0.802992, loss 0.461306, accuracy 78.624 %, best 78.664 %
Finished training it 82944/153485 of epoch 0, 16.37 ms/it, NE 0.815595, loss 0.456417
Testing at - 82944/153485 of epoch 0,  NE 0.803937, loss 0.461849, accuracy 78.635 %, best 78.664 %
Finished training it 83456/153485 of epoch 0, 14.55 ms/it, NE 0.815516, loss 0.457497
Testing at - 83456/153485 of epoch 0,  NE 0.804359, loss 0.462091, accuracy 78.520 %, best 78.664 %
Finished training it 83968/153485 of epoch 0, 14.56 ms/it, NE 0.815446, loss 0.457121
Testing at - 83968/153485 of epoch 0,  NE 0.802264, loss 0.460888, accuracy 78.679 %, best 78.679 %
Finished training it 84480/153485 of epoch 0, 13.97 ms/it, NE 0.815355, loss 0.454322
Testing at - 84480/153485 of epoch 0,  NE 0.800995, loss 0.460159, accuracy 78.676 %, best 78.679 %
Finished training it 84992/153485 of epoch 0, 14.06 ms/it, NE 0.815270, loss 0.455839
Testing at - 84992/153485 of epoch 0,  NE 0.802877, loss 0.461240, accuracy 78.598 %, best 78.679 %
Finished training it 85504/153485 of epoch 0, 12.89 ms/it, NE 0.815167, loss 0.452221
Testing at - 85504/153485 of epoch 0,  NE 0.804716, loss 0.462297, accuracy 78.564 %, best 78.679 %
Finished training it 86016/153485 of epoch 0, 14.01 ms/it, NE 0.815084, loss 0.454169
Testing at - 86016/153485 of epoch 0,  NE 0.801558, loss 0.460482, accuracy 78.667 %, best 78.679 %
Finished training it 86528/153485 of epoch 0, 16.93 ms/it, NE 0.815009, loss 0.456927
Testing at - 86528/153485 of epoch 0,  NE 0.801754, loss 0.460595, accuracy 78.676 %, best 78.679 %
Finished training it 87040/153485 of epoch 0, 15.64 ms/it, NE 0.814918, loss 0.454679
Testing at - 87040/153485 of epoch 0,  NE 0.802434, loss 0.460986, accuracy 78.640 %, best 78.679 %
Finished training it 87552/153485 of epoch 0, 17.32 ms/it, NE 0.814834, loss 0.455114
Testing at - 87552/153485 of epoch 0,  NE 0.802532, loss 0.461042, accuracy 78.643 %, best 78.679 %
Finished training it 88064/153485 of epoch 0, 16.04 ms/it, NE 0.814753, loss 0.454674
Testing at - 88064/153485 of epoch 0,  NE 0.801221, loss 0.460289, accuracy 78.681 %, best 78.681 %
Finished training it 88576/153485 of epoch 0, 15.72 ms/it, NE 0.814644, loss 0.451797
Testing at - 88576/153485 of epoch 0,  NE 0.803567, loss 0.461637, accuracy 78.610 %, best 78.681 %
Finished training it 89088/153485 of epoch 0, 15.71 ms/it, NE 0.814557, loss 0.453791
Testing at - 89088/153485 of epoch 0,  NE 0.802069, loss 0.460776, accuracy 78.599 %, best 78.681 %
Finished training it 89600/153485 of epoch 0, 15.13 ms/it, NE 0.814471, loss 0.454204
Testing at - 89600/153485 of epoch 0,  NE 0.802310, loss 0.460914, accuracy 78.669 %, best 78.681 %
Finished training it 90112/153485 of epoch 0, 15.13 ms/it, NE 0.814399, loss 0.455670
Testing at - 90112/153485 of epoch 0,  NE 0.800875, loss 0.460090, accuracy 78.675 %, best 78.681 %
Finished training it 90624/153485 of epoch 0, 15.40 ms/it, NE 0.814337, loss 0.456550
Testing at - 90624/153485 of epoch 0,  NE 0.800896, loss 0.460102, accuracy 78.697 %, best 78.697 %
Finished training it 91136/153485 of epoch 0, 15.41 ms/it, NE 0.814271, loss 0.456521
Testing at - 91136/153485 of epoch 0,  NE 0.806590, loss 0.463373, accuracy 78.531 %, best 78.697 %
Finished training it 91648/153485 of epoch 0, 17.18 ms/it, NE 0.814201, loss 0.455188
Testing at - 91648/153485 of epoch 0,  NE 0.800228, loss 0.459718, accuracy 78.704 %, best 78.704 %
Finished training it 92160/153485 of epoch 0, 16.37 ms/it, NE 0.814127, loss 0.455228
Testing at - 92160/153485 of epoch 0,  NE 0.801955, loss 0.460711, accuracy 78.700 %, best 78.704 %
Finished training it 92672/153485 of epoch 0, 20.25 ms/it, NE 0.814064, loss 0.457069
Testing at - 92672/153485 of epoch 0,  NE 0.800771, loss 0.460030, accuracy 78.700 %, best 78.704 %
Finished training it 93184/153485 of epoch 0, 17.49 ms/it, NE 0.813988, loss 0.454457
Testing at - 93184/153485 of epoch 0,  NE 0.802607, loss 0.461085, accuracy 78.620 %, best 78.704 %
Finished training it 93696/153485 of epoch 0, 14.53 ms/it, NE 0.813911, loss 0.455952
Testing at - 93696/153485 of epoch 0,  NE 0.802584, loss 0.461072, accuracy 78.675 %, best 78.704 %
Finished training it 94208/153485 of epoch 0, 14.24 ms/it, NE 0.813832, loss 0.453269
Testing at - 94208/153485 of epoch 0,  NE 0.802244, loss 0.460876, accuracy 78.582 %, best 78.704 %
Finished training it 94720/153485 of epoch 0, 14.79 ms/it, NE 0.813780, loss 0.458388
Testing at - 94720/153485 of epoch 0,  NE 0.802446, loss 0.460993, accuracy 78.665 %, best 78.704 %
Finished training it 95232/153485 of epoch 0, 14.28 ms/it, NE 0.813732, loss 0.455450
Testing at - 95232/153485 of epoch 0,  NE 0.800441, loss 0.459840, accuracy 78.694 %, best 78.704 %
Finished training it 95744/153485 of epoch 0, 13.60 ms/it, NE 0.813663, loss 0.454070
Testing at - 95744/153485 of epoch 0,  NE 0.801136, loss 0.460240, accuracy 78.680 %, best 78.704 %
Finished training it 96256/153485 of epoch 0, 14.27 ms/it, NE 0.813578, loss 0.451777
Testing at - 96256/153485 of epoch 0,  NE 0.800918, loss 0.460115, accuracy 78.698 %, best 78.704 %
Finished training it 96768/153485 of epoch 0, 13.96 ms/it, NE 0.813505, loss 0.455159
Testing at - 96768/153485 of epoch 0,  NE 0.800509, loss 0.459880, accuracy 78.716 %, best 78.716 %
Finished training it 97280/153485 of epoch 0, 14.06 ms/it, NE 0.813428, loss 0.454741
Testing at - 97280/153485 of epoch 0,  NE 0.802311, loss 0.460915, accuracy 78.644 %, best 78.716 %
Finished training it 97792/153485 of epoch 0, 15.85 ms/it, NE 0.813367, loss 0.457542
Testing at - 97792/153485 of epoch 0,  NE 0.800772, loss 0.460031, accuracy 78.720 %, best 78.720 %
Finished training it 98304/153485 of epoch 0, 16.58 ms/it, NE 0.813298, loss 0.455466
Testing at - 98304/153485 of epoch 0,  NE 0.802972, loss 0.461295, accuracy 78.661 %, best 78.720 %
Finished training it 98816/153485 of epoch 0, 15.53 ms/it, NE 0.813220, loss 0.455245
Testing at - 98816/153485 of epoch 0,  NE 0.801329, loss 0.460351, accuracy 78.716 %, best 78.720 %
Finished training it 99328/153485 of epoch 0, 15.72 ms/it, NE 0.813144, loss 0.454409
Testing at - 99328/153485 of epoch 0,  NE 0.799204, loss 0.459130, accuracy 78.722 %, best 78.722 %
Finished training it 99840/153485 of epoch 0, 14.66 ms/it, NE 0.813086, loss 0.456807
Testing at - 99840/153485 of epoch 0,  NE 0.801416, loss 0.460401, accuracy 78.694 %, best 78.722 %
Finished training it 100352/153485 of epoch 0, 16.22 ms/it, NE 0.813024, loss 0.455038
Testing at - 100352/153485 of epoch 0,  NE 0.805136, loss 0.462538, accuracy 78.452 %, best 78.722 %
Finished training it 100864/153485 of epoch 0, 16.22 ms/it, NE 0.812966, loss 0.455350
Testing at - 100864/153485 of epoch 0,  NE 0.802993, loss 0.461307, accuracy 78.640 %, best 78.722 %
Finished training it 101376/153485 of epoch 0, 13.82 ms/it, NE 0.812904, loss 0.453685
Testing at - 101376/153485 of epoch 0,  NE 0.799982, loss 0.459577, accuracy 78.728 %, best 78.728 %
Finished training it 101888/153485 of epoch 0, 13.47 ms/it, NE 0.812833, loss 0.453203
Testing at - 101888/153485 of epoch 0,  NE 0.800331, loss 0.459778, accuracy 78.714 %, best 78.728 %
Finished training it 102400/153485 of epoch 0, 12.94 ms/it, NE 0.812754, loss 0.452533
Testing at - 102400/153485 of epoch 0,  NE 0.801614, loss 0.460514, accuracy 78.674 %, best 78.728 %
Finished training it 102912/153485 of epoch 0, 15.25 ms/it, NE 0.812699, loss 0.454744
Testing at - 102912/153485 of epoch 0,  NE 0.803243, loss 0.461450, accuracy 78.600 %, best 78.728 %
Finished training it 103424/153485 of epoch 0, 15.20 ms/it, NE 0.812639, loss 0.452361
Testing at - 103424/153485 of epoch 0,  NE 0.800150, loss 0.459673, accuracy 78.708 %, best 78.728 %
Finished training it 103936/153485 of epoch 0, 13.98 ms/it, NE 0.812571, loss 0.453815
Testing at - 103936/153485 of epoch 0,  NE 0.801156, loss 0.460251, accuracy 78.669 %, best 78.728 %
Finished training it 104448/153485 of epoch 0, 15.82 ms/it, NE 0.812503, loss 0.455339
Testing at - 104448/153485 of epoch 0,  NE 0.799559, loss 0.459334, accuracy 78.733 %, best 78.733 %
Finished training it 104960/153485 of epoch 0, 15.32 ms/it, NE 0.812431, loss 0.453388
Testing at - 104960/153485 of epoch 0,  NE 0.800842, loss 0.460071, accuracy 78.691 %, best 78.733 %
Finished training it 105472/153485 of epoch 0, 15.49 ms/it, NE 0.812356, loss 0.454071
Testing at - 105472/153485 of epoch 0,  NE 0.800609, loss 0.459937, accuracy 78.644 %, best 78.733 %
Finished training it 105984/153485 of epoch 0, 14.20 ms/it, NE 0.812284, loss 0.452812
Testing at - 105984/153485 of epoch 0,  NE 0.800407, loss 0.459821, accuracy 78.709 %, best 78.733 %
Finished training it 106496/153485 of epoch 0, 14.84 ms/it, NE 0.812215, loss 0.452092
Testing at - 106496/153485 of epoch 0,  NE 0.805494, loss 0.462744, accuracy 78.582 %, best 78.733 %
Finished training it 107008/153485 of epoch 0, 14.48 ms/it, NE 0.812140, loss 0.453757
Testing at - 107008/153485 of epoch 0,  NE 0.798866, loss 0.458936, accuracy 78.722 %, best 78.733 %
Finished training it 107520/153485 of epoch 0, 14.01 ms/it, NE 0.812072, loss 0.452651
Testing at - 107520/153485 of epoch 0,  NE 0.800850, loss 0.460076, accuracy 78.678 %, best 78.733 %
Finished training it 108032/153485 of epoch 0, 14.08 ms/it, NE 0.811984, loss 0.452110
Testing at - 108032/153485 of epoch 0,  NE 0.799680, loss 0.459404, accuracy 78.725 %, best 78.733 %
Finished training it 108544/153485 of epoch 0, 13.91 ms/it, NE 0.811919, loss 0.453451
Testing at - 108544/153485 of epoch 0,  NE 0.801307, loss 0.460338, accuracy 78.682 %, best 78.733 %
Finished training it 109056/153485 of epoch 0, 13.24 ms/it, NE 0.811861, loss 0.453916
Testing at - 109056/153485 of epoch 0,  NE 0.805108, loss 0.462522, accuracy 78.505 %, best 78.733 %
Finished training it 109568/153485 of epoch 0, 12.79 ms/it, NE 0.811794, loss 0.453536
Testing at - 109568/153485 of epoch 0,  NE 0.801107, loss 0.460223, accuracy 78.684 %, best 78.733 %
Finished training it 110080/153485 of epoch 0, 14.79 ms/it, NE 0.811721, loss 0.452267
Testing at - 110080/153485 of epoch 0,  NE 0.799746, loss 0.459441, accuracy 78.752 %, best 78.752 %
Finished training it 110592/153485 of epoch 0, 13.49 ms/it, NE 0.811645, loss 0.451035
Testing at - 110592/153485 of epoch 0,  NE 0.802668, loss 0.461120, accuracy 78.581 %, best 78.752 %
Finished training it 111104/153485 of epoch 0, 14.06 ms/it, NE 0.811585, loss 0.454509
Testing at - 111104/153485 of epoch 0,  NE 0.798582, loss 0.458773, accuracy 78.754 %, best 78.754 %
Finished training it 111616/153485 of epoch 0, 14.86 ms/it, NE 0.811512, loss 0.454344
Testing at - 111616/153485 of epoch 0,  NE 0.803129, loss 0.461385, accuracy 78.689 %, best 78.754 %
Finished training it 112128/153485 of epoch 0, 13.04 ms/it, NE 0.811461, loss 0.455095
Testing at - 112128/153485 of epoch 0,  NE 0.798469, loss 0.458708, accuracy 78.760 %, best 78.760 %
Finished training it 112640/153485 of epoch 0, 13.85 ms/it, NE 0.811400, loss 0.455694
Testing at - 112640/153485 of epoch 0,  NE 0.799503, loss 0.459302, accuracy 78.757 %, best 78.760 %
Finished training it 113152/153485 of epoch 0, 13.24 ms/it, NE 0.811327, loss 0.451401
Testing at - 113152/153485 of epoch 0,  NE 0.798472, loss 0.458710, accuracy 78.774 %, best 78.774 %
Finished training it 113664/153485 of epoch 0, 13.77 ms/it, NE 0.811273, loss 0.456068
Testing at - 113664/153485 of epoch 0,  NE 0.800202, loss 0.459704, accuracy 78.699 %, best 78.774 %
Finished training it 114176/153485 of epoch 0, 13.87 ms/it, NE 0.811226, loss 0.454320
Testing at - 114176/153485 of epoch 0,  NE 0.799369, loss 0.459225, accuracy 78.727 %, best 78.774 %
Finished training it 114688/153485 of epoch 0, 14.53 ms/it, NE 0.811159, loss 0.453479
Testing at - 114688/153485 of epoch 0,  NE 0.798802, loss 0.458899, accuracy 78.771 %, best 78.774 %
Finished training it 115200/153485 of epoch 0, 14.08 ms/it, NE 0.811097, loss 0.452806
Testing at - 115200/153485 of epoch 0,  NE 0.798541, loss 0.458749, accuracy 78.770 %, best 78.774 %
Finished training it 115712/153485 of epoch 0, 13.14 ms/it, NE 0.811034, loss 0.452763
Testing at - 115712/153485 of epoch 0,  NE 0.797566, loss 0.458189, accuracy 78.761 %, best 78.774 %
Finished training it 116224/153485 of epoch 0, 14.12 ms/it, NE 0.810970, loss 0.454206
Testing at - 116224/153485 of epoch 0,  NE 0.798887, loss 0.458948, accuracy 78.756 %, best 78.774 %
Finished training it 116736/153485 of epoch 0, 14.08 ms/it, NE 0.810923, loss 0.455212
Testing at - 116736/153485 of epoch 0,  NE 0.799069, loss 0.459053, accuracy 78.750 %, best 78.774 %
Finished training it 117248/153485 of epoch 0, 13.22 ms/it, NE 0.810873, loss 0.453947
Testing at - 117248/153485 of epoch 0,  NE 0.797636, loss 0.458229, accuracy 78.752 %, best 78.774 %
Finished training it 117760/153485 of epoch 0, 13.74 ms/it, NE 0.810818, loss 0.453856
Testing at - 117760/153485 of epoch 0,  NE 0.798226, loss 0.458568, accuracy 78.767 %, best 78.774 %
Finished training it 118272/153485 of epoch 0, 14.24 ms/it, NE 0.810764, loss 0.456198
Testing at - 118272/153485 of epoch 0,  NE 0.798543, loss 0.458750, accuracy 78.763 %, best 78.774 %
Finished training it 118784/153485 of epoch 0, 14.13 ms/it, NE 0.810712, loss 0.452652
Testing at - 118784/153485 of epoch 0,  NE 0.806407, loss 0.463268, accuracy 78.392 %, best 78.774 %
Finished training it 119296/153485 of epoch 0, 13.92 ms/it, NE 0.810666, loss 0.454038
Testing at - 119296/153485 of epoch 0,  NE 0.798616, loss 0.458792, accuracy 78.785 %, best 78.785 %
Finished training it 119808/153485 of epoch 0, 14.69 ms/it, NE 0.810610, loss 0.456708
Testing at - 119808/153485 of epoch 0,  NE 0.798134, loss 0.458515, accuracy 78.776 %, best 78.785 %
Finished training it 120320/153485 of epoch 0, 19.45 ms/it, NE 0.810555, loss 0.453525
Testing at - 120320/153485 of epoch 0,  NE 0.799668, loss 0.459397, accuracy 78.739 %, best 78.785 %
Finished training it 120832/153485 of epoch 0, 14.69 ms/it, NE 0.810495, loss 0.451493
Testing at - 120832/153485 of epoch 0,  NE 0.798222, loss 0.458566, accuracy 78.731 %, best 78.785 %
Finished training it 121344/153485 of epoch 0, 13.14 ms/it, NE 0.810434, loss 0.453256
Testing at - 121344/153485 of epoch 0,  NE 0.799835, loss 0.459493, accuracy 78.700 %, best 78.785 %
Finished training it 121856/153485 of epoch 0, 14.12 ms/it, NE 0.810384, loss 0.453388
Testing at - 121856/153485 of epoch 0,  NE 0.798063, loss 0.458474, accuracy 78.764 %, best 78.785 %
Finished training it 122368/153485 of epoch 0, 13.42 ms/it, NE 0.810338, loss 0.454189
Testing at - 122368/153485 of epoch 0,  NE 0.797992, loss 0.458434, accuracy 78.767 %, best 78.785 %
Finished training it 122880/153485 of epoch 0, 15.06 ms/it, NE 0.810277, loss 0.453374
Testing at - 122880/153485 of epoch 0,  NE 0.800466, loss 0.459855, accuracy 78.736 %, best 78.785 %
Finished training it 123392/153485 of epoch 0, 15.12 ms/it, NE 0.810216, loss 0.451760
Testing at - 123392/153485 of epoch 0,  NE 0.796704, loss 0.457694, accuracy 78.782 %, best 78.785 %
Finished training it 123904/153485 of epoch 0, 16.19 ms/it, NE 0.810153, loss 0.451218
Testing at - 123904/153485 of epoch 0,  NE 0.796965, loss 0.457844, accuracy 78.778 %, best 78.785 %
Finished training it 124416/153485 of epoch 0, 16.32 ms/it, NE 0.810101, loss 0.452535
Testing at - 124416/153485 of epoch 0,  NE 0.797630, loss 0.458226, accuracy 78.808 %, best 78.808 %
Finished training it 124928/153485 of epoch 0, 17.60 ms/it, NE 0.810058, loss 0.454622
Testing at - 124928/153485 of epoch 0,  NE 0.800886, loss 0.460096, accuracy 78.647 %, best 78.808 %
Finished training it 125440/153485 of epoch 0, 15.69 ms/it, NE 0.810004, loss 0.453778
Testing at - 125440/153485 of epoch 0,  NE 0.798530, loss 0.458743, accuracy 78.767 %, best 78.808 %
Finished training it 125952/153485 of epoch 0, 16.79 ms/it, NE 0.809960, loss 0.453718
Testing at - 125952/153485 of epoch 0,  NE 0.798275, loss 0.458596, accuracy 78.764 %, best 78.808 %
Finished training it 126464/153485 of epoch 0, 16.05 ms/it, NE 0.809882, loss 0.451099
Testing at - 126464/153485 of epoch 0,  NE 0.797184, loss 0.457969, accuracy 78.789 %, best 78.808 %
Finished training it 126976/153485 of epoch 0, 15.22 ms/it, NE 0.809822, loss 0.452130
Testing at - 126976/153485 of epoch 0,  NE 0.796945, loss 0.457832, accuracy 78.786 %, best 78.808 %
Finished training it 127488/153485 of epoch 0, 15.68 ms/it, NE 0.809767, loss 0.452909
Testing at - 127488/153485 of epoch 0,  NE 0.798446, loss 0.458694, accuracy 78.750 %, best 78.808 %
Finished training it 128000/153485 of epoch 0, 14.93 ms/it, NE 0.809726, loss 0.454642
Testing at - 128000/153485 of epoch 0,  NE 0.798517, loss 0.458735, accuracy 78.775 %, best 78.808 %
Finished training it 128512/153485 of epoch 0, 14.87 ms/it, NE 0.809672, loss 0.452772
Testing at - 128512/153485 of epoch 0,  NE 0.799283, loss 0.459175, accuracy 78.767 %, best 78.808 %
Finished training it 129024/153485 of epoch 0, 13.98 ms/it, NE 0.809614, loss 0.451943
Testing at - 129024/153485 of epoch 0,  NE 0.798728, loss 0.458857, accuracy 78.746 %, best 78.808 %
Finished training it 129536/153485 of epoch 0, 14.46 ms/it, NE 0.809560, loss 0.450732
Testing at - 129536/153485 of epoch 0,  NE 0.798980, loss 0.459001, accuracy 78.756 %, best 78.808 %
Finished training it 130048/153485 of epoch 0, 15.34 ms/it, NE 0.809506, loss 0.451565
Testing at - 130048/153485 of epoch 0,  NE 0.797724, loss 0.458280, accuracy 78.777 %, best 78.808 %
Finished training it 130560/153485 of epoch 0, 14.69 ms/it, NE 0.809452, loss 0.453742
Testing at - 130560/153485 of epoch 0,  NE 0.797623, loss 0.458222, accuracy 78.800 %, best 78.808 %
Finished training it 131072/153485 of epoch 0, 15.33 ms/it, NE 0.809406, loss 0.452460
Testing at - 131072/153485 of epoch 0,  NE 0.800590, loss 0.459926, accuracy 78.683 %, best 78.808 %
Finished training it 131584/153485 of epoch 0, 14.72 ms/it, NE 0.809357, loss 0.454462
Testing at - 131584/153485 of epoch 0,  NE 0.799792, loss 0.459468, accuracy 78.730 %, best 78.808 %
Finished training it 132096/153485 of epoch 0, 13.68 ms/it, NE 0.809306, loss 0.454101
Testing at - 132096/153485 of epoch 0,  NE 0.797883, loss 0.458371, accuracy 78.784 %, best 78.808 %
Finished training it 132608/153485 of epoch 0, 14.65 ms/it, NE 0.809251, loss 0.451163
Testing at - 132608/153485 of epoch 0,  NE 0.796375, loss 0.457505, accuracy 78.806 %, best 78.808 %
Finished training it 133120/153485 of epoch 0, 21.03 ms/it, NE 0.809193, loss 0.451608
Testing at - 133120/153485 of epoch 0,  NE 0.798971, loss 0.458996, accuracy 78.797 %, best 78.808 %
Finished training it 133632/153485 of epoch 0, 14.21 ms/it, NE 0.809146, loss 0.454471
Testing at - 133632/153485 of epoch 0,  NE 0.808764, loss 0.464622, accuracy 78.263 %, best 78.808 %
Finished training it 134144/153485 of epoch 0, 16.50 ms/it, NE 0.809111, loss 0.454324
Testing at - 134144/153485 of epoch 0,  NE 0.799834, loss 0.459492, accuracy 78.734 %, best 78.808 %
Finished training it 134656/153485 of epoch 0, 14.06 ms/it, NE 0.809060, loss 0.451205
Testing at - 134656/153485 of epoch 0,  NE 0.801931, loss 0.460697, accuracy 78.690 %, best 78.808 %
Finished training it 135168/153485 of epoch 0, 18.18 ms/it, NE 0.809011, loss 0.453622
Testing at - 135168/153485 of epoch 0,  NE 0.797161, loss 0.457956, accuracy 78.813 %, best 78.813 %
Finished training it 135680/153485 of epoch 0, 14.10 ms/it, NE 0.808954, loss 0.450011
Testing at - 135680/153485 of epoch 0,  NE 0.796640, loss 0.457657, accuracy 78.808 %, best 78.813 %
Finished training it 136192/153485 of epoch 0, 14.53 ms/it, NE 0.808910, loss 0.453224
Testing at - 136192/153485 of epoch 0,  NE 0.802022, loss 0.460749, accuracy 78.597 %, best 78.813 %
Finished training it 136704/153485 of epoch 0, 14.70 ms/it, NE 0.808863, loss 0.452410
Testing at - 136704/153485 of epoch 0,  NE 0.796976, loss 0.457850, accuracy 78.824 %, best 78.824 %
Finished training it 137216/153485 of epoch 0, 13.75 ms/it, NE 0.808813, loss 0.452730
Testing at - 137216/153485 of epoch 0,  NE 0.797349, loss 0.458064, accuracy 78.805 %, best 78.824 %
Finished training it 137728/153485 of epoch 0, 13.46 ms/it, NE 0.808770, loss 0.453814
Testing at - 137728/153485 of epoch 0,  NE 0.798580, loss 0.458771, accuracy 78.799 %, best 78.824 %
Finished training it 138240/153485 of epoch 0, 13.96 ms/it, NE 0.808725, loss 0.452904
Testing at - 138240/153485 of epoch 0,  NE 0.797840, loss 0.458346, accuracy 78.794 %, best 78.824 %
Finished training it 138752/153485 of epoch 0, 16.94 ms/it, NE 0.808667, loss 0.449544
Testing at - 138752/153485 of epoch 0,  NE 0.797533, loss 0.458170, accuracy 78.802 %, best 78.824 %
Finished training it 139264/153485 of epoch 0, 17.44 ms/it, NE 0.808626, loss 0.455477
Testing at - 139264/153485 of epoch 0,  NE 0.799244, loss 0.459153, accuracy 78.652 %, best 78.824 %
Finished training it 139776/153485 of epoch 0, 14.33 ms/it, NE 0.808590, loss 0.455518
Testing at - 139776/153485 of epoch 0,  NE 0.796292, loss 0.457457, accuracy 78.837 %, best 78.837 %
Finished training it 140288/153485 of epoch 0, 14.98 ms/it, NE 0.808547, loss 0.453463
Testing at - 140288/153485 of epoch 0,  NE 0.797174, loss 0.457964, accuracy 78.814 %, best 78.837 %
Finished training it 140800/153485 of epoch 0, 17.37 ms/it, NE 0.808511, loss 0.451404
Testing at - 140800/153485 of epoch 0,  NE 0.798136, loss 0.458516, accuracy 78.776 %, best 78.837 %
Finished training it 141312/153485 of epoch 0, 15.91 ms/it, NE 0.808465, loss 0.450853
Testing at - 141312/153485 of epoch 0,  NE 0.797123, loss 0.457935, accuracy 78.802 %, best 78.837 %
Finished training it 141824/153485 of epoch 0, 16.90 ms/it, NE 0.808425, loss 0.453464
Testing at - 141824/153485 of epoch 0,  NE 0.797876, loss 0.458367, accuracy 78.784 %, best 78.837 %
Finished training it 142336/153485 of epoch 0, 15.67 ms/it, NE 0.808386, loss 0.451837
Testing at - 142336/153485 of epoch 0,  NE 0.797580, loss 0.458197, accuracy 78.764 %, best 78.837 %
Finished training it 142848/153485 of epoch 0, 16.88 ms/it, NE 0.808340, loss 0.451489
Testing at - 142848/153485 of epoch 0,  NE 0.798518, loss 0.458736, accuracy 78.749 %, best 78.837 %
Finished training it 143360/153485 of epoch 0, 19.52 ms/it, NE 0.808310, loss 0.454556
Testing at - 143360/153485 of epoch 0,  NE 0.795825, loss 0.457189, accuracy 78.849 %, best 78.849 %
Finished training it 143872/153485 of epoch 0, 17.94 ms/it, NE 0.808256, loss 0.449986
Testing at - 143872/153485 of epoch 0,  NE 0.796345, loss 0.457487, accuracy 78.829 %, best 78.849 %
Finished training it 144384/153485 of epoch 0, 15.93 ms/it, NE 0.808204, loss 0.451119
Testing at - 144384/153485 of epoch 0,  NE 0.799541, loss 0.459324, accuracy 78.662 %, best 78.849 %
Finished training it 144896/153485 of epoch 0, 16.03 ms/it, NE 0.808158, loss 0.450716
Testing at - 144896/153485 of epoch 0,  NE 0.796551, loss 0.457606, accuracy 78.828 %, best 78.849 %
Finished training it 145408/153485 of epoch 0, 15.95 ms/it, NE 0.808120, loss 0.454015
Testing at - 145408/153485 of epoch 0,  NE 0.796772, loss 0.457733, accuracy 78.823 %, best 78.849 %
Finished training it 145920/153485 of epoch 0, 19.59 ms/it, NE 0.808077, loss 0.450350
Testing at - 145920/153485 of epoch 0,  NE 0.800467, loss 0.459856, accuracy 78.722 %, best 78.849 %
Finished training it 146432/153485 of epoch 0, 15.86 ms/it, NE 0.808024, loss 0.452783
Testing at - 146432/153485 of epoch 0,  NE 0.796255, loss 0.457436, accuracy 78.822 %, best 78.849 %
Finished training it 146944/153485 of epoch 0, 14.79 ms/it, NE 0.807977, loss 0.452984
Testing at - 146944/153485 of epoch 0,  NE 0.798705, loss 0.458843, accuracy 78.761 %, best 78.849 %
Finished training it 147456/153485 of epoch 0, 14.22 ms/it, NE 0.807931, loss 0.451635
Testing at - 147456/153485 of epoch 0,  NE 0.795953, loss 0.457262, accuracy 78.859 %, best 78.859 %
Finished training it 147968/153485 of epoch 0, 13.95 ms/it, NE 0.807892, loss 0.451980
Testing at - 147968/153485 of epoch 0,  NE 0.796629, loss 0.457651, accuracy 78.814 %, best 78.859 %
Finished training it 148480/153485 of epoch 0, 14.45 ms/it, NE 0.807849, loss 0.453197
Testing at - 148480/153485 of epoch 0,  NE 0.796574, loss 0.457619, accuracy 78.831 %, best 78.859 %
Finished training it 148992/153485 of epoch 0, 13.93 ms/it, NE 0.807818, loss 0.455508
Testing at - 148992/153485 of epoch 0,  NE 0.796309, loss 0.457467, accuracy 78.839 %, best 78.859 %
Finished training it 149504/153485 of epoch 0, 12.90 ms/it, NE 0.807779, loss 0.455281
Testing at - 149504/153485 of epoch 0,  NE 0.796818, loss 0.457759, accuracy 78.830 %, best 78.859 %
Finished training it 150016/153485 of epoch 0, 13.71 ms/it, NE 0.807734, loss 0.451927
Testing at - 150016/153485 of epoch 0,  NE 0.796974, loss 0.457849, accuracy 78.812 %, best 78.859 %
Finished training it 150528/153485 of epoch 0, 13.39 ms/it, NE 0.807698, loss 0.451498
Testing at - 150528/153485 of epoch 0,  NE 0.796427, loss 0.457534, accuracy 78.817 %, best 78.859 %
Finished training it 151040/153485 of epoch 0, 15.98 ms/it, NE 0.807652, loss 0.451236
Testing at - 151040/153485 of epoch 0,  NE 0.797191, loss 0.457973, accuracy 78.766 %, best 78.859 %
Finished training it 151552/153485 of epoch 0, 16.42 ms/it, NE 0.807613, loss 0.452544
Testing at - 151552/153485 of epoch 0,  NE 0.800827, loss 0.460062, accuracy 78.690 %, best 78.859 %
Finished training it 152064/153485 of epoch 0, 15.90 ms/it, NE 0.807579, loss 0.452856
Testing at - 152064/153485 of epoch 0,  NE 0.796614, loss 0.457642, accuracy 78.821 %, best 78.859 %
Finished training it 152576/153485 of epoch 0, 15.48 ms/it, NE 0.807535, loss 0.450136
Testing at - 152576/153485 of epoch 0,  NE 0.796929, loss 0.457823, accuracy 78.751 %, best 78.859 %
Finished training it 153088/153485 of epoch 0, 17.17 ms/it, NE 0.807488, loss 0.451724
Testing at - 153088/153485 of epoch 0,  NE 0.794861, loss 0.456635, accuracy 78.849 %, best 78.859 %
Finished training it 153485/153485 of epoch 0, 13.77 ms/it, NE 0.807449, loss 0.453028
Testing at - 153485/153485 of epoch 0,  NE 0.796066, loss 0.457327, accuracy 78.833 %, best 78.859 %
