NCCL version 2.9.6+cudaCUDA_MAJOR.CUDA_MINOR
Unable to import mlperf_logging,  No module named 'mlperf_logging'
world size: 1, current rank: 0, local rank: 0
Using 2 GPU(s)...
Reading pre-processed data=./input/kaggleAdDisplayChallenge_processed.npz
Sparse fea = 26, Dense fea = 13
Defined train indices...
Randomized indices across days ...
Split data according to indices...
Reading pre-processed data=./input/kaggleAdDisplayChallenge_processed.npz
Sparse fea = 26, Dense fea = 13
Defined test indices...
Randomized indices across days ...
Split data according to indices...
DLRM_Net(
  (bot_l): Sequential(
    (0): Linear(in_features=13, out_features=512, bias=True)
    (1): ReLU()
    (2): Linear(in_features=512, out_features=256, bias=True)
    (3): ReLU()
    (4): Linear(in_features=256, out_features=64, bias=True)
    (5): ReLU()
    (6): Linear(in_features=64, out_features=16, bias=True)
    (7): ReLU()
  )
  (top_l): Sequential(
    (0): Linear(in_features=367, out_features=512, bias=True)
    (1): ReLU()
    (2): Linear(in_features=512, out_features=256, bias=True)
    (3): ReLU()
    (4): Linear(in_features=256, out_features=1, bias=True)
    (5): Sigmoid()
  )
  (loss_fn): BCELoss()
)
Random uniform embeddings init: 0 size: 1461 dim: 16
Random uniform embeddings init: 1 size: 584 dim: 16
Random uniform embeddings init: 2 size: 10131227 dim: 16
Random uniform embeddings init: 3 size: 2202608 dim: 16
Random uniform embeddings init: 4 size: 306 dim: 16
Random uniform embeddings init: 5 size: 24 dim: 16
Random uniform embeddings init: 6 size: 12518 dim: 16
Random uniform embeddings init: 7 size: 634 dim: 16
Random uniform embeddings init: 8 size: 4 dim: 16
Random uniform embeddings init: 9 size: 93146 dim: 16
Random uniform embeddings init: 10 size: 5684 dim: 16
Random uniform embeddings init: 11 size: 8351593 dim: 16
Random uniform embeddings init: 12 size: 3195 dim: 16
Random uniform embeddings init: 13 size: 28 dim: 16
Random uniform embeddings init: 14 size: 14993 dim: 16
Random uniform embeddings init: 15 size: 5461306 dim: 16
Random uniform embeddings init: 16 size: 11 dim: 16
Random uniform embeddings init: 17 size: 5653 dim: 16
Random uniform embeddings init: 18 size: 2173 dim: 16
Random uniform embeddings init: 19 size: 4 dim: 16
Random uniform embeddings init: 20 size: 7046547 dim: 16
Random uniform embeddings init: 21 size: 18 dim: 16
Random uniform embeddings init: 22 size: 16 dim: 16
Random uniform embeddings init: 23 size: 286181 dim: 16
Random uniform embeddings init: 24 size: 105 dim: 16
Random uniform embeddings init: 25 size: 142572 dim: 16
time/loss/accuracy (if enabled):
Finished training it 512/153485 of epoch 0, 46.24 ms/it, NE 0.924558, loss 0.525801
Testing at - 512/153485 of epoch 0,  NE 0.903595, loss 0.519101, accuracy 75.602 %, best 75.602 %
Finished training it 1024/153485 of epoch 0, 14.27 ms/it, NE 0.909639, loss 0.509018
Testing at - 1024/153485 of epoch 0,  NE 0.881100, loss 0.506178, accuracy 76.135 %, best 76.135 %
Finished training it 1536/153485 of epoch 0, 14.12 ms/it, NE 0.901930, loss 0.503920
Testing at - 1536/153485 of epoch 0,  NE 0.873459, loss 0.501788, accuracy 76.402 %, best 76.402 %
Finished training it 2048/153485 of epoch 0, 18.47 ms/it, NE 0.895158, loss 0.494285
Testing at - 2048/153485 of epoch 0,  NE 0.867017, loss 0.498088, accuracy 76.579 %, best 76.579 %
Finished training it 2560/153485 of epoch 0, 14.25 ms/it, NE 0.889921, loss 0.494188
Testing at - 2560/153485 of epoch 0,  NE 0.861020, loss 0.494642, accuracy 76.743 %, best 76.743 %
Finished training it 3072/153485 of epoch 0, 13.35 ms/it, NE 0.885215, loss 0.489498
Testing at - 3072/153485 of epoch 0,  NE 0.867490, loss 0.498359, accuracy 76.630 %, best 76.743 %
Finished training it 3584/153485 of epoch 0, 14.00 ms/it, NE 0.881011, loss 0.485069
Testing at - 3584/153485 of epoch 0,  NE 0.857279, loss 0.492493, accuracy 76.944 %, best 76.944 %
Finished training it 4096/153485 of epoch 0, 15.80 ms/it, NE 0.876981, loss 0.483096
Testing at - 4096/153485 of epoch 0,  NE 0.846037, loss 0.486035, accuracy 77.162 %, best 77.162 %
Finished training it 4608/153485 of epoch 0, 18.08 ms/it, NE 0.873642, loss 0.480253
Testing at - 4608/153485 of epoch 0,  NE 0.846368, loss 0.486225, accuracy 77.101 %, best 77.162 %
Finished training it 5120/153485 of epoch 0, 16.24 ms/it, NE 0.870281, loss 0.477956
Testing at - 5120/153485 of epoch 0,  NE 0.842841, loss 0.484199, accuracy 77.170 %, best 77.170 %
Finished training it 5632/153485 of epoch 0, 16.34 ms/it, NE 0.867245, loss 0.475828
Testing at - 5632/153485 of epoch 0,  NE 0.835657, loss 0.480071, accuracy 77.537 %, best 77.537 %
Finished training it 6144/153485 of epoch 0, 14.30 ms/it, NE 0.864420, loss 0.470522
Testing at - 6144/153485 of epoch 0,  NE 0.834480, loss 0.479396, accuracy 77.479 %, best 77.537 %
Finished training it 6656/153485 of epoch 0, 17.91 ms/it, NE 0.862113, loss 0.475709
Testing at - 6656/153485 of epoch 0,  NE 0.833210, loss 0.478666, accuracy 77.679 %, best 77.679 %
Finished training it 7168/153485 of epoch 0, 16.18 ms/it, NE 0.859840, loss 0.472338
Testing at - 7168/153485 of epoch 0,  NE 0.828562, loss 0.475996, accuracy 77.723 %, best 77.723 %
Finished training it 7680/153485 of epoch 0, 16.96 ms/it, NE 0.857749, loss 0.470563
Testing at - 7680/153485 of epoch 0,  NE 0.838543, loss 0.481730, accuracy 77.464 %, best 77.723 %
Finished training it 8192/153485 of epoch 0, 15.56 ms/it, NE 0.855745, loss 0.470628
Testing at - 8192/153485 of epoch 0,  NE 0.824812, loss 0.473841, accuracy 77.806 %, best 77.806 %
Finished training it 8704/153485 of epoch 0, 19.04 ms/it, NE 0.853780, loss 0.468194
Testing at - 8704/153485 of epoch 0,  NE 0.834540, loss 0.479430, accuracy 77.511 %, best 77.806 %
Finished training it 9216/153485 of epoch 0, 17.69 ms/it, NE 0.852258, loss 0.470271
Testing at - 9216/153485 of epoch 0,  NE 0.825307, loss 0.474126, accuracy 77.787 %, best 77.806 %
Finished training it 9728/153485 of epoch 0, 17.33 ms/it, NE 0.850703, loss 0.468786
Testing at - 9728/153485 of epoch 0,  NE 0.828905, loss 0.476193, accuracy 77.801 %, best 77.806 %
Finished training it 10240/153485 of epoch 0, 17.05 ms/it, NE 0.849430, loss 0.468474
Testing at - 10240/153485 of epoch 0,  NE 0.833039, loss 0.478568, accuracy 77.561 %, best 77.806 %
Finished training it 10752/153485 of epoch 0, 17.26 ms/it, NE 0.848220, loss 0.468224
Testing at - 10752/153485 of epoch 0,  NE 0.823739, loss 0.473225, accuracy 77.953 %, best 77.953 %
Finished training it 11264/153485 of epoch 0, 18.14 ms/it, NE 0.847048, loss 0.466869
Testing at - 11264/153485 of epoch 0,  NE 0.822408, loss 0.472460, accuracy 77.820 %, best 77.953 %
Finished training it 11776/153485 of epoch 0, 17.67 ms/it, NE 0.845980, loss 0.469647
Testing at - 11776/153485 of epoch 0,  NE 0.820914, loss 0.471602, accuracy 77.902 %, best 77.953 %
Finished training it 12288/153485 of epoch 0, 15.79 ms/it, NE 0.844925, loss 0.464977
Testing at - 12288/153485 of epoch 0,  NE 0.829750, loss 0.476678, accuracy 77.658 %, best 77.953 %
Finished training it 12800/153485 of epoch 0, 15.21 ms/it, NE 0.843781, loss 0.463632
Testing at - 12800/153485 of epoch 0,  NE 0.818473, loss 0.470199, accuracy 77.977 %, best 77.977 %
Finished training it 13312/153485 of epoch 0, 16.21 ms/it, NE 0.842779, loss 0.464385
Testing at - 13312/153485 of epoch 0,  NE 0.820182, loss 0.471182, accuracy 77.915 %, best 77.977 %
Finished training it 13824/153485 of epoch 0, 17.19 ms/it, NE 0.841738, loss 0.462154
Testing at - 13824/153485 of epoch 0,  NE 0.817356, loss 0.469558, accuracy 78.046 %, best 78.046 %
Finished training it 14336/153485 of epoch 0, 16.51 ms/it, NE 0.840971, loss 0.464774
Testing at - 14336/153485 of epoch 0,  NE 0.817743, loss 0.469780, accuracy 78.079 %, best 78.079 %
Finished training it 14848/153485 of epoch 0, 17.73 ms/it, NE 0.840316, loss 0.466289
Testing at - 14848/153485 of epoch 0,  NE 0.818725, loss 0.470344, accuracy 77.970 %, best 78.079 %
Finished training it 15360/153485 of epoch 0, 15.65 ms/it, NE 0.839543, loss 0.464227
Testing at - 15360/153485 of epoch 0,  NE 0.817486, loss 0.469633, accuracy 78.123 %, best 78.123 %
Finished training it 15872/153485 of epoch 0, 22.28 ms/it, NE 0.838836, loss 0.465409
Testing at - 15872/153485 of epoch 0,  NE 0.832859, loss 0.478464, accuracy 77.533 %, best 78.123 %
Finished training it 16384/153485 of epoch 0, 15.03 ms/it, NE 0.838093, loss 0.464738
Testing at - 16384/153485 of epoch 0,  NE 0.818676, loss 0.470317, accuracy 77.939 %, best 78.123 %
Finished training it 16896/153485 of epoch 0, 14.85 ms/it, NE 0.837339, loss 0.462792
Testing at - 16896/153485 of epoch 0,  NE 0.814018, loss 0.467640, accuracy 78.112 %, best 78.123 %
Finished training it 17408/153485 of epoch 0, 14.95 ms/it, NE 0.836578, loss 0.461479
Testing at - 17408/153485 of epoch 0,  NE 0.817793, loss 0.469809, accuracy 77.985 %, best 78.123 %
Finished training it 17920/153485 of epoch 0, 14.86 ms/it, NE 0.836063, loss 0.465934
Testing at - 17920/153485 of epoch 0,  NE 0.816555, loss 0.469098, accuracy 78.180 %, best 78.180 %
Finished training it 18432/153485 of epoch 0, 14.30 ms/it, NE 0.835420, loss 0.462189
Testing at - 18432/153485 of epoch 0,  NE 0.815829, loss 0.468681, accuracy 78.154 %, best 78.180 %
Finished training it 18944/153485 of epoch 0, 13.64 ms/it, NE 0.834833, loss 0.461166
Testing at - 18944/153485 of epoch 0,  NE 0.815978, loss 0.468766, accuracy 78.120 %, best 78.180 %
Finished training it 19456/153485 of epoch 0, 15.45 ms/it, NE 0.834332, loss 0.464128
Testing at - 19456/153485 of epoch 0,  NE 0.811946, loss 0.466450, accuracy 78.205 %, best 78.205 %
Finished training it 19968/153485 of epoch 0, 16.15 ms/it, NE 0.833806, loss 0.462617
Testing at - 19968/153485 of epoch 0,  NE 0.815059, loss 0.468238, accuracy 78.133 %, best 78.205 %
Finished training it 20480/153485 of epoch 0, 16.29 ms/it, NE 0.833245, loss 0.462215
Testing at - 20480/153485 of epoch 0,  NE 0.812424, loss 0.466725, accuracy 78.225 %, best 78.225 %
Finished training it 20992/153485 of epoch 0, 17.15 ms/it, NE 0.832733, loss 0.461573
Testing at - 20992/153485 of epoch 0,  NE 0.814880, loss 0.468136, accuracy 78.157 %, best 78.225 %
Finished training it 21504/153485 of epoch 0, 17.99 ms/it, NE 0.832274, loss 0.461126
Testing at - 21504/153485 of epoch 0,  NE 0.811485, loss 0.466185, accuracy 78.250 %, best 78.250 %
Finished training it 22016/153485 of epoch 0, 15.55 ms/it, NE 0.831838, loss 0.462120
Testing at - 22016/153485 of epoch 0,  NE 0.817768, loss 0.469795, accuracy 78.078 %, best 78.250 %
Finished training it 22528/153485 of epoch 0, 18.61 ms/it, NE 0.831433, loss 0.462880
Testing at - 22528/153485 of epoch 0,  NE 0.811469, loss 0.466176, accuracy 78.253 %, best 78.253 %
Finished training it 23040/153485 of epoch 0, 17.90 ms/it, NE 0.830957, loss 0.461328
Testing at - 23040/153485 of epoch 0,  NE 0.816403, loss 0.469011, accuracy 78.049 %, best 78.253 %
Finished training it 23552/153485 of epoch 0, 17.34 ms/it, NE 0.830610, loss 0.463899
Testing at - 23552/153485 of epoch 0,  NE 0.818114, loss 0.469993, accuracy 78.058 %, best 78.253 %
Finished training it 24064/153485 of epoch 0, 16.06 ms/it, NE 0.830274, loss 0.462544
Testing at - 24064/153485 of epoch 0,  NE 0.820110, loss 0.471140, accuracy 77.963 %, best 78.253 %
Finished training it 24576/153485 of epoch 0, 16.54 ms/it, NE 0.829842, loss 0.458358
Testing at - 24576/153485 of epoch 0,  NE 0.810870, loss 0.465832, accuracy 78.233 %, best 78.253 %
Finished training it 25088/153485 of epoch 0, 16.02 ms/it, NE 0.829413, loss 0.460285
Testing at - 25088/153485 of epoch 0,  NE 0.812923, loss 0.467011, accuracy 78.264 %, best 78.264 %
Finished training it 25600/153485 of epoch 0, 18.35 ms/it, NE 0.829047, loss 0.462275
Testing at - 25600/153485 of epoch 0,  NE 0.811148, loss 0.465991, accuracy 78.301 %, best 78.301 %
Finished training it 26112/153485 of epoch 0, 14.41 ms/it, NE 0.828664, loss 0.462279
Testing at - 26112/153485 of epoch 0,  NE 0.811174, loss 0.466007, accuracy 78.232 %, best 78.301 %
Finished training it 26624/153485 of epoch 0, 16.51 ms/it, NE 0.828325, loss 0.461636
Testing at - 26624/153485 of epoch 0,  NE 0.810184, loss 0.465438, accuracy 78.286 %, best 78.301 %
Finished training it 27136/153485 of epoch 0, 17.01 ms/it, NE 0.827980, loss 0.461057
Testing at - 27136/153485 of epoch 0,  NE 0.812079, loss 0.466526, accuracy 78.217 %, best 78.301 %
Finished training it 27648/153485 of epoch 0, 17.46 ms/it, NE 0.827623, loss 0.460610
Testing at - 27648/153485 of epoch 0,  NE 0.814616, loss 0.467984, accuracy 78.230 %, best 78.301 %
Finished training it 28160/153485 of epoch 0, 16.70 ms/it, NE 0.827331, loss 0.459828
Testing at - 28160/153485 of epoch 0,  NE 0.810407, loss 0.465566, accuracy 78.262 %, best 78.301 %
Finished training it 28672/153485 of epoch 0, 15.56 ms/it, NE 0.826999, loss 0.458075
Testing at - 28672/153485 of epoch 0,  NE 0.809566, loss 0.465083, accuracy 78.285 %, best 78.301 %
Finished training it 29184/153485 of epoch 0, 19.48 ms/it, NE 0.826628, loss 0.457995
Testing at - 29184/153485 of epoch 0,  NE 0.808984, loss 0.464749, accuracy 78.332 %, best 78.332 %
Finished training it 29696/153485 of epoch 0, 18.64 ms/it, NE 0.826312, loss 0.459885
Testing at - 29696/153485 of epoch 0,  NE 0.808903, loss 0.464702, accuracy 78.328 %, best 78.332 %
Finished training it 30208/153485 of epoch 0, 16.10 ms/it, NE 0.826032, loss 0.459472
Testing at - 30208/153485 of epoch 0,  NE 0.824697, loss 0.473775, accuracy 77.857 %, best 78.332 %
Finished training it 30720/153485 of epoch 0, 15.87 ms/it, NE 0.825748, loss 0.461937
Testing at - 30720/153485 of epoch 0,  NE 0.809026, loss 0.464772, accuracy 78.344 %, best 78.344 %
Finished training it 31232/153485 of epoch 0, 16.34 ms/it, NE 0.825490, loss 0.459908
Testing at - 31232/153485 of epoch 0,  NE 0.811933, loss 0.466442, accuracy 78.264 %, best 78.344 %
Finished training it 31744/153485 of epoch 0, 17.42 ms/it, NE 0.825171, loss 0.458803
Testing at - 31744/153485 of epoch 0,  NE 0.808085, loss 0.464232, accuracy 78.368 %, best 78.368 %
Finished training it 32256/153485 of epoch 0, 16.93 ms/it, NE 0.824920, loss 0.461216
Testing at - 32256/153485 of epoch 0,  NE 0.811507, loss 0.466198, accuracy 78.302 %, best 78.368 %
Finished training it 32768/153485 of epoch 0, 16.33 ms/it, NE 0.824718, loss 0.462710
Testing at - 32768/153485 of epoch 0,  NE 0.808114, loss 0.464249, accuracy 78.342 %, best 78.368 %
Finished training it 33280/153485 of epoch 0, 16.03 ms/it, NE 0.824492, loss 0.459520
Testing at - 33280/153485 of epoch 0,  NE 0.806893, loss 0.463547, accuracy 78.417 %, best 78.417 %
Finished training it 33792/153485 of epoch 0, 16.83 ms/it, NE 0.824201, loss 0.458076
Testing at - 33792/153485 of epoch 0,  NE 0.808178, loss 0.464286, accuracy 78.308 %, best 78.417 %
Finished training it 34304/153485 of epoch 0, 18.49 ms/it, NE 0.823930, loss 0.459135
Testing at - 34304/153485 of epoch 0,  NE 0.810663, loss 0.465713, accuracy 78.265 %, best 78.417 %
Finished training it 34816/153485 of epoch 0, 14.57 ms/it, NE 0.823676, loss 0.458776
Testing at - 34816/153485 of epoch 0,  NE 0.806614, loss 0.463387, accuracy 78.406 %, best 78.417 %
Finished training it 35328/153485 of epoch 0, 15.22 ms/it, NE 0.823441, loss 0.458378
Testing at - 35328/153485 of epoch 0,  NE 0.806530, loss 0.463339, accuracy 78.414 %, best 78.417 %
Finished training it 35840/153485 of epoch 0, 16.10 ms/it, NE 0.823266, loss 0.460657
Testing at - 35840/153485 of epoch 0,  NE 0.807765, loss 0.464048, accuracy 78.403 %, best 78.417 %
Finished training it 36352/153485 of epoch 0, 16.77 ms/it, NE 0.823003, loss 0.456518
Testing at - 36352/153485 of epoch 0,  NE 0.809269, loss 0.464912, accuracy 78.233 %, best 78.417 %
Finished training it 36864/153485 of epoch 0, 18.67 ms/it, NE 0.822774, loss 0.458730
Testing at - 36864/153485 of epoch 0,  NE 0.808489, loss 0.464464, accuracy 78.305 %, best 78.417 %
Finished training it 37376/153485 of epoch 0, 18.39 ms/it, NE 0.822542, loss 0.458140
Testing at - 37376/153485 of epoch 0,  NE 0.816731, loss 0.469199, accuracy 77.988 %, best 78.417 %
Finished training it 37888/153485 of epoch 0, 19.61 ms/it, NE 0.822313, loss 0.458008
Testing at - 37888/153485 of epoch 0,  NE 0.807267, loss 0.463762, accuracy 78.357 %, best 78.417 %
Finished training it 38400/153485 of epoch 0, 17.44 ms/it, NE 0.822118, loss 0.458493
Testing at - 38400/153485 of epoch 0,  NE 0.813402, loss 0.467286, accuracy 78.207 %, best 78.417 %
Finished training it 38912/153485 of epoch 0, 16.41 ms/it, NE 0.821937, loss 0.458337
Testing at - 38912/153485 of epoch 0,  NE 0.805865, loss 0.462957, accuracy 78.445 %, best 78.445 %
Finished training it 39424/153485 of epoch 0, 18.22 ms/it, NE 0.821728, loss 0.457903
Testing at - 39424/153485 of epoch 0,  NE 0.806813, loss 0.463501, accuracy 78.375 %, best 78.445 %
Finished training it 39936/153485 of epoch 0, 17.39 ms/it, NE 0.821508, loss 0.457026
Testing at - 39936/153485 of epoch 0,  NE 0.807511, loss 0.463902, accuracy 78.366 %, best 78.445 %
Finished training it 40448/153485 of epoch 0, 15.99 ms/it, NE 0.821297, loss 0.457730
Testing at - 40448/153485 of epoch 0,  NE 0.806198, loss 0.463148, accuracy 78.429 %, best 78.445 %
Finished training it 40960/153485 of epoch 0, 16.69 ms/it, NE 0.821109, loss 0.458431
Testing at - 40960/153485 of epoch 0,  NE 0.804784, loss 0.462336, accuracy 78.478 %, best 78.478 %
Finished training it 41472/153485 of epoch 0, 16.68 ms/it, NE 0.820932, loss 0.456826
Testing at - 41472/153485 of epoch 0,  NE 0.805237, loss 0.462596, accuracy 78.417 %, best 78.478 %
Finished training it 41984/153485 of epoch 0, 16.19 ms/it, NE 0.820728, loss 0.455819
Testing at - 41984/153485 of epoch 0,  NE 0.803929, loss 0.461845, accuracy 78.488 %, best 78.488 %
Finished training it 42496/153485 of epoch 0, 17.49 ms/it, NE 0.820506, loss 0.456480
Testing at - 42496/153485 of epoch 0,  NE 0.805431, loss 0.462707, accuracy 78.451 %, best 78.488 %
Finished training it 43008/153485 of epoch 0, 19.03 ms/it, NE 0.820335, loss 0.458822
Testing at - 43008/153485 of epoch 0,  NE 0.807607, loss 0.463957, accuracy 78.342 %, best 78.488 %
Finished training it 43520/153485 of epoch 0, 16.50 ms/it, NE 0.820127, loss 0.456989
Testing at - 43520/153485 of epoch 0,  NE 0.807043, loss 0.463634, accuracy 78.418 %, best 78.488 %
Finished training it 44032/153485 of epoch 0, 16.79 ms/it, NE 0.819934, loss 0.455415
Testing at - 44032/153485 of epoch 0,  NE 0.803293, loss 0.461479, accuracy 78.476 %, best 78.488 %
Finished training it 44544/153485 of epoch 0, 16.57 ms/it, NE 0.819717, loss 0.457089
Testing at - 44544/153485 of epoch 0,  NE 0.805169, loss 0.462557, accuracy 78.445 %, best 78.488 %
Finished training it 45056/153485 of epoch 0, 17.41 ms/it, NE 0.819539, loss 0.456458
Testing at - 45056/153485 of epoch 0,  NE 0.805968, loss 0.463016, accuracy 78.390 %, best 78.488 %
Finished training it 45568/153485 of epoch 0, 16.31 ms/it, NE 0.819362, loss 0.456361
Testing at - 45568/153485 of epoch 0,  NE 0.806852, loss 0.463524, accuracy 78.320 %, best 78.488 %
Finished training it 46080/153485 of epoch 0, 16.13 ms/it, NE 0.819197, loss 0.458630
Testing at - 46080/153485 of epoch 0,  NE 0.806069, loss 0.463074, accuracy 78.490 %, best 78.490 %
Finished training it 46592/153485 of epoch 0, 13.25 ms/it, NE 0.819029, loss 0.457662
Testing at - 46592/153485 of epoch 0,  NE 0.804916, loss 0.462412, accuracy 78.421 %, best 78.490 %
Finished training it 47104/153485 of epoch 0, 16.92 ms/it, NE 0.818870, loss 0.456620
Testing at - 47104/153485 of epoch 0,  NE 0.803054, loss 0.461342, accuracy 78.509 %, best 78.509 %
Finished training it 47616/153485 of epoch 0, 15.08 ms/it, NE 0.818671, loss 0.454729
Testing at - 47616/153485 of epoch 0,  NE 0.803108, loss 0.461373, accuracy 78.498 %, best 78.509 %
Finished training it 48128/153485 of epoch 0, 14.63 ms/it, NE 0.818467, loss 0.455402
Testing at - 48128/153485 of epoch 0,  NE 0.811360, loss 0.466113, accuracy 78.260 %, best 78.509 %
Finished training it 48640/153485 of epoch 0, 13.62 ms/it, NE 0.818289, loss 0.454828
Testing at - 48640/153485 of epoch 0,  NE 0.804028, loss 0.461901, accuracy 78.487 %, best 78.509 %
Finished training it 49152/153485 of epoch 0, 14.12 ms/it, NE 0.818115, loss 0.454619
Testing at - 49152/153485 of epoch 0,  NE 0.803305, loss 0.461486, accuracy 78.491 %, best 78.509 %
Finished training it 49664/153485 of epoch 0, 14.64 ms/it, NE 0.817973, loss 0.456708
Testing at - 49664/153485 of epoch 0,  NE 0.808319, loss 0.464366, accuracy 78.310 %, best 78.509 %
Finished training it 50176/153485 of epoch 0, 13.53 ms/it, NE 0.817805, loss 0.456173
Testing at - 50176/153485 of epoch 0,  NE 0.802973, loss 0.461295, accuracy 78.493 %, best 78.509 %
Finished training it 50688/153485 of epoch 0, 14.03 ms/it, NE 0.817611, loss 0.455874
Testing at - 50688/153485 of epoch 0,  NE 0.804203, loss 0.462002, accuracy 78.508 %, best 78.509 %
Finished training it 51200/153485 of epoch 0, 15.62 ms/it, NE 0.817451, loss 0.456562
Testing at - 51200/153485 of epoch 0,  NE 0.806908, loss 0.463556, accuracy 78.406 %, best 78.509 %
Finished training it 51712/153485 of epoch 0, 15.66 ms/it, NE 0.817319, loss 0.457109
Testing at - 51712/153485 of epoch 0,  NE 0.806748, loss 0.463464, accuracy 78.386 %, best 78.509 %
Finished training it 52224/153485 of epoch 0, 15.50 ms/it, NE 0.817188, loss 0.456980
Testing at - 52224/153485 of epoch 0,  NE 0.805375, loss 0.462675, accuracy 78.415 %, best 78.509 %
Finished training it 52736/153485 of epoch 0, 16.51 ms/it, NE 0.817088, loss 0.456774
Testing at - 52736/153485 of epoch 0,  NE 0.803133, loss 0.461387, accuracy 78.550 %, best 78.550 %
Finished training it 53248/153485 of epoch 0, 16.08 ms/it, NE 0.816943, loss 0.454697
Testing at - 53248/153485 of epoch 0,  NE 0.809901, loss 0.465275, accuracy 78.349 %, best 78.550 %
Finished training it 53760/153485 of epoch 0, 15.73 ms/it, NE 0.816789, loss 0.455079
Testing at - 53760/153485 of epoch 0,  NE 0.805545, loss 0.462773, accuracy 78.426 %, best 78.550 %
Finished training it 54272/153485 of epoch 0, 15.57 ms/it, NE 0.816616, loss 0.455125
Testing at - 54272/153485 of epoch 0,  NE 0.802506, loss 0.461027, accuracy 78.539 %, best 78.550 %
Finished training it 54784/153485 of epoch 0, 16.95 ms/it, NE 0.816452, loss 0.454970
Testing at - 54784/153485 of epoch 0,  NE 0.801125, loss 0.460233, accuracy 78.554 %, best 78.554 %
Finished training it 55296/153485 of epoch 0, 15.54 ms/it, NE 0.816330, loss 0.455879
Testing at - 55296/153485 of epoch 0,  NE 0.801032, loss 0.460180, accuracy 78.574 %, best 78.574 %
Finished training it 55808/153485 of epoch 0, 14.99 ms/it, NE 0.816214, loss 0.457730
Testing at - 55808/153485 of epoch 0,  NE 0.803363, loss 0.461519, accuracy 78.497 %, best 78.574 %
Finished training it 56320/153485 of epoch 0, 18.95 ms/it, NE 0.816099, loss 0.457145
Testing at - 56320/153485 of epoch 0,  NE 0.802714, loss 0.461146, accuracy 78.529 %, best 78.574 %
Finished training it 56832/153485 of epoch 0, 14.84 ms/it, NE 0.815968, loss 0.456559
Testing at - 56832/153485 of epoch 0,  NE 0.802315, loss 0.460917, accuracy 78.548 %, best 78.574 %
Finished training it 57344/153485 of epoch 0, 16.05 ms/it, NE 0.815844, loss 0.454720
Testing at - 57344/153485 of epoch 0,  NE 0.805226, loss 0.462590, accuracy 78.443 %, best 78.574 %
Finished training it 57856/153485 of epoch 0, 13.77 ms/it, NE 0.815684, loss 0.454282
Testing at - 57856/153485 of epoch 0,  NE 0.806333, loss 0.463226, accuracy 78.472 %, best 78.574 %
Finished training it 58368/153485 of epoch 0, 14.73 ms/it, NE 0.815594, loss 0.456841
Testing at - 58368/153485 of epoch 0,  NE 0.803273, loss 0.461468, accuracy 78.526 %, best 78.574 %
Finished training it 58880/153485 of epoch 0, 14.17 ms/it, NE 0.815436, loss 0.453698
Testing at - 58880/153485 of epoch 0,  NE 0.801662, loss 0.460542, accuracy 78.520 %, best 78.574 %
Finished training it 59392/153485 of epoch 0, 13.89 ms/it, NE 0.815312, loss 0.456180
Testing at - 59392/153485 of epoch 0,  NE 0.805951, loss 0.463006, accuracy 78.322 %, best 78.574 %
Finished training it 59904/153485 of epoch 0, 14.09 ms/it, NE 0.815174, loss 0.457382
Testing at - 59904/153485 of epoch 0,  NE 0.808571, loss 0.464511, accuracy 78.297 %, best 78.574 %
Finished training it 60416/153485 of epoch 0, 15.55 ms/it, NE 0.815034, loss 0.452218
Testing at - 60416/153485 of epoch 0,  NE 0.800744, loss 0.460014, accuracy 78.572 %, best 78.574 %
Finished training it 60928/153485 of epoch 0, 14.65 ms/it, NE 0.814897, loss 0.454203
Testing at - 60928/153485 of epoch 0,  NE 0.802304, loss 0.460911, accuracy 78.531 %, best 78.574 %
Finished training it 61440/153485 of epoch 0, 15.57 ms/it, NE 0.814762, loss 0.454919
Testing at - 61440/153485 of epoch 0,  NE 0.801570, loss 0.460489, accuracy 78.538 %, best 78.574 %
Finished training it 61952/153485 of epoch 0, 18.25 ms/it, NE 0.814662, loss 0.457644
Testing at - 61952/153485 of epoch 0,  NE 0.800502, loss 0.459875, accuracy 78.569 %, best 78.574 %
Finished training it 62464/153485 of epoch 0, 18.12 ms/it, NE 0.814538, loss 0.453910
Testing at - 62464/153485 of epoch 0,  NE 0.801173, loss 0.460261, accuracy 78.530 %, best 78.574 %
Finished training it 62976/153485 of epoch 0, 16.19 ms/it, NE 0.814416, loss 0.456321
Testing at - 62976/153485 of epoch 0,  NE 0.802737, loss 0.461160, accuracy 78.492 %, best 78.574 %
Finished training it 63488/153485 of epoch 0, 17.88 ms/it, NE 0.814321, loss 0.457222
Testing at - 63488/153485 of epoch 0,  NE 0.800659, loss 0.459966, accuracy 78.538 %, best 78.574 %
Finished training it 64000/153485 of epoch 0, 16.25 ms/it, NE 0.814200, loss 0.453519
Testing at - 64000/153485 of epoch 0,  NE 0.800663, loss 0.459968, accuracy 78.535 %, best 78.574 %
Finished training it 64512/153485 of epoch 0, 15.66 ms/it, NE 0.814091, loss 0.455172
Testing at - 64512/153485 of epoch 0,  NE 0.800660, loss 0.459966, accuracy 78.556 %, best 78.574 %
Finished training it 65024/153485 of epoch 0, 16.52 ms/it, NE 0.813995, loss 0.457329
Testing at - 65024/153485 of epoch 0,  NE 0.801763, loss 0.460600, accuracy 78.537 %, best 78.574 %
Finished training it 65536/153485 of epoch 0, 17.55 ms/it, NE 0.813904, loss 0.456056
Testing at - 65536/153485 of epoch 0,  NE 0.801487, loss 0.460441, accuracy 78.582 %, best 78.582 %
Finished training it 66048/153485 of epoch 0, 16.92 ms/it, NE 0.813794, loss 0.455792
Testing at - 66048/153485 of epoch 0,  NE 0.801177, loss 0.460264, accuracy 78.573 %, best 78.582 %
Finished training it 66560/153485 of epoch 0, 15.39 ms/it, NE 0.813672, loss 0.453529
Testing at - 66560/153485 of epoch 0,  NE 0.801840, loss 0.460644, accuracy 78.539 %, best 78.582 %
Finished training it 67072/153485 of epoch 0, 14.08 ms/it, NE 0.813546, loss 0.454005
Testing at - 67072/153485 of epoch 0,  NE 0.800773, loss 0.460031, accuracy 78.608 %, best 78.608 %
Finished training it 67584/153485 of epoch 0, 14.00 ms/it, NE 0.813426, loss 0.452054
Testing at - 67584/153485 of epoch 0,  NE 0.799797, loss 0.459471, accuracy 78.591 %, best 78.608 %
Finished training it 68096/153485 of epoch 0, 14.24 ms/it, NE 0.813327, loss 0.454822
Testing at - 68096/153485 of epoch 0,  NE 0.802478, loss 0.461011, accuracy 78.537 %, best 78.608 %
Finished training it 68608/153485 of epoch 0, 15.53 ms/it, NE 0.813221, loss 0.454549
Testing at - 68608/153485 of epoch 0,  NE 0.800173, loss 0.459687, accuracy 78.606 %, best 78.608 %
Finished training it 69120/153485 of epoch 0, 17.62 ms/it, NE 0.813114, loss 0.455684
Testing at - 69120/153485 of epoch 0,  NE 0.799324, loss 0.459199, accuracy 78.601 %, best 78.608 %
Finished training it 69632/153485 of epoch 0, 15.91 ms/it, NE 0.813021, loss 0.454825
Testing at - 69632/153485 of epoch 0,  NE 0.803369, loss 0.461523, accuracy 78.482 %, best 78.608 %
Finished training it 70144/153485 of epoch 0, 15.93 ms/it, NE 0.812875, loss 0.451140
Testing at - 70144/153485 of epoch 0,  NE 0.800694, loss 0.459986, accuracy 78.576 %, best 78.608 %
Finished training it 70656/153485 of epoch 0, 15.85 ms/it, NE 0.812786, loss 0.454070
Testing at - 70656/153485 of epoch 0,  NE 0.799489, loss 0.459294, accuracy 78.598 %, best 78.608 %
Finished training it 71168/153485 of epoch 0, 14.99 ms/it, NE 0.812670, loss 0.451720
Testing at - 71168/153485 of epoch 0,  NE 0.800621, loss 0.459944, accuracy 78.567 %, best 78.608 %
Finished training it 71680/153485 of epoch 0, 16.30 ms/it, NE 0.812574, loss 0.453165
Testing at - 71680/153485 of epoch 0,  NE 0.812224, loss 0.466610, accuracy 78.065 %, best 78.608 %
Finished training it 72192/153485 of epoch 0, 16.74 ms/it, NE 0.812485, loss 0.453747
Testing at - 72192/153485 of epoch 0,  NE 0.799211, loss 0.459134, accuracy 78.628 %, best 78.628 %
Finished training it 72704/153485 of epoch 0, 17.66 ms/it, NE 0.812381, loss 0.456241
Testing at - 72704/153485 of epoch 0,  NE 0.802690, loss 0.461133, accuracy 78.539 %, best 78.628 %
Finished training it 73216/153485 of epoch 0, 15.08 ms/it, NE 0.812268, loss 0.452076
Testing at - 73216/153485 of epoch 0,  NE 0.799040, loss 0.459036, accuracy 78.633 %, best 78.633 %
Finished training it 73728/153485 of epoch 0, 16.01 ms/it, NE 0.812164, loss 0.452307
Testing at - 73728/153485 of epoch 0,  NE 0.802204, loss 0.460854, accuracy 78.531 %, best 78.633 %
Finished training it 74240/153485 of epoch 0, 17.10 ms/it, NE 0.812035, loss 0.450967
Testing at - 74240/153485 of epoch 0,  NE 0.798263, loss 0.458589, accuracy 78.616 %, best 78.633 %
Finished training it 74752/153485 of epoch 0, 17.23 ms/it, NE 0.811919, loss 0.451945
Testing at - 74752/153485 of epoch 0,  NE 0.800430, loss 0.459834, accuracy 78.592 %, best 78.633 %
Finished training it 75264/153485 of epoch 0, 16.09 ms/it, NE 0.811840, loss 0.453577
Testing at - 75264/153485 of epoch 0,  NE 0.798201, loss 0.458554, accuracy 78.639 %, best 78.639 %
Finished training it 75776/153485 of epoch 0, 18.43 ms/it, NE 0.811718, loss 0.450233
Testing at - 75776/153485 of epoch 0,  NE 0.808068, loss 0.464222, accuracy 78.224 %, best 78.639 %
Finished training it 76288/153485 of epoch 0, 15.56 ms/it, NE 0.811609, loss 0.451024
Testing at - 76288/153485 of epoch 0,  NE 0.798690, loss 0.458835, accuracy 78.617 %, best 78.639 %
Finished training it 76800/153485 of epoch 0, 15.83 ms/it, NE 0.811514, loss 0.453592
Testing at - 76800/153485 of epoch 0,  NE 0.801177, loss 0.460264, accuracy 78.474 %, best 78.639 %
Finished training it 77312/153485 of epoch 0, 15.89 ms/it, NE 0.811414, loss 0.452442
Testing at - 77312/153485 of epoch 0,  NE 0.798888, loss 0.458948, accuracy 78.636 %, best 78.639 %
Finished training it 77824/153485 of epoch 0, 14.67 ms/it, NE 0.811320, loss 0.452384
Testing at - 77824/153485 of epoch 0,  NE 0.797581, loss 0.458198, accuracy 78.642 %, best 78.642 %
Finished training it 78336/153485 of epoch 0, 13.93 ms/it, NE 0.811220, loss 0.452388
Testing at - 78336/153485 of epoch 0,  NE 0.798118, loss 0.458506, accuracy 78.622 %, best 78.642 %
Finished training it 78848/153485 of epoch 0, 13.88 ms/it, NE 0.811117, loss 0.450167
Testing at - 78848/153485 of epoch 0,  NE 0.797719, loss 0.458277, accuracy 78.655 %, best 78.655 %
Finished training it 79360/153485 of epoch 0, 13.90 ms/it, NE 0.811018, loss 0.453631
Testing at - 79360/153485 of epoch 0,  NE 0.798155, loss 0.458527, accuracy 78.634 %, best 78.655 %
Finished training it 79872/153485 of epoch 0, 15.21 ms/it, NE 0.810930, loss 0.453053
Testing at - 79872/153485 of epoch 0,  NE 0.802181, loss 0.460840, accuracy 78.577 %, best 78.655 %
Finished training it 80384/153485 of epoch 0, 14.57 ms/it, NE 0.810852, loss 0.453537
Testing at - 80384/153485 of epoch 0,  NE 0.798681, loss 0.458830, accuracy 78.651 %, best 78.655 %
Finished training it 80896/153485 of epoch 0, 17.79 ms/it, NE 0.810784, loss 0.454708
Testing at - 80896/153485 of epoch 0,  NE 0.797598, loss 0.458207, accuracy 78.657 %, best 78.657 %
Finished training it 81408/153485 of epoch 0, 15.69 ms/it, NE 0.810719, loss 0.454760
Testing at - 81408/153485 of epoch 0,  NE 0.800239, loss 0.459725, accuracy 78.544 %, best 78.657 %
Finished training it 81920/153485 of epoch 0, 15.77 ms/it, NE 0.810639, loss 0.454495
Testing at - 81920/153485 of epoch 0,  NE 0.799974, loss 0.459572, accuracy 78.570 %, best 78.657 %
Finished training it 82432/153485 of epoch 0, 14.14 ms/it, NE 0.810568, loss 0.452966
Testing at - 82432/153485 of epoch 0,  NE 0.798602, loss 0.458784, accuracy 78.619 %, best 78.657 %
Finished training it 82944/153485 of epoch 0, 14.53 ms/it, NE 0.810494, loss 0.453939
Testing at - 82944/153485 of epoch 0,  NE 0.799541, loss 0.459324, accuracy 78.629 %, best 78.657 %
Finished training it 83456/153485 of epoch 0, 16.85 ms/it, NE 0.810416, loss 0.454689
Testing at - 83456/153485 of epoch 0,  NE 0.799387, loss 0.459235, accuracy 78.547 %, best 78.657 %
Finished training it 83968/153485 of epoch 0, 13.86 ms/it, NE 0.810352, loss 0.454747
Testing at - 83968/153485 of epoch 0,  NE 0.798198, loss 0.458552, accuracy 78.677 %, best 78.677 %
Finished training it 84480/153485 of epoch 0, 15.44 ms/it, NE 0.810264, loss 0.451675
Testing at - 84480/153485 of epoch 0,  NE 0.796675, loss 0.457677, accuracy 78.671 %, best 78.677 %
Finished training it 84992/153485 of epoch 0, 15.52 ms/it, NE 0.810180, loss 0.453040
Testing at - 84992/153485 of epoch 0,  NE 0.798399, loss 0.458668, accuracy 78.599 %, best 78.677 %
Finished training it 85504/153485 of epoch 0, 15.67 ms/it, NE 0.810081, loss 0.449794
Testing at - 85504/153485 of epoch 0,  NE 0.800052, loss 0.459617, accuracy 78.581 %, best 78.677 %
Finished training it 86016/153485 of epoch 0, 13.27 ms/it, NE 0.810002, loss 0.451571
Testing at - 86016/153485 of epoch 0,  NE 0.797175, loss 0.457964, accuracy 78.675 %, best 78.677 %
Finished training it 86528/153485 of epoch 0, 15.62 ms/it, NE 0.809931, loss 0.454428
Testing at - 86528/153485 of epoch 0,  NE 0.797369, loss 0.458076, accuracy 78.665 %, best 78.677 %
Finished training it 87040/153485 of epoch 0, 16.94 ms/it, NE 0.809844, loss 0.452224
Testing at - 87040/153485 of epoch 0,  NE 0.798133, loss 0.458515, accuracy 78.632 %, best 78.677 %
Finished training it 87552/153485 of epoch 0, 16.29 ms/it, NE 0.809762, loss 0.452462
Testing at - 87552/153485 of epoch 0,  NE 0.798092, loss 0.458491, accuracy 78.639 %, best 78.677 %
Finished training it 88064/153485 of epoch 0, 15.68 ms/it, NE 0.809681, loss 0.451779
Testing at - 88064/153485 of epoch 0,  NE 0.797164, loss 0.457958, accuracy 78.663 %, best 78.677 %
Finished training it 88576/153485 of epoch 0, 16.74 ms/it, NE 0.809576, loss 0.449295
Testing at - 88576/153485 of epoch 0,  NE 0.798898, loss 0.458954, accuracy 78.637 %, best 78.677 %
Finished training it 89088/153485 of epoch 0, 15.79 ms/it, NE 0.809494, loss 0.451366
Testing at - 89088/153485 of epoch 0,  NE 0.797789, loss 0.458317, accuracy 78.596 %, best 78.677 %
Finished training it 89600/153485 of epoch 0, 18.81 ms/it, NE 0.809412, loss 0.451847
Testing at - 89600/153485 of epoch 0,  NE 0.797510, loss 0.458157, accuracy 78.666 %, best 78.677 %
Finished training it 90112/153485 of epoch 0, 17.18 ms/it, NE 0.809346, loss 0.453419
Testing at - 90112/153485 of epoch 0,  NE 0.796763, loss 0.457728, accuracy 78.675 %, best 78.677 %
Finished training it 90624/153485 of epoch 0, 16.94 ms/it, NE 0.809291, loss 0.454312
Testing at - 90624/153485 of epoch 0,  NE 0.796678, loss 0.457679, accuracy 78.678 %, best 78.678 %
Finished training it 91136/153485 of epoch 0, 16.37 ms/it, NE 0.809229, loss 0.454036
Testing at - 91136/153485 of epoch 0,  NE 0.802483, loss 0.461014, accuracy 78.511 %, best 78.678 %
Finished training it 91648/153485 of epoch 0, 16.42 ms/it, NE 0.809162, loss 0.452641
Testing at - 91648/153485 of epoch 0,  NE 0.796249, loss 0.457432, accuracy 78.699 %, best 78.699 %
Finished training it 92160/153485 of epoch 0, 14.95 ms/it, NE 0.809092, loss 0.452775
Testing at - 92160/153485 of epoch 0,  NE 0.797474, loss 0.458136, accuracy 78.682 %, best 78.699 %
Finished training it 92672/153485 of epoch 0, 16.53 ms/it, NE 0.809031, loss 0.454440
Testing at - 92672/153485 of epoch 0,  NE 0.796540, loss 0.457599, accuracy 78.694 %, best 78.699 %
Finished training it 93184/153485 of epoch 0, 15.00 ms/it, NE 0.808960, loss 0.452049
Testing at - 93184/153485 of epoch 0,  NE 0.798455, loss 0.458699, accuracy 78.605 %, best 78.699 %
Finished training it 93696/153485 of epoch 0, 17.30 ms/it, NE 0.808886, loss 0.453377
Testing at - 93696/153485 of epoch 0,  NE 0.798032, loss 0.458457, accuracy 78.668 %, best 78.699 %
Finished training it 94208/153485 of epoch 0, 15.84 ms/it, NE 0.808806, loss 0.450354
Testing at - 94208/153485 of epoch 0,  NE 0.797515, loss 0.458160, accuracy 78.615 %, best 78.699 %
Finished training it 94720/153485 of epoch 0, 16.88 ms/it, NE 0.808758, loss 0.455951
Testing at - 94720/153485 of epoch 0,  NE 0.797879, loss 0.458369, accuracy 78.661 %, best 78.699 %
Finished training it 95232/153485 of epoch 0, 16.82 ms/it, NE 0.808711, loss 0.452742
Testing at - 95232/153485 of epoch 0,  NE 0.796157, loss 0.457379, accuracy 78.696 %, best 78.699 %
Finished training it 95744/153485 of epoch 0, 18.69 ms/it, NE 0.808644, loss 0.451400
Testing at - 95744/153485 of epoch 0,  NE 0.796443, loss 0.457544, accuracy 78.707 %, best 78.707 %
Finished training it 96256/153485 of epoch 0, 20.27 ms/it, NE 0.808560, loss 0.449081
Testing at - 96256/153485 of epoch 0,  NE 0.796776, loss 0.457735, accuracy 78.699 %, best 78.707 %
Finished training it 96768/153485 of epoch 0, 16.29 ms/it, NE 0.808492, loss 0.452815
Testing at - 96768/153485 of epoch 0,  NE 0.796006, loss 0.457293, accuracy 78.706 %, best 78.707 %
Finished training it 97280/153485 of epoch 0, 19.14 ms/it, NE 0.808419, loss 0.452327
Testing at - 97280/153485 of epoch 0,  NE 0.798118, loss 0.458506, accuracy 78.649 %, best 78.707 %
Finished training it 97792/153485 of epoch 0, 17.00 ms/it, NE 0.808360, loss 0.454934
Testing at - 97792/153485 of epoch 0,  NE 0.796600, loss 0.457634, accuracy 78.712 %, best 78.712 %
Finished training it 98304/153485 of epoch 0, 17.95 ms/it, NE 0.808294, loss 0.452911
Testing at - 98304/153485 of epoch 0,  NE 0.798617, loss 0.458793, accuracy 78.658 %, best 78.712 %
Finished training it 98816/153485 of epoch 0, 15.41 ms/it, NE 0.808219, loss 0.452649
Testing at - 98816/153485 of epoch 0,  NE 0.796983, loss 0.457854, accuracy 78.701 %, best 78.712 %
Finished training it 99328/153485 of epoch 0, 13.13 ms/it, NE 0.808144, loss 0.451759
Testing at - 99328/153485 of epoch 0,  NE 0.795220, loss 0.456841, accuracy 78.715 %, best 78.715 %
Finished training it 99840/153485 of epoch 0, 13.39 ms/it, NE 0.808090, loss 0.454425
Testing at - 99840/153485 of epoch 0,  NE 0.797307, loss 0.458040, accuracy 78.694 %, best 78.715 %
Finished training it 100352/153485 of epoch 0, 14.19 ms/it, NE 0.808030, loss 0.452333
Testing at - 100352/153485 of epoch 0,  NE 0.800726, loss 0.460004, accuracy 78.452 %, best 78.715 %
Finished training it 100864/153485 of epoch 0, 13.00 ms/it, NE 0.807975, loss 0.452845
Testing at - 100864/153485 of epoch 0,  NE 0.799140, loss 0.459093, accuracy 78.615 %, best 78.715 %
Finished training it 101376/153485 of epoch 0, 14.31 ms/it, NE 0.807914, loss 0.451043
Testing at - 101376/153485 of epoch 0,  NE 0.795589, loss 0.457053, accuracy 78.718 %, best 78.718 %
Finished training it 101888/153485 of epoch 0, 13.77 ms/it, NE 0.807847, loss 0.450780
Testing at - 101888/153485 of epoch 0,  NE 0.795844, loss 0.457200, accuracy 78.718 %, best 78.718 %
Finished training it 102400/153485 of epoch 0, 13.29 ms/it, NE 0.807772, loss 0.450144
Testing at - 102400/153485 of epoch 0,  NE 0.797414, loss 0.458102, accuracy 78.668 %, best 78.718 %
Finished training it 102912/153485 of epoch 0, 15.45 ms/it, NE 0.807721, loss 0.452434
Testing at - 102912/153485 of epoch 0,  NE 0.798748, loss 0.458868, accuracy 78.617 %, best 78.718 %
Finished training it 103424/153485 of epoch 0, 17.05 ms/it, NE 0.807664, loss 0.449800
Testing at - 103424/153485 of epoch 0,  NE 0.796041, loss 0.457313, accuracy 78.700 %, best 78.718 %
Finished training it 103936/153485 of epoch 0, 16.43 ms/it, NE 0.807599, loss 0.451392
Testing at - 103936/153485 of epoch 0,  NE 0.796537, loss 0.457598, accuracy 78.673 %, best 78.718 %
Finished training it 104448/153485 of epoch 0, 16.05 ms/it, NE 0.807535, loss 0.452987
Testing at - 104448/153485 of epoch 0,  NE 0.795345, loss 0.456913, accuracy 78.741 %, best 78.741 %
Finished training it 104960/153485 of epoch 0, 16.43 ms/it, NE 0.807465, loss 0.450816
Testing at - 104960/153485 of epoch 0,  NE 0.796184, loss 0.457395, accuracy 78.711 %, best 78.741 %
Finished training it 105472/153485 of epoch 0, 17.63 ms/it, NE 0.807391, loss 0.451368
Testing at - 105472/153485 of epoch 0,  NE 0.796163, loss 0.457383, accuracy 78.661 %, best 78.741 %
Finished training it 105984/153485 of epoch 0, 16.04 ms/it, NE 0.807324, loss 0.450555
Testing at - 105984/153485 of epoch 0,  NE 0.795880, loss 0.457221, accuracy 78.711 %, best 78.741 %
Finished training it 106496/153485 of epoch 0, 14.76 ms/it, NE 0.807259, loss 0.449730
Testing at - 106496/153485 of epoch 0,  NE 0.800034, loss 0.459607, accuracy 78.630 %, best 78.741 %
Finished training it 107008/153485 of epoch 0, 14.49 ms/it, NE 0.807186, loss 0.451119
Testing at - 107008/153485 of epoch 0,  NE 0.794726, loss 0.456558, accuracy 78.729 %, best 78.741 %
Finished training it 107520/153485 of epoch 0, 14.46 ms/it, NE 0.807122, loss 0.450335
Testing at - 107520/153485 of epoch 0,  NE 0.797011, loss 0.457870, accuracy 78.650 %, best 78.741 %
Finished training it 108032/153485 of epoch 0, 14.36 ms/it, NE 0.807037, loss 0.449710
Testing at - 108032/153485 of epoch 0,  NE 0.795635, loss 0.457080, accuracy 78.740 %, best 78.741 %
Finished training it 108544/153485 of epoch 0, 14.63 ms/it, NE 0.806975, loss 0.451021
Testing at - 108544/153485 of epoch 0,  NE 0.796712, loss 0.457699, accuracy 78.689 %, best 78.741 %
Finished training it 109056/153485 of epoch 0, 15.18 ms/it, NE 0.806920, loss 0.451347
Testing at - 109056/153485 of epoch 0,  NE 0.800921, loss 0.460116, accuracy 78.516 %, best 78.741 %
Finished training it 109568/153485 of epoch 0, 14.93 ms/it, NE 0.806855, loss 0.451002
Testing at - 109568/153485 of epoch 0,  NE 0.796737, loss 0.457713, accuracy 78.701 %, best 78.741 %
Finished training it 110080/153485 of epoch 0, 18.01 ms/it, NE 0.806785, loss 0.449833
Testing at - 110080/153485 of epoch 0,  NE 0.795843, loss 0.457199, accuracy 78.740 %, best 78.741 %
Finished training it 110592/153485 of epoch 0, 15.92 ms/it, NE 0.806710, loss 0.448472
Testing at - 110592/153485 of epoch 0,  NE 0.799107, loss 0.459074, accuracy 78.569 %, best 78.741 %
Finished training it 111104/153485 of epoch 0, 17.57 ms/it, NE 0.806653, loss 0.452026
Testing at - 111104/153485 of epoch 0,  NE 0.794898, loss 0.456657, accuracy 78.759 %, best 78.759 %
Finished training it 111616/153485 of epoch 0, 16.26 ms/it, NE 0.806584, loss 0.451935
Testing at - 111616/153485 of epoch 0,  NE 0.799053, loss 0.459043, accuracy 78.678 %, best 78.759 %
Finished training it 112128/153485 of epoch 0, 19.82 ms/it, NE 0.806533, loss 0.452421
Testing at - 112128/153485 of epoch 0,  NE 0.794761, loss 0.456578, accuracy 78.732 %, best 78.759 %
Finished training it 112640/153485 of epoch 0, 16.11 ms/it, NE 0.806476, loss 0.453314
Testing at - 112640/153485 of epoch 0,  NE 0.795229, loss 0.456846, accuracy 78.759 %, best 78.759 %
Finished training it 113152/153485 of epoch 0, 17.96 ms/it, NE 0.806405, loss 0.448834
Testing at - 113152/153485 of epoch 0,  NE 0.794127, loss 0.456213, accuracy 78.776 %, best 78.776 %
Finished training it 113664/153485 of epoch 0, 16.75 ms/it, NE 0.806353, loss 0.453525
Testing at - 113664/153485 of epoch 0,  NE 0.795961, loss 0.457267, accuracy 78.704 %, best 78.776 %
Finished training it 114176/153485 of epoch 0, 15.64 ms/it, NE 0.806307, loss 0.451690
Testing at - 114176/153485 of epoch 0,  NE 0.795417, loss 0.456954, accuracy 78.707 %, best 78.776 %
Finished training it 114688/153485 of epoch 0, 14.06 ms/it, NE 0.806244, loss 0.451159
Testing at - 114688/153485 of epoch 0,  NE 0.794800, loss 0.456600, accuracy 78.769 %, best 78.776 %
Finished training it 115200/153485 of epoch 0, 13.83 ms/it, NE 0.806184, loss 0.450237
Testing at - 115200/153485 of epoch 0,  NE 0.795278, loss 0.456875, accuracy 78.749 %, best 78.776 %
Finished training it 115712/153485 of epoch 0, 13.73 ms/it, NE 0.806122, loss 0.450102
Testing at - 115712/153485 of epoch 0,  NE 0.793420, loss 0.455807, accuracy 78.760 %, best 78.776 %
Finished training it 116224/153485 of epoch 0, 13.27 ms/it, NE 0.806061, loss 0.451802
Testing at - 116224/153485 of epoch 0,  NE 0.794704, loss 0.456545, accuracy 78.754 %, best 78.776 %
Finished training it 116736/153485 of epoch 0, 13.80 ms/it, NE 0.806015, loss 0.452642
Testing at - 116736/153485 of epoch 0,  NE 0.794583, loss 0.456475, accuracy 78.744 %, best 78.776 %
Finished training it 117248/153485 of epoch 0, 13.88 ms/it, NE 0.805966, loss 0.451279
Testing at - 117248/153485 of epoch 0,  NE 0.793961, loss 0.456118, accuracy 78.737 %, best 78.776 %
Finished training it 117760/153485 of epoch 0, 14.67 ms/it, NE 0.805916, loss 0.451647
Testing at - 117760/153485 of epoch 0,  NE 0.793538, loss 0.455875, accuracy 78.790 %, best 78.790 %
Finished training it 118272/153485 of epoch 0, 14.45 ms/it, NE 0.805865, loss 0.453724
Testing at - 118272/153485 of epoch 0,  NE 0.794269, loss 0.456295, accuracy 78.753 %, best 78.790 %
Finished training it 118784/153485 of epoch 0, 17.96 ms/it, NE 0.805815, loss 0.450122
Testing at - 118784/153485 of epoch 0,  NE 0.801279, loss 0.460322, accuracy 78.396 %, best 78.790 %
Finished training it 119296/153485 of epoch 0, 16.34 ms/it, NE 0.805771, loss 0.451700
Testing at - 119296/153485 of epoch 0,  NE 0.794214, loss 0.456264, accuracy 78.787 %, best 78.790 %
Finished training it 119808/153485 of epoch 0, 16.35 ms/it, NE 0.805717, loss 0.454178
Testing at - 119808/153485 of epoch 0,  NE 0.793707, loss 0.455972, accuracy 78.764 %, best 78.790 %
Finished training it 120320/153485 of epoch 0, 14.82 ms/it, NE 0.805663, loss 0.450848
Testing at - 120320/153485 of epoch 0,  NE 0.795197, loss 0.456828, accuracy 78.731 %, best 78.790 %
Finished training it 120832/153485 of epoch 0, 14.24 ms/it, NE 0.805605, loss 0.448996
Testing at - 120832/153485 of epoch 0,  NE 0.794529, loss 0.456444, accuracy 78.728 %, best 78.790 %
Finished training it 121344/153485 of epoch 0, 13.24 ms/it, NE 0.805548, loss 0.450919
Testing at - 121344/153485 of epoch 0,  NE 0.794945, loss 0.456683, accuracy 78.731 %, best 78.790 %
Finished training it 121856/153485 of epoch 0, 14.11 ms/it, NE 0.805499, loss 0.450748
Testing at - 121856/153485 of epoch 0,  NE 0.793535, loss 0.455873, accuracy 78.744 %, best 78.790 %
Finished training it 122368/153485 of epoch 0, 15.27 ms/it, NE 0.805453, loss 0.451444
Testing at - 122368/153485 of epoch 0,  NE 0.793822, loss 0.456038, accuracy 78.753 %, best 78.790 %
Finished training it 122880/153485 of epoch 0, 14.38 ms/it, NE 0.805394, loss 0.450918
Testing at - 122880/153485 of epoch 0,  NE 0.795724, loss 0.457131, accuracy 78.734 %, best 78.790 %
Finished training it 123392/153485 of epoch 0, 14.25 ms/it, NE 0.805334, loss 0.449043
Testing at - 123392/153485 of epoch 0,  NE 0.793114, loss 0.455631, accuracy 78.771 %, best 78.790 %
Finished training it 123904/153485 of epoch 0, 14.69 ms/it, NE 0.805272, loss 0.448599
Testing at - 123904/153485 of epoch 0,  NE 0.793466, loss 0.455834, accuracy 78.781 %, best 78.790 %
Finished training it 124416/153485 of epoch 0, 14.23 ms/it, NE 0.805221, loss 0.450038
Testing at - 124416/153485 of epoch 0,  NE 0.793159, loss 0.455658, accuracy 78.803 %, best 78.803 %
Finished training it 124928/153485 of epoch 0, 14.91 ms/it, NE 0.805181, loss 0.452232
Testing at - 124928/153485 of epoch 0,  NE 0.795848, loss 0.457202, accuracy 78.678 %, best 78.803 %
Finished training it 125440/153485 of epoch 0, 14.99 ms/it, NE 0.805127, loss 0.450940
Testing at - 125440/153485 of epoch 0,  NE 0.794401, loss 0.456371, accuracy 78.749 %, best 78.803 %
Finished training it 125952/153485 of epoch 0, 15.83 ms/it, NE 0.805087, loss 0.451477
Testing at - 125952/153485 of epoch 0,  NE 0.794106, loss 0.456201, accuracy 78.761 %, best 78.803 %
Finished training it 126464/153485 of epoch 0, 16.04 ms/it, NE 0.805013, loss 0.448890
Testing at - 126464/153485 of epoch 0,  NE 0.793015, loss 0.455575, accuracy 78.803 %, best 78.803 %
Finished training it 126976/153485 of epoch 0, 16.22 ms/it, NE 0.804952, loss 0.449260
Testing at - 126976/153485 of epoch 0,  NE 0.792783, loss 0.455441, accuracy 78.774 %, best 78.803 %
Finished training it 127488/153485 of epoch 0, 15.46 ms/it, NE 0.804900, loss 0.450473
Testing at - 127488/153485 of epoch 0,  NE 0.794634, loss 0.456504, accuracy 78.741 %, best 78.803 %
Finished training it 128000/153485 of epoch 0, 15.75 ms/it, NE 0.804861, loss 0.452247
Testing at - 128000/153485 of epoch 0,  NE 0.794222, loss 0.456268, accuracy 78.770 %, best 78.803 %
Finished training it 128512/153485 of epoch 0, 16.39 ms/it, NE 0.804811, loss 0.450584
Testing at - 128512/153485 of epoch 0,  NE 0.794781, loss 0.456589, accuracy 78.771 %, best 78.803 %
Finished training it 129024/153485 of epoch 0, 15.67 ms/it, NE 0.804755, loss 0.449499
Testing at - 129024/153485 of epoch 0,  NE 0.794613, loss 0.456492, accuracy 78.738 %, best 78.803 %
Finished training it 129536/153485 of epoch 0, 14.10 ms/it, NE 0.804705, loss 0.448409
Testing at - 129536/153485 of epoch 0,  NE 0.794979, loss 0.456703, accuracy 78.753 %, best 78.803 %
Finished training it 130048/153485 of epoch 0, 16.15 ms/it, NE 0.804654, loss 0.449245
Testing at - 130048/153485 of epoch 0,  NE 0.793821, loss 0.456038, accuracy 78.775 %, best 78.803 %
Finished training it 130560/153485 of epoch 0, 15.52 ms/it, NE 0.804602, loss 0.451269
Testing at - 130560/153485 of epoch 0,  NE 0.793719, loss 0.455979, accuracy 78.783 %, best 78.803 %
Finished training it 131072/153485 of epoch 0, 15.04 ms/it, NE 0.804559, loss 0.450184
Testing at - 131072/153485 of epoch 0,  NE 0.796301, loss 0.457462, accuracy 78.666 %, best 78.803 %
Finished training it 131584/153485 of epoch 0, 15.37 ms/it, NE 0.804511, loss 0.451880
Testing at - 131584/153485 of epoch 0,  NE 0.796845, loss 0.457775, accuracy 78.674 %, best 78.803 %
Finished training it 132096/153485 of epoch 0, 15.57 ms/it, NE 0.804462, loss 0.451600
Testing at - 132096/153485 of epoch 0,  NE 0.793400, loss 0.455796, accuracy 78.791 %, best 78.803 %
Finished training it 132608/153485 of epoch 0, 15.15 ms/it, NE 0.804410, loss 0.448856
Testing at - 132608/153485 of epoch 0,  NE 0.792639, loss 0.455359, accuracy 78.800 %, best 78.803 %
Finished training it 133120/153485 of epoch 0, 14.82 ms/it, NE 0.804354, loss 0.449102
Testing at - 133120/153485 of epoch 0,  NE 0.795769, loss 0.457157, accuracy 78.795 %, best 78.803 %
Finished training it 133632/153485 of epoch 0, 14.88 ms/it, NE 0.804309, loss 0.452009
Testing at - 133632/153485 of epoch 0,  NE 0.802566, loss 0.461061, accuracy 78.344 %, best 78.803 %
Finished training it 134144/153485 of epoch 0, 22.33 ms/it, NE 0.804274, loss 0.451646
Testing at - 134144/153485 of epoch 0,  NE 0.796204, loss 0.457406, accuracy 78.722 %, best 78.803 %
Finished training it 134656/153485 of epoch 0, 17.29 ms/it, NE 0.804223, loss 0.448463
Testing at - 134656/153485 of epoch 0,  NE 0.798049, loss 0.458466, accuracy 78.695 %, best 78.803 %
Finished training it 135168/153485 of epoch 0, 15.31 ms/it, NE 0.804176, loss 0.451207
Testing at - 135168/153485 of epoch 0,  NE 0.792878, loss 0.455496, accuracy 78.810 %, best 78.810 %
Finished training it 135680/153485 of epoch 0, 13.48 ms/it, NE 0.804122, loss 0.447638
Testing at - 135680/153485 of epoch 0,  NE 0.792811, loss 0.455457, accuracy 78.795 %, best 78.810 %
Finished training it 136192/153485 of epoch 0, 15.35 ms/it, NE 0.804079, loss 0.450703
Testing at - 136192/153485 of epoch 0,  NE 0.798144, loss 0.458521, accuracy 78.579 %, best 78.810 %
Finished training it 136704/153485 of epoch 0, 15.77 ms/it, NE 0.804033, loss 0.449695
Testing at - 136704/153485 of epoch 0,  NE 0.793072, loss 0.455607, accuracy 78.801 %, best 78.810 %
Finished training it 137216/153485 of epoch 0, 15.19 ms/it, NE 0.803988, loss 0.450719
Testing at - 137216/153485 of epoch 0,  NE 0.793436, loss 0.455816, accuracy 78.800 %, best 78.810 %
Finished training it 137728/153485 of epoch 0, 14.34 ms/it, NE 0.803947, loss 0.451430
Testing at - 137728/153485 of epoch 0,  NE 0.794817, loss 0.456610, accuracy 78.780 %, best 78.810 %
Finished training it 138240/153485 of epoch 0, 14.06 ms/it, NE 0.803902, loss 0.450182
Testing at - 138240/153485 of epoch 0,  NE 0.793178, loss 0.455668, accuracy 78.802 %, best 78.810 %
Finished training it 138752/153485 of epoch 0, 15.12 ms/it, NE 0.803846, loss 0.447162
Testing at - 138752/153485 of epoch 0,  NE 0.793606, loss 0.455914, accuracy 78.793 %, best 78.810 %
Finished training it 139264/153485 of epoch 0, 14.36 ms/it, NE 0.803807, loss 0.453043
Testing at - 139264/153485 of epoch 0,  NE 0.794573, loss 0.456470, accuracy 78.694 %, best 78.810 %
Finished training it 139776/153485 of epoch 0, 16.14 ms/it, NE 0.803772, loss 0.452905
Testing at - 139776/153485 of epoch 0,  NE 0.792182, loss 0.455096, accuracy 78.829 %, best 78.829 %
Finished training it 140288/153485 of epoch 0, 14.31 ms/it, NE 0.803731, loss 0.450986
Testing at - 140288/153485 of epoch 0,  NE 0.792825, loss 0.455465, accuracy 78.803 %, best 78.829 %
Finished training it 140800/153485 of epoch 0, 13.79 ms/it, NE 0.803696, loss 0.448826
Testing at - 140800/153485 of epoch 0,  NE 0.794119, loss 0.456209, accuracy 78.752 %, best 78.829 %
Finished training it 141312/153485 of epoch 0, 13.33 ms/it, NE 0.803652, loss 0.448406
Testing at - 141312/153485 of epoch 0,  NE 0.792249, loss 0.455135, accuracy 78.816 %, best 78.829 %
Finished training it 141824/153485 of epoch 0, 13.99 ms/it, NE 0.803612, loss 0.450869
Testing at - 141824/153485 of epoch 0,  NE 0.793775, loss 0.456011, accuracy 78.773 %, best 78.829 %
Finished training it 142336/153485 of epoch 0, 14.30 ms/it, NE 0.803574, loss 0.449236
Testing at - 142336/153485 of epoch 0,  NE 0.793615, loss 0.455919, accuracy 78.754 %, best 78.829 %
Finished training it 142848/153485 of epoch 0, 13.90 ms/it, NE 0.803530, loss 0.449003
Testing at - 142848/153485 of epoch 0,  NE 0.793878, loss 0.456071, accuracy 78.768 %, best 78.829 %
Finished training it 143360/153485 of epoch 0, 14.49 ms/it, NE 0.803500, loss 0.451855
Testing at - 143360/153485 of epoch 0,  NE 0.792150, loss 0.455078, accuracy 78.832 %, best 78.832 %
Finished training it 143872/153485 of epoch 0, 14.87 ms/it, NE 0.803448, loss 0.447620
Testing at - 143872/153485 of epoch 0,  NE 0.792734, loss 0.455413, accuracy 78.839 %, best 78.839 %
Finished training it 144384/153485 of epoch 0, 16.47 ms/it, NE 0.803399, loss 0.448883
Testing at - 144384/153485 of epoch 0,  NE 0.797389, loss 0.458087, accuracy 78.607 %, best 78.839 %
Finished training it 144896/153485 of epoch 0, 17.48 ms/it, NE 0.803355, loss 0.448238
Testing at - 144896/153485 of epoch 0,  NE 0.792679, loss 0.455381, accuracy 78.799 %, best 78.839 %
Finished training it 145408/153485 of epoch 0, 16.17 ms/it, NE 0.803318, loss 0.451626
Testing at - 145408/153485 of epoch 0,  NE 0.792454, loss 0.455252, accuracy 78.827 %, best 78.839 %
Finished training it 145920/153485 of epoch 0, 16.11 ms/it, NE 0.803277, loss 0.447789
Testing at - 145920/153485 of epoch 0,  NE 0.795583, loss 0.457050, accuracy 78.744 %, best 78.839 %
Finished training it 146432/153485 of epoch 0, 16.90 ms/it, NE 0.803226, loss 0.450343
Testing at - 146432/153485 of epoch 0,  NE 0.792021, loss 0.455004, accuracy 78.826 %, best 78.839 %
Finished training it 146944/153485 of epoch 0, 15.41 ms/it, NE 0.803181, loss 0.450534
Testing at - 146944/153485 of epoch 0,  NE 0.794554, loss 0.456458, accuracy 78.753 %, best 78.839 %
Finished training it 147456/153485 of epoch 0, 14.99 ms/it, NE 0.803136, loss 0.449201
Testing at - 147456/153485 of epoch 0,  NE 0.792249, loss 0.455135, accuracy 78.842 %, best 78.842 %
Finished training it 147968/153485 of epoch 0, 18.25 ms/it, NE 0.803099, loss 0.449578
Testing at - 147968/153485 of epoch 0,  NE 0.792887, loss 0.455501, accuracy 78.788 %, best 78.842 %
Finished training it 148480/153485 of epoch 0, 14.62 ms/it, NE 0.803056, loss 0.450489
Testing at - 148480/153485 of epoch 0,  NE 0.792460, loss 0.455256, accuracy 78.806 %, best 78.842 %
Finished training it 148992/153485 of epoch 0, 15.86 ms/it, NE 0.803026, loss 0.452864
Testing at - 148992/153485 of epoch 0,  NE 0.792041, loss 0.455015, accuracy 78.818 %, best 78.842 %
Finished training it 149504/153485 of epoch 0, 17.26 ms/it, NE 0.802987, loss 0.452507
Testing at - 149504/153485 of epoch 0,  NE 0.792517, loss 0.455288, accuracy 78.822 %, best 78.842 %
Finished training it 150016/153485 of epoch 0, 15.47 ms/it, NE 0.802943, loss 0.449514
Testing at - 150016/153485 of epoch 0,  NE 0.792302, loss 0.455165, accuracy 78.814 %, best 78.842 %
Finished training it 150528/153485 of epoch 0, 15.91 ms/it, NE 0.802907, loss 0.448781
Testing at - 150528/153485 of epoch 0,  NE 0.792269, loss 0.455146, accuracy 78.827 %, best 78.842 %
Finished training it 151040/153485 of epoch 0, 13.42 ms/it, NE 0.802862, loss 0.448663
Testing at - 151040/153485 of epoch 0,  NE 0.792983, loss 0.455556, accuracy 78.760 %, best 78.842 %
Finished training it 151552/153485 of epoch 0, 15.10 ms/it, NE 0.802825, loss 0.450096
Testing at - 151552/153485 of epoch 0,  NE 0.797238, loss 0.458000, accuracy 78.678 %, best 78.842 %
Finished training it 152064/153485 of epoch 0, 16.12 ms/it, NE 0.802793, loss 0.450524
Testing at - 152064/153485 of epoch 0,  NE 0.792666, loss 0.455374, accuracy 78.814 %, best 78.842 %
Finished training it 152576/153485 of epoch 0, 17.96 ms/it, NE 0.802750, loss 0.447534
Testing at - 152576/153485 of epoch 0,  NE 0.793337, loss 0.455760, accuracy 78.747 %, best 78.842 %
Finished training it 153088/153485 of epoch 0, 17.90 ms/it, NE 0.802705, loss 0.449295
Testing at - 153088/153485 of epoch 0,  NE 0.791082, loss 0.454464, accuracy 78.847 %, best 78.847 %
Finished training it 153485/153485 of epoch 0, 19.62 ms/it, NE 0.802667, loss 0.450651
Testing at - 153485/153485 of epoch 0,  NE 0.792063, loss 0.455028, accuracy 78.814 %, best 78.847 %
