NCCL version 2.9.6+cudaCUDA_MAJOR.CUDA_MINOR
Unable to import mlperf_logging,  No module named 'mlperf_logging'
world size: 1, current rank: 0, local rank: 0
Using 2 GPU(s)...
Reading pre-processed data=./input/kaggleAdDisplayChallenge_processed.npz
Sparse fea = 26, Dense fea = 13
Defined train indices...
Randomized indices across days ...
Split data according to indices...
Reading pre-processed data=./input/kaggleAdDisplayChallenge_processed.npz
Sparse fea = 26, Dense fea = 13
Defined test indices...
Randomized indices across days ...
Split data according to indices...
DLRM_Net(
  (bot_l): Sequential(
    (0): Linear(in_features=13, out_features=512, bias=True)
    (1): ReLU()
    (2): Linear(in_features=512, out_features=256, bias=True)
    (3): ReLU()
    (4): Linear(in_features=256, out_features=64, bias=True)
    (5): ReLU()
    (6): Linear(in_features=64, out_features=16, bias=True)
    (7): ReLU()
  )
  (top_l): Sequential(
    (0): Linear(in_features=367, out_features=512, bias=True)
    (1): ReLU()
    (2): Linear(in_features=512, out_features=256, bias=True)
    (3): ReLU()
    (4): Linear(in_features=256, out_features=1, bias=True)
    (5): Sigmoid()
  )
  (loss_fn): BCELoss()
)
Random uniform embeddings init: 0 size: 1461 dim: 16
Random uniform embeddings init: 1 size: 584 dim: 16
Random uniform embeddings init: 2 size: 10131227 dim: 16
Random uniform embeddings init: 3 size: 2202608 dim: 16
Random uniform embeddings init: 4 size: 306 dim: 16
Random uniform embeddings init: 5 size: 24 dim: 16
Random uniform embeddings init: 6 size: 12518 dim: 16
Random uniform embeddings init: 7 size: 634 dim: 16
Random uniform embeddings init: 8 size: 4 dim: 16
Random uniform embeddings init: 9 size: 93146 dim: 16
Random uniform embeddings init: 10 size: 5684 dim: 16
Random uniform embeddings init: 11 size: 8351593 dim: 16
Random uniform embeddings init: 12 size: 3195 dim: 16
Random uniform embeddings init: 13 size: 28 dim: 16
Random uniform embeddings init: 14 size: 14993 dim: 16
Random uniform embeddings init: 15 size: 5461306 dim: 16
Random uniform embeddings init: 16 size: 11 dim: 16
Random uniform embeddings init: 17 size: 5653 dim: 16
Random uniform embeddings init: 18 size: 2173 dim: 16
Random uniform embeddings init: 19 size: 4 dim: 16
Random uniform embeddings init: 20 size: 7046547 dim: 16
Random uniform embeddings init: 21 size: 18 dim: 16
Random uniform embeddings init: 22 size: 16 dim: 16
Random uniform embeddings init: 23 size: 286181 dim: 16
Random uniform embeddings init: 24 size: 105 dim: 16
Random uniform embeddings init: 25 size: 142572 dim: 16
time/loss/accuracy (if enabled):
Finished training it 512/153485 of epoch 0, 28.70 ms/it, NE 0.946703, loss 0.538395
Testing at - 512/153485 of epoch 0,  NE 0.928791, loss 0.533576, accuracy 75.586 %, best 75.586 %
Finished training it 1024/153485 of epoch 0, 16.49 ms/it, NE 0.933224, loss 0.523254
Testing at - 1024/153485 of epoch 0,  NE 0.901110, loss 0.517674, accuracy 76.032 %, best 76.032 %
Finished training it 1536/153485 of epoch 0, 14.64 ms/it, NE 0.926085, loss 0.518299
Testing at - 1536/153485 of epoch 0,  NE 0.902916, loss 0.518711, accuracy 76.229 %, best 76.229 %
Finished training it 2048/153485 of epoch 0, 17.79 ms/it, NE 0.919727, loss 0.508874
Testing at - 2048/153485 of epoch 0,  NE 0.893400, loss 0.513244, accuracy 76.421 %, best 76.421 %
Finished training it 2560/153485 of epoch 0, 13.81 ms/it, NE 0.914816, loss 0.509086
Testing at - 2560/153485 of epoch 0,  NE 0.889082, loss 0.510764, accuracy 76.687 %, best 76.687 %
Finished training it 3072/153485 of epoch 0, 13.70 ms/it, NE 0.910723, loss 0.505733
Testing at - 3072/153485 of epoch 0,  NE 0.889088, loss 0.510767, accuracy 76.668 %, best 76.687 %
Finished training it 3584/153485 of epoch 0, 13.31 ms/it, NE 0.906979, loss 0.501357
Testing at - 3584/153485 of epoch 0,  NE 0.884014, loss 0.507852, accuracy 76.795 %, best 76.795 %
Finished training it 4096/153485 of epoch 0, 13.53 ms/it, NE 0.903339, loss 0.499641
Testing at - 4096/153485 of epoch 0,  NE 0.876182, loss 0.503352, accuracy 76.883 %, best 76.883 %
Finished training it 4608/153485 of epoch 0, 14.29 ms/it, NE 0.900336, loss 0.496918
Testing at - 4608/153485 of epoch 0,  NE 0.871063, loss 0.500412, accuracy 77.008 %, best 77.008 %
Finished training it 5120/153485 of epoch 0, 13.87 ms/it, NE 0.897228, loss 0.494579
Testing at - 5120/153485 of epoch 0,  NE 0.870167, loss 0.499897, accuracy 76.992 %, best 77.008 %
Finished training it 5632/153485 of epoch 0, 12.90 ms/it, NE 0.894355, loss 0.492168
Testing at - 5632/153485 of epoch 0,  NE 0.865098, loss 0.496985, accuracy 77.309 %, best 77.309 %
Finished training it 6144/153485 of epoch 0, 13.00 ms/it, NE 0.891616, loss 0.486422
Testing at - 6144/153485 of epoch 0,  NE 0.863877, loss 0.496283, accuracy 77.308 %, best 77.309 %
Finished training it 6656/153485 of epoch 0, 13.47 ms/it, NE 0.889417, loss 0.492006
Testing at - 6656/153485 of epoch 0,  NE 0.861525, loss 0.494933, accuracy 77.518 %, best 77.518 %
Finished training it 7168/153485 of epoch 0, 15.16 ms/it, NE 0.887175, loss 0.488124
Testing at - 7168/153485 of epoch 0,  NE 0.855096, loss 0.491239, accuracy 77.600 %, best 77.600 %
Finished training it 7680/153485 of epoch 0, 16.21 ms/it, NE 0.885119, loss 0.486388
Testing at - 7680/153485 of epoch 0,  NE 0.870712, loss 0.500210, accuracy 77.188 %, best 77.600 %
Finished training it 8192/153485 of epoch 0, 15.76 ms/it, NE 0.883156, loss 0.486592
Testing at - 8192/153485 of epoch 0,  NE 0.850714, loss 0.488722, accuracy 77.691 %, best 77.691 %
Finished training it 8704/153485 of epoch 0, 15.23 ms/it, NE 0.881204, loss 0.483920
Testing at - 8704/153485 of epoch 0,  NE 0.860442, loss 0.494310, accuracy 77.446 %, best 77.691 %
Finished training it 9216/153485 of epoch 0, 16.71 ms/it, NE 0.879638, loss 0.485440
Testing at - 9216/153485 of epoch 0,  NE 0.854180, loss 0.490713, accuracy 77.633 %, best 77.691 %
Finished training it 9728/153485 of epoch 0, 14.59 ms/it, NE 0.878051, loss 0.484029
Testing at - 9728/153485 of epoch 0,  NE 0.858520, loss 0.493206, accuracy 77.617 %, best 77.691 %
Finished training it 10240/153485 of epoch 0, 15.20 ms/it, NE 0.876784, loss 0.484077
Testing at - 10240/153485 of epoch 0,  NE 0.860107, loss 0.494118, accuracy 77.314 %, best 77.691 %
Finished training it 10752/153485 of epoch 0, 16.62 ms/it, NE 0.875529, loss 0.483219
Testing at - 10752/153485 of epoch 0,  NE 0.846849, loss 0.486501, accuracy 77.871 %, best 77.871 %
Finished training it 11264/153485 of epoch 0, 13.65 ms/it, NE 0.874295, loss 0.481613
Testing at - 11264/153485 of epoch 0,  NE 0.848404, loss 0.487395, accuracy 77.709 %, best 77.871 %
Finished training it 11776/153485 of epoch 0, 17.58 ms/it, NE 0.873167, loss 0.484423
Testing at - 11776/153485 of epoch 0,  NE 0.846627, loss 0.486374, accuracy 77.795 %, best 77.871 %
Finished training it 12288/153485 of epoch 0, 16.96 ms/it, NE 0.872066, loss 0.479738
Testing at - 12288/153485 of epoch 0,  NE 0.851098, loss 0.488942, accuracy 77.688 %, best 77.871 %
Finished training it 12800/153485 of epoch 0, 16.23 ms/it, NE 0.870831, loss 0.477754
Testing at - 12800/153485 of epoch 0,  NE 0.840868, loss 0.483065, accuracy 77.972 %, best 77.972 %
Finished training it 13312/153485 of epoch 0, 16.22 ms/it, NE 0.869754, loss 0.478650
Testing at - 13312/153485 of epoch 0,  NE 0.845588, loss 0.485777, accuracy 77.773 %, best 77.972 %
Finished training it 13824/153485 of epoch 0, 14.55 ms/it, NE 0.868658, loss 0.476611
Testing at - 13824/153485 of epoch 0,  NE 0.841410, loss 0.483377, accuracy 77.985 %, best 77.985 %
Finished training it 14336/153485 of epoch 0, 16.27 ms/it, NE 0.867803, loss 0.478623
Testing at - 14336/153485 of epoch 0,  NE 0.841318, loss 0.483324, accuracy 78.010 %, best 78.010 %
Finished training it 14848/153485 of epoch 0, 17.11 ms/it, NE 0.867066, loss 0.480162
Testing at - 14848/153485 of epoch 0,  NE 0.842382, loss 0.483935, accuracy 77.961 %, best 78.010 %
Finished training it 15360/153485 of epoch 0, 16.79 ms/it, NE 0.866237, loss 0.478469
Testing at - 15360/153485 of epoch 0,  NE 0.840861, loss 0.483061, accuracy 78.064 %, best 78.064 %
Finished training it 15872/153485 of epoch 0, 18.32 ms/it, NE 0.865464, loss 0.479434
Testing at - 15872/153485 of epoch 0,  NE 0.853756, loss 0.490469, accuracy 77.504 %, best 78.064 %
Finished training it 16384/153485 of epoch 0, 14.59 ms/it, NE 0.864660, loss 0.478823
Testing at - 16384/153485 of epoch 0,  NE 0.840334, loss 0.482759, accuracy 77.864 %, best 78.064 %
Finished training it 16896/153485 of epoch 0, 14.43 ms/it, NE 0.863823, loss 0.476350
Testing at - 16896/153485 of epoch 0,  NE 0.836430, loss 0.480516, accuracy 78.050 %, best 78.064 %
Finished training it 17408/153485 of epoch 0, 15.36 ms/it, NE 0.862990, loss 0.475151
Testing at - 17408/153485 of epoch 0,  NE 0.840172, loss 0.482666, accuracy 77.894 %, best 78.064 %
Finished training it 17920/153485 of epoch 0, 12.97 ms/it, NE 0.862410, loss 0.479670
Testing at - 17920/153485 of epoch 0,  NE 0.838253, loss 0.481563, accuracy 78.132 %, best 78.132 %
Finished training it 18432/153485 of epoch 0, 13.18 ms/it, NE 0.861702, loss 0.475828
Testing at - 18432/153485 of epoch 0,  NE 0.835782, loss 0.480144, accuracy 78.110 %, best 78.132 %
Finished training it 18944/153485 of epoch 0, 13.67 ms/it, NE 0.861061, loss 0.474926
Testing at - 18944/153485 of epoch 0,  NE 0.838873, loss 0.481919, accuracy 78.095 %, best 78.132 %
Finished training it 19456/153485 of epoch 0, 12.91 ms/it, NE 0.860511, loss 0.478020
Testing at - 19456/153485 of epoch 0,  NE 0.835897, loss 0.480210, accuracy 78.143 %, best 78.143 %
Finished training it 19968/153485 of epoch 0, 12.67 ms/it, NE 0.859929, loss 0.476240
Testing at - 19968/153485 of epoch 0,  NE 0.835321, loss 0.479879, accuracy 78.107 %, best 78.143 %
Finished training it 20480/153485 of epoch 0, 14.44 ms/it, NE 0.859318, loss 0.475977
Testing at - 20480/153485 of epoch 0,  NE 0.835766, loss 0.480134, accuracy 78.174 %, best 78.174 %
Finished training it 20992/153485 of epoch 0, 13.20 ms/it, NE 0.858750, loss 0.475075
Testing at - 20992/153485 of epoch 0,  NE 0.835526, loss 0.479997, accuracy 78.151 %, best 78.174 %
Finished training it 21504/153485 of epoch 0, 13.00 ms/it, NE 0.858249, loss 0.474871
Testing at - 21504/153485 of epoch 0,  NE 0.834447, loss 0.479377, accuracy 78.186 %, best 78.186 %
Finished training it 22016/153485 of epoch 0, 13.21 ms/it, NE 0.857758, loss 0.475533
Testing at - 22016/153485 of epoch 0,  NE 0.838086, loss 0.481467, accuracy 78.036 %, best 78.186 %
Finished training it 22528/153485 of epoch 0, 14.05 ms/it, NE 0.857300, loss 0.476268
Testing at - 22528/153485 of epoch 0,  NE 0.835619, loss 0.480050, accuracy 78.202 %, best 78.202 %
Finished training it 23040/153485 of epoch 0, 12.69 ms/it, NE 0.856763, loss 0.474518
Testing at - 23040/153485 of epoch 0,  NE 0.837661, loss 0.481223, accuracy 78.069 %, best 78.202 %
Finished training it 23552/153485 of epoch 0, 13.76 ms/it, NE 0.856366, loss 0.477273
Testing at - 23552/153485 of epoch 0,  NE 0.838037, loss 0.481439, accuracy 78.039 %, best 78.202 %
Finished training it 24064/153485 of epoch 0, 12.72 ms/it, NE 0.855997, loss 0.476296
Testing at - 24064/153485 of epoch 0,  NE 0.837925, loss 0.481375, accuracy 77.969 %, best 78.202 %
Finished training it 24576/153485 of epoch 0, 13.95 ms/it, NE 0.855532, loss 0.472002
Testing at - 24576/153485 of epoch 0,  NE 0.831555, loss 0.477715, accuracy 78.214 %, best 78.214 %
Finished training it 25088/153485 of epoch 0, 13.61 ms/it, NE 0.855045, loss 0.473292
Testing at - 25088/153485 of epoch 0,  NE 0.834695, loss 0.479519, accuracy 78.185 %, best 78.214 %
Finished training it 25600/153485 of epoch 0, 13.28 ms/it, NE 0.854634, loss 0.475611
Testing at - 25600/153485 of epoch 0,  NE 0.832848, loss 0.478458, accuracy 78.260 %, best 78.260 %
Finished training it 26112/153485 of epoch 0, 12.34 ms/it, NE 0.854200, loss 0.475417
Testing at - 26112/153485 of epoch 0,  NE 0.834692, loss 0.479517, accuracy 78.181 %, best 78.260 %
Finished training it 26624/153485 of epoch 0, 12.89 ms/it, NE 0.853811, loss 0.474692
Testing at - 26624/153485 of epoch 0,  NE 0.832965, loss 0.478525, accuracy 78.267 %, best 78.267 %
Finished training it 27136/153485 of epoch 0, 14.33 ms/it, NE 0.853434, loss 0.474577
Testing at - 27136/153485 of epoch 0,  NE 0.835005, loss 0.479697, accuracy 78.210 %, best 78.267 %
Finished training it 27648/153485 of epoch 0, 13.55 ms/it, NE 0.853047, loss 0.474200
Testing at - 27648/153485 of epoch 0,  NE 0.836138, loss 0.480348, accuracy 78.179 %, best 78.267 %
Finished training it 28160/153485 of epoch 0, 15.24 ms/it, NE 0.852718, loss 0.473078
Testing at - 28160/153485 of epoch 0,  NE 0.830682, loss 0.477214, accuracy 78.240 %, best 78.267 %
Finished training it 28672/153485 of epoch 0, 14.36 ms/it, NE 0.852339, loss 0.470953
Testing at - 28672/153485 of epoch 0,  NE 0.830424, loss 0.477066, accuracy 78.215 %, best 78.267 %
Finished training it 29184/153485 of epoch 0, 13.80 ms/it, NE 0.851908, loss 0.470482
Testing at - 29184/153485 of epoch 0,  NE 0.830176, loss 0.476923, accuracy 78.301 %, best 78.301 %
Finished training it 29696/153485 of epoch 0, 13.57 ms/it, NE 0.851540, loss 0.472559
Testing at - 29696/153485 of epoch 0,  NE 0.831241, loss 0.477535, accuracy 78.276 %, best 78.301 %
Finished training it 30208/153485 of epoch 0, 14.27 ms/it, NE 0.851218, loss 0.472351
Testing at - 30208/153485 of epoch 0,  NE 0.842393, loss 0.483941, accuracy 77.890 %, best 78.301 %
Finished training it 30720/153485 of epoch 0, 14.02 ms/it, NE 0.850888, loss 0.474760
Testing at - 30720/153485 of epoch 0,  NE 0.829986, loss 0.476814, accuracy 78.310 %, best 78.310 %
Finished training it 31232/153485 of epoch 0, 14.73 ms/it, NE 0.850595, loss 0.472970
Testing at - 31232/153485 of epoch 0,  NE 0.832325, loss 0.478157, accuracy 78.247 %, best 78.310 %
Finished training it 31744/153485 of epoch 0, 15.05 ms/it, NE 0.850240, loss 0.471813
Testing at - 31744/153485 of epoch 0,  NE 0.829568, loss 0.476573, accuracy 78.330 %, best 78.330 %
Finished training it 32256/153485 of epoch 0, 16.19 ms/it, NE 0.849954, loss 0.474231
Testing at - 32256/153485 of epoch 0,  NE 0.833534, loss 0.478852, accuracy 78.218 %, best 78.330 %
Finished training it 32768/153485 of epoch 0, 14.99 ms/it, NE 0.849709, loss 0.475441
Testing at - 32768/153485 of epoch 0,  NE 0.829617, loss 0.476602, accuracy 78.296 %, best 78.330 %
Finished training it 33280/153485 of epoch 0, 15.64 ms/it, NE 0.849428, loss 0.471684
Testing at - 33280/153485 of epoch 0,  NE 0.830146, loss 0.476906, accuracy 78.322 %, best 78.330 %
Finished training it 33792/153485 of epoch 0, 15.75 ms/it, NE 0.849099, loss 0.470806
Testing at - 33792/153485 of epoch 0,  NE 0.827883, loss 0.475606, accuracy 78.318 %, best 78.330 %
Finished training it 34304/153485 of epoch 0, 14.98 ms/it, NE 0.848774, loss 0.471301
Testing at - 34304/153485 of epoch 0,  NE 0.830858, loss 0.477315, accuracy 78.253 %, best 78.330 %
Finished training it 34816/153485 of epoch 0, 16.02 ms/it, NE 0.848481, loss 0.471354
Testing at - 34816/153485 of epoch 0,  NE 0.827611, loss 0.475449, accuracy 78.376 %, best 78.376 %
Finished training it 35328/153485 of epoch 0, 13.97 ms/it, NE 0.848200, loss 0.470667
Testing at - 35328/153485 of epoch 0,  NE 0.828815, loss 0.476141, accuracy 78.350 %, best 78.376 %
Finished training it 35840/153485 of epoch 0, 13.68 ms/it, NE 0.847995, loss 0.473536
Testing at - 35840/153485 of epoch 0,  NE 0.830717, loss 0.477234, accuracy 78.360 %, best 78.376 %
Finished training it 36352/153485 of epoch 0, 15.12 ms/it, NE 0.847702, loss 0.469337
Testing at - 36352/153485 of epoch 0,  NE 0.828325, loss 0.475860, accuracy 78.286 %, best 78.376 %
Finished training it 36864/153485 of epoch 0, 12.94 ms/it, NE 0.847443, loss 0.471523
Testing at - 36864/153485 of epoch 0,  NE 0.830398, loss 0.477050, accuracy 78.204 %, best 78.376 %
Finished training it 37376/153485 of epoch 0, 12.18 ms/it, NE 0.847171, loss 0.470524
Testing at - 37376/153485 of epoch 0,  NE 0.834747, loss 0.479549, accuracy 78.079 %, best 78.376 %
Finished training it 37888/153485 of epoch 0, 12.71 ms/it, NE 0.846902, loss 0.470304
Testing at - 37888/153485 of epoch 0,  NE 0.828990, loss 0.476242, accuracy 78.312 %, best 78.376 %
Finished training it 38400/153485 of epoch 0, 13.31 ms/it, NE 0.846662, loss 0.470542
Testing at - 38400/153485 of epoch 0,  NE 0.836107, loss 0.480330, accuracy 78.180 %, best 78.376 %
Finished training it 38912/153485 of epoch 0, 13.03 ms/it, NE 0.846441, loss 0.470563
Testing at - 38912/153485 of epoch 0,  NE 0.827594, loss 0.475440, accuracy 78.406 %, best 78.406 %
Finished training it 39424/153485 of epoch 0, 12.86 ms/it, NE 0.846201, loss 0.470457
Testing at - 39424/153485 of epoch 0,  NE 0.827828, loss 0.475574, accuracy 78.356 %, best 78.406 %
Finished training it 39936/153485 of epoch 0, 15.49 ms/it, NE 0.845959, loss 0.469918
Testing at - 39936/153485 of epoch 0,  NE 0.828028, loss 0.475689, accuracy 78.339 %, best 78.406 %
Finished training it 40448/153485 of epoch 0, 13.03 ms/it, NE 0.845716, loss 0.470225
Testing at - 40448/153485 of epoch 0,  NE 0.826623, loss 0.474882, accuracy 78.412 %, best 78.412 %
Finished training it 40960/153485 of epoch 0, 12.75 ms/it, NE 0.845506, loss 0.471324
Testing at - 40960/153485 of epoch 0,  NE 0.826008, loss 0.474529, accuracy 78.438 %, best 78.438 %
Finished training it 41472/153485 of epoch 0, 13.44 ms/it, NE 0.845310, loss 0.469747
Testing at - 41472/153485 of epoch 0,  NE 0.826109, loss 0.474587, accuracy 78.408 %, best 78.438 %
Finished training it 41984/153485 of epoch 0, 20.22 ms/it, NE 0.845088, loss 0.468823
Testing at - 41984/153485 of epoch 0,  NE 0.823041, loss 0.472824, accuracy 78.425 %, best 78.438 %
Finished training it 42496/153485 of epoch 0, 17.84 ms/it, NE 0.844831, loss 0.468660
Testing at - 42496/153485 of epoch 0,  NE 0.826455, loss 0.474785, accuracy 78.400 %, best 78.438 %
Finished training it 43008/153485 of epoch 0, 16.28 ms/it, NE 0.844638, loss 0.471645
Testing at - 43008/153485 of epoch 0,  NE 0.830283, loss 0.476985, accuracy 78.288 %, best 78.438 %
Finished training it 43520/153485 of epoch 0, 13.09 ms/it, NE 0.844407, loss 0.469694
Testing at - 43520/153485 of epoch 0,  NE 0.828006, loss 0.475676, accuracy 78.380 %, best 78.438 %
Finished training it 44032/153485 of epoch 0, 12.29 ms/it, NE 0.844199, loss 0.468443
Testing at - 44032/153485 of epoch 0,  NE 0.823239, loss 0.472938, accuracy 78.455 %, best 78.455 %
Finished training it 44544/153485 of epoch 0, 15.56 ms/it, NE 0.843959, loss 0.469812
Testing at - 44544/153485 of epoch 0,  NE 0.825692, loss 0.474347, accuracy 78.424 %, best 78.455 %
Finished training it 45056/153485 of epoch 0, 18.92 ms/it, NE 0.843748, loss 0.468566
Testing at - 45056/153485 of epoch 0,  NE 0.827838, loss 0.475580, accuracy 78.352 %, best 78.455 %
Finished training it 45568/153485 of epoch 0, 15.46 ms/it, NE 0.843539, loss 0.468505
Testing at - 45568/153485 of epoch 0,  NE 0.826845, loss 0.475010, accuracy 78.294 %, best 78.455 %
Finished training it 46080/153485 of epoch 0, 14.94 ms/it, NE 0.843341, loss 0.470740
Testing at - 46080/153485 of epoch 0,  NE 0.827348, loss 0.475298, accuracy 78.461 %, best 78.461 %
Finished training it 46592/153485 of epoch 0, 13.83 ms/it, NE 0.843160, loss 0.470720
Testing at - 46592/153485 of epoch 0,  NE 0.825310, loss 0.474127, accuracy 78.371 %, best 78.461 %
Finished training it 47104/153485 of epoch 0, 12.11 ms/it, NE 0.842976, loss 0.469014
Testing at - 47104/153485 of epoch 0,  NE 0.825340, loss 0.474145, accuracy 78.444 %, best 78.461 %
Finished training it 47616/153485 of epoch 0, 15.28 ms/it, NE 0.842759, loss 0.467438
Testing at - 47616/153485 of epoch 0,  NE 0.825178, loss 0.474052, accuracy 78.441 %, best 78.461 %
Finished training it 48128/153485 of epoch 0, 14.75 ms/it, NE 0.842534, loss 0.467999
Testing at - 48128/153485 of epoch 0,  NE 0.827851, loss 0.475588, accuracy 78.325 %, best 78.461 %
Finished training it 48640/153485 of epoch 0, 14.33 ms/it, NE 0.842334, loss 0.467329
Testing at - 48640/153485 of epoch 0,  NE 0.823621, loss 0.473157, accuracy 78.459 %, best 78.461 %
Finished training it 49152/153485 of epoch 0, 16.27 ms/it, NE 0.842134, loss 0.466796
Testing at - 49152/153485 of epoch 0,  NE 0.823484, loss 0.473078, accuracy 78.481 %, best 78.481 %
Finished training it 49664/153485 of epoch 0, 15.17 ms/it, NE 0.841968, loss 0.469019
Testing at - 49664/153485 of epoch 0,  NE 0.827625, loss 0.475457, accuracy 78.362 %, best 78.481 %
Finished training it 50176/153485 of epoch 0, 15.12 ms/it, NE 0.841785, loss 0.468999
Testing at - 50176/153485 of epoch 0,  NE 0.823360, loss 0.473007, accuracy 78.473 %, best 78.481 %
Finished training it 50688/153485 of epoch 0, 14.95 ms/it, NE 0.841568, loss 0.468299
Testing at - 50688/153485 of epoch 0,  NE 0.825017, loss 0.473959, accuracy 78.480 %, best 78.481 %
Finished training it 51200/153485 of epoch 0, 13.39 ms/it, NE 0.841390, loss 0.469171
Testing at - 51200/153485 of epoch 0,  NE 0.825153, loss 0.474037, accuracy 78.462 %, best 78.481 %
Finished training it 51712/153485 of epoch 0, 15.19 ms/it, NE 0.841227, loss 0.468941
Testing at - 51712/153485 of epoch 0,  NE 0.825985, loss 0.474515, accuracy 78.437 %, best 78.481 %
Finished training it 52224/153485 of epoch 0, 14.56 ms/it, NE 0.841073, loss 0.469183
Testing at - 52224/153485 of epoch 0,  NE 0.828720, loss 0.476086, accuracy 78.317 %, best 78.481 %
Finished training it 52736/153485 of epoch 0, 14.95 ms/it, NE 0.840956, loss 0.469350
Testing at - 52736/153485 of epoch 0,  NE 0.823790, loss 0.473254, accuracy 78.527 %, best 78.527 %
Finished training it 53248/153485 of epoch 0, 16.63 ms/it, NE 0.840796, loss 0.467320
Testing at - 53248/153485 of epoch 0,  NE 0.828343, loss 0.475870, accuracy 78.330 %, best 78.527 %
Finished training it 53760/153485 of epoch 0, 14.41 ms/it, NE 0.840618, loss 0.467234
Testing at - 53760/153485 of epoch 0,  NE 0.825543, loss 0.474262, accuracy 78.388 %, best 78.527 %
Finished training it 54272/153485 of epoch 0, 13.78 ms/it, NE 0.840424, loss 0.467439
Testing at - 54272/153485 of epoch 0,  NE 0.821669, loss 0.472036, accuracy 78.518 %, best 78.527 %
Finished training it 54784/153485 of epoch 0, 16.89 ms/it, NE 0.840237, loss 0.467097
Testing at - 54784/153485 of epoch 0,  NE 0.822391, loss 0.472450, accuracy 78.497 %, best 78.527 %
Finished training it 55296/153485 of epoch 0, 14.91 ms/it, NE 0.840096, loss 0.468200
Testing at - 55296/153485 of epoch 0,  NE 0.821863, loss 0.472147, accuracy 78.520 %, best 78.527 %
Finished training it 55808/153485 of epoch 0, 13.85 ms/it, NE 0.839964, loss 0.470295
Testing at - 55808/153485 of epoch 0,  NE 0.824075, loss 0.473418, accuracy 78.471 %, best 78.527 %
Finished training it 56320/153485 of epoch 0, 14.87 ms/it, NE 0.839829, loss 0.469406
Testing at - 56320/153485 of epoch 0,  NE 0.824456, loss 0.473637, accuracy 78.471 %, best 78.527 %
Finished training it 56832/153485 of epoch 0, 16.58 ms/it, NE 0.839684, loss 0.469246
Testing at - 56832/153485 of epoch 0,  NE 0.822609, loss 0.472576, accuracy 78.535 %, best 78.535 %
Finished training it 57344/153485 of epoch 0, 13.97 ms/it, NE 0.839543, loss 0.467081
Testing at - 57344/153485 of epoch 0,  NE 0.824155, loss 0.473464, accuracy 78.418 %, best 78.535 %
Finished training it 57856/153485 of epoch 0, 13.80 ms/it, NE 0.839354, loss 0.465857
Testing at - 57856/153485 of epoch 0,  NE 0.825440, loss 0.474202, accuracy 78.423 %, best 78.535 %
Finished training it 58368/153485 of epoch 0, 15.45 ms/it, NE 0.839244, loss 0.468975
Testing at - 58368/153485 of epoch 0,  NE 0.823933, loss 0.473336, accuracy 78.519 %, best 78.535 %
Finished training it 58880/153485 of epoch 0, 16.36 ms/it, NE 0.839072, loss 0.466217
Testing at - 58880/153485 of epoch 0,  NE 0.821049, loss 0.471680, accuracy 78.524 %, best 78.535 %
Finished training it 59392/153485 of epoch 0, 17.11 ms/it, NE 0.838927, loss 0.468329
Testing at - 59392/153485 of epoch 0,  NE 0.826470, loss 0.474794, accuracy 78.293 %, best 78.535 %
Finished training it 59904/153485 of epoch 0, 17.24 ms/it, NE 0.838777, loss 0.470051
Testing at - 59904/153485 of epoch 0,  NE 0.828717, loss 0.476085, accuracy 78.248 %, best 78.535 %
Finished training it 60416/153485 of epoch 0, 16.66 ms/it, NE 0.838620, loss 0.464422
Testing at - 60416/153485 of epoch 0,  NE 0.821233, loss 0.471785, accuracy 78.527 %, best 78.535 %
Finished training it 60928/153485 of epoch 0, 15.76 ms/it, NE 0.838470, loss 0.466742
Testing at - 60928/153485 of epoch 0,  NE 0.822861, loss 0.472721, accuracy 78.498 %, best 78.535 %
Finished training it 61440/153485 of epoch 0, 16.40 ms/it, NE 0.838317, loss 0.467145
Testing at - 61440/153485 of epoch 0,  NE 0.820339, loss 0.471271, accuracy 78.541 %, best 78.541 %
Finished training it 61952/153485 of epoch 0, 15.33 ms/it, NE 0.838196, loss 0.469659
Testing at - 61952/153485 of epoch 0,  NE 0.822025, loss 0.472241, accuracy 78.588 %, best 78.588 %
Finished training it 62464/153485 of epoch 0, 15.78 ms/it, NE 0.838062, loss 0.466526
Testing at - 62464/153485 of epoch 0,  NE 0.821160, loss 0.471744, accuracy 78.490 %, best 78.588 %
Finished training it 62976/153485 of epoch 0, 13.60 ms/it, NE 0.837915, loss 0.468029
Testing at - 62976/153485 of epoch 0,  NE 0.821905, loss 0.472171, accuracy 78.447 %, best 78.588 %
Finished training it 63488/153485 of epoch 0, 12.93 ms/it, NE 0.837803, loss 0.469400
Testing at - 63488/153485 of epoch 0,  NE 0.821507, loss 0.471943, accuracy 78.521 %, best 78.588 %
Finished training it 64000/153485 of epoch 0, 12.91 ms/it, NE 0.837668, loss 0.465790
Testing at - 64000/153485 of epoch 0,  NE 0.820231, loss 0.471209, accuracy 78.551 %, best 78.588 %
Finished training it 64512/153485 of epoch 0, 13.62 ms/it, NE 0.837544, loss 0.467514
Testing at - 64512/153485 of epoch 0,  NE 0.821657, loss 0.472029, accuracy 78.517 %, best 78.588 %
Finished training it 65024/153485 of epoch 0, 14.50 ms/it, NE 0.837432, loss 0.469513
Testing at - 65024/153485 of epoch 0,  NE 0.822968, loss 0.472782, accuracy 78.531 %, best 78.588 %
Finished training it 65536/153485 of epoch 0, 13.77 ms/it, NE 0.837329, loss 0.468480
Testing at - 65536/153485 of epoch 0,  NE 0.821329, loss 0.471841, accuracy 78.565 %, best 78.588 %
Finished training it 66048/153485 of epoch 0, 13.06 ms/it, NE 0.837203, loss 0.467985
Testing at - 66048/153485 of epoch 0,  NE 0.823124, loss 0.472872, accuracy 78.536 %, best 78.588 %
Finished training it 66560/153485 of epoch 0, 13.20 ms/it, NE 0.837069, loss 0.465917
Testing at - 66560/153485 of epoch 0,  NE 0.824235, loss 0.473510, accuracy 78.494 %, best 78.588 %
Finished training it 67072/153485 of epoch 0, 13.70 ms/it, NE 0.836923, loss 0.465924
Testing at - 67072/153485 of epoch 0,  NE 0.821509, loss 0.471944, accuracy 78.590 %, best 78.590 %
Finished training it 67584/153485 of epoch 0, 13.14 ms/it, NE 0.836793, loss 0.464528
Testing at - 67584/153485 of epoch 0,  NE 0.818378, loss 0.470145, accuracy 78.626 %, best 78.626 %
Finished training it 68096/153485 of epoch 0, 13.02 ms/it, NE 0.836677, loss 0.466791
Testing at - 68096/153485 of epoch 0,  NE 0.823030, loss 0.472818, accuracy 78.504 %, best 78.626 %
Finished training it 68608/153485 of epoch 0, 16.76 ms/it, NE 0.836552, loss 0.466428
Testing at - 68608/153485 of epoch 0,  NE 0.821277, loss 0.471811, accuracy 78.589 %, best 78.626 %
Finished training it 69120/153485 of epoch 0, 12.93 ms/it, NE 0.836436, loss 0.468242
Testing at - 69120/153485 of epoch 0,  NE 0.819600, loss 0.470847, accuracy 78.584 %, best 78.626 %
Finished training it 69632/153485 of epoch 0, 13.03 ms/it, NE 0.836327, loss 0.466839
Testing at - 69632/153485 of epoch 0,  NE 0.822246, loss 0.472367, accuracy 78.497 %, best 78.626 %
Finished training it 70144/153485 of epoch 0, 13.74 ms/it, NE 0.836170, loss 0.463558
Testing at - 70144/153485 of epoch 0,  NE 0.821124, loss 0.471723, accuracy 78.538 %, best 78.626 %
Finished training it 70656/153485 of epoch 0, 14.96 ms/it, NE 0.836062, loss 0.465868
Testing at - 70656/153485 of epoch 0,  NE 0.819871, loss 0.471003, accuracy 78.578 %, best 78.626 %
Finished training it 71168/153485 of epoch 0, 16.18 ms/it, NE 0.835930, loss 0.463659
Testing at - 71168/153485 of epoch 0,  NE 0.819341, loss 0.470698, accuracy 78.558 %, best 78.626 %
Finished training it 71680/153485 of epoch 0, 15.73 ms/it, NE 0.835817, loss 0.464932
Testing at - 71680/153485 of epoch 0,  NE 0.832771, loss 0.478414, accuracy 77.987 %, best 78.626 %
Finished training it 72192/153485 of epoch 0, 15.86 ms/it, NE 0.835715, loss 0.465954
Testing at - 72192/153485 of epoch 0,  NE 0.818927, loss 0.470460, accuracy 78.620 %, best 78.626 %
Finished training it 72704/153485 of epoch 0, 12.69 ms/it, NE 0.835596, loss 0.468306
Testing at - 72704/153485 of epoch 0,  NE 0.824911, loss 0.473898, accuracy 78.504 %, best 78.626 %
Finished training it 73216/153485 of epoch 0, 12.88 ms/it, NE 0.835476, loss 0.464645
Testing at - 73216/153485 of epoch 0,  NE 0.818222, loss 0.470056, accuracy 78.620 %, best 78.626 %
Finished training it 73728/153485 of epoch 0, 11.81 ms/it, NE 0.835362, loss 0.464725
Testing at - 73728/153485 of epoch 0,  NE 0.822460, loss 0.472490, accuracy 78.474 %, best 78.626 %
Finished training it 74240/153485 of epoch 0, 12.70 ms/it, NE 0.835227, loss 0.463554
Testing at - 74240/153485 of epoch 0,  NE 0.817967, loss 0.469909, accuracy 78.603 %, best 78.626 %
Finished training it 74752/153485 of epoch 0, 12.27 ms/it, NE 0.835095, loss 0.463784
Testing at - 74752/153485 of epoch 0,  NE 0.819724, loss 0.470918, accuracy 78.568 %, best 78.626 %
Finished training it 75264/153485 of epoch 0, 13.24 ms/it, NE 0.835003, loss 0.465669
Testing at - 75264/153485 of epoch 0,  NE 0.818288, loss 0.470094, accuracy 78.581 %, best 78.626 %
Finished training it 75776/153485 of epoch 0, 12.69 ms/it, NE 0.834863, loss 0.461848
Testing at - 75776/153485 of epoch 0,  NE 0.825370, loss 0.474162, accuracy 78.311 %, best 78.626 %
Finished training it 76288/153485 of epoch 0, 13.26 ms/it, NE 0.834739, loss 0.462914
Testing at - 76288/153485 of epoch 0,  NE 0.818102, loss 0.469986, accuracy 78.582 %, best 78.626 %
Finished training it 76800/153485 of epoch 0, 14.85 ms/it, NE 0.834632, loss 0.465731
Testing at - 76800/153485 of epoch 0,  NE 0.820706, loss 0.471482, accuracy 78.480 %, best 78.626 %
Finished training it 77312/153485 of epoch 0, 16.27 ms/it, NE 0.834517, loss 0.464267
Testing at - 77312/153485 of epoch 0,  NE 0.818744, loss 0.470355, accuracy 78.616 %, best 78.626 %
Finished training it 77824/153485 of epoch 0, 15.98 ms/it, NE 0.834416, loss 0.464859
Testing at - 77824/153485 of epoch 0,  NE 0.818738, loss 0.470352, accuracy 78.573 %, best 78.626 %
Finished training it 78336/153485 of epoch 0, 15.00 ms/it, NE 0.834303, loss 0.464377
Testing at - 78336/153485 of epoch 0,  NE 0.817361, loss 0.469561, accuracy 78.616 %, best 78.626 %
Finished training it 78848/153485 of epoch 0, 14.44 ms/it, NE 0.834190, loss 0.462383
Testing at - 78848/153485 of epoch 0,  NE 0.817426, loss 0.469598, accuracy 78.647 %, best 78.647 %
Finished training it 79360/153485 of epoch 0, 15.09 ms/it, NE 0.834073, loss 0.465166
Testing at - 79360/153485 of epoch 0,  NE 0.819661, loss 0.470882, accuracy 78.587 %, best 78.647 %
Finished training it 79872/153485 of epoch 0, 15.35 ms/it, NE 0.833974, loss 0.465233
Testing at - 79872/153485 of epoch 0,  NE 0.824007, loss 0.473379, accuracy 78.522 %, best 78.647 %
Finished training it 80384/153485 of epoch 0, 16.27 ms/it, NE 0.833885, loss 0.465609
Testing at - 80384/153485 of epoch 0,  NE 0.818736, loss 0.470351, accuracy 78.637 %, best 78.647 %
Finished training it 80896/153485 of epoch 0, 15.71 ms/it, NE 0.833804, loss 0.466691
Testing at - 80896/153485 of epoch 0,  NE 0.819100, loss 0.470560, accuracy 78.604 %, best 78.647 %
Finished training it 81408/153485 of epoch 0, 16.08 ms/it, NE 0.833729, loss 0.466819
Testing at - 81408/153485 of epoch 0,  NE 0.822844, loss 0.472711, accuracy 78.460 %, best 78.647 %
Finished training it 81920/153485 of epoch 0, 18.00 ms/it, NE 0.833641, loss 0.467006
Testing at - 81920/153485 of epoch 0,  NE 0.821210, loss 0.471772, accuracy 78.573 %, best 78.647 %
Finished training it 82432/153485 of epoch 0, 13.71 ms/it, NE 0.833565, loss 0.465545
Testing at - 82432/153485 of epoch 0,  NE 0.820249, loss 0.471220, accuracy 78.578 %, best 78.647 %
Finished training it 82944/153485 of epoch 0, 16.75 ms/it, NE 0.833481, loss 0.465958
Testing at - 82944/153485 of epoch 0,  NE 0.820570, loss 0.471404, accuracy 78.618 %, best 78.647 %
Finished training it 83456/153485 of epoch 0, 16.28 ms/it, NE 0.833403, loss 0.467808
Testing at - 83456/153485 of epoch 0,  NE 0.821392, loss 0.471877, accuracy 78.512 %, best 78.647 %
Finished training it 83968/153485 of epoch 0, 13.92 ms/it, NE 0.833329, loss 0.466934
Testing at - 83968/153485 of epoch 0,  NE 0.819632, loss 0.470865, accuracy 78.655 %, best 78.655 %
Finished training it 84480/153485 of epoch 0, 14.07 ms/it, NE 0.833231, loss 0.463848
Testing at - 84480/153485 of epoch 0,  NE 0.817670, loss 0.469738, accuracy 78.633 %, best 78.655 %
Finished training it 84992/153485 of epoch 0, 16.58 ms/it, NE 0.833139, loss 0.465278
Testing at - 84992/153485 of epoch 0,  NE 0.818380, loss 0.470146, accuracy 78.580 %, best 78.655 %
Finished training it 85504/153485 of epoch 0, 15.51 ms/it, NE 0.833027, loss 0.461577
Testing at - 85504/153485 of epoch 0,  NE 0.819843, loss 0.470987, accuracy 78.542 %, best 78.655 %
Finished training it 86016/153485 of epoch 0, 15.15 ms/it, NE 0.832938, loss 0.463689
Testing at - 86016/153485 of epoch 0,  NE 0.817397, loss 0.469581, accuracy 78.636 %, best 78.655 %
Finished training it 86528/153485 of epoch 0, 15.63 ms/it, NE 0.832855, loss 0.466328
Testing at - 86528/153485 of epoch 0,  NE 0.818111, loss 0.469992, accuracy 78.641 %, best 78.655 %
Finished training it 87040/153485 of epoch 0, 15.34 ms/it, NE 0.832757, loss 0.464113
Testing at - 87040/153485 of epoch 0,  NE 0.818746, loss 0.470357, accuracy 78.648 %, best 78.655 %
Finished training it 87552/153485 of epoch 0, 16.64 ms/it, NE 0.832662, loss 0.464188
Testing at - 87552/153485 of epoch 0,  NE 0.818697, loss 0.470328, accuracy 78.617 %, best 78.655 %
Finished training it 88064/153485 of epoch 0, 14.15 ms/it, NE 0.832575, loss 0.464249
Testing at - 88064/153485 of epoch 0,  NE 0.816529, loss 0.469083, accuracy 78.652 %, best 78.655 %
Finished training it 88576/153485 of epoch 0, 14.17 ms/it, NE 0.832456, loss 0.460941
Testing at - 88576/153485 of epoch 0,  NE 0.819645, loss 0.470873, accuracy 78.575 %, best 78.655 %
Finished training it 89088/153485 of epoch 0, 15.92 ms/it, NE 0.832365, loss 0.463467
Testing at - 89088/153485 of epoch 0,  NE 0.819557, loss 0.470823, accuracy 78.545 %, best 78.655 %
Finished training it 89600/153485 of epoch 0, 15.34 ms/it, NE 0.832271, loss 0.463575
Testing at - 89600/153485 of epoch 0,  NE 0.817624, loss 0.469712, accuracy 78.627 %, best 78.655 %
Finished training it 90112/153485 of epoch 0, 17.87 ms/it, NE 0.832191, loss 0.465014
Testing at - 90112/153485 of epoch 0,  NE 0.817801, loss 0.469814, accuracy 78.636 %, best 78.655 %
Finished training it 90624/153485 of epoch 0, 14.87 ms/it, NE 0.832121, loss 0.465765
Testing at - 90624/153485 of epoch 0,  NE 0.817244, loss 0.469494, accuracy 78.673 %, best 78.673 %
Finished training it 91136/153485 of epoch 0, 18.04 ms/it, NE 0.832052, loss 0.466430
Testing at - 91136/153485 of epoch 0,  NE 0.822336, loss 0.472419, accuracy 78.507 %, best 78.673 %
Finished training it 91648/153485 of epoch 0, 16.94 ms/it, NE 0.831975, loss 0.464532
Testing at - 91648/153485 of epoch 0,  NE 0.815737, loss 0.468628, accuracy 78.692 %, best 78.692 %
Finished training it 92160/153485 of epoch 0, 14.33 ms/it, NE 0.831893, loss 0.464509
Testing at - 92160/153485 of epoch 0,  NE 0.817120, loss 0.469422, accuracy 78.677 %, best 78.692 %
Finished training it 92672/153485 of epoch 0, 16.64 ms/it, NE 0.831824, loss 0.466545
Testing at - 92672/153485 of epoch 0,  NE 0.817942, loss 0.469895, accuracy 78.678 %, best 78.692 %
Finished training it 93184/153485 of epoch 0, 13.87 ms/it, NE 0.831746, loss 0.464286
Testing at - 93184/153485 of epoch 0,  NE 0.818623, loss 0.470286, accuracy 78.584 %, best 78.692 %
Finished training it 93696/153485 of epoch 0, 12.32 ms/it, NE 0.831658, loss 0.465005
Testing at - 93696/153485 of epoch 0,  NE 0.819166, loss 0.470598, accuracy 78.658 %, best 78.692 %
Finished training it 94208/153485 of epoch 0, 13.00 ms/it, NE 0.831573, loss 0.462717
Testing at - 94208/153485 of epoch 0,  NE 0.817727, loss 0.469771, accuracy 78.536 %, best 78.692 %
Finished training it 94720/153485 of epoch 0, 13.64 ms/it, NE 0.831512, loss 0.467578
Testing at - 94720/153485 of epoch 0,  NE 0.818247, loss 0.470070, accuracy 78.656 %, best 78.692 %
Finished training it 95232/153485 of epoch 0, 18.06 ms/it, NE 0.831463, loss 0.465270
Testing at - 95232/153485 of epoch 0,  NE 0.816755, loss 0.469213, accuracy 78.684 %, best 78.692 %
Finished training it 95744/153485 of epoch 0, 11.86 ms/it, NE 0.831390, loss 0.463778
Testing at - 95744/153485 of epoch 0,  NE 0.816195, loss 0.468891, accuracy 78.681 %, best 78.692 %
Finished training it 96256/153485 of epoch 0, 14.07 ms/it, NE 0.831298, loss 0.461098
Testing at - 96256/153485 of epoch 0,  NE 0.815889, loss 0.468715, accuracy 78.699 %, best 78.699 %
Finished training it 96768/153485 of epoch 0, 14.84 ms/it, NE 0.831219, loss 0.464517
Testing at - 96768/153485 of epoch 0,  NE 0.816625, loss 0.469138, accuracy 78.699 %, best 78.699 %
Finished training it 97280/153485 of epoch 0, 14.02 ms/it, NE 0.831136, loss 0.464205
Testing at - 97280/153485 of epoch 0,  NE 0.818513, loss 0.470223, accuracy 78.604 %, best 78.699 %
Finished training it 97792/153485 of epoch 0, 17.15 ms/it, NE 0.831064, loss 0.466520
Testing at - 97792/153485 of epoch 0,  NE 0.817207, loss 0.469472, accuracy 78.695 %, best 78.699 %
Finished training it 98304/153485 of epoch 0, 17.26 ms/it, NE 0.830988, loss 0.464681
Testing at - 98304/153485 of epoch 0,  NE 0.818487, loss 0.470208, accuracy 78.647 %, best 78.699 %
Finished training it 98816/153485 of epoch 0, 13.09 ms/it, NE 0.830903, loss 0.464606
Testing at - 98816/153485 of epoch 0,  NE 0.817774, loss 0.469798, accuracy 78.671 %, best 78.699 %
Finished training it 99328/153485 of epoch 0, 12.49 ms/it, NE 0.830826, loss 0.464359
Testing at - 99328/153485 of epoch 0,  NE 0.815602, loss 0.468551, accuracy 78.673 %, best 78.699 %
Finished training it 99840/153485 of epoch 0, 12.66 ms/it, NE 0.830759, loss 0.465979
Testing at - 99840/153485 of epoch 0,  NE 0.817262, loss 0.469504, accuracy 78.680 %, best 78.699 %
Finished training it 100352/153485 of epoch 0, 13.13 ms/it, NE 0.830694, loss 0.464559
Testing at - 100352/153485 of epoch 0,  NE 0.822198, loss 0.472340, accuracy 78.419 %, best 78.699 %
Finished training it 100864/153485 of epoch 0, 12.98 ms/it, NE 0.830629, loss 0.464623
Testing at - 100864/153485 of epoch 0,  NE 0.818220, loss 0.470054, accuracy 78.605 %, best 78.699 %
Finished training it 101376/153485 of epoch 0, 13.87 ms/it, NE 0.830561, loss 0.463030
Testing at - 101376/153485 of epoch 0,  NE 0.815924, loss 0.468736, accuracy 78.687 %, best 78.699 %
Finished training it 101888/153485 of epoch 0, 13.44 ms/it, NE 0.830483, loss 0.462414
Testing at - 101888/153485 of epoch 0,  NE 0.815978, loss 0.468766, accuracy 78.711 %, best 78.711 %
Finished training it 102400/153485 of epoch 0, 12.68 ms/it, NE 0.830395, loss 0.461598
Testing at - 102400/153485 of epoch 0,  NE 0.816245, loss 0.468920, accuracy 78.672 %, best 78.711 %
Finished training it 102912/153485 of epoch 0, 14.07 ms/it, NE 0.830333, loss 0.463942
Testing at - 102912/153485 of epoch 0,  NE 0.819187, loss 0.470610, accuracy 78.567 %, best 78.711 %
Finished training it 103424/153485 of epoch 0, 13.23 ms/it, NE 0.830266, loss 0.461492
Testing at - 103424/153485 of epoch 0,  NE 0.815536, loss 0.468513, accuracy 78.681 %, best 78.711 %
Finished training it 103936/153485 of epoch 0, 12.97 ms/it, NE 0.830190, loss 0.463036
Testing at - 103936/153485 of epoch 0,  NE 0.817214, loss 0.469477, accuracy 78.624 %, best 78.711 %
Finished training it 104448/153485 of epoch 0, 13.61 ms/it, NE 0.830120, loss 0.464973
Testing at - 104448/153485 of epoch 0,  NE 0.815631, loss 0.468567, accuracy 78.712 %, best 78.712 %
Finished training it 104960/153485 of epoch 0, 15.39 ms/it, NE 0.830041, loss 0.462656
Testing at - 104960/153485 of epoch 0,  NE 0.817014, loss 0.469361, accuracy 78.653 %, best 78.712 %
Finished training it 105472/153485 of epoch 0, 12.86 ms/it, NE 0.829966, loss 0.464154
Testing at - 105472/153485 of epoch 0,  NE 0.816209, loss 0.468899, accuracy 78.625 %, best 78.712 %
Finished training it 105984/153485 of epoch 0, 14.02 ms/it, NE 0.829885, loss 0.461799
Testing at - 105984/153485 of epoch 0,  NE 0.813947, loss 0.467599, accuracy 78.705 %, best 78.712 %
Finished training it 106496/153485 of epoch 0, 13.21 ms/it, NE 0.829808, loss 0.461145
Testing at - 106496/153485 of epoch 0,  NE 0.818759, loss 0.470364, accuracy 78.622 %, best 78.712 %
Finished training it 107008/153485 of epoch 0, 13.13 ms/it, NE 0.829731, loss 0.463369
Testing at - 107008/153485 of epoch 0,  NE 0.813969, loss 0.467612, accuracy 78.718 %, best 78.718 %
Finished training it 107520/153485 of epoch 0, 16.53 ms/it, NE 0.829660, loss 0.462310
Testing at - 107520/153485 of epoch 0,  NE 0.817479, loss 0.469629, accuracy 78.655 %, best 78.718 %
Finished training it 108032/153485 of epoch 0, 13.04 ms/it, NE 0.829567, loss 0.461555
Testing at - 108032/153485 of epoch 0,  NE 0.814580, loss 0.467963, accuracy 78.697 %, best 78.718 %
Finished training it 108544/153485 of epoch 0, 13.23 ms/it, NE 0.829497, loss 0.462817
Testing at - 108544/153485 of epoch 0,  NE 0.815638, loss 0.468571, accuracy 78.697 %, best 78.718 %
Finished training it 109056/153485 of epoch 0, 14.14 ms/it, NE 0.829433, loss 0.463142
Testing at - 109056/153485 of epoch 0,  NE 0.819538, loss 0.470811, accuracy 78.504 %, best 78.718 %
Finished training it 109568/153485 of epoch 0, 12.75 ms/it, NE 0.829360, loss 0.462825
Testing at - 109568/153485 of epoch 0,  NE 0.815937, loss 0.468743, accuracy 78.699 %, best 78.718 %
Finished training it 110080/153485 of epoch 0, 14.52 ms/it, NE 0.829283, loss 0.461802
Testing at - 110080/153485 of epoch 0,  NE 0.814406, loss 0.467864, accuracy 78.723 %, best 78.723 %
Finished training it 110592/153485 of epoch 0, 13.77 ms/it, NE 0.829203, loss 0.460567
Testing at - 110592/153485 of epoch 0,  NE 0.817258, loss 0.469502, accuracy 78.605 %, best 78.723 %
Finished training it 111104/153485 of epoch 0, 15.89 ms/it, NE 0.829141, loss 0.464100
Testing at - 111104/153485 of epoch 0,  NE 0.814124, loss 0.467701, accuracy 78.742 %, best 78.742 %
Finished training it 111616/153485 of epoch 0, 16.75 ms/it, NE 0.829063, loss 0.463739
Testing at - 111616/153485 of epoch 0,  NE 0.819465, loss 0.470770, accuracy 78.625 %, best 78.742 %
Finished training it 112128/153485 of epoch 0, 16.18 ms/it, NE 0.829006, loss 0.464407
Testing at - 112128/153485 of epoch 0,  NE 0.814424, loss 0.467874, accuracy 78.719 %, best 78.742 %
Finished training it 112640/153485 of epoch 0, 14.35 ms/it, NE 0.828939, loss 0.464942
Testing at - 112640/153485 of epoch 0,  NE 0.815202, loss 0.468321, accuracy 78.710 %, best 78.742 %
Finished training it 113152/153485 of epoch 0, 15.23 ms/it, NE 0.828862, loss 0.460883
Testing at - 113152/153485 of epoch 0,  NE 0.814492, loss 0.467913, accuracy 78.743 %, best 78.743 %
Finished training it 113664/153485 of epoch 0, 15.26 ms/it, NE 0.828805, loss 0.465753
Testing at - 113664/153485 of epoch 0,  NE 0.815903, loss 0.468723, accuracy 78.661 %, best 78.743 %
Finished training it 114176/153485 of epoch 0, 16.31 ms/it, NE 0.828757, loss 0.464101
Testing at - 114176/153485 of epoch 0,  NE 0.815144, loss 0.468287, accuracy 78.691 %, best 78.743 %
Finished training it 114688/153485 of epoch 0, 15.00 ms/it, NE 0.828683, loss 0.462546
Testing at - 114688/153485 of epoch 0,  NE 0.814876, loss 0.468133, accuracy 78.745 %, best 78.745 %
Finished training it 115200/153485 of epoch 0, 15.95 ms/it, NE 0.828619, loss 0.462480
Testing at - 115200/153485 of epoch 0,  NE 0.814430, loss 0.467877, accuracy 78.747 %, best 78.747 %
Finished training it 115712/153485 of epoch 0, 16.03 ms/it, NE 0.828556, loss 0.462720
Testing at - 115712/153485 of epoch 0,  NE 0.813642, loss 0.467424, accuracy 78.734 %, best 78.747 %
Finished training it 116224/153485 of epoch 0, 17.70 ms/it, NE 0.828490, loss 0.463960
Testing at - 116224/153485 of epoch 0,  NE 0.814559, loss 0.467951, accuracy 78.749 %, best 78.749 %
Finished training it 116736/153485 of epoch 0, 16.46 ms/it, NE 0.828436, loss 0.464377
Testing at - 116736/153485 of epoch 0,  NE 0.813395, loss 0.467283, accuracy 78.744 %, best 78.749 %
Finished training it 117248/153485 of epoch 0, 14.67 ms/it, NE 0.828385, loss 0.463692
Testing at - 117248/153485 of epoch 0,  NE 0.814226, loss 0.467760, accuracy 78.689 %, best 78.749 %
Finished training it 117760/153485 of epoch 0, 14.86 ms/it, NE 0.828325, loss 0.463187
Testing at - 117760/153485 of epoch 0,  NE 0.813768, loss 0.467497, accuracy 78.741 %, best 78.749 %
Finished training it 118272/153485 of epoch 0, 14.70 ms/it, NE 0.828269, loss 0.465829
Testing at - 118272/153485 of epoch 0,  NE 0.814468, loss 0.467899, accuracy 78.728 %, best 78.749 %
Finished training it 118784/153485 of epoch 0, 13.92 ms/it, NE 0.828213, loss 0.462076
Testing at - 118784/153485 of epoch 0,  NE 0.821324, loss 0.471838, accuracy 78.434 %, best 78.749 %
Finished training it 119296/153485 of epoch 0, 15.84 ms/it, NE 0.828161, loss 0.463216
Testing at - 119296/153485 of epoch 0,  NE 0.814268, loss 0.467784, accuracy 78.762 %, best 78.762 %
Finished training it 119808/153485 of epoch 0, 15.48 ms/it, NE 0.828099, loss 0.465867
Testing at - 119808/153485 of epoch 0,  NE 0.814020, loss 0.467641, accuracy 78.755 %, best 78.762 %
Finished training it 120320/153485 of epoch 0, 15.92 ms/it, NE 0.828039, loss 0.462817
Testing at - 120320/153485 of epoch 0,  NE 0.814969, loss 0.468187, accuracy 78.743 %, best 78.762 %
Finished training it 120832/153485 of epoch 0, 20.54 ms/it, NE 0.827975, loss 0.460995
Testing at - 120832/153485 of epoch 0,  NE 0.813721, loss 0.467470, accuracy 78.708 %, best 78.762 %
Finished training it 121344/153485 of epoch 0, 15.00 ms/it, NE 0.827908, loss 0.462281
Testing at - 121344/153485 of epoch 0,  NE 0.814680, loss 0.468021, accuracy 78.688 %, best 78.762 %
Finished training it 121856/153485 of epoch 0, 19.38 ms/it, NE 0.827854, loss 0.462742
Testing at - 121856/153485 of epoch 0,  NE 0.813749, loss 0.467486, accuracy 78.748 %, best 78.762 %
Finished training it 122368/153485 of epoch 0, 15.79 ms/it, NE 0.827803, loss 0.463460
Testing at - 122368/153485 of epoch 0,  NE 0.813082, loss 0.467103, accuracy 78.739 %, best 78.762 %
Finished training it 122880/153485 of epoch 0, 14.31 ms/it, NE 0.827734, loss 0.462198
Testing at - 122880/153485 of epoch 0,  NE 0.816133, loss 0.468856, accuracy 78.708 %, best 78.762 %
Finished training it 123392/153485 of epoch 0, 13.32 ms/it, NE 0.827671, loss 0.461389
Testing at - 123392/153485 of epoch 0,  NE 0.812079, loss 0.466526, accuracy 78.779 %, best 78.779 %
Finished training it 123904/153485 of epoch 0, 13.20 ms/it, NE 0.827604, loss 0.460600
Testing at - 123904/153485 of epoch 0,  NE 0.811788, loss 0.466359, accuracy 78.751 %, best 78.779 %
Finished training it 124416/153485 of epoch 0, 13.39 ms/it, NE 0.827545, loss 0.461524
Testing at - 124416/153485 of epoch 0,  NE 0.814173, loss 0.467729, accuracy 78.799 %, best 78.799 %
Finished training it 124928/153485 of epoch 0, 12.92 ms/it, NE 0.827501, loss 0.464435
Testing at - 124928/153485 of epoch 0,  NE 0.817419, loss 0.469594, accuracy 78.630 %, best 78.799 %
Finished training it 125440/153485 of epoch 0, 13.20 ms/it, NE 0.827444, loss 0.463156
Testing at - 125440/153485 of epoch 0,  NE 0.813643, loss 0.467425, accuracy 78.750 %, best 78.799 %
Finished training it 125952/153485 of epoch 0, 14.42 ms/it, NE 0.827397, loss 0.463329
Testing at - 125952/153485 of epoch 0,  NE 0.814791, loss 0.468085, accuracy 78.732 %, best 78.799 %
Finished training it 126464/153485 of epoch 0, 13.66 ms/it, NE 0.827316, loss 0.460575
Testing at - 126464/153485 of epoch 0,  NE 0.812687, loss 0.466876, accuracy 78.785 %, best 78.799 %
Finished training it 126976/153485 of epoch 0, 14.93 ms/it, NE 0.827250, loss 0.461262
Testing at - 126976/153485 of epoch 0,  NE 0.812148, loss 0.466566, accuracy 78.763 %, best 78.799 %
Finished training it 127488/153485 of epoch 0, 15.46 ms/it, NE 0.827192, loss 0.462345
Testing at - 127488/153485 of epoch 0,  NE 0.813739, loss 0.467480, accuracy 78.721 %, best 78.799 %
Finished training it 128000/153485 of epoch 0, 15.73 ms/it, NE 0.827146, loss 0.463851
Testing at - 128000/153485 of epoch 0,  NE 0.813711, loss 0.467464, accuracy 78.743 %, best 78.799 %
Finished training it 128512/153485 of epoch 0, 14.93 ms/it, NE 0.827087, loss 0.462064
Testing at - 128512/153485 of epoch 0,  NE 0.814655, loss 0.468006, accuracy 78.756 %, best 78.799 %
Finished training it 129024/153485 of epoch 0, 12.93 ms/it, NE 0.827026, loss 0.461407
Testing at - 129024/153485 of epoch 0,  NE 0.814555, loss 0.467949, accuracy 78.698 %, best 78.799 %
Finished training it 129536/153485 of epoch 0, 12.77 ms/it, NE 0.826971, loss 0.460378
Testing at - 129536/153485 of epoch 0,  NE 0.813854, loss 0.467546, accuracy 78.733 %, best 78.799 %
Finished training it 130048/153485 of epoch 0, 13.57 ms/it, NE 0.826912, loss 0.460624
Testing at - 130048/153485 of epoch 0,  NE 0.812994, loss 0.467052, accuracy 78.761 %, best 78.799 %
Finished training it 130560/153485 of epoch 0, 13.63 ms/it, NE 0.826853, loss 0.463019
Testing at - 130560/153485 of epoch 0,  NE 0.813105, loss 0.467116, accuracy 78.763 %, best 78.799 %
Finished training it 131072/153485 of epoch 0, 13.53 ms/it, NE 0.826802, loss 0.461539
Testing at - 131072/153485 of epoch 0,  NE 0.818017, loss 0.469938, accuracy 78.606 %, best 78.799 %
Finished training it 131584/153485 of epoch 0, 12.60 ms/it, NE 0.826752, loss 0.464218
Testing at - 131584/153485 of epoch 0,  NE 0.816404, loss 0.469011, accuracy 78.676 %, best 78.799 %
Finished training it 132096/153485 of epoch 0, 12.95 ms/it, NE 0.826697, loss 0.463396
Testing at - 132096/153485 of epoch 0,  NE 0.812908, loss 0.467003, accuracy 78.771 %, best 78.799 %
Finished training it 132608/153485 of epoch 0, 14.92 ms/it, NE 0.826639, loss 0.460605
Testing at - 132608/153485 of epoch 0,  NE 0.812086, loss 0.466531, accuracy 78.787 %, best 78.799 %
Finished training it 133120/153485 of epoch 0, 21.28 ms/it, NE 0.826576, loss 0.460874
Testing at - 133120/153485 of epoch 0,  NE 0.812999, loss 0.467055, accuracy 78.782 %, best 78.799 %
Finished training it 133632/153485 of epoch 0, 15.05 ms/it, NE 0.826524, loss 0.463575
Testing at - 133632/153485 of epoch 0,  NE 0.825954, loss 0.474497, accuracy 78.220 %, best 78.799 %
Finished training it 134144/153485 of epoch 0, 17.62 ms/it, NE 0.826486, loss 0.463843
Testing at - 134144/153485 of epoch 0,  NE 0.814729, loss 0.468049, accuracy 78.744 %, best 78.799 %
Finished training it 134656/153485 of epoch 0, 14.47 ms/it, NE 0.826433, loss 0.460683
Testing at - 134656/153485 of epoch 0,  NE 0.815583, loss 0.468540, accuracy 78.704 %, best 78.799 %
Finished training it 135168/153485 of epoch 0, 14.40 ms/it, NE 0.826380, loss 0.463049
Testing at - 135168/153485 of epoch 0,  NE 0.813120, loss 0.467125, accuracy 78.781 %, best 78.799 %
Finished training it 135680/153485 of epoch 0, 15.00 ms/it, NE 0.826320, loss 0.459254
Testing at - 135680/153485 of epoch 0,  NE 0.812003, loss 0.466483, accuracy 78.783 %, best 78.799 %
Finished training it 136192/153485 of epoch 0, 15.36 ms/it, NE 0.826272, loss 0.462505
Testing at - 136192/153485 of epoch 0,  NE 0.817641, loss 0.469722, accuracy 78.587 %, best 78.799 %
Finished training it 136704/153485 of epoch 0, 13.48 ms/it, NE 0.826222, loss 0.461826
Testing at - 136704/153485 of epoch 0,  NE 0.812221, loss 0.466608, accuracy 78.800 %, best 78.800 %
Finished training it 137216/153485 of epoch 0, 13.32 ms/it, NE 0.826169, loss 0.462034
Testing at - 137216/153485 of epoch 0,  NE 0.812437, loss 0.466732, accuracy 78.790 %, best 78.800 %
Finished training it 137728/153485 of epoch 0, 13.04 ms/it, NE 0.826121, loss 0.463077
Testing at - 137728/153485 of epoch 0,  NE 0.814260, loss 0.467779, accuracy 78.767 %, best 78.800 %
Finished training it 138240/153485 of epoch 0, 12.81 ms/it, NE 0.826074, loss 0.462418
Testing at - 138240/153485 of epoch 0,  NE 0.813138, loss 0.467135, accuracy 78.777 %, best 78.800 %
Finished training it 138752/153485 of epoch 0, 13.96 ms/it, NE 0.826011, loss 0.458661
Testing at - 138752/153485 of epoch 0,  NE 0.813539, loss 0.467365, accuracy 78.777 %, best 78.800 %
Finished training it 139264/153485 of epoch 0, 13.95 ms/it, NE 0.825967, loss 0.464913
Testing at - 139264/153485 of epoch 0,  NE 0.816120, loss 0.468848, accuracy 78.642 %, best 78.800 %
Finished training it 139776/153485 of epoch 0, 14.22 ms/it, NE 0.825929, loss 0.465017
Testing at - 139776/153485 of epoch 0,  NE 0.812219, loss 0.466607, accuracy 78.822 %, best 78.822 %
Finished training it 140288/153485 of epoch 0, 13.75 ms/it, NE 0.825883, loss 0.462932
Testing at - 140288/153485 of epoch 0,  NE 0.813189, loss 0.467164, accuracy 78.787 %, best 78.822 %
Finished training it 140800/153485 of epoch 0, 17.18 ms/it, NE 0.825842, loss 0.460346
Testing at - 140800/153485 of epoch 0,  NE 0.812840, loss 0.466964, accuracy 78.758 %, best 78.822 %
Finished training it 141312/153485 of epoch 0, 16.96 ms/it, NE 0.825791, loss 0.459904
Testing at - 141312/153485 of epoch 0,  NE 0.813405, loss 0.467288, accuracy 78.769 %, best 78.822 %
Finished training it 141824/153485 of epoch 0, 14.65 ms/it, NE 0.825748, loss 0.462990
Testing at - 141824/153485 of epoch 0,  NE 0.812983, loss 0.467046, accuracy 78.777 %, best 78.822 %
Finished training it 142336/153485 of epoch 0, 13.78 ms/it, NE 0.825708, loss 0.461402
Testing at - 142336/153485 of epoch 0,  NE 0.813396, loss 0.467283, accuracy 78.741 %, best 78.822 %
Finished training it 142848/153485 of epoch 0, 13.92 ms/it, NE 0.825659, loss 0.460731
Testing at - 142848/153485 of epoch 0,  NE 0.813094, loss 0.467109, accuracy 78.765 %, best 78.822 %
Finished training it 143360/153485 of epoch 0, 13.11 ms/it, NE 0.825627, loss 0.464194
Testing at - 143360/153485 of epoch 0,  NE 0.811517, loss 0.466204, accuracy 78.825 %, best 78.825 %
Finished training it 143872/153485 of epoch 0, 14.80 ms/it, NE 0.825570, loss 0.459367
Testing at - 143872/153485 of epoch 0,  NE 0.810303, loss 0.465506, accuracy 78.816 %, best 78.825 %
Finished training it 144384/153485 of epoch 0, 14.94 ms/it, NE 0.825514, loss 0.460401
Testing at - 144384/153485 of epoch 0,  NE 0.814121, loss 0.467700, accuracy 78.626 %, best 78.825 %
Finished training it 144896/153485 of epoch 0, 14.14 ms/it, NE 0.825465, loss 0.459902
Testing at - 144896/153485 of epoch 0,  NE 0.810583, loss 0.465667, accuracy 78.819 %, best 78.825 %
Finished training it 145408/153485 of epoch 0, 22.43 ms/it, NE 0.825421, loss 0.463070
Testing at - 145408/153485 of epoch 0,  NE 0.812301, loss 0.466654, accuracy 78.808 %, best 78.825 %
Finished training it 145920/153485 of epoch 0, 14.02 ms/it, NE 0.825376, loss 0.459644
Testing at - 145920/153485 of epoch 0,  NE 0.814777, loss 0.468076, accuracy 78.718 %, best 78.825 %
Finished training it 146432/153485 of epoch 0, 16.91 ms/it, NE 0.825317, loss 0.461661
Testing at - 146432/153485 of epoch 0,  NE 0.812304, loss 0.466656, accuracy 78.781 %, best 78.825 %
Finished training it 146944/153485 of epoch 0, 14.99 ms/it, NE 0.825266, loss 0.462159
Testing at - 146944/153485 of epoch 0,  NE 0.813927, loss 0.467588, accuracy 78.761 %, best 78.825 %
Finished training it 147456/153485 of epoch 0, 13.72 ms/it, NE 0.825215, loss 0.460725
Testing at - 147456/153485 of epoch 0,  NE 0.810962, loss 0.465885, accuracy 78.831 %, best 78.831 %
Finished training it 147968/153485 of epoch 0, 14.76 ms/it, NE 0.825172, loss 0.461064
Testing at - 147968/153485 of epoch 0,  NE 0.812902, loss 0.467000, accuracy 78.779 %, best 78.831 %
Finished training it 148480/153485 of epoch 0, 15.46 ms/it, NE 0.825125, loss 0.462496
Testing at - 148480/153485 of epoch 0,  NE 0.812313, loss 0.466661, accuracy 78.810 %, best 78.831 %
Finished training it 148992/153485 of epoch 0, 12.62 ms/it, NE 0.825089, loss 0.464416
Testing at - 148992/153485 of epoch 0,  NE 0.812947, loss 0.467025, accuracy 78.817 %, best 78.831 %
Finished training it 149504/153485 of epoch 0, 13.05 ms/it, NE 0.825046, loss 0.464563
Testing at - 149504/153485 of epoch 0,  NE 0.812401, loss 0.466711, accuracy 78.822 %, best 78.831 %
Finished training it 150016/153485 of epoch 0, 12.15 ms/it, NE 0.824998, loss 0.461326
Testing at - 150016/153485 of epoch 0,  NE 0.812318, loss 0.466664, accuracy 78.805 %, best 78.831 %
Finished training it 150528/153485 of epoch 0, 15.21 ms/it, NE 0.824959, loss 0.460694
Testing at - 150528/153485 of epoch 0,  NE 0.811890, loss 0.466418, accuracy 78.798 %, best 78.831 %
Finished training it 151040/153485 of epoch 0, 16.72 ms/it, NE 0.824909, loss 0.460386
Testing at - 151040/153485 of epoch 0,  NE 0.811585, loss 0.466242, accuracy 78.801 %, best 78.831 %
Finished training it 151552/153485 of epoch 0, 18.12 ms/it, NE 0.824865, loss 0.461592
Testing at - 151552/153485 of epoch 0,  NE 0.814802, loss 0.468091, accuracy 78.697 %, best 78.831 %
Finished training it 152064/153485 of epoch 0, 14.09 ms/it, NE 0.824825, loss 0.461569
Testing at - 152064/153485 of epoch 0,  NE 0.812403, loss 0.466713, accuracy 78.800 %, best 78.831 %
Finished training it 152576/153485 of epoch 0, 13.70 ms/it, NE 0.824779, loss 0.459524
Testing at - 152576/153485 of epoch 0,  NE 0.811163, loss 0.466000, accuracy 78.758 %, best 78.831 %
Finished training it 153088/153485 of epoch 0, 14.32 ms/it, NE 0.824726, loss 0.460618
Testing at - 153088/153485 of epoch 0,  NE 0.810605, loss 0.465680, accuracy 78.835 %, best 78.835 %
Finished training it 153485/153485 of epoch 0, 16.62 ms/it, NE 0.824684, loss 0.462069
Testing at - 153485/153485 of epoch 0,  NE 0.812197, loss 0.466595, accuracy 78.797 %, best 78.835 %
