NCCL version 2.9.6+cudaCUDA_MAJOR.CUDA_MINOR
Unable to import mlperf_logging,  No module named 'mlperf_logging'
world size: 1, current rank: 0, local rank: 0
Using 2 GPU(s)...
Reading pre-processed data=./input/kaggleAdDisplayChallenge_processed.npz
Sparse fea = 26, Dense fea = 13
Defined train indices...
Randomized indices across days ...
Split data according to indices...
Reading pre-processed data=./input/kaggleAdDisplayChallenge_processed.npz
Sparse fea = 26, Dense fea = 13
Defined test indices...
Randomized indices across days ...
Split data according to indices...
DLRM_Net(
  (bot_l): Sequential(
    (0): Linear(in_features=13, out_features=512, bias=True)
    (1): ReLU()
    (2): Linear(in_features=512, out_features=256, bias=True)
    (3): ReLU()
    (4): Linear(in_features=256, out_features=64, bias=True)
    (5): ReLU()
    (6): Linear(in_features=64, out_features=16, bias=True)
    (7): ReLU()
  )
  (top_l): Sequential(
    (0): Linear(in_features=367, out_features=512, bias=True)
    (1): ReLU()
    (2): Linear(in_features=512, out_features=256, bias=True)
    (3): ReLU()
    (4): Linear(in_features=256, out_features=1, bias=True)
    (5): Sigmoid()
  )
  (loss_fn): BCELoss()
)
Random uniform embeddings init: 0 size: 1461 dim: 16
Random uniform embeddings init: 1 size: 584 dim: 16
Random uniform embeddings init: 2 size: 10131227 dim: 16
Random uniform embeddings init: 3 size: 2202608 dim: 16
Random uniform embeddings init: 4 size: 306 dim: 16
Random uniform embeddings init: 5 size: 24 dim: 16
Random uniform embeddings init: 6 size: 12518 dim: 16
Random uniform embeddings init: 7 size: 634 dim: 16
Random uniform embeddings init: 8 size: 4 dim: 16
Random uniform embeddings init: 9 size: 93146 dim: 16
Random uniform embeddings init: 10 size: 5684 dim: 16
Random uniform embeddings init: 11 size: 8351593 dim: 16
Random uniform embeddings init: 12 size: 3195 dim: 16
Random uniform embeddings init: 13 size: 28 dim: 16
Random uniform embeddings init: 14 size: 14993 dim: 16
Random uniform embeddings init: 15 size: 5461306 dim: 16
Random uniform embeddings init: 16 size: 11 dim: 16
Random uniform embeddings init: 17 size: 5653 dim: 16
Random uniform embeddings init: 18 size: 2173 dim: 16
Random uniform embeddings init: 19 size: 4 dim: 16
Random uniform embeddings init: 20 size: 7046547 dim: 16
Random uniform embeddings init: 21 size: 18 dim: 16
Random uniform embeddings init: 22 size: 16 dim: 16
Random uniform embeddings init: 23 size: 286181 dim: 16
Random uniform embeddings init: 24 size: 105 dim: 16
Random uniform embeddings init: 25 size: 142572 dim: 16
time/loss/accuracy (if enabled):
Finished training it 512/153485 of epoch 0, 32.67 ms/it, NE 0.937055, loss 0.532908
Testing at - 512/153485 of epoch 0,  NE 0.919715, loss 0.528362, accuracy 75.590 %, best 75.590 %
Finished training it 1024/153485 of epoch 0, 13.78 ms/it, NE 0.922896, loss 0.516992
Testing at - 1024/153485 of epoch 0,  NE 0.890870, loss 0.511790, accuracy 76.097 %, best 76.097 %
Finished training it 1536/153485 of epoch 0, 14.43 ms/it, NE 0.915481, loss 0.511958
Testing at - 1536/153485 of epoch 0,  NE 0.890038, loss 0.511312, accuracy 76.309 %, best 76.309 %
Finished training it 2048/153485 of epoch 0, 19.30 ms/it, NE 0.908885, loss 0.502340
Testing at - 2048/153485 of epoch 0,  NE 0.883524, loss 0.507570, accuracy 76.510 %, best 76.510 %
Finished training it 2560/153485 of epoch 0, 14.63 ms/it, NE 0.903811, loss 0.502460
Testing at - 2560/153485 of epoch 0,  NE 0.877026, loss 0.503837, accuracy 76.745 %, best 76.745 %
Finished training it 3072/153485 of epoch 0, 14.73 ms/it, NE 0.899495, loss 0.498717
Testing at - 3072/153485 of epoch 0,  NE 0.884484, loss 0.508122, accuracy 76.453 %, best 76.745 %
Finished training it 3584/153485 of epoch 0, 14.03 ms/it, NE 0.895536, loss 0.494138
Testing at - 3584/153485 of epoch 0,  NE 0.871324, loss 0.500562, accuracy 76.865 %, best 76.865 %
Finished training it 4096/153485 of epoch 0, 14.96 ms/it, NE 0.891695, loss 0.492216
Testing at - 4096/153485 of epoch 0,  NE 0.862434, loss 0.495455, accuracy 77.007 %, best 77.007 %
Finished training it 4608/153485 of epoch 0, 13.18 ms/it, NE 0.888511, loss 0.489391
Testing at - 4608/153485 of epoch 0,  NE 0.861182, loss 0.494735, accuracy 77.001 %, best 77.007 %
Finished training it 5120/153485 of epoch 0, 16.02 ms/it, NE 0.885238, loss 0.486915
Testing at - 5120/153485 of epoch 0,  NE 0.858779, loss 0.493355, accuracy 77.058 %, best 77.058 %
Finished training it 5632/153485 of epoch 0, 13.22 ms/it, NE 0.882249, loss 0.484630
Testing at - 5632/153485 of epoch 0,  NE 0.851603, loss 0.489232, accuracy 77.431 %, best 77.431 %
Finished training it 6144/153485 of epoch 0, 14.39 ms/it, NE 0.879434, loss 0.479063
Testing at - 6144/153485 of epoch 0,  NE 0.850108, loss 0.488373, accuracy 77.413 %, best 77.431 %
Finished training it 6656/153485 of epoch 0, 13.63 ms/it, NE 0.877170, loss 0.484582
Testing at - 6656/153485 of epoch 0,  NE 0.848721, loss 0.487577, accuracy 77.599 %, best 77.599 %
Finished training it 7168/153485 of epoch 0, 13.11 ms/it, NE 0.874936, loss 0.481222
Testing at - 7168/153485 of epoch 0,  NE 0.843072, loss 0.484331, accuracy 77.669 %, best 77.669 %
Finished training it 7680/153485 of epoch 0, 14.10 ms/it, NE 0.872871, loss 0.479353
Testing at - 7680/153485 of epoch 0,  NE 0.857228, loss 0.492464, accuracy 77.285 %, best 77.669 %
Finished training it 8192/153485 of epoch 0, 15.77 ms/it, NE 0.870893, loss 0.479486
Testing at - 8192/153485 of epoch 0,  NE 0.838905, loss 0.481938, accuracy 77.758 %, best 77.758 %
Finished training it 8704/153485 of epoch 0, 15.32 ms/it, NE 0.868961, loss 0.477133
Testing at - 8704/153485 of epoch 0,  NE 0.850359, loss 0.488518, accuracy 77.386 %, best 77.758 %
Finished training it 9216/153485 of epoch 0, 15.52 ms/it, NE 0.867459, loss 0.479115
Testing at - 9216/153485 of epoch 0,  NE 0.842302, loss 0.483889, accuracy 77.693 %, best 77.758 %
Finished training it 9728/153485 of epoch 0, 15.31 ms/it, NE 0.865909, loss 0.477502
Testing at - 9728/153485 of epoch 0,  NE 0.844519, loss 0.485163, accuracy 77.751 %, best 77.758 %
Finished training it 10240/153485 of epoch 0, 16.45 ms/it, NE 0.864662, loss 0.477402
Testing at - 10240/153485 of epoch 0,  NE 0.849490, loss 0.488019, accuracy 77.407 %, best 77.758 %
Finished training it 10752/153485 of epoch 0, 17.03 ms/it, NE 0.863455, loss 0.476913
Testing at - 10752/153485 of epoch 0,  NE 0.836969, loss 0.480826, accuracy 77.892 %, best 77.892 %
Finished training it 11264/153485 of epoch 0, 17.63 ms/it, NE 0.862265, loss 0.475298
Testing at - 11264/153485 of epoch 0,  NE 0.836735, loss 0.480691, accuracy 77.773 %, best 77.892 %
Finished training it 11776/153485 of epoch 0, 16.28 ms/it, NE 0.861192, loss 0.478269
Testing at - 11776/153485 of epoch 0,  NE 0.836141, loss 0.480350, accuracy 77.808 %, best 77.892 %
Finished training it 12288/153485 of epoch 0, 17.11 ms/it, NE 0.860108, loss 0.473201
Testing at - 12288/153485 of epoch 0,  NE 0.842823, loss 0.484188, accuracy 77.626 %, best 77.892 %
Finished training it 12800/153485 of epoch 0, 16.42 ms/it, NE 0.858929, loss 0.471757
Testing at - 12800/153485 of epoch 0,  NE 0.832550, loss 0.478287, accuracy 77.914 %, best 77.914 %
Finished training it 13312/153485 of epoch 0, 15.51 ms/it, NE 0.857904, loss 0.472651
Testing at - 13312/153485 of epoch 0,  NE 0.834537, loss 0.479428, accuracy 77.836 %, best 77.914 %
Finished training it 13824/153485 of epoch 0, 17.17 ms/it, NE 0.856854, loss 0.470596
Testing at - 13824/153485 of epoch 0,  NE 0.831268, loss 0.477550, accuracy 78.017 %, best 78.017 %
Finished training it 14336/153485 of epoch 0, 15.91 ms/it, NE 0.856049, loss 0.472730
Testing at - 14336/153485 of epoch 0,  NE 0.831380, loss 0.477615, accuracy 78.032 %, best 78.032 %
Finished training it 14848/153485 of epoch 0, 19.67 ms/it, NE 0.855360, loss 0.474293
Testing at - 14848/153485 of epoch 0,  NE 0.831876, loss 0.477899, accuracy 77.964 %, best 78.032 %
Finished training it 15360/153485 of epoch 0, 16.71 ms/it, NE 0.854567, loss 0.472432
Testing at - 15360/153485 of epoch 0,  NE 0.829592, loss 0.476587, accuracy 78.084 %, best 78.084 %
Finished training it 15872/153485 of epoch 0, 15.95 ms/it, NE 0.853842, loss 0.473626
Testing at - 15872/153485 of epoch 0,  NE 0.844146, loss 0.484948, accuracy 77.523 %, best 78.084 %
Finished training it 16384/153485 of epoch 0, 13.73 ms/it, NE 0.853081, loss 0.472986
Testing at - 16384/153485 of epoch 0,  NE 0.831269, loss 0.477551, accuracy 77.880 %, best 78.084 %
Finished training it 16896/153485 of epoch 0, 15.70 ms/it, NE 0.852284, loss 0.470502
Testing at - 16896/153485 of epoch 0,  NE 0.826169, loss 0.474621, accuracy 78.070 %, best 78.084 %
Finished training it 17408/153485 of epoch 0, 20.85 ms/it, NE 0.851486, loss 0.469263
Testing at - 17408/153485 of epoch 0,  NE 0.830689, loss 0.477218, accuracy 77.921 %, best 78.084 %
Finished training it 17920/153485 of epoch 0, 15.59 ms/it, NE 0.850932, loss 0.473650
Testing at - 17920/153485 of epoch 0,  NE 0.829326, loss 0.476435, accuracy 78.121 %, best 78.121 %
Finished training it 18432/153485 of epoch 0, 16.00 ms/it, NE 0.850253, loss 0.469898
Testing at - 18432/153485 of epoch 0,  NE 0.827824, loss 0.475572, accuracy 78.117 %, best 78.121 %
Finished training it 18944/153485 of epoch 0, 15.54 ms/it, NE 0.849648, loss 0.469190
Testing at - 18944/153485 of epoch 0,  NE 0.828695, loss 0.476072, accuracy 78.095 %, best 78.121 %
Finished training it 19456/153485 of epoch 0, 14.86 ms/it, NE 0.849127, loss 0.472146
Testing at - 19456/153485 of epoch 0,  NE 0.825567, loss 0.474275, accuracy 78.131 %, best 78.131 %
Finished training it 19968/153485 of epoch 0, 18.55 ms/it, NE 0.848578, loss 0.470515
Testing at - 19968/153485 of epoch 0,  NE 0.826884, loss 0.475032, accuracy 78.112 %, best 78.131 %
Finished training it 20480/153485 of epoch 0, 15.03 ms/it, NE 0.847999, loss 0.470216
Testing at - 20480/153485 of epoch 0,  NE 0.826541, loss 0.474835, accuracy 78.168 %, best 78.168 %
Finished training it 20992/153485 of epoch 0, 19.54 ms/it, NE 0.847468, loss 0.469528
Testing at - 20992/153485 of epoch 0,  NE 0.826790, loss 0.474978, accuracy 78.161 %, best 78.168 %
Finished training it 21504/153485 of epoch 0, 17.83 ms/it, NE 0.847007, loss 0.469400
Testing at - 21504/153485 of epoch 0,  NE 0.824538, loss 0.473684, accuracy 78.214 %, best 78.214 %
Finished training it 22016/153485 of epoch 0, 15.73 ms/it, NE 0.846544, loss 0.469838
Testing at - 22016/153485 of epoch 0,  NE 0.829908, loss 0.476769, accuracy 78.019 %, best 78.214 %
Finished training it 22528/153485 of epoch 0, 15.70 ms/it, NE 0.846109, loss 0.470496
Testing at - 22528/153485 of epoch 0,  NE 0.825072, loss 0.473991, accuracy 78.212 %, best 78.214 %
Finished training it 23040/153485 of epoch 0, 15.13 ms/it, NE 0.845599, loss 0.468809
Testing at - 23040/153485 of epoch 0,  NE 0.828741, loss 0.476099, accuracy 78.044 %, best 78.214 %
Finished training it 23552/153485 of epoch 0, 17.49 ms/it, NE 0.845220, loss 0.471413
Testing at - 23552/153485 of epoch 0,  NE 0.829350, loss 0.476449, accuracy 78.028 %, best 78.214 %
Finished training it 24064/153485 of epoch 0, 15.38 ms/it, NE 0.844868, loss 0.470411
Testing at - 24064/153485 of epoch 0,  NE 0.830377, loss 0.477038, accuracy 77.922 %, best 78.214 %
Finished training it 24576/153485 of epoch 0, 15.80 ms/it, NE 0.844418, loss 0.466112
Testing at - 24576/153485 of epoch 0,  NE 0.822275, loss 0.472384, accuracy 78.221 %, best 78.221 %
Finished training it 25088/153485 of epoch 0, 14.89 ms/it, NE 0.843961, loss 0.467812
Testing at - 25088/153485 of epoch 0,  NE 0.824611, loss 0.473726, accuracy 78.239 %, best 78.239 %
Finished training it 25600/153485 of epoch 0, 13.37 ms/it, NE 0.843576, loss 0.470026
Testing at - 25600/153485 of epoch 0,  NE 0.823441, loss 0.473053, accuracy 78.277 %, best 78.277 %
Finished training it 26112/153485 of epoch 0, 13.84 ms/it, NE 0.843161, loss 0.469642
Testing at - 26112/153485 of epoch 0,  NE 0.824848, loss 0.473862, accuracy 78.204 %, best 78.277 %
Finished training it 26624/153485 of epoch 0, 13.75 ms/it, NE 0.842791, loss 0.468953
Testing at - 26624/153485 of epoch 0,  NE 0.823053, loss 0.472831, accuracy 78.281 %, best 78.281 %
Finished training it 27136/153485 of epoch 0, 13.56 ms/it, NE 0.842430, loss 0.468814
Testing at - 27136/153485 of epoch 0,  NE 0.825543, loss 0.474262, accuracy 78.173 %, best 78.281 %
Finished training it 27648/153485 of epoch 0, 13.38 ms/it, NE 0.842054, loss 0.468245
Testing at - 27648/153485 of epoch 0,  NE 0.827355, loss 0.475302, accuracy 78.140 %, best 78.281 %
Finished training it 28160/153485 of epoch 0, 15.36 ms/it, NE 0.841742, loss 0.467397
Testing at - 28160/153485 of epoch 0,  NE 0.822602, loss 0.472572, accuracy 78.228 %, best 78.281 %
Finished training it 28672/153485 of epoch 0, 21.28 ms/it, NE 0.841387, loss 0.465513
Testing at - 28672/153485 of epoch 0,  NE 0.821386, loss 0.471873, accuracy 78.246 %, best 78.281 %
Finished training it 29184/153485 of epoch 0, 17.16 ms/it, NE 0.840985, loss 0.465182
Testing at - 29184/153485 of epoch 0,  NE 0.821265, loss 0.471804, accuracy 78.284 %, best 78.284 %
Finished training it 29696/153485 of epoch 0, 18.54 ms/it, NE 0.840639, loss 0.467051
Testing at - 29696/153485 of epoch 0,  NE 0.821998, loss 0.472225, accuracy 78.289 %, best 78.289 %
Finished training it 30208/153485 of epoch 0, 17.11 ms/it, NE 0.840333, loss 0.466737
Testing at - 30208/153485 of epoch 0,  NE 0.836235, loss 0.480404, accuracy 77.805 %, best 78.289 %
Finished training it 30720/153485 of epoch 0, 16.46 ms/it, NE 0.840025, loss 0.469284
Testing at - 30720/153485 of epoch 0,  NE 0.820448, loss 0.471335, accuracy 78.315 %, best 78.315 %
Finished training it 31232/153485 of epoch 0, 15.99 ms/it, NE 0.839748, loss 0.467350
Testing at - 31232/153485 of epoch 0,  NE 0.822933, loss 0.472762, accuracy 78.247 %, best 78.315 %
Finished training it 31744/153485 of epoch 0, 14.75 ms/it, NE 0.839406, loss 0.466125
Testing at - 31744/153485 of epoch 0,  NE 0.819790, loss 0.470957, accuracy 78.342 %, best 78.342 %
Finished training it 32256/153485 of epoch 0, 13.59 ms/it, NE 0.839137, loss 0.468676
Testing at - 32256/153485 of epoch 0,  NE 0.824414, loss 0.473613, accuracy 78.219 %, best 78.342 %
Finished training it 32768/153485 of epoch 0, 13.85 ms/it, NE 0.838906, loss 0.469759
Testing at - 32768/153485 of epoch 0,  NE 0.819712, loss 0.470912, accuracy 78.304 %, best 78.342 %
Finished training it 33280/153485 of epoch 0, 14.56 ms/it, NE 0.838638, loss 0.466024
Testing at - 33280/153485 of epoch 0,  NE 0.819830, loss 0.470979, accuracy 78.365 %, best 78.365 %
Finished training it 33792/153485 of epoch 0, 13.34 ms/it, NE 0.838328, loss 0.465411
Testing at - 33792/153485 of epoch 0,  NE 0.818930, loss 0.470462, accuracy 78.314 %, best 78.365 %
Finished training it 34304/153485 of epoch 0, 16.44 ms/it, NE 0.838025, loss 0.465971
Testing at - 34304/153485 of epoch 0,  NE 0.822118, loss 0.472293, accuracy 78.240 %, best 78.365 %
Finished training it 34816/153485 of epoch 0, 15.08 ms/it, NE 0.837749, loss 0.465897
Testing at - 34816/153485 of epoch 0,  NE 0.818610, loss 0.470278, accuracy 78.368 %, best 78.368 %
Finished training it 35328/153485 of epoch 0, 15.05 ms/it, NE 0.837479, loss 0.465015
Testing at - 35328/153485 of epoch 0,  NE 0.818823, loss 0.470401, accuracy 78.385 %, best 78.385 %
Finished training it 35840/153485 of epoch 0, 14.51 ms/it, NE 0.837290, loss 0.468071
Testing at - 35840/153485 of epoch 0,  NE 0.820883, loss 0.471584, accuracy 78.362 %, best 78.385 %
Finished training it 36352/153485 of epoch 0, 14.37 ms/it, NE 0.837013, loss 0.463936
Testing at - 36352/153485 of epoch 0,  NE 0.820006, loss 0.471080, accuracy 78.279 %, best 78.385 %
Finished training it 36864/153485 of epoch 0, 13.58 ms/it, NE 0.836770, loss 0.466098
Testing at - 36864/153485 of epoch 0,  NE 0.820090, loss 0.471129, accuracy 78.275 %, best 78.385 %
Finished training it 37376/153485 of epoch 0, 13.08 ms/it, NE 0.836508, loss 0.464829
Testing at - 37376/153485 of epoch 0,  NE 0.825839, loss 0.474431, accuracy 78.063 %, best 78.385 %
Finished training it 37888/153485 of epoch 0, 13.32 ms/it, NE 0.836253, loss 0.464872
Testing at - 37888/153485 of epoch 0,  NE 0.820417, loss 0.471317, accuracy 78.285 %, best 78.385 %
Finished training it 38400/153485 of epoch 0, 13.62 ms/it, NE 0.836030, loss 0.465206
Testing at - 38400/153485 of epoch 0,  NE 0.827084, loss 0.475146, accuracy 78.168 %, best 78.385 %
Finished training it 38912/153485 of epoch 0, 13.61 ms/it, NE 0.835822, loss 0.465066
Testing at - 38912/153485 of epoch 0,  NE 0.818274, loss 0.470085, accuracy 78.421 %, best 78.421 %
Finished training it 39424/153485 of epoch 0, 12.79 ms/it, NE 0.835594, loss 0.464998
Testing at - 39424/153485 of epoch 0,  NE 0.819047, loss 0.470530, accuracy 78.343 %, best 78.421 %
Finished training it 39936/153485 of epoch 0, 14.09 ms/it, NE 0.835356, loss 0.464064
Testing at - 39936/153485 of epoch 0,  NE 0.818891, loss 0.470440, accuracy 78.349 %, best 78.421 %
Finished training it 40448/153485 of epoch 0, 13.99 ms/it, NE 0.835124, loss 0.464651
Testing at - 40448/153485 of epoch 0,  NE 0.816935, loss 0.469316, accuracy 78.422 %, best 78.422 %
Finished training it 40960/153485 of epoch 0, 14.29 ms/it, NE 0.834919, loss 0.465546
Testing at - 40960/153485 of epoch 0,  NE 0.816911, loss 0.469303, accuracy 78.458 %, best 78.458 %
Finished training it 41472/153485 of epoch 0, 16.69 ms/it, NE 0.834727, loss 0.463981
Testing at - 41472/153485 of epoch 0,  NE 0.816556, loss 0.469098, accuracy 78.408 %, best 78.458 %
Finished training it 41984/153485 of epoch 0, 12.61 ms/it, NE 0.834513, loss 0.463136
Testing at - 41984/153485 of epoch 0,  NE 0.814018, loss 0.467640, accuracy 78.444 %, best 78.458 %
Finished training it 42496/153485 of epoch 0, 14.60 ms/it, NE 0.834266, loss 0.463184
Testing at - 42496/153485 of epoch 0,  NE 0.817195, loss 0.469465, accuracy 78.416 %, best 78.458 %
Finished training it 43008/153485 of epoch 0, 13.99 ms/it, NE 0.834076, loss 0.465703
Testing at - 43008/153485 of epoch 0,  NE 0.820092, loss 0.471130, accuracy 78.299 %, best 78.458 %
Finished training it 43520/153485 of epoch 0, 13.97 ms/it, NE 0.833852, loss 0.464059
Testing at - 43520/153485 of epoch 0,  NE 0.818859, loss 0.470422, accuracy 78.386 %, best 78.458 %
Finished training it 44032/153485 of epoch 0, 15.05 ms/it, NE 0.833645, loss 0.462492
Testing at - 44032/153485 of epoch 0,  NE 0.813628, loss 0.467417, accuracy 78.462 %, best 78.462 %
Finished training it 44544/153485 of epoch 0, 14.66 ms/it, NE 0.833405, loss 0.463806
Testing at - 44544/153485 of epoch 0,  NE 0.816394, loss 0.469006, accuracy 78.409 %, best 78.462 %
Finished training it 45056/153485 of epoch 0, 16.79 ms/it, NE 0.833205, loss 0.463119
Testing at - 45056/153485 of epoch 0,  NE 0.817709, loss 0.469761, accuracy 78.378 %, best 78.462 %
Finished training it 45568/153485 of epoch 0, 15.45 ms/it, NE 0.833008, loss 0.463095
Testing at - 45568/153485 of epoch 0,  NE 0.818260, loss 0.470077, accuracy 78.293 %, best 78.462 %
Finished training it 46080/153485 of epoch 0, 14.81 ms/it, NE 0.832822, loss 0.465359
Testing at - 46080/153485 of epoch 0,  NE 0.817880, loss 0.469859, accuracy 78.475 %, best 78.475 %
Finished training it 46592/153485 of epoch 0, 13.96 ms/it, NE 0.832643, loss 0.464852
Testing at - 46592/153485 of epoch 0,  NE 0.816516, loss 0.469075, accuracy 78.364 %, best 78.475 %
Finished training it 47104/153485 of epoch 0, 13.45 ms/it, NE 0.832463, loss 0.463254
Testing at - 47104/153485 of epoch 0,  NE 0.815323, loss 0.468390, accuracy 78.455 %, best 78.475 %
Finished training it 47616/153485 of epoch 0, 15.33 ms/it, NE 0.832252, loss 0.461817
Testing at - 47616/153485 of epoch 0,  NE 0.815673, loss 0.468591, accuracy 78.469 %, best 78.475 %
Finished training it 48128/153485 of epoch 0, 16.72 ms/it, NE 0.832030, loss 0.462153
Testing at - 48128/153485 of epoch 0,  NE 0.821550, loss 0.471967, accuracy 78.244 %, best 78.475 %
Finished training it 48640/153485 of epoch 0, 16.44 ms/it, NE 0.831836, loss 0.461657
Testing at - 48640/153485 of epoch 0,  NE 0.814435, loss 0.467880, accuracy 78.472 %, best 78.475 %
Finished training it 49152/153485 of epoch 0, 17.54 ms/it, NE 0.831650, loss 0.461659
Testing at - 49152/153485 of epoch 0,  NE 0.814623, loss 0.467988, accuracy 78.479 %, best 78.479 %
Finished training it 49664/153485 of epoch 0, 18.80 ms/it, NE 0.831488, loss 0.463287
Testing at - 49664/153485 of epoch 0,  NE 0.819220, loss 0.470629, accuracy 78.341 %, best 78.479 %
Finished training it 50176/153485 of epoch 0, 17.31 ms/it, NE 0.831306, loss 0.463102
Testing at - 50176/153485 of epoch 0,  NE 0.813858, loss 0.467548, accuracy 78.485 %, best 78.485 %
Finished training it 50688/153485 of epoch 0, 18.34 ms/it, NE 0.831095, loss 0.462600
Testing at - 50688/153485 of epoch 0,  NE 0.815764, loss 0.468644, accuracy 78.503 %, best 78.503 %
Finished training it 51200/153485 of epoch 0, 16.03 ms/it, NE 0.830925, loss 0.463665
Testing at - 51200/153485 of epoch 0,  NE 0.817366, loss 0.469564, accuracy 78.399 %, best 78.503 %
Finished training it 51712/153485 of epoch 0, 16.78 ms/it, NE 0.830770, loss 0.463483
Testing at - 51712/153485 of epoch 0,  NE 0.817831, loss 0.469831, accuracy 78.403 %, best 78.503 %
Finished training it 52224/153485 of epoch 0, 17.92 ms/it, NE 0.830622, loss 0.463585
Testing at - 52224/153485 of epoch 0,  NE 0.818591, loss 0.470268, accuracy 78.340 %, best 78.503 %
Finished training it 52736/153485 of epoch 0, 19.31 ms/it, NE 0.830504, loss 0.463340
Testing at - 52736/153485 of epoch 0,  NE 0.814413, loss 0.467867, accuracy 78.534 %, best 78.534 %
Finished training it 53248/153485 of epoch 0, 17.18 ms/it, NE 0.830344, loss 0.461419
Testing at - 53248/153485 of epoch 0,  NE 0.819205, loss 0.470620, accuracy 78.334 %, best 78.534 %
Finished training it 53760/153485 of epoch 0, 16.43 ms/it, NE 0.830173, loss 0.461707
Testing at - 53760/153485 of epoch 0,  NE 0.817149, loss 0.469439, accuracy 78.382 %, best 78.534 %
Finished training it 54272/153485 of epoch 0, 19.60 ms/it, NE 0.829988, loss 0.462052
Testing at - 54272/153485 of epoch 0,  NE 0.812838, loss 0.466963, accuracy 78.523 %, best 78.534 %
Finished training it 54784/153485 of epoch 0, 19.37 ms/it, NE 0.829814, loss 0.461900
Testing at - 54784/153485 of epoch 0,  NE 0.813048, loss 0.467083, accuracy 78.516 %, best 78.534 %
Finished training it 55296/153485 of epoch 0, 17.01 ms/it, NE 0.829680, loss 0.462767
Testing at - 55296/153485 of epoch 0,  NE 0.811969, loss 0.466463, accuracy 78.540 %, best 78.540 %
Finished training it 55808/153485 of epoch 0, 21.50 ms/it, NE 0.829553, loss 0.464636
Testing at - 55808/153485 of epoch 0,  NE 0.815014, loss 0.468213, accuracy 78.454 %, best 78.540 %
Finished training it 56320/153485 of epoch 0, 14.47 ms/it, NE 0.829423, loss 0.463755
Testing at - 56320/153485 of epoch 0,  NE 0.815051, loss 0.468234, accuracy 78.508 %, best 78.540 %
Finished training it 56832/153485 of epoch 0, 16.35 ms/it, NE 0.829281, loss 0.463509
Testing at - 56832/153485 of epoch 0,  NE 0.813094, loss 0.467110, accuracy 78.545 %, best 78.545 %
Finished training it 57344/153485 of epoch 0, 15.55 ms/it, NE 0.829143, loss 0.461381
Testing at - 57344/153485 of epoch 0,  NE 0.815144, loss 0.468287, accuracy 78.455 %, best 78.545 %
Finished training it 57856/153485 of epoch 0, 15.96 ms/it, NE 0.828964, loss 0.460599
Testing at - 57856/153485 of epoch 0,  NE 0.817385, loss 0.469575, accuracy 78.452 %, best 78.545 %
Finished training it 58368/153485 of epoch 0, 17.54 ms/it, NE 0.828861, loss 0.463524
Testing at - 58368/153485 of epoch 0,  NE 0.814415, loss 0.467869, accuracy 78.520 %, best 78.545 %
Finished training it 58880/153485 of epoch 0, 17.40 ms/it, NE 0.828695, loss 0.460709
Testing at - 58880/153485 of epoch 0,  NE 0.812411, loss 0.466717, accuracy 78.519 %, best 78.545 %
Finished training it 59392/153485 of epoch 0, 14.39 ms/it, NE 0.828555, loss 0.462765
Testing at - 59392/153485 of epoch 0,  NE 0.816556, loss 0.469098, accuracy 78.324 %, best 78.545 %
Finished training it 59904/153485 of epoch 0, 13.24 ms/it, NE 0.828408, loss 0.464315
Testing at - 59904/153485 of epoch 0,  NE 0.819054, loss 0.470534, accuracy 78.297 %, best 78.545 %
Finished training it 60416/153485 of epoch 0, 14.02 ms/it, NE 0.828252, loss 0.458622
Testing at - 60416/153485 of epoch 0,  NE 0.811349, loss 0.466107, accuracy 78.547 %, best 78.547 %
Finished training it 60928/153485 of epoch 0, 14.25 ms/it, NE 0.828104, loss 0.460980
Testing at - 60928/153485 of epoch 0,  NE 0.814138, loss 0.467709, accuracy 78.486 %, best 78.547 %
Finished training it 61440/153485 of epoch 0, 12.90 ms/it, NE 0.827958, loss 0.461734
Testing at - 61440/153485 of epoch 0,  NE 0.811417, loss 0.466146, accuracy 78.549 %, best 78.549 %
Finished training it 61952/153485 of epoch 0, 13.07 ms/it, NE 0.827846, loss 0.464359
Testing at - 61952/153485 of epoch 0,  NE 0.812705, loss 0.466886, accuracy 78.586 %, best 78.586 %
Finished training it 62464/153485 of epoch 0, 14.58 ms/it, NE 0.827714, loss 0.460805
Testing at - 62464/153485 of epoch 0,  NE 0.812182, loss 0.466585, accuracy 78.497 %, best 78.586 %
Finished training it 62976/153485 of epoch 0, 14.72 ms/it, NE 0.827576, loss 0.462719
Testing at - 62976/153485 of epoch 0,  NE 0.812532, loss 0.466787, accuracy 78.480 %, best 78.586 %
Finished training it 63488/153485 of epoch 0, 13.49 ms/it, NE 0.827467, loss 0.463715
Testing at - 63488/153485 of epoch 0,  NE 0.812275, loss 0.466639, accuracy 78.520 %, best 78.586 %
Finished training it 64000/153485 of epoch 0, 13.02 ms/it, NE 0.827337, loss 0.460292
Testing at - 64000/153485 of epoch 0,  NE 0.811404, loss 0.466139, accuracy 78.526 %, best 78.586 %
Finished training it 64512/153485 of epoch 0, 13.79 ms/it, NE 0.827217, loss 0.461908
Testing at - 64512/153485 of epoch 0,  NE 0.811435, loss 0.466156, accuracy 78.530 %, best 78.586 %
Finished training it 65024/153485 of epoch 0, 13.78 ms/it, NE 0.827106, loss 0.463733
Testing at - 65024/153485 of epoch 0,  NE 0.813072, loss 0.467097, accuracy 78.527 %, best 78.586 %
Finished training it 65536/153485 of epoch 0, 14.11 ms/it, NE 0.827005, loss 0.462743
Testing at - 65536/153485 of epoch 0,  NE 0.812627, loss 0.466842, accuracy 78.570 %, best 78.586 %
Finished training it 66048/153485 of epoch 0, 14.66 ms/it, NE 0.826884, loss 0.462485
Testing at - 66048/153485 of epoch 0,  NE 0.812878, loss 0.466986, accuracy 78.557 %, best 78.586 %
Finished training it 66560/153485 of epoch 0, 13.80 ms/it, NE 0.826754, loss 0.460341
Testing at - 66560/153485 of epoch 0,  NE 0.814924, loss 0.468161, accuracy 78.484 %, best 78.586 %
Finished training it 67072/153485 of epoch 0, 14.02 ms/it, NE 0.826617, loss 0.460701
Testing at - 67072/153485 of epoch 0,  NE 0.812397, loss 0.466709, accuracy 78.601 %, best 78.601 %
Finished training it 67584/153485 of epoch 0, 14.27 ms/it, NE 0.826491, loss 0.458955
Testing at - 67584/153485 of epoch 0,  NE 0.809811, loss 0.465224, accuracy 78.602 %, best 78.602 %
Finished training it 68096/153485 of epoch 0, 14.19 ms/it, NE 0.826380, loss 0.461384
Testing at - 68096/153485 of epoch 0,  NE 0.813907, loss 0.467577, accuracy 78.530 %, best 78.602 %
Finished training it 68608/153485 of epoch 0, 13.93 ms/it, NE 0.826262, loss 0.461052
Testing at - 68608/153485 of epoch 0,  NE 0.812222, loss 0.466609, accuracy 78.590 %, best 78.602 %
Finished training it 69120/153485 of epoch 0, 14.11 ms/it, NE 0.826147, loss 0.462459
Testing at - 69120/153485 of epoch 0,  NE 0.810513, loss 0.465627, accuracy 78.567 %, best 78.602 %
Finished training it 69632/153485 of epoch 0, 17.49 ms/it, NE 0.826043, loss 0.461428
Testing at - 69632/153485 of epoch 0,  NE 0.813980, loss 0.467619, accuracy 78.480 %, best 78.602 %
Finished training it 70144/153485 of epoch 0, 20.17 ms/it, NE 0.825889, loss 0.457931
Testing at - 70144/153485 of epoch 0,  NE 0.811082, loss 0.465954, accuracy 78.574 %, best 78.602 %
Finished training it 70656/153485 of epoch 0, 15.21 ms/it, NE 0.825790, loss 0.460705
Testing at - 70656/153485 of epoch 0,  NE 0.810178, loss 0.465434, accuracy 78.599 %, best 78.602 %
Finished training it 71168/153485 of epoch 0, 17.53 ms/it, NE 0.825664, loss 0.458244
Testing at - 71168/153485 of epoch 0,  NE 0.810689, loss 0.465728, accuracy 78.573 %, best 78.602 %
Finished training it 71680/153485 of epoch 0, 15.54 ms/it, NE 0.825558, loss 0.459743
Testing at - 71680/153485 of epoch 0,  NE 0.824590, loss 0.473714, accuracy 77.953 %, best 78.602 %
Finished training it 72192/153485 of epoch 0, 13.34 ms/it, NE 0.825459, loss 0.460349
Testing at - 72192/153485 of epoch 0,  NE 0.810067, loss 0.465371, accuracy 78.620 %, best 78.620 %
Finished training it 72704/153485 of epoch 0, 13.60 ms/it, NE 0.825346, loss 0.462959
Testing at - 72704/153485 of epoch 0,  NE 0.814987, loss 0.468197, accuracy 78.531 %, best 78.620 %
Finished training it 73216/153485 of epoch 0, 15.05 ms/it, NE 0.825227, loss 0.458929
Testing at - 73216/153485 of epoch 0,  NE 0.809305, loss 0.464933, accuracy 78.622 %, best 78.622 %
Finished training it 73728/153485 of epoch 0, 17.94 ms/it, NE 0.825114, loss 0.458923
Testing at - 73728/153485 of epoch 0,  NE 0.813726, loss 0.467473, accuracy 78.473 %, best 78.622 %
Finished training it 74240/153485 of epoch 0, 17.53 ms/it, NE 0.824981, loss 0.457928
Testing at - 74240/153485 of epoch 0,  NE 0.809114, loss 0.464823, accuracy 78.603 %, best 78.622 %
Finished training it 74752/153485 of epoch 0, 18.41 ms/it, NE 0.824854, loss 0.458392
Testing at - 74752/153485 of epoch 0,  NE 0.811505, loss 0.466197, accuracy 78.575 %, best 78.622 %
Finished training it 75264/153485 of epoch 0, 15.96 ms/it, NE 0.824766, loss 0.460190
Testing at - 75264/153485 of epoch 0,  NE 0.808678, loss 0.464573, accuracy 78.616 %, best 78.622 %
Finished training it 75776/153485 of epoch 0, 21.89 ms/it, NE 0.824632, loss 0.456552
Testing at - 75776/153485 of epoch 0,  NE 0.817915, loss 0.469879, accuracy 78.269 %, best 78.622 %
Finished training it 76288/153485 of epoch 0, 17.87 ms/it, NE 0.824513, loss 0.457535
Testing at - 76288/153485 of epoch 0,  NE 0.809286, loss 0.464922, accuracy 78.600 %, best 78.622 %
Finished training it 76800/153485 of epoch 0, 16.62 ms/it, NE 0.824410, loss 0.460247
Testing at - 76800/153485 of epoch 0,  NE 0.811230, loss 0.466039, accuracy 78.489 %, best 78.622 %
Finished training it 77312/153485 of epoch 0, 16.90 ms/it, NE 0.824297, loss 0.458673
Testing at - 77312/153485 of epoch 0,  NE 0.809620, loss 0.465114, accuracy 78.628 %, best 78.628 %
Finished training it 77824/153485 of epoch 0, 17.28 ms/it, NE 0.824197, loss 0.459128
Testing at - 77824/153485 of epoch 0,  NE 0.808266, loss 0.464336, accuracy 78.638 %, best 78.638 %
Finished training it 78336/153485 of epoch 0, 17.46 ms/it, NE 0.824086, loss 0.458745
Testing at - 78336/153485 of epoch 0,  NE 0.808365, loss 0.464393, accuracy 78.629 %, best 78.638 %
Finished training it 78848/153485 of epoch 0, 16.37 ms/it, NE 0.823976, loss 0.456836
Testing at - 78848/153485 of epoch 0,  NE 0.808388, loss 0.464406, accuracy 78.649 %, best 78.649 %
Finished training it 79360/153485 of epoch 0, 17.90 ms/it, NE 0.823865, loss 0.459859
Testing at - 79360/153485 of epoch 0,  NE 0.809198, loss 0.464871, accuracy 78.614 %, best 78.649 %
Finished training it 79872/153485 of epoch 0, 18.44 ms/it, NE 0.823767, loss 0.459540
Testing at - 79872/153485 of epoch 0,  NE 0.814341, loss 0.467826, accuracy 78.511 %, best 78.649 %
Finished training it 80384/153485 of epoch 0, 18.01 ms/it, NE 0.823680, loss 0.459980
Testing at - 80384/153485 of epoch 0,  NE 0.809837, loss 0.465238, accuracy 78.644 %, best 78.649 %
Finished training it 80896/153485 of epoch 0, 21.45 ms/it, NE 0.823608, loss 0.461668
Testing at - 80896/153485 of epoch 0,  NE 0.808770, loss 0.464625, accuracy 78.649 %, best 78.649 %
Finished training it 81408/153485 of epoch 0, 18.16 ms/it, NE 0.823535, loss 0.461295
Testing at - 81408/153485 of epoch 0,  NE 0.812110, loss 0.466544, accuracy 78.533 %, best 78.649 %
Finished training it 81920/153485 of epoch 0, 17.08 ms/it, NE 0.823448, loss 0.461227
Testing at - 81920/153485 of epoch 0,  NE 0.811811, loss 0.466372, accuracy 78.580 %, best 78.649 %
Finished training it 82432/153485 of epoch 0, 13.94 ms/it, NE 0.823373, loss 0.459855
Testing at - 82432/153485 of epoch 0,  NE 0.810416, loss 0.465571, accuracy 78.582 %, best 78.649 %
Finished training it 82944/153485 of epoch 0, 14.31 ms/it, NE 0.823292, loss 0.460458
Testing at - 82944/153485 of epoch 0,  NE 0.810737, loss 0.465755, accuracy 78.623 %, best 78.649 %
Finished training it 83456/153485 of epoch 0, 14.54 ms/it, NE 0.823212, loss 0.461840
Testing at - 83456/153485 of epoch 0,  NE 0.811825, loss 0.466381, accuracy 78.486 %, best 78.649 %
Finished training it 83968/153485 of epoch 0, 20.53 ms/it, NE 0.823138, loss 0.461124
Testing at - 83968/153485 of epoch 0,  NE 0.809220, loss 0.464884, accuracy 78.666 %, best 78.666 %
Finished training it 84480/153485 of epoch 0, 15.67 ms/it, NE 0.823044, loss 0.458366
Testing at - 84480/153485 of epoch 0,  NE 0.808304, loss 0.464358, accuracy 78.656 %, best 78.666 %
Finished training it 84992/153485 of epoch 0, 14.91 ms/it, NE 0.822955, loss 0.459881
Testing at - 84992/153485 of epoch 0,  NE 0.809710, loss 0.465166, accuracy 78.563 %, best 78.666 %
Finished training it 85504/153485 of epoch 0, 17.22 ms/it, NE 0.822848, loss 0.456221
Testing at - 85504/153485 of epoch 0,  NE 0.811316, loss 0.466088, accuracy 78.551 %, best 78.666 %
Finished training it 86016/153485 of epoch 0, 14.97 ms/it, NE 0.822763, loss 0.458307
Testing at - 86016/153485 of epoch 0,  NE 0.808345, loss 0.464382, accuracy 78.659 %, best 78.666 %
Finished training it 86528/153485 of epoch 0, 14.29 ms/it, NE 0.822682, loss 0.460730
Testing at - 86528/153485 of epoch 0,  NE 0.808876, loss 0.464686, accuracy 78.647 %, best 78.666 %
Finished training it 87040/153485 of epoch 0, 14.11 ms/it, NE 0.822584, loss 0.458398
Testing at - 87040/153485 of epoch 0,  NE 0.808749, loss 0.464613, accuracy 78.638 %, best 78.666 %
Finished training it 87552/153485 of epoch 0, 14.05 ms/it, NE 0.822495, loss 0.458963
Testing at - 87552/153485 of epoch 0,  NE 0.809640, loss 0.465125, accuracy 78.635 %, best 78.666 %
Finished training it 88064/153485 of epoch 0, 15.05 ms/it, NE 0.822411, loss 0.458690
Testing at - 88064/153485 of epoch 0,  NE 0.807741, loss 0.464035, accuracy 78.669 %, best 78.669 %
Finished training it 88576/153485 of epoch 0, 14.98 ms/it, NE 0.822297, loss 0.455707
Testing at - 88576/153485 of epoch 0,  NE 0.810371, loss 0.465545, accuracy 78.598 %, best 78.669 %
Finished training it 89088/153485 of epoch 0, 16.15 ms/it, NE 0.822208, loss 0.457941
Testing at - 89088/153485 of epoch 0,  NE 0.809044, loss 0.464783, accuracy 78.581 %, best 78.669 %
Finished training it 89600/153485 of epoch 0, 14.85 ms/it, NE 0.822117, loss 0.458052
Testing at - 89600/153485 of epoch 0,  NE 0.808381, loss 0.464402, accuracy 78.660 %, best 78.669 %
Finished training it 90112/153485 of epoch 0, 14.05 ms/it, NE 0.822041, loss 0.459664
Testing at - 90112/153485 of epoch 0,  NE 0.807621, loss 0.463965, accuracy 78.654 %, best 78.669 %
Finished training it 90624/153485 of epoch 0, 14.48 ms/it, NE 0.821974, loss 0.460370
Testing at - 90624/153485 of epoch 0,  NE 0.807951, loss 0.464155, accuracy 78.674 %, best 78.674 %
Finished training it 91136/153485 of epoch 0, 15.13 ms/it, NE 0.821905, loss 0.460594
Testing at - 91136/153485 of epoch 0,  NE 0.812482, loss 0.466758, accuracy 78.546 %, best 78.674 %
Finished training it 91648/153485 of epoch 0, 15.86 ms/it, NE 0.821831, loss 0.459037
Testing at - 91648/153485 of epoch 0,  NE 0.806830, loss 0.463511, accuracy 78.692 %, best 78.692 %
Finished training it 92160/153485 of epoch 0, 14.94 ms/it, NE 0.821753, loss 0.459143
Testing at - 92160/153485 of epoch 0,  NE 0.808654, loss 0.464559, accuracy 78.697 %, best 78.697 %
Finished training it 92672/153485 of epoch 0, 14.42 ms/it, NE 0.821687, loss 0.461183
Testing at - 92672/153485 of epoch 0,  NE 0.808293, loss 0.464352, accuracy 78.680 %, best 78.697 %
Finished training it 93184/153485 of epoch 0, 14.34 ms/it, NE 0.821610, loss 0.458632
Testing at - 93184/153485 of epoch 0,  NE 0.809498, loss 0.465044, accuracy 78.587 %, best 78.697 %
Finished training it 93696/153485 of epoch 0, 13.73 ms/it, NE 0.821526, loss 0.459585
Testing at - 93696/153485 of epoch 0,  NE 0.809621, loss 0.465114, accuracy 78.659 %, best 78.697 %
Finished training it 94208/153485 of epoch 0, 13.52 ms/it, NE 0.821444, loss 0.457191
Testing at - 94208/153485 of epoch 0,  NE 0.808579, loss 0.464516, accuracy 78.588 %, best 78.697 %
Finished training it 94720/153485 of epoch 0, 14.91 ms/it, NE 0.821388, loss 0.462353
Testing at - 94720/153485 of epoch 0,  NE 0.809284, loss 0.464921, accuracy 78.642 %, best 78.697 %
Finished training it 95232/153485 of epoch 0, 15.84 ms/it, NE 0.821339, loss 0.459676
Testing at - 95232/153485 of epoch 0,  NE 0.807331, loss 0.463799, accuracy 78.690 %, best 78.697 %
Finished training it 95744/153485 of epoch 0, 15.92 ms/it, NE 0.821267, loss 0.458020
Testing at - 95744/153485 of epoch 0,  NE 0.807317, loss 0.463791, accuracy 78.682 %, best 78.697 %
Finished training it 96256/153485 of epoch 0, 17.10 ms/it, NE 0.821177, loss 0.455634
Testing at - 96256/153485 of epoch 0,  NE 0.807138, loss 0.463688, accuracy 78.694 %, best 78.697 %
Finished training it 96768/153485 of epoch 0, 19.81 ms/it, NE 0.821100, loss 0.459001
Testing at - 96768/153485 of epoch 0,  NE 0.807387, loss 0.463831, accuracy 78.708 %, best 78.708 %
Finished training it 97280/153485 of epoch 0, 16.15 ms/it, NE 0.821021, loss 0.458849
Testing at - 97280/153485 of epoch 0,  NE 0.808395, loss 0.464410, accuracy 78.638 %, best 78.708 %
Finished training it 97792/153485 of epoch 0, 17.07 ms/it, NE 0.820956, loss 0.461519
Testing at - 97792/153485 of epoch 0,  NE 0.808036, loss 0.464204, accuracy 78.702 %, best 78.708 %
Finished training it 98304/153485 of epoch 0, 16.33 ms/it, NE 0.820888, loss 0.459800
Testing at - 98304/153485 of epoch 0,  NE 0.809618, loss 0.465113, accuracy 78.666 %, best 78.708 %
Finished training it 98816/153485 of epoch 0, 13.33 ms/it, NE 0.820810, loss 0.459507
Testing at - 98816/153485 of epoch 0,  NE 0.808472, loss 0.464454, accuracy 78.687 %, best 78.708 %
Finished training it 99328/153485 of epoch 0, 13.06 ms/it, NE 0.820732, loss 0.458618
Testing at - 99328/153485 of epoch 0,  NE 0.806276, loss 0.463193, accuracy 78.690 %, best 78.708 %
Finished training it 99840/153485 of epoch 0, 14.33 ms/it, NE 0.820670, loss 0.460739
Testing at - 99840/153485 of epoch 0,  NE 0.808409, loss 0.464418, accuracy 78.696 %, best 78.708 %
Finished training it 100352/153485 of epoch 0, 15.90 ms/it, NE 0.820608, loss 0.459183
Testing at - 100352/153485 of epoch 0,  NE 0.813255, loss 0.467202, accuracy 78.398 %, best 78.708 %
Finished training it 100864/153485 of epoch 0, 14.02 ms/it, NE 0.820544, loss 0.459053
Testing at - 100864/153485 of epoch 0,  NE 0.809202, loss 0.464874, accuracy 78.629 %, best 78.708 %
Finished training it 101376/153485 of epoch 0, 14.57 ms/it, NE 0.820479, loss 0.457584
Testing at - 101376/153485 of epoch 0,  NE 0.806762, loss 0.463472, accuracy 78.706 %, best 78.708 %
Finished training it 101888/153485 of epoch 0, 15.09 ms/it, NE 0.820403, loss 0.456917
Testing at - 101888/153485 of epoch 0,  NE 0.807434, loss 0.463858, accuracy 78.694 %, best 78.708 %
Finished training it 102400/153485 of epoch 0, 15.99 ms/it, NE 0.820320, loss 0.456468
Testing at - 102400/153485 of epoch 0,  NE 0.808376, loss 0.464399, accuracy 78.665 %, best 78.708 %
Finished training it 102912/153485 of epoch 0, 14.17 ms/it, NE 0.820261, loss 0.458543
Testing at - 102912/153485 of epoch 0,  NE 0.809715, loss 0.465168, accuracy 78.601 %, best 78.708 %
Finished training it 103424/153485 of epoch 0, 15.08 ms/it, NE 0.820197, loss 0.456140
Testing at - 103424/153485 of epoch 0,  NE 0.806666, loss 0.463417, accuracy 78.692 %, best 78.708 %
Finished training it 103936/153485 of epoch 0, 17.13 ms/it, NE 0.820123, loss 0.457573
Testing at - 103936/153485 of epoch 0,  NE 0.807619, loss 0.463964, accuracy 78.647 %, best 78.708 %
Finished training it 104448/153485 of epoch 0, 14.62 ms/it, NE 0.820055, loss 0.459544
Testing at - 104448/153485 of epoch 0,  NE 0.806085, loss 0.463083, accuracy 78.736 %, best 78.736 %
Finished training it 104960/153485 of epoch 0, 15.82 ms/it, NE 0.819978, loss 0.457147
Testing at - 104960/153485 of epoch 0,  NE 0.807866, loss 0.464106, accuracy 78.663 %, best 78.736 %
Finished training it 105472/153485 of epoch 0, 13.74 ms/it, NE 0.819902, loss 0.458168
Testing at - 105472/153485 of epoch 0,  NE 0.807133, loss 0.463685, accuracy 78.623 %, best 78.736 %
Finished training it 105984/153485 of epoch 0, 13.73 ms/it, NE 0.819825, loss 0.456610
Testing at - 105984/153485 of epoch 0,  NE 0.806708, loss 0.463441, accuracy 78.688 %, best 78.736 %
Finished training it 106496/153485 of epoch 0, 19.57 ms/it, NE 0.819754, loss 0.456147
Testing at - 106496/153485 of epoch 0,  NE 0.811298, loss 0.466078, accuracy 78.574 %, best 78.736 %
Finished training it 107008/153485 of epoch 0, 22.27 ms/it, NE 0.819679, loss 0.457896
Testing at - 107008/153485 of epoch 0,  NE 0.805053, loss 0.462490, accuracy 78.730 %, best 78.736 %
Finished training it 107520/153485 of epoch 0, 24.05 ms/it, NE 0.819609, loss 0.456776
Testing at - 107520/153485 of epoch 0,  NE 0.807948, loss 0.464153, accuracy 78.657 %, best 78.736 %
Finished training it 108032/153485 of epoch 0, 17.04 ms/it, NE 0.819517, loss 0.455815
Testing at - 108032/153485 of epoch 0,  NE 0.805830, loss 0.462937, accuracy 78.712 %, best 78.736 %
Finished training it 108544/153485 of epoch 0, 18.77 ms/it, NE 0.819448, loss 0.457361
Testing at - 108544/153485 of epoch 0,  NE 0.806884, loss 0.463542, accuracy 78.697 %, best 78.736 %
Finished training it 109056/153485 of epoch 0, 18.83 ms/it, NE 0.819387, loss 0.457835
Testing at - 109056/153485 of epoch 0,  NE 0.811463, loss 0.466173, accuracy 78.487 %, best 78.736 %
Finished training it 109568/153485 of epoch 0, 16.90 ms/it, NE 0.819317, loss 0.457419
Testing at - 109568/153485 of epoch 0,  NE 0.807214, loss 0.463731, accuracy 78.689 %, best 78.736 %
Finished training it 110080/153485 of epoch 0, 21.87 ms/it, NE 0.819240, loss 0.456036
Testing at - 110080/153485 of epoch 0,  NE 0.805865, loss 0.462957, accuracy 78.735 %, best 78.736 %
Finished training it 110592/153485 of epoch 0, 17.80 ms/it, NE 0.819162, loss 0.455083
Testing at - 110592/153485 of epoch 0,  NE 0.808265, loss 0.464335, accuracy 78.605 %, best 78.736 %
Finished training it 111104/153485 of epoch 0, 15.32 ms/it, NE 0.819101, loss 0.458619
Testing at - 111104/153485 of epoch 0,  NE 0.805345, loss 0.462658, accuracy 78.745 %, best 78.745 %
Finished training it 111616/153485 of epoch 0, 16.60 ms/it, NE 0.819025, loss 0.458305
Testing at - 111616/153485 of epoch 0,  NE 0.809833, loss 0.465236, accuracy 78.667 %, best 78.745 %
Finished training it 112128/153485 of epoch 0, 25.80 ms/it, NE 0.818971, loss 0.459002
Testing at - 112128/153485 of epoch 0,  NE 0.805423, loss 0.462703, accuracy 78.734 %, best 78.745 %
Finished training it 112640/153485 of epoch 0, 14.46 ms/it, NE 0.818908, loss 0.459687
Testing at - 112640/153485 of epoch 0,  NE 0.806353, loss 0.463237, accuracy 78.743 %, best 78.745 %
Finished training it 113152/153485 of epoch 0, 13.78 ms/it, NE 0.818833, loss 0.455424
Testing at - 113152/153485 of epoch 0,  NE 0.805235, loss 0.462595, accuracy 78.751 %, best 78.751 %
Finished training it 113664/153485 of epoch 0, 14.46 ms/it, NE 0.818775, loss 0.459887
Testing at - 113664/153485 of epoch 0,  NE 0.806434, loss 0.463284, accuracy 78.698 %, best 78.751 %
Finished training it 114176/153485 of epoch 0, 14.82 ms/it, NE 0.818726, loss 0.458348
Testing at - 114176/153485 of epoch 0,  NE 0.805560, loss 0.462781, accuracy 78.709 %, best 78.751 %
Finished training it 114688/153485 of epoch 0, 15.70 ms/it, NE 0.818654, loss 0.457075
Testing at - 114688/153485 of epoch 0,  NE 0.805482, loss 0.462736, accuracy 78.760 %, best 78.760 %
Finished training it 115200/153485 of epoch 0, 14.31 ms/it, NE 0.818591, loss 0.456893
Testing at - 115200/153485 of epoch 0,  NE 0.805145, loss 0.462543, accuracy 78.760 %, best 78.760 %
Finished training it 115712/153485 of epoch 0, 14.01 ms/it, NE 0.818525, loss 0.456667
Testing at - 115712/153485 of epoch 0,  NE 0.803712, loss 0.461720, accuracy 78.749 %, best 78.760 %
Finished training it 116224/153485 of epoch 0, 14.03 ms/it, NE 0.818458, loss 0.458100
Testing at - 116224/153485 of epoch 0,  NE 0.805657, loss 0.462837, accuracy 78.747 %, best 78.760 %
Finished training it 116736/153485 of epoch 0, 19.28 ms/it, NE 0.818407, loss 0.459033
Testing at - 116736/153485 of epoch 0,  NE 0.805036, loss 0.462481, accuracy 78.743 %, best 78.760 %
Finished training it 117248/153485 of epoch 0, 17.27 ms/it, NE 0.818355, loss 0.457936
Testing at - 117248/153485 of epoch 0,  NE 0.804067, loss 0.461924, accuracy 78.727 %, best 78.760 %
Finished training it 117760/153485 of epoch 0, 17.59 ms/it, NE 0.818296, loss 0.457554
Testing at - 117760/153485 of epoch 0,  NE 0.805130, loss 0.462534, accuracy 78.765 %, best 78.765 %
Finished training it 118272/153485 of epoch 0, 16.07 ms/it, NE 0.818242, loss 0.460366
Testing at - 118272/153485 of epoch 0,  NE 0.805070, loss 0.462500, accuracy 78.744 %, best 78.765 %
Finished training it 118784/153485 of epoch 0, 14.77 ms/it, NE 0.818187, loss 0.456559
Testing at - 118784/153485 of epoch 0,  NE 0.811908, loss 0.466428, accuracy 78.430 %, best 78.765 %
Finished training it 119296/153485 of epoch 0, 13.36 ms/it, NE 0.818138, loss 0.457902
Testing at - 119296/153485 of epoch 0,  NE 0.805095, loss 0.462515, accuracy 78.769 %, best 78.769 %
Finished training it 119808/153485 of epoch 0, 14.98 ms/it, NE 0.818079, loss 0.460537
Testing at - 119808/153485 of epoch 0,  NE 0.804784, loss 0.462336, accuracy 78.770 %, best 78.770 %
Finished training it 120320/153485 of epoch 0, 18.43 ms/it, NE 0.818022, loss 0.457461
Testing at - 120320/153485 of epoch 0,  NE 0.805261, loss 0.462609, accuracy 78.747 %, best 78.770 %
Finished training it 120832/153485 of epoch 0, 19.59 ms/it, NE 0.817959, loss 0.455382
Testing at - 120832/153485 of epoch 0,  NE 0.804536, loss 0.462193, accuracy 78.723 %, best 78.770 %
Finished training it 121344/153485 of epoch 0, 15.48 ms/it, NE 0.817894, loss 0.456995
Testing at - 121344/153485 of epoch 0,  NE 0.805319, loss 0.462643, accuracy 78.715 %, best 78.770 %
Finished training it 121856/153485 of epoch 0, 15.52 ms/it, NE 0.817840, loss 0.457037
Testing at - 121856/153485 of epoch 0,  NE 0.804292, loss 0.462053, accuracy 78.766 %, best 78.770 %
Finished training it 122368/153485 of epoch 0, 18.47 ms/it, NE 0.817791, loss 0.457973
Testing at - 122368/153485 of epoch 0,  NE 0.804382, loss 0.462105, accuracy 78.756 %, best 78.770 %
Finished training it 122880/153485 of epoch 0, 24.10 ms/it, NE 0.817724, loss 0.456868
Testing at - 122880/153485 of epoch 0,  NE 0.807449, loss 0.463867, accuracy 78.706 %, best 78.770 %
Finished training it 123392/153485 of epoch 0, 19.73 ms/it, NE 0.817663, loss 0.455943
Testing at - 123392/153485 of epoch 0,  NE 0.803130, loss 0.461385, accuracy 78.781 %, best 78.781 %
Finished training it 123904/153485 of epoch 0, 20.12 ms/it, NE 0.817599, loss 0.455245
Testing at - 123904/153485 of epoch 0,  NE 0.803177, loss 0.461413, accuracy 78.775 %, best 78.781 %
Finished training it 124416/153485 of epoch 0, 17.40 ms/it, NE 0.817541, loss 0.456151
Testing at - 124416/153485 of epoch 0,  NE 0.804496, loss 0.462170, accuracy 78.788 %, best 78.788 %
Finished training it 124928/153485 of epoch 0, 15.26 ms/it, NE 0.817498, loss 0.458783
Testing at - 124928/153485 of epoch 0,  NE 0.807680, loss 0.463999, accuracy 78.644 %, best 78.788 %
Finished training it 125440/153485 of epoch 0, 16.51 ms/it, NE 0.817443, loss 0.457781
Testing at - 125440/153485 of epoch 0,  NE 0.804757, loss 0.462320, accuracy 78.779 %, best 78.788 %
Finished training it 125952/153485 of epoch 0, 17.37 ms/it, NE 0.817396, loss 0.457616
Testing at - 125952/153485 of epoch 0,  NE 0.804473, loss 0.462157, accuracy 78.773 %, best 78.788 %
Finished training it 126464/153485 of epoch 0, 16.39 ms/it, NE 0.817316, loss 0.455084
Testing at - 126464/153485 of epoch 0,  NE 0.803457, loss 0.461573, accuracy 78.783 %, best 78.788 %
Finished training it 126976/153485 of epoch 0, 24.79 ms/it, NE 0.817253, loss 0.455983
Testing at - 126976/153485 of epoch 0,  NE 0.803274, loss 0.461468, accuracy 78.773 %, best 78.788 %
Finished training it 127488/153485 of epoch 0, 16.93 ms/it, NE 0.817197, loss 0.456856
Testing at - 127488/153485 of epoch 0,  NE 0.805015, loss 0.462469, accuracy 78.728 %, best 78.788 %
Finished training it 128000/153485 of epoch 0, 26.73 ms/it, NE 0.817154, loss 0.458580
Testing at - 128000/153485 of epoch 0,  NE 0.805405, loss 0.462692, accuracy 78.759 %, best 78.788 %
Finished training it 128512/153485 of epoch 0, 18.13 ms/it, NE 0.817097, loss 0.456702
Testing at - 128512/153485 of epoch 0,  NE 0.806078, loss 0.463079, accuracy 78.750 %, best 78.788 %
Finished training it 129024/153485 of epoch 0, 18.19 ms/it, NE 0.817038, loss 0.455945
Testing at - 129024/153485 of epoch 0,  NE 0.804964, loss 0.462439, accuracy 78.736 %, best 78.788 %
Finished training it 129536/153485 of epoch 0, 25.25 ms/it, NE 0.816984, loss 0.454876
Testing at - 129536/153485 of epoch 0,  NE 0.805325, loss 0.462647, accuracy 78.737 %, best 78.788 %
Finished training it 130048/153485 of epoch 0, 17.70 ms/it, NE 0.816929, loss 0.455568
Testing at - 130048/153485 of epoch 0,  NE 0.804147, loss 0.461969, accuracy 78.775 %, best 78.788 %
Finished training it 130560/153485 of epoch 0, 15.10 ms/it, NE 0.816872, loss 0.457536
Testing at - 130560/153485 of epoch 0,  NE 0.804037, loss 0.461907, accuracy 78.790 %, best 78.790 %
Finished training it 131072/153485 of epoch 0, 16.48 ms/it, NE 0.816822, loss 0.456191
Testing at - 131072/153485 of epoch 0,  NE 0.808278, loss 0.464343, accuracy 78.660 %, best 78.790 %
Finished training it 131584/153485 of epoch 0, 18.81 ms/it, NE 0.816773, loss 0.458699
Testing at - 131584/153485 of epoch 0,  NE 0.806916, loss 0.463561, accuracy 78.698 %, best 78.790 %
Finished training it 132096/153485 of epoch 0, 21.06 ms/it, NE 0.816720, loss 0.457953
Testing at - 132096/153485 of epoch 0,  NE 0.804310, loss 0.462063, accuracy 78.763 %, best 78.790 %
Finished training it 132608/153485 of epoch 0, 19.29 ms/it, NE 0.816663, loss 0.455131
Testing at - 132608/153485 of epoch 0,  NE 0.803153, loss 0.461399, accuracy 78.781 %, best 78.790 %
Finished training it 133120/153485 of epoch 0, 24.07 ms/it, NE 0.816603, loss 0.455536
Testing at - 133120/153485 of epoch 0,  NE 0.804699, loss 0.462287, accuracy 78.798 %, best 78.798 %
Finished training it 133632/153485 of epoch 0, 21.60 ms/it, NE 0.816554, loss 0.458391
Testing at - 133632/153485 of epoch 0,  NE 0.815716, loss 0.468616, accuracy 78.275 %, best 78.798 %
Finished training it 134144/153485 of epoch 0, 17.10 ms/it, NE 0.816516, loss 0.458145
Testing at - 134144/153485 of epoch 0,  NE 0.805857, loss 0.462952, accuracy 78.745 %, best 78.798 %
Finished training it 134656/153485 of epoch 0, 18.71 ms/it, NE 0.816464, loss 0.455186
Testing at - 134656/153485 of epoch 0,  NE 0.806530, loss 0.463339, accuracy 78.733 %, best 78.798 %
Finished training it 135168/153485 of epoch 0, 16.49 ms/it, NE 0.816413, loss 0.457595
Testing at - 135168/153485 of epoch 0,  NE 0.803871, loss 0.461811, accuracy 78.799 %, best 78.799 %
Finished training it 135680/153485 of epoch 0, 18.15 ms/it, NE 0.816353, loss 0.453731
Testing at - 135680/153485 of epoch 0,  NE 0.803107, loss 0.461372, accuracy 78.795 %, best 78.799 %
Finished training it 136192/153485 of epoch 0, 14.77 ms/it, NE 0.816308, loss 0.457287
Testing at - 136192/153485 of epoch 0,  NE 0.807823, loss 0.464081, accuracy 78.623 %, best 78.799 %
Finished training it 136704/153485 of epoch 0, 19.21 ms/it, NE 0.816259, loss 0.456278
Testing at - 136704/153485 of epoch 0,  NE 0.803598, loss 0.461654, accuracy 78.809 %, best 78.809 %
Finished training it 137216/153485 of epoch 0, 12.53 ms/it, NE 0.816208, loss 0.456684
Testing at - 137216/153485 of epoch 0,  NE 0.803448, loss 0.461568, accuracy 78.796 %, best 78.809 %
Finished training it 137728/153485 of epoch 0, 14.91 ms/it, NE 0.816163, loss 0.457814
Testing at - 137728/153485 of epoch 0,  NE 0.805359, loss 0.462666, accuracy 78.784 %, best 78.809 %
Finished training it 138240/153485 of epoch 0, 14.79 ms/it, NE 0.816116, loss 0.456860
Testing at - 138240/153485 of epoch 0,  NE 0.804328, loss 0.462074, accuracy 78.782 %, best 78.809 %
Finished training it 138752/153485 of epoch 0, 15.86 ms/it, NE 0.816057, loss 0.453499
Testing at - 138752/153485 of epoch 0,  NE 0.803873, loss 0.461812, accuracy 78.786 %, best 78.809 %
Finished training it 139264/153485 of epoch 0, 14.45 ms/it, NE 0.816014, loss 0.459374
Testing at - 139264/153485 of epoch 0,  NE 0.806500, loss 0.463321, accuracy 78.640 %, best 78.809 %
Finished training it 139776/153485 of epoch 0, 15.45 ms/it, NE 0.815976, loss 0.459481
Testing at - 139776/153485 of epoch 0,  NE 0.802804, loss 0.461198, accuracy 78.843 %, best 78.843 %
Finished training it 140288/153485 of epoch 0, 16.79 ms/it, NE 0.815932, loss 0.457521
Testing at - 140288/153485 of epoch 0,  NE 0.804481, loss 0.462162, accuracy 78.790 %, best 78.843 %
Finished training it 140800/153485 of epoch 0, 16.23 ms/it, NE 0.815894, loss 0.455231
Testing at - 140800/153485 of epoch 0,  NE 0.804662, loss 0.462266, accuracy 78.751 %, best 78.843 %
Finished training it 141312/153485 of epoch 0, 18.67 ms/it, NE 0.815846, loss 0.454679
Testing at - 141312/153485 of epoch 0,  NE 0.804033, loss 0.461904, accuracy 78.783 %, best 78.843 %
Finished training it 141824/153485 of epoch 0, 14.59 ms/it, NE 0.815803, loss 0.457348
Testing at - 141824/153485 of epoch 0,  NE 0.803915, loss 0.461837, accuracy 78.781 %, best 78.843 %
Finished training it 142336/153485 of epoch 0, 15.60 ms/it, NE 0.815764, loss 0.455893
Testing at - 142336/153485 of epoch 0,  NE 0.804799, loss 0.462344, accuracy 78.756 %, best 78.843 %
Finished training it 142848/153485 of epoch 0, 15.57 ms/it, NE 0.815717, loss 0.455426
Testing at - 142848/153485 of epoch 0,  NE 0.805096, loss 0.462515, accuracy 78.759 %, best 78.843 %
Finished training it 143360/153485 of epoch 0, 18.49 ms/it, NE 0.815685, loss 0.458496
Testing at - 143360/153485 of epoch 0,  NE 0.802485, loss 0.461015, accuracy 78.831 %, best 78.843 %
Finished training it 143872/153485 of epoch 0, 17.54 ms/it, NE 0.815630, loss 0.454078
Testing at - 143872/153485 of epoch 0,  NE 0.802165, loss 0.460831, accuracy 78.836 %, best 78.843 %
Finished training it 144384/153485 of epoch 0, 16.85 ms/it, NE 0.815577, loss 0.455180
Testing at - 144384/153485 of epoch 0,  NE 0.807007, loss 0.463613, accuracy 78.610 %, best 78.843 %
Finished training it 144896/153485 of epoch 0, 17.38 ms/it, NE 0.815530, loss 0.454635
Testing at - 144896/153485 of epoch 0,  NE 0.802342, loss 0.460933, accuracy 78.830 %, best 78.843 %
Finished training it 145408/153485 of epoch 0, 19.42 ms/it, NE 0.815488, loss 0.457711
Testing at - 145408/153485 of epoch 0,  NE 0.802989, loss 0.461304, accuracy 78.822 %, best 78.843 %
Finished training it 145920/153485 of epoch 0, 16.97 ms/it, NE 0.815444, loss 0.454249
Testing at - 145920/153485 of epoch 0,  NE 0.807584, loss 0.463944, accuracy 78.683 %, best 78.843 %
Finished training it 146432/153485 of epoch 0, 19.14 ms/it, NE 0.815388, loss 0.456434
Testing at - 146432/153485 of epoch 0,  NE 0.802864, loss 0.461233, accuracy 78.823 %, best 78.843 %
Finished training it 146944/153485 of epoch 0, 17.53 ms/it, NE 0.815340, loss 0.457107
Testing at - 146944/153485 of epoch 0,  NE 0.804610, loss 0.462236, accuracy 78.786 %, best 78.843 %
Finished training it 147456/153485 of epoch 0, 14.64 ms/it, NE 0.815291, loss 0.455353
Testing at - 147456/153485 of epoch 0,  NE 0.802556, loss 0.461055, accuracy 78.853 %, best 78.853 %
Finished training it 147968/153485 of epoch 0, 14.99 ms/it, NE 0.815252, loss 0.456020
Testing at - 147968/153485 of epoch 0,  NE 0.803022, loss 0.461324, accuracy 78.809 %, best 78.853 %
Finished training it 148480/153485 of epoch 0, 13.11 ms/it, NE 0.815206, loss 0.457049
Testing at - 148480/153485 of epoch 0,  NE 0.803773, loss 0.461755, accuracy 78.802 %, best 78.853 %
Finished training it 148992/153485 of epoch 0, 18.56 ms/it, NE 0.815174, loss 0.459375
Testing at - 148992/153485 of epoch 0,  NE 0.803014, loss 0.461319, accuracy 78.816 %, best 78.853 %
Finished training it 149504/153485 of epoch 0, 14.20 ms/it, NE 0.815132, loss 0.459000
Testing at - 149504/153485 of epoch 0,  NE 0.803329, loss 0.461500, accuracy 78.832 %, best 78.853 %
Finished training it 150016/153485 of epoch 0, 14.38 ms/it, NE 0.815084, loss 0.455786
Testing at - 150016/153485 of epoch 0,  NE 0.803080, loss 0.461357, accuracy 78.821 %, best 78.853 %
Finished training it 150528/153485 of epoch 0, 14.18 ms/it, NE 0.815047, loss 0.455454
Testing at - 150528/153485 of epoch 0,  NE 0.803221, loss 0.461438, accuracy 78.813 %, best 78.853 %
Finished training it 151040/153485 of epoch 0, 13.98 ms/it, NE 0.814999, loss 0.455011
Testing at - 151040/153485 of epoch 0,  NE 0.803296, loss 0.461481, accuracy 78.760 %, best 78.853 %
Finished training it 151552/153485 of epoch 0, 13.96 ms/it, NE 0.814957, loss 0.456359
Testing at - 151552/153485 of epoch 0,  NE 0.805804, loss 0.462922, accuracy 78.706 %, best 78.853 %
Finished training it 152064/153485 of epoch 0, 13.45 ms/it, NE 0.814920, loss 0.456536
Testing at - 152064/153485 of epoch 0,  NE 0.803150, loss 0.461397, accuracy 78.832 %, best 78.853 %
Finished training it 152576/153485 of epoch 0, 15.17 ms/it, NE 0.814876, loss 0.454094
Testing at - 152576/153485 of epoch 0,  NE 0.803723, loss 0.461726, accuracy 78.718 %, best 78.853 %
Finished training it 153088/153485 of epoch 0, 16.75 ms/it, NE 0.814826, loss 0.455548
Testing at - 153088/153485 of epoch 0,  NE 0.801652, loss 0.460536, accuracy 78.847 %, best 78.853 %
Finished training it 153485/153485 of epoch 0, 15.87 ms/it, NE 0.814786, loss 0.456781
Testing at - 153485/153485 of epoch 0,  NE 0.802518, loss 0.461034, accuracy 78.829 %, best 78.853 %
