NCCL version 2.9.6+cudaCUDA_MAJOR.CUDA_MINOR
Unable to import mlperf_logging,  No module named 'mlperf_logging'
world size: 1, current rank: 0, local rank: 0
Using 2 GPU(s)...
Reading pre-processed data=./input/kaggleAdDisplayChallenge_processed.npz
Sparse fea = 26, Dense fea = 13
Defined train indices...
Randomized indices across days ...
Split data according to indices...
Reading pre-processed data=./input/kaggleAdDisplayChallenge_processed.npz
Sparse fea = 26, Dense fea = 13
Defined test indices...
Randomized indices across days ...
Split data according to indices...
DLRM_Net(
  (bot_l): Sequential(
    (0): Linear(in_features=13, out_features=512, bias=True)
    (1): ReLU()
    (2): Linear(in_features=512, out_features=256, bias=True)
    (3): ReLU()
    (4): Linear(in_features=256, out_features=64, bias=True)
    (5): ReLU()
    (6): Linear(in_features=64, out_features=16, bias=True)
    (7): ReLU()
  )
  (top_l): Sequential(
    (0): Linear(in_features=367, out_features=512, bias=True)
    (1): ReLU()
    (2): Linear(in_features=512, out_features=256, bias=True)
    (3): ReLU()
    (4): Linear(in_features=256, out_features=1, bias=True)
    (5): Sigmoid()
  )
  (loss_fn): BCELoss()
)
Random uniform embeddings init: 0 size: 1461 dim: 16
Random uniform embeddings init: 1 size: 584 dim: 16
Random uniform embeddings init: 2 size: 10131227 dim: 16
Random uniform embeddings init: 3 size: 2202608 dim: 16
Random uniform embeddings init: 4 size: 306 dim: 16
Random uniform embeddings init: 5 size: 24 dim: 16
Random uniform embeddings init: 6 size: 12518 dim: 16
Random uniform embeddings init: 7 size: 634 dim: 16
Random uniform embeddings init: 8 size: 4 dim: 16
Random uniform embeddings init: 9 size: 93146 dim: 16
Random uniform embeddings init: 10 size: 5684 dim: 16
Random uniform embeddings init: 11 size: 8351593 dim: 16
Random uniform embeddings init: 12 size: 3195 dim: 16
Random uniform embeddings init: 13 size: 28 dim: 16
Random uniform embeddings init: 14 size: 14993 dim: 16
Random uniform embeddings init: 15 size: 5461306 dim: 16
Random uniform embeddings init: 16 size: 11 dim: 16
Random uniform embeddings init: 17 size: 5653 dim: 16
Random uniform embeddings init: 18 size: 2173 dim: 16
Random uniform embeddings init: 19 size: 4 dim: 16
Random uniform embeddings init: 20 size: 7046547 dim: 16
Random uniform embeddings init: 21 size: 18 dim: 16
Random uniform embeddings init: 22 size: 16 dim: 16
Random uniform embeddings init: 23 size: 286181 dim: 16
Random uniform embeddings init: 24 size: 105 dim: 16
Random uniform embeddings init: 25 size: 142572 dim: 16
time/loss/accuracy (if enabled):
Finished training it 512/153485 of epoch 0, 26.99 ms/it, NE 0.958780, loss 0.545264
Testing at - 512/153485 of epoch 0,  NE 0.940765, loss 0.540455, accuracy 75.510 %, best 75.510 %
Finished training it 1024/153485 of epoch 0, 15.71 ms/it, NE 0.946433, loss 0.531413
Testing at - 1024/153485 of epoch 0,  NE 0.913534, loss 0.524811, accuracy 75.963 %, best 75.963 %
Finished training it 1536/153485 of epoch 0, 14.68 ms/it, NE 0.939701, loss 0.526502
Testing at - 1536/153485 of epoch 0,  NE 0.917966, loss 0.527357, accuracy 76.130 %, best 76.130 %
Finished training it 2048/153485 of epoch 0, 20.85 ms/it, NE 0.933448, loss 0.516807
Testing at - 2048/153485 of epoch 0,  NE 0.908956, loss 0.522181, accuracy 76.321 %, best 76.321 %
Finished training it 2560/153485 of epoch 0, 14.43 ms/it, NE 0.928704, loss 0.517362
Testing at - 2560/153485 of epoch 0,  NE 0.905309, loss 0.520086, accuracy 76.683 %, best 76.683 %
Finished training it 3072/153485 of epoch 0, 15.68 ms/it, NE 0.924742, loss 0.514066
Testing at - 3072/153485 of epoch 0,  NE 0.900209, loss 0.517156, accuracy 76.723 %, best 76.723 %
Finished training it 3584/153485 of epoch 0, 13.94 ms/it, NE 0.921155, loss 0.509926
Testing at - 3584/153485 of epoch 0,  NE 0.897889, loss 0.515823, accuracy 76.760 %, best 76.760 %
Finished training it 4096/153485 of epoch 0, 13.81 ms/it, NE 0.917665, loss 0.508397
Testing at - 4096/153485 of epoch 0,  NE 0.889638, loss 0.511083, accuracy 76.815 %, best 76.815 %
Finished training it 4608/153485 of epoch 0, 14.91 ms/it, NE 0.914780, loss 0.505644
Testing at - 4608/153485 of epoch 0,  NE 0.885420, loss 0.508659, accuracy 76.990 %, best 76.990 %
Finished training it 5120/153485 of epoch 0, 15.71 ms/it, NE 0.911838, loss 0.503739
Testing at - 5120/153485 of epoch 0,  NE 0.882891, loss 0.507207, accuracy 77.012 %, best 77.012 %
Finished training it 5632/153485 of epoch 0, 13.09 ms/it, NE 0.909053, loss 0.501026
Testing at - 5632/153485 of epoch 0,  NE 0.879135, loss 0.505049, accuracy 77.244 %, best 77.244 %
Finished training it 6144/153485 of epoch 0, 13.30 ms/it, NE 0.906415, loss 0.495406
Testing at - 6144/153485 of epoch 0,  NE 0.882203, loss 0.506812, accuracy 77.149 %, best 77.244 %
Finished training it 6656/153485 of epoch 0, 14.17 ms/it, NE 0.904309, loss 0.501131
Testing at - 6656/153485 of epoch 0,  NE 0.877564, loss 0.504147, accuracy 77.474 %, best 77.474 %
Finished training it 7168/153485 of epoch 0, 15.05 ms/it, NE 0.902090, loss 0.496776
Testing at - 7168/153485 of epoch 0,  NE 0.871384, loss 0.500596, accuracy 77.544 %, best 77.544 %
Finished training it 7680/153485 of epoch 0, 16.96 ms/it, NE 0.900061, loss 0.495085
Testing at - 7680/153485 of epoch 0,  NE 0.885712, loss 0.508827, accuracy 77.096 %, best 77.544 %
Finished training it 8192/153485 of epoch 0, 15.84 ms/it, NE 0.898057, loss 0.494743
Testing at - 8192/153485 of epoch 0,  NE 0.864428, loss 0.496600, accuracy 77.633 %, best 77.633 %
Finished training it 8704/153485 of epoch 0, 16.29 ms/it, NE 0.896121, loss 0.492563
Testing at - 8704/153485 of epoch 0,  NE 0.875048, loss 0.502701, accuracy 77.359 %, best 77.633 %
Finished training it 9216/153485 of epoch 0, 17.74 ms/it, NE 0.894541, loss 0.493769
Testing at - 9216/153485 of epoch 0,  NE 0.868103, loss 0.498711, accuracy 77.614 %, best 77.633 %
Finished training it 9728/153485 of epoch 0, 16.93 ms/it, NE 0.892922, loss 0.492182
Testing at - 9728/153485 of epoch 0,  NE 0.871716, loss 0.500787, accuracy 77.629 %, best 77.633 %
Finished training it 10240/153485 of epoch 0, 16.70 ms/it, NE 0.891661, loss 0.492585
Testing at - 10240/153485 of epoch 0,  NE 0.872105, loss 0.501011, accuracy 77.236 %, best 77.633 %
Finished training it 10752/153485 of epoch 0, 16.45 ms/it, NE 0.890377, loss 0.491334
Testing at - 10752/153485 of epoch 0,  NE 0.860834, loss 0.494535, accuracy 77.825 %, best 77.825 %
Finished training it 11264/153485 of epoch 0, 17.72 ms/it, NE 0.889115, loss 0.489680
Testing at - 11264/153485 of epoch 0,  NE 0.862836, loss 0.495686, accuracy 77.655 %, best 77.825 %
Finished training it 11776/153485 of epoch 0, 17.57 ms/it, NE 0.887941, loss 0.492280
Testing at - 11776/153485 of epoch 0,  NE 0.861513, loss 0.494926, accuracy 77.722 %, best 77.825 %
Finished training it 12288/153485 of epoch 0, 15.98 ms/it, NE 0.886812, loss 0.487744
Testing at - 12288/153485 of epoch 0,  NE 0.861846, loss 0.495117, accuracy 77.728 %, best 77.825 %
Finished training it 12800/153485 of epoch 0, 17.60 ms/it, NE 0.885536, loss 0.485542
Testing at - 12800/153485 of epoch 0,  NE 0.853794, loss 0.490491, accuracy 77.935 %, best 77.935 %
Finished training it 13312/153485 of epoch 0, 17.02 ms/it, NE 0.884417, loss 0.486384
Testing at - 13312/153485 of epoch 0,  NE 0.857438, loss 0.492585, accuracy 77.763 %, best 77.935 %
Finished training it 13824/153485 of epoch 0, 16.99 ms/it, NE 0.883272, loss 0.484178
Testing at - 13824/153485 of epoch 0,  NE 0.853646, loss 0.490406, accuracy 77.955 %, best 77.955 %
Finished training it 14336/153485 of epoch 0, 15.64 ms/it, NE 0.882377, loss 0.486266
Testing at - 14336/153485 of epoch 0,  NE 0.854914, loss 0.491134, accuracy 77.988 %, best 77.988 %
Finished training it 14848/153485 of epoch 0, 15.86 ms/it, NE 0.881597, loss 0.487722
Testing at - 14848/153485 of epoch 0,  NE 0.855381, loss 0.491403, accuracy 77.948 %, best 77.988 %
Finished training it 15360/153485 of epoch 0, 20.69 ms/it, NE 0.880727, loss 0.486021
Testing at - 15360/153485 of epoch 0,  NE 0.854302, loss 0.490783, accuracy 78.029 %, best 78.029 %
Finished training it 15872/153485 of epoch 0, 18.60 ms/it, NE 0.879931, loss 0.487280
Testing at - 15872/153485 of epoch 0,  NE 0.869097, loss 0.499282, accuracy 77.404 %, best 78.029 %
Finished training it 16384/153485 of epoch 0, 17.40 ms/it, NE 0.879107, loss 0.486708
Testing at - 16384/153485 of epoch 0,  NE 0.852991, loss 0.490030, accuracy 77.860 %, best 78.029 %
Finished training it 16896/153485 of epoch 0, 30.46 ms/it, NE 0.878242, loss 0.484032
Testing at - 16896/153485 of epoch 0,  NE 0.849002, loss 0.487738, accuracy 78.031 %, best 78.031 %
Finished training it 17408/153485 of epoch 0, 15.98 ms/it, NE 0.877390, loss 0.482982
Testing at - 17408/153485 of epoch 0,  NE 0.853293, loss 0.490203, accuracy 77.906 %, best 78.031 %
Finished training it 17920/153485 of epoch 0, 13.88 ms/it, NE 0.876775, loss 0.487196
Testing at - 17920/153485 of epoch 0,  NE 0.850757, loss 0.488746, accuracy 78.118 %, best 78.118 %
Finished training it 18432/153485 of epoch 0, 14.32 ms/it, NE 0.876033, loss 0.483289
Testing at - 18432/153485 of epoch 0,  NE 0.848896, loss 0.487677, accuracy 78.068 %, best 78.118 %
Finished training it 18944/153485 of epoch 0, 12.95 ms/it, NE 0.875356, loss 0.482308
Testing at - 18944/153485 of epoch 0,  NE 0.853235, loss 0.490170, accuracy 78.023 %, best 78.118 %
Finished training it 19456/153485 of epoch 0, 14.63 ms/it, NE 0.874775, loss 0.485461
Testing at - 19456/153485 of epoch 0,  NE 0.848592, loss 0.487503, accuracy 78.130 %, best 78.130 %
Finished training it 19968/153485 of epoch 0, 14.40 ms/it, NE 0.874177, loss 0.484011
Testing at - 19968/153485 of epoch 0,  NE 0.847191, loss 0.486698, accuracy 78.092 %, best 78.130 %
Finished training it 20480/153485 of epoch 0, 14.69 ms/it, NE 0.873549, loss 0.483690
Testing at - 20480/153485 of epoch 0,  NE 0.849083, loss 0.487785, accuracy 78.144 %, best 78.144 %
Finished training it 20992/153485 of epoch 0, 14.67 ms/it, NE 0.872957, loss 0.482607
Testing at - 20992/153485 of epoch 0,  NE 0.847561, loss 0.486911, accuracy 78.122 %, best 78.144 %
Finished training it 21504/153485 of epoch 0, 14.54 ms/it, NE 0.872433, loss 0.482371
Testing at - 21504/153485 of epoch 0,  NE 0.846262, loss 0.486164, accuracy 78.146 %, best 78.146 %
Finished training it 22016/153485 of epoch 0, 14.64 ms/it, NE 0.871900, loss 0.482573
Testing at - 22016/153485 of epoch 0,  NE 0.848885, loss 0.487671, accuracy 78.032 %, best 78.146 %
Finished training it 22528/153485 of epoch 0, 13.81 ms/it, NE 0.871431, loss 0.484036
Testing at - 22528/153485 of epoch 0,  NE 0.849576, loss 0.488068, accuracy 78.164 %, best 78.164 %
Finished training it 23040/153485 of epoch 0, 13.66 ms/it, NE 0.870879, loss 0.482151
Testing at - 23040/153485 of epoch 0,  NE 0.850701, loss 0.488714, accuracy 78.032 %, best 78.164 %
Finished training it 23552/153485 of epoch 0, 13.41 ms/it, NE 0.870444, loss 0.484334
Testing at - 23552/153485 of epoch 0,  NE 0.849780, loss 0.488185, accuracy 78.034 %, best 78.164 %
Finished training it 24064/153485 of epoch 0, 14.16 ms/it, NE 0.870058, loss 0.483833
Testing at - 24064/153485 of epoch 0,  NE 0.847698, loss 0.486989, accuracy 78.076 %, best 78.164 %
Finished training it 24576/153485 of epoch 0, 15.22 ms/it, NE 0.869565, loss 0.479201
Testing at - 24576/153485 of epoch 0,  NE 0.844449, loss 0.485123, accuracy 78.162 %, best 78.164 %
Finished training it 25088/153485 of epoch 0, 13.53 ms/it, NE 0.869072, loss 0.481127
Testing at - 25088/153485 of epoch 0,  NE 0.847475, loss 0.486861, accuracy 78.167 %, best 78.167 %
Finished training it 25600/153485 of epoch 0, 13.10 ms/it, NE 0.868648, loss 0.483221
Testing at - 25600/153485 of epoch 0,  NE 0.845648, loss 0.485811, accuracy 78.239 %, best 78.239 %
Finished training it 26112/153485 of epoch 0, 13.23 ms/it, NE 0.868204, loss 0.483136
Testing at - 26112/153485 of epoch 0,  NE 0.848947, loss 0.487707, accuracy 78.140 %, best 78.239 %
Finished training it 26624/153485 of epoch 0, 14.71 ms/it, NE 0.867786, loss 0.481794
Testing at - 26624/153485 of epoch 0,  NE 0.845198, loss 0.485553, accuracy 78.251 %, best 78.251 %
Finished training it 27136/153485 of epoch 0, 17.50 ms/it, NE 0.867382, loss 0.481748
Testing at - 27136/153485 of epoch 0,  NE 0.847651, loss 0.486962, accuracy 78.186 %, best 78.251 %
Finished training it 27648/153485 of epoch 0, 16.76 ms/it, NE 0.866980, loss 0.481654
Testing at - 27648/153485 of epoch 0,  NE 0.847263, loss 0.486739, accuracy 78.208 %, best 78.251 %
Finished training it 28160/153485 of epoch 0, 16.36 ms/it, NE 0.866638, loss 0.480577
Testing at - 28160/153485 of epoch 0,  NE 0.841832, loss 0.483619, accuracy 78.264 %, best 78.264 %
Finished training it 28672/153485 of epoch 0, 14.74 ms/it, NE 0.866234, loss 0.478036
Testing at - 28672/153485 of epoch 0,  NE 0.842026, loss 0.483730, accuracy 78.213 %, best 78.264 %
Finished training it 29184/153485 of epoch 0, 18.09 ms/it, NE 0.865776, loss 0.477501
Testing at - 29184/153485 of epoch 0,  NE 0.843207, loss 0.484409, accuracy 78.272 %, best 78.272 %
Finished training it 29696/153485 of epoch 0, 14.31 ms/it, NE 0.865397, loss 0.480079
Testing at - 29696/153485 of epoch 0,  NE 0.843879, loss 0.484795, accuracy 78.238 %, best 78.272 %
Finished training it 30208/153485 of epoch 0, 14.01 ms/it, NE 0.865057, loss 0.479628
Testing at - 30208/153485 of epoch 0,  NE 0.849689, loss 0.488133, accuracy 78.062 %, best 78.272 %
Finished training it 30720/153485 of epoch 0, 14.93 ms/it, NE 0.864705, loss 0.481895
Testing at - 30720/153485 of epoch 0,  NE 0.841907, loss 0.483662, accuracy 78.293 %, best 78.293 %
Finished training it 31232/153485 of epoch 0, 15.46 ms/it, NE 0.864396, loss 0.480279
Testing at - 31232/153485 of epoch 0,  NE 0.845262, loss 0.485590, accuracy 78.201 %, best 78.293 %
Finished training it 31744/153485 of epoch 0, 15.08 ms/it, NE 0.864035, loss 0.479477
Testing at - 31744/153485 of epoch 0,  NE 0.841189, loss 0.483250, accuracy 78.318 %, best 78.318 %
Finished training it 32256/153485 of epoch 0, 15.19 ms/it, NE 0.863741, loss 0.481803
Testing at - 32256/153485 of epoch 0,  NE 0.844919, loss 0.485392, accuracy 78.245 %, best 78.318 %
Finished training it 32768/153485 of epoch 0, 14.27 ms/it, NE 0.863480, loss 0.482679
Testing at - 32768/153485 of epoch 0,  NE 0.842245, loss 0.483857, accuracy 78.267 %, best 78.318 %
Finished training it 33280/153485 of epoch 0, 15.63 ms/it, NE 0.863180, loss 0.478803
Testing at - 33280/153485 of epoch 0,  NE 0.843522, loss 0.484590, accuracy 78.283 %, best 78.318 %
Finished training it 33792/153485 of epoch 0, 16.61 ms/it, NE 0.862842, loss 0.478320
Testing at - 33792/153485 of epoch 0,  NE 0.839331, loss 0.482183, accuracy 78.291 %, best 78.318 %
Finished training it 34304/153485 of epoch 0, 16.36 ms/it, NE 0.862502, loss 0.478504
Testing at - 34304/153485 of epoch 0,  NE 0.842142, loss 0.483797, accuracy 78.267 %, best 78.318 %
Finished training it 34816/153485 of epoch 0, 17.49 ms/it, NE 0.862203, loss 0.478976
Testing at - 34816/153485 of epoch 0,  NE 0.840422, loss 0.482809, accuracy 78.361 %, best 78.361 %
Finished training it 35328/153485 of epoch 0, 16.54 ms/it, NE 0.861913, loss 0.478078
Testing at - 35328/153485 of epoch 0,  NE 0.841332, loss 0.483332, accuracy 78.325 %, best 78.361 %
Finished training it 35840/153485 of epoch 0, 15.91 ms/it, NE 0.861683, loss 0.480349
Testing at - 35840/153485 of epoch 0,  NE 0.842447, loss 0.483972, accuracy 78.360 %, best 78.361 %
Finished training it 36352/153485 of epoch 0, 15.21 ms/it, NE 0.861371, loss 0.476321
Testing at - 36352/153485 of epoch 0,  NE 0.839897, loss 0.482507, accuracy 78.265 %, best 78.361 %
Finished training it 36864/153485 of epoch 0, 14.56 ms/it, NE 0.861097, loss 0.478711
Testing at - 36864/153485 of epoch 0,  NE 0.843411, loss 0.484526, accuracy 78.163 %, best 78.361 %
Finished training it 37376/153485 of epoch 0, 12.32 ms/it, NE 0.860811, loss 0.477665
Testing at - 37376/153485 of epoch 0,  NE 0.845254, loss 0.485585, accuracy 78.112 %, best 78.361 %
Finished training it 37888/153485 of epoch 0, 14.16 ms/it, NE 0.860531, loss 0.477612
Testing at - 37888/153485 of epoch 0,  NE 0.841195, loss 0.483253, accuracy 78.293 %, best 78.361 %
Finished training it 38400/153485 of epoch 0, 13.39 ms/it, NE 0.860275, loss 0.477614
Testing at - 38400/153485 of epoch 0,  NE 0.846372, loss 0.486227, accuracy 78.161 %, best 78.361 %
Finished training it 38912/153485 of epoch 0, 13.71 ms/it, NE 0.860030, loss 0.477226
Testing at - 38912/153485 of epoch 0,  NE 0.839554, loss 0.482310, accuracy 78.390 %, best 78.390 %
Finished training it 39424/153485 of epoch 0, 14.42 ms/it, NE 0.859780, loss 0.477736
Testing at - 39424/153485 of epoch 0,  NE 0.839422, loss 0.482234, accuracy 78.361 %, best 78.390 %
Finished training it 39936/153485 of epoch 0, 16.80 ms/it, NE 0.859519, loss 0.476820
Testing at - 39936/153485 of epoch 0,  NE 0.840138, loss 0.482646, accuracy 78.308 %, best 78.390 %
Finished training it 40448/153485 of epoch 0, 13.64 ms/it, NE 0.859275, loss 0.477846
Testing at - 40448/153485 of epoch 0,  NE 0.839339, loss 0.482187, accuracy 78.407 %, best 78.407 %
Finished training it 40960/153485 of epoch 0, 13.92 ms/it, NE 0.859054, loss 0.478554
Testing at - 40960/153485 of epoch 0,  NE 0.838886, loss 0.481927, accuracy 78.445 %, best 78.445 %
Finished training it 41472/153485 of epoch 0, 18.13 ms/it, NE 0.858851, loss 0.477113
Testing at - 41472/153485 of epoch 0,  NE 0.839234, loss 0.482126, accuracy 78.380 %, best 78.445 %
Finished training it 41984/153485 of epoch 0, 17.25 ms/it, NE 0.858623, loss 0.476204
Testing at - 41984/153485 of epoch 0,  NE 0.835546, loss 0.480008, accuracy 78.376 %, best 78.445 %
Finished training it 42496/153485 of epoch 0, 16.87 ms/it, NE 0.858353, loss 0.475756
Testing at - 42496/153485 of epoch 0,  NE 0.839378, loss 0.482209, accuracy 78.340 %, best 78.445 %
Finished training it 43008/153485 of epoch 0, 15.19 ms/it, NE 0.858153, loss 0.478973
Testing at - 43008/153485 of epoch 0,  NE 0.842361, loss 0.483923, accuracy 78.303 %, best 78.445 %
Finished training it 43520/153485 of epoch 0, 13.87 ms/it, NE 0.857909, loss 0.476809
Testing at - 43520/153485 of epoch 0,  NE 0.840399, loss 0.482796, accuracy 78.341 %, best 78.445 %
Finished training it 44032/153485 of epoch 0, 12.94 ms/it, NE 0.857691, loss 0.475555
Testing at - 44032/153485 of epoch 0,  NE 0.834637, loss 0.479486, accuracy 78.436 %, best 78.445 %
Finished training it 44544/153485 of epoch 0, 17.94 ms/it, NE 0.857438, loss 0.476876
Testing at - 44544/153485 of epoch 0,  NE 0.838249, loss 0.481560, accuracy 78.385 %, best 78.445 %
Finished training it 45056/153485 of epoch 0, 18.59 ms/it, NE 0.857217, loss 0.475775
Testing at - 45056/153485 of epoch 0,  NE 0.839872, loss 0.482493, accuracy 78.334 %, best 78.445 %
Finished training it 45568/153485 of epoch 0, 16.06 ms/it, NE 0.857001, loss 0.475738
Testing at - 45568/153485 of epoch 0,  NE 0.839437, loss 0.482243, accuracy 78.242 %, best 78.445 %
Finished training it 46080/153485 of epoch 0, 15.31 ms/it, NE 0.856797, loss 0.478103
Testing at - 46080/153485 of epoch 0,  NE 0.839399, loss 0.482221, accuracy 78.448 %, best 78.448 %
Finished training it 46592/153485 of epoch 0, 15.27 ms/it, NE 0.856619, loss 0.478525
Testing at - 46592/153485 of epoch 0,  NE 0.837003, loss 0.480845, accuracy 78.360 %, best 78.448 %
Finished training it 47104/153485 of epoch 0, 13.40 ms/it, NE 0.856427, loss 0.476246
Testing at - 47104/153485 of epoch 0,  NE 0.838935, loss 0.481955, accuracy 78.378 %, best 78.448 %
Finished training it 47616/153485 of epoch 0, 14.62 ms/it, NE 0.856204, loss 0.474793
Testing at - 47616/153485 of epoch 0,  NE 0.836005, loss 0.480272, accuracy 78.432 %, best 78.448 %
Finished training it 48128/153485 of epoch 0, 15.66 ms/it, NE 0.855966, loss 0.474937
Testing at - 48128/153485 of epoch 0,  NE 0.838191, loss 0.481527, accuracy 78.372 %, best 78.448 %
Finished training it 48640/153485 of epoch 0, 15.49 ms/it, NE 0.855764, loss 0.474845
Testing at - 48640/153485 of epoch 0,  NE 0.834532, loss 0.479425, accuracy 78.443 %, best 78.448 %
Finished training it 49152/153485 of epoch 0, 15.81 ms/it, NE 0.855556, loss 0.473984
Testing at - 49152/153485 of epoch 0,  NE 0.835313, loss 0.479874, accuracy 78.469 %, best 78.469 %
Finished training it 49664/153485 of epoch 0, 17.32 ms/it, NE 0.855381, loss 0.476162
Testing at - 49664/153485 of epoch 0,  NE 0.840094, loss 0.482620, accuracy 78.345 %, best 78.469 %
Finished training it 50176/153485 of epoch 0, 15.68 ms/it, NE 0.855196, loss 0.476527
Testing at - 50176/153485 of epoch 0,  NE 0.836397, loss 0.480497, accuracy 78.452 %, best 78.469 %
Finished training it 50688/153485 of epoch 0, 15.97 ms/it, NE 0.854972, loss 0.475565
Testing at - 50688/153485 of epoch 0,  NE 0.836145, loss 0.480352, accuracy 78.465 %, best 78.469 %
Finished training it 51200/153485 of epoch 0, 14.28 ms/it, NE 0.854789, loss 0.476498
Testing at - 51200/153485 of epoch 0,  NE 0.837597, loss 0.481186, accuracy 78.469 %, best 78.469 %
Finished training it 51712/153485 of epoch 0, 13.96 ms/it, NE 0.854622, loss 0.476334
Testing at - 51712/153485 of epoch 0,  NE 0.837139, loss 0.480923, accuracy 78.431 %, best 78.469 %
Finished training it 52224/153485 of epoch 0, 16.19 ms/it, NE 0.854458, loss 0.476236
Testing at - 52224/153485 of epoch 0,  NE 0.841292, loss 0.483309, accuracy 78.262 %, best 78.469 %
Finished training it 52736/153485 of epoch 0, 15.29 ms/it, NE 0.854331, loss 0.476344
Testing at - 52736/153485 of epoch 0,  NE 0.835390, loss 0.479918, accuracy 78.509 %, best 78.509 %
Finished training it 53248/153485 of epoch 0, 17.87 ms/it, NE 0.854163, loss 0.474431
Testing at - 53248/153485 of epoch 0,  NE 0.841519, loss 0.483439, accuracy 78.271 %, best 78.509 %
Finished training it 53760/153485 of epoch 0, 20.08 ms/it, NE 0.853977, loss 0.474323
Testing at - 53760/153485 of epoch 0,  NE 0.836468, loss 0.480537, accuracy 78.382 %, best 78.509 %
Finished training it 54272/153485 of epoch 0, 15.74 ms/it, NE 0.853772, loss 0.474431
Testing at - 54272/153485 of epoch 0,  NE 0.833319, loss 0.478729, accuracy 78.483 %, best 78.509 %
Finished training it 54784/153485 of epoch 0, 13.10 ms/it, NE 0.853578, loss 0.474217
Testing at - 54784/153485 of epoch 0,  NE 0.834487, loss 0.479400, accuracy 78.463 %, best 78.509 %
Finished training it 55296/153485 of epoch 0, 16.05 ms/it, NE 0.853430, loss 0.475364
Testing at - 55296/153485 of epoch 0,  NE 0.834736, loss 0.479542, accuracy 78.515 %, best 78.515 %
Finished training it 55808/153485 of epoch 0, 15.71 ms/it, NE 0.853296, loss 0.477724
Testing at - 55808/153485 of epoch 0,  NE 0.837280, loss 0.481004, accuracy 78.448 %, best 78.515 %
Finished training it 56320/153485 of epoch 0, 17.85 ms/it, NE 0.853155, loss 0.476664
Testing at - 56320/153485 of epoch 0,  NE 0.837528, loss 0.481146, accuracy 78.430 %, best 78.515 %
Finished training it 56832/153485 of epoch 0, 14.89 ms/it, NE 0.853006, loss 0.476562
Testing at - 56832/153485 of epoch 0,  NE 0.834654, loss 0.479495, accuracy 78.492 %, best 78.515 %
Finished training it 57344/153485 of epoch 0, 16.43 ms/it, NE 0.852859, loss 0.474253
Testing at - 57344/153485 of epoch 0,  NE 0.836276, loss 0.480427, accuracy 78.360 %, best 78.515 %
Finished training it 57856/153485 of epoch 0, 16.98 ms/it, NE 0.852660, loss 0.472813
Testing at - 57856/153485 of epoch 0,  NE 0.836045, loss 0.480295, accuracy 78.431 %, best 78.515 %
Finished training it 58368/153485 of epoch 0, 15.45 ms/it, NE 0.852541, loss 0.475895
Testing at - 58368/153485 of epoch 0,  NE 0.836188, loss 0.480377, accuracy 78.528 %, best 78.528 %
Finished training it 58880/153485 of epoch 0, 15.43 ms/it, NE 0.852364, loss 0.473512
Testing at - 58880/153485 of epoch 0,  NE 0.833139, loss 0.478625, accuracy 78.503 %, best 78.528 %
Finished training it 59392/153485 of epoch 0, 16.04 ms/it, NE 0.852211, loss 0.475334
Testing at - 59392/153485 of epoch 0,  NE 0.839511, loss 0.482286, accuracy 78.196 %, best 78.528 %
Finished training it 59904/153485 of epoch 0, 15.50 ms/it, NE 0.852055, loss 0.477295
Testing at - 59904/153485 of epoch 0,  NE 0.841288, loss 0.483307, accuracy 78.219 %, best 78.528 %
Finished training it 60416/153485 of epoch 0, 16.50 ms/it, NE 0.851891, loss 0.471470
Testing at - 60416/153485 of epoch 0,  NE 0.831816, loss 0.477865, accuracy 78.528 %, best 78.528 %
Finished training it 60928/153485 of epoch 0, 14.91 ms/it, NE 0.851733, loss 0.473746
Testing at - 60928/153485 of epoch 0,  NE 0.834471, loss 0.479390, accuracy 78.483 %, best 78.528 %
Finished training it 61440/153485 of epoch 0, 16.36 ms/it, NE 0.851576, loss 0.474414
Testing at - 61440/153485 of epoch 0,  NE 0.831936, loss 0.477934, accuracy 78.529 %, best 78.529 %
Finished training it 61952/153485 of epoch 0, 17.93 ms/it, NE 0.851441, loss 0.476250
Testing at - 61952/153485 of epoch 0,  NE 0.834333, loss 0.479311, accuracy 78.564 %, best 78.564 %
Finished training it 62464/153485 of epoch 0, 16.84 ms/it, NE 0.851304, loss 0.473874
Testing at - 62464/153485 of epoch 0,  NE 0.832556, loss 0.478290, accuracy 78.476 %, best 78.564 %
Finished training it 62976/153485 of epoch 0, 16.28 ms/it, NE 0.851154, loss 0.475333
Testing at - 62976/153485 of epoch 0,  NE 0.834632, loss 0.479483, accuracy 78.413 %, best 78.564 %
Finished training it 63488/153485 of epoch 0, 15.45 ms/it, NE 0.851036, loss 0.476514
Testing at - 63488/153485 of epoch 0,  NE 0.833791, loss 0.479000, accuracy 78.526 %, best 78.564 %
Finished training it 64000/153485 of epoch 0, 15.13 ms/it, NE 0.850899, loss 0.473155
Testing at - 64000/153485 of epoch 0,  NE 0.832788, loss 0.478424, accuracy 78.514 %, best 78.564 %
Finished training it 64512/153485 of epoch 0, 12.85 ms/it, NE 0.850774, loss 0.474964
Testing at - 64512/153485 of epoch 0,  NE 0.834853, loss 0.479610, accuracy 78.482 %, best 78.564 %
Finished training it 65024/153485 of epoch 0, 13.39 ms/it, NE 0.850656, loss 0.476686
Testing at - 65024/153485 of epoch 0,  NE 0.835102, loss 0.479753, accuracy 78.549 %, best 78.564 %
Finished training it 65536/153485 of epoch 0, 14.33 ms/it, NE 0.850550, loss 0.475777
Testing at - 65536/153485 of epoch 0,  NE 0.833815, loss 0.479013, accuracy 78.540 %, best 78.564 %
Finished training it 66048/153485 of epoch 0, 14.06 ms/it, NE 0.850416, loss 0.474872
Testing at - 66048/153485 of epoch 0,  NE 0.834972, loss 0.479678, accuracy 78.528 %, best 78.564 %
Finished training it 66560/153485 of epoch 0, 13.17 ms/it, NE 0.850272, loss 0.472708
Testing at - 66560/153485 of epoch 0,  NE 0.836009, loss 0.480274, accuracy 78.450 %, best 78.564 %
Finished training it 67072/153485 of epoch 0, 12.93 ms/it, NE 0.850117, loss 0.472756
Testing at - 67072/153485 of epoch 0,  NE 0.833036, loss 0.478566, accuracy 78.568 %, best 78.568 %
Finished training it 67584/153485 of epoch 0, 13.48 ms/it, NE 0.849980, loss 0.471489
Testing at - 67584/153485 of epoch 0,  NE 0.829188, loss 0.476355, accuracy 78.599 %, best 78.599 %
Finished training it 68096/153485 of epoch 0, 17.62 ms/it, NE 0.849856, loss 0.473666
Testing at - 68096/153485 of epoch 0,  NE 0.833192, loss 0.478656, accuracy 78.487 %, best 78.599 %
Finished training it 68608/153485 of epoch 0, 13.67 ms/it, NE 0.849723, loss 0.473307
Testing at - 68608/153485 of epoch 0,  NE 0.834049, loss 0.479148, accuracy 78.580 %, best 78.599 %
Finished training it 69120/153485 of epoch 0, 13.48 ms/it, NE 0.849604, loss 0.475551
Testing at - 69120/153485 of epoch 0,  NE 0.831307, loss 0.477573, accuracy 78.561 %, best 78.599 %
Finished training it 69632/153485 of epoch 0, 13.47 ms/it, NE 0.849490, loss 0.473980
Testing at - 69632/153485 of epoch 0,  NE 0.834205, loss 0.479237, accuracy 78.492 %, best 78.599 %
Finished training it 70144/153485 of epoch 0, 13.43 ms/it, NE 0.849329, loss 0.470682
Testing at - 70144/153485 of epoch 0,  NE 0.831272, loss 0.477553, accuracy 78.546 %, best 78.599 %
Finished training it 70656/153485 of epoch 0, 14.60 ms/it, NE 0.849213, loss 0.472707
Testing at - 70656/153485 of epoch 0,  NE 0.830726, loss 0.477239, accuracy 78.546 %, best 78.599 %
Finished training it 71168/153485 of epoch 0, 16.16 ms/it, NE 0.849077, loss 0.470782
Testing at - 71168/153485 of epoch 0,  NE 0.831794, loss 0.477853, accuracy 78.493 %, best 78.599 %
Finished training it 71680/153485 of epoch 0, 16.51 ms/it, NE 0.848963, loss 0.472329
Testing at - 71680/153485 of epoch 0,  NE 0.843357, loss 0.484495, accuracy 78.025 %, best 78.599 %
Finished training it 72192/153485 of epoch 0, 15.25 ms/it, NE 0.848860, loss 0.473295
Testing at - 72192/153485 of epoch 0,  NE 0.831113, loss 0.477461, accuracy 78.603 %, best 78.603 %
Finished training it 72704/153485 of epoch 0, 15.23 ms/it, NE 0.848734, loss 0.475312
Testing at - 72704/153485 of epoch 0,  NE 0.836012, loss 0.480276, accuracy 78.495 %, best 78.603 %
Finished training it 73216/153485 of epoch 0, 13.48 ms/it, NE 0.848610, loss 0.471810
Testing at - 73216/153485 of epoch 0,  NE 0.829824, loss 0.476721, accuracy 78.605 %, best 78.605 %
Finished training it 73728/153485 of epoch 0, 13.51 ms/it, NE 0.848491, loss 0.471692
Testing at - 73728/153485 of epoch 0,  NE 0.833795, loss 0.479002, accuracy 78.466 %, best 78.605 %
Finished training it 74240/153485 of epoch 0, 13.62 ms/it, NE 0.848344, loss 0.470129
Testing at - 74240/153485 of epoch 0,  NE 0.830288, loss 0.476987, accuracy 78.559 %, best 78.605 %
Finished training it 74752/153485 of epoch 0, 13.35 ms/it, NE 0.848209, loss 0.470948
Testing at - 74752/153485 of epoch 0,  NE 0.831335, loss 0.477588, accuracy 78.567 %, best 78.605 %
Finished training it 75264/153485 of epoch 0, 13.64 ms/it, NE 0.848111, loss 0.472605
Testing at - 75264/153485 of epoch 0,  NE 0.829478, loss 0.476522, accuracy 78.590 %, best 78.605 %
Finished training it 75776/153485 of epoch 0, 13.12 ms/it, NE 0.847965, loss 0.468728
Testing at - 75776/153485 of epoch 0,  NE 0.835993, loss 0.480265, accuracy 78.328 %, best 78.605 %
Finished training it 76288/153485 of epoch 0, 13.82 ms/it, NE 0.847834, loss 0.469711
Testing at - 76288/153485 of epoch 0,  NE 0.829940, loss 0.476787, accuracy 78.568 %, best 78.605 %
Finished training it 76800/153485 of epoch 0, 13.36 ms/it, NE 0.847723, loss 0.472901
Testing at - 76800/153485 of epoch 0,  NE 0.832602, loss 0.478316, accuracy 78.448 %, best 78.605 %
Finished training it 77312/153485 of epoch 0, 15.17 ms/it, NE 0.847603, loss 0.471304
Testing at - 77312/153485 of epoch 0,  NE 0.831056, loss 0.477428, accuracy 78.598 %, best 78.605 %
Finished training it 77824/153485 of epoch 0, 16.97 ms/it, NE 0.847500, loss 0.472088
Testing at - 77824/153485 of epoch 0,  NE 0.830366, loss 0.477032, accuracy 78.559 %, best 78.605 %
Finished training it 78336/153485 of epoch 0, 16.86 ms/it, NE 0.847382, loss 0.471383
Testing at - 78336/153485 of epoch 0,  NE 0.829105, loss 0.476308, accuracy 78.599 %, best 78.605 %
Finished training it 78848/153485 of epoch 0, 15.43 ms/it, NE 0.847264, loss 0.469346
Testing at - 78848/153485 of epoch 0,  NE 0.827818, loss 0.475568, accuracy 78.644 %, best 78.644 %
Finished training it 79360/153485 of epoch 0, 15.49 ms/it, NE 0.847141, loss 0.472069
Testing at - 79360/153485 of epoch 0,  NE 0.831823, loss 0.477869, accuracy 78.568 %, best 78.644 %
Finished training it 79872/153485 of epoch 0, 15.72 ms/it, NE 0.847040, loss 0.472497
Testing at - 79872/153485 of epoch 0,  NE 0.837247, loss 0.480985, accuracy 78.490 %, best 78.644 %
Finished training it 80384/153485 of epoch 0, 16.73 ms/it, NE 0.846949, loss 0.472850
Testing at - 80384/153485 of epoch 0,  NE 0.830593, loss 0.477162, accuracy 78.626 %, best 78.644 %
Finished training it 80896/153485 of epoch 0, 18.92 ms/it, NE 0.846867, loss 0.474033
Testing at - 80896/153485 of epoch 0,  NE 0.830543, loss 0.477134, accuracy 78.601 %, best 78.644 %
Finished training it 81408/153485 of epoch 0, 18.66 ms/it, NE 0.846791, loss 0.474155
Testing at - 81408/153485 of epoch 0,  NE 0.834487, loss 0.479399, accuracy 78.468 %, best 78.644 %
Finished training it 81920/153485 of epoch 0, 16.02 ms/it, NE 0.846699, loss 0.474056
Testing at - 81920/153485 of epoch 0,  NE 0.833906, loss 0.479066, accuracy 78.584 %, best 78.644 %
Finished training it 82432/153485 of epoch 0, 16.29 ms/it, NE 0.846622, loss 0.472803
Testing at - 82432/153485 of epoch 0,  NE 0.833245, loss 0.478686, accuracy 78.531 %, best 78.644 %
Finished training it 82944/153485 of epoch 0, 16.32 ms/it, NE 0.846530, loss 0.472770
Testing at - 82944/153485 of epoch 0,  NE 0.832216, loss 0.478095, accuracy 78.619 %, best 78.644 %
Finished training it 83456/153485 of epoch 0, 17.95 ms/it, NE 0.846449, loss 0.474897
Testing at - 83456/153485 of epoch 0,  NE 0.832601, loss 0.478316, accuracy 78.544 %, best 78.644 %
Finished training it 83968/153485 of epoch 0, 14.77 ms/it, NE 0.846371, loss 0.474010
Testing at - 83968/153485 of epoch 0,  NE 0.832127, loss 0.478044, accuracy 78.629 %, best 78.644 %
Finished training it 84480/153485 of epoch 0, 18.54 ms/it, NE 0.846273, loss 0.471178
Testing at - 84480/153485 of epoch 0,  NE 0.828387, loss 0.475895, accuracy 78.639 %, best 78.644 %
Finished training it 84992/153485 of epoch 0, 17.18 ms/it, NE 0.846172, loss 0.471940
Testing at - 84992/153485 of epoch 0,  NE 0.829302, loss 0.476421, accuracy 78.570 %, best 78.644 %
Finished training it 85504/153485 of epoch 0, 17.92 ms/it, NE 0.846055, loss 0.468421
Testing at - 85504/153485 of epoch 0,  NE 0.830362, loss 0.477030, accuracy 78.573 %, best 78.644 %
Finished training it 86016/153485 of epoch 0, 16.17 ms/it, NE 0.845963, loss 0.470791
Testing at - 86016/153485 of epoch 0,  NE 0.828958, loss 0.476223, accuracy 78.636 %, best 78.644 %
Finished training it 86528/153485 of epoch 0, 15.93 ms/it, NE 0.845875, loss 0.473204
Testing at - 86528/153485 of epoch 0,  NE 0.829915, loss 0.476773, accuracy 78.638 %, best 78.644 %
Finished training it 87040/153485 of epoch 0, 15.48 ms/it, NE 0.845767, loss 0.470682
Testing at - 87040/153485 of epoch 0,  NE 0.829438, loss 0.476499, accuracy 78.617 %, best 78.644 %
Finished training it 87552/153485 of epoch 0, 17.77 ms/it, NE 0.845665, loss 0.470819
Testing at - 87552/153485 of epoch 0,  NE 0.830843, loss 0.477306, accuracy 78.586 %, best 78.644 %
Finished training it 88064/153485 of epoch 0, 14.90 ms/it, NE 0.845575, loss 0.471383
Testing at - 88064/153485 of epoch 0,  NE 0.828115, loss 0.475739, accuracy 78.646 %, best 78.646 %
Finished training it 88576/153485 of epoch 0, 17.27 ms/it, NE 0.845452, loss 0.467892
Testing at - 88576/153485 of epoch 0,  NE 0.831572, loss 0.477725, accuracy 78.576 %, best 78.646 %
Finished training it 89088/153485 of epoch 0, 15.41 ms/it, NE 0.845358, loss 0.470600
Testing at - 89088/153485 of epoch 0,  NE 0.832207, loss 0.478090, accuracy 78.495 %, best 78.646 %
Finished training it 89600/153485 of epoch 0, 15.48 ms/it, NE 0.845262, loss 0.470771
Testing at - 89600/153485 of epoch 0,  NE 0.829307, loss 0.476424, accuracy 78.611 %, best 78.646 %
Finished training it 90112/153485 of epoch 0, 15.38 ms/it, NE 0.845182, loss 0.472317
Testing at - 90112/153485 of epoch 0,  NE 0.830127, loss 0.476895, accuracy 78.614 %, best 78.646 %
Finished training it 90624/153485 of epoch 0, 16.11 ms/it, NE 0.845111, loss 0.473080
Testing at - 90624/153485 of epoch 0,  NE 0.829814, loss 0.476715, accuracy 78.634 %, best 78.646 %
Finished training it 91136/153485 of epoch 0, 16.22 ms/it, NE 0.845042, loss 0.473795
Testing at - 91136/153485 of epoch 0,  NE 0.832606, loss 0.478319, accuracy 78.555 %, best 78.646 %
Finished training it 91648/153485 of epoch 0, 16.86 ms/it, NE 0.844963, loss 0.471663
Testing at - 91648/153485 of epoch 0,  NE 0.827751, loss 0.475530, accuracy 78.661 %, best 78.661 %
Finished training it 92160/153485 of epoch 0, 18.19 ms/it, NE 0.844876, loss 0.471449
Testing at - 92160/153485 of epoch 0,  NE 0.829089, loss 0.476299, accuracy 78.661 %, best 78.661 %
Finished training it 92672/153485 of epoch 0, 17.38 ms/it, NE 0.844799, loss 0.473141
Testing at - 92672/153485 of epoch 0,  NE 0.829211, loss 0.476369, accuracy 78.668 %, best 78.668 %
Finished training it 93184/153485 of epoch 0, 14.87 ms/it, NE 0.844717, loss 0.471210
Testing at - 93184/153485 of epoch 0,  NE 0.829882, loss 0.476754, accuracy 78.597 %, best 78.668 %
Finished training it 93696/153485 of epoch 0, 17.20 ms/it, NE 0.844624, loss 0.471906
Testing at - 93696/153485 of epoch 0,  NE 0.831084, loss 0.477444, accuracy 78.660 %, best 78.668 %
Finished training it 94208/153485 of epoch 0, 12.91 ms/it, NE 0.844539, loss 0.469975
Testing at - 94208/153485 of epoch 0,  NE 0.830162, loss 0.476915, accuracy 78.499 %, best 78.668 %
Finished training it 94720/153485 of epoch 0, 15.36 ms/it, NE 0.844475, loss 0.474674
Testing at - 94720/153485 of epoch 0,  NE 0.830065, loss 0.476859, accuracy 78.644 %, best 78.668 %
Finished training it 95232/153485 of epoch 0, 14.40 ms/it, NE 0.844423, loss 0.472326
Testing at - 95232/153485 of epoch 0,  NE 0.828806, loss 0.476136, accuracy 78.665 %, best 78.668 %
Finished training it 95744/153485 of epoch 0, 12.85 ms/it, NE 0.844347, loss 0.470770
Testing at - 95744/153485 of epoch 0,  NE 0.827580, loss 0.475432, accuracy 78.655 %, best 78.668 %
Finished training it 96256/153485 of epoch 0, 14.77 ms/it, NE 0.844251, loss 0.468061
Testing at - 96256/153485 of epoch 0,  NE 0.828604, loss 0.476020, accuracy 78.676 %, best 78.676 %
Finished training it 96768/153485 of epoch 0, 15.57 ms/it, NE 0.844171, loss 0.471786
Testing at - 96768/153485 of epoch 0,  NE 0.827978, loss 0.475660, accuracy 78.683 %, best 78.683 %
Finished training it 97280/153485 of epoch 0, 14.39 ms/it, NE 0.844086, loss 0.471378
Testing at - 97280/153485 of epoch 0,  NE 0.830560, loss 0.477143, accuracy 78.594 %, best 78.683 %
Finished training it 97792/153485 of epoch 0, 16.89 ms/it, NE 0.844011, loss 0.473532
Testing at - 97792/153485 of epoch 0,  NE 0.828841, loss 0.476156, accuracy 78.684 %, best 78.684 %
Finished training it 98304/153485 of epoch 0, 16.95 ms/it, NE 0.843933, loss 0.471878
Testing at - 98304/153485 of epoch 0,  NE 0.830050, loss 0.476851, accuracy 78.656 %, best 78.684 %
Finished training it 98816/153485 of epoch 0, 14.48 ms/it, NE 0.843844, loss 0.471495
Testing at - 98816/153485 of epoch 0,  NE 0.829886, loss 0.476757, accuracy 78.651 %, best 78.684 %
Finished training it 99328/153485 of epoch 0, 13.62 ms/it, NE 0.843767, loss 0.471753
Testing at - 99328/153485 of epoch 0,  NE 0.828114, loss 0.475738, accuracy 78.634 %, best 78.684 %
Finished training it 99840/153485 of epoch 0, 13.78 ms/it, NE 0.843697, loss 0.473013
Testing at - 99840/153485 of epoch 0,  NE 0.828325, loss 0.475860, accuracy 78.670 %, best 78.684 %
Finished training it 100352/153485 of epoch 0, 13.54 ms/it, NE 0.843628, loss 0.471483
Testing at - 100352/153485 of epoch 0,  NE 0.834128, loss 0.479193, accuracy 78.414 %, best 78.684 %
Finished training it 100864/153485 of epoch 0, 13.72 ms/it, NE 0.843562, loss 0.471867
Testing at - 100864/153485 of epoch 0,  NE 0.830924, loss 0.477352, accuracy 78.603 %, best 78.684 %
Finished training it 101376/153485 of epoch 0, 14.87 ms/it, NE 0.843488, loss 0.469706
Testing at - 101376/153485 of epoch 0,  NE 0.826988, loss 0.475092, accuracy 78.679 %, best 78.684 %
Finished training it 101888/153485 of epoch 0, 15.38 ms/it, NE 0.843402, loss 0.468871
Testing at - 101888/153485 of epoch 0,  NE 0.827688, loss 0.475494, accuracy 78.698 %, best 78.698 %
Finished training it 102400/153485 of epoch 0, 15.26 ms/it, NE 0.843311, loss 0.468557
Testing at - 102400/153485 of epoch 0,  NE 0.826639, loss 0.474891, accuracy 78.661 %, best 78.698 %
Finished training it 102912/153485 of epoch 0, 14.38 ms/it, NE 0.843246, loss 0.470945
Testing at - 102912/153485 of epoch 0,  NE 0.831343, loss 0.477593, accuracy 78.564 %, best 78.698 %
Finished training it 103424/153485 of epoch 0, 13.59 ms/it, NE 0.843176, loss 0.468363
Testing at - 103424/153485 of epoch 0,  NE 0.826886, loss 0.475033, accuracy 78.662 %, best 78.698 %
Finished training it 103936/153485 of epoch 0, 13.41 ms/it, NE 0.843098, loss 0.470077
Testing at - 103936/153485 of epoch 0,  NE 0.829960, loss 0.476799, accuracy 78.593 %, best 78.698 %
Finished training it 104448/153485 of epoch 0, 12.95 ms/it, NE 0.843025, loss 0.472114
Testing at - 104448/153485 of epoch 0,  NE 0.827663, loss 0.475479, accuracy 78.699 %, best 78.699 %
Finished training it 104960/153485 of epoch 0, 14.09 ms/it, NE 0.842942, loss 0.469483
Testing at - 104960/153485 of epoch 0,  NE 0.829501, loss 0.476535, accuracy 78.620 %, best 78.699 %
Finished training it 105472/153485 of epoch 0, 13.66 ms/it, NE 0.842866, loss 0.471385
Testing at - 105472/153485 of epoch 0,  NE 0.826726, loss 0.474941, accuracy 78.648 %, best 78.699 %
Finished training it 105984/153485 of epoch 0, 13.70 ms/it, NE 0.842781, loss 0.468676
Testing at - 105984/153485 of epoch 0,  NE 0.825285, loss 0.474113, accuracy 78.667 %, best 78.699 %
Finished training it 106496/153485 of epoch 0, 15.58 ms/it, NE 0.842699, loss 0.467820
Testing at - 106496/153485 of epoch 0,  NE 0.830856, loss 0.477313, accuracy 78.608 %, best 78.699 %
Finished training it 107008/153485 of epoch 0, 19.96 ms/it, NE 0.842620, loss 0.470582
Testing at - 107008/153485 of epoch 0,  NE 0.825674, loss 0.474337, accuracy 78.711 %, best 78.711 %
Finished training it 107520/153485 of epoch 0, 15.22 ms/it, NE 0.842545, loss 0.469099
Testing at - 107520/153485 of epoch 0,  NE 0.828238, loss 0.475809, accuracy 78.668 %, best 78.711 %
Finished training it 108032/153485 of epoch 0, 13.25 ms/it, NE 0.842448, loss 0.468380
Testing at - 108032/153485 of epoch 0,  NE 0.826048, loss 0.474552, accuracy 78.683 %, best 78.711 %
Finished training it 108544/153485 of epoch 0, 14.44 ms/it, NE 0.842374, loss 0.469635
Testing at - 108544/153485 of epoch 0,  NE 0.827515, loss 0.475394, accuracy 78.659 %, best 78.711 %
Finished training it 109056/153485 of epoch 0, 14.10 ms/it, NE 0.842307, loss 0.470149
Testing at - 109056/153485 of epoch 0,  NE 0.829652, loss 0.476622, accuracy 78.563 %, best 78.711 %
Finished training it 109568/153485 of epoch 0, 14.72 ms/it, NE 0.842232, loss 0.469907
Testing at - 109568/153485 of epoch 0,  NE 0.827944, loss 0.475641, accuracy 78.705 %, best 78.711 %
Finished training it 110080/153485 of epoch 0, 14.14 ms/it, NE 0.842154, loss 0.468837
Testing at - 110080/153485 of epoch 0,  NE 0.825249, loss 0.474093, accuracy 78.705 %, best 78.711 %
Finished training it 110592/153485 of epoch 0, 15.66 ms/it, NE 0.842068, loss 0.467229
Testing at - 110592/153485 of epoch 0,  NE 0.828853, loss 0.476163, accuracy 78.594 %, best 78.711 %
Finished training it 111104/153485 of epoch 0, 16.67 ms/it, NE 0.842000, loss 0.470736
Testing at - 111104/153485 of epoch 0,  NE 0.825426, loss 0.474194, accuracy 78.734 %, best 78.734 %
Finished training it 111616/153485 of epoch 0, 18.51 ms/it, NE 0.841919, loss 0.470730
Testing at - 111616/153485 of epoch 0,  NE 0.830519, loss 0.477120, accuracy 78.619 %, best 78.734 %
Finished training it 112128/153485 of epoch 0, 15.93 ms/it, NE 0.841862, loss 0.471699
Testing at - 112128/153485 of epoch 0,  NE 0.826365, loss 0.474734, accuracy 78.696 %, best 78.734 %
Finished training it 112640/153485 of epoch 0, 16.80 ms/it, NE 0.841793, loss 0.472038
Testing at - 112640/153485 of epoch 0,  NE 0.827137, loss 0.475177, accuracy 78.712 %, best 78.734 %
Finished training it 113152/153485 of epoch 0, 16.84 ms/it, NE 0.841711, loss 0.467579
Testing at - 113152/153485 of epoch 0,  NE 0.825257, loss 0.474097, accuracy 78.739 %, best 78.739 %
Finished training it 113664/153485 of epoch 0, 18.78 ms/it, NE 0.841651, loss 0.472591
Testing at - 113664/153485 of epoch 0,  NE 0.828415, loss 0.475911, accuracy 78.655 %, best 78.739 %
Finished training it 114176/153485 of epoch 0, 16.88 ms/it, NE 0.841601, loss 0.471223
Testing at - 114176/153485 of epoch 0,  NE 0.826520, loss 0.474823, accuracy 78.688 %, best 78.739 %
Finished training it 114688/153485 of epoch 0, 16.04 ms/it, NE 0.841524, loss 0.469524
Testing at - 114688/153485 of epoch 0,  NE 0.826793, loss 0.474979, accuracy 78.747 %, best 78.747 %
Finished training it 115200/153485 of epoch 0, 17.08 ms/it, NE 0.841458, loss 0.469419
Testing at - 115200/153485 of epoch 0,  NE 0.826144, loss 0.474606, accuracy 78.734 %, best 78.747 %
Finished training it 115712/153485 of epoch 0, 17.11 ms/it, NE 0.841393, loss 0.469736
Testing at - 115712/153485 of epoch 0,  NE 0.824935, loss 0.473912, accuracy 78.743 %, best 78.747 %
Finished training it 116224/153485 of epoch 0, 14.72 ms/it, NE 0.841324, loss 0.470876
Testing at - 116224/153485 of epoch 0,  NE 0.826745, loss 0.474952, accuracy 78.719 %, best 78.747 %
Finished training it 116736/153485 of epoch 0, 17.63 ms/it, NE 0.841267, loss 0.471271
Testing at - 116736/153485 of epoch 0,  NE 0.824058, loss 0.473408, accuracy 78.731 %, best 78.747 %
Finished training it 117248/153485 of epoch 0, 17.41 ms/it, NE 0.841212, loss 0.470562
Testing at - 117248/153485 of epoch 0,  NE 0.826128, loss 0.474597, accuracy 78.682 %, best 78.747 %
Finished training it 117760/153485 of epoch 0, 16.11 ms/it, NE 0.841151, loss 0.470219
Testing at - 117760/153485 of epoch 0,  NE 0.825415, loss 0.474188, accuracy 78.723 %, best 78.747 %
Finished training it 118272/153485 of epoch 0, 15.25 ms/it, NE 0.841092, loss 0.472834
Testing at - 118272/153485 of epoch 0,  NE 0.826672, loss 0.474910, accuracy 78.710 %, best 78.747 %
Finished training it 118784/153485 of epoch 0, 16.01 ms/it, NE 0.841034, loss 0.469089
Testing at - 118784/153485 of epoch 0,  NE 0.834231, loss 0.479253, accuracy 78.397 %, best 78.747 %
Finished training it 119296/153485 of epoch 0, 16.46 ms/it, NE 0.840981, loss 0.470342
Testing at - 119296/153485 of epoch 0,  NE 0.826415, loss 0.474762, accuracy 78.734 %, best 78.747 %
Finished training it 119808/153485 of epoch 0, 17.70 ms/it, NE 0.840915, loss 0.472751
Testing at - 119808/153485 of epoch 0,  NE 0.824789, loss 0.473828, accuracy 78.740 %, best 78.747 %
Finished training it 120320/153485 of epoch 0, 22.25 ms/it, NE 0.840853, loss 0.469782
Testing at - 120320/153485 of epoch 0,  NE 0.826093, loss 0.474577, accuracy 78.737 %, best 78.747 %
Finished training it 120832/153485 of epoch 0, 18.42 ms/it, NE 0.840788, loss 0.468039
Testing at - 120832/153485 of epoch 0,  NE 0.825224, loss 0.474078, accuracy 78.682 %, best 78.747 %
Finished training it 121344/153485 of epoch 0, 17.54 ms/it, NE 0.840718, loss 0.469193
Testing at - 121344/153485 of epoch 0,  NE 0.826026, loss 0.474539, accuracy 78.700 %, best 78.747 %
Finished training it 121856/153485 of epoch 0, 15.23 ms/it, NE 0.840659, loss 0.469465
Testing at - 121856/153485 of epoch 0,  NE 0.825848, loss 0.474437, accuracy 78.738 %, best 78.747 %
Finished training it 122368/153485 of epoch 0, 13.98 ms/it, NE 0.840607, loss 0.470487
Testing at - 122368/153485 of epoch 0,  NE 0.824987, loss 0.473942, accuracy 78.709 %, best 78.747 %
Finished training it 122880/153485 of epoch 0, 18.31 ms/it, NE 0.840534, loss 0.469058
Testing at - 122880/153485 of epoch 0,  NE 0.827381, loss 0.475317, accuracy 78.708 %, best 78.747 %
Finished training it 123392/153485 of epoch 0, 15.37 ms/it, NE 0.840468, loss 0.468228
Testing at - 123392/153485 of epoch 0,  NE 0.823208, loss 0.472920, accuracy 78.766 %, best 78.766 %
Finished training it 123904/153485 of epoch 0, 14.80 ms/it, NE 0.840399, loss 0.467586
Testing at - 123904/153485 of epoch 0,  NE 0.823784, loss 0.473251, accuracy 78.724 %, best 78.766 %
Finished training it 124416/153485 of epoch 0, 14.43 ms/it, NE 0.840339, loss 0.468636
Testing at - 124416/153485 of epoch 0,  NE 0.826762, loss 0.474962, accuracy 78.781 %, best 78.781 %
Finished training it 124928/153485 of epoch 0, 14.39 ms/it, NE 0.840294, loss 0.471509
Testing at - 124928/153485 of epoch 0,  NE 0.829093, loss 0.476300, accuracy 78.639 %, best 78.781 %
Finished training it 125440/153485 of epoch 0, 14.03 ms/it, NE 0.840235, loss 0.470206
Testing at - 125440/153485 of epoch 0,  NE 0.824807, loss 0.473838, accuracy 78.758 %, best 78.781 %
Finished training it 125952/153485 of epoch 0, 13.77 ms/it, NE 0.840183, loss 0.469931
Testing at - 125952/153485 of epoch 0,  NE 0.826385, loss 0.474745, accuracy 78.718 %, best 78.781 %
Finished training it 126464/153485 of epoch 0, 15.42 ms/it, NE 0.840099, loss 0.467412
Testing at - 126464/153485 of epoch 0,  NE 0.824341, loss 0.473571, accuracy 78.759 %, best 78.781 %
Finished training it 126976/153485 of epoch 0, 15.30 ms/it, NE 0.840031, loss 0.468175
Testing at - 126976/153485 of epoch 0,  NE 0.823828, loss 0.473276, accuracy 78.759 %, best 78.781 %
Finished training it 127488/153485 of epoch 0, 15.29 ms/it, NE 0.839970, loss 0.469194
Testing at - 127488/153485 of epoch 0,  NE 0.824992, loss 0.473945, accuracy 78.723 %, best 78.781 %
Finished training it 128000/153485 of epoch 0, 18.22 ms/it, NE 0.839921, loss 0.470789
Testing at - 128000/153485 of epoch 0,  NE 0.824937, loss 0.473913, accuracy 78.730 %, best 78.781 %
Finished training it 128512/153485 of epoch 0, 16.41 ms/it, NE 0.839860, loss 0.468900
Testing at - 128512/153485 of epoch 0,  NE 0.827395, loss 0.475325, accuracy 78.741 %, best 78.781 %
Finished training it 129024/153485 of epoch 0, 15.74 ms/it, NE 0.839796, loss 0.468300
Testing at - 129024/153485 of epoch 0,  NE 0.825557, loss 0.474269, accuracy 78.724 %, best 78.781 %
Finished training it 129536/153485 of epoch 0, 17.28 ms/it, NE 0.839739, loss 0.467260
Testing at - 129536/153485 of epoch 0,  NE 0.825206, loss 0.474068, accuracy 78.741 %, best 78.781 %
Finished training it 130048/153485 of epoch 0, 14.35 ms/it, NE 0.839676, loss 0.467377
Testing at - 130048/153485 of epoch 0,  NE 0.823791, loss 0.473255, accuracy 78.754 %, best 78.781 %
Finished training it 130560/153485 of epoch 0, 14.48 ms/it, NE 0.839616, loss 0.470065
Testing at - 130560/153485 of epoch 0,  NE 0.825293, loss 0.474117, accuracy 78.757 %, best 78.781 %
Finished training it 131072/153485 of epoch 0, 14.68 ms/it, NE 0.839562, loss 0.468472
Testing at - 131072/153485 of epoch 0,  NE 0.829751, loss 0.476679, accuracy 78.625 %, best 78.781 %
Finished training it 131584/153485 of epoch 0, 13.95 ms/it, NE 0.839511, loss 0.471391
Testing at - 131584/153485 of epoch 0,  NE 0.827548, loss 0.475413, accuracy 78.675 %, best 78.781 %
Finished training it 132096/153485 of epoch 0, 12.83 ms/it, NE 0.839455, loss 0.470523
Testing at - 132096/153485 of epoch 0,  NE 0.824892, loss 0.473887, accuracy 78.734 %, best 78.781 %
Finished training it 132608/153485 of epoch 0, 17.33 ms/it, NE 0.839395, loss 0.467518
Testing at - 132608/153485 of epoch 0,  NE 0.824528, loss 0.473678, accuracy 78.755 %, best 78.781 %
Finished training it 133120/153485 of epoch 0, 15.99 ms/it, NE 0.839333, loss 0.468212
Testing at - 133120/153485 of epoch 0,  NE 0.824587, loss 0.473712, accuracy 78.773 %, best 78.781 %
Finished training it 133632/153485 of epoch 0, 15.46 ms/it, NE 0.839278, loss 0.470456
Testing at - 133632/153485 of epoch 0,  NE 0.835981, loss 0.480258, accuracy 78.271 %, best 78.781 %
Finished training it 134144/153485 of epoch 0, 15.31 ms/it, NE 0.839236, loss 0.470475
Testing at - 134144/153485 of epoch 0,  NE 0.827556, loss 0.475418, accuracy 78.718 %, best 78.781 %
Finished training it 134656/153485 of epoch 0, 15.58 ms/it, NE 0.839181, loss 0.467726
Testing at - 134656/153485 of epoch 0,  NE 0.826270, loss 0.474679, accuracy 78.722 %, best 78.781 %
Finished training it 135168/153485 of epoch 0, 15.12 ms/it, NE 0.839127, loss 0.470048
Testing at - 135168/153485 of epoch 0,  NE 0.824087, loss 0.473425, accuracy 78.771 %, best 78.781 %
Finished training it 135680/153485 of epoch 0, 15.20 ms/it, NE 0.839064, loss 0.466108
Testing at - 135680/153485 of epoch 0,  NE 0.823200, loss 0.472915, accuracy 78.757 %, best 78.781 %
Finished training it 136192/153485 of epoch 0, 16.12 ms/it, NE 0.839012, loss 0.469186
Testing at - 136192/153485 of epoch 0,  NE 0.830252, loss 0.476966, accuracy 78.561 %, best 78.781 %
Finished training it 136704/153485 of epoch 0, 15.55 ms/it, NE 0.838958, loss 0.468360
Testing at - 136704/153485 of epoch 0,  NE 0.824102, loss 0.473434, accuracy 78.791 %, best 78.791 %
Finished training it 137216/153485 of epoch 0, 14.12 ms/it, NE 0.838902, loss 0.468866
Testing at - 137216/153485 of epoch 0,  NE 0.823979, loss 0.473363, accuracy 78.775 %, best 78.791 %
Finished training it 137728/153485 of epoch 0, 14.79 ms/it, NE 0.838851, loss 0.469691
Testing at - 137728/153485 of epoch 0,  NE 0.825717, loss 0.474361, accuracy 78.768 %, best 78.791 %
Finished training it 138240/153485 of epoch 0, 14.59 ms/it, NE 0.838803, loss 0.469612
Testing at - 138240/153485 of epoch 0,  NE 0.825377, loss 0.474166, accuracy 78.757 %, best 78.791 %
Finished training it 138752/153485 of epoch 0, 13.28 ms/it, NE 0.838738, loss 0.465535
Testing at - 138752/153485 of epoch 0,  NE 0.824221, loss 0.473502, accuracy 78.769 %, best 78.791 %
Finished training it 139264/153485 of epoch 0, 15.43 ms/it, NE 0.838690, loss 0.471587
Testing at - 139264/153485 of epoch 0,  NE 0.827861, loss 0.475593, accuracy 78.643 %, best 78.791 %
Finished training it 139776/153485 of epoch 0, 14.67 ms/it, NE 0.838652, loss 0.472287
Testing at - 139776/153485 of epoch 0,  NE 0.825107, loss 0.474011, accuracy 78.813 %, best 78.813 %
Finished training it 140288/153485 of epoch 0, 14.50 ms/it, NE 0.838605, loss 0.469944
Testing at - 140288/153485 of epoch 0,  NE 0.825841, loss 0.474432, accuracy 78.783 %, best 78.813 %
Finished training it 140800/153485 of epoch 0, 15.05 ms/it, NE 0.838563, loss 0.467441
Testing at - 140800/153485 of epoch 0,  NE 0.824763, loss 0.473813, accuracy 78.726 %, best 78.813 %
Finished training it 141312/153485 of epoch 0, 14.92 ms/it, NE 0.838511, loss 0.466861
Testing at - 141312/153485 of epoch 0,  NE 0.825804, loss 0.474411, accuracy 78.745 %, best 78.813 %
Finished training it 141824/153485 of epoch 0, 16.16 ms/it, NE 0.838467, loss 0.470096
Testing at - 141824/153485 of epoch 0,  NE 0.824127, loss 0.473448, accuracy 78.780 %, best 78.813 %
Finished training it 142336/153485 of epoch 0, 14.42 ms/it, NE 0.838422, loss 0.467889
Testing at - 142336/153485 of epoch 0,  NE 0.824325, loss 0.473562, accuracy 78.716 %, best 78.813 %
Finished training it 142848/153485 of epoch 0, 16.07 ms/it, NE 0.838373, loss 0.467985
Testing at - 142848/153485 of epoch 0,  NE 0.826463, loss 0.474790, accuracy 78.700 %, best 78.813 %
Finished training it 143360/153485 of epoch 0, 14.80 ms/it, NE 0.838339, loss 0.470953
Testing at - 143360/153485 of epoch 0,  NE 0.823570, loss 0.473128, accuracy 78.799 %, best 78.813 %
Finished training it 143872/153485 of epoch 0, 14.69 ms/it, NE 0.838279, loss 0.466268
Testing at - 143872/153485 of epoch 0,  NE 0.820774, loss 0.471521, accuracy 78.812 %, best 78.813 %
Finished training it 144384/153485 of epoch 0, 14.80 ms/it, NE 0.838222, loss 0.467294
Testing at - 144384/153485 of epoch 0,  NE 0.825071, loss 0.473990, accuracy 78.626 %, best 78.813 %
Finished training it 144896/153485 of epoch 0, 16.68 ms/it, NE 0.838170, loss 0.466669
Testing at - 144896/153485 of epoch 0,  NE 0.821484, loss 0.471929, accuracy 78.806 %, best 78.813 %
Finished training it 145408/153485 of epoch 0, 19.70 ms/it, NE 0.838122, loss 0.469628
Testing at - 145408/153485 of epoch 0,  NE 0.824610, loss 0.473725, accuracy 78.776 %, best 78.813 %
Finished training it 145920/153485 of epoch 0, 19.31 ms/it, NE 0.838074, loss 0.466416
Testing at - 145920/153485 of epoch 0,  NE 0.827110, loss 0.475162, accuracy 78.683 %, best 78.813 %
Finished training it 146432/153485 of epoch 0, 22.00 ms/it, NE 0.838014, loss 0.468799
Testing at - 146432/153485 of epoch 0,  NE 0.824676, loss 0.473763, accuracy 78.779 %, best 78.813 %
Finished training it 146944/153485 of epoch 0, 17.05 ms/it, NE 0.837960, loss 0.468867
Testing at - 146944/153485 of epoch 0,  NE 0.826054, loss 0.474555, accuracy 78.740 %, best 78.813 %
Finished training it 147456/153485 of epoch 0, 17.81 ms/it, NE 0.837905, loss 0.467299
Testing at - 147456/153485 of epoch 0,  NE 0.821592, loss 0.471992, accuracy 78.823 %, best 78.823 %
Finished training it 147968/153485 of epoch 0, 14.46 ms/it, NE 0.837858, loss 0.467635
Testing at - 147968/153485 of epoch 0,  NE 0.823850, loss 0.473289, accuracy 78.786 %, best 78.823 %
Finished training it 148480/153485 of epoch 0, 16.75 ms/it, NE 0.837810, loss 0.469537
Testing at - 148480/153485 of epoch 0,  NE 0.823786, loss 0.473252, accuracy 78.802 %, best 78.823 %
Finished training it 148992/153485 of epoch 0, 16.75 ms/it, NE 0.837771, loss 0.471183
Testing at - 148992/153485 of epoch 0,  NE 0.824954, loss 0.473923, accuracy 78.804 %, best 78.823 %
Finished training it 149504/153485 of epoch 0, 14.10 ms/it, NE 0.837727, loss 0.471632
Testing at - 149504/153485 of epoch 0,  NE 0.824571, loss 0.473703, accuracy 78.806 %, best 78.823 %
Finished training it 150016/153485 of epoch 0, 13.29 ms/it, NE 0.837678, loss 0.468366
Testing at - 150016/153485 of epoch 0,  NE 0.823438, loss 0.473052, accuracy 78.790 %, best 78.823 %
Finished training it 150528/153485 of epoch 0, 13.66 ms/it, NE 0.837637, loss 0.467586
Testing at - 150528/153485 of epoch 0,  NE 0.823164, loss 0.472894, accuracy 78.797 %, best 78.823 %
Finished training it 151040/153485 of epoch 0, 15.26 ms/it, NE 0.837586, loss 0.467419
Testing at - 151040/153485 of epoch 0,  NE 0.823019, loss 0.472812, accuracy 78.787 %, best 78.823 %
Finished training it 151552/153485 of epoch 0, 16.41 ms/it, NE 0.837541, loss 0.468594
Testing at - 151552/153485 of epoch 0,  NE 0.826400, loss 0.474753, accuracy 78.692 %, best 78.823 %
Finished training it 152064/153485 of epoch 0, 15.91 ms/it, NE 0.837501, loss 0.468740
Testing at - 152064/153485 of epoch 0,  NE 0.824747, loss 0.473804, accuracy 78.801 %, best 78.823 %
Finished training it 152576/153485 of epoch 0, 14.40 ms/it, NE 0.837454, loss 0.466510
Testing at - 152576/153485 of epoch 0,  NE 0.822004, loss 0.472228, accuracy 78.768 %, best 78.823 %
Finished training it 153088/153485 of epoch 0, 14.78 ms/it, NE 0.837397, loss 0.467112
Testing at - 153088/153485 of epoch 0,  NE 0.822231, loss 0.472359, accuracy 78.814 %, best 78.823 %
Finished training it 153485/153485 of epoch 0, 14.77 ms/it, NE 0.837354, loss 0.469138
Testing at - 153485/153485 of epoch 0,  NE 0.823405, loss 0.473033, accuracy 78.805 %, best 78.823 %
