Namespace(conf='configs/hobbes_config.yaml', dir='result_dumps/client_sampling/fmnist/bs_128/', n_repeat=1, o='osgd_80', pipeline='loss', train_mode='vanilla')
---- Fetching configs and Initializing stuff -----
Loading Model: lenet
----------------------------
LeNet(
  (max_pool): MaxPool2d(kernel_size=(2, 2), stride=(2, 2), padding=0, dilation=1, ceil_mode=False)
  (conv1): Conv2d(1, 64, kernel_size=(5, 5), stride=(1, 1))
  (conv2): Conv2d(64, 64, kernel_size=(5, 5), stride=(1, 1))
  (fc1): Linear(in_features=1024, out_features=1024, bias=True)
  (fc2): Linear(in_features=1024, out_features=10, bias=True)
)
No compression specified or compression operator Not implemented ~ running without jacobian compression
--------------------------------
Initializing mean GAR
--------------------------------
Num of Batches in Train Loader = 469
epoch 0/50 
Epoch progress: 0/50, train loss = 2.287779511673364, train acc = 15.526666666666667, test acc = 15.41, best acc =15.41
Epoch progress: 0/50, train loss = 0.3995794137594288, train acc = 85.48333333333333, test acc = 84.73, best acc =84.73
epoch 1/50 
Epoch progress: 1/50, train loss = 0.3283933430655933, train acc = 87.92833333333333, test acc = 86.54, best acc =86.54
Epoch progress: 1/50, train loss = 0.28521673521126256, train acc = 89.615, test acc = 88.02, best acc =88.02
epoch 2/50 
Epoch progress: 2/50, train loss = 0.2767539177812747, train acc = 89.91166666666666, test acc = 88.78, best acc =88.78
Epoch progress: 2/50, train loss = 0.2522346833621515, train acc = 90.805, test acc = 88.99, best acc =88.99
epoch 3/50 
Epoch progress: 3/50, train loss = 0.23485021615651117, train acc = 91.34333333333333, test acc = 89.4, best acc =89.4
Epoch progress: 3/50, train loss = 0.22469597935740118, train acc = 91.73666666666666, test acc = 89.89, best acc =89.89
epoch 4/50 
Epoch progress: 4/50, train loss = 0.20352182011487388, train acc = 92.535, test acc = 90.22, best acc =90.22
Epoch progress: 4/50, train loss = 0.2097432336001508, train acc = 92.29166666666667, test acc = 89.64, best acc =90.22
epoch 5/50 
Epoch progress: 5/50, train loss = 0.19562402663073306, train acc = 92.84, test acc = 89.99, best acc =90.22
epoch 6/50 
Epoch progress: 6/50, train loss = 0.21406355150727066, train acc = 92.01666666666667, test acc = 89.23, best acc =90.22
Epoch progress: 6/50, train loss = 0.17045465050571001, train acc = 93.70333333333333, test acc = 90.58, best acc =90.58
epoch 7/50 
Epoch progress: 7/50, train loss = 0.17901868309611196, train acc = 93.30666666666667, test acc = 90.23, best acc =90.58
Epoch progress: 7/50, train loss = 0.1671560720673629, train acc = 93.73666666666666, test acc = 90.45, best acc =90.58
epoch 8/50 
Epoch progress: 8/50, train loss = 0.14976134375214323, train acc = 94.42166666666667, test acc = 90.66, best acc =90.66
Epoch progress: 8/50, train loss = 0.14872188923328417, train acc = 94.65, test acc = 90.92, best acc =90.92
epoch 9/50 
Epoch progress: 9/50, train loss = 0.134542030629827, train acc = 94.945, test acc = 91.21, best acc =91.21
Epoch progress: 9/50, train loss = 0.1379858535458284, train acc = 94.92166666666667, test acc = 90.59, best acc =91.21
epoch 10/50 
Epoch progress: 10/50, train loss = 0.1067831164468199, train acc = 96.05833333333334, test acc = 91.46, best acc =91.46
Epoch progress: 10/50, train loss = 0.09899011286082807, train acc = 96.46, test acc = 91.77, best acc =91.77
epoch 11/50 
Epoch progress: 11/50, train loss = 0.09123062548924611, train acc = 96.74666666666667, test acc = 91.75, best acc =91.77
epoch 12/50 
Epoch progress: 12/50, train loss = 0.08803644194118758, train acc = 96.805, test acc = 91.59, best acc =91.77
Epoch progress: 12/50, train loss = 0.0891189027482322, train acc = 96.76166666666667, test acc = 91.66, best acc =91.77
epoch 13/50 
Epoch progress: 13/50, train loss = 0.08052910288084926, train acc = 97.17833333333333, test acc = 91.47, best acc =91.77
Epoch progress: 13/50, train loss = 0.07637704998207118, train acc = 97.31166666666667, test acc = 91.71, best acc =91.77
epoch 14/50 
Epoch progress: 14/50, train loss = 0.0772459028280779, train acc = 97.23833333333333, test acc = 91.89, best acc =91.89
Epoch progress: 14/50, train loss = 0.07045870576538384, train acc = 97.51666666666667, test acc = 91.59, best acc =91.89
epoch 15/50 
Epoch progress: 15/50, train loss = 0.06531960572769392, train acc = 97.73166666666667, test acc = 91.55, best acc =91.89
Epoch progress: 15/50, train loss = 0.07233675715447997, train acc = 97.36833333333334, test acc = 91.36, best acc =91.89
epoch 16/50 
Epoch progress: 16/50, train loss = 0.06342064707216297, train acc = 97.82666666666667, test acc = 91.58, best acc =91.89
Epoch progress: 16/50, train loss = 0.061219016324355405, train acc = 97.88333333333334, test acc = 91.66, best acc =91.89
epoch 17/50 
Epoch progress: 17/50, train loss = 0.06094230836960298, train acc = 97.82333333333334, test acc = 91.74, best acc =91.89
epoch 18/50 
Epoch progress: 18/50, train loss = 0.060335234542295876, train acc = 97.80333333333333, test acc = 91.39, best acc =91.89
Epoch progress: 18/50, train loss = 0.0501425863364771, train acc = 98.285, test acc = 91.82, best acc =91.89
epoch 19/50 
Epoch progress: 19/50, train loss = 0.05011909563285011, train acc = 98.25333333333333, test acc = 91.54, best acc =91.89
Epoch progress: 19/50, train loss = 0.05394532868483745, train acc = 98.005, test acc = 91.47, best acc =91.89
epoch 20/50 
Epoch progress: 20/50, train loss = 0.04103234570934129, train acc = 98.65666666666667, test acc = 91.71, best acc =91.89
Epoch progress: 20/50, train loss = 0.03601905204721097, train acc = 98.86833333333334, test acc = 91.86, best acc =91.89
epoch 21/50 
Epoch progress: 21/50, train loss = 0.03268008723632613, train acc = 98.97166666666666, test acc = 91.98, best acc =91.98
Epoch progress: 21/50, train loss = 0.03079411367288054, train acc = 99.05333333333333, test acc = 91.87, best acc =91.98
epoch 22/50 
Epoch progress: 22/50, train loss = 0.03166349094484184, train acc = 99.02333333333333, test acc = 91.85, best acc =91.98
Epoch progress: 22/50, train loss = 0.03155551638517743, train acc = 98.99166666666666, test acc = 91.96, best acc =91.98
epoch 23/50 
Epoch progress: 23/50, train loss = 0.027895121272208532, train acc = 99.14666666666666, test acc = 91.86, best acc =91.98
epoch 24/50 
Epoch progress: 24/50, train loss = 0.026912612427494674, train acc = 99.21333333333334, test acc = 91.82, best acc =91.98
Epoch progress: 24/50, train loss = 0.0252168261101529, train acc = 99.24666666666667, test acc = 91.76, best acc =91.98
epoch 25/50 
Epoch progress: 25/50, train loss = 0.02692280457253808, train acc = 99.13166666666666, test acc = 91.92, best acc =91.98
Epoch progress: 25/50, train loss = 0.023385205955457077, train acc = 99.33833333333334, test acc = 92.07, best acc =92.07
epoch 26/50 
Epoch progress: 26/50, train loss = 0.02435735961013257, train acc = 99.24, test acc = 91.95, best acc =92.07
Epoch progress: 26/50, train loss = 0.024261995105009312, train acc = 99.22666666666667, test acc = 92.07, best acc =92.07
epoch 27/50 
Epoch progress: 27/50, train loss = 0.0219482742681869, train acc = 99.37166666666667, test acc = 91.94, best acc =92.07
Epoch progress: 27/50, train loss = 0.024027192305876757, train acc = 99.275, test acc = 91.68, best acc =92.07
epoch 28/50 
Epoch progress: 28/50, train loss = 0.021405531872889953, train acc = 99.405, test acc = 91.81, best acc =92.07
Epoch progress: 28/50, train loss = 0.024592085232112263, train acc = 99.2, test acc = 91.8, best acc =92.07
epoch 29/50 
Epoch progress: 29/50, train loss = 0.019344123290863626, train acc = 99.445, test acc = 92.22, best acc =92.22
epoch 30/50 
Epoch progress: 30/50, train loss = 0.019671351240296512, train acc = 99.45166666666667, test acc = 91.88, best acc =92.22
Epoch progress: 30/50, train loss = 0.016076923980971356, train acc = 99.59, test acc = 91.75, best acc =92.22
epoch 31/50 
Epoch progress: 31/50, train loss = 0.015132466853379822, train acc = 99.61166666666666, test acc = 92.04, best acc =92.22
Epoch progress: 31/50, train loss = 0.014750895165860145, train acc = 99.66333333333333, test acc = 91.97, best acc =92.22
epoch 32/50 
Epoch progress: 32/50, train loss = 0.014257852372073972, train acc = 99.69333333333333, test acc = 92.0, best acc =92.22
Epoch progress: 32/50, train loss = 0.014074055975410286, train acc = 99.69166666666666, test acc = 92.0, best acc =92.22
epoch 33/50 
Epoch progress: 33/50, train loss = 0.013735376967629517, train acc = 99.67333333333333, test acc = 92.04, best acc =92.22
Epoch progress: 33/50, train loss = 0.013348321404570202, train acc = 99.705, test acc = 92.19, best acc =92.22
epoch 34/50 
Epoch progress: 34/50, train loss = 0.01284809979418519, train acc = 99.745, test acc = 92.05, best acc =92.22
Epoch progress: 34/50, train loss = 0.013063497112583377, train acc = 99.70833333333333, test acc = 91.99, best acc =92.22
epoch 35/50 
Epoch progress: 35/50, train loss = 0.013012568281689433, train acc = 99.73, test acc = 92.05, best acc =92.22
epoch 36/50 
Epoch progress: 36/50, train loss = 0.012798901209468716, train acc = 99.73166666666667, test acc = 91.93, best acc =92.22
Epoch progress: 36/50, train loss = 0.011839643781031691, train acc = 99.78166666666667, test acc = 91.98, best acc =92.22
epoch 37/50 
Epoch progress: 37/50, train loss = 0.011712654043353404, train acc = 99.77666666666667, test acc = 91.98, best acc =92.22
Epoch progress: 37/50, train loss = 0.012260491147573823, train acc = 99.73833333333333, test acc = 92.14, best acc =92.22
epoch 38/50 
Epoch progress: 38/50, train loss = 0.011335948089223061, train acc = 99.79, test acc = 92.01, best acc =92.22
Epoch progress: 38/50, train loss = 0.010783862576746484, train acc = 99.81, test acc = 92.09, best acc =92.22
epoch 39/50 
Epoch progress: 39/50, train loss = 0.01060165835694392, train acc = 99.79666666666667, test acc = 91.94, best acc =92.22
Epoch progress: 39/50, train loss = 0.01108861003102842, train acc = 99.81, test acc = 91.96, best acc =92.22
epoch 40/50 
Epoch progress: 40/50, train loss = 0.01005743247003102, train acc = 99.82833333333333, test acc = 92.18, best acc =92.22
Epoch progress: 40/50, train loss = 0.009966706113168982, train acc = 99.82333333333334, test acc = 91.93, best acc =92.22
epoch 41/50 
Epoch progress: 41/50, train loss = 0.009814133138846614, train acc = 99.83166666666666, test acc = 92.07, best acc =92.22
epoch 42/50 
Epoch progress: 42/50, train loss = 0.009286178323849321, train acc = 99.82666666666667, test acc = 92.0, best acc =92.22
Epoch progress: 42/50, train loss = 0.010128224226358189, train acc = 99.8, test acc = 92.06, best acc =92.22
epoch 43/50 
Epoch progress: 43/50, train loss = 0.009846026217862805, train acc = 99.81, test acc = 91.96, best acc =92.22
Epoch progress: 43/50, train loss = 0.009172267909261034, train acc = 99.84166666666667, test acc = 92.24, best acc =92.24
epoch 44/50 
Epoch progress: 44/50, train loss = 0.009617501918200665, train acc = 99.85166666666667, test acc = 92.05, best acc =92.24
Epoch progress: 44/50, train loss = 0.00942710986900042, train acc = 99.83333333333333, test acc = 92.25, best acc =92.25
epoch 45/50 
Epoch progress: 45/50, train loss = 0.00911271215048132, train acc = 99.84, test acc = 92.15, best acc =92.25
Epoch progress: 45/50, train loss = 0.009446513749458499, train acc = 99.84, test acc = 92.07, best acc =92.25
epoch 46/50 
Epoch progress: 46/50, train loss = 0.009017783829243358, train acc = 99.835, test acc = 92.1, best acc =92.25
Epoch progress: 46/50, train loss = 0.008750708007227891, train acc = 99.87, test acc = 92.1, best acc =92.25
epoch 47/50 
Epoch progress: 47/50, train loss = 0.008988727955693708, train acc = 99.835, test acc = 92.03, best acc =92.25
epoch 48/50 
Epoch progress: 48/50, train loss = 0.00920493854507645, train acc = 99.84, test acc = 92.03, best acc =92.25
Epoch progress: 48/50, train loss = 0.00887761633572127, train acc = 99.83333333333333, test acc = 92.05, best acc =92.25
epoch 49/50 
Epoch progress: 49/50, train loss = 0.008532375312481782, train acc = 99.86833333333334, test acc = 91.92, best acc =92.25
Epoch progress: 49/50, train loss = 0.008751935907391343, train acc = 99.845, test acc = 91.89, best acc =92.25
