Namespace(conf='configs/hobbes_config.yaml', dir='result_dumps/client_sampling/fmnist/bs_128/', n_repeat=1, o='osgd_85', pipeline='loss', train_mode='vanilla')
---- Fetching configs and Initializing stuff -----
Loading Model: lenet
----------------------------
LeNet(
  (max_pool): MaxPool2d(kernel_size=(2, 2), stride=(2, 2), padding=0, dilation=1, ceil_mode=False)
  (conv1): Conv2d(1, 64, kernel_size=(5, 5), stride=(1, 1))
  (conv2): Conv2d(64, 64, kernel_size=(5, 5), stride=(1, 1))
  (fc1): Linear(in_features=1024, out_features=1024, bias=True)
  (fc2): Linear(in_features=1024, out_features=10, bias=True)
)
No compression specified or compression operator Not implemented ~ running without jacobian compression
--------------------------------
Initializing mean GAR
--------------------------------
Num of Batches in Train Loader = 469
epoch 0/50 
Epoch progress: 0/50, train loss = 2.2878556414199536, train acc = 15.523333333333333, test acc = 15.42, best acc =15.42
Epoch progress: 0/50, train loss = 0.39870434001818905, train acc = 85.56, test acc = 84.75, best acc =84.75
epoch 1/50 
Epoch progress: 1/50, train loss = 0.3322386803911693, train acc = 87.80666666666667, test acc = 86.56, best acc =86.56
Epoch progress: 1/50, train loss = 0.2862549093422859, train acc = 89.60833333333333, test acc = 87.96, best acc =87.96
epoch 2/50 
Epoch progress: 2/50, train loss = 0.2705435083428426, train acc = 90.13333333333334, test acc = 88.93, best acc =88.93
Epoch progress: 2/50, train loss = 0.25469794554878145, train acc = 90.73333333333333, test acc = 88.75, best acc =88.93
epoch 3/50 
Epoch progress: 3/50, train loss = 0.23311587145079427, train acc = 91.565, test acc = 89.45, best acc =89.45
Epoch progress: 3/50, train loss = 0.2161382958769544, train acc = 92.05666666666667, test acc = 90.08, best acc =90.08
epoch 4/50 
Epoch progress: 4/50, train loss = 0.2082523095455251, train acc = 92.42166666666667, test acc = 90.13, best acc =90.13
Epoch progress: 4/50, train loss = 0.2018291407080093, train acc = 92.52166666666666, test acc = 90.02, best acc =90.13
epoch 5/50 
Epoch progress: 5/50, train loss = 0.19292876416686247, train acc = 92.925, test acc = 90.09, best acc =90.13
epoch 6/50 
Epoch progress: 6/50, train loss = 0.20138148275583284, train acc = 92.42, test acc = 89.66, best acc =90.13
Epoch progress: 6/50, train loss = 0.16738903695649937, train acc = 93.82666666666667, test acc = 90.88, best acc =90.88
epoch 7/50 
Epoch progress: 7/50, train loss = 0.17013510767775558, train acc = 93.65333333333334, test acc = 90.49, best acc =90.88
Epoch progress: 7/50, train loss = 0.16320666229959999, train acc = 93.97, test acc = 90.81, best acc =90.88
epoch 8/50 
Epoch progress: 8/50, train loss = 0.15086824377812047, train acc = 94.43333333333334, test acc = 91.02, best acc =91.02
Epoch progress: 8/50, train loss = 0.1445419656664832, train acc = 94.655, test acc = 90.63, best acc =91.02
epoch 9/50 
Epoch progress: 9/50, train loss = 0.13398205119568402, train acc = 94.98666666666666, test acc = 91.29, best acc =91.29
Epoch progress: 9/50, train loss = 0.13459070248485627, train acc = 95.09666666666666, test acc = 90.98, best acc =91.29
epoch 10/50 
Epoch progress: 10/50, train loss = 0.10620981119652546, train acc = 96.10166666666667, test acc = 91.39, best acc =91.39
Epoch progress: 10/50, train loss = 0.0976937922444552, train acc = 96.49, test acc = 91.62, best acc =91.62
epoch 11/50 
Epoch progress: 11/50, train loss = 0.09059048474811987, train acc = 96.945, test acc = 91.78, best acc =91.78
epoch 12/50 
Epoch progress: 12/50, train loss = 0.08838712623410387, train acc = 96.975, test acc = 91.52, best acc =91.78
Epoch progress: 12/50, train loss = 0.08741504660865138, train acc = 96.86, test acc = 91.53, best acc =91.78
epoch 13/50 
Epoch progress: 13/50, train loss = 0.07768063955723858, train acc = 97.20833333333333, test acc = 91.94, best acc =91.94
Epoch progress: 13/50, train loss = 0.07623445810968561, train acc = 97.32333333333334, test acc = 91.88, best acc =91.94
epoch 14/50 
Epoch progress: 14/50, train loss = 0.07832682514781637, train acc = 97.19666666666667, test acc = 91.34, best acc =91.94
Epoch progress: 14/50, train loss = 0.07048372916384801, train acc = 97.475, test acc = 91.63, best acc =91.94
epoch 15/50 
Epoch progress: 15/50, train loss = 0.06278602177225577, train acc = 97.82, test acc = 91.67, best acc =91.94
Epoch progress: 15/50, train loss = 0.07225311993917169, train acc = 97.41, test acc = 91.47, best acc =91.94
epoch 16/50 
Epoch progress: 16/50, train loss = 0.05891207197327604, train acc = 97.925, test acc = 91.75, best acc =91.94
Epoch progress: 16/50, train loss = 0.059868355180377135, train acc = 97.92166666666667, test acc = 91.87, best acc =91.94
epoch 17/50 
Epoch progress: 17/50, train loss = 0.06893087076400516, train acc = 97.4, test acc = 91.42, best acc =91.94
epoch 18/50 
Epoch progress: 18/50, train loss = 0.0566276157719653, train acc = 97.96166666666667, test acc = 91.86, best acc =91.94
Epoch progress: 18/50, train loss = 0.050716350818160116, train acc = 98.20833333333333, test acc = 91.76, best acc =91.94
epoch 19/50 
Epoch progress: 19/50, train loss = 0.05029906782863745, train acc = 98.28833333333333, test acc = 91.76, best acc =91.94
Epoch progress: 19/50, train loss = 0.04643427819085083, train acc = 98.405, test acc = 92.01, best acc =92.01
epoch 20/50 
Epoch progress: 20/50, train loss = 0.03804260073428247, train acc = 98.80666666666667, test acc = 91.74, best acc =92.01
Epoch progress: 20/50, train loss = 0.03619096856683429, train acc = 98.87166666666667, test acc = 91.99, best acc =92.01
epoch 21/50 
Epoch progress: 21/50, train loss = 0.03222895384049301, train acc = 99.00166666666667, test acc = 91.86, best acc =92.01
Epoch progress: 21/50, train loss = 0.02971398884128692, train acc = 99.13, test acc = 91.81, best acc =92.01
epoch 22/50 
Epoch progress: 22/50, train loss = 0.030305621434630614, train acc = 99.11166666666666, test acc = 91.93, best acc =92.01
Epoch progress: 22/50, train loss = 0.035309904339367836, train acc = 98.80166666666666, test acc = 91.89, best acc =92.01
epoch 23/50 
Epoch progress: 23/50, train loss = 0.026641499187582844, train acc = 99.20666666666666, test acc = 91.8, best acc =92.01
epoch 24/50 
Epoch progress: 24/50, train loss = 0.025652939304788864, train acc = 99.24666666666667, test acc = 92.04, best acc =92.04
Epoch progress: 24/50, train loss = 0.02466553200020401, train acc = 99.30333333333333, test acc = 92.09, best acc =92.09
epoch 25/50 
Epoch progress: 25/50, train loss = 0.023690782042581644, train acc = 99.29166666666667, test acc = 92.17, best acc =92.17
Epoch progress: 25/50, train loss = 0.022087148429929163, train acc = 99.375, test acc = 92.24, best acc =92.24
epoch 26/50 
Epoch progress: 26/50, train loss = 0.023144136277287564, train acc = 99.34166666666667, test acc = 91.88, best acc =92.24
Epoch progress: 26/50, train loss = 0.022486946567384675, train acc = 99.36833333333334, test acc = 92.2, best acc =92.24
epoch 27/50 
Epoch progress: 27/50, train loss = 0.02102261721176395, train acc = 99.40333333333334, test acc = 91.95, best acc =92.24
Epoch progress: 27/50, train loss = 0.02128970013685159, train acc = 99.44166666666666, test acc = 91.79, best acc =92.24
epoch 28/50 
Epoch progress: 28/50, train loss = 0.020043071590985524, train acc = 99.43333333333334, test acc = 92.08, best acc =92.24
Epoch progress: 28/50, train loss = 0.02072822062898356, train acc = 99.41666666666667, test acc = 91.94, best acc =92.24
epoch 29/50 
Epoch progress: 29/50, train loss = 0.018579979750838107, train acc = 99.51166666666667, test acc = 92.08, best acc =92.24
epoch 30/50 
Epoch progress: 30/50, train loss = 0.016796012633422546, train acc = 99.61333333333333, test acc = 91.97, best acc =92.24
Epoch progress: 30/50, train loss = 0.015052893698942273, train acc = 99.64833333333333, test acc = 92.23, best acc =92.24
epoch 31/50 
Epoch progress: 31/50, train loss = 0.014066306237222702, train acc = 99.685, test acc = 92.19, best acc =92.24
Epoch progress: 31/50, train loss = 0.015031174520529045, train acc = 99.65, test acc = 92.05, best acc =92.24
epoch 32/50 
Epoch progress: 32/50, train loss = 0.014428002693291222, train acc = 99.66, test acc = 91.99, best acc =92.24
Epoch progress: 32/50, train loss = 0.01491428234913289, train acc = 99.65666666666667, test acc = 92.0, best acc =92.24
epoch 33/50 
Epoch progress: 33/50, train loss = 0.013020667767743948, train acc = 99.745, test acc = 91.91, best acc =92.24
Epoch progress: 33/50, train loss = 0.012812703704910238, train acc = 99.775, test acc = 92.05, best acc =92.24
epoch 34/50 
Epoch progress: 34/50, train loss = 0.012881660754524314, train acc = 99.74666666666667, test acc = 91.91, best acc =92.24
Epoch progress: 34/50, train loss = 0.012401898059426054, train acc = 99.72833333333334, test acc = 92.32, best acc =92.32
epoch 35/50 
Epoch progress: 35/50, train loss = 0.013070129999902837, train acc = 99.74, test acc = 92.32, best acc =92.32
epoch 36/50 
Epoch progress: 36/50, train loss = 0.012473181678927433, train acc = 99.74666666666667, test acc = 92.16, best acc =92.32
Epoch progress: 36/50, train loss = 0.01186723057240216, train acc = 99.75166666666667, test acc = 91.96, best acc =92.32
epoch 37/50 
Epoch progress: 37/50, train loss = 0.011234366615960148, train acc = 99.8, test acc = 92.04, best acc =92.32
Epoch progress: 37/50, train loss = 0.0111847722990764, train acc = 99.77833333333334, test acc = 92.2, best acc =92.32
epoch 38/50 
Epoch progress: 38/50, train loss = 0.011133518395151126, train acc = 99.805, test acc = 92.08, best acc =92.32
Epoch progress: 38/50, train loss = 0.010640159539971699, train acc = 99.81, test acc = 92.05, best acc =92.32
epoch 39/50 
Epoch progress: 39/50, train loss = 0.010497641570464985, train acc = 99.80333333333333, test acc = 92.1, best acc =92.32
Epoch progress: 39/50, train loss = 0.011103009088223042, train acc = 99.79833333333333, test acc = 92.15, best acc =92.32
epoch 40/50 
Epoch progress: 40/50, train loss = 0.009783221345676827, train acc = 99.85, test acc = 91.96, best acc =92.32
Epoch progress: 40/50, train loss = 0.010326788446971222, train acc = 99.815, test acc = 92.12, best acc =92.32
epoch 41/50 
Epoch progress: 41/50, train loss = 0.009813337862841102, train acc = 99.83, test acc = 92.08, best acc =92.32
epoch 42/50 
Epoch progress: 42/50, train loss = 0.009093328681426928, train acc = 99.855, test acc = 92.01, best acc =92.32
Epoch progress: 42/50, train loss = 0.0100620447606869, train acc = 99.79833333333333, test acc = 92.22, best acc =92.32
epoch 43/50 
Epoch progress: 43/50, train loss = 0.009543526577137744, train acc = 99.835, test acc = 92.08, best acc =92.32
Epoch progress: 43/50, train loss = 0.009367129190076293, train acc = 99.85166666666667, test acc = 92.31, best acc =92.32
epoch 44/50 
Epoch progress: 44/50, train loss = 0.008720776370253914, train acc = 99.86, test acc = 92.06, best acc =92.32
Epoch progress: 44/50, train loss = 0.009013738598861197, train acc = 99.86833333333334, test acc = 92.09, best acc =92.32
epoch 45/50 
Epoch progress: 45/50, train loss = 0.00891886534355978, train acc = 99.85666666666667, test acc = 92.07, best acc =92.32
Epoch progress: 45/50, train loss = 0.008873255280127475, train acc = 99.85666666666667, test acc = 92.18, best acc =92.32
epoch 46/50 
Epoch progress: 46/50, train loss = 0.008935556913947445, train acc = 99.83833333333334, test acc = 92.33, best acc =92.33
Epoch progress: 46/50, train loss = 0.008603723345896297, train acc = 99.87666666666667, test acc = 92.14, best acc =92.33
epoch 47/50 
Epoch progress: 47/50, train loss = 0.00844908722548255, train acc = 99.87, test acc = 92.24, best acc =92.33
epoch 48/50 
Epoch progress: 48/50, train loss = 0.008584751076360883, train acc = 99.87166666666667, test acc = 92.23, best acc =92.33
Epoch progress: 48/50, train loss = 0.008728165577139967, train acc = 99.855, test acc = 92.2, best acc =92.33
epoch 49/50 
Epoch progress: 49/50, train loss = 0.008688198897723497, train acc = 99.87833333333333, test acc = 92.11, best acc =92.33
Epoch progress: 49/50, train loss = 0.00821037430004445, train acc = 99.86666666666666, test acc = 92.12, best acc =92.33
