Namespace(conf='configs/hobbes_config.yaml', dir='result_dumps/client_sampling/fmnist/bs_128/', n_repeat=1, o='osgd_95', pipeline='loss', train_mode='vanilla')
---- Fetching configs and Initializing stuff -----
Loading Model: lenet
----------------------------
LeNet(
  (max_pool): MaxPool2d(kernel_size=(2, 2), stride=(2, 2), padding=0, dilation=1, ceil_mode=False)
  (conv1): Conv2d(1, 64, kernel_size=(5, 5), stride=(1, 1))
  (conv2): Conv2d(64, 64, kernel_size=(5, 5), stride=(1, 1))
  (fc1): Linear(in_features=1024, out_features=1024, bias=True)
  (fc2): Linear(in_features=1024, out_features=10, bias=True)
)
No compression specified or compression operator Not implemented ~ running without jacobian compression
--------------------------------
Initializing mean GAR
--------------------------------
Num of Batches in Train Loader = 469
epoch 0/50 
Epoch progress: 0/50, train loss = 2.288328915516705, train acc = 14.941666666666666, test acc = 14.69, best acc =14.69
Epoch progress: 0/50, train loss = 0.4041852996484049, train acc = 85.39666666666666, test acc = 84.52, best acc =84.52
epoch 1/50 
Epoch progress: 1/50, train loss = 0.3371910092228257, train acc = 87.58333333333333, test acc = 86.26, best acc =86.26
Epoch progress: 1/50, train loss = 0.2933418998903811, train acc = 89.37666666666667, test acc = 87.94, best acc =87.94
epoch 2/50 
Epoch progress: 2/50, train loss = 0.273435734927273, train acc = 90.01166666666667, test acc = 88.67, best acc =88.67
Epoch progress: 2/50, train loss = 0.2569423833889748, train acc = 90.68166666666667, test acc = 88.64, best acc =88.67
epoch 3/50 
Epoch progress: 3/50, train loss = 0.23760715323978904, train acc = 91.38, test acc = 89.44, best acc =89.44
Epoch progress: 3/50, train loss = 0.23048949017644182, train acc = 91.44666666666667, test acc = 89.59, best acc =89.59
epoch 4/50 
Epoch progress: 4/50, train loss = 0.2100276292990774, train acc = 92.20166666666667, test acc = 89.83, best acc =89.83
Epoch progress: 4/50, train loss = 0.20837577953458086, train acc = 92.29833333333333, test acc = 89.91, best acc =89.91
epoch 5/50 
Epoch progress: 5/50, train loss = 0.20101619616690983, train acc = 92.68, test acc = 89.91, best acc =89.91
epoch 6/50 
Epoch progress: 6/50, train loss = 0.21884853287991177, train acc = 91.94666666666667, test acc = 89.55, best acc =89.91
Epoch progress: 6/50, train loss = 0.17586777341772497, train acc = 93.49, test acc = 90.45, best acc =90.45
epoch 7/50 
Epoch progress: 7/50, train loss = 0.16875344103396828, train acc = 93.87166666666667, test acc = 90.55, best acc =90.55
Epoch progress: 7/50, train loss = 0.17133822006139673, train acc = 93.64, test acc = 90.59, best acc =90.59
epoch 8/50 
Epoch progress: 8/50, train loss = 0.15463937080300438, train acc = 94.325, test acc = 91.15, best acc =91.15
Epoch progress: 8/50, train loss = 0.14689731708308781, train acc = 94.85, test acc = 90.87, best acc =91.15
epoch 9/50 
Epoch progress: 9/50, train loss = 0.13383433071058443, train acc = 95.06166666666667, test acc = 91.0, best acc =91.15
Epoch progress: 9/50, train loss = 0.13951931818366559, train acc = 94.86666666666666, test acc = 90.65, best acc =91.15
epoch 10/50 
Epoch progress: 10/50, train loss = 0.10792452919044729, train acc = 96.01, test acc = 91.43, best acc =91.43
Epoch progress: 10/50, train loss = 0.10750482070928952, train acc = 96.06166666666667, test acc = 91.51, best acc =91.51
epoch 11/50 
Epoch progress: 11/50, train loss = 0.09707973547168632, train acc = 96.57666666666667, test acc = 91.49, best acc =91.51
epoch 12/50 
Epoch progress: 12/50, train loss = 0.09403941460621001, train acc = 96.635, test acc = 91.64, best acc =91.64
Epoch progress: 12/50, train loss = 0.09268245048153756, train acc = 96.70166666666667, test acc = 91.57, best acc =91.64
epoch 13/50 
Epoch progress: 13/50, train loss = 0.08711789067048253, train acc = 96.895, test acc = 91.65, best acc =91.65
Epoch progress: 13/50, train loss = 0.08361661598991865, train acc = 97.01333333333334, test acc = 91.61, best acc =91.65
epoch 14/50 
Epoch progress: 14/50, train loss = 0.07825974734432535, train acc = 97.23333333333333, test acc = 91.62, best acc =91.65
Epoch progress: 14/50, train loss = 0.07479009879375699, train acc = 97.27333333333333, test acc = 91.72, best acc =91.72
epoch 15/50 
Epoch progress: 15/50, train loss = 0.07326112066441254, train acc = 97.26333333333334, test acc = 91.89, best acc =91.89
Epoch progress: 15/50, train loss = 0.07602990532853901, train acc = 97.16, test acc = 91.87, best acc =91.89
epoch 16/50 
Epoch progress: 16/50, train loss = 0.0645177318120816, train acc = 97.725, test acc = 91.83, best acc =91.89
Epoch progress: 16/50, train loss = 0.06795972681789002, train acc = 97.61833333333334, test acc = 91.46, best acc =91.89
epoch 17/50 
Epoch progress: 17/50, train loss = 0.07203821191734978, train acc = 97.32333333333334, test acc = 91.37, best acc =91.89
epoch 18/50 
Epoch progress: 18/50, train loss = 0.06328861978548422, train acc = 97.7, test acc = 91.67, best acc =91.89
Epoch progress: 18/50, train loss = 0.05762267476523609, train acc = 97.91833333333334, test acc = 91.97, best acc =91.97
epoch 19/50 
Epoch progress: 19/50, train loss = 0.05547477440761605, train acc = 98.13, test acc = 91.77, best acc =91.97
Epoch progress: 19/50, train loss = 0.0562619691643157, train acc = 98.03166666666667, test acc = 91.71, best acc =91.97
epoch 20/50 
Epoch progress: 20/50, train loss = 0.04303071987844988, train acc = 98.62, test acc = 91.89, best acc =91.97
Epoch progress: 20/50, train loss = 0.04183526237461486, train acc = 98.61833333333334, test acc = 92.1, best acc =92.1
epoch 21/50 
Epoch progress: 21/50, train loss = 0.03641126439996016, train acc = 98.83666666666667, test acc = 92.1, best acc =92.1
Epoch progress: 21/50, train loss = 0.03495436536469884, train acc = 98.96333333333334, test acc = 91.9, best acc =92.1
epoch 22/50 
Epoch progress: 22/50, train loss = 0.03481661582063796, train acc = 98.97166666666666, test acc = 92.05, best acc =92.1
Epoch progress: 22/50, train loss = 0.0338002489631507, train acc = 98.91333333333333, test acc = 91.78, best acc =92.1
epoch 23/50 
Epoch progress: 23/50, train loss = 0.029962592397822438, train acc = 99.08666666666667, test acc = 91.89, best acc =92.1
epoch 24/50 
Epoch progress: 24/50, train loss = 0.03076155677533099, train acc = 99.075, test acc = 92.19, best acc =92.19
Epoch progress: 24/50, train loss = 0.029307861043426243, train acc = 99.10166666666667, test acc = 92.02, best acc =92.19
epoch 25/50 
Epoch progress: 25/50, train loss = 0.03143969001963353, train acc = 98.95333333333333, test acc = 91.95, best acc =92.19
Epoch progress: 25/50, train loss = 0.027304531457319633, train acc = 99.13166666666666, test acc = 92.14, best acc =92.19
epoch 26/50 
Epoch progress: 26/50, train loss = 0.027890902339740953, train acc = 99.15666666666667, test acc = 92.0, best acc =92.19
Epoch progress: 26/50, train loss = 0.02570331306047817, train acc = 99.26, test acc = 92.06, best acc =92.19
epoch 27/50 
Epoch progress: 27/50, train loss = 0.02575877920410701, train acc = 99.22, test acc = 91.69, best acc =92.19
Epoch progress: 27/50, train loss = 0.025232922092183377, train acc = 99.23333333333333, test acc = 91.96, best acc =92.19
epoch 28/50 
Epoch progress: 28/50, train loss = 0.026645782826615293, train acc = 99.14333333333333, test acc = 92.02, best acc =92.19
Epoch progress: 28/50, train loss = 0.02571546464963858, train acc = 99.25333333333333, test acc = 91.89, best acc =92.19
epoch 29/50 
Epoch progress: 29/50, train loss = 0.021967242251454133, train acc = 99.34, test acc = 92.09, best acc =92.19
epoch 30/50 
Epoch progress: 30/50, train loss = 0.021705335275188628, train acc = 99.42666666666666, test acc = 92.0, best acc =92.19
Epoch progress: 30/50, train loss = 0.019048692794568313, train acc = 99.50833333333334, test acc = 92.24, best acc =92.24
epoch 31/50 
Epoch progress: 31/50, train loss = 0.017234662814792603, train acc = 99.60833333333333, test acc = 91.86, best acc =92.24
Epoch progress: 31/50, train loss = 0.01739371774086693, train acc = 99.61833333333334, test acc = 91.91, best acc =92.24
epoch 32/50 
Epoch progress: 32/50, train loss = 0.017263525475892844, train acc = 99.60666666666667, test acc = 92.09, best acc =92.24
Epoch progress: 32/50, train loss = 0.017036507244724265, train acc = 99.61, test acc = 92.04, best acc =92.24
epoch 33/50 
Epoch progress: 33/50, train loss = 0.016106775745864648, train acc = 99.62333333333333, test acc = 92.22, best acc =92.24
Epoch progress: 33/50, train loss = 0.016608599276502312, train acc = 99.62333333333333, test acc = 92.31, best acc =92.31
epoch 34/50 
Epoch progress: 34/50, train loss = 0.016032716771190576, train acc = 99.64, test acc = 91.84, best acc =92.31
Epoch progress: 34/50, train loss = 0.015439566846357099, train acc = 99.655, test acc = 92.07, best acc =92.31
epoch 35/50 
Epoch progress: 35/50, train loss = 0.014723897438996764, train acc = 99.68166666666667, test acc = 92.06, best acc =92.31
epoch 36/50 
Epoch progress: 36/50, train loss = 0.01518521031319126, train acc = 99.69833333333334, test acc = 91.94, best acc =92.31
Epoch progress: 36/50, train loss = 0.014668031814081202, train acc = 99.69166666666666, test acc = 91.75, best acc =92.31
epoch 37/50 
Epoch progress: 37/50, train loss = 0.013735842008366068, train acc = 99.69333333333333, test acc = 92.1, best acc =92.31
Epoch progress: 37/50, train loss = 0.014303934780745778, train acc = 99.66, test acc = 91.96, best acc =92.31
epoch 38/50 
Epoch progress: 38/50, train loss = 0.01396663182416061, train acc = 99.69166666666666, test acc = 92.1, best acc =92.31
Epoch progress: 38/50, train loss = 0.013280884137869611, train acc = 99.75666666666666, test acc = 92.43, best acc =92.43
epoch 39/50 
Epoch progress: 39/50, train loss = 0.013107587129119903, train acc = 99.73666666666666, test acc = 91.87, best acc =92.43
Epoch progress: 39/50, train loss = 0.013552030545971127, train acc = 99.72666666666667, test acc = 92.05, best acc =92.43
epoch 40/50 
Epoch progress: 40/50, train loss = 0.012210222811046948, train acc = 99.805, test acc = 92.03, best acc =92.43
Epoch progress: 40/50, train loss = 0.01224669326406552, train acc = 99.76166666666667, test acc = 92.22, best acc =92.43
epoch 41/50 
Epoch progress: 41/50, train loss = 0.012512494864534023, train acc = 99.755, test acc = 92.19, best acc =92.43
epoch 42/50 
Epoch progress: 42/50, train loss = 0.011747018531409662, train acc = 99.78333333333333, test acc = 91.98, best acc =92.43
Epoch progress: 42/50, train loss = 0.012761674283731626, train acc = 99.73, test acc = 91.95, best acc =92.43
epoch 43/50 
Epoch progress: 43/50, train loss = 0.011915617344924795, train acc = 99.75833333333334, test acc = 92.07, best acc =92.43
Epoch progress: 43/50, train loss = 0.011436471480256649, train acc = 99.82333333333334, test acc = 91.73, best acc =92.43
epoch 44/50 
Epoch progress: 44/50, train loss = 0.010931484360269694, train acc = 99.815, test acc = 91.96, best acc =92.43
Epoch progress: 44/50, train loss = 0.011490312727865205, train acc = 99.80666666666667, test acc = 91.97, best acc =92.43
epoch 45/50 
Epoch progress: 45/50, train loss = 0.01103595927405332, train acc = 99.81833333333333, test acc = 92.04, best acc =92.43
Epoch progress: 45/50, train loss = 0.011140368102532404, train acc = 99.80666666666667, test acc = 92.01, best acc =92.43
epoch 46/50 
Epoch progress: 46/50, train loss = 0.011065624147675424, train acc = 99.83, test acc = 92.07, best acc =92.43
Epoch progress: 46/50, train loss = 0.010562283650431822, train acc = 99.82166666666667, test acc = 92.25, best acc =92.43
epoch 47/50 
Epoch progress: 47/50, train loss = 0.011199136477595231, train acc = 99.78666666666666, test acc = 92.12, best acc =92.43
epoch 48/50 
Epoch progress: 48/50, train loss = 0.01086767319875803, train acc = 99.835, test acc = 92.17, best acc =92.43
Epoch progress: 48/50, train loss = 0.011067725557174637, train acc = 99.795, test acc = 92.11, best acc =92.43
epoch 49/50 
Epoch progress: 49/50, train loss = 0.010915878862301423, train acc = 99.80166666666666, test acc = 92.14, best acc =92.43
Epoch progress: 49/50, train loss = 0.010380324388572228, train acc = 99.83333333333333, test acc = 92.07, best acc =92.43
