Namespace(conf='configs/hobbes_config.yaml', dir='result_dumps/client_sampling/fmnist/bs_1024/', n_repeat=1, o='baseline', pipeline='loss', train_mode='vanilla')
---- Fetching configs and Initializing stuff -----
Loading Model: lenet
----------------------------
LeNet(
  (max_pool): MaxPool2d(kernel_size=(2, 2), stride=(2, 2), padding=0, dilation=1, ceil_mode=False)
  (conv1): Conv2d(1, 64, kernel_size=(5, 5), stride=(1, 1))
  (conv2): Conv2d(64, 64, kernel_size=(5, 5), stride=(1, 1))
  (fc1): Linear(in_features=1024, out_features=1024, bias=True)
  (fc2): Linear(in_features=1024, out_features=10, bias=True)
)
No compression specified or compression operator Not implemented ~ running without jacobian compression
--------------------------------
Initializing mean GAR
--------------------------------
Num of Batches in Train Loader = 59
epoch 0/50 
Epoch progress: 0/50, train loss = 2.2613641367120256, train acc = 18.618333333333332, test acc = 18.28, best acc =18.28
Epoch progress: 0/50, train loss = 0.7129730036703207, train acc = 72.5, test acc = 72.04, best acc =72.04
epoch 1/50 
Epoch progress: 1/50, train loss = 0.485902161921485, train acc = 81.50166666666667, test acc = 80.61, best acc =80.61
Epoch progress: 1/50, train loss = 0.41494166952068523, train acc = 84.69333333333333, test acc = 83.78, best acc =83.78
epoch 2/50 
Epoch progress: 2/50, train loss = 0.3688150432150243, train acc = 86.45, test acc = 85.51, best acc =85.51
Epoch progress: 2/50, train loss = 0.34065331998517956, train acc = 87.48, test acc = 86.6, best acc =86.6
epoch 3/50 
Epoch progress: 3/50, train loss = 0.3229310992410627, train acc = 88.225, test acc = 87.28, best acc =87.28
Epoch progress: 3/50, train loss = 0.30339890162823563, train acc = 88.98166666666667, test acc = 87.48, best acc =87.48
epoch 4/50 
Epoch progress: 4/50, train loss = 0.29703872587721225, train acc = 89.075, test acc = 87.68, best acc =87.68
Epoch progress: 4/50, train loss = 0.2749677537861517, train acc = 90.06833333333333, test acc = 88.29, best acc =88.29
epoch 5/50 
Epoch progress: 5/50, train loss = 0.2656465677891747, train acc = 90.36333333333333, test acc = 88.75, best acc =88.75
Epoch progress: 5/50, train loss = 0.2610062982066203, train acc = 90.54166666666667, test acc = 88.71, best acc =88.75
epoch 6/50 
Epoch progress: 6/50, train loss = 0.24875043761932245, train acc = 90.98833333333333, test acc = 89.15, best acc =89.15
epoch 7/50 
Epoch progress: 7/50, train loss = 0.243828455522909, train acc = 91.10166666666667, test acc = 89.49, best acc =89.49
Epoch progress: 7/50, train loss = 0.24079186810275255, train acc = 91.21166666666667, test acc = 89.3, best acc =89.49
epoch 8/50 
Epoch progress: 8/50, train loss = 0.2357997341176211, train acc = 91.485, test acc = 89.53, best acc =89.53
Epoch progress: 8/50, train loss = 0.23101981211516817, train acc = 91.58666666666667, test acc = 89.74, best acc =89.74
epoch 9/50 
Epoch progress: 9/50, train loss = 0.218226558828758, train acc = 91.995, test acc = 90.26, best acc =90.26
Epoch progress: 9/50, train loss = 0.21820129100549018, train acc = 92.04333333333334, test acc = 90.12, best acc =90.26
epoch 10/50 
Epoch progress: 10/50, train loss = 0.20190222889690077, train acc = 92.76, test acc = 90.56, best acc =90.56
Epoch progress: 10/50, train loss = 0.19774635388689527, train acc = 92.82166666666667, test acc = 90.54, best acc =90.56
epoch 11/50 
Epoch progress: 11/50, train loss = 0.19250706797939235, train acc = 93.11833333333334, test acc = 90.77, best acc =90.77
Epoch progress: 11/50, train loss = 0.19257953535702269, train acc = 93.05, test acc = 90.5, best acc =90.77
epoch 12/50 
Epoch progress: 12/50, train loss = 0.18677294481608828, train acc = 93.14166666666667, test acc = 90.64, best acc =90.77
epoch 13/50 
Epoch progress: 13/50, train loss = 0.1830743950302318, train acc = 93.425, test acc = 90.52, best acc =90.77
Epoch progress: 13/50, train loss = 0.18213317555896305, train acc = 93.38666666666667, test acc = 90.96, best acc =90.96
epoch 14/50 
Epoch progress: 14/50, train loss = 0.1804487578949686, train acc = 93.46666666666667, test acc = 90.91, best acc =90.96
Epoch progress: 14/50, train loss = 0.1784067810592005, train acc = 93.55166666666666, test acc = 90.63, best acc =90.96
epoch 15/50 
Epoch progress: 15/50, train loss = 0.17270433927996684, train acc = 93.73, test acc = 91.14, best acc =91.14
Epoch progress: 15/50, train loss = 0.17314457590297117, train acc = 93.68333333333334, test acc = 90.77, best acc =91.14
epoch 16/50 
Epoch progress: 16/50, train loss = 0.16928001177512994, train acc = 93.96333333333334, test acc = 90.75, best acc =91.14
Epoch progress: 16/50, train loss = 0.17088206289178234, train acc = 93.76166666666667, test acc = 90.48, best acc =91.14
epoch 17/50 
Epoch progress: 17/50, train loss = 0.16263606310900997, train acc = 94.23166666666667, test acc = 91.27, best acc =91.27
Epoch progress: 17/50, train loss = 0.16253381462420446, train acc = 94.14, test acc = 90.88, best acc =91.27
epoch 18/50 
Epoch progress: 18/50, train loss = 0.16433075032496858, train acc = 94.03166666666667, test acc = 90.73, best acc =91.27
Epoch progress: 18/50, train loss = 0.1548349049131749, train acc = 94.41833333333334, test acc = 91.22, best acc =91.27
epoch 19/50 
Epoch progress: 19/50, train loss = 0.1559734872337115, train acc = 94.39833333333333, test acc = 91.11, best acc =91.27
epoch 20/50 
Epoch progress: 20/50, train loss = 0.15208016436989025, train acc = 94.49, test acc = 91.26, best acc =91.27
Epoch progress: 20/50, train loss = 0.14846606615741373, train acc = 94.61166666666666, test acc = 91.28, best acc =91.28
epoch 21/50 
Epoch progress: 21/50, train loss = 0.14471990817179115, train acc = 94.81333333333333, test acc = 91.41, best acc =91.41
Epoch progress: 21/50, train loss = 0.14802651549294843, train acc = 94.64, test acc = 91.19, best acc =91.41
epoch 22/50 
Epoch progress: 22/50, train loss = 0.14108719904038866, train acc = 94.98833333333333, test acc = 91.33, best acc =91.41
Epoch progress: 22/50, train loss = 0.14256394502975173, train acc = 94.85, test acc = 91.38, best acc =91.41
epoch 23/50 
Epoch progress: 23/50, train loss = 0.14140935002242105, train acc = 94.89666666666666, test acc = 91.2, best acc =91.41
Epoch progress: 23/50, train loss = 0.1397918672379801, train acc = 95.02833333333334, test acc = 91.63, best acc =91.63
epoch 24/50 
Epoch progress: 24/50, train loss = 0.13650914723590268, train acc = 95.105, test acc = 91.37, best acc =91.63
Epoch progress: 24/50, train loss = 0.13626980869951894, train acc = 95.16833333333334, test acc = 91.55, best acc =91.63
epoch 25/50 
Epoch progress: 25/50, train loss = 0.13481448969598545, train acc = 95.28333333333333, test acc = 91.47, best acc =91.63
epoch 26/50 
Epoch progress: 26/50, train loss = 0.13492988024727773, train acc = 95.07333333333334, test acc = 91.42, best acc =91.63
Epoch progress: 26/50, train loss = 0.13565155093447637, train acc = 95.065, test acc = 91.35, best acc =91.63
epoch 27/50 
Epoch progress: 27/50, train loss = 0.13284674665685428, train acc = 95.26166666666667, test acc = 91.37, best acc =91.63
Epoch progress: 27/50, train loss = 0.13038448547407733, train acc = 95.355, test acc = 91.22, best acc =91.63
epoch 28/50 
Epoch progress: 28/50, train loss = 0.13099345514329813, train acc = 95.335, test acc = 91.87, best acc =91.87
Epoch progress: 28/50, train loss = 0.1278216009170322, train acc = 95.45666666666666, test acc = 91.59, best acc =91.87
epoch 29/50 
Epoch progress: 29/50, train loss = 0.12580885131985453, train acc = 95.51666666666667, test acc = 91.49, best acc =91.87
Epoch progress: 29/50, train loss = 0.12523597150535906, train acc = 95.53833333333333, test acc = 91.53, best acc =91.87
epoch 30/50 
Epoch progress: 30/50, train loss = 0.12297796559030727, train acc = 95.58666666666667, test acc = 91.51, best acc =91.87
Epoch progress: 30/50, train loss = 0.12116128307277874, train acc = 95.69333333333333, test acc = 91.52, best acc =91.87
epoch 31/50 
Epoch progress: 31/50, train loss = 0.12246247772443092, train acc = 95.6, test acc = 91.64, best acc =91.87
epoch 32/50 
Epoch progress: 32/50, train loss = 0.12224108725786209, train acc = 95.595, test acc = 91.54, best acc =91.87
Epoch progress: 32/50, train loss = 0.12054173256886208, train acc = 95.65333333333334, test acc = 91.77, best acc =91.87
epoch 33/50 
Epoch progress: 33/50, train loss = 0.12126875454086368, train acc = 95.68666666666667, test acc = 91.43, best acc =91.87
Epoch progress: 33/50, train loss = 0.1195432387166104, train acc = 95.72, test acc = 91.49, best acc =91.87
epoch 34/50 
Epoch progress: 34/50, train loss = 0.11763247645507424, train acc = 95.72, test acc = 91.76, best acc =91.87
Epoch progress: 34/50, train loss = 0.11792383557659085, train acc = 95.84166666666667, test acc = 91.59, best acc =91.87
epoch 35/50 
Epoch progress: 35/50, train loss = 0.11706002081854869, train acc = 95.84166666666667, test acc = 91.68, best acc =91.87
Epoch progress: 35/50, train loss = 0.11628679299758653, train acc = 95.88666666666667, test acc = 91.7, best acc =91.87
epoch 36/50 
Epoch progress: 36/50, train loss = 0.11650868164280713, train acc = 95.96, test acc = 91.86, best acc =91.87
Epoch progress: 36/50, train loss = 0.11578780917798058, train acc = 95.91166666666666, test acc = 91.46, best acc =91.87
epoch 37/50 
Epoch progress: 37/50, train loss = 0.11457608943268405, train acc = 95.905, test acc = 91.63, best acc =91.87
Epoch progress: 37/50, train loss = 0.11419585789159192, train acc = 96.025, test acc = 91.58, best acc =91.87
epoch 38/50 
Epoch progress: 38/50, train loss = 0.11186936838647067, train acc = 96.05666666666667, test acc = 91.66, best acc =91.87
epoch 39/50 
Epoch progress: 39/50, train loss = 0.11475824690976386, train acc = 95.96833333333333, test acc = 91.55, best acc =91.87
Epoch progress: 39/50, train loss = 0.11337655277575477, train acc = 95.905, test acc = 91.56, best acc =91.87
epoch 40/50 
Epoch progress: 40/50, train loss = 0.11204573991945234, train acc = 96.095, test acc = 91.82, best acc =91.87
Epoch progress: 40/50, train loss = 0.11028854195344245, train acc = 96.10166666666667, test acc = 91.77, best acc =91.87
epoch 41/50 
Epoch progress: 41/50, train loss = 0.1105358226824615, train acc = 96.12, test acc = 91.93, best acc =91.93
Epoch progress: 41/50, train loss = 0.10895232351149543, train acc = 96.16166666666666, test acc = 91.48, best acc =91.93
epoch 42/50 
Epoch progress: 42/50, train loss = 0.10952128381547281, train acc = 96.11, test acc = 91.66, best acc =91.93
Epoch progress: 42/50, train loss = 0.10973474497007112, train acc = 96.13166666666666, test acc = 91.44, best acc =91.93
epoch 43/50 
Epoch progress: 43/50, train loss = 0.10975174100722297, train acc = 96.07166666666667, test acc = 91.72, best acc =91.93
Epoch progress: 43/50, train loss = 0.10817750669636969, train acc = 96.26666666666667, test acc = 91.65, best acc =91.93
epoch 44/50 
Epoch progress: 44/50, train loss = 0.10819672628984613, train acc = 96.27, test acc = 91.57, best acc =91.93
epoch 45/50 
Epoch progress: 45/50, train loss = 0.10851908790863167, train acc = 96.18166666666667, test acc = 91.58, best acc =91.93
Epoch progress: 45/50, train loss = 0.10844560939881762, train acc = 96.17666666666666, test acc = 91.78, best acc =91.93
epoch 46/50 
Epoch progress: 46/50, train loss = 0.10756082315061052, train acc = 96.15333333333334, test acc = 91.59, best acc =91.93
Epoch progress: 46/50, train loss = 0.10679072722540063, train acc = 96.18, test acc = 91.64, best acc =91.93
epoch 47/50 
Epoch progress: 47/50, train loss = 0.10722541442867052, train acc = 96.22166666666666, test acc = 91.62, best acc =91.93
Epoch progress: 47/50, train loss = 0.10696311976950047, train acc = 96.24833333333333, test acc = 91.46, best acc =91.93
epoch 48/50 
Epoch progress: 48/50, train loss = 0.10679077155004113, train acc = 96.22166666666666, test acc = 91.58, best acc =91.93
Epoch progress: 48/50, train loss = 0.10511722693503914, train acc = 96.29666666666667, test acc = 91.78, best acc =91.93
epoch 49/50 
Epoch progress: 49/50, train loss = 0.10637509153556016, train acc = 96.28, test acc = 91.64, best acc =91.93
Epoch progress: 49/50, train loss = 0.10543128784935353, train acc = 96.22833333333334, test acc = 91.9, best acc =91.93
