Namespace(conf='configs/hobbes_config.yaml', dir='result_dumps/client_sampling/fmnist/bs_1024/', n_repeat=1, o='osgd_90', pipeline='loss', train_mode='vanilla')
---- Fetching configs and Initializing stuff -----
Loading Model: lenet
----------------------------
LeNet(
  (max_pool): MaxPool2d(kernel_size=(2, 2), stride=(2, 2), padding=0, dilation=1, ceil_mode=False)
  (conv1): Conv2d(1, 64, kernel_size=(5, 5), stride=(1, 1))
  (conv2): Conv2d(64, 64, kernel_size=(5, 5), stride=(1, 1))
  (fc1): Linear(in_features=1024, out_features=1024, bias=True)
  (fc2): Linear(in_features=1024, out_features=10, bias=True)
)
No compression specified or compression operator Not implemented ~ running without jacobian compression
--------------------------------
Initializing mean GAR
--------------------------------
Num of Batches in Train Loader = 59
epoch 0/50 
Epoch progress: 0/50, train loss = 2.2633538811893787, train acc = 18.37, test acc = 17.99, best acc =17.99
Epoch progress: 0/50, train loss = 0.6563104300175683, train acc = 74.87666666666667, test acc = 74.27, best acc =74.27
epoch 1/50 
Epoch progress: 1/50, train loss = 0.48128356923491267, train acc = 81.965, test acc = 81.3, best acc =81.3
Epoch progress: 1/50, train loss = 0.406780462648909, train acc = 85.13, test acc = 84.39, best acc =84.39
epoch 2/50 
Epoch progress: 2/50, train loss = 0.35784841947636364, train acc = 86.89166666666667, test acc = 85.72, best acc =85.72
Epoch progress: 2/50, train loss = 0.3346551515288272, train acc = 87.74333333333334, test acc = 86.58, best acc =86.58
epoch 3/50 
Epoch progress: 3/50, train loss = 0.3110344046253269, train acc = 88.47666666666667, test acc = 87.4, best acc =87.4
Epoch progress: 3/50, train loss = 0.2993257914559316, train acc = 89.12333333333333, test acc = 87.5, best acc =87.5
epoch 4/50 
Epoch progress: 4/50, train loss = 0.2858760902437113, train acc = 89.41833333333334, test acc = 88.13, best acc =88.13
Epoch progress: 4/50, train loss = 0.2684978928606389, train acc = 90.18, test acc = 88.47, best acc =88.47
epoch 5/50 
Epoch progress: 5/50, train loss = 0.26117613911628723, train acc = 90.46666666666667, test acc = 88.93, best acc =88.93
Epoch progress: 5/50, train loss = 0.25763145594273584, train acc = 90.43833333333333, test acc = 88.77, best acc =88.93
epoch 6/50 
Epoch progress: 6/50, train loss = 0.24235392046176782, train acc = 91.12333333333333, test acc = 89.51, best acc =89.51
epoch 7/50 
Epoch progress: 7/50, train loss = 0.24316293026431132, train acc = 91.085, test acc = 89.24, best acc =89.51
Epoch progress: 7/50, train loss = 0.23750605623600846, train acc = 91.25666666666666, test acc = 89.33, best acc =89.51
epoch 8/50 
Epoch progress: 8/50, train loss = 0.22342585961697464, train acc = 91.93666666666667, test acc = 90.09, best acc =90.09
Epoch progress: 8/50, train loss = 0.2160350897554624, train acc = 92.07833333333333, test acc = 90.13, best acc =90.13
epoch 9/50 
Epoch progress: 9/50, train loss = 0.20945796597812136, train acc = 92.33, test acc = 89.89, best acc =90.13
Epoch progress: 9/50, train loss = 0.21233131420814386, train acc = 92.225, test acc = 89.65, best acc =90.13
epoch 10/50 
Epoch progress: 10/50, train loss = 0.19380026020235935, train acc = 92.94833333333334, test acc = 90.47, best acc =90.47
Epoch progress: 10/50, train loss = 0.1878222345800723, train acc = 93.2, test acc = 90.7, best acc =90.7
epoch 11/50 
Epoch progress: 11/50, train loss = 0.18460480464717088, train acc = 93.23666666666666, test acc = 90.8, best acc =90.8
Epoch progress: 11/50, train loss = 0.18245768319752256, train acc = 93.47666666666667, test acc = 90.89, best acc =90.89
epoch 12/50 
Epoch progress: 12/50, train loss = 0.17647547413737086, train acc = 93.645, test acc = 90.95, best acc =90.95
epoch 13/50 
Epoch progress: 13/50, train loss = 0.17224543023917635, train acc = 93.81, test acc = 91.06, best acc =91.06
Epoch progress: 13/50, train loss = 0.17292088775311487, train acc = 93.72833333333334, test acc = 90.76, best acc =91.06
epoch 14/50 
Epoch progress: 14/50, train loss = 0.17187636459277847, train acc = 93.72333333333333, test acc = 90.81, best acc =91.06
Epoch progress: 14/50, train loss = 0.16875269377635696, train acc = 93.88833333333334, test acc = 90.78, best acc =91.06
epoch 15/50 
Epoch progress: 15/50, train loss = 0.1633277257620278, train acc = 94.13166666666666, test acc = 91.0, best acc =91.06
Epoch progress: 15/50, train loss = 0.16162278515807652, train acc = 94.09666666666666, test acc = 91.47, best acc =91.47
epoch 16/50 
Epoch progress: 16/50, train loss = 0.16067854643373167, train acc = 94.09166666666667, test acc = 91.06, best acc =91.47
Epoch progress: 16/50, train loss = 0.16557600134510106, train acc = 93.95666666666666, test acc = 90.62, best acc =91.47
epoch 17/50 
Epoch progress: 17/50, train loss = 0.15345234171313754, train acc = 94.47833333333334, test acc = 90.91, best acc =91.47
Epoch progress: 17/50, train loss = 0.1520734443250349, train acc = 94.475, test acc = 91.08, best acc =91.47
epoch 18/50 
Epoch progress: 18/50, train loss = 0.15488869330640567, train acc = 94.38833333333334, test acc = 91.12, best acc =91.47
Epoch progress: 18/50, train loss = 0.15008457005023956, train acc = 94.57666666666667, test acc = 91.04, best acc =91.47
epoch 19/50 
Epoch progress: 19/50, train loss = 0.14775128776239135, train acc = 94.68, test acc = 91.17, best acc =91.47
epoch 20/50 
Epoch progress: 20/50, train loss = 0.14133056152169987, train acc = 94.90166666666667, test acc = 91.38, best acc =91.47
Epoch progress: 20/50, train loss = 0.13798186498678336, train acc = 95.065, test acc = 91.63, best acc =91.63
epoch 21/50 
Epoch progress: 21/50, train loss = 0.1334067206766646, train acc = 95.24166666666666, test acc = 91.34, best acc =91.63
Epoch progress: 21/50, train loss = 0.13686124361672644, train acc = 95.02833333333334, test acc = 91.29, best acc =91.63
epoch 22/50 
Epoch progress: 22/50, train loss = 0.1305203200396845, train acc = 95.29, test acc = 91.46, best acc =91.63
Epoch progress: 22/50, train loss = 0.1306980093151836, train acc = 95.33333333333333, test acc = 91.52, best acc =91.63
epoch 23/50 
Epoch progress: 23/50, train loss = 0.1294231597902411, train acc = 95.37666666666667, test acc = 91.53, best acc =91.63
Epoch progress: 23/50, train loss = 0.12851958620851323, train acc = 95.365, test acc = 91.51, best acc =91.63
epoch 24/50 
Epoch progress: 24/50, train loss = 0.12673653535923715, train acc = 95.47333333333333, test acc = 91.47, best acc =91.63
Epoch progress: 24/50, train loss = 0.1265087319632708, train acc = 95.555, test acc = 91.68, best acc =91.68
epoch 25/50 
Epoch progress: 25/50, train loss = 0.12417721167459327, train acc = 95.585, test acc = 91.49, best acc =91.68
epoch 26/50 
Epoch progress: 26/50, train loss = 0.12313151119624154, train acc = 95.575, test acc = 91.73, best acc =91.73
Epoch progress: 26/50, train loss = 0.12437199788578486, train acc = 95.39, test acc = 91.48, best acc =91.73
epoch 27/50 
Epoch progress: 27/50, train loss = 0.122655600561934, train acc = 95.62166666666667, test acc = 91.49, best acc =91.73
Epoch progress: 27/50, train loss = 0.11937213032427481, train acc = 95.73166666666667, test acc = 91.56, best acc =91.73
epoch 28/50 
Epoch progress: 28/50, train loss = 0.12029044595310244, train acc = 95.68, test acc = 91.72, best acc =91.73
Epoch progress: 28/50, train loss = 0.11698798835277557, train acc = 95.745, test acc = 91.54, best acc =91.73
epoch 29/50 
Epoch progress: 29/50, train loss = 0.11619772610522933, train acc = 95.83, test acc = 91.68, best acc =91.73
Epoch progress: 29/50, train loss = 0.11599588899289147, train acc = 95.83666666666667, test acc = 91.63, best acc =91.73
epoch 30/50 
Epoch progress: 30/50, train loss = 0.11232405446343503, train acc = 96.12, test acc = 91.69, best acc =91.73
Epoch progress: 30/50, train loss = 0.11144172955872649, train acc = 96.005, test acc = 91.67, best acc =91.73
epoch 31/50 
Epoch progress: 31/50, train loss = 0.11083691819744595, train acc = 96.10166666666667, test acc = 91.72, best acc =91.73
epoch 32/50 
Epoch progress: 32/50, train loss = 0.11094219742690102, train acc = 96.03, test acc = 91.65, best acc =91.73
Epoch progress: 32/50, train loss = 0.10866343823529906, train acc = 96.19, test acc = 92.01, best acc =92.01
epoch 33/50 
Epoch progress: 33/50, train loss = 0.10886258480407424, train acc = 96.08, test acc = 91.69, best acc =92.01
Epoch progress: 33/50, train loss = 0.10840418215020228, train acc = 96.245, test acc = 91.94, best acc =92.01
epoch 34/50 
Epoch progress: 34/50, train loss = 0.10790623194080289, train acc = 96.12, test acc = 91.7, best acc =92.01
Epoch progress: 34/50, train loss = 0.10542963003203021, train acc = 96.255, test acc = 91.69, best acc =92.01
epoch 35/50 
Epoch progress: 35/50, train loss = 0.10627883862135774, train acc = 96.29666666666667, test acc = 91.7, best acc =92.01
Epoch progress: 35/50, train loss = 0.10587255505181975, train acc = 96.29333333333334, test acc = 91.9, best acc =92.01
epoch 36/50 
Epoch progress: 36/50, train loss = 0.10437083446373374, train acc = 96.36333333333333, test acc = 91.59, best acc =92.01
Epoch progress: 36/50, train loss = 0.1057601035651514, train acc = 96.195, test acc = 91.8, best acc =92.01
epoch 37/50 
Epoch progress: 37/50, train loss = 0.10394102019273628, train acc = 96.32833333333333, test acc = 91.65, best acc =92.01
Epoch progress: 37/50, train loss = 0.10246734245348785, train acc = 96.39833333333333, test acc = 91.7, best acc =92.01
epoch 38/50 
Epoch progress: 38/50, train loss = 0.102448190925485, train acc = 96.40166666666667, test acc = 91.73, best acc =92.01
epoch 39/50 
Epoch progress: 39/50, train loss = 0.10328169773190708, train acc = 96.39666666666666, test acc = 91.9, best acc =92.01
Epoch progress: 39/50, train loss = 0.10060504899691727, train acc = 96.45666666666666, test acc = 91.61, best acc =92.01
epoch 40/50 
Epoch progress: 40/50, train loss = 0.09991681575775146, train acc = 96.505, test acc = 91.6, best acc =92.01
Epoch progress: 40/50, train loss = 0.09880533713405415, train acc = 96.575, test acc = 91.72, best acc =92.01
epoch 41/50 
Epoch progress: 41/50, train loss = 0.09807567323668528, train acc = 96.55333333333333, test acc = 91.91, best acc =92.01
Epoch progress: 41/50, train loss = 0.09701989288047208, train acc = 96.585, test acc = 91.56, best acc =92.01
epoch 42/50 
Epoch progress: 42/50, train loss = 0.09706482707949007, train acc = 96.63666666666667, test acc = 91.99, best acc =92.01
Epoch progress: 42/50, train loss = 0.0986927942199222, train acc = 96.55, test acc = 91.75, best acc =92.01
epoch 43/50 
Epoch progress: 43/50, train loss = 0.09799069734448093, train acc = 96.615, test acc = 91.84, best acc =92.01
Epoch progress: 43/50, train loss = 0.09589503276146065, train acc = 96.71333333333334, test acc = 91.87, best acc =92.01
epoch 44/50 
Epoch progress: 44/50, train loss = 0.09721866111129017, train acc = 96.59666666666666, test acc = 91.75, best acc =92.01
epoch 45/50 
Epoch progress: 45/50, train loss = 0.09677919871726279, train acc = 96.56666666666666, test acc = 91.81, best acc =92.01
Epoch progress: 45/50, train loss = 0.09620237022133196, train acc = 96.56166666666667, test acc = 91.6, best acc =92.01
epoch 46/50 
Epoch progress: 46/50, train loss = 0.09537467789852012, train acc = 96.63166666666666, test acc = 91.83, best acc =92.01
Epoch progress: 46/50, train loss = 0.0974166998166149, train acc = 96.545, test acc = 91.66, best acc =92.01
epoch 47/50 
Epoch progress: 47/50, train loss = 0.09530746507442604, train acc = 96.67833333333333, test acc = 91.48, best acc =92.01
Epoch progress: 47/50, train loss = 0.09474479912196175, train acc = 96.68, test acc = 91.77, best acc =92.01
epoch 48/50 
Epoch progress: 48/50, train loss = 0.09438822128004946, train acc = 96.71666666666667, test acc = 91.75, best acc =92.01
Epoch progress: 48/50, train loss = 0.09463213699854027, train acc = 96.77666666666667, test acc = 91.79, best acc =92.01
epoch 49/50 
Epoch progress: 49/50, train loss = 0.09431553733045772, train acc = 96.765, test acc = 91.79, best acc =92.01
Epoch progress: 49/50, train loss = 0.09321029799974571, train acc = 96.745, test acc = 91.96, best acc =92.01
