Unable to import mlperf_logging,  No module named 'mlperf_logging'
world size: 1, current rank: 0, local rank: 0
Using 1 GPU(s)...
Reading pre-processed data=./input/kaggleAdDisplayChallenge_processed.npz
Sparse fea = 26, Dense fea = 13
Defined train indices...
Randomized indices across days ...
Split data according to indices...
Reading pre-processed data=./input/kaggleAdDisplayChallenge_processed.npz
Sparse fea = 26, Dense fea = 13
Defined test indices...
Randomized indices across days ...
Split data according to indices...
Random uniform embeddings init: 0 size: 1461 dim: 16
Random uniform embeddings init: 1 size: 584 dim: 16
Random uniform embeddings init: 2 size: 10131227 dim: 16
Random uniform embeddings init: 3 size: 2202608 dim: 16
Random uniform embeddings init: 4 size: 306 dim: 16
Random uniform embeddings init: 5 size: 24 dim: 16
Random uniform embeddings init: 6 size: 12518 dim: 16
Random uniform embeddings init: 7 size: 634 dim: 16
Random uniform embeddings init: 8 size: 4 dim: 16
Random uniform embeddings init: 9 size: 93146 dim: 16
Random uniform embeddings init: 10 size: 5684 dim: 16
Random uniform embeddings init: 11 size: 8351593 dim: 16
Random uniform embeddings init: 12 size: 3195 dim: 16
Random uniform embeddings init: 13 size: 28 dim: 16
Random uniform embeddings init: 14 size: 14993 dim: 16
Random uniform embeddings init: 15 size: 5461306 dim: 16
Random uniform embeddings init: 16 size: 11 dim: 16
Random uniform embeddings init: 17 size: 5653 dim: 16
Random uniform embeddings init: 18 size: 2173 dim: 16
Random uniform embeddings init: 19 size: 4 dim: 16
Random uniform embeddings init: 20 size: 7046547 dim: 16
Random uniform embeddings init: 21 size: 18 dim: 16
Random uniform embeddings init: 22 size: 16 dim: 16
Random uniform embeddings init: 23 size: 286181 dim: 16
Random uniform embeddings init: 24 size: 105 dim: 16
Random uniform embeddings init: 25 size: 142572 dim: 16
DLRM_Net(
  (emb_l): ModuleList(
    (0): EmbeddingBag(1461, 16, mode=sum)
    (1): EmbeddingBag(584, 16, mode=sum)
    (2): EmbeddingBag(10131227, 16, mode=sum)
    (3): EmbeddingBag(2202608, 16, mode=sum)
    (4): EmbeddingBag(306, 16, mode=sum)
    (5): EmbeddingBag(24, 16, mode=sum)
    (6): EmbeddingBag(12518, 16, mode=sum)
    (7): EmbeddingBag(634, 16, mode=sum)
    (8): EmbeddingBag(4, 16, mode=sum)
    (9): EmbeddingBag(93146, 16, mode=sum)
    (10): EmbeddingBag(5684, 16, mode=sum)
    (11): EmbeddingBag(8351593, 16, mode=sum)
    (12): EmbeddingBag(3195, 16, mode=sum)
    (13): EmbeddingBag(28, 16, mode=sum)
    (14): EmbeddingBag(14993, 16, mode=sum)
    (15): EmbeddingBag(5461306, 16, mode=sum)
    (16): EmbeddingBag(11, 16, mode=sum)
    (17): EmbeddingBag(5653, 16, mode=sum)
    (18): EmbeddingBag(2173, 16, mode=sum)
    (19): EmbeddingBag(4, 16, mode=sum)
    (20): EmbeddingBag(7046547, 16, mode=sum)
    (21): EmbeddingBag(18, 16, mode=sum)
    (22): EmbeddingBag(16, 16, mode=sum)
    (23): EmbeddingBag(286181, 16, mode=sum)
    (24): EmbeddingBag(105, 16, mode=sum)
    (25): EmbeddingBag(142572, 16, mode=sum)
  )
  (bot_l): Sequential(
    (0): Linear(in_features=13, out_features=512, bias=True)
    (1): ReLU()
    (2): Linear(in_features=512, out_features=256, bias=True)
    (3): ReLU()
    (4): Linear(in_features=256, out_features=64, bias=True)
    (5): ReLU()
    (6): Linear(in_features=64, out_features=16, bias=True)
    (7): ReLU()
  )
  (top_l): Sequential(
    (0): Linear(in_features=367, out_features=512, bias=True)
    (1): ReLU()
    (2): Linear(in_features=512, out_features=256, bias=True)
    (3): ReLU()
    (4): Linear(in_features=256, out_features=1, bias=True)
    (5): Sigmoid()
  )
  (loss_fn): BCELoss()
)
time/loss/accuracy (if enabled):
Finished training it 1024/306969 of epoch 0, 8.10 ms/it, loss 0.624540
Testing at - 1024/306969 of epoch 0,   loss 1.253512, accuracy 75.389 %, best 75.389 %
Finished training it 2048/306969 of epoch 0, 5.81 ms/it, loss 0.616652
Testing at - 2048/306969 of epoch 0,   loss 1.485560, accuracy 75.743 %, best 75.743 %
Finished training it 3072/306969 of epoch 0, 6.10 ms/it, loss 0.613716
Testing at - 3072/306969 of epoch 0,   loss 1.394081, accuracy 75.846 %, best 75.846 %
Finished training it 4096/306969 of epoch 0, 6.25 ms/it, loss 0.605452
Testing at - 4096/306969 of epoch 0,   loss 1.561618, accuracy 76.284 %, best 76.284 %
Finished training it 5120/306969 of epoch 0, 8.22 ms/it, loss 0.605911
Testing at - 5120/306969 of epoch 0,   loss 1.393288, accuracy 76.667 %, best 76.667 %
Finished training it 6144/306969 of epoch 0, 6.27 ms/it, loss 0.601530
Testing at - 6144/306969 of epoch 0,   loss 1.466092, accuracy 76.892 %, best 76.892 %
Finished training it 7168/306969 of epoch 0, 6.08 ms/it, loss 0.597410
Testing at - 7168/306969 of epoch 0,   loss 1.541166, accuracy 77.066 %, best 77.066 %
Finished training it 8192/306969 of epoch 0, 5.84 ms/it, loss 0.595663
Testing at - 8192/306969 of epoch 0,   loss 1.540853, accuracy 77.110 %, best 77.110 %
Finished training it 9216/306969 of epoch 0, 6.88 ms/it, loss 0.593088
Testing at - 9216/306969 of epoch 0,   loss 1.532367, accuracy 77.196 %, best 77.196 %
Finished training it 10240/306969 of epoch 0, 7.40 ms/it, loss 0.591845
Testing at - 10240/306969 of epoch 0,   loss 1.577831, accuracy 77.172 %, best 77.196 %
Finished training it 11264/306969 of epoch 0, 6.93 ms/it, loss 0.589241
Testing at - 11264/306969 of epoch 0,   loss 1.541408, accuracy 77.488 %, best 77.488 %
Finished training it 12288/306969 of epoch 0, 6.30 ms/it, loss 0.584433
Testing at - 12288/306969 of epoch 0,   loss 1.540605, accuracy 77.480 %, best 77.488 %
Finished training it 13312/306969 of epoch 0, 6.01 ms/it, loss 0.589053
Testing at - 13312/306969 of epoch 0,   loss 1.508431, accuracy 77.586 %, best 77.586 %
Finished training it 14336/306969 of epoch 0, 6.58 ms/it, loss 0.586554
Testing at - 14336/306969 of epoch 0,   loss 1.533888, accuracy 77.652 %, best 77.652 %
Finished training it 15360/306969 of epoch 0, 4.96 ms/it, loss 0.584963
Testing at - 15360/306969 of epoch 0,   loss 1.562747, accuracy 77.527 %, best 77.652 %
Finished training it 16384/306969 of epoch 0, 5.47 ms/it, loss 0.584696
Testing at - 16384/306969 of epoch 0,   loss 1.614028, accuracy 77.748 %, best 77.748 %
Finished training it 17408/306969 of epoch 0, 5.53 ms/it, loss 0.583208
Testing at - 17408/306969 of epoch 0,   loss 1.555957, accuracy 77.598 %, best 77.748 %
Finished training it 18432/306969 of epoch 0, 5.42 ms/it, loss 0.585019
Testing at - 18432/306969 of epoch 0,   loss 1.527842, accuracy 77.761 %, best 77.761 %
Finished training it 19456/306969 of epoch 0, 5.45 ms/it, loss 0.582809
Testing at - 19456/306969 of epoch 0,   loss 1.565631, accuracy 77.279 %, best 77.761 %
Finished training it 20480/306969 of epoch 0, 5.97 ms/it, loss 0.583260
Testing at - 20480/306969 of epoch 0,   loss 1.641509, accuracy 77.424 %, best 77.761 %
Finished training it 21504/306969 of epoch 0, 8.25 ms/it, loss 0.583128
Testing at - 21504/306969 of epoch 0,   loss 1.544164, accuracy 77.901 %, best 77.901 %
Finished training it 22528/306969 of epoch 0, 7.65 ms/it, loss 0.581940
Testing at - 22528/306969 of epoch 0,   loss 1.574215, accuracy 77.860 %, best 77.901 %
Finished training it 23552/306969 of epoch 0, 5.38 ms/it, loss 0.583780
Testing at - 23552/306969 of epoch 0,   loss 1.641960, accuracy 77.892 %, best 77.901 %
Finished training it 24576/306969 of epoch 0, 6.65 ms/it, loss 0.579314
Testing at - 24576/306969 of epoch 0,   loss 1.611603, accuracy 77.814 %, best 77.901 %
Finished training it 25600/306969 of epoch 0, 6.17 ms/it, loss 0.578666
Testing at - 25600/306969 of epoch 0,   loss 1.606981, accuracy 77.916 %, best 77.916 %
Finished training it 26624/306969 of epoch 0, 7.56 ms/it, loss 0.579099
Testing at - 26624/306969 of epoch 0,   loss 1.599358, accuracy 77.881 %, best 77.916 %
Finished training it 27648/306969 of epoch 0, 8.68 ms/it, loss 0.577222
Testing at - 27648/306969 of epoch 0,   loss 1.661937, accuracy 77.951 %, best 77.951 %
Finished training it 28672/306969 of epoch 0, 5.54 ms/it, loss 0.579036
Testing at - 28672/306969 of epoch 0,   loss 1.585676, accuracy 78.041 %, best 78.041 %
Finished training it 29696/306969 of epoch 0, 7.53 ms/it, loss 0.580932
Testing at - 29696/306969 of epoch 0,   loss 1.589084, accuracy 77.976 %, best 78.041 %
Finished training it 30720/306969 of epoch 0, 6.06 ms/it, loss 0.579017
Testing at - 30720/306969 of epoch 0,   loss 1.589733, accuracy 78.083 %, best 78.083 %
Finished training it 31744/306969 of epoch 0, 5.79 ms/it, loss 0.580482
Testing at - 31744/306969 of epoch 0,   loss 1.588907, accuracy 77.669 %, best 78.083 %
Finished training it 32768/306969 of epoch 0, 6.42 ms/it, loss 0.580168
Testing at - 32768/306969 of epoch 0,   loss 1.624348, accuracy 77.971 %, best 78.083 %
Finished training it 33792/306969 of epoch 0, 6.10 ms/it, loss 0.577554
Testing at - 33792/306969 of epoch 0,   loss 1.690500, accuracy 78.099 %, best 78.099 %
Finished training it 34816/306969 of epoch 0, 5.71 ms/it, loss 0.576633
Testing at - 34816/306969 of epoch 0,   loss 1.626307, accuracy 78.047 %, best 78.099 %
Finished training it 35840/306969 of epoch 0, 4.75 ms/it, loss 0.580227
Testing at - 35840/306969 of epoch 0,   loss 1.613870, accuracy 78.148 %, best 78.148 %
Finished training it 36864/306969 of epoch 0, 5.46 ms/it, loss 0.576619
Testing at - 36864/306969 of epoch 0,   loss 1.765245, accuracy 78.085 %, best 78.148 %
Finished training it 37888/306969 of epoch 0, 6.07 ms/it, loss 0.576225
Testing at - 37888/306969 of epoch 0,   loss 1.612817, accuracy 78.004 %, best 78.148 %
Finished training it 38912/306969 of epoch 0, 5.81 ms/it, loss 0.579014
Testing at - 38912/306969 of epoch 0,   loss 1.620473, accuracy 78.187 %, best 78.187 %
Finished training it 39936/306969 of epoch 0, 6.55 ms/it, loss 0.577259
Testing at - 39936/306969 of epoch 0,   loss 1.683727, accuracy 78.130 %, best 78.187 %
Finished training it 40960/306969 of epoch 0, 6.09 ms/it, loss 0.576909
Testing at - 40960/306969 of epoch 0,   loss 1.618341, accuracy 78.201 %, best 78.201 %
Finished training it 41984/306969 of epoch 0, 7.67 ms/it, loss 0.576356
Testing at - 41984/306969 of epoch 0,   loss 1.657126, accuracy 78.175 %, best 78.201 %
Finished training it 43008/306969 of epoch 0, 6.21 ms/it, loss 0.575887
Testing at - 43008/306969 of epoch 0,   loss 1.700915, accuracy 78.206 %, best 78.206 %
Finished training it 44032/306969 of epoch 0, 6.74 ms/it, loss 0.577235
Testing at - 44032/306969 of epoch 0,   loss 1.675625, accuracy 78.108 %, best 78.206 %
Finished training it 45056/306969 of epoch 0, 7.93 ms/it, loss 0.578077
Testing at - 45056/306969 of epoch 0,   loss 1.629909, accuracy 78.200 %, best 78.206 %
Finished training it 46080/306969 of epoch 0, 8.77 ms/it, loss 0.576506
Testing at - 46080/306969 of epoch 0,   loss 1.683293, accuracy 77.952 %, best 78.206 %
Finished training it 47104/306969 of epoch 0, 7.16 ms/it, loss 0.578555
Testing at - 47104/306969 of epoch 0,   loss 1.678920, accuracy 78.060 %, best 78.206 %
Finished training it 48128/306969 of epoch 0, 6.71 ms/it, loss 0.578042
Testing at - 48128/306969 of epoch 0,   loss 1.672505, accuracy 78.147 %, best 78.206 %
Finished training it 49152/306969 of epoch 0, 5.75 ms/it, loss 0.573611
Testing at - 49152/306969 of epoch 0,   loss 1.651293, accuracy 78.234 %, best 78.234 %
Finished training it 50176/306969 of epoch 0, 5.69 ms/it, loss 0.575568
Testing at - 50176/306969 of epoch 0,   loss 1.615725, accuracy 78.120 %, best 78.234 %
Finished training it 51200/306969 of epoch 0, 5.75 ms/it, loss 0.576578
Testing at - 51200/306969 of epoch 0,   loss 1.628084, accuracy 78.255 %, best 78.255 %
Finished training it 52224/306969 of epoch 0, 5.34 ms/it, loss 0.577376
Testing at - 52224/306969 of epoch 0,   loss 1.596143, accuracy 78.208 %, best 78.255 %
Finished training it 53248/306969 of epoch 0, 5.24 ms/it, loss 0.575159
Testing at - 53248/306969 of epoch 0,   loss 1.659119, accuracy 78.254 %, best 78.255 %
Finished training it 54272/306969 of epoch 0, 7.13 ms/it, loss 0.575823
Testing at - 54272/306969 of epoch 0,   loss 1.602188, accuracy 78.246 %, best 78.255 %
Finished training it 55296/306969 of epoch 0, 5.99 ms/it, loss 0.576051
Testing at - 55296/306969 of epoch 0,   loss 1.607447, accuracy 78.265 %, best 78.265 %
Finished training it 56320/306969 of epoch 0, 5.74 ms/it, loss 0.574662
Testing at - 56320/306969 of epoch 0,   loss 1.718166, accuracy 78.275 %, best 78.275 %
Finished training it 57344/306969 of epoch 0, 6.47 ms/it, loss 0.573379
Testing at - 57344/306969 of epoch 0,   loss 1.686398, accuracy 78.259 %, best 78.275 %
Finished training it 58368/306969 of epoch 0, 5.77 ms/it, loss 0.572639
Testing at - 58368/306969 of epoch 0,   loss 1.640532, accuracy 78.311 %, best 78.311 %
Finished training it 59392/306969 of epoch 0, 5.85 ms/it, loss 0.574576
Testing at - 59392/306969 of epoch 0,   loss 1.649169, accuracy 78.261 %, best 78.311 %
Finished training it 60416/306969 of epoch 0, 5.72 ms/it, loss 0.574282
Testing at - 60416/306969 of epoch 0,   loss 1.621372, accuracy 78.103 %, best 78.311 %
Finished training it 61440/306969 of epoch 0, 5.48 ms/it, loss 0.575987
Testing at - 61440/306969 of epoch 0,   loss 1.692632, accuracy 78.323 %, best 78.323 %
Finished training it 62464/306969 of epoch 0, 5.39 ms/it, loss 0.574679
Testing at - 62464/306969 of epoch 0,   loss 1.640826, accuracy 78.196 %, best 78.323 %
Finished training it 63488/306969 of epoch 0, 7.61 ms/it, loss 0.574269
Testing at - 63488/306969 of epoch 0,   loss 1.632308, accuracy 78.347 %, best 78.347 %
Finished training it 64512/306969 of epoch 0, 5.20 ms/it, loss 0.576826
Testing at - 64512/306969 of epoch 0,   loss 1.606615, accuracy 78.329 %, best 78.347 %
Finished training it 65536/306969 of epoch 0, 6.05 ms/it, loss 0.577151
Testing at - 65536/306969 of epoch 0,   loss 1.681075, accuracy 78.341 %, best 78.347 %
Finished training it 66560/306969 of epoch 0, 7.61 ms/it, loss 0.573501
Testing at - 66560/306969 of epoch 0,   loss 1.658282, accuracy 78.341 %, best 78.347 %
Finished training it 67584/306969 of epoch 0, 7.24 ms/it, loss 0.572570
Testing at - 67584/306969 of epoch 0,   loss 1.685481, accuracy 78.359 %, best 78.359 %
Finished training it 68608/306969 of epoch 0, 7.39 ms/it, loss 0.573689
Testing at - 68608/306969 of epoch 0,   loss 1.677654, accuracy 78.257 %, best 78.359 %
Finished training it 69632/306969 of epoch 0, 6.51 ms/it, loss 0.573985
Testing at - 69632/306969 of epoch 0,   loss 1.681315, accuracy 78.379 %, best 78.379 %
Finished training it 70656/306969 of epoch 0, 6.95 ms/it, loss 0.572963
Testing at - 70656/306969 of epoch 0,   loss 1.658499, accuracy 78.336 %, best 78.379 %
Finished training it 71680/306969 of epoch 0, 6.54 ms/it, loss 0.574819
Testing at - 71680/306969 of epoch 0,   loss 1.607591, accuracy 78.387 %, best 78.387 %
Finished training it 72704/306969 of epoch 0, 6.34 ms/it, loss 0.571219
Testing at - 72704/306969 of epoch 0,   loss 1.685006, accuracy 78.316 %, best 78.387 %
Finished training it 73728/306969 of epoch 0, 6.03 ms/it, loss 0.573528
Testing at - 73728/306969 of epoch 0,   loss 1.703461, accuracy 78.268 %, best 78.387 %
Finished training it 74752/306969 of epoch 0, 7.42 ms/it, loss 0.572594
Testing at - 74752/306969 of epoch 0,   loss 1.658021, accuracy 78.243 %, best 78.387 %
Finished training it 75776/306969 of epoch 0, 6.54 ms/it, loss 0.572511
Testing at - 75776/306969 of epoch 0,   loss 1.681886, accuracy 78.364 %, best 78.387 %
Finished training it 76800/306969 of epoch 0, 6.07 ms/it, loss 0.572374
Testing at - 76800/306969 of epoch 0,   loss 1.655710, accuracy 78.247 %, best 78.387 %
Finished training it 77824/306969 of epoch 0, 5.49 ms/it, loss 0.571796
Testing at - 77824/306969 of epoch 0,   loss 1.661154, accuracy 78.418 %, best 78.418 %
Finished training it 78848/306969 of epoch 0, 6.50 ms/it, loss 0.572827
Testing at - 78848/306969 of epoch 0,   loss 1.662670, accuracy 78.436 %, best 78.436 %
Finished training it 79872/306969 of epoch 0, 5.80 ms/it, loss 0.571980
Testing at - 79872/306969 of epoch 0,   loss 1.704183, accuracy 78.411 %, best 78.436 %
Finished training it 80896/306969 of epoch 0, 5.81 ms/it, loss 0.572464
Testing at - 80896/306969 of epoch 0,   loss 1.653288, accuracy 78.429 %, best 78.436 %
Finished training it 81920/306969 of epoch 0, 6.23 ms/it, loss 0.573608
Testing at - 81920/306969 of epoch 0,   loss 1.632963, accuracy 78.446 %, best 78.446 %
Finished training it 82944/306969 of epoch 0, 6.23 ms/it, loss 0.571791
Testing at - 82944/306969 of epoch 0,   loss 1.644101, accuracy 78.400 %, best 78.446 %
Finished training it 83968/306969 of epoch 0, 7.54 ms/it, loss 0.571029
Testing at - 83968/306969 of epoch 0,   loss 1.777293, accuracy 78.425 %, best 78.446 %
Finished training it 84992/306969 of epoch 0, 6.06 ms/it, loss 0.570795
Testing at - 84992/306969 of epoch 0,   loss 1.689856, accuracy 78.413 %, best 78.446 %
Finished training it 86016/306969 of epoch 0, 5.71 ms/it, loss 0.573910
Testing at - 86016/306969 of epoch 0,   loss 1.648687, accuracy 78.349 %, best 78.446 %
Finished training it 87040/306969 of epoch 0, 5.26 ms/it, loss 0.571597
Testing at - 87040/306969 of epoch 0,   loss 1.672528, accuracy 78.382 %, best 78.446 %
Finished training it 88064/306969 of epoch 0, 5.46 ms/it, loss 0.569997
Testing at - 88064/306969 of epoch 0,   loss 1.717307, accuracy 78.473 %, best 78.473 %
Finished training it 89088/306969 of epoch 0, 5.43 ms/it, loss 0.572630
Testing at - 89088/306969 of epoch 0,   loss 1.632339, accuracy 78.434 %, best 78.473 %
Finished training it 90112/306969 of epoch 0, 5.59 ms/it, loss 0.570403
Testing at - 90112/306969 of epoch 0,   loss 1.647548, accuracy 78.378 %, best 78.473 %
Finished training it 91136/306969 of epoch 0, 5.97 ms/it, loss 0.571221
Testing at - 91136/306969 of epoch 0,   loss 1.672648, accuracy 78.330 %, best 78.473 %
Finished training it 92160/306969 of epoch 0, 6.45 ms/it, loss 0.572825
Testing at - 92160/306969 of epoch 0,   loss 1.634541, accuracy 78.473 %, best 78.473 %
Finished training it 93184/306969 of epoch 0, 5.60 ms/it, loss 0.572902
Testing at - 93184/306969 of epoch 0,   loss 1.721789, accuracy 78.432 %, best 78.473 %
Finished training it 94208/306969 of epoch 0, 5.80 ms/it, loss 0.571521
Testing at - 94208/306969 of epoch 0,   loss 1.679786, accuracy 78.450 %, best 78.473 %
Finished training it 95232/306969 of epoch 0, 6.51 ms/it, loss 0.570005
Testing at - 95232/306969 of epoch 0,   loss 1.700051, accuracy 78.464 %, best 78.473 %
Finished training it 96256/306969 of epoch 0, 5.91 ms/it, loss 0.570223
Testing at - 96256/306969 of epoch 0,   loss 1.667369, accuracy 78.376 %, best 78.473 %
Finished training it 97280/306969 of epoch 0, 6.31 ms/it, loss 0.569945
Testing at - 97280/306969 of epoch 0,   loss 1.762731, accuracy 78.472 %, best 78.473 %
Finished training it 98304/306969 of epoch 0, 6.20 ms/it, loss 0.569633
Testing at - 98304/306969 of epoch 0,   loss 1.679203, accuracy 78.487 %, best 78.487 %
Finished training it 99328/306969 of epoch 0, 6.54 ms/it, loss 0.571047
Testing at - 99328/306969 of epoch 0,   loss 1.690734, accuracy 78.449 %, best 78.487 %
Finished training it 100352/306969 of epoch 0, 6.67 ms/it, loss 0.571258
Testing at - 100352/306969 of epoch 0,   loss 1.692311, accuracy 78.505 %, best 78.505 %
Finished training it 101376/306969 of epoch 0, 7.46 ms/it, loss 0.570884
Testing at - 101376/306969 of epoch 0,   loss 1.704999, accuracy 78.488 %, best 78.505 %
Finished training it 102400/306969 of epoch 0, 6.89 ms/it, loss 0.572327
Testing at - 102400/306969 of epoch 0,   loss 1.640687, accuracy 78.469 %, best 78.505 %
Finished training it 103424/306969 of epoch 0, 8.95 ms/it, loss 0.571482
Testing at - 103424/306969 of epoch 0,   loss 1.699150, accuracy 78.496 %, best 78.505 %
Finished training it 104448/306969 of epoch 0, 7.00 ms/it, loss 0.571784
Testing at - 104448/306969 of epoch 0,   loss 1.632292, accuracy 78.325 %, best 78.505 %
Finished training it 105472/306969 of epoch 0, 8.30 ms/it, loss 0.571175
Testing at - 105472/306969 of epoch 0,   loss 1.648294, accuracy 78.539 %, best 78.539 %
Finished training it 106496/306969 of epoch 0, 7.40 ms/it, loss 0.569542
Testing at - 106496/306969 of epoch 0,   loss 1.646550, accuracy 78.328 %, best 78.539 %
Finished training it 107520/306969 of epoch 0, 6.47 ms/it, loss 0.569408
Testing at - 107520/306969 of epoch 0,   loss 1.712540, accuracy 78.457 %, best 78.539 %
Finished training it 108544/306969 of epoch 0, 6.12 ms/it, loss 0.570314
Testing at - 108544/306969 of epoch 0,   loss 1.703260, accuracy 78.532 %, best 78.539 %
Finished training it 109568/306969 of epoch 0, 5.61 ms/it, loss 0.570307
Testing at - 109568/306969 of epoch 0,   loss 1.700783, accuracy 78.465 %, best 78.539 %
Finished training it 110592/306969 of epoch 0, 5.64 ms/it, loss 0.571099
Testing at - 110592/306969 of epoch 0,   loss 1.708869, accuracy 78.527 %, best 78.539 %
Finished training it 111616/306969 of epoch 0, 6.53 ms/it, loss 0.573149
Testing at - 111616/306969 of epoch 0,   loss 1.666769, accuracy 78.488 %, best 78.539 %
Finished training it 112640/306969 of epoch 0, 6.12 ms/it, loss 0.571538
Testing at - 112640/306969 of epoch 0,   loss 1.684953, accuracy 78.494 %, best 78.539 %
Finished training it 113664/306969 of epoch 0, 6.84 ms/it, loss 0.571662
Testing at - 113664/306969 of epoch 0,   loss 1.729827, accuracy 78.525 %, best 78.539 %
Finished training it 114688/306969 of epoch 0, 6.77 ms/it, loss 0.569589
Testing at - 114688/306969 of epoch 0,   loss 1.718629, accuracy 78.438 %, best 78.539 %
Finished training it 115712/306969 of epoch 0, 6.96 ms/it, loss 0.569028
Testing at - 115712/306969 of epoch 0,   loss 1.757888, accuracy 78.523 %, best 78.539 %
Finished training it 116736/306969 of epoch 0, 6.40 ms/it, loss 0.571050
Testing at - 116736/306969 of epoch 0,   loss 1.626774, accuracy 78.582 %, best 78.582 %
Finished training it 117760/306969 of epoch 0, 6.07 ms/it, loss 0.568770
Testing at - 117760/306969 of epoch 0,   loss 1.723126, accuracy 78.506 %, best 78.582 %
Finished training it 118784/306969 of epoch 0, 6.26 ms/it, loss 0.571380
Testing at - 118784/306969 of epoch 0,   loss 1.690722, accuracy 78.332 %, best 78.582 %
Finished training it 119808/306969 of epoch 0, 6.47 ms/it, loss 0.572741
Testing at - 119808/306969 of epoch 0,   loss 1.682136, accuracy 78.392 %, best 78.582 %
Finished training it 120832/306969 of epoch 0, 6.40 ms/it, loss 0.566925
Testing at - 120832/306969 of epoch 0,   loss 1.716459, accuracy 78.532 %, best 78.582 %
Finished training it 121856/306969 of epoch 0, 6.31 ms/it, loss 0.569520
Testing at - 121856/306969 of epoch 0,   loss 1.713288, accuracy 78.530 %, best 78.582 %
Finished training it 122880/306969 of epoch 0, 6.06 ms/it, loss 0.570381
Testing at - 122880/306969 of epoch 0,   loss 1.764253, accuracy 78.566 %, best 78.582 %
Finished training it 123904/306969 of epoch 0, 6.16 ms/it, loss 0.572523
Testing at - 123904/306969 of epoch 0,   loss 1.669485, accuracy 78.622 %, best 78.622 %
Finished training it 124928/306969 of epoch 0, 6.00 ms/it, loss 0.569411
Testing at - 124928/306969 of epoch 0,   loss 1.719768, accuracy 78.515 %, best 78.622 %
Finished training it 125952/306969 of epoch 0, 5.88 ms/it, loss 0.571510
Testing at - 125952/306969 of epoch 0,   loss 1.720301, accuracy 78.464 %, best 78.622 %
Finished training it 126976/306969 of epoch 0, 6.20 ms/it, loss 0.572233
Testing at - 126976/306969 of epoch 0,   loss 1.686704, accuracy 78.568 %, best 78.622 %
Finished training it 128000/306969 of epoch 0, 7.62 ms/it, loss 0.568467
Testing at - 128000/306969 of epoch 0,   loss 1.716323, accuracy 78.578 %, best 78.622 %
Finished training it 129024/306969 of epoch 0, 5.99 ms/it, loss 0.570423
Testing at - 129024/306969 of epoch 0,   loss 1.685143, accuracy 78.552 %, best 78.622 %
Finished training it 130048/306969 of epoch 0, 7.31 ms/it, loss 0.571988
Testing at - 130048/306969 of epoch 0,   loss 1.691855, accuracy 78.572 %, best 78.622 %
Finished training it 131072/306969 of epoch 0, 7.59 ms/it, loss 0.570762
Testing at - 131072/306969 of epoch 0,   loss 1.657245, accuracy 78.590 %, best 78.622 %
Finished training it 132096/306969 of epoch 0, 7.32 ms/it, loss 0.570795
Testing at - 132096/306969 of epoch 0,   loss 1.666932, accuracy 78.570 %, best 78.622 %
Finished training it 133120/306969 of epoch 0, 6.39 ms/it, loss 0.567641
Testing at - 133120/306969 of epoch 0,   loss 1.661187, accuracy 78.492 %, best 78.622 %
Finished training it 134144/306969 of epoch 0, 5.71 ms/it, loss 0.568487
Testing at - 134144/306969 of epoch 0,   loss 1.664692, accuracy 78.611 %, best 78.622 %
Finished training it 135168/306969 of epoch 0, 5.59 ms/it, loss 0.566938
Testing at - 135168/306969 of epoch 0,   loss 1.710061, accuracy 78.611 %, best 78.622 %
Finished training it 136192/306969 of epoch 0, 5.59 ms/it, loss 0.569013
Testing at - 136192/306969 of epoch 0,   loss 1.715583, accuracy 78.530 %, best 78.622 %
Finished training it 137216/306969 of epoch 0, 5.68 ms/it, loss 0.569067
Testing at - 137216/306969 of epoch 0,   loss 1.655828, accuracy 78.605 %, best 78.622 %
Finished training it 138240/306969 of epoch 0, 6.48 ms/it, loss 0.570521
Testing at - 138240/306969 of epoch 0,   loss 1.736026, accuracy 78.583 %, best 78.622 %
Finished training it 139264/306969 of epoch 0, 6.00 ms/it, loss 0.570247
Testing at - 139264/306969 of epoch 0,   loss 1.691336, accuracy 78.517 %, best 78.622 %
Finished training it 140288/306969 of epoch 0, 6.99 ms/it, loss 0.566106
Testing at - 140288/306969 of epoch 0,   loss 1.733581, accuracy 78.602 %, best 78.622 %
Finished training it 141312/306969 of epoch 0, 5.78 ms/it, loss 0.568808
Testing at - 141312/306969 of epoch 0,   loss 1.722095, accuracy 78.594 %, best 78.622 %
Finished training it 142336/306969 of epoch 0, 5.57 ms/it, loss 0.566563
Testing at - 142336/306969 of epoch 0,   loss 1.707362, accuracy 78.560 %, best 78.622 %
Finished training it 143360/306969 of epoch 0, 7.30 ms/it, loss 0.568477
Testing at - 143360/306969 of epoch 0,   loss 1.735319, accuracy 78.042 %, best 78.622 %
Finished training it 144384/306969 of epoch 0, 6.53 ms/it, loss 0.568689
Testing at - 144384/306969 of epoch 0,   loss 1.694905, accuracy 78.632 %, best 78.632 %
Finished training it 145408/306969 of epoch 0, 6.55 ms/it, loss 0.571259
Testing at - 145408/306969 of epoch 0,   loss 1.717925, accuracy 78.555 %, best 78.632 %
Finished training it 146432/306969 of epoch 0, 6.06 ms/it, loss 0.567119
Testing at - 146432/306969 of epoch 0,   loss 1.707372, accuracy 78.651 %, best 78.651 %
Finished training it 147456/306969 of epoch 0, 6.26 ms/it, loss 0.567780
Testing at - 147456/306969 of epoch 0,   loss 1.724802, accuracy 78.518 %, best 78.651 %
Finished training it 148480/306969 of epoch 0, 7.94 ms/it, loss 0.566374
Testing at - 148480/306969 of epoch 0,   loss 1.724914, accuracy 78.571 %, best 78.651 %
Finished training it 149504/306969 of epoch 0, 5.62 ms/it, loss 0.566692
Testing at - 149504/306969 of epoch 0,   loss 1.664392, accuracy 78.529 %, best 78.651 %
Finished training it 150528/306969 of epoch 0, 5.96 ms/it, loss 0.568343
Testing at - 150528/306969 of epoch 0,   loss 1.723012, accuracy 78.616 %, best 78.651 %
Finished training it 151552/306969 of epoch 0, 6.08 ms/it, loss 0.563859
Testing at - 151552/306969 of epoch 0,   loss 1.701302, accuracy 78.342 %, best 78.651 %
Finished training it 152576/306969 of epoch 0, 6.23 ms/it, loss 0.565913
Testing at - 152576/306969 of epoch 0,   loss 1.738930, accuracy 78.598 %, best 78.651 %
Finished training it 153600/306969 of epoch 0, 7.75 ms/it, loss 0.568724
Testing at - 153600/306969 of epoch 0,   loss 1.725722, accuracy 78.447 %, best 78.651 %
Finished training it 154624/306969 of epoch 0, 6.79 ms/it, loss 0.567547
Testing at - 154624/306969 of epoch 0,   loss 1.686012, accuracy 78.643 %, best 78.651 %
Finished training it 155648/306969 of epoch 0, 5.23 ms/it, loss 0.567845
Testing at - 155648/306969 of epoch 0,   loss 1.703442, accuracy 78.638 %, best 78.651 %
Finished training it 156672/306969 of epoch 0, 6.10 ms/it, loss 0.567866
Testing at - 156672/306969 of epoch 0,   loss 1.700400, accuracy 78.642 %, best 78.651 %
Finished training it 157696/306969 of epoch 0, 5.33 ms/it, loss 0.564687
Testing at - 157696/306969 of epoch 0,   loss 1.742804, accuracy 78.656 %, best 78.656 %
Finished training it 158720/306969 of epoch 0, 6.40 ms/it, loss 0.567417
Testing at - 158720/306969 of epoch 0,   loss 1.708948, accuracy 78.616 %, best 78.656 %
Finished training it 159744/306969 of epoch 0, 8.20 ms/it, loss 0.567436
Testing at - 159744/306969 of epoch 0,   loss 1.632458, accuracy 78.561 %, best 78.656 %
Finished training it 160768/306969 of epoch 0, 7.34 ms/it, loss 0.567769
Testing at - 160768/306969 of epoch 0,   loss 1.689108, accuracy 78.663 %, best 78.663 %
Finished training it 161792/306969 of epoch 0, 6.86 ms/it, loss 0.569521
Testing at - 161792/306969 of epoch 0,   loss 1.702113, accuracy 78.628 %, best 78.663 %
Finished training it 162816/306969 of epoch 0, 6.90 ms/it, loss 0.569069
Testing at - 162816/306969 of epoch 0,   loss 1.693457, accuracy 78.568 %, best 78.663 %
Finished training it 163840/306969 of epoch 0, 6.70 ms/it, loss 0.569363
Testing at - 163840/306969 of epoch 0,   loss 1.665190, accuracy 78.577 %, best 78.663 %
Finished training it 164864/306969 of epoch 0, 7.85 ms/it, loss 0.568440
Testing at - 164864/306969 of epoch 0,   loss 1.665133, accuracy 78.603 %, best 78.663 %
Finished training it 165888/306969 of epoch 0, 6.86 ms/it, loss 0.568372
Testing at - 165888/306969 of epoch 0,   loss 1.646804, accuracy 78.615 %, best 78.663 %
Finished training it 166912/306969 of epoch 0, 6.37 ms/it, loss 0.570247
Testing at - 166912/306969 of epoch 0,   loss 1.710268, accuracy 78.549 %, best 78.663 %
Finished training it 167936/306969 of epoch 0, 6.52 ms/it, loss 0.568965
Testing at - 167936/306969 of epoch 0,   loss 1.695149, accuracy 78.685 %, best 78.685 %
Finished training it 168960/306969 of epoch 0, 6.71 ms/it, loss 0.567112
Testing at - 168960/306969 of epoch 0,   loss 1.729474, accuracy 78.687 %, best 78.687 %
Finished training it 169984/306969 of epoch 0, 7.30 ms/it, loss 0.568233
Testing at - 169984/306969 of epoch 0,   loss 1.732909, accuracy 78.597 %, best 78.687 %
Finished training it 171008/306969 of epoch 0, 6.16 ms/it, loss 0.564882
Testing at - 171008/306969 of epoch 0,   loss 1.683063, accuracy 78.593 %, best 78.687 %
Finished training it 172032/306969 of epoch 0, 6.03 ms/it, loss 0.566810
Testing at - 172032/306969 of epoch 0,   loss 1.728116, accuracy 78.674 %, best 78.687 %
Finished training it 173056/306969 of epoch 0, 6.88 ms/it, loss 0.569540
Testing at - 173056/306969 of epoch 0,   loss 1.717589, accuracy 78.641 %, best 78.687 %
Finished training it 174080/306969 of epoch 0, 6.21 ms/it, loss 0.567060
Testing at - 174080/306969 of epoch 0,   loss 1.743450, accuracy 78.669 %, best 78.687 %
Finished training it 175104/306969 of epoch 0, 6.84 ms/it, loss 0.566387
Testing at - 175104/306969 of epoch 0,   loss 1.670997, accuracy 78.650 %, best 78.687 %
Finished training it 176128/306969 of epoch 0, 7.16 ms/it, loss 0.567217
Testing at - 176128/306969 of epoch 0,   loss 1.749093, accuracy 78.683 %, best 78.687 %
Finished training it 177152/306969 of epoch 0, 6.65 ms/it, loss 0.563584
Testing at - 177152/306969 of epoch 0,   loss 1.718178, accuracy 78.637 %, best 78.687 %
Finished training it 178176/306969 of epoch 0, 6.25 ms/it, loss 0.565828
Testing at - 178176/306969 of epoch 0,   loss 1.731829, accuracy 78.540 %, best 78.687 %
Finished training it 179200/306969 of epoch 0, 6.28 ms/it, loss 0.566909
Testing at - 179200/306969 of epoch 0,   loss 1.712358, accuracy 78.626 %, best 78.687 %
Finished training it 180224/306969 of epoch 0, 6.30 ms/it, loss 0.568853
Testing at - 180224/306969 of epoch 0,   loss 1.689731, accuracy 78.670 %, best 78.687 %
Finished training it 181248/306969 of epoch 0, 7.08 ms/it, loss 0.569192
Testing at - 181248/306969 of epoch 0,   loss 1.697142, accuracy 78.688 %, best 78.688 %
Finished training it 182272/306969 of epoch 0, 7.85 ms/it, loss 0.569231
Testing at - 182272/306969 of epoch 0,   loss 1.711193, accuracy 78.626 %, best 78.688 %
Finished training it 183296/306969 of epoch 0, 7.21 ms/it, loss 0.567267
Testing at - 183296/306969 of epoch 0,   loss 1.692918, accuracy 78.690 %, best 78.690 %
Finished training it 184320/306969 of epoch 0, 5.80 ms/it, loss 0.567836
Testing at - 184320/306969 of epoch 0,   loss 1.689610, accuracy 78.715 %, best 78.715 %
Finished training it 185344/306969 of epoch 0, 6.79 ms/it, loss 0.568878
Testing at - 185344/306969 of epoch 0,   loss 1.707049, accuracy 78.717 %, best 78.717 %
Finished training it 186368/306969 of epoch 0, 8.04 ms/it, loss 0.567055
Testing at - 186368/306969 of epoch 0,   loss 1.732325, accuracy 78.644 %, best 78.717 %
Finished training it 187392/306969 of epoch 0, 7.67 ms/it, loss 0.567506
Testing at - 187392/306969 of epoch 0,   loss 1.644812, accuracy 78.708 %, best 78.717 %
Finished training it 188416/306969 of epoch 0, 7.25 ms/it, loss 0.565631
Testing at - 188416/306969 of epoch 0,   loss 1.723681, accuracy 78.628 %, best 78.717 %
Finished training it 189440/306969 of epoch 0, 8.15 ms/it, loss 0.569867
Testing at - 189440/306969 of epoch 0,   loss 1.727180, accuracy 78.705 %, best 78.717 %
Finished training it 190464/306969 of epoch 0, 7.41 ms/it, loss 0.567830
Testing at - 190464/306969 of epoch 0,   loss 1.694401, accuracy 78.698 %, best 78.717 %
Finished training it 191488/306969 of epoch 0, 8.15 ms/it, loss 0.565357
Testing at - 191488/306969 of epoch 0,   loss 1.723059, accuracy 78.700 %, best 78.717 %
Finished training it 192512/306969 of epoch 0, 10.08 ms/it, loss 0.563668
Testing at - 192512/306969 of epoch 0,   loss 1.693422, accuracy 78.708 %, best 78.717 %
Finished training it 193536/306969 of epoch 0, 8.51 ms/it, loss 0.567422
Testing at - 193536/306969 of epoch 0,   loss 1.697695, accuracy 78.707 %, best 78.717 %
Finished training it 194560/306969 of epoch 0, 8.13 ms/it, loss 0.566934
Testing at - 194560/306969 of epoch 0,   loss 1.710474, accuracy 78.643 %, best 78.717 %
Finished training it 195584/306969 of epoch 0, 6.58 ms/it, loss 0.569369
Testing at - 195584/306969 of epoch 0,   loss 1.672678, accuracy 78.734 %, best 78.734 %
Finished training it 196608/306969 of epoch 0, 6.05 ms/it, loss 0.566720
Testing at - 196608/306969 of epoch 0,   loss 1.672658, accuracy 78.635 %, best 78.734 %
Finished training it 197632/306969 of epoch 0, 7.33 ms/it, loss 0.567063
Testing at - 197632/306969 of epoch 0,   loss 1.742562, accuracy 78.654 %, best 78.734 %
Finished training it 198656/306969 of epoch 0, 6.75 ms/it, loss 0.567155
Testing at - 198656/306969 of epoch 0,   loss 1.714738, accuracy 78.713 %, best 78.734 %
Finished training it 199680/306969 of epoch 0, 6.97 ms/it, loss 0.569012
Testing at - 199680/306969 of epoch 0,   loss 1.707105, accuracy 78.706 %, best 78.734 %
Finished training it 200704/306969 of epoch 0, 7.84 ms/it, loss 0.566259
Testing at - 200704/306969 of epoch 0,   loss 1.735456, accuracy 78.451 %, best 78.734 %
Finished training it 201728/306969 of epoch 0, 7.03 ms/it, loss 0.567852
Testing at - 201728/306969 of epoch 0,   loss 1.688684, accuracy 78.650 %, best 78.734 %
Finished training it 202752/306969 of epoch 0, 7.46 ms/it, loss 0.565763
Testing at - 202752/306969 of epoch 0,   loss 1.736895, accuracy 78.717 %, best 78.734 %
Finished training it 203776/306969 of epoch 0, 7.16 ms/it, loss 0.563719
Testing at - 203776/306969 of epoch 0,   loss 1.709606, accuracy 78.714 %, best 78.734 %
Finished training it 204800/306969 of epoch 0, 6.85 ms/it, loss 0.564509
Testing at - 204800/306969 of epoch 0,   loss 1.775424, accuracy 78.689 %, best 78.734 %
Finished training it 205824/306969 of epoch 0, 6.47 ms/it, loss 0.566824
Testing at - 205824/306969 of epoch 0,   loss 1.682342, accuracy 78.616 %, best 78.734 %
Finished training it 206848/306969 of epoch 0, 6.69 ms/it, loss 0.564123
Testing at - 206848/306969 of epoch 0,   loss 1.733265, accuracy 78.672 %, best 78.734 %
Finished training it 207872/306969 of epoch 0, 6.71 ms/it, loss 0.565774
Testing at - 207872/306969 of epoch 0,   loss 1.725078, accuracy 78.643 %, best 78.734 %
Finished training it 208896/306969 of epoch 0, 9.51 ms/it, loss 0.567689
Testing at - 208896/306969 of epoch 0,   loss 1.712624, accuracy 78.745 %, best 78.745 %
Finished training it 209920/306969 of epoch 0, 8.81 ms/it, loss 0.565127
Testing at - 209920/306969 of epoch 0,   loss 1.729627, accuracy 78.663 %, best 78.745 %
Finished training it 210944/306969 of epoch 0, 6.69 ms/it, loss 0.566238
Testing at - 210944/306969 of epoch 0,   loss 1.743419, accuracy 78.690 %, best 78.745 %
Finished training it 211968/306969 of epoch 0, 7.29 ms/it, loss 0.565232
Testing at - 211968/306969 of epoch 0,   loss 1.737002, accuracy 78.672 %, best 78.745 %
Finished training it 212992/306969 of epoch 0, 7.39 ms/it, loss 0.564252
Testing at - 212992/306969 of epoch 0,   loss 1.662737, accuracy 78.682 %, best 78.745 %
Finished training it 214016/306969 of epoch 0, 6.80 ms/it, loss 0.566352
Testing at - 214016/306969 of epoch 0,   loss 1.744152, accuracy 78.754 %, best 78.754 %
Finished training it 215040/306969 of epoch 0, 6.43 ms/it, loss 0.564723
Testing at - 215040/306969 of epoch 0,   loss 1.741217, accuracy 78.691 %, best 78.754 %
Finished training it 216064/306969 of epoch 0, 5.55 ms/it, loss 0.564375
Testing at - 216064/306969 of epoch 0,   loss 1.749618, accuracy 78.754 %, best 78.754 %
Finished training it 217088/306969 of epoch 0, 5.87 ms/it, loss 0.565661
Testing at - 217088/306969 of epoch 0,   loss 1.734836, accuracy 78.684 %, best 78.754 %
Finished training it 218112/306969 of epoch 0, 6.31 ms/it, loss 0.565043
Testing at - 218112/306969 of epoch 0,   loss 1.713914, accuracy 78.638 %, best 78.754 %
Finished training it 219136/306969 of epoch 0, 6.09 ms/it, loss 0.565287
Testing at - 219136/306969 of epoch 0,   loss 1.715925, accuracy 78.722 %, best 78.754 %
Finished training it 220160/306969 of epoch 0, 5.91 ms/it, loss 0.563794
Testing at - 220160/306969 of epoch 0,   loss 1.753488, accuracy 78.782 %, best 78.782 %
Finished training it 221184/306969 of epoch 0, 6.23 ms/it, loss 0.563506
Testing at - 221184/306969 of epoch 0,   loss 1.731470, accuracy 78.602 %, best 78.782 %
Finished training it 222208/306969 of epoch 0, 5.36 ms/it, loss 0.567039
Testing at - 222208/306969 of epoch 0,   loss 1.721260, accuracy 78.758 %, best 78.782 %
Finished training it 223232/306969 of epoch 0, 5.63 ms/it, loss 0.567668
Testing at - 223232/306969 of epoch 0,   loss 1.733546, accuracy 78.698 %, best 78.782 %
Finished training it 224256/306969 of epoch 0, 5.82 ms/it, loss 0.567083
Testing at - 224256/306969 of epoch 0,   loss 1.728113, accuracy 78.752 %, best 78.782 %
Finished training it 225280/306969 of epoch 0, 6.31 ms/it, loss 0.568213
Testing at - 225280/306969 of epoch 0,   loss 1.715559, accuracy 78.755 %, best 78.782 %
Finished training it 226304/306969 of epoch 0, 5.53 ms/it, loss 0.563148
Testing at - 226304/306969 of epoch 0,   loss 1.720244, accuracy 78.774 %, best 78.782 %
Finished training it 227328/306969 of epoch 0, 5.43 ms/it, loss 0.569621
Testing at - 227328/306969 of epoch 0,   loss 1.729586, accuracy 78.737 %, best 78.782 %
Finished training it 228352/306969 of epoch 0, 5.60 ms/it, loss 0.567151
Testing at - 228352/306969 of epoch 0,   loss 1.720723, accuracy 78.740 %, best 78.782 %
Finished training it 229376/306969 of epoch 0, 6.24 ms/it, loss 0.565873
Testing at - 229376/306969 of epoch 0,   loss 1.694059, accuracy 78.762 %, best 78.782 %
Finished training it 230400/306969 of epoch 0, 5.77 ms/it, loss 0.564613
Testing at - 230400/306969 of epoch 0,   loss 1.717067, accuracy 78.774 %, best 78.782 %
Finished training it 231424/306969 of epoch 0, 7.11 ms/it, loss 0.565033
Testing at - 231424/306969 of epoch 0,   loss 1.747781, accuracy 78.754 %, best 78.782 %
Finished training it 232448/306969 of epoch 0, 6.82 ms/it, loss 0.566597
Testing at - 232448/306969 of epoch 0,   loss 1.702769, accuracy 78.766 %, best 78.782 %
Finished training it 233472/306969 of epoch 0, 6.49 ms/it, loss 0.567415
Testing at - 233472/306969 of epoch 0,   loss 1.738528, accuracy 78.764 %, best 78.782 %
Finished training it 234496/306969 of epoch 0, 6.14 ms/it, loss 0.566875
Testing at - 234496/306969 of epoch 0,   loss 1.725134, accuracy 78.760 %, best 78.782 %
Finished training it 235520/306969 of epoch 0, 7.47 ms/it, loss 0.565450
Testing at - 235520/306969 of epoch 0,   loss 1.744004, accuracy 78.763 %, best 78.782 %
Finished training it 236544/306969 of epoch 0, 6.80 ms/it, loss 0.569327
Testing at - 236544/306969 of epoch 0,   loss 1.725746, accuracy 78.753 %, best 78.782 %
Finished training it 237568/306969 of epoch 0, 6.76 ms/it, loss 0.565424
Testing at - 237568/306969 of epoch 0,   loss 1.755833, accuracy 78.467 %, best 78.782 %
Finished training it 238592/306969 of epoch 0, 7.19 ms/it, loss 0.566210
Testing at - 238592/306969 of epoch 0,   loss 1.696835, accuracy 78.801 %, best 78.801 %
Finished training it 239616/306969 of epoch 0, 6.53 ms/it, loss 0.568866
Testing at - 239616/306969 of epoch 0,   loss 1.750208, accuracy 78.790 %, best 78.801 %
Finished training it 240640/306969 of epoch 0, 6.10 ms/it, loss 0.566094
Testing at - 240640/306969 of epoch 0,   loss 1.691202, accuracy 78.770 %, best 78.801 %
Finished training it 241664/306969 of epoch 0, 5.67 ms/it, loss 0.563594
Testing at - 241664/306969 of epoch 0,   loss 1.782603, accuracy 78.727 %, best 78.801 %
Finished training it 242688/306969 of epoch 0, 5.82 ms/it, loss 0.565469
Testing at - 242688/306969 of epoch 0,   loss 1.721143, accuracy 78.752 %, best 78.801 %
Finished training it 243712/306969 of epoch 0, 6.03 ms/it, loss 0.565074
Testing at - 243712/306969 of epoch 0,   loss 1.736864, accuracy 78.784 %, best 78.801 %
Finished training it 244736/306969 of epoch 0, 7.97 ms/it, loss 0.566610
Testing at - 244736/306969 of epoch 0,   loss 1.734357, accuracy 78.766 %, best 78.801 %
Finished training it 245760/306969 of epoch 0, 5.68 ms/it, loss 0.564434
Testing at - 245760/306969 of epoch 0,   loss 1.696007, accuracy 78.735 %, best 78.801 %
Finished training it 246784/306969 of epoch 0, 5.95 ms/it, loss 0.564154
Testing at - 246784/306969 of epoch 0,   loss 1.737468, accuracy 78.794 %, best 78.801 %
Finished training it 247808/306969 of epoch 0, 6.87 ms/it, loss 0.564378
Testing at - 247808/306969 of epoch 0,   loss 1.737251, accuracy 78.791 %, best 78.801 %
Finished training it 248832/306969 of epoch 0, 6.04 ms/it, loss 0.564359
Testing at - 248832/306969 of epoch 0,   loss 1.682340, accuracy 78.833 %, best 78.833 %
Finished training it 249856/306969 of epoch 0, 5.80 ms/it, loss 0.566482
Testing at - 249856/306969 of epoch 0,   loss 1.717449, accuracy 78.716 %, best 78.833 %
Finished training it 250880/306969 of epoch 0, 7.35 ms/it, loss 0.565893
Testing at - 250880/306969 of epoch 0,   loss 1.689203, accuracy 78.766 %, best 78.833 %
Finished training it 251904/306969 of epoch 0, 8.23 ms/it, loss 0.566446
Testing at - 251904/306969 of epoch 0,   loss 1.701297, accuracy 78.766 %, best 78.833 %
Finished training it 252928/306969 of epoch 0, 6.60 ms/it, loss 0.563593
Testing at - 252928/306969 of epoch 0,   loss 1.739257, accuracy 78.816 %, best 78.833 %
Finished training it 253952/306969 of epoch 0, 5.62 ms/it, loss 0.564127
Testing at - 253952/306969 of epoch 0,   loss 1.756407, accuracy 78.805 %, best 78.833 %
Finished training it 254976/306969 of epoch 0, 6.38 ms/it, loss 0.565211
Testing at - 254976/306969 of epoch 0,   loss 1.729539, accuracy 78.761 %, best 78.833 %
Finished training it 256000/306969 of epoch 0, 6.57 ms/it, loss 0.566910
Testing at - 256000/306969 of epoch 0,   loss 1.709207, accuracy 78.782 %, best 78.833 %
Finished training it 257024/306969 of epoch 0, 8.25 ms/it, loss 0.564894
Testing at - 257024/306969 of epoch 0,   loss 1.688373, accuracy 78.782 %, best 78.833 %
Finished training it 258048/306969 of epoch 0, 6.29 ms/it, loss 0.564266
Testing at - 258048/306969 of epoch 0,   loss 1.740616, accuracy 78.747 %, best 78.833 %
Finished training it 259072/306969 of epoch 0, 7.11 ms/it, loss 0.563500
Testing at - 259072/306969 of epoch 0,   loss 1.714504, accuracy 78.816 %, best 78.833 %
Finished training it 260096/306969 of epoch 0, 6.65 ms/it, loss 0.563865
Testing at - 260096/306969 of epoch 0,   loss 1.743767, accuracy 78.808 %, best 78.833 %
Finished training it 261120/306969 of epoch 0, 6.14 ms/it, loss 0.566417
Testing at - 261120/306969 of epoch 0,   loss 1.717247, accuracy 78.792 %, best 78.833 %
Finished training it 262144/306969 of epoch 0, 5.35 ms/it, loss 0.563805
Testing at - 262144/306969 of epoch 0,   loss 1.701007, accuracy 78.673 %, best 78.833 %
Finished training it 263168/306969 of epoch 0, 5.79 ms/it, loss 0.566733
Testing at - 263168/306969 of epoch 0,   loss 1.727933, accuracy 78.737 %, best 78.833 %
Finished training it 264192/306969 of epoch 0, 6.55 ms/it, loss 0.566724
Testing at - 264192/306969 of epoch 0,   loss 1.723488, accuracy 78.744 %, best 78.833 %
Finished training it 265216/306969 of epoch 0, 5.92 ms/it, loss 0.563811
Testing at - 265216/306969 of epoch 0,   loss 1.716936, accuracy 78.804 %, best 78.833 %
Finished training it 266240/306969 of epoch 0, 6.38 ms/it, loss 0.564256
Testing at - 266240/306969 of epoch 0,   loss 1.705991, accuracy 78.821 %, best 78.833 %
Finished training it 267264/306969 of epoch 0, 6.20 ms/it, loss 0.565739
Testing at - 267264/306969 of epoch 0,   loss 1.750197, accuracy 78.407 %, best 78.833 %
Finished training it 268288/306969 of epoch 0, 6.69 ms/it, loss 0.566344
Testing at - 268288/306969 of epoch 0,   loss 1.683548, accuracy 78.761 %, best 78.833 %
Finished training it 269312/306969 of epoch 0, 6.90 ms/it, loss 0.563052
Testing at - 269312/306969 of epoch 0,   loss 1.687894, accuracy 78.694 %, best 78.833 %
Finished training it 270336/306969 of epoch 0, 7.04 ms/it, loss 0.565512
Testing at - 270336/306969 of epoch 0,   loss 1.755614, accuracy 78.822 %, best 78.833 %
Finished training it 271360/306969 of epoch 0, 7.68 ms/it, loss 0.562640
Testing at - 271360/306969 of epoch 0,   loss 1.749359, accuracy 78.825 %, best 78.833 %
Finished training it 272384/306969 of epoch 0, 7.77 ms/it, loss 0.565373
Testing at - 272384/306969 of epoch 0,   loss 1.729217, accuracy 78.681 %, best 78.833 %
Finished training it 273408/306969 of epoch 0, 6.81 ms/it, loss 0.564559
Testing at - 273408/306969 of epoch 0,   loss 1.708550, accuracy 78.830 %, best 78.833 %
Finished training it 274432/306969 of epoch 0, 6.71 ms/it, loss 0.564864
Testing at - 274432/306969 of epoch 0,   loss 1.733606, accuracy 78.817 %, best 78.833 %
Finished training it 275456/306969 of epoch 0, 6.12 ms/it, loss 0.565564
Testing at - 275456/306969 of epoch 0,   loss 1.695557, accuracy 78.811 %, best 78.833 %
Finished training it 276480/306969 of epoch 0, 5.40 ms/it, loss 0.564778
Testing at - 276480/306969 of epoch 0,   loss 1.710904, accuracy 78.809 %, best 78.833 %
Finished training it 277504/306969 of epoch 0, 5.18 ms/it, loss 0.561675
Testing at - 277504/306969 of epoch 0,   loss 1.740235, accuracy 78.805 %, best 78.833 %
Finished training it 278528/306969 of epoch 0, 5.64 ms/it, loss 0.567741
Testing at - 278528/306969 of epoch 0,   loss 1.765024, accuracy 78.722 %, best 78.833 %
Finished training it 279552/306969 of epoch 0, 5.92 ms/it, loss 0.568577
Testing at - 279552/306969 of epoch 0,   loss 1.695031, accuracy 78.858 %, best 78.858 %
Finished training it 280576/306969 of epoch 0, 7.26 ms/it, loss 0.565815
Testing at - 280576/306969 of epoch 0,   loss 1.714380, accuracy 78.841 %, best 78.858 %
Finished training it 281600/306969 of epoch 0, 9.84 ms/it, loss 0.562930
Testing at - 281600/306969 of epoch 0,   loss 1.730320, accuracy 78.784 %, best 78.858 %
Finished training it 282624/306969 of epoch 0, 8.25 ms/it, loss 0.562195
Testing at - 282624/306969 of epoch 0,   loss 1.741532, accuracy 78.782 %, best 78.858 %
Finished training it 283648/306969 of epoch 0, 8.41 ms/it, loss 0.565717
Testing at - 283648/306969 of epoch 0,   loss 1.753012, accuracy 78.809 %, best 78.858 %
Finished training it 284672/306969 of epoch 0, 7.22 ms/it, loss 0.563778
Testing at - 284672/306969 of epoch 0,   loss 1.759660, accuracy 78.805 %, best 78.858 %
Finished training it 285696/306969 of epoch 0, 7.69 ms/it, loss 0.563875
Testing at - 285696/306969 of epoch 0,   loss 1.735564, accuracy 78.790 %, best 78.858 %
Finished training it 286720/306969 of epoch 0, 7.29 ms/it, loss 0.566805
Testing at - 286720/306969 of epoch 0,   loss 1.732373, accuracy 78.854 %, best 78.858 %
Finished training it 287744/306969 of epoch 0, 7.87 ms/it, loss 0.562497
Testing at - 287744/306969 of epoch 0,   loss 1.750178, accuracy 78.855 %, best 78.858 %
Finished training it 288768/306969 of epoch 0, 7.33 ms/it, loss 0.563420
Testing at - 288768/306969 of epoch 0,   loss 1.771136, accuracy 78.629 %, best 78.858 %
Finished training it 289792/306969 of epoch 0, 6.74 ms/it, loss 0.562635
Testing at - 289792/306969 of epoch 0,   loss 1.778711, accuracy 78.860 %, best 78.860 %
Finished training it 290816/306969 of epoch 0, 7.62 ms/it, loss 0.566120
Testing at - 290816/306969 of epoch 0,   loss 1.708870, accuracy 78.789 %, best 78.860 %
Finished training it 291840/306969 of epoch 0, 8.36 ms/it, loss 0.561913
Testing at - 291840/306969 of epoch 0,   loss 1.736987, accuracy 78.806 %, best 78.860 %
Finished training it 292864/306969 of epoch 0, 7.86 ms/it, loss 0.564826
Testing at - 292864/306969 of epoch 0,   loss 1.746248, accuracy 78.844 %, best 78.860 %
Finished training it 293888/306969 of epoch 0, 8.36 ms/it, loss 0.565411
Testing at - 293888/306969 of epoch 0,   loss 1.762878, accuracy 78.806 %, best 78.860 %
Finished training it 294912/306969 of epoch 0, 8.26 ms/it, loss 0.564352
Testing at - 294912/306969 of epoch 0,   loss 1.740328, accuracy 78.869 %, best 78.869 %
Finished training it 295936/306969 of epoch 0, 8.92 ms/it, loss 0.563589
Testing at - 295936/306969 of epoch 0,   loss 1.739846, accuracy 78.847 %, best 78.869 %
Finished training it 296960/306969 of epoch 0, 7.83 ms/it, loss 0.565125
Testing at - 296960/306969 of epoch 0,   loss 1.724533, accuracy 78.825 %, best 78.869 %
Finished training it 297984/306969 of epoch 0, 8.55 ms/it, loss 0.567532
Testing at - 297984/306969 of epoch 0,   loss 1.700496, accuracy 78.863 %, best 78.869 %
Finished training it 299008/306969 of epoch 0, 7.09 ms/it, loss 0.567453
Testing at - 299008/306969 of epoch 0,   loss 1.725402, accuracy 78.852 %, best 78.869 %
Finished training it 300032/306969 of epoch 0, 7.57 ms/it, loss 0.563727
Testing at - 300032/306969 of epoch 0,   loss 1.722723, accuracy 78.850 %, best 78.869 %
Finished training it 301056/306969 of epoch 0, 7.04 ms/it, loss 0.563466
Testing at - 301056/306969 of epoch 0,   loss 1.723211, accuracy 78.828 %, best 78.869 %
Finished training it 302080/306969 of epoch 0, 8.19 ms/it, loss 0.563540
Testing at - 302080/306969 of epoch 0,   loss 1.742625, accuracy 78.824 %, best 78.869 %
Finished training it 303104/306969 of epoch 0, 7.11 ms/it, loss 0.565248
Testing at - 303104/306969 of epoch 0,   loss 1.724220, accuracy 78.800 %, best 78.869 %
Finished training it 304128/306969 of epoch 0, 9.77 ms/it, loss 0.565213
Testing at - 304128/306969 of epoch 0,   loss 1.714461, accuracy 78.844 %, best 78.869 %
Finished training it 305152/306969 of epoch 0, 6.47 ms/it, loss 0.562235
Testing at - 305152/306969 of epoch 0,   loss 1.770451, accuracy 78.791 %, best 78.869 %
Finished training it 306176/306969 of epoch 0, 7.47 ms/it, loss 0.563588
Testing at - 306176/306969 of epoch 0,   loss 1.750868, accuracy 78.855 %, best 78.869 %
Finished training it 306969/306969 of epoch 0, 6.88 ms/it, loss 0.564425
Testing at - 306969/306969 of epoch 0,   loss 1.745861, accuracy 78.781 %, best 78.869 %
