Unable to import mlperf_logging,  No module named 'mlperf_logging'
world size: 1, current rank: 0, local rank: 0
Using 1 GPU(s)...
Reading pre-processed data=./input/kaggleAdDisplayChallenge_processed.npz
Sparse fea = 26, Dense fea = 13
Defined train indices...
Randomized indices across days ...
Split data according to indices...
Reading pre-processed data=./input/kaggleAdDisplayChallenge_processed.npz
Sparse fea = 26, Dense fea = 13
Defined test indices...
Randomized indices across days ...
Split data according to indices...
Random uniform embeddings init: 0 size: 1461 dim: 16
Random uniform embeddings init: 1 size: 584 dim: 16
Random uniform embeddings init: 2 size: 10131227 dim: 16
Random uniform embeddings init: 3 size: 2202608 dim: 16
Random uniform embeddings init: 4 size: 306 dim: 16
Random uniform embeddings init: 5 size: 24 dim: 16
Random uniform embeddings init: 6 size: 12518 dim: 16
Random uniform embeddings init: 7 size: 634 dim: 16
Random uniform embeddings init: 8 size: 4 dim: 16
Random uniform embeddings init: 9 size: 93146 dim: 16
Random uniform embeddings init: 10 size: 5684 dim: 16
Random uniform embeddings init: 11 size: 8351593 dim: 16
Random uniform embeddings init: 12 size: 3195 dim: 16
Random uniform embeddings init: 13 size: 28 dim: 16
Random uniform embeddings init: 14 size: 14993 dim: 16
Random uniform embeddings init: 15 size: 5461306 dim: 16
Random uniform embeddings init: 16 size: 11 dim: 16
Random uniform embeddings init: 17 size: 5653 dim: 16
Random uniform embeddings init: 18 size: 2173 dim: 16
Random uniform embeddings init: 19 size: 4 dim: 16
Random uniform embeddings init: 20 size: 7046547 dim: 16
Random uniform embeddings init: 21 size: 18 dim: 16
Random uniform embeddings init: 22 size: 16 dim: 16
Random uniform embeddings init: 23 size: 286181 dim: 16
Random uniform embeddings init: 24 size: 105 dim: 16
Random uniform embeddings init: 25 size: 142572 dim: 16
DLRM_Net(
  (emb_l): ModuleList(
    (0): EmbeddingBag(1461, 16, mode=sum)
    (1): EmbeddingBag(584, 16, mode=sum)
    (2): EmbeddingBag(10131227, 16, mode=sum)
    (3): EmbeddingBag(2202608, 16, mode=sum)
    (4): EmbeddingBag(306, 16, mode=sum)
    (5): EmbeddingBag(24, 16, mode=sum)
    (6): EmbeddingBag(12518, 16, mode=sum)
    (7): EmbeddingBag(634, 16, mode=sum)
    (8): EmbeddingBag(4, 16, mode=sum)
    (9): EmbeddingBag(93146, 16, mode=sum)
    (10): EmbeddingBag(5684, 16, mode=sum)
    (11): EmbeddingBag(8351593, 16, mode=sum)
    (12): EmbeddingBag(3195, 16, mode=sum)
    (13): EmbeddingBag(28, 16, mode=sum)
    (14): EmbeddingBag(14993, 16, mode=sum)
    (15): EmbeddingBag(5461306, 16, mode=sum)
    (16): EmbeddingBag(11, 16, mode=sum)
    (17): EmbeddingBag(5653, 16, mode=sum)
    (18): EmbeddingBag(2173, 16, mode=sum)
    (19): EmbeddingBag(4, 16, mode=sum)
    (20): EmbeddingBag(7046547, 16, mode=sum)
    (21): EmbeddingBag(18, 16, mode=sum)
    (22): EmbeddingBag(16, 16, mode=sum)
    (23): EmbeddingBag(286181, 16, mode=sum)
    (24): EmbeddingBag(105, 16, mode=sum)
    (25): EmbeddingBag(142572, 16, mode=sum)
  )
  (bot_l): Sequential(
    (0): Linear(in_features=13, out_features=512, bias=True)
    (1): ReLU()
    (2): Linear(in_features=512, out_features=256, bias=True)
    (3): ReLU()
    (4): Linear(in_features=256, out_features=64, bias=True)
    (5): ReLU()
    (6): Linear(in_features=64, out_features=16, bias=True)
    (7): ReLU()
  )
  (top_l): Sequential(
    (0): Linear(in_features=367, out_features=512, bias=True)
    (1): ReLU()
    (2): Linear(in_features=512, out_features=256, bias=True)
    (3): ReLU()
    (4): Linear(in_features=256, out_features=1, bias=True)
    (5): Sigmoid()
  )
  (loss_fn): BCELoss()
)
time/loss/accuracy (if enabled):
Finished training it 1024/306969 of epoch 0, 8.05 ms/it, loss 0.695423
Testing at - 1024/306969 of epoch 0,   loss 0.728928, accuracy 74.914 %, best 74.914 %
Finished training it 2048/306969 of epoch 0, 6.58 ms/it, loss 0.693870
Testing at - 2048/306969 of epoch 0,   loss 0.735192, accuracy 75.090 %, best 75.090 %
Finished training it 3072/306969 of epoch 0, 6.70 ms/it, loss 0.693637
Testing at - 3072/306969 of epoch 0,   loss 0.723265, accuracy 75.295 %, best 75.295 %
Finished training it 4096/306969 of epoch 0, 6.51 ms/it, loss 0.692855
Testing at - 4096/306969 of epoch 0,   loss 0.751830, accuracy 75.454 %, best 75.454 %
Finished training it 5120/306969 of epoch 0, 9.08 ms/it, loss 0.693239
Testing at - 5120/306969 of epoch 0,   loss 0.746636, accuracy 75.412 %, best 75.454 %
Finished training it 6144/306969 of epoch 0, 6.47 ms/it, loss 0.692868
Testing at - 6144/306969 of epoch 0,   loss 0.747337, accuracy 75.668 %, best 75.668 %
Finished training it 7168/306969 of epoch 0, 6.20 ms/it, loss 0.692710
Testing at - 7168/306969 of epoch 0,   loss 0.761022, accuracy 75.655 %, best 75.668 %
Finished training it 8192/306969 of epoch 0, 6.41 ms/it, loss 0.692800
Testing at - 8192/306969 of epoch 0,   loss 0.746154, accuracy 75.786 %, best 75.786 %
Finished training it 9216/306969 of epoch 0, 6.41 ms/it, loss 0.692529
Testing at - 9216/306969 of epoch 0,   loss 0.753282, accuracy 75.560 %, best 75.786 %
Finished training it 10240/306969 of epoch 0, 5.92 ms/it, loss 0.692593
Testing at - 10240/306969 of epoch 0,   loss 0.743428, accuracy 75.772 %, best 75.786 %
Finished training it 11264/306969 of epoch 0, 5.97 ms/it, loss 0.692443
Testing at - 11264/306969 of epoch 0,   loss 0.759830, accuracy 75.769 %, best 75.786 %
Finished training it 12288/306969 of epoch 0, 5.88 ms/it, loss 0.691743
Testing at - 12288/306969 of epoch 0,   loss 0.756585, accuracy 75.894 %, best 75.894 %
Finished training it 13312/306969 of epoch 0, 5.12 ms/it, loss 0.692387
Testing at - 13312/306969 of epoch 0,   loss 0.782424, accuracy 76.121 %, best 76.121 %
Finished training it 14336/306969 of epoch 0, 6.27 ms/it, loss 0.692125
Testing at - 14336/306969 of epoch 0,   loss 0.789364, accuracy 76.229 %, best 76.229 %
Finished training it 15360/306969 of epoch 0, 8.30 ms/it, loss 0.691747
Testing at - 15360/306969 of epoch 0,   loss 0.805135, accuracy 76.105 %, best 76.229 %
Finished training it 16384/306969 of epoch 0, 7.74 ms/it, loss 0.691818
Testing at - 16384/306969 of epoch 0,   loss 0.771931, accuracy 76.161 %, best 76.229 %
Finished training it 17408/306969 of epoch 0, 5.96 ms/it, loss 0.691427
Testing at - 17408/306969 of epoch 0,   loss 0.773929, accuracy 76.292 %, best 76.292 %
Finished training it 18432/306969 of epoch 0, 5.45 ms/it, loss 0.691630
Testing at - 18432/306969 of epoch 0,   loss 0.774740, accuracy 76.485 %, best 76.485 %
Finished training it 19456/306969 of epoch 0, 5.47 ms/it, loss 0.691142
Testing at - 19456/306969 of epoch 0,   loss 0.822075, accuracy 76.652 %, best 76.652 %
Finished training it 20480/306969 of epoch 0, 5.04 ms/it, loss 0.690837
Testing at - 20480/306969 of epoch 0,   loss 0.799363, accuracy 76.497 %, best 76.652 %
Finished training it 21504/306969 of epoch 0, 5.37 ms/it, loss 0.690761
Testing at - 21504/306969 of epoch 0,   loss 0.811412, accuracy 76.624 %, best 76.652 %
Finished training it 22528/306969 of epoch 0, 5.27 ms/it, loss 0.690810
Testing at - 22528/306969 of epoch 0,   loss 0.810578, accuracy 76.371 %, best 76.652 %
Finished training it 23552/306969 of epoch 0, 5.51 ms/it, loss 0.690619
Testing at - 23552/306969 of epoch 0,   loss 0.818142, accuracy 76.876 %, best 76.876 %
Finished training it 24576/306969 of epoch 0, 5.92 ms/it, loss 0.689774
Testing at - 24576/306969 of epoch 0,   loss 0.846510, accuracy 76.958 %, best 76.958 %
Finished training it 25600/306969 of epoch 0, 6.62 ms/it, loss 0.690069
Testing at - 25600/306969 of epoch 0,   loss 0.841201, accuracy 76.928 %, best 76.958 %
Finished training it 26624/306969 of epoch 0, 6.63 ms/it, loss 0.689571
Testing at - 26624/306969 of epoch 0,   loss 0.820315, accuracy 76.755 %, best 76.958 %
Finished training it 27648/306969 of epoch 0, 7.54 ms/it, loss 0.689037
Testing at - 27648/306969 of epoch 0,   loss 0.820735, accuracy 76.748 %, best 76.958 %
Finished training it 28672/306969 of epoch 0, 7.93 ms/it, loss 0.689275
Testing at - 28672/306969 of epoch 0,   loss 0.830981, accuracy 76.851 %, best 76.958 %
Finished training it 29696/306969 of epoch 0, 7.95 ms/it, loss 0.689756
Testing at - 29696/306969 of epoch 0,   loss 0.802917, accuracy 76.925 %, best 76.958 %
Finished training it 30720/306969 of epoch 0, 7.36 ms/it, loss 0.689092
Testing at - 30720/306969 of epoch 0,   loss 0.848938, accuracy 77.085 %, best 77.085 %
Finished training it 31744/306969 of epoch 0, 7.31 ms/it, loss 0.689283
Testing at - 31744/306969 of epoch 0,   loss 0.849414, accuracy 77.197 %, best 77.197 %
Finished training it 32768/306969 of epoch 0, 6.49 ms/it, loss 0.689323
Testing at - 32768/306969 of epoch 0,   loss 0.816723, accuracy 76.993 %, best 77.197 %
Finished training it 33792/306969 of epoch 0, 7.81 ms/it, loss 0.688634
Testing at - 33792/306969 of epoch 0,   loss 0.863130, accuracy 77.271 %, best 77.271 %
Finished training it 34816/306969 of epoch 0, 8.29 ms/it, loss 0.688072
Testing at - 34816/306969 of epoch 0,   loss 0.833569, accuracy 77.004 %, best 77.271 %
Finished training it 35840/306969 of epoch 0, 6.59 ms/it, loss 0.688834
Testing at - 35840/306969 of epoch 0,   loss 0.860055, accuracy 77.279 %, best 77.279 %
Finished training it 36864/306969 of epoch 0, 5.87 ms/it, loss 0.688053
Testing at - 36864/306969 of epoch 0,   loss 0.855018, accuracy 77.133 %, best 77.279 %
Finished training it 37888/306969 of epoch 0, 6.30 ms/it, loss 0.687664
Testing at - 37888/306969 of epoch 0,   loss 0.848963, accuracy 77.280 %, best 77.280 %
Finished training it 38912/306969 of epoch 0, 5.76 ms/it, loss 0.688601
Testing at - 38912/306969 of epoch 0,   loss 0.874739, accuracy 77.363 %, best 77.363 %
Finished training it 39936/306969 of epoch 0, 5.17 ms/it, loss 0.688090
Testing at - 39936/306969 of epoch 0,   loss 0.848683, accuracy 77.414 %, best 77.414 %
Finished training it 40960/306969 of epoch 0, 5.69 ms/it, loss 0.687910
Testing at - 40960/306969 of epoch 0,   loss 0.846692, accuracy 77.514 %, best 77.514 %
Finished training it 41984/306969 of epoch 0, 7.20 ms/it, loss 0.687363
Testing at - 41984/306969 of epoch 0,   loss 0.867272, accuracy 77.498 %, best 77.514 %
Finished training it 43008/306969 of epoch 0, 7.14 ms/it, loss 0.686997
Testing at - 43008/306969 of epoch 0,   loss 0.868942, accuracy 77.433 %, best 77.514 %
Finished training it 44032/306969 of epoch 0, 6.23 ms/it, loss 0.687679
Testing at - 44032/306969 of epoch 0,   loss 0.843356, accuracy 77.395 %, best 77.514 %
Finished training it 45056/306969 of epoch 0, 6.25 ms/it, loss 0.687724
Testing at - 45056/306969 of epoch 0,   loss 0.835682, accuracy 77.292 %, best 77.514 %
Finished training it 46080/306969 of epoch 0, 5.62 ms/it, loss 0.687531
Testing at - 46080/306969 of epoch 0,   loss 0.897734, accuracy 77.279 %, best 77.514 %
Finished training it 47104/306969 of epoch 0, 5.34 ms/it, loss 0.687862
Testing at - 47104/306969 of epoch 0,   loss 0.829645, accuracy 77.197 %, best 77.514 %
Finished training it 48128/306969 of epoch 0, 5.54 ms/it, loss 0.687288
Testing at - 48128/306969 of epoch 0,   loss 0.845362, accuracy 77.505 %, best 77.514 %
Finished training it 49152/306969 of epoch 0, 5.22 ms/it, loss 0.686063
Testing at - 49152/306969 of epoch 0,   loss 0.884570, accuracy 77.551 %, best 77.551 %
Finished training it 50176/306969 of epoch 0, 5.55 ms/it, loss 0.686730
Testing at - 50176/306969 of epoch 0,   loss 0.864563, accuracy 77.334 %, best 77.551 %
Finished training it 51200/306969 of epoch 0, 5.56 ms/it, loss 0.686945
Testing at - 51200/306969 of epoch 0,   loss 0.851315, accuracy 77.586 %, best 77.586 %
Finished training it 52224/306969 of epoch 0, 6.26 ms/it, loss 0.687013
Testing at - 52224/306969 of epoch 0,   loss 0.843747, accuracy 77.627 %, best 77.627 %
Finished training it 53248/306969 of epoch 0, 5.21 ms/it, loss 0.685978
Testing at - 53248/306969 of epoch 0,   loss 0.890624, accuracy 77.599 %, best 77.627 %
Finished training it 54272/306969 of epoch 0, 5.41 ms/it, loss 0.686786
Testing at - 54272/306969 of epoch 0,   loss 0.819347, accuracy 77.561 %, best 77.627 %
Finished training it 55296/306969 of epoch 0, 6.13 ms/it, loss 0.686405
Testing at - 55296/306969 of epoch 0,   loss 0.847522, accuracy 77.633 %, best 77.633 %
Finished training it 56320/306969 of epoch 0, 6.18 ms/it, loss 0.686088
Testing at - 56320/306969 of epoch 0,   loss 0.865147, accuracy 77.609 %, best 77.633 %
Finished training it 57344/306969 of epoch 0, 5.87 ms/it, loss 0.685829
Testing at - 57344/306969 of epoch 0,   loss 0.881646, accuracy 77.644 %, best 77.644 %
Finished training it 58368/306969 of epoch 0, 6.17 ms/it, loss 0.685510
Testing at - 58368/306969 of epoch 0,   loss 0.850561, accuracy 77.593 %, best 77.644 %
Finished training it 59392/306969 of epoch 0, 6.30 ms/it, loss 0.686124
Testing at - 59392/306969 of epoch 0,   loss 0.836718, accuracy 77.635 %, best 77.644 %
Finished training it 60416/306969 of epoch 0, 7.14 ms/it, loss 0.685628
Testing at - 60416/306969 of epoch 0,   loss 0.867879, accuracy 77.651 %, best 77.651 %
Finished training it 61440/306969 of epoch 0, 6.43 ms/it, loss 0.686675
Testing at - 61440/306969 of epoch 0,   loss 0.861851, accuracy 77.715 %, best 77.715 %
Finished training it 62464/306969 of epoch 0, 6.70 ms/it, loss 0.685852
Testing at - 62464/306969 of epoch 0,   loss 0.855873, accuracy 77.654 %, best 77.715 %
Finished training it 63488/306969 of epoch 0, 7.05 ms/it, loss 0.685989
Testing at - 63488/306969 of epoch 0,   loss 0.874997, accuracy 77.681 %, best 77.715 %
Finished training it 64512/306969 of epoch 0, 9.17 ms/it, loss 0.686733
Testing at - 64512/306969 of epoch 0,   loss 0.858240, accuracy 76.937 %, best 77.715 %
Finished training it 65536/306969 of epoch 0, 6.68 ms/it, loss 0.686704
Testing at - 65536/306969 of epoch 0,   loss 0.856254, accuracy 77.703 %, best 77.715 %
Finished training it 66560/306969 of epoch 0, 6.91 ms/it, loss 0.684988
Testing at - 66560/306969 of epoch 0,   loss 0.863717, accuracy 77.756 %, best 77.756 %
Finished training it 67584/306969 of epoch 0, 6.02 ms/it, loss 0.685476
Testing at - 67584/306969 of epoch 0,   loss 0.865929, accuracy 77.629 %, best 77.756 %
Finished training it 68608/306969 of epoch 0, 6.07 ms/it, loss 0.685976
Testing at - 68608/306969 of epoch 0,   loss 0.896444, accuracy 77.732 %, best 77.756 %
Finished training it 69632/306969 of epoch 0, 5.66 ms/it, loss 0.685849
Testing at - 69632/306969 of epoch 0,   loss 0.864092, accuracy 77.734 %, best 77.756 %
Finished training it 70656/306969 of epoch 0, 5.73 ms/it, loss 0.684922
Testing at - 70656/306969 of epoch 0,   loss 0.861958, accuracy 77.764 %, best 77.764 %
Finished training it 71680/306969 of epoch 0, 6.66 ms/it, loss 0.685510
Testing at - 71680/306969 of epoch 0,   loss 0.840507, accuracy 77.781 %, best 77.781 %
Finished training it 72704/306969 of epoch 0, 6.51 ms/it, loss 0.684811
Testing at - 72704/306969 of epoch 0,   loss 0.856838, accuracy 77.751 %, best 77.781 %
Finished training it 73728/306969 of epoch 0, 7.30 ms/it, loss 0.685187
Testing at - 73728/306969 of epoch 0,   loss 0.868082, accuracy 77.641 %, best 77.781 %
Finished training it 74752/306969 of epoch 0, 6.92 ms/it, loss 0.684680
Testing at - 74752/306969 of epoch 0,   loss 0.850805, accuracy 77.797 %, best 77.797 %
Finished training it 75776/306969 of epoch 0, 7.60 ms/it, loss 0.685227
Testing at - 75776/306969 of epoch 0,   loss 0.869966, accuracy 77.337 %, best 77.797 %
Finished training it 76800/306969 of epoch 0, 6.02 ms/it, loss 0.684798
Testing at - 76800/306969 of epoch 0,   loss 0.854282, accuracy 77.767 %, best 77.797 %
Finished training it 77824/306969 of epoch 0, 6.66 ms/it, loss 0.684768
Testing at - 77824/306969 of epoch 0,   loss 0.889380, accuracy 77.806 %, best 77.806 %
Finished training it 78848/306969 of epoch 0, 6.16 ms/it, loss 0.684898
Testing at - 78848/306969 of epoch 0,   loss 0.842014, accuracy 77.866 %, best 77.866 %
Finished training it 79872/306969 of epoch 0, 6.58 ms/it, loss 0.684867
Testing at - 79872/306969 of epoch 0,   loss 0.863315, accuracy 77.796 %, best 77.866 %
Finished training it 80896/306969 of epoch 0, 6.89 ms/it, loss 0.684620
Testing at - 80896/306969 of epoch 0,   loss 0.863635, accuracy 77.840 %, best 77.866 %
Finished training it 81920/306969 of epoch 0, 6.90 ms/it, loss 0.685379
Testing at - 81920/306969 of epoch 0,   loss 0.836867, accuracy 77.778 %, best 77.866 %
Finished training it 82944/306969 of epoch 0, 6.25 ms/it, loss 0.684435
Testing at - 82944/306969 of epoch 0,   loss 0.841292, accuracy 77.571 %, best 77.866 %
Finished training it 83968/306969 of epoch 0, 5.99 ms/it, loss 0.684570
Testing at - 83968/306969 of epoch 0,   loss 0.893700, accuracy 77.797 %, best 77.866 %
Finished training it 84992/306969 of epoch 0, 6.11 ms/it, loss 0.684049
Testing at - 84992/306969 of epoch 0,   loss 0.874612, accuracy 77.845 %, best 77.866 %
Finished training it 86016/306969 of epoch 0, 5.88 ms/it, loss 0.685071
Testing at - 86016/306969 of epoch 0,   loss 0.838639, accuracy 77.808 %, best 77.866 %
Finished training it 87040/306969 of epoch 0, 5.93 ms/it, loss 0.684193
Testing at - 87040/306969 of epoch 0,   loss 0.869048, accuracy 77.831 %, best 77.866 %
Finished training it 88064/306969 of epoch 0, 6.17 ms/it, loss 0.684202
Testing at - 88064/306969 of epoch 0,   loss 0.866764, accuracy 77.795 %, best 77.866 %
Finished training it 89088/306969 of epoch 0, 5.89 ms/it, loss 0.684439
Testing at - 89088/306969 of epoch 0,   loss 0.854341, accuracy 77.768 %, best 77.866 %
Finished training it 90112/306969 of epoch 0, 5.99 ms/it, loss 0.683966
Testing at - 90112/306969 of epoch 0,   loss 0.848891, accuracy 77.891 %, best 77.891 %
Finished training it 91136/306969 of epoch 0, 7.05 ms/it, loss 0.684478
Testing at - 91136/306969 of epoch 0,   loss 0.828137, accuracy 77.689 %, best 77.891 %
Finished training it 92160/306969 of epoch 0, 6.18 ms/it, loss 0.684462
Testing at - 92160/306969 of epoch 0,   loss 0.861720, accuracy 77.881 %, best 77.891 %
Finished training it 93184/306969 of epoch 0, 6.69 ms/it, loss 0.685079
Testing at - 93184/306969 of epoch 0,   loss 0.849275, accuracy 77.950 %, best 77.950 %
Finished training it 94208/306969 of epoch 0, 5.94 ms/it, loss 0.684294
Testing at - 94208/306969 of epoch 0,   loss 0.856957, accuracy 77.869 %, best 77.950 %
Finished training it 95232/306969 of epoch 0, 5.80 ms/it, loss 0.684035
Testing at - 95232/306969 of epoch 0,   loss 0.865442, accuracy 77.774 %, best 77.950 %
Finished training it 96256/306969 of epoch 0, 5.65 ms/it, loss 0.683935
Testing at - 96256/306969 of epoch 0,   loss 0.873753, accuracy 77.891 %, best 77.950 %
Finished training it 97280/306969 of epoch 0, 5.35 ms/it, loss 0.683589
Testing at - 97280/306969 of epoch 0,   loss 0.880996, accuracy 77.955 %, best 77.955 %
Finished training it 98304/306969 of epoch 0, 6.44 ms/it, loss 0.683724
Testing at - 98304/306969 of epoch 0,   loss 0.869214, accuracy 77.955 %, best 77.955 %
Finished training it 99328/306969 of epoch 0, 6.19 ms/it, loss 0.683975
Testing at - 99328/306969 of epoch 0,   loss 0.857207, accuracy 77.915 %, best 77.955 %
Finished training it 100352/306969 of epoch 0, 6.96 ms/it, loss 0.683894
Testing at - 100352/306969 of epoch 0,   loss 0.872244, accuracy 77.975 %, best 77.975 %
Finished training it 101376/306969 of epoch 0, 5.69 ms/it, loss 0.684395
Testing at - 101376/306969 of epoch 0,   loss 0.882985, accuracy 77.953 %, best 77.975 %
Finished training it 102400/306969 of epoch 0, 7.61 ms/it, loss 0.684420
Testing at - 102400/306969 of epoch 0,   loss 0.872861, accuracy 77.778 %, best 77.975 %
Finished training it 103424/306969 of epoch 0, 6.17 ms/it, loss 0.684335
Testing at - 103424/306969 of epoch 0,   loss 0.861002, accuracy 77.957 %, best 77.975 %
Finished training it 104448/306969 of epoch 0, 6.17 ms/it, loss 0.684316
Testing at - 104448/306969 of epoch 0,   loss 0.846838, accuracy 77.958 %, best 77.975 %
Finished training it 105472/306969 of epoch 0, 6.37 ms/it, loss 0.683893
Testing at - 105472/306969 of epoch 0,   loss 0.853790, accuracy 77.951 %, best 77.975 %
Finished training it 106496/306969 of epoch 0, 5.50 ms/it, loss 0.683606
Testing at - 106496/306969 of epoch 0,   loss 0.869028, accuracy 77.829 %, best 77.975 %
Finished training it 107520/306969 of epoch 0, 7.08 ms/it, loss 0.683642
Testing at - 107520/306969 of epoch 0,   loss 0.868969, accuracy 77.960 %, best 77.975 %
Finished training it 108544/306969 of epoch 0, 8.20 ms/it, loss 0.684075
Testing at - 108544/306969 of epoch 0,   loss 0.862710, accuracy 77.964 %, best 77.975 %
Finished training it 109568/306969 of epoch 0, 7.61 ms/it, loss 0.683783
Testing at - 109568/306969 of epoch 0,   loss 0.883729, accuracy 77.994 %, best 77.994 %
Finished training it 110592/306969 of epoch 0, 6.73 ms/it, loss 0.683989
Testing at - 110592/306969 of epoch 0,   loss 0.868924, accuracy 78.017 %, best 78.017 %
Finished training it 111616/306969 of epoch 0, 5.70 ms/it, loss 0.684645
Testing at - 111616/306969 of epoch 0,   loss 0.870553, accuracy 78.016 %, best 78.017 %
Finished training it 112640/306969 of epoch 0, 7.48 ms/it, loss 0.684081
Testing at - 112640/306969 of epoch 0,   loss 0.864225, accuracy 77.970 %, best 78.017 %
Finished training it 113664/306969 of epoch 0, 8.04 ms/it, loss 0.684573
Testing at - 113664/306969 of epoch 0,   loss 0.870054, accuracy 78.004 %, best 78.017 %
Finished training it 114688/306969 of epoch 0, 6.17 ms/it, loss 0.684028
Testing at - 114688/306969 of epoch 0,   loss 0.882582, accuracy 78.027 %, best 78.027 %
Finished training it 115712/306969 of epoch 0, 7.40 ms/it, loss 0.683141
Testing at - 115712/306969 of epoch 0,   loss 0.888615, accuracy 77.954 %, best 78.027 %
Finished training it 116736/306969 of epoch 0, 5.50 ms/it, loss 0.683574
Testing at - 116736/306969 of epoch 0,   loss 0.857659, accuracy 77.952 %, best 78.027 %
Finished training it 117760/306969 of epoch 0, 6.16 ms/it, loss 0.683543
Testing at - 117760/306969 of epoch 0,   loss 0.881090, accuracy 77.962 %, best 78.027 %
Finished training it 118784/306969 of epoch 0, 7.48 ms/it, loss 0.684312
Testing at - 118784/306969 of epoch 0,   loss 0.893889, accuracy 77.878 %, best 78.027 %
Finished training it 119808/306969 of epoch 0, 6.81 ms/it, loss 0.684527
Testing at - 119808/306969 of epoch 0,   loss 0.879808, accuracy 78.044 %, best 78.044 %
Finished training it 120832/306969 of epoch 0, 6.71 ms/it, loss 0.682637
Testing at - 120832/306969 of epoch 0,   loss 0.879697, accuracy 77.977 %, best 78.044 %
Finished training it 121856/306969 of epoch 0, 6.63 ms/it, loss 0.683093
Testing at - 121856/306969 of epoch 0,   loss 0.866633, accuracy 78.062 %, best 78.062 %
Finished training it 122880/306969 of epoch 0, 7.25 ms/it, loss 0.684415
Testing at - 122880/306969 of epoch 0,   loss 0.872723, accuracy 77.919 %, best 78.062 %
Finished training it 123904/306969 of epoch 0, 6.60 ms/it, loss 0.684687
Testing at - 123904/306969 of epoch 0,   loss 0.848470, accuracy 78.031 %, best 78.062 %
Finished training it 124928/306969 of epoch 0, 8.77 ms/it, loss 0.683636
Testing at - 124928/306969 of epoch 0,   loss 0.872280, accuracy 78.056 %, best 78.062 %
Finished training it 125952/306969 of epoch 0, 6.26 ms/it, loss 0.683835
Testing at - 125952/306969 of epoch 0,   loss 0.894058, accuracy 77.996 %, best 78.062 %
Finished training it 126976/306969 of epoch 0, 6.92 ms/it, loss 0.684110
Testing at - 126976/306969 of epoch 0,   loss 0.886986, accuracy 78.066 %, best 78.066 %
Finished training it 128000/306969 of epoch 0, 6.70 ms/it, loss 0.682637
Testing at - 128000/306969 of epoch 0,   loss 0.891852, accuracy 78.000 %, best 78.066 %
Finished training it 129024/306969 of epoch 0, 7.47 ms/it, loss 0.683539
Testing at - 129024/306969 of epoch 0,   loss 0.869727, accuracy 78.060 %, best 78.066 %
Finished training it 130048/306969 of epoch 0, 7.78 ms/it, loss 0.684364
Testing at - 130048/306969 of epoch 0,   loss 0.854811, accuracy 78.081 %, best 78.081 %
Finished training it 131072/306969 of epoch 0, 7.91 ms/it, loss 0.683981
Testing at - 131072/306969 of epoch 0,   loss 0.879033, accuracy 78.085 %, best 78.085 %
Finished training it 132096/306969 of epoch 0, 7.26 ms/it, loss 0.683719
Testing at - 132096/306969 of epoch 0,   loss 0.882372, accuracy 78.073 %, best 78.085 %
Finished training it 133120/306969 of epoch 0, 7.00 ms/it, loss 0.682643
Testing at - 133120/306969 of epoch 0,   loss 0.875079, accuracy 78.088 %, best 78.088 %
Finished training it 134144/306969 of epoch 0, 7.22 ms/it, loss 0.683677
Testing at - 134144/306969 of epoch 0,   loss 0.870089, accuracy 78.104 %, best 78.104 %
Finished training it 135168/306969 of epoch 0, 7.55 ms/it, loss 0.682286
Testing at - 135168/306969 of epoch 0,   loss 0.892508, accuracy 77.982 %, best 78.104 %
Finished training it 136192/306969 of epoch 0, 6.75 ms/it, loss 0.683074
Testing at - 136192/306969 of epoch 0,   loss 0.886884, accuracy 78.033 %, best 78.104 %
Finished training it 137216/306969 of epoch 0, 7.82 ms/it, loss 0.683249
Testing at - 137216/306969 of epoch 0,   loss 0.860684, accuracy 78.101 %, best 78.104 %
Finished training it 138240/306969 of epoch 0, 7.85 ms/it, loss 0.683654
Testing at - 138240/306969 of epoch 0,   loss 0.898311, accuracy 78.070 %, best 78.104 %
Finished training it 139264/306969 of epoch 0, 7.34 ms/it, loss 0.683677
Testing at - 139264/306969 of epoch 0,   loss 0.891622, accuracy 78.110 %, best 78.110 %
Finished training it 140288/306969 of epoch 0, 7.75 ms/it, loss 0.682766
Testing at - 140288/306969 of epoch 0,   loss 0.884147, accuracy 78.053 %, best 78.110 %
Finished training it 141312/306969 of epoch 0, 6.56 ms/it, loss 0.683577
Testing at - 141312/306969 of epoch 0,   loss 0.899288, accuracy 78.094 %, best 78.110 %
Finished training it 142336/306969 of epoch 0, 6.31 ms/it, loss 0.681900
Testing at - 142336/306969 of epoch 0,   loss 0.896163, accuracy 78.079 %, best 78.110 %
Finished training it 143360/306969 of epoch 0, 6.24 ms/it, loss 0.682181
Testing at - 143360/306969 of epoch 0,   loss 0.896522, accuracy 77.949 %, best 78.110 %
Finished training it 144384/306969 of epoch 0, 6.22 ms/it, loss 0.683141
Testing at - 144384/306969 of epoch 0,   loss 0.902744, accuracy 78.009 %, best 78.110 %
Finished training it 145408/306969 of epoch 0, 6.80 ms/it, loss 0.684263
Testing at - 145408/306969 of epoch 0,   loss 0.872951, accuracy 78.111 %, best 78.111 %
Finished training it 146432/306969 of epoch 0, 7.62 ms/it, loss 0.682857
Testing at - 146432/306969 of epoch 0,   loss 0.875947, accuracy 78.056 %, best 78.111 %
Finished training it 147456/306969 of epoch 0, 7.67 ms/it, loss 0.682533
Testing at - 147456/306969 of epoch 0,   loss 0.913283, accuracy 78.141 %, best 78.141 %
Finished training it 148480/306969 of epoch 0, 7.65 ms/it, loss 0.682283
Testing at - 148480/306969 of epoch 0,   loss 0.893649, accuracy 78.102 %, best 78.141 %
Finished training it 149504/306969 of epoch 0, 6.29 ms/it, loss 0.682501
Testing at - 149504/306969 of epoch 0,   loss 0.876970, accuracy 78.069 %, best 78.141 %
Finished training it 150528/306969 of epoch 0, 6.79 ms/it, loss 0.682957
Testing at - 150528/306969 of epoch 0,   loss 0.877508, accuracy 78.002 %, best 78.141 %
Finished training it 151552/306969 of epoch 0, 7.14 ms/it, loss 0.681054
Testing at - 151552/306969 of epoch 0,   loss 0.894102, accuracy 77.814 %, best 78.141 %
Finished training it 152576/306969 of epoch 0, 6.10 ms/it, loss 0.681965
Testing at - 152576/306969 of epoch 0,   loss 0.890226, accuracy 78.133 %, best 78.141 %
Finished training it 153600/306969 of epoch 0, 8.01 ms/it, loss 0.683110
Testing at - 153600/306969 of epoch 0,   loss 0.895563, accuracy 78.141 %, best 78.141 %
Finished training it 154624/306969 of epoch 0, 5.82 ms/it, loss 0.682576
Testing at - 154624/306969 of epoch 0,   loss 0.862244, accuracy 78.021 %, best 78.141 %
Finished training it 155648/306969 of epoch 0, 5.61 ms/it, loss 0.683118
Testing at - 155648/306969 of epoch 0,   loss 0.878536, accuracy 78.130 %, best 78.141 %
Finished training it 156672/306969 of epoch 0, 6.07 ms/it, loss 0.682553
Testing at - 156672/306969 of epoch 0,   loss 0.871455, accuracy 78.064 %, best 78.141 %
Finished training it 157696/306969 of epoch 0, 5.66 ms/it, loss 0.681242
Testing at - 157696/306969 of epoch 0,   loss 0.907696, accuracy 78.161 %, best 78.161 %
Finished training it 158720/306969 of epoch 0, 5.73 ms/it, loss 0.682164
Testing at - 158720/306969 of epoch 0,   loss 0.884407, accuracy 78.089 %, best 78.161 %
Finished training it 159744/306969 of epoch 0, 6.52 ms/it, loss 0.682475
Testing at - 159744/306969 of epoch 0,   loss 0.854601, accuracy 78.150 %, best 78.161 %
Finished training it 160768/306969 of epoch 0, 6.92 ms/it, loss 0.682441
Testing at - 160768/306969 of epoch 0,   loss 0.892365, accuracy 78.165 %, best 78.165 %
Finished training it 161792/306969 of epoch 0, 6.93 ms/it, loss 0.682939
Testing at - 161792/306969 of epoch 0,   loss 0.878597, accuracy 78.138 %, best 78.165 %
Finished training it 162816/306969 of epoch 0, 7.87 ms/it, loss 0.682715
Testing at - 162816/306969 of epoch 0,   loss 0.880674, accuracy 78.182 %, best 78.182 %
Finished training it 163840/306969 of epoch 0, 6.94 ms/it, loss 0.682941
Testing at - 163840/306969 of epoch 0,   loss 0.862664, accuracy 78.146 %, best 78.182 %
Finished training it 164864/306969 of epoch 0, 6.76 ms/it, loss 0.682687
Testing at - 164864/306969 of epoch 0,   loss 0.880752, accuracy 78.184 %, best 78.184 %
Finished training it 165888/306969 of epoch 0, 6.61 ms/it, loss 0.682494
Testing at - 165888/306969 of epoch 0,   loss 0.878376, accuracy 78.125 %, best 78.184 %
Finished training it 166912/306969 of epoch 0, 6.45 ms/it, loss 0.683194
Testing at - 166912/306969 of epoch 0,   loss 0.887464, accuracy 78.140 %, best 78.184 %
Finished training it 167936/306969 of epoch 0, 6.91 ms/it, loss 0.682927
Testing at - 167936/306969 of epoch 0,   loss 0.867348, accuracy 78.175 %, best 78.184 %
Finished training it 168960/306969 of epoch 0, 6.88 ms/it, loss 0.682719
Testing at - 168960/306969 of epoch 0,   loss 0.863960, accuracy 78.189 %, best 78.189 %
Finished training it 169984/306969 of epoch 0, 7.36 ms/it, loss 0.682596
Testing at - 169984/306969 of epoch 0,   loss 0.887591, accuracy 78.194 %, best 78.194 %
Finished training it 171008/306969 of epoch 0, 7.30 ms/it, loss 0.681630
Testing at - 171008/306969 of epoch 0,   loss 0.862350, accuracy 78.165 %, best 78.194 %
Finished training it 172032/306969 of epoch 0, 8.90 ms/it, loss 0.681705
Testing at - 172032/306969 of epoch 0,   loss 0.890684, accuracy 78.172 %, best 78.194 %
Finished training it 173056/306969 of epoch 0, 8.01 ms/it, loss 0.683828
Testing at - 173056/306969 of epoch 0,   loss 0.898286, accuracy 78.044 %, best 78.194 %
Finished training it 174080/306969 of epoch 0, 7.53 ms/it, loss 0.682551
Testing at - 174080/306969 of epoch 0,   loss 0.895458, accuracy 78.174 %, best 78.194 %
Finished training it 175104/306969 of epoch 0, 7.15 ms/it, loss 0.682092
Testing at - 175104/306969 of epoch 0,   loss 0.886212, accuracy 78.119 %, best 78.194 %
Finished training it 176128/306969 of epoch 0, 5.64 ms/it, loss 0.682040
Testing at - 176128/306969 of epoch 0,   loss 0.906191, accuracy 78.183 %, best 78.194 %
Finished training it 177152/306969 of epoch 0, 6.53 ms/it, loss 0.680665
Testing at - 177152/306969 of epoch 0,   loss 0.921146, accuracy 78.220 %, best 78.220 %
Finished training it 178176/306969 of epoch 0, 7.60 ms/it, loss 0.681621
Testing at - 178176/306969 of epoch 0,   loss 0.892551, accuracy 78.022 %, best 78.220 %
Finished training it 179200/306969 of epoch 0, 5.72 ms/it, loss 0.681737
Testing at - 179200/306969 of epoch 0,   loss 0.896995, accuracy 78.190 %, best 78.220 %
Finished training it 180224/306969 of epoch 0, 5.81 ms/it, loss 0.682963
Testing at - 180224/306969 of epoch 0,   loss 0.871618, accuracy 78.169 %, best 78.220 %
Finished training it 181248/306969 of epoch 0, 5.55 ms/it, loss 0.682884
Testing at - 181248/306969 of epoch 0,   loss 0.878556, accuracy 78.196 %, best 78.220 %
Finished training it 182272/306969 of epoch 0, 5.16 ms/it, loss 0.683088
Testing at - 182272/306969 of epoch 0,   loss 0.918793, accuracy 78.210 %, best 78.220 %
Finished training it 183296/306969 of epoch 0, 5.22 ms/it, loss 0.681932
Testing at - 183296/306969 of epoch 0,   loss 0.873673, accuracy 78.114 %, best 78.220 %
Finished training it 184320/306969 of epoch 0, 5.48 ms/it, loss 0.682826
Testing at - 184320/306969 of epoch 0,   loss 0.883272, accuracy 78.213 %, best 78.220 %
Finished training it 185344/306969 of epoch 0, 5.23 ms/it, loss 0.683081
Testing at - 185344/306969 of epoch 0,   loss 0.880190, accuracy 78.166 %, best 78.220 %
Finished training it 186368/306969 of epoch 0, 5.50 ms/it, loss 0.682662
Testing at - 186368/306969 of epoch 0,   loss 0.896936, accuracy 78.112 %, best 78.220 %
Finished training it 187392/306969 of epoch 0, 5.39 ms/it, loss 0.682802
Testing at - 187392/306969 of epoch 0,   loss 0.861724, accuracy 78.177 %, best 78.220 %
Finished training it 188416/306969 of epoch 0, 6.75 ms/it, loss 0.681128
Testing at - 188416/306969 of epoch 0,   loss 0.881253, accuracy 78.212 %, best 78.220 %
Finished training it 189440/306969 of epoch 0, 5.70 ms/it, loss 0.683850
Testing at - 189440/306969 of epoch 0,   loss 0.879523, accuracy 78.221 %, best 78.221 %
Finished training it 190464/306969 of epoch 0, 6.00 ms/it, loss 0.682669
Testing at - 190464/306969 of epoch 0,   loss 0.867759, accuracy 78.213 %, best 78.221 %
Finished training it 191488/306969 of epoch 0, 5.67 ms/it, loss 0.681547
Testing at - 191488/306969 of epoch 0,   loss 0.890031, accuracy 78.196 %, best 78.221 %
Finished training it 192512/306969 of epoch 0, 5.91 ms/it, loss 0.681117
Testing at - 192512/306969 of epoch 0,   loss 0.880068, accuracy 78.219 %, best 78.221 %
Finished training it 193536/306969 of epoch 0, 7.77 ms/it, loss 0.681954
Testing at - 193536/306969 of epoch 0,   loss 0.879289, accuracy 78.203 %, best 78.221 %
Finished training it 194560/306969 of epoch 0, 7.45 ms/it, loss 0.682246
Testing at - 194560/306969 of epoch 0,   loss 0.876056, accuracy 78.204 %, best 78.221 %
Finished training it 195584/306969 of epoch 0, 7.95 ms/it, loss 0.683363
Testing at - 195584/306969 of epoch 0,   loss 0.889539, accuracy 78.191 %, best 78.221 %
Finished training it 196608/306969 of epoch 0, 7.73 ms/it, loss 0.682374
Testing at - 196608/306969 of epoch 0,   loss 0.867852, accuracy 78.182 %, best 78.221 %
Finished training it 197632/306969 of epoch 0, 7.65 ms/it, loss 0.682079
Testing at - 197632/306969 of epoch 0,   loss 0.903722, accuracy 78.145 %, best 78.221 %
Finished training it 198656/306969 of epoch 0, 7.72 ms/it, loss 0.681862
Testing at - 198656/306969 of epoch 0,   loss 0.886895, accuracy 78.240 %, best 78.240 %
Finished training it 199680/306969 of epoch 0, 7.29 ms/it, loss 0.682794
Testing at - 199680/306969 of epoch 0,   loss 0.865693, accuracy 78.253 %, best 78.253 %
Finished training it 200704/306969 of epoch 0, 6.13 ms/it, loss 0.681876
Testing at - 200704/306969 of epoch 0,   loss 0.906465, accuracy 78.204 %, best 78.253 %
Finished training it 201728/306969 of epoch 0, 5.75 ms/it, loss 0.682967
Testing at - 201728/306969 of epoch 0,   loss 0.877356, accuracy 78.226 %, best 78.253 %
Finished training it 202752/306969 of epoch 0, 6.15 ms/it, loss 0.682291
Testing at - 202752/306969 of epoch 0,   loss 0.881598, accuracy 78.205 %, best 78.253 %
Finished training it 203776/306969 of epoch 0, 5.21 ms/it, loss 0.680696
Testing at - 203776/306969 of epoch 0,   loss 0.911374, accuracy 78.165 %, best 78.253 %
Finished training it 204800/306969 of epoch 0, 5.66 ms/it, loss 0.681265
Testing at - 204800/306969 of epoch 0,   loss 0.891403, accuracy 78.259 %, best 78.259 %
Finished training it 205824/306969 of epoch 0, 6.04 ms/it, loss 0.681939
Testing at - 205824/306969 of epoch 0,   loss 0.892885, accuracy 78.240 %, best 78.259 %
Finished training it 206848/306969 of epoch 0, 6.34 ms/it, loss 0.681537
Testing at - 206848/306969 of epoch 0,   loss 0.883999, accuracy 78.278 %, best 78.278 %
Finished training it 207872/306969 of epoch 0, 5.30 ms/it, loss 0.682037
Testing at - 207872/306969 of epoch 0,   loss 0.879817, accuracy 78.258 %, best 78.278 %
Finished training it 208896/306969 of epoch 0, 5.75 ms/it, loss 0.682104
Testing at - 208896/306969 of epoch 0,   loss 0.878861, accuracy 78.209 %, best 78.278 %
Finished training it 209920/306969 of epoch 0, 6.71 ms/it, loss 0.681762
Testing at - 209920/306969 of epoch 0,   loss 0.893411, accuracy 78.220 %, best 78.278 %
Finished training it 210944/306969 of epoch 0, 7.01 ms/it, loss 0.681978
Testing at - 210944/306969 of epoch 0,   loss 0.901831, accuracy 78.195 %, best 78.278 %
Finished training it 211968/306969 of epoch 0, 5.66 ms/it, loss 0.681742
Testing at - 211968/306969 of epoch 0,   loss 0.902608, accuracy 78.218 %, best 78.278 %
Finished training it 212992/306969 of epoch 0, 5.70 ms/it, loss 0.681099
Testing at - 212992/306969 of epoch 0,   loss 0.880743, accuracy 78.291 %, best 78.291 %
Finished training it 214016/306969 of epoch 0, 5.41 ms/it, loss 0.682278
Testing at - 214016/306969 of epoch 0,   loss 0.884251, accuracy 78.284 %, best 78.291 %
Finished training it 215040/306969 of epoch 0, 5.44 ms/it, loss 0.681251
Testing at - 215040/306969 of epoch 0,   loss 0.908510, accuracy 78.295 %, best 78.295 %
Finished training it 216064/306969 of epoch 0, 5.95 ms/it, loss 0.681554
Testing at - 216064/306969 of epoch 0,   loss 0.884114, accuracy 78.305 %, best 78.305 %
Finished training it 217088/306969 of epoch 0, 6.94 ms/it, loss 0.681401
Testing at - 217088/306969 of epoch 0,   loss 0.899284, accuracy 78.303 %, best 78.305 %
Finished training it 218112/306969 of epoch 0, 7.20 ms/it, loss 0.681049
Testing at - 218112/306969 of epoch 0,   loss 0.904028, accuracy 78.257 %, best 78.305 %
Finished training it 219136/306969 of epoch 0, 6.72 ms/it, loss 0.681895
Testing at - 219136/306969 of epoch 0,   loss 0.904654, accuracy 78.299 %, best 78.305 %
Finished training it 220160/306969 of epoch 0, 6.47 ms/it, loss 0.681090
Testing at - 220160/306969 of epoch 0,   loss 0.907057, accuracy 78.324 %, best 78.324 %
Finished training it 221184/306969 of epoch 0, 6.51 ms/it, loss 0.681014
Testing at - 221184/306969 of epoch 0,   loss 0.881637, accuracy 78.261 %, best 78.324 %
Finished training it 222208/306969 of epoch 0, 5.49 ms/it, loss 0.682029
Testing at - 222208/306969 of epoch 0,   loss 0.885199, accuracy 78.314 %, best 78.324 %
Finished training it 223232/306969 of epoch 0, 6.30 ms/it, loss 0.682531
Testing at - 223232/306969 of epoch 0,   loss 0.875200, accuracy 78.260 %, best 78.324 %
Finished training it 224256/306969 of epoch 0, 6.17 ms/it, loss 0.682047
Testing at - 224256/306969 of epoch 0,   loss 0.891969, accuracy 78.302 %, best 78.324 %
Finished training it 225280/306969 of epoch 0, 5.54 ms/it, loss 0.682938
Testing at - 225280/306969 of epoch 0,   loss 0.885872, accuracy 78.271 %, best 78.324 %
Finished training it 226304/306969 of epoch 0, 6.14 ms/it, loss 0.680877
Testing at - 226304/306969 of epoch 0,   loss 0.873761, accuracy 78.296 %, best 78.324 %
Finished training it 227328/306969 of epoch 0, 6.67 ms/it, loss 0.682996
Testing at - 227328/306969 of epoch 0,   loss 0.865734, accuracy 78.289 %, best 78.324 %
Finished training it 228352/306969 of epoch 0, 6.87 ms/it, loss 0.682221
Testing at - 228352/306969 of epoch 0,   loss 0.875468, accuracy 78.284 %, best 78.324 %
Finished training it 229376/306969 of epoch 0, 7.33 ms/it, loss 0.681056
Testing at - 229376/306969 of epoch 0,   loss 0.900163, accuracy 78.311 %, best 78.324 %
Finished training it 230400/306969 of epoch 0, 7.10 ms/it, loss 0.681296
Testing at - 230400/306969 of epoch 0,   loss 0.898637, accuracy 78.325 %, best 78.325 %
Finished training it 231424/306969 of epoch 0, 8.20 ms/it, loss 0.680863
Testing at - 231424/306969 of epoch 0,   loss 0.923246, accuracy 78.346 %, best 78.346 %
Finished training it 232448/306969 of epoch 0, 7.63 ms/it, loss 0.682449
Testing at - 232448/306969 of epoch 0,   loss 0.881549, accuracy 78.323 %, best 78.346 %
Finished training it 233472/306969 of epoch 0, 6.53 ms/it, loss 0.681951
Testing at - 233472/306969 of epoch 0,   loss 0.915830, accuracy 78.226 %, best 78.346 %
Finished training it 234496/306969 of epoch 0, 6.26 ms/it, loss 0.682305
Testing at - 234496/306969 of epoch 0,   loss 0.896795, accuracy 78.169 %, best 78.346 %
Finished training it 235520/306969 of epoch 0, 6.02 ms/it, loss 0.681240
Testing at - 235520/306969 of epoch 0,   loss 0.900031, accuracy 78.342 %, best 78.346 %
Finished training it 236544/306969 of epoch 0, 5.36 ms/it, loss 0.683321
Testing at - 236544/306969 of epoch 0,   loss 0.886888, accuracy 78.341 %, best 78.346 %
Finished training it 237568/306969 of epoch 0, 5.47 ms/it, loss 0.680820
Testing at - 237568/306969 of epoch 0,   loss 0.912106, accuracy 78.319 %, best 78.346 %
Finished training it 238592/306969 of epoch 0, 6.12 ms/it, loss 0.681168
Testing at - 238592/306969 of epoch 0,   loss 0.895859, accuracy 78.317 %, best 78.346 %
Finished training it 239616/306969 of epoch 0, 6.50 ms/it, loss 0.683428
Testing at - 239616/306969 of epoch 0,   loss 0.883655, accuracy 78.364 %, best 78.364 %
Finished training it 240640/306969 of epoch 0, 6.22 ms/it, loss 0.681868
Testing at - 240640/306969 of epoch 0,   loss 0.876656, accuracy 78.339 %, best 78.364 %
Finished training it 241664/306969 of epoch 0, 6.33 ms/it, loss 0.680580
Testing at - 241664/306969 of epoch 0,   loss 0.932122, accuracy 78.170 %, best 78.364 %
Finished training it 242688/306969 of epoch 0, 6.06 ms/it, loss 0.681422
Testing at - 242688/306969 of epoch 0,   loss 0.889706, accuracy 78.306 %, best 78.364 %
Finished training it 243712/306969 of epoch 0, 6.70 ms/it, loss 0.681140
Testing at - 243712/306969 of epoch 0,   loss 0.907807, accuracy 78.298 %, best 78.364 %
Finished training it 244736/306969 of epoch 0, 6.56 ms/it, loss 0.681683
Testing at - 244736/306969 of epoch 0,   loss 0.883508, accuracy 78.328 %, best 78.364 %
Finished training it 245760/306969 of epoch 0, 6.71 ms/it, loss 0.680930
Testing at - 245760/306969 of epoch 0,   loss 0.900519, accuracy 78.336 %, best 78.364 %
Finished training it 246784/306969 of epoch 0, 9.47 ms/it, loss 0.680775
Testing at - 246784/306969 of epoch 0,   loss 0.917594, accuracy 78.165 %, best 78.364 %
Finished training it 247808/306969 of epoch 0, 7.01 ms/it, loss 0.681277
Testing at - 247808/306969 of epoch 0,   loss 0.912634, accuracy 78.317 %, best 78.364 %
Finished training it 248832/306969 of epoch 0, 7.27 ms/it, loss 0.681496
Testing at - 248832/306969 of epoch 0,   loss 0.876293, accuracy 78.327 %, best 78.364 %
Finished training it 249856/306969 of epoch 0, 6.57 ms/it, loss 0.682273
Testing at - 249856/306969 of epoch 0,   loss 0.885531, accuracy 78.354 %, best 78.364 %
Finished training it 250880/306969 of epoch 0, 6.38 ms/it, loss 0.681824
Testing at - 250880/306969 of epoch 0,   loss 0.885872, accuracy 78.373 %, best 78.373 %
Finished training it 251904/306969 of epoch 0, 6.02 ms/it, loss 0.682046
Testing at - 251904/306969 of epoch 0,   loss 0.889542, accuracy 78.266 %, best 78.373 %
Finished training it 252928/306969 of epoch 0, 6.72 ms/it, loss 0.680422
Testing at - 252928/306969 of epoch 0,   loss 0.915644, accuracy 78.297 %, best 78.373 %
Finished training it 253952/306969 of epoch 0, 7.30 ms/it, loss 0.681102
Testing at - 253952/306969 of epoch 0,   loss 0.906225, accuracy 78.323 %, best 78.373 %
Finished training it 254976/306969 of epoch 0, 8.22 ms/it, loss 0.681070
Testing at - 254976/306969 of epoch 0,   loss 0.871992, accuracy 78.342 %, best 78.373 %
Finished training it 256000/306969 of epoch 0, 8.10 ms/it, loss 0.682219
Testing at - 256000/306969 of epoch 0,   loss 0.877957, accuracy 78.349 %, best 78.373 %
Finished training it 257024/306969 of epoch 0, 6.71 ms/it, loss 0.681770
Testing at - 257024/306969 of epoch 0,   loss 0.868330, accuracy 78.368 %, best 78.373 %
Finished training it 258048/306969 of epoch 0, 7.13 ms/it, loss 0.681599
Testing at - 258048/306969 of epoch 0,   loss 0.896706, accuracy 78.372 %, best 78.373 %
Finished training it 259072/306969 of epoch 0, 7.58 ms/it, loss 0.680650
Testing at - 259072/306969 of epoch 0,   loss 0.909462, accuracy 78.391 %, best 78.391 %
Finished training it 260096/306969 of epoch 0, 7.43 ms/it, loss 0.680881
Testing at - 260096/306969 of epoch 0,   loss 0.897242, accuracy 78.418 %, best 78.418 %
Finished training it 261120/306969 of epoch 0, 7.87 ms/it, loss 0.682242
Testing at - 261120/306969 of epoch 0,   loss 0.885880, accuracy 78.259 %, best 78.418 %
Finished training it 262144/306969 of epoch 0, 6.48 ms/it, loss 0.680086
Testing at - 262144/306969 of epoch 0,   loss 0.898487, accuracy 78.373 %, best 78.418 %
Finished training it 263168/306969 of epoch 0, 6.80 ms/it, loss 0.681983
Testing at - 263168/306969 of epoch 0,   loss 0.877312, accuracy 78.366 %, best 78.418 %
Finished training it 264192/306969 of epoch 0, 6.85 ms/it, loss 0.682141
Testing at - 264192/306969 of epoch 0,   loss 0.873759, accuracy 78.379 %, best 78.418 %
Finished training it 265216/306969 of epoch 0, 5.80 ms/it, loss 0.680914
Testing at - 265216/306969 of epoch 0,   loss 0.884192, accuracy 78.374 %, best 78.418 %
Finished training it 266240/306969 of epoch 0, 7.14 ms/it, loss 0.680865
Testing at - 266240/306969 of epoch 0,   loss 0.871565, accuracy 78.295 %, best 78.418 %
Finished training it 267264/306969 of epoch 0, 7.22 ms/it, loss 0.681233
Testing at - 267264/306969 of epoch 0,   loss 0.921615, accuracy 78.121 %, best 78.418 %
Finished training it 268288/306969 of epoch 0, 6.99 ms/it, loss 0.681618
Testing at - 268288/306969 of epoch 0,   loss 0.863963, accuracy 78.346 %, best 78.418 %
Finished training it 269312/306969 of epoch 0, 6.23 ms/it, loss 0.680756
Testing at - 269312/306969 of epoch 0,   loss 0.897332, accuracy 78.367 %, best 78.418 %
Finished training it 270336/306969 of epoch 0, 6.22 ms/it, loss 0.681410
Testing at - 270336/306969 of epoch 0,   loss 0.912558, accuracy 78.283 %, best 78.418 %
Finished training it 271360/306969 of epoch 0, 5.23 ms/it, loss 0.680765
Testing at - 271360/306969 of epoch 0,   loss 0.914563, accuracy 78.390 %, best 78.418 %
Finished training it 272384/306969 of epoch 0, 7.46 ms/it, loss 0.681610
Testing at - 272384/306969 of epoch 0,   loss 0.886730, accuracy 78.340 %, best 78.418 %
Finished training it 273408/306969 of epoch 0, 5.74 ms/it, loss 0.681428
Testing at - 273408/306969 of epoch 0,   loss 0.868773, accuracy 78.396 %, best 78.418 %
Finished training it 274432/306969 of epoch 0, 5.52 ms/it, loss 0.681645
Testing at - 274432/306969 of epoch 0,   loss 0.893802, accuracy 78.398 %, best 78.418 %
Finished training it 275456/306969 of epoch 0, 6.91 ms/it, loss 0.681790
Testing at - 275456/306969 of epoch 0,   loss 0.867256, accuracy 78.421 %, best 78.421 %
Finished training it 276480/306969 of epoch 0, 6.06 ms/it, loss 0.680448
Testing at - 276480/306969 of epoch 0,   loss 0.900400, accuracy 78.288 %, best 78.421 %
Finished training it 277504/306969 of epoch 0, 6.08 ms/it, loss 0.679891
Testing at - 277504/306969 of epoch 0,   loss 0.914958, accuracy 78.376 %, best 78.421 %
Finished training it 278528/306969 of epoch 0, 5.16 ms/it, loss 0.682176
Testing at - 278528/306969 of epoch 0,   loss 0.919365, accuracy 78.277 %, best 78.421 %
Finished training it 279552/306969 of epoch 0, 6.42 ms/it, loss 0.682867
Testing at - 279552/306969 of epoch 0,   loss 0.867007, accuracy 78.358 %, best 78.421 %
Finished training it 280576/306969 of epoch 0, 7.35 ms/it, loss 0.681929
Testing at - 280576/306969 of epoch 0,   loss 0.867269, accuracy 78.412 %, best 78.421 %
Finished training it 281600/306969 of epoch 0, 7.35 ms/it, loss 0.680490
Testing at - 281600/306969 of epoch 0,   loss 0.921973, accuracy 78.393 %, best 78.421 %
Finished training it 282624/306969 of epoch 0, 5.98 ms/it, loss 0.679737
Testing at - 282624/306969 of epoch 0,   loss 0.897188, accuracy 78.422 %, best 78.422 %
Finished training it 283648/306969 of epoch 0, 6.65 ms/it, loss 0.681706
Testing at - 283648/306969 of epoch 0,   loss 0.897504, accuracy 78.356 %, best 78.422 %
Finished training it 284672/306969 of epoch 0, 6.33 ms/it, loss 0.680478
Testing at - 284672/306969 of epoch 0,   loss 0.925140, accuracy 78.425 %, best 78.425 %
Finished training it 285696/306969 of epoch 0, 5.63 ms/it, loss 0.680571
Testing at - 285696/306969 of epoch 0,   loss 0.901180, accuracy 78.367 %, best 78.425 %
Finished training it 286720/306969 of epoch 0, 5.29 ms/it, loss 0.681897
Testing at - 286720/306969 of epoch 0,   loss 0.884095, accuracy 78.398 %, best 78.425 %
Finished training it 287744/306969 of epoch 0, 6.24 ms/it, loss 0.681035
Testing at - 287744/306969 of epoch 0,   loss 0.903490, accuracy 78.436 %, best 78.436 %
Finished training it 288768/306969 of epoch 0, 6.59 ms/it, loss 0.680036
Testing at - 288768/306969 of epoch 0,   loss 0.901778, accuracy 78.382 %, best 78.436 %
Finished training it 289792/306969 of epoch 0, 6.68 ms/it, loss 0.680706
Testing at - 289792/306969 of epoch 0,   loss 0.905183, accuracy 78.448 %, best 78.448 %
Finished training it 290816/306969 of epoch 0, 6.27 ms/it, loss 0.681529
Testing at - 290816/306969 of epoch 0,   loss 0.878458, accuracy 78.434 %, best 78.448 %
Finished training it 291840/306969 of epoch 0, 6.95 ms/it, loss 0.679789
Testing at - 291840/306969 of epoch 0,   loss 0.889988, accuracy 78.378 %, best 78.448 %
Finished training it 292864/306969 of epoch 0, 7.28 ms/it, loss 0.681711
Testing at - 292864/306969 of epoch 0,   loss 0.917649, accuracy 78.402 %, best 78.448 %
Finished training it 293888/306969 of epoch 0, 8.10 ms/it, loss 0.681708
Testing at - 293888/306969 of epoch 0,   loss 0.906628, accuracy 78.439 %, best 78.448 %
Finished training it 294912/306969 of epoch 0, 6.91 ms/it, loss 0.681454
Testing at - 294912/306969 of epoch 0,   loss 0.919142, accuracy 78.419 %, best 78.448 %
Finished training it 295936/306969 of epoch 0, 6.10 ms/it, loss 0.680466
Testing at - 295936/306969 of epoch 0,   loss 0.894585, accuracy 78.416 %, best 78.448 %
Finished training it 296960/306969 of epoch 0, 5.71 ms/it, loss 0.681785
Testing at - 296960/306969 of epoch 0,   loss 0.870924, accuracy 78.349 %, best 78.448 %
Finished training it 297984/306969 of epoch 0, 5.98 ms/it, loss 0.682708
Testing at - 297984/306969 of epoch 0,   loss 0.872160, accuracy 78.407 %, best 78.448 %
Finished training it 299008/306969 of epoch 0, 5.72 ms/it, loss 0.682247
Testing at - 299008/306969 of epoch 0,   loss 0.881247, accuracy 78.316 %, best 78.448 %
Finished training it 300032/306969 of epoch 0, 5.37 ms/it, loss 0.680617
Testing at - 300032/306969 of epoch 0,   loss 0.886334, accuracy 78.438 %, best 78.448 %
Finished training it 301056/306969 of epoch 0, 5.27 ms/it, loss 0.680311
Testing at - 301056/306969 of epoch 0,   loss 0.891843, accuracy 78.439 %, best 78.448 %
Finished training it 302080/306969 of epoch 0, 5.96 ms/it, loss 0.680539
Testing at - 302080/306969 of epoch 0,   loss 0.902369, accuracy 78.360 %, best 78.448 %
Finished training it 303104/306969 of epoch 0, 5.38 ms/it, loss 0.681328
Testing at - 303104/306969 of epoch 0,   loss 0.889362, accuracy 78.352 %, best 78.448 %
Finished training it 304128/306969 of epoch 0, 5.08 ms/it, loss 0.681308
Testing at - 304128/306969 of epoch 0,   loss 0.888695, accuracy 78.430 %, best 78.448 %
Finished training it 305152/306969 of epoch 0, 5.40 ms/it, loss 0.680744
Testing at - 305152/306969 of epoch 0,   loss 0.912670, accuracy 78.404 %, best 78.448 %
Finished training it 306176/306969 of epoch 0, 5.53 ms/it, loss 0.680782
Testing at - 306176/306969 of epoch 0,   loss 0.902552, accuracy 78.403 %, best 78.448 %
Finished training it 306969/306969 of epoch 0, 5.40 ms/it, loss 0.681566
Testing at - 306969/306969 of epoch 0,   loss 0.885822, accuracy 78.420 %, best 78.448 %
