Unable to import mlperf_logging,  No module named 'mlperf_logging'
world size: 1, current rank: 0, local rank: 0
Using 1 GPU(s)...
Reading pre-processed data=./input/kaggleAdDisplayChallenge_processed.npz
Sparse fea = 26, Dense fea = 13
Defined train indices...
Randomized indices across days ...
Split data according to indices...
Reading pre-processed data=./input/kaggleAdDisplayChallenge_processed.npz
Sparse fea = 26, Dense fea = 13
Defined test indices...
Randomized indices across days ...
Split data according to indices...
Random uniform embeddings init: 0 size: 1461 dim: 16
Random uniform embeddings init: 1 size: 584 dim: 16
Random uniform embeddings init: 2 size: 10131227 dim: 16
Random uniform embeddings init: 3 size: 2202608 dim: 16
Random uniform embeddings init: 4 size: 306 dim: 16
Random uniform embeddings init: 5 size: 24 dim: 16
Random uniform embeddings init: 6 size: 12518 dim: 16
Random uniform embeddings init: 7 size: 634 dim: 16
Random uniform embeddings init: 8 size: 4 dim: 16
Random uniform embeddings init: 9 size: 93146 dim: 16
Random uniform embeddings init: 10 size: 5684 dim: 16
Random uniform embeddings init: 11 size: 8351593 dim: 16
Random uniform embeddings init: 12 size: 3195 dim: 16
Random uniform embeddings init: 13 size: 28 dim: 16
Random uniform embeddings init: 14 size: 14993 dim: 16
Random uniform embeddings init: 15 size: 5461306 dim: 16
Random uniform embeddings init: 16 size: 11 dim: 16
Random uniform embeddings init: 17 size: 5653 dim: 16
Random uniform embeddings init: 18 size: 2173 dim: 16
Random uniform embeddings init: 19 size: 4 dim: 16
Random uniform embeddings init: 20 size: 7046547 dim: 16
Random uniform embeddings init: 21 size: 18 dim: 16
Random uniform embeddings init: 22 size: 16 dim: 16
Random uniform embeddings init: 23 size: 286181 dim: 16
Random uniform embeddings init: 24 size: 105 dim: 16
Random uniform embeddings init: 25 size: 142572 dim: 16
DLRM_Net(
  (emb_l): ModuleList(
    (0): EmbeddingBag(1461, 16, mode=sum)
    (1): EmbeddingBag(584, 16, mode=sum)
    (2): EmbeddingBag(10131227, 16, mode=sum)
    (3): EmbeddingBag(2202608, 16, mode=sum)
    (4): EmbeddingBag(306, 16, mode=sum)
    (5): EmbeddingBag(24, 16, mode=sum)
    (6): EmbeddingBag(12518, 16, mode=sum)
    (7): EmbeddingBag(634, 16, mode=sum)
    (8): EmbeddingBag(4, 16, mode=sum)
    (9): EmbeddingBag(93146, 16, mode=sum)
    (10): EmbeddingBag(5684, 16, mode=sum)
    (11): EmbeddingBag(8351593, 16, mode=sum)
    (12): EmbeddingBag(3195, 16, mode=sum)
    (13): EmbeddingBag(28, 16, mode=sum)
    (14): EmbeddingBag(14993, 16, mode=sum)
    (15): EmbeddingBag(5461306, 16, mode=sum)
    (16): EmbeddingBag(11, 16, mode=sum)
    (17): EmbeddingBag(5653, 16, mode=sum)
    (18): EmbeddingBag(2173, 16, mode=sum)
    (19): EmbeddingBag(4, 16, mode=sum)
    (20): EmbeddingBag(7046547, 16, mode=sum)
    (21): EmbeddingBag(18, 16, mode=sum)
    (22): EmbeddingBag(16, 16, mode=sum)
    (23): EmbeddingBag(286181, 16, mode=sum)
    (24): EmbeddingBag(105, 16, mode=sum)
    (25): EmbeddingBag(142572, 16, mode=sum)
  )
  (bot_l): Sequential(
    (0): Linear(in_features=13, out_features=512, bias=True)
    (1): ReLU()
    (2): Linear(in_features=512, out_features=256, bias=True)
    (3): ReLU()
    (4): Linear(in_features=256, out_features=64, bias=True)
    (5): ReLU()
    (6): Linear(in_features=64, out_features=16, bias=True)
    (7): ReLU()
  )
  (top_l): Sequential(
    (0): Linear(in_features=367, out_features=512, bias=True)
    (1): ReLU()
    (2): Linear(in_features=512, out_features=256, bias=True)
    (3): ReLU()
    (4): Linear(in_features=256, out_features=1, bias=True)
    (5): Sigmoid()
  )
  (loss_fn): BCELoss()
)
time/loss/accuracy (if enabled):
Finished training it 1024/306969 of epoch 0, -1.00 ms/it, loss 0.695421
Testing at - 1024/306969 of epoch 0,   loss 0.728266, accuracy 74.917 %, best 74.917 %
Finished training it 2048/306969 of epoch 0, -1.00 ms/it, loss 0.693869
Testing at - 2048/306969 of epoch 0,   loss 0.735307, accuracy 75.061 %, best 75.061 %
Finished training it 3072/306969 of epoch 0, -1.00 ms/it, loss 0.693624
Testing at - 3072/306969 of epoch 0,   loss 0.722379, accuracy 75.330 %, best 75.330 %
Finished training it 4096/306969 of epoch 0, -1.00 ms/it, loss 0.692839
Testing at - 4096/306969 of epoch 0,   loss 0.753275, accuracy 75.497 %, best 75.497 %
Finished training it 5120/306969 of epoch 0, -1.00 ms/it, loss 0.693246
Testing at - 5120/306969 of epoch 0,   loss 0.748520, accuracy 75.427 %, best 75.497 %
Finished training it 6144/306969 of epoch 0, -1.00 ms/it, loss 0.692863
Testing at - 6144/306969 of epoch 0,   loss 0.747162, accuracy 75.647 %, best 75.647 %
Finished training it 7168/306969 of epoch 0, -1.00 ms/it, loss 0.692714
Testing at - 7168/306969 of epoch 0,   loss 0.760009, accuracy 75.657 %, best 75.657 %
Finished training it 8192/306969 of epoch 0, -1.00 ms/it, loss 0.692791
Testing at - 8192/306969 of epoch 0,   loss 0.746918, accuracy 75.807 %, best 75.807 %
Finished training it 9216/306969 of epoch 0, -1.00 ms/it, loss 0.692507
Testing at - 9216/306969 of epoch 0,   loss 0.753869, accuracy 75.519 %, best 75.807 %
Finished training it 10240/306969 of epoch 0, -1.00 ms/it, loss 0.692572
Testing at - 10240/306969 of epoch 0,   loss 0.743559, accuracy 75.731 %, best 75.807 %
Finished training it 11264/306969 of epoch 0, -1.00 ms/it, loss 0.692426
Testing at - 11264/306969 of epoch 0,   loss 0.762021, accuracy 75.781 %, best 75.807 %
Finished training it 12288/306969 of epoch 0, -1.00 ms/it, loss 0.691730
Testing at - 12288/306969 of epoch 0,   loss 0.758397, accuracy 75.937 %, best 75.937 %
Finished training it 13312/306969 of epoch 0, -1.00 ms/it, loss 0.692381
Testing at - 13312/306969 of epoch 0,   loss 0.781117, accuracy 76.104 %, best 76.104 %
Finished training it 14336/306969 of epoch 0, -1.00 ms/it, loss 0.692117
Testing at - 14336/306969 of epoch 0,   loss 0.791331, accuracy 76.155 %, best 76.155 %
Finished training it 15360/306969 of epoch 0, -1.00 ms/it, loss 0.691750
Testing at - 15360/306969 of epoch 0,   loss 0.808030, accuracy 76.120 %, best 76.155 %
Finished training it 16384/306969 of epoch 0, -1.00 ms/it, loss 0.691807
Testing at - 16384/306969 of epoch 0,   loss 0.772088, accuracy 76.161 %, best 76.161 %
Finished training it 17408/306969 of epoch 0, -1.00 ms/it, loss 0.691408
Testing at - 17408/306969 of epoch 0,   loss 0.773183, accuracy 76.285 %, best 76.285 %
Finished training it 18432/306969 of epoch 0, -1.00 ms/it, loss 0.691640
Testing at - 18432/306969 of epoch 0,   loss 0.775475, accuracy 76.493 %, best 76.493 %
Finished training it 19456/306969 of epoch 0, -1.00 ms/it, loss 0.691167
Testing at - 19456/306969 of epoch 0,   loss 0.820509, accuracy 76.665 %, best 76.665 %
Finished training it 20480/306969 of epoch 0, -1.00 ms/it, loss 0.690836
Testing at - 20480/306969 of epoch 0,   loss 0.801072, accuracy 76.511 %, best 76.665 %
Finished training it 21504/306969 of epoch 0, -1.00 ms/it, loss 0.690768
Testing at - 21504/306969 of epoch 0,   loss 0.806226, accuracy 76.535 %, best 76.665 %
Finished training it 22528/306969 of epoch 0, -1.00 ms/it, loss 0.690814
Testing at - 22528/306969 of epoch 0,   loss 0.803094, accuracy 76.330 %, best 76.665 %
Finished training it 23552/306969 of epoch 0, -1.00 ms/it, loss 0.690644
Testing at - 23552/306969 of epoch 0,   loss 0.819016, accuracy 76.879 %, best 76.879 %
Finished training it 24576/306969 of epoch 0, -1.00 ms/it, loss 0.689782
Testing at - 24576/306969 of epoch 0,   loss 0.841385, accuracy 76.976 %, best 76.976 %
Finished training it 25600/306969 of epoch 0, -1.00 ms/it, loss 0.690066
Testing at - 25600/306969 of epoch 0,   loss 0.842014, accuracy 76.950 %, best 76.976 %
Finished training it 26624/306969 of epoch 0, -1.00 ms/it, loss 0.689551
Testing at - 26624/306969 of epoch 0,   loss 0.823888, accuracy 76.751 %, best 76.976 %
Finished training it 27648/306969 of epoch 0, -1.00 ms/it, loss 0.689000
Testing at - 27648/306969 of epoch 0,   loss 0.821932, accuracy 76.825 %, best 76.976 %
Finished training it 28672/306969 of epoch 0, -1.00 ms/it, loss 0.689256
Testing at - 28672/306969 of epoch 0,   loss 0.829106, accuracy 76.886 %, best 76.976 %
Finished training it 29696/306969 of epoch 0, -1.00 ms/it, loss 0.689728
Testing at - 29696/306969 of epoch 0,   loss 0.803323, accuracy 76.880 %, best 76.976 %
Finished training it 30720/306969 of epoch 0, -1.00 ms/it, loss 0.689060
Testing at - 30720/306969 of epoch 0,   loss 0.845104, accuracy 77.060 %, best 77.060 %
Finished training it 31744/306969 of epoch 0, -1.00 ms/it, loss 0.689270
Testing at - 31744/306969 of epoch 0,   loss 0.848955, accuracy 77.193 %, best 77.193 %
Finished training it 32768/306969 of epoch 0, -1.00 ms/it, loss 0.689290
Testing at - 32768/306969 of epoch 0,   loss 0.815186, accuracy 76.924 %, best 77.193 %
Finished training it 33792/306969 of epoch 0, -1.00 ms/it, loss 0.688642
Testing at - 33792/306969 of epoch 0,   loss 0.868743, accuracy 77.278 %, best 77.278 %
Finished training it 34816/306969 of epoch 0, -1.00 ms/it, loss 0.688005
Testing at - 34816/306969 of epoch 0,   loss 0.837229, accuracy 77.105 %, best 77.278 %
Finished training it 35840/306969 of epoch 0, -1.00 ms/it, loss 0.688765
Testing at - 35840/306969 of epoch 0,   loss 0.866194, accuracy 77.322 %, best 77.322 %
Finished training it 36864/306969 of epoch 0, -1.00 ms/it, loss 0.688009
Testing at - 36864/306969 of epoch 0,   loss 0.854213, accuracy 77.207 %, best 77.322 %
Finished training it 37888/306969 of epoch 0, -1.00 ms/it, loss 0.687541
Testing at - 37888/306969 of epoch 0,   loss 0.844983, accuracy 77.328 %, best 77.328 %
Finished training it 38912/306969 of epoch 0, -1.00 ms/it, loss 0.688500
Testing at - 38912/306969 of epoch 0,   loss 0.868747, accuracy 77.348 %, best 77.348 %
Finished training it 39936/306969 of epoch 0, -1.00 ms/it, loss 0.688105
Testing at - 39936/306969 of epoch 0,   loss 0.848292, accuracy 77.432 %, best 77.432 %
Finished training it 40960/306969 of epoch 0, -1.00 ms/it, loss 0.687868
Testing at - 40960/306969 of epoch 0,   loss 0.847791, accuracy 77.496 %, best 77.496 %
Finished training it 41984/306969 of epoch 0, -1.00 ms/it, loss 0.687287
Testing at - 41984/306969 of epoch 0,   loss 0.868411, accuracy 77.505 %, best 77.505 %
Finished training it 43008/306969 of epoch 0, -1.00 ms/it, loss 0.687044
Testing at - 43008/306969 of epoch 0,   loss 0.867490, accuracy 77.441 %, best 77.505 %
Finished training it 44032/306969 of epoch 0, -1.00 ms/it, loss 0.687628
Testing at - 44032/306969 of epoch 0,   loss 0.841999, accuracy 77.376 %, best 77.505 %
Finished training it 45056/306969 of epoch 0, -1.00 ms/it, loss 0.687737
Testing at - 45056/306969 of epoch 0,   loss 0.833139, accuracy 77.308 %, best 77.505 %
Finished training it 46080/306969 of epoch 0, -1.00 ms/it, loss 0.687556
Testing at - 46080/306969 of epoch 0,   loss 0.893915, accuracy 77.421 %, best 77.505 %
Finished training it 47104/306969 of epoch 0, -1.00 ms/it, loss 0.687779
Testing at - 47104/306969 of epoch 0,   loss 0.831025, accuracy 77.286 %, best 77.505 %
Finished training it 48128/306969 of epoch 0, -1.00 ms/it, loss 0.687321
Testing at - 48128/306969 of epoch 0,   loss 0.839085, accuracy 77.539 %, best 77.539 %
Finished training it 49152/306969 of epoch 0, -1.00 ms/it, loss 0.685964
Testing at - 49152/306969 of epoch 0,   loss 0.879987, accuracy 77.569 %, best 77.569 %
Finished training it 50176/306969 of epoch 0, -1.00 ms/it, loss 0.686658
Testing at - 50176/306969 of epoch 0,   loss 0.868847, accuracy 77.297 %, best 77.569 %
Finished training it 51200/306969 of epoch 0, -1.00 ms/it, loss 0.686994
Testing at - 51200/306969 of epoch 0,   loss 0.845702, accuracy 77.551 %, best 77.569 %
Finished training it 52224/306969 of epoch 0, -1.00 ms/it, loss 0.686967
Testing at - 52224/306969 of epoch 0,   loss 0.847215, accuracy 77.598 %, best 77.598 %
Finished training it 53248/306969 of epoch 0, -1.00 ms/it, loss 0.685804
Testing at - 53248/306969 of epoch 0,   loss 0.891266, accuracy 77.601 %, best 77.601 %
Finished training it 54272/306969 of epoch 0, -1.00 ms/it, loss 0.686759
Testing at - 54272/306969 of epoch 0,   loss 0.818067, accuracy 77.616 %, best 77.616 %
Finished training it 55296/306969 of epoch 0, -1.00 ms/it, loss 0.686447
Testing at - 55296/306969 of epoch 0,   loss 0.842430, accuracy 77.630 %, best 77.630 %
Finished training it 56320/306969 of epoch 0, -1.00 ms/it, loss 0.686103
Testing at - 56320/306969 of epoch 0,   loss 0.860379, accuracy 77.578 %, best 77.630 %
Finished training it 57344/306969 of epoch 0, -1.00 ms/it, loss 0.685746
Testing at - 57344/306969 of epoch 0,   loss 0.871464, accuracy 77.676 %, best 77.676 %
Finished training it 58368/306969 of epoch 0, -1.00 ms/it, loss 0.685488
Testing at - 58368/306969 of epoch 0,   loss 0.849767, accuracy 77.632 %, best 77.676 %
Finished training it 59392/306969 of epoch 0, -1.00 ms/it, loss 0.686094
Testing at - 59392/306969 of epoch 0,   loss 0.832880, accuracy 77.648 %, best 77.676 %
Finished training it 60416/306969 of epoch 0, -1.00 ms/it, loss 0.685694
Testing at - 60416/306969 of epoch 0,   loss 0.868219, accuracy 77.610 %, best 77.676 %
Finished training it 61440/306969 of epoch 0, -1.00 ms/it, loss 0.686683
Testing at - 61440/306969 of epoch 0,   loss 0.861489, accuracy 77.710 %, best 77.710 %
Finished training it 62464/306969 of epoch 0, -1.00 ms/it, loss 0.685856
Testing at - 62464/306969 of epoch 0,   loss 0.854469, accuracy 77.570 %, best 77.710 %
Finished training it 63488/306969 of epoch 0, -1.00 ms/it, loss 0.686019
Testing at - 63488/306969 of epoch 0,   loss 0.870142, accuracy 77.665 %, best 77.710 %
Finished training it 64512/306969 of epoch 0, -1.00 ms/it, loss 0.686726
Testing at - 64512/306969 of epoch 0,   loss 0.860596, accuracy 76.862 %, best 77.710 %
Finished training it 65536/306969 of epoch 0, -1.00 ms/it, loss 0.686651
Testing at - 65536/306969 of epoch 0,   loss 0.852724, accuracy 77.749 %, best 77.749 %
Finished training it 66560/306969 of epoch 0, -1.00 ms/it, loss 0.685063
Testing at - 66560/306969 of epoch 0,   loss 0.868847, accuracy 77.756 %, best 77.756 %
Finished training it 67584/306969 of epoch 0, -1.00 ms/it, loss 0.685473
Testing at - 67584/306969 of epoch 0,   loss 0.862671, accuracy 77.706 %, best 77.756 %
Finished training it 68608/306969 of epoch 0, -1.00 ms/it, loss 0.685838
Testing at - 68608/306969 of epoch 0,   loss 0.889765, accuracy 77.741 %, best 77.756 %
Finished training it 69632/306969 of epoch 0, -1.00 ms/it, loss 0.685823
Testing at - 69632/306969 of epoch 0,   loss 0.864503, accuracy 77.766 %, best 77.766 %
Finished training it 70656/306969 of epoch 0, -1.00 ms/it, loss 0.684936
Testing at - 70656/306969 of epoch 0,   loss 0.858765, accuracy 77.766 %, best 77.766 %
Finished training it 71680/306969 of epoch 0, -1.00 ms/it, loss 0.685451
Testing at - 71680/306969 of epoch 0,   loss 0.837708, accuracy 77.741 %, best 77.766 %
Finished training it 72704/306969 of epoch 0, -1.00 ms/it, loss 0.684826
Testing at - 72704/306969 of epoch 0,   loss 0.861053, accuracy 77.732 %, best 77.766 %
Finished training it 73728/306969 of epoch 0, -1.00 ms/it, loss 0.685134
Testing at - 73728/306969 of epoch 0,   loss 0.869431, accuracy 77.728 %, best 77.766 %
Finished training it 74752/306969 of epoch 0, -1.00 ms/it, loss 0.684683
Testing at - 74752/306969 of epoch 0,   loss 0.852079, accuracy 77.818 %, best 77.818 %
Finished training it 75776/306969 of epoch 0, -1.00 ms/it, loss 0.685161
Testing at - 75776/306969 of epoch 0,   loss 0.868840, accuracy 77.410 %, best 77.818 %
Finished training it 76800/306969 of epoch 0, -1.00 ms/it, loss 0.684677
Testing at - 76800/306969 of epoch 0,   loss 0.856841, accuracy 77.781 %, best 77.818 %
Finished training it 77824/306969 of epoch 0, -1.00 ms/it, loss 0.684777
Testing at - 77824/306969 of epoch 0,   loss 0.880947, accuracy 77.773 %, best 77.818 %
Finished training it 78848/306969 of epoch 0, -1.00 ms/it, loss 0.684869
Testing at - 78848/306969 of epoch 0,   loss 0.842289, accuracy 77.864 %, best 77.864 %
Finished training it 79872/306969 of epoch 0, -1.00 ms/it, loss 0.684950
Testing at - 79872/306969 of epoch 0,   loss 0.867564, accuracy 77.816 %, best 77.864 %
Finished training it 80896/306969 of epoch 0, -1.00 ms/it, loss 0.684623
Testing at - 80896/306969 of epoch 0,   loss 0.863462, accuracy 77.822 %, best 77.864 %
Finished training it 81920/306969 of epoch 0, -1.00 ms/it, loss 0.685437
Testing at - 81920/306969 of epoch 0,   loss 0.840813, accuracy 77.844 %, best 77.864 %
Finished training it 82944/306969 of epoch 0, -1.00 ms/it, loss 0.684436
Testing at - 82944/306969 of epoch 0,   loss 0.843494, accuracy 77.487 %, best 77.864 %
Finished training it 83968/306969 of epoch 0, -1.00 ms/it, loss 0.684543
Testing at - 83968/306969 of epoch 0,   loss 0.896002, accuracy 77.875 %, best 77.875 %
Finished training it 84992/306969 of epoch 0, -1.00 ms/it, loss 0.683891
Testing at - 84992/306969 of epoch 0,   loss 0.877465, accuracy 77.722 %, best 77.875 %
Finished training it 86016/306969 of epoch 0, -1.00 ms/it, loss 0.684973
Testing at - 86016/306969 of epoch 0,   loss 0.834141, accuracy 77.827 %, best 77.875 %
Finished training it 87040/306969 of epoch 0, -1.00 ms/it, loss 0.684465
Testing at - 87040/306969 of epoch 0,   loss 0.866121, accuracy 77.844 %, best 77.875 %
Finished training it 88064/306969 of epoch 0, -1.00 ms/it, loss 0.684008
Testing at - 88064/306969 of epoch 0,   loss 0.869677, accuracy 77.845 %, best 77.875 %
Finished training it 89088/306969 of epoch 0, -1.00 ms/it, loss 0.684453
Testing at - 89088/306969 of epoch 0,   loss 0.850834, accuracy 77.885 %, best 77.885 %
Finished training it 90112/306969 of epoch 0, -1.00 ms/it, loss 0.684124
Testing at - 90112/306969 of epoch 0,   loss 0.848810, accuracy 77.933 %, best 77.933 %
Finished training it 91136/306969 of epoch 0, -1.00 ms/it, loss 0.684423
Testing at - 91136/306969 of epoch 0,   loss 0.833069, accuracy 77.864 %, best 77.933 %
Finished training it 92160/306969 of epoch 0, -1.00 ms/it, loss 0.684445
Testing at - 92160/306969 of epoch 0,   loss 0.860252, accuracy 77.911 %, best 77.933 %
Finished training it 93184/306969 of epoch 0, -1.00 ms/it, loss 0.685029
Testing at - 93184/306969 of epoch 0,   loss 0.846912, accuracy 77.947 %, best 77.947 %
Finished training it 94208/306969 of epoch 0, -1.00 ms/it, loss 0.684273
Testing at - 94208/306969 of epoch 0,   loss 0.850026, accuracy 77.951 %, best 77.951 %
Finished training it 95232/306969 of epoch 0, -1.00 ms/it, loss 0.684034
Testing at - 95232/306969 of epoch 0,   loss 0.864431, accuracy 77.849 %, best 77.951 %
Finished training it 96256/306969 of epoch 0, -1.00 ms/it, loss 0.683809
Testing at - 96256/306969 of epoch 0,   loss 0.877953, accuracy 77.881 %, best 77.951 %
Finished training it 97280/306969 of epoch 0, -1.00 ms/it, loss 0.683634
Testing at - 97280/306969 of epoch 0,   loss 0.881012, accuracy 77.941 %, best 77.951 %
Finished training it 98304/306969 of epoch 0, -1.00 ms/it, loss 0.683643
Testing at - 98304/306969 of epoch 0,   loss 0.866139, accuracy 77.931 %, best 77.951 %
Finished training it 99328/306969 of epoch 0, -1.00 ms/it, loss 0.683921
Testing at - 99328/306969 of epoch 0,   loss 0.855418, accuracy 77.945 %, best 77.951 %
Finished training it 100352/306969 of epoch 0, -1.00 ms/it, loss 0.683911
Testing at - 100352/306969 of epoch 0,   loss 0.874567, accuracy 77.985 %, best 77.985 %
Finished training it 101376/306969 of epoch 0, -1.00 ms/it, loss 0.684336
Testing at - 101376/306969 of epoch 0,   loss 0.879861, accuracy 77.928 %, best 77.985 %
Finished training it 102400/306969 of epoch 0, -1.00 ms/it, loss 0.684369
Testing at - 102400/306969 of epoch 0,   loss 0.870691, accuracy 77.975 %, best 77.985 %
Finished training it 103424/306969 of epoch 0, -1.00 ms/it, loss 0.684362
Testing at - 103424/306969 of epoch 0,   loss 0.859567, accuracy 77.960 %, best 77.985 %
Finished training it 104448/306969 of epoch 0, -1.00 ms/it, loss 0.684309
Testing at - 104448/306969 of epoch 0,   loss 0.850686, accuracy 77.918 %, best 77.985 %
Finished training it 105472/306969 of epoch 0, -1.00 ms/it, loss 0.684001
Testing at - 105472/306969 of epoch 0,   loss 0.857190, accuracy 77.950 %, best 77.985 %
Finished training it 106496/306969 of epoch 0, -1.00 ms/it, loss 0.683677
Testing at - 106496/306969 of epoch 0,   loss 0.864703, accuracy 77.816 %, best 77.985 %
Finished training it 107520/306969 of epoch 0, -1.00 ms/it, loss 0.683464
Testing at - 107520/306969 of epoch 0,   loss 0.870797, accuracy 77.913 %, best 77.985 %
Finished training it 108544/306969 of epoch 0, -1.00 ms/it, loss 0.684072
Testing at - 108544/306969 of epoch 0,   loss 0.859851, accuracy 78.020 %, best 78.020 %
Finished training it 109568/306969 of epoch 0, -1.00 ms/it, loss 0.683694
Testing at - 109568/306969 of epoch 0,   loss 0.881295, accuracy 78.005 %, best 78.020 %
Finished training it 110592/306969 of epoch 0, -1.00 ms/it, loss 0.683994
Testing at - 110592/306969 of epoch 0,   loss 0.867098, accuracy 78.008 %, best 78.020 %
Finished training it 111616/306969 of epoch 0, -1.00 ms/it, loss 0.684688
Testing at - 111616/306969 of epoch 0,   loss 0.872839, accuracy 78.031 %, best 78.031 %
Finished training it 112640/306969 of epoch 0, -1.00 ms/it, loss 0.684110
Testing at - 112640/306969 of epoch 0,   loss 0.864982, accuracy 77.923 %, best 78.031 %
Finished training it 113664/306969 of epoch 0, -1.00 ms/it, loss 0.684499
Testing at - 113664/306969 of epoch 0,   loss 0.870940, accuracy 78.017 %, best 78.031 %
Finished training it 114688/306969 of epoch 0, -1.00 ms/it, loss 0.684045
Testing at - 114688/306969 of epoch 0,   loss 0.881171, accuracy 78.042 %, best 78.042 %
Finished training it 115712/306969 of epoch 0, -1.00 ms/it, loss 0.683271
Testing at - 115712/306969 of epoch 0,   loss 0.888300, accuracy 78.048 %, best 78.048 %
Finished training it 116736/306969 of epoch 0, -1.00 ms/it, loss 0.683513
Testing at - 116736/306969 of epoch 0,   loss 0.855299, accuracy 77.921 %, best 78.048 %
Finished training it 117760/306969 of epoch 0, -1.00 ms/it, loss 0.683186
Testing at - 117760/306969 of epoch 0,   loss 0.882551, accuracy 77.841 %, best 78.048 %
Finished training it 118784/306969 of epoch 0, -1.00 ms/it, loss 0.684469
Testing at - 118784/306969 of epoch 0,   loss 0.901562, accuracy 77.706 %, best 78.048 %
Finished training it 119808/306969 of epoch 0, -1.00 ms/it, loss 0.684479
Testing at - 119808/306969 of epoch 0,   loss 0.883209, accuracy 77.992 %, best 78.048 %
Finished training it 120832/306969 of epoch 0, -1.00 ms/it, loss 0.682727
Testing at - 120832/306969 of epoch 0,   loss 0.878876, accuracy 78.048 %, best 78.048 %
Finished training it 121856/306969 of epoch 0, -1.00 ms/it, loss 0.682852
Testing at - 121856/306969 of epoch 0,   loss 0.865159, accuracy 78.028 %, best 78.048 %
Finished training it 122880/306969 of epoch 0, -1.00 ms/it, loss 0.684419
Testing at - 122880/306969 of epoch 0,   loss 0.871718, accuracy 77.876 %, best 78.048 %
Finished training it 123904/306969 of epoch 0, -1.00 ms/it, loss 0.684706
Testing at - 123904/306969 of epoch 0,   loss 0.840977, accuracy 77.982 %, best 78.048 %
Finished training it 124928/306969 of epoch 0, -1.00 ms/it, loss 0.683691
Testing at - 124928/306969 of epoch 0,   loss 0.874106, accuracy 78.057 %, best 78.057 %
Finished training it 125952/306969 of epoch 0, -1.00 ms/it, loss 0.683734
Testing at - 125952/306969 of epoch 0,   loss 0.883231, accuracy 77.942 %, best 78.057 %
Finished training it 126976/306969 of epoch 0, -1.00 ms/it, loss 0.684192
Testing at - 126976/306969 of epoch 0,   loss 0.882660, accuracy 78.084 %, best 78.084 %
Finished training it 128000/306969 of epoch 0, -1.00 ms/it, loss 0.682694
Testing at - 128000/306969 of epoch 0,   loss 0.893556, accuracy 77.932 %, best 78.084 %
Finished training it 129024/306969 of epoch 0, -1.00 ms/it, loss 0.683785
Testing at - 129024/306969 of epoch 0,   loss 0.865935, accuracy 78.052 %, best 78.084 %
Finished training it 130048/306969 of epoch 0, -1.00 ms/it, loss 0.684381
Testing at - 130048/306969 of epoch 0,   loss 0.853797, accuracy 78.082 %, best 78.084 %
Finished training it 131072/306969 of epoch 0, -1.00 ms/it, loss 0.683920
Testing at - 131072/306969 of epoch 0,   loss 0.879493, accuracy 78.091 %, best 78.091 %
Finished training it 132096/306969 of epoch 0, -1.00 ms/it, loss 0.683734
Testing at - 132096/306969 of epoch 0,   loss 0.872563, accuracy 78.076 %, best 78.091 %
Finished training it 133120/306969 of epoch 0, -1.00 ms/it, loss 0.682465
Testing at - 133120/306969 of epoch 0,   loss 0.882763, accuracy 78.068 %, best 78.091 %
Finished training it 134144/306969 of epoch 0, -1.00 ms/it, loss 0.683607
Testing at - 134144/306969 of epoch 0,   loss 0.874367, accuracy 78.118 %, best 78.118 %
Finished training it 135168/306969 of epoch 0, -1.00 ms/it, loss 0.682269
Testing at - 135168/306969 of epoch 0,   loss 0.896685, accuracy 78.065 %, best 78.118 %
Finished training it 136192/306969 of epoch 0, -1.00 ms/it, loss 0.682939
Testing at - 136192/306969 of epoch 0,   loss 0.896232, accuracy 78.025 %, best 78.118 %
Finished training it 137216/306969 of epoch 0, -1.00 ms/it, loss 0.683356
Testing at - 137216/306969 of epoch 0,   loss 0.860451, accuracy 78.102 %, best 78.118 %
Finished training it 138240/306969 of epoch 0, -1.00 ms/it, loss 0.683572
Testing at - 138240/306969 of epoch 0,   loss 0.903178, accuracy 78.093 %, best 78.118 %
Finished training it 139264/306969 of epoch 0, -1.00 ms/it, loss 0.683754
Testing at - 139264/306969 of epoch 0,   loss 0.887413, accuracy 78.094 %, best 78.118 %
Finished training it 140288/306969 of epoch 0, -1.00 ms/it, loss 0.682743
Testing at - 140288/306969 of epoch 0,   loss 0.883638, accuracy 78.109 %, best 78.118 %
Finished training it 141312/306969 of epoch 0, -1.00 ms/it, loss 0.683669
Testing at - 141312/306969 of epoch 0,   loss 0.895547, accuracy 78.082 %, best 78.118 %
Finished training it 142336/306969 of epoch 0, -1.00 ms/it, loss 0.681814
Testing at - 142336/306969 of epoch 0,   loss 0.897211, accuracy 78.092 %, best 78.118 %
Finished training it 143360/306969 of epoch 0, -1.00 ms/it, loss 0.682253
Testing at - 143360/306969 of epoch 0,   loss 0.896654, accuracy 77.563 %, best 78.118 %
Finished training it 144384/306969 of epoch 0, -1.00 ms/it, loss 0.683136
Testing at - 144384/306969 of epoch 0,   loss 0.907870, accuracy 77.941 %, best 78.118 %
Finished training it 145408/306969 of epoch 0, -1.00 ms/it, loss 0.684172
Testing at - 145408/306969 of epoch 0,   loss 0.875402, accuracy 78.105 %, best 78.118 %
Finished training it 146432/306969 of epoch 0, -1.00 ms/it, loss 0.682641
Testing at - 146432/306969 of epoch 0,   loss 0.878710, accuracy 78.042 %, best 78.118 %
Finished training it 147456/306969 of epoch 0, -1.00 ms/it, loss 0.682689
Testing at - 147456/306969 of epoch 0,   loss 0.907955, accuracy 78.139 %, best 78.139 %
Finished training it 148480/306969 of epoch 0, -1.00 ms/it, loss 0.682225
Testing at - 148480/306969 of epoch 0,   loss 0.898896, accuracy 78.106 %, best 78.139 %
Finished training it 149504/306969 of epoch 0, -1.00 ms/it, loss 0.682652
Testing at - 149504/306969 of epoch 0,   loss 0.873218, accuracy 78.098 %, best 78.139 %
Finished training it 150528/306969 of epoch 0, -1.00 ms/it, loss 0.682845
Testing at - 150528/306969 of epoch 0,   loss 0.880623, accuracy 77.998 %, best 78.139 %
Finished training it 151552/306969 of epoch 0, -1.00 ms/it, loss 0.680938
Testing at - 151552/306969 of epoch 0,   loss 0.898370, accuracy 77.782 %, best 78.139 %
Finished training it 152576/306969 of epoch 0, -1.00 ms/it, loss 0.681909
Testing at - 152576/306969 of epoch 0,   loss 0.895620, accuracy 78.144 %, best 78.144 %
Finished training it 153600/306969 of epoch 0, -1.00 ms/it, loss 0.683284
Testing at - 153600/306969 of epoch 0,   loss 0.887052, accuracy 78.131 %, best 78.144 %
Finished training it 154624/306969 of epoch 0, -1.00 ms/it, loss 0.682621
Testing at - 154624/306969 of epoch 0,   loss 0.861953, accuracy 78.014 %, best 78.144 %
Finished training it 155648/306969 of epoch 0, -1.00 ms/it, loss 0.683251
Testing at - 155648/306969 of epoch 0,   loss 0.866416, accuracy 78.141 %, best 78.144 %
Finished training it 156672/306969 of epoch 0, -1.00 ms/it, loss 0.682684
Testing at - 156672/306969 of epoch 0,   loss 0.873452, accuracy 78.050 %, best 78.144 %
Finished training it 157696/306969 of epoch 0, -1.00 ms/it, loss 0.681164
Testing at - 157696/306969 of epoch 0,   loss 0.913021, accuracy 78.159 %, best 78.159 %
Finished training it 158720/306969 of epoch 0, -1.00 ms/it, loss 0.682203
Testing at - 158720/306969 of epoch 0,   loss 0.888410, accuracy 78.139 %, best 78.159 %
Finished training it 159744/306969 of epoch 0, -1.00 ms/it, loss 0.682518
Testing at - 159744/306969 of epoch 0,   loss 0.849438, accuracy 78.131 %, best 78.159 %
Finished training it 160768/306969 of epoch 0, -1.00 ms/it, loss 0.682503
Testing at - 160768/306969 of epoch 0,   loss 0.888155, accuracy 78.114 %, best 78.159 %
Finished training it 161792/306969 of epoch 0, -1.00 ms/it, loss 0.682959
Testing at - 161792/306969 of epoch 0,   loss 0.873669, accuracy 78.139 %, best 78.159 %
Finished training it 162816/306969 of epoch 0, -1.00 ms/it, loss 0.682658
Testing at - 162816/306969 of epoch 0,   loss 0.880076, accuracy 78.151 %, best 78.159 %
Finished training it 163840/306969 of epoch 0, -1.00 ms/it, loss 0.682961
Testing at - 163840/306969 of epoch 0,   loss 0.864792, accuracy 78.144 %, best 78.159 %
Finished training it 164864/306969 of epoch 0, -1.00 ms/it, loss 0.682686
Testing at - 164864/306969 of epoch 0,   loss 0.881486, accuracy 78.152 %, best 78.159 %
Finished training it 165888/306969 of epoch 0, -1.00 ms/it, loss 0.682611
Testing at - 165888/306969 of epoch 0,   loss 0.878117, accuracy 78.027 %, best 78.159 %
Finished training it 166912/306969 of epoch 0, -1.00 ms/it, loss 0.683337
Testing at - 166912/306969 of epoch 0,   loss 0.887336, accuracy 78.194 %, best 78.194 %
Finished training it 167936/306969 of epoch 0, -1.00 ms/it, loss 0.682963
Testing at - 167936/306969 of epoch 0,   loss 0.865189, accuracy 78.155 %, best 78.194 %
Finished training it 168960/306969 of epoch 0, -1.00 ms/it, loss 0.682731
Testing at - 168960/306969 of epoch 0,   loss 0.864929, accuracy 78.187 %, best 78.194 %
Finished training it 169984/306969 of epoch 0, -1.00 ms/it, loss 0.682665
Testing at - 169984/306969 of epoch 0,   loss 0.886363, accuracy 78.065 %, best 78.194 %
Finished training it 171008/306969 of epoch 0, -1.00 ms/it, loss 0.681683
Testing at - 171008/306969 of epoch 0,   loss 0.868342, accuracy 78.171 %, best 78.194 %
Finished training it 172032/306969 of epoch 0, -1.00 ms/it, loss 0.681813
Testing at - 172032/306969 of epoch 0,   loss 0.895505, accuracy 78.155 %, best 78.194 %
Finished training it 173056/306969 of epoch 0, -1.00 ms/it, loss 0.683915
Testing at - 173056/306969 of epoch 0,   loss 0.894748, accuracy 78.105 %, best 78.194 %
Finished training it 174080/306969 of epoch 0, -1.00 ms/it, loss 0.682721
Testing at - 174080/306969 of epoch 0,   loss 0.893720, accuracy 78.189 %, best 78.194 %
Finished training it 175104/306969 of epoch 0, -1.00 ms/it, loss 0.682073
Testing at - 175104/306969 of epoch 0,   loss 0.876144, accuracy 78.181 %, best 78.194 %
Finished training it 176128/306969 of epoch 0, -1.00 ms/it, loss 0.681885
Testing at - 176128/306969 of epoch 0,   loss 0.907153, accuracy 78.134 %, best 78.194 %
Finished training it 177152/306969 of epoch 0, -1.00 ms/it, loss 0.680508
Testing at - 177152/306969 of epoch 0,   loss 0.923800, accuracy 78.155 %, best 78.194 %
Finished training it 178176/306969 of epoch 0, -1.00 ms/it, loss 0.681926
Testing at - 178176/306969 of epoch 0,   loss 0.893754, accuracy 78.056 %, best 78.194 %
Finished training it 179200/306969 of epoch 0, -1.00 ms/it, loss 0.681802
Testing at - 179200/306969 of epoch 0,   loss 0.895570, accuracy 78.194 %, best 78.194 %
Finished training it 180224/306969 of epoch 0, -1.00 ms/it, loss 0.682911
Testing at - 180224/306969 of epoch 0,   loss 0.864855, accuracy 78.170 %, best 78.194 %
Finished training it 181248/306969 of epoch 0, -1.00 ms/it, loss 0.682936
Testing at - 181248/306969 of epoch 0,   loss 0.877638, accuracy 78.169 %, best 78.194 %
Finished training it 182272/306969 of epoch 0, -1.00 ms/it, loss 0.683261
Testing at - 182272/306969 of epoch 0,   loss 0.915735, accuracy 78.190 %, best 78.194 %
Finished training it 183296/306969 of epoch 0, -1.00 ms/it, loss 0.682157
Testing at - 183296/306969 of epoch 0,   loss 0.869221, accuracy 78.160 %, best 78.194 %
Finished training it 184320/306969 of epoch 0, -1.00 ms/it, loss 0.682779
Testing at - 184320/306969 of epoch 0,   loss 0.882400, accuracy 78.078 %, best 78.194 %
Finished training it 185344/306969 of epoch 0, -1.00 ms/it, loss 0.683129
Testing at - 185344/306969 of epoch 0,   loss 0.878749, accuracy 78.153 %, best 78.194 %
Finished training it 186368/306969 of epoch 0, -1.00 ms/it, loss 0.682633
Testing at - 186368/306969 of epoch 0,   loss 0.887207, accuracy 78.206 %, best 78.206 %
Finished training it 187392/306969 of epoch 0, -1.00 ms/it, loss 0.682750
Testing at - 187392/306969 of epoch 0,   loss 0.857425, accuracy 78.162 %, best 78.206 %
Finished training it 188416/306969 of epoch 0, -1.00 ms/it, loss 0.681259
Testing at - 188416/306969 of epoch 0,   loss 0.880651, accuracy 78.212 %, best 78.212 %
Finished training it 189440/306969 of epoch 0, -1.00 ms/it, loss 0.683960
Testing at - 189440/306969 of epoch 0,   loss 0.877677, accuracy 78.225 %, best 78.225 %
Finished training it 190464/306969 of epoch 0, -1.00 ms/it, loss 0.682600
Testing at - 190464/306969 of epoch 0,   loss 0.870495, accuracy 78.152 %, best 78.225 %
Finished training it 191488/306969 of epoch 0, -1.00 ms/it, loss 0.681652
Testing at - 191488/306969 of epoch 0,   loss 0.882104, accuracy 78.216 %, best 78.225 %
Finished training it 192512/306969 of epoch 0, -1.00 ms/it, loss 0.680957
Testing at - 192512/306969 of epoch 0,   loss 0.880712, accuracy 78.194 %, best 78.225 %
Finished training it 193536/306969 of epoch 0, -1.00 ms/it, loss 0.682198
Testing at - 193536/306969 of epoch 0,   loss 0.874942, accuracy 78.236 %, best 78.236 %
Finished training it 194560/306969 of epoch 0, -1.00 ms/it, loss 0.682056
Testing at - 194560/306969 of epoch 0,   loss 0.877276, accuracy 78.211 %, best 78.236 %
Finished training it 195584/306969 of epoch 0, -1.00 ms/it, loss 0.683273
Testing at - 195584/306969 of epoch 0,   loss 0.883964, accuracy 78.238 %, best 78.238 %
Finished training it 196608/306969 of epoch 0, -1.00 ms/it, loss 0.682454
Testing at - 196608/306969 of epoch 0,   loss 0.865382, accuracy 78.228 %, best 78.238 %
Finished training it 197632/306969 of epoch 0, -1.00 ms/it, loss 0.682167
Testing at - 197632/306969 of epoch 0,   loss 0.904200, accuracy 78.204 %, best 78.238 %
Finished training it 198656/306969 of epoch 0, -1.00 ms/it, loss 0.681952
Testing at - 198656/306969 of epoch 0,   loss 0.882820, accuracy 78.253 %, best 78.253 %
Finished training it 199680/306969 of epoch 0, -1.00 ms/it, loss 0.682878
Testing at - 199680/306969 of epoch 0,   loss 0.864269, accuracy 78.250 %, best 78.253 %
Finished training it 200704/306969 of epoch 0, -1.00 ms/it, loss 0.681829
Testing at - 200704/306969 of epoch 0,   loss 0.907607, accuracy 78.221 %, best 78.253 %
Finished training it 201728/306969 of epoch 0, -1.00 ms/it, loss 0.682912
Testing at - 201728/306969 of epoch 0,   loss 0.874412, accuracy 78.240 %, best 78.253 %
Finished training it 202752/306969 of epoch 0, -1.00 ms/it, loss 0.682159
Testing at - 202752/306969 of epoch 0,   loss 0.887092, accuracy 78.253 %, best 78.253 %
Finished training it 203776/306969 of epoch 0, -1.00 ms/it, loss 0.680585
Testing at - 203776/306969 of epoch 0,   loss 0.910306, accuracy 78.170 %, best 78.253 %
Finished training it 204800/306969 of epoch 0, -1.00 ms/it, loss 0.681221
Testing at - 204800/306969 of epoch 0,   loss 0.891386, accuracy 78.239 %, best 78.253 %
Finished training it 205824/306969 of epoch 0, -1.00 ms/it, loss 0.682103
Testing at - 205824/306969 of epoch 0,   loss 0.888781, accuracy 78.242 %, best 78.253 %
Finished training it 206848/306969 of epoch 0, -1.00 ms/it, loss 0.681441
Testing at - 206848/306969 of epoch 0,   loss 0.885318, accuracy 78.224 %, best 78.253 %
Finished training it 207872/306969 of epoch 0, -1.00 ms/it, loss 0.681941
Testing at - 207872/306969 of epoch 0,   loss 0.875269, accuracy 78.249 %, best 78.253 %
Finished training it 208896/306969 of epoch 0, -1.00 ms/it, loss 0.682072
Testing at - 208896/306969 of epoch 0,   loss 0.880447, accuracy 78.137 %, best 78.253 %
Finished training it 209920/306969 of epoch 0, -1.00 ms/it, loss 0.681624
Testing at - 209920/306969 of epoch 0,   loss 0.893411, accuracy 78.273 %, best 78.273 %
Finished training it 210944/306969 of epoch 0, -1.00 ms/it, loss 0.681931
Testing at - 210944/306969 of epoch 0,   loss 0.903926, accuracy 78.216 %, best 78.273 %
Finished training it 211968/306969 of epoch 0, -1.00 ms/it, loss 0.681644
Testing at - 211968/306969 of epoch 0,   loss 0.903161, accuracy 78.250 %, best 78.273 %
Finished training it 212992/306969 of epoch 0, -1.00 ms/it, loss 0.680851
Testing at - 212992/306969 of epoch 0,   loss 0.889954, accuracy 78.296 %, best 78.296 %
Finished training it 214016/306969 of epoch 0, -1.00 ms/it, loss 0.682346
Testing at - 214016/306969 of epoch 0,   loss 0.877989, accuracy 78.266 %, best 78.296 %
Finished training it 215040/306969 of epoch 0, -1.00 ms/it, loss 0.681306
Testing at - 215040/306969 of epoch 0,   loss 0.907114, accuracy 78.192 %, best 78.296 %
Finished training it 216064/306969 of epoch 0, -1.00 ms/it, loss 0.681746
Testing at - 216064/306969 of epoch 0,   loss 0.884643, accuracy 78.271 %, best 78.296 %
Finished training it 217088/306969 of epoch 0, -1.00 ms/it, loss 0.681313
Testing at - 217088/306969 of epoch 0,   loss 0.898928, accuracy 78.284 %, best 78.296 %
Finished training it 218112/306969 of epoch 0, -1.00 ms/it, loss 0.681144
Testing at - 218112/306969 of epoch 0,   loss 0.903184, accuracy 78.218 %, best 78.296 %
Finished training it 219136/306969 of epoch 0, -1.00 ms/it, loss 0.681795
Testing at - 219136/306969 of epoch 0,   loss 0.902091, accuracy 78.253 %, best 78.296 %
Finished training it 220160/306969 of epoch 0, -1.00 ms/it, loss 0.681129
Testing at - 220160/306969 of epoch 0,   loss 0.911016, accuracy 78.311 %, best 78.311 %
Finished training it 221184/306969 of epoch 0, -1.00 ms/it, loss 0.680985
Testing at - 221184/306969 of epoch 0,   loss 0.876205, accuracy 78.260 %, best 78.311 %
Finished training it 222208/306969 of epoch 0, -1.00 ms/it, loss 0.681964
Testing at - 222208/306969 of epoch 0,   loss 0.881936, accuracy 78.317 %, best 78.317 %
Finished training it 223232/306969 of epoch 0, -1.00 ms/it, loss 0.682484
Testing at - 223232/306969 of epoch 0,   loss 0.876374, accuracy 78.287 %, best 78.317 %
Finished training it 224256/306969 of epoch 0, -1.00 ms/it, loss 0.682049
Testing at - 224256/306969 of epoch 0,   loss 0.891328, accuracy 78.307 %, best 78.317 %
Finished training it 225280/306969 of epoch 0, -1.00 ms/it, loss 0.682845
Testing at - 225280/306969 of epoch 0,   loss 0.887616, accuracy 78.267 %, best 78.317 %
Finished training it 226304/306969 of epoch 0, -1.00 ms/it, loss 0.680851
Testing at - 226304/306969 of epoch 0,   loss 0.872084, accuracy 78.302 %, best 78.317 %
Finished training it 227328/306969 of epoch 0, -1.00 ms/it, loss 0.682940
Testing at - 227328/306969 of epoch 0,   loss 0.866394, accuracy 78.297 %, best 78.317 %
Finished training it 228352/306969 of epoch 0, -1.00 ms/it, loss 0.682144
Testing at - 228352/306969 of epoch 0,   loss 0.878996, accuracy 78.226 %, best 78.317 %
Finished training it 229376/306969 of epoch 0, -1.00 ms/it, loss 0.681260
Testing at - 229376/306969 of epoch 0,   loss 0.893994, accuracy 78.316 %, best 78.317 %
Finished training it 230400/306969 of epoch 0, -1.00 ms/it, loss 0.681351
Testing at - 230400/306969 of epoch 0,   loss 0.901309, accuracy 78.299 %, best 78.317 %
Finished training it 231424/306969 of epoch 0, -1.00 ms/it, loss 0.681006
Testing at - 231424/306969 of epoch 0,   loss 0.918341, accuracy 78.305 %, best 78.317 %
Finished training it 232448/306969 of epoch 0, -1.00 ms/it, loss 0.682349
Testing at - 232448/306969 of epoch 0,   loss 0.880754, accuracy 78.319 %, best 78.319 %
Finished training it 233472/306969 of epoch 0, -1.00 ms/it, loss 0.681967
Testing at - 233472/306969 of epoch 0,   loss 0.916760, accuracy 78.236 %, best 78.319 %
Finished training it 234496/306969 of epoch 0, -1.00 ms/it, loss 0.682331
Testing at - 234496/306969 of epoch 0,   loss 0.893886, accuracy 78.289 %, best 78.319 %
Finished training it 235520/306969 of epoch 0, -1.00 ms/it, loss 0.681264
Testing at - 235520/306969 of epoch 0,   loss 0.903419, accuracy 78.333 %, best 78.333 %
Finished training it 236544/306969 of epoch 0, -1.00 ms/it, loss 0.683306
Testing at - 236544/306969 of epoch 0,   loss 0.889093, accuracy 78.329 %, best 78.333 %
Finished training it 237568/306969 of epoch 0, -1.00 ms/it, loss 0.680845
Testing at - 237568/306969 of epoch 0,   loss 0.910771, accuracy 78.298 %, best 78.333 %
Finished training it 238592/306969 of epoch 0, -1.00 ms/it, loss 0.681191
Testing at - 238592/306969 of epoch 0,   loss 0.896768, accuracy 78.316 %, best 78.333 %
Finished training it 239616/306969 of epoch 0, -1.00 ms/it, loss 0.683510
Testing at - 239616/306969 of epoch 0,   loss 0.890148, accuracy 78.324 %, best 78.333 %
Finished training it 240640/306969 of epoch 0, -1.00 ms/it, loss 0.682047
Testing at - 240640/306969 of epoch 0,   loss 0.873423, accuracy 78.320 %, best 78.333 %
Finished training it 241664/306969 of epoch 0, -1.00 ms/it, loss 0.680577
Testing at - 241664/306969 of epoch 0,   loss 0.929383, accuracy 78.259 %, best 78.333 %
Finished training it 242688/306969 of epoch 0, -1.00 ms/it, loss 0.681323
Testing at - 242688/306969 of epoch 0,   loss 0.887859, accuracy 78.339 %, best 78.339 %
Finished training it 243712/306969 of epoch 0, -1.00 ms/it, loss 0.680984
Testing at - 243712/306969 of epoch 0,   loss 0.909173, accuracy 78.348 %, best 78.348 %
Finished training it 244736/306969 of epoch 0, -1.00 ms/it, loss 0.681641
Testing at - 244736/306969 of epoch 0,   loss 0.882479, accuracy 78.332 %, best 78.348 %
Finished training it 245760/306969 of epoch 0, -1.00 ms/it, loss 0.680890
Testing at - 245760/306969 of epoch 0,   loss 0.902884, accuracy 78.327 %, best 78.348 %
Finished training it 246784/306969 of epoch 0, -1.00 ms/it, loss 0.680751
Testing at - 246784/306969 of epoch 0,   loss 0.921300, accuracy 78.045 %, best 78.348 %
Finished training it 247808/306969 of epoch 0, -1.00 ms/it, loss 0.681506
Testing at - 247808/306969 of epoch 0,   loss 0.907189, accuracy 78.326 %, best 78.348 %
Finished training it 248832/306969 of epoch 0, -1.00 ms/it, loss 0.681514
Testing at - 248832/306969 of epoch 0,   loss 0.876246, accuracy 78.340 %, best 78.348 %
Finished training it 249856/306969 of epoch 0, -1.00 ms/it, loss 0.682169
Testing at - 249856/306969 of epoch 0,   loss 0.878377, accuracy 78.346 %, best 78.348 %
Finished training it 250880/306969 of epoch 0, -1.00 ms/it, loss 0.681673
Testing at - 250880/306969 of epoch 0,   loss 0.892475, accuracy 78.311 %, best 78.348 %
Finished training it 251904/306969 of epoch 0, -1.00 ms/it, loss 0.682056
Testing at - 251904/306969 of epoch 0,   loss 0.887554, accuracy 78.283 %, best 78.348 %
Finished training it 252928/306969 of epoch 0, -1.00 ms/it, loss 0.680405
Testing at - 252928/306969 of epoch 0,   loss 0.918687, accuracy 78.326 %, best 78.348 %
Finished training it 253952/306969 of epoch 0, -1.00 ms/it, loss 0.681106
Testing at - 253952/306969 of epoch 0,   loss 0.906566, accuracy 78.307 %, best 78.348 %
Finished training it 254976/306969 of epoch 0, -1.00 ms/it, loss 0.680969
Testing at - 254976/306969 of epoch 0,   loss 0.871787, accuracy 78.347 %, best 78.348 %
Finished training it 256000/306969 of epoch 0, -1.00 ms/it, loss 0.682115
Testing at - 256000/306969 of epoch 0,   loss 0.876895, accuracy 78.327 %, best 78.348 %
Finished training it 257024/306969 of epoch 0, -1.00 ms/it, loss 0.681656
Testing at - 257024/306969 of epoch 0,   loss 0.871558, accuracy 78.358 %, best 78.358 %
Finished training it 258048/306969 of epoch 0, -1.00 ms/it, loss 0.681354
Testing at - 258048/306969 of epoch 0,   loss 0.909358, accuracy 78.370 %, best 78.370 %
Finished training it 259072/306969 of epoch 0, -1.00 ms/it, loss 0.680596
Testing at - 259072/306969 of epoch 0,   loss 0.908693, accuracy 78.376 %, best 78.376 %
Finished training it 260096/306969 of epoch 0, -1.00 ms/it, loss 0.680686
Testing at - 260096/306969 of epoch 0,   loss 0.898552, accuracy 78.373 %, best 78.376 %
Finished training it 261120/306969 of epoch 0, -1.00 ms/it, loss 0.682165
Testing at - 261120/306969 of epoch 0,   loss 0.883565, accuracy 78.318 %, best 78.376 %
Finished training it 262144/306969 of epoch 0, -1.00 ms/it, loss 0.680164
Testing at - 262144/306969 of epoch 0,   loss 0.898706, accuracy 78.357 %, best 78.376 %
Finished training it 263168/306969 of epoch 0, -1.00 ms/it, loss 0.682012
Testing at - 263168/306969 of epoch 0,   loss 0.877250, accuracy 78.365 %, best 78.376 %
Finished training it 264192/306969 of epoch 0, -1.00 ms/it, loss 0.682159
Testing at - 264192/306969 of epoch 0,   loss 0.872062, accuracy 78.367 %, best 78.376 %
Finished training it 265216/306969 of epoch 0, -1.00 ms/it, loss 0.681114
Testing at - 265216/306969 of epoch 0,   loss 0.889829, accuracy 78.376 %, best 78.376 %
Finished training it 266240/306969 of epoch 0, -1.00 ms/it, loss 0.680917
Testing at - 266240/306969 of epoch 0,   loss 0.875316, accuracy 78.339 %, best 78.376 %
Finished training it 267264/306969 of epoch 0, -1.00 ms/it, loss 0.681328
Testing at - 267264/306969 of epoch 0,   loss 0.922549, accuracy 78.157 %, best 78.376 %
Finished training it 268288/306969 of epoch 0, -1.00 ms/it, loss 0.681717
Testing at - 268288/306969 of epoch 0,   loss 0.869787, accuracy 78.363 %, best 78.376 %
Finished training it 269312/306969 of epoch 0, -1.00 ms/it, loss 0.680762
Testing at - 269312/306969 of epoch 0,   loss 0.896420, accuracy 78.336 %, best 78.376 %
Finished training it 270336/306969 of epoch 0, -1.00 ms/it, loss 0.681637
Testing at - 270336/306969 of epoch 0,   loss 0.914336, accuracy 78.346 %, best 78.376 %
Finished training it 271360/306969 of epoch 0, -1.00 ms/it, loss 0.680785
Testing at - 271360/306969 of epoch 0,   loss 0.914769, accuracy 78.381 %, best 78.381 %
Finished training it 272384/306969 of epoch 0, -1.00 ms/it, loss 0.681554
Testing at - 272384/306969 of epoch 0,   loss 0.895287, accuracy 78.219 %, best 78.381 %
Finished training it 273408/306969 of epoch 0, -1.00 ms/it, loss 0.681367
Testing at - 273408/306969 of epoch 0,   loss 0.865921, accuracy 78.398 %, best 78.398 %
Finished training it 274432/306969 of epoch 0, -1.00 ms/it, loss 0.681717
Testing at - 274432/306969 of epoch 0,   loss 0.897426, accuracy 78.409 %, best 78.409 %
Finished training it 275456/306969 of epoch 0, -1.00 ms/it, loss 0.681721
Testing at - 275456/306969 of epoch 0,   loss 0.871076, accuracy 78.417 %, best 78.417 %
Finished training it 276480/306969 of epoch 0, -1.00 ms/it, loss 0.680388
Testing at - 276480/306969 of epoch 0,   loss 0.902900, accuracy 78.377 %, best 78.417 %
Finished training it 277504/306969 of epoch 0, -1.00 ms/it, loss 0.679724
Testing at - 277504/306969 of epoch 0,   loss 0.911795, accuracy 78.406 %, best 78.417 %
Finished training it 278528/306969 of epoch 0, -1.00 ms/it, loss 0.682318
Testing at - 278528/306969 of epoch 0,   loss 0.925789, accuracy 78.243 %, best 78.417 %
Finished training it 279552/306969 of epoch 0, -1.00 ms/it, loss 0.682722
Testing at - 279552/306969 of epoch 0,   loss 0.867849, accuracy 78.357 %, best 78.417 %
Finished training it 280576/306969 of epoch 0, -1.00 ms/it, loss 0.681770
Testing at - 280576/306969 of epoch 0,   loss 0.870705, accuracy 78.393 %, best 78.417 %
Finished training it 281600/306969 of epoch 0, -1.00 ms/it, loss 0.680528
Testing at - 281600/306969 of epoch 0,   loss 0.920221, accuracy 78.387 %, best 78.417 %
Finished training it 282624/306969 of epoch 0, -1.00 ms/it, loss 0.679734
Testing at - 282624/306969 of epoch 0,   loss 0.898809, accuracy 78.405 %, best 78.417 %
Finished training it 283648/306969 of epoch 0, -1.00 ms/it, loss 0.681636
Testing at - 283648/306969 of epoch 0,   loss 0.894480, accuracy 78.412 %, best 78.417 %
Finished training it 284672/306969 of epoch 0, -1.00 ms/it, loss 0.680602
Testing at - 284672/306969 of epoch 0,   loss 0.920883, accuracy 78.418 %, best 78.418 %
Finished training it 285696/306969 of epoch 0, -1.00 ms/it, loss 0.680808
Testing at - 285696/306969 of epoch 0,   loss 0.901558, accuracy 78.406 %, best 78.418 %
Finished training it 286720/306969 of epoch 0, -1.00 ms/it, loss 0.682083
Testing at - 286720/306969 of epoch 0,   loss 0.884227, accuracy 78.408 %, best 78.418 %
Finished training it 287744/306969 of epoch 0, -1.00 ms/it, loss 0.680920
Testing at - 287744/306969 of epoch 0,   loss 0.908855, accuracy 78.406 %, best 78.418 %
Finished training it 288768/306969 of epoch 0, -1.00 ms/it, loss 0.680051
Testing at - 288768/306969 of epoch 0,   loss 0.900593, accuracy 78.337 %, best 78.418 %
Finished training it 289792/306969 of epoch 0, -1.00 ms/it, loss 0.680643
Testing at - 289792/306969 of epoch 0,   loss 0.910797, accuracy 78.441 %, best 78.441 %
Finished training it 290816/306969 of epoch 0, -1.00 ms/it, loss 0.681631
Testing at - 290816/306969 of epoch 0,   loss 0.874451, accuracy 78.442 %, best 78.442 %
Finished training it 291840/306969 of epoch 0, -1.00 ms/it, loss 0.679609
Testing at - 291840/306969 of epoch 0,   loss 0.889835, accuracy 78.347 %, best 78.442 %
Finished training it 292864/306969 of epoch 0, -1.00 ms/it, loss 0.681698
Testing at - 292864/306969 of epoch 0,   loss 0.915965, accuracy 78.411 %, best 78.442 %
Finished training it 293888/306969 of epoch 0, -1.00 ms/it, loss 0.681627
Testing at - 293888/306969 of epoch 0,   loss 0.902106, accuracy 78.430 %, best 78.442 %
Finished training it 294912/306969 of epoch 0, -1.00 ms/it, loss 0.681384
Testing at - 294912/306969 of epoch 0,   loss 0.913537, accuracy 78.442 %, best 78.442 %
Finished training it 295936/306969 of epoch 0, -1.00 ms/it, loss 0.680451
Testing at - 295936/306969 of epoch 0,   loss 0.903763, accuracy 78.430 %, best 78.442 %
Finished training it 296960/306969 of epoch 0, -1.00 ms/it, loss 0.681660
Testing at - 296960/306969 of epoch 0,   loss 0.873663, accuracy 78.308 %, best 78.442 %
Finished training it 297984/306969 of epoch 0, -1.00 ms/it, loss 0.682688
Testing at - 297984/306969 of epoch 0,   loss 0.877161, accuracy 78.359 %, best 78.442 %
Finished training it 299008/306969 of epoch 0, -1.00 ms/it, loss 0.682263
Testing at - 299008/306969 of epoch 0,   loss 0.882735, accuracy 78.287 %, best 78.442 %
Finished training it 300032/306969 of epoch 0, -1.00 ms/it, loss 0.680585
Testing at - 300032/306969 of epoch 0,   loss 0.886402, accuracy 78.468 %, best 78.468 %
Finished training it 301056/306969 of epoch 0, -1.00 ms/it, loss 0.680314
Testing at - 301056/306969 of epoch 0,   loss 0.900358, accuracy 78.453 %, best 78.468 %
Finished training it 302080/306969 of epoch 0, -1.00 ms/it, loss 0.680558
Testing at - 302080/306969 of epoch 0,   loss 0.901760, accuracy 78.440 %, best 78.468 %
Finished training it 303104/306969 of epoch 0, -1.00 ms/it, loss 0.681380
Testing at - 303104/306969 of epoch 0,   loss 0.896626, accuracy 78.391 %, best 78.468 %
Finished training it 304128/306969 of epoch 0, -1.00 ms/it, loss 0.681363
Testing at - 304128/306969 of epoch 0,   loss 0.894096, accuracy 78.446 %, best 78.468 %
Finished training it 305152/306969 of epoch 0, -1.00 ms/it, loss 0.680430
Testing at - 305152/306969 of epoch 0,   loss 0.911915, accuracy 78.401 %, best 78.468 %
Finished training it 306176/306969 of epoch 0, -1.00 ms/it, loss 0.680920
Testing at - 306176/306969 of epoch 0,   loss 0.900437, accuracy 78.407 %, best 78.468 %
Finished training it 306969/306969 of epoch 0, -1.00 ms/it, loss 0.681605
Testing at - 306969/306969 of epoch 0,   loss 0.884539, accuracy 78.382 %, best 78.468 %
