Unable to import mlperf_logging,  No module named 'mlperf_logging'
world size: 1, current rank: 0, local rank: 0
Using 1 GPU(s)...
Reading pre-processed data=./input/kaggleAdDisplayChallenge_processed.npz
Sparse fea = 26, Dense fea = 13
Defined train indices...
Randomized indices across days ...
Split data according to indices...
Reading pre-processed data=./input/kaggleAdDisplayChallenge_processed.npz
Sparse fea = 26, Dense fea = 13
Defined test indices...
Randomized indices across days ...
Split data according to indices...
Random uniform embeddings init: 0 size: 1461 dim: 16
Random uniform embeddings init: 1 size: 584 dim: 16
Random uniform embeddings init: 2 size: 10131227 dim: 16
Random uniform embeddings init: 3 size: 2202608 dim: 16
Random uniform embeddings init: 4 size: 306 dim: 16
Random uniform embeddings init: 5 size: 24 dim: 16
Random uniform embeddings init: 6 size: 12518 dim: 16
Random uniform embeddings init: 7 size: 634 dim: 16
Random uniform embeddings init: 8 size: 4 dim: 16
Random uniform embeddings init: 9 size: 93146 dim: 16
Random uniform embeddings init: 10 size: 5684 dim: 16
Random uniform embeddings init: 11 size: 8351593 dim: 16
Random uniform embeddings init: 12 size: 3195 dim: 16
Random uniform embeddings init: 13 size: 28 dim: 16
Random uniform embeddings init: 14 size: 14993 dim: 16
Random uniform embeddings init: 15 size: 5461306 dim: 16
Random uniform embeddings init: 16 size: 11 dim: 16
Random uniform embeddings init: 17 size: 5653 dim: 16
Random uniform embeddings init: 18 size: 2173 dim: 16
Random uniform embeddings init: 19 size: 4 dim: 16
Random uniform embeddings init: 20 size: 7046547 dim: 16
Random uniform embeddings init: 21 size: 18 dim: 16
Random uniform embeddings init: 22 size: 16 dim: 16
Random uniform embeddings init: 23 size: 286181 dim: 16
Random uniform embeddings init: 24 size: 105 dim: 16
Random uniform embeddings init: 25 size: 142572 dim: 16
DLRM_Net(
  (emb_l): ModuleList(
    (0): EmbeddingBag(1461, 16, mode=sum)
    (1): EmbeddingBag(584, 16, mode=sum)
    (2): EmbeddingBag(10131227, 16, mode=sum)
    (3): EmbeddingBag(2202608, 16, mode=sum)
    (4): EmbeddingBag(306, 16, mode=sum)
    (5): EmbeddingBag(24, 16, mode=sum)
    (6): EmbeddingBag(12518, 16, mode=sum)
    (7): EmbeddingBag(634, 16, mode=sum)
    (8): EmbeddingBag(4, 16, mode=sum)
    (9): EmbeddingBag(93146, 16, mode=sum)
    (10): EmbeddingBag(5684, 16, mode=sum)
    (11): EmbeddingBag(8351593, 16, mode=sum)
    (12): EmbeddingBag(3195, 16, mode=sum)
    (13): EmbeddingBag(28, 16, mode=sum)
    (14): EmbeddingBag(14993, 16, mode=sum)
    (15): EmbeddingBag(5461306, 16, mode=sum)
    (16): EmbeddingBag(11, 16, mode=sum)
    (17): EmbeddingBag(5653, 16, mode=sum)
    (18): EmbeddingBag(2173, 16, mode=sum)
    (19): EmbeddingBag(4, 16, mode=sum)
    (20): EmbeddingBag(7046547, 16, mode=sum)
    (21): EmbeddingBag(18, 16, mode=sum)
    (22): EmbeddingBag(16, 16, mode=sum)
    (23): EmbeddingBag(286181, 16, mode=sum)
    (24): EmbeddingBag(105, 16, mode=sum)
    (25): EmbeddingBag(142572, 16, mode=sum)
  )
  (bot_l): Sequential(
    (0): Linear(in_features=13, out_features=512, bias=True)
    (1): ReLU()
    (2): Linear(in_features=512, out_features=256, bias=True)
    (3): ReLU()
    (4): Linear(in_features=256, out_features=64, bias=True)
    (5): ReLU()
    (6): Linear(in_features=64, out_features=16, bias=True)
    (7): ReLU()
  )
  (top_l): Sequential(
    (0): Linear(in_features=367, out_features=512, bias=True)
    (1): ReLU()
    (2): Linear(in_features=512, out_features=256, bias=True)
    (3): ReLU()
    (4): Linear(in_features=256, out_features=1, bias=True)
    (5): Sigmoid()
  )
  (loss_fn): BCELoss()
)
time/loss/accuracy (if enabled):
Finished training it 1024/306969 of epoch 0, -1.00 ms/it, loss 0.711495
Testing at - 1024/306969 of epoch 0,   loss 0.706604, accuracy 73.863 %, best 73.863 %
Finished training it 2048/306969 of epoch 0, -1.00 ms/it, loss 0.706007
Testing at - 2048/306969 of epoch 0,   loss 0.706350, accuracy 73.863 %, best 73.863 %
Finished training it 3072/306969 of epoch 0, -1.00 ms/it, loss 0.705919
Testing at - 3072/306969 of epoch 0,   loss 0.706157, accuracy 73.863 %, best 73.863 %
Finished training it 4096/306969 of epoch 0, -1.00 ms/it, loss 0.705903
Testing at - 4096/306969 of epoch 0,   loss 0.706086, accuracy 73.863 %, best 73.863 %
Finished training it 5120/306969 of epoch 0, -1.00 ms/it, loss 0.705897
Testing at - 5120/306969 of epoch 0,   loss 0.706032, accuracy 73.863 %, best 73.863 %
Finished training it 6144/306969 of epoch 0, -1.00 ms/it, loss 0.705894
Testing at - 6144/306969 of epoch 0,   loss 0.706016, accuracy 73.863 %, best 73.863 %
Finished training it 7168/306969 of epoch 0, -1.00 ms/it, loss 0.705892
Testing at - 7168/306969 of epoch 0,   loss 0.706003, accuracy 73.863 %, best 73.863 %
Finished training it 8192/306969 of epoch 0, -1.00 ms/it, loss 0.705891
Testing at - 8192/306969 of epoch 0,   loss 0.705981, accuracy 73.863 %, best 73.863 %
Finished training it 9216/306969 of epoch 0, -1.00 ms/it, loss 0.705890
Testing at - 9216/306969 of epoch 0,   loss 0.705966, accuracy 73.863 %, best 73.863 %
Finished training it 10240/306969 of epoch 0, -1.00 ms/it, loss 0.705889
Testing at - 10240/306969 of epoch 0,   loss 0.705955, accuracy 73.863 %, best 73.863 %
Finished training it 11264/306969 of epoch 0, -1.00 ms/it, loss 0.705889
Testing at - 11264/306969 of epoch 0,   loss 0.705950, accuracy 73.863 %, best 73.863 %
Finished training it 12288/306969 of epoch 0, -1.00 ms/it, loss 0.705888
Testing at - 12288/306969 of epoch 0,   loss 0.705948, accuracy 73.863 %, best 73.863 %
Finished training it 13312/306969 of epoch 0, -1.00 ms/it, loss 0.705888
Testing at - 13312/306969 of epoch 0,   loss 0.705937, accuracy 73.863 %, best 73.863 %
Finished training it 14336/306969 of epoch 0, -1.00 ms/it, loss 0.705888
Testing at - 14336/306969 of epoch 0,   loss 0.705934, accuracy 73.863 %, best 73.863 %
Finished training it 15360/306969 of epoch 0, -1.00 ms/it, loss 0.705888
Testing at - 15360/306969 of epoch 0,   loss 0.705928, accuracy 73.863 %, best 73.863 %
Finished training it 16384/306969 of epoch 0, -1.00 ms/it, loss 0.705887
Testing at - 16384/306969 of epoch 0,   loss 0.705923, accuracy 73.863 %, best 73.863 %
Finished training it 17408/306969 of epoch 0, -1.00 ms/it, loss 0.705887
Testing at - 17408/306969 of epoch 0,   loss 0.705921, accuracy 73.863 %, best 73.863 %
Finished training it 18432/306969 of epoch 0, -1.00 ms/it, loss 0.705887
Testing at - 18432/306969 of epoch 0,   loss 0.705922, accuracy 73.863 %, best 73.863 %
Finished training it 19456/306969 of epoch 0, -1.00 ms/it, loss 0.705887
Testing at - 19456/306969 of epoch 0,   loss 0.705921, accuracy 73.863 %, best 73.863 %
Finished training it 20480/306969 of epoch 0, -1.00 ms/it, loss 0.705887
Testing at - 20480/306969 of epoch 0,   loss 0.705916, accuracy 73.863 %, best 73.863 %
Finished training it 21504/306969 of epoch 0, -1.00 ms/it, loss 0.705887
Testing at - 21504/306969 of epoch 0,   loss 0.705914, accuracy 73.863 %, best 73.863 %
Finished training it 22528/306969 of epoch 0, -1.00 ms/it, loss 0.705887
Testing at - 22528/306969 of epoch 0,   loss 0.705911, accuracy 73.863 %, best 73.863 %
Finished training it 23552/306969 of epoch 0, -1.00 ms/it, loss 0.705887
Testing at - 23552/306969 of epoch 0,   loss 0.705911, accuracy 73.863 %, best 73.863 %
Finished training it 24576/306969 of epoch 0, -1.00 ms/it, loss 0.705887
Testing at - 24576/306969 of epoch 0,   loss 0.705913, accuracy 73.863 %, best 73.863 %
Finished training it 25600/306969 of epoch 0, -1.00 ms/it, loss 0.705887
Testing at - 25600/306969 of epoch 0,   loss 0.705911, accuracy 73.863 %, best 73.863 %
Finished training it 26624/306969 of epoch 0, -1.00 ms/it, loss 0.705886
Testing at - 26624/306969 of epoch 0,   loss 0.705909, accuracy 73.863 %, best 73.863 %
Finished training it 27648/306969 of epoch 0, -1.00 ms/it, loss 0.705887
Testing at - 27648/306969 of epoch 0,   loss 0.705906, accuracy 73.863 %, best 73.863 %
Finished training it 28672/306969 of epoch 0, -1.00 ms/it, loss 0.705886
Testing at - 28672/306969 of epoch 0,   loss 0.705906, accuracy 73.863 %, best 73.863 %
Finished training it 29696/306969 of epoch 0, -1.00 ms/it, loss 0.705886
Testing at - 29696/306969 of epoch 0,   loss 0.705909, accuracy 73.863 %, best 73.863 %
Finished training it 30720/306969 of epoch 0, -1.00 ms/it, loss 0.705886
Testing at - 30720/306969 of epoch 0,   loss 0.705910, accuracy 73.863 %, best 73.863 %
Finished training it 31744/306969 of epoch 0, -1.00 ms/it, loss 0.705886
Testing at - 31744/306969 of epoch 0,   loss 0.705902, accuracy 73.863 %, best 73.863 %
Finished training it 32768/306969 of epoch 0, -1.00 ms/it, loss 0.705886
Testing at - 32768/306969 of epoch 0,   loss 0.705905, accuracy 73.863 %, best 73.863 %
Finished training it 33792/306969 of epoch 0, -1.00 ms/it, loss 0.705886
Testing at - 33792/306969 of epoch 0,   loss 0.705902, accuracy 73.863 %, best 73.863 %
Finished training it 34816/306969 of epoch 0, -1.00 ms/it, loss 0.705886
Testing at - 34816/306969 of epoch 0,   loss 0.705904, accuracy 73.863 %, best 73.863 %
Finished training it 35840/306969 of epoch 0, -1.00 ms/it, loss 0.705886
Testing at - 35840/306969 of epoch 0,   loss 0.705903, accuracy 73.863 %, best 73.863 %
Finished training it 36864/306969 of epoch 0, -1.00 ms/it, loss 0.705886
Testing at - 36864/306969 of epoch 0,   loss 0.705903, accuracy 73.863 %, best 73.863 %
Finished training it 37888/306969 of epoch 0, -1.00 ms/it, loss 0.705886
Testing at - 37888/306969 of epoch 0,   loss 0.705901, accuracy 73.863 %, best 73.863 %
Finished training it 38912/306969 of epoch 0, -1.00 ms/it, loss 0.705886
Testing at - 38912/306969 of epoch 0,   loss 0.705902, accuracy 73.863 %, best 73.863 %
Finished training it 39936/306969 of epoch 0, -1.00 ms/it, loss 0.705886
Testing at - 39936/306969 of epoch 0,   loss 0.705899, accuracy 73.863 %, best 73.863 %
Finished training it 40960/306969 of epoch 0, -1.00 ms/it, loss 0.705886
Testing at - 40960/306969 of epoch 0,   loss 0.705900, accuracy 73.863 %, best 73.863 %
Finished training it 41984/306969 of epoch 0, -1.00 ms/it, loss 0.705886
Testing at - 41984/306969 of epoch 0,   loss 0.705898, accuracy 73.863 %, best 73.863 %
Finished training it 43008/306969 of epoch 0, -1.00 ms/it, loss 0.705886
Testing at - 43008/306969 of epoch 0,   loss 0.705898, accuracy 73.863 %, best 73.863 %
Finished training it 44032/306969 of epoch 0, -1.00 ms/it, loss 0.705886
Testing at - 44032/306969 of epoch 0,   loss 0.705899, accuracy 73.863 %, best 73.863 %
Finished training it 45056/306969 of epoch 0, -1.00 ms/it, loss 0.705886
Testing at - 45056/306969 of epoch 0,   loss 0.705897, accuracy 73.863 %, best 73.863 %
Finished training it 46080/306969 of epoch 0, -1.00 ms/it, loss 0.705886
Testing at - 46080/306969 of epoch 0,   loss 0.705896, accuracy 73.863 %, best 73.863 %
Finished training it 47104/306969 of epoch 0, -1.00 ms/it, loss 0.705886
Testing at - 47104/306969 of epoch 0,   loss 0.705897, accuracy 73.863 %, best 73.863 %
Finished training it 48128/306969 of epoch 0, -1.00 ms/it, loss 0.705886
Testing at - 48128/306969 of epoch 0,   loss 0.705897, accuracy 73.863 %, best 73.863 %
Finished training it 49152/306969 of epoch 0, -1.00 ms/it, loss 0.705886
Testing at - 49152/306969 of epoch 0,   loss 0.705895, accuracy 73.863 %, best 73.863 %
Finished training it 50176/306969 of epoch 0, -1.00 ms/it, loss 0.705886
Testing at - 50176/306969 of epoch 0,   loss 0.705898, accuracy 73.863 %, best 73.863 %
Finished training it 51200/306969 of epoch 0, -1.00 ms/it, loss 0.705886
Testing at - 51200/306969 of epoch 0,   loss 0.705897, accuracy 73.863 %, best 73.863 %
Finished training it 52224/306969 of epoch 0, -1.00 ms/it, loss 0.705886
Testing at - 52224/306969 of epoch 0,   loss 0.705897, accuracy 73.863 %, best 73.863 %
Finished training it 53248/306969 of epoch 0, -1.00 ms/it, loss 0.705886
Testing at - 53248/306969 of epoch 0,   loss 0.705896, accuracy 73.863 %, best 73.863 %
Finished training it 54272/306969 of epoch 0, -1.00 ms/it, loss 0.705886
Testing at - 54272/306969 of epoch 0,   loss 0.705895, accuracy 73.863 %, best 73.863 %
Finished training it 55296/306969 of epoch 0, -1.00 ms/it, loss 0.705886
Testing at - 55296/306969 of epoch 0,   loss 0.705895, accuracy 73.863 %, best 73.863 %
Finished training it 56320/306969 of epoch 0, -1.00 ms/it, loss 0.705886
Testing at - 56320/306969 of epoch 0,   loss 0.705896, accuracy 73.863 %, best 73.863 %
Finished training it 57344/306969 of epoch 0, -1.00 ms/it, loss 0.705886
Testing at - 57344/306969 of epoch 0,   loss 0.705894, accuracy 73.863 %, best 73.863 %
Finished training it 58368/306969 of epoch 0, -1.00 ms/it, loss 0.705886
Testing at - 58368/306969 of epoch 0,   loss 0.705895, accuracy 73.863 %, best 73.863 %
Finished training it 59392/306969 of epoch 0, -1.00 ms/it, loss 0.705886
Testing at - 59392/306969 of epoch 0,   loss 0.705894, accuracy 73.863 %, best 73.863 %
Finished training it 60416/306969 of epoch 0, -1.00 ms/it, loss 0.705886
Testing at - 60416/306969 of epoch 0,   loss 0.705894, accuracy 73.863 %, best 73.863 %
Finished training it 61440/306969 of epoch 0, -1.00 ms/it, loss 0.705886
Testing at - 61440/306969 of epoch 0,   loss 0.705894, accuracy 73.863 %, best 73.863 %
Finished training it 62464/306969 of epoch 0, -1.00 ms/it, loss 0.705886
Testing at - 62464/306969 of epoch 0,   loss 0.705894, accuracy 73.863 %, best 73.863 %
Finished training it 63488/306969 of epoch 0, -1.00 ms/it, loss 0.705886
Testing at - 63488/306969 of epoch 0,   loss 0.705893, accuracy 73.863 %, best 73.863 %
Finished training it 64512/306969 of epoch 0, -1.00 ms/it, loss 0.705886
Testing at - 64512/306969 of epoch 0,   loss 0.705895, accuracy 73.863 %, best 73.863 %
Finished training it 65536/306969 of epoch 0, -1.00 ms/it, loss 0.705886
Testing at - 65536/306969 of epoch 0,   loss 0.705894, accuracy 73.863 %, best 73.863 %
Finished training it 66560/306969 of epoch 0, -1.00 ms/it, loss 0.705886
Testing at - 66560/306969 of epoch 0,   loss 0.705894, accuracy 73.863 %, best 73.863 %
Finished training it 67584/306969 of epoch 0, -1.00 ms/it, loss 0.705886
Testing at - 67584/306969 of epoch 0,   loss 0.705894, accuracy 73.863 %, best 73.863 %
Finished training it 68608/306969 of epoch 0, -1.00 ms/it, loss 0.705886
Testing at - 68608/306969 of epoch 0,   loss 0.705893, accuracy 73.863 %, best 73.863 %
Finished training it 69632/306969 of epoch 0, -1.00 ms/it, loss 0.705886
Testing at - 69632/306969 of epoch 0,   loss 0.705894, accuracy 73.863 %, best 73.863 %
Finished training it 70656/306969 of epoch 0, -1.00 ms/it, loss 0.705886
Testing at - 70656/306969 of epoch 0,   loss 0.705895, accuracy 73.863 %, best 73.863 %
Finished training it 71680/306969 of epoch 0, -1.00 ms/it, loss 0.705886
Testing at - 71680/306969 of epoch 0,   loss 0.705893, accuracy 73.863 %, best 73.863 %
Finished training it 72704/306969 of epoch 0, -1.00 ms/it, loss 0.705886
Testing at - 72704/306969 of epoch 0,   loss 0.705894, accuracy 73.863 %, best 73.863 %
Finished training it 73728/306969 of epoch 0, -1.00 ms/it, loss 0.705886
Testing at - 73728/306969 of epoch 0,   loss 0.705894, accuracy 73.863 %, best 73.863 %
Finished training it 74752/306969 of epoch 0, -1.00 ms/it, loss 0.705886
Testing at - 74752/306969 of epoch 0,   loss 0.705891, accuracy 73.863 %, best 73.863 %
Finished training it 75776/306969 of epoch 0, -1.00 ms/it, loss 0.705886
Testing at - 75776/306969 of epoch 0,   loss 0.705893, accuracy 73.863 %, best 73.863 %
Finished training it 76800/306969 of epoch 0, -1.00 ms/it, loss 0.705886
Testing at - 76800/306969 of epoch 0,   loss 0.705892, accuracy 73.863 %, best 73.863 %
Finished training it 77824/306969 of epoch 0, -1.00 ms/it, loss 0.705886
Testing at - 77824/306969 of epoch 0,   loss 0.705892, accuracy 73.863 %, best 73.863 %
Finished training it 78848/306969 of epoch 0, -1.00 ms/it, loss 0.705886
Testing at - 78848/306969 of epoch 0,   loss 0.705893, accuracy 73.863 %, best 73.863 %
Finished training it 79872/306969 of epoch 0, -1.00 ms/it, loss 0.705886
Testing at - 79872/306969 of epoch 0,   loss 0.705892, accuracy 73.863 %, best 73.863 %
Finished training it 80896/306969 of epoch 0, -1.00 ms/it, loss 0.705886
Testing at - 80896/306969 of epoch 0,   loss 0.705892, accuracy 73.863 %, best 73.863 %
Finished training it 81920/306969 of epoch 0, -1.00 ms/it, loss 0.705886
Testing at - 81920/306969 of epoch 0,   loss 0.705893, accuracy 73.863 %, best 73.863 %
Finished training it 82944/306969 of epoch 0, -1.00 ms/it, loss 0.705886
Testing at - 82944/306969 of epoch 0,   loss 0.705894, accuracy 73.863 %, best 73.863 %
Finished training it 83968/306969 of epoch 0, -1.00 ms/it, loss 0.705886
Testing at - 83968/306969 of epoch 0,   loss 0.705892, accuracy 73.863 %, best 73.863 %
Finished training it 84992/306969 of epoch 0, -1.00 ms/it, loss 0.705886
Testing at - 84992/306969 of epoch 0,   loss 0.705892, accuracy 73.863 %, best 73.863 %
Finished training it 86016/306969 of epoch 0, -1.00 ms/it, loss 0.705886
Testing at - 86016/306969 of epoch 0,   loss 0.705892, accuracy 73.863 %, best 73.863 %
Finished training it 87040/306969 of epoch 0, -1.00 ms/it, loss 0.705886
Testing at - 87040/306969 of epoch 0,   loss 0.705892, accuracy 73.863 %, best 73.863 %
Finished training it 88064/306969 of epoch 0, -1.00 ms/it, loss 0.705886
Testing at - 88064/306969 of epoch 0,   loss 0.705891, accuracy 73.863 %, best 73.863 %
Finished training it 89088/306969 of epoch 0, -1.00 ms/it, loss 0.705886
Testing at - 89088/306969 of epoch 0,   loss 0.705891, accuracy 73.863 %, best 73.863 %
Finished training it 90112/306969 of epoch 0, -1.00 ms/it, loss 0.705886
Testing at - 90112/306969 of epoch 0,   loss 0.705893, accuracy 73.863 %, best 73.863 %
Finished training it 91136/306969 of epoch 0, -1.00 ms/it, loss 0.705886
Testing at - 91136/306969 of epoch 0,   loss 0.705891, accuracy 73.863 %, best 73.863 %
Finished training it 92160/306969 of epoch 0, -1.00 ms/it, loss 0.705886
Testing at - 92160/306969 of epoch 0,   loss 0.705893, accuracy 73.863 %, best 73.863 %
Finished training it 93184/306969 of epoch 0, -1.00 ms/it, loss 0.705886
Testing at - 93184/306969 of epoch 0,   loss 0.705892, accuracy 73.863 %, best 73.863 %
Finished training it 94208/306969 of epoch 0, -1.00 ms/it, loss 0.705886
Testing at - 94208/306969 of epoch 0,   loss 0.705892, accuracy 73.863 %, best 73.863 %
Finished training it 95232/306969 of epoch 0, -1.00 ms/it, loss 0.705886
Testing at - 95232/306969 of epoch 0,   loss 0.705891, accuracy 73.863 %, best 73.863 %
Finished training it 96256/306969 of epoch 0, -1.00 ms/it, loss 0.705886
Testing at - 96256/306969 of epoch 0,   loss 0.705891, accuracy 73.863 %, best 73.863 %
Finished training it 97280/306969 of epoch 0, -1.00 ms/it, loss 0.705886
Testing at - 97280/306969 of epoch 0,   loss 0.705890, accuracy 73.863 %, best 73.863 %
Finished training it 98304/306969 of epoch 0, -1.00 ms/it, loss 0.705886
Testing at - 98304/306969 of epoch 0,   loss 0.705891, accuracy 73.863 %, best 73.863 %
Finished training it 99328/306969 of epoch 0, -1.00 ms/it, loss 0.705886
Testing at - 99328/306969 of epoch 0,   loss 0.705891, accuracy 73.863 %, best 73.863 %
Finished training it 100352/306969 of epoch 0, -1.00 ms/it, loss 0.705886
Testing at - 100352/306969 of epoch 0,   loss 0.705892, accuracy 73.863 %, best 73.863 %
Finished training it 101376/306969 of epoch 0, -1.00 ms/it, loss 0.705886
Testing at - 101376/306969 of epoch 0,   loss 0.705891, accuracy 73.863 %, best 73.863 %
Finished training it 102400/306969 of epoch 0, -1.00 ms/it, loss 0.705886
Testing at - 102400/306969 of epoch 0,   loss 0.705892, accuracy 73.863 %, best 73.863 %
Finished training it 103424/306969 of epoch 0, -1.00 ms/it, loss 0.705886
Testing at - 103424/306969 of epoch 0,   loss 0.705890, accuracy 73.863 %, best 73.863 %
Finished training it 104448/306969 of epoch 0, -1.00 ms/it, loss 0.705886
Testing at - 104448/306969 of epoch 0,   loss 0.705890, accuracy 73.863 %, best 73.863 %
Finished training it 105472/306969 of epoch 0, -1.00 ms/it, loss 0.705886
Testing at - 105472/306969 of epoch 0,   loss 0.705891, accuracy 73.863 %, best 73.863 %
Finished training it 106496/306969 of epoch 0, -1.00 ms/it, loss 0.705886
Testing at - 106496/306969 of epoch 0,   loss 0.705890, accuracy 73.863 %, best 73.863 %
Finished training it 107520/306969 of epoch 0, -1.00 ms/it, loss 0.705886
Testing at - 107520/306969 of epoch 0,   loss 0.705891, accuracy 73.863 %, best 73.863 %
Finished training it 108544/306969 of epoch 0, -1.00 ms/it, loss 0.705886
Testing at - 108544/306969 of epoch 0,   loss 0.705890, accuracy 73.863 %, best 73.863 %
Finished training it 109568/306969 of epoch 0, -1.00 ms/it, loss 0.705886
Testing at - 109568/306969 of epoch 0,   loss 0.705890, accuracy 73.863 %, best 73.863 %
Finished training it 110592/306969 of epoch 0, -1.00 ms/it, loss 0.705886
Testing at - 110592/306969 of epoch 0,   loss 0.705890, accuracy 73.863 %, best 73.863 %
Finished training it 111616/306969 of epoch 0, -1.00 ms/it, loss 0.705886
Testing at - 111616/306969 of epoch 0,   loss 0.705891, accuracy 73.863 %, best 73.863 %
Finished training it 112640/306969 of epoch 0, -1.00 ms/it, loss 0.705886
Testing at - 112640/306969 of epoch 0,   loss 0.705890, accuracy 73.863 %, best 73.863 %
Finished training it 113664/306969 of epoch 0, -1.00 ms/it, loss 0.705886
Testing at - 113664/306969 of epoch 0,   loss 0.705891, accuracy 73.863 %, best 73.863 %
Finished training it 114688/306969 of epoch 0, -1.00 ms/it, loss 0.705886
Testing at - 114688/306969 of epoch 0,   loss 0.705890, accuracy 73.863 %, best 73.863 %
Finished training it 115712/306969 of epoch 0, -1.00 ms/it, loss 0.705886
Testing at - 115712/306969 of epoch 0,   loss 0.705891, accuracy 73.863 %, best 73.863 %
Finished training it 116736/306969 of epoch 0, -1.00 ms/it, loss 0.705886
Testing at - 116736/306969 of epoch 0,   loss 0.705890, accuracy 73.863 %, best 73.863 %
Finished training it 117760/306969 of epoch 0, -1.00 ms/it, loss 0.705886
Testing at - 117760/306969 of epoch 0,   loss 0.705890, accuracy 73.863 %, best 73.863 %
Finished training it 118784/306969 of epoch 0, -1.00 ms/it, loss 0.705886
Testing at - 118784/306969 of epoch 0,   loss 0.705890, accuracy 73.863 %, best 73.863 %
Finished training it 119808/306969 of epoch 0, -1.00 ms/it, loss 0.705886
Testing at - 119808/306969 of epoch 0,   loss 0.705891, accuracy 73.863 %, best 73.863 %
Finished training it 120832/306969 of epoch 0, -1.00 ms/it, loss 0.705886
Testing at - 120832/306969 of epoch 0,   loss 0.705890, accuracy 73.863 %, best 73.863 %
Finished training it 121856/306969 of epoch 0, -1.00 ms/it, loss 0.705886
Testing at - 121856/306969 of epoch 0,   loss 0.705890, accuracy 73.863 %, best 73.863 %
Finished training it 122880/306969 of epoch 0, -1.00 ms/it, loss 0.705886
Testing at - 122880/306969 of epoch 0,   loss 0.705892, accuracy 73.863 %, best 73.863 %
Finished training it 123904/306969 of epoch 0, -1.00 ms/it, loss 0.705886
Testing at - 123904/306969 of epoch 0,   loss 0.705891, accuracy 73.863 %, best 73.863 %
Finished training it 124928/306969 of epoch 0, -1.00 ms/it, loss 0.705886
Testing at - 124928/306969 of epoch 0,   loss 0.705890, accuracy 73.863 %, best 73.863 %
Finished training it 125952/306969 of epoch 0, -1.00 ms/it, loss 0.705886
Testing at - 125952/306969 of epoch 0,   loss 0.705890, accuracy 73.863 %, best 73.863 %
Finished training it 126976/306969 of epoch 0, -1.00 ms/it, loss 0.705886
Testing at - 126976/306969 of epoch 0,   loss 0.705890, accuracy 73.863 %, best 73.863 %
Finished training it 128000/306969 of epoch 0, -1.00 ms/it, loss 0.705886
Testing at - 128000/306969 of epoch 0,   loss 0.705891, accuracy 73.863 %, best 73.863 %
Finished training it 129024/306969 of epoch 0, -1.00 ms/it, loss 0.705886
Testing at - 129024/306969 of epoch 0,   loss 0.705891, accuracy 73.863 %, best 73.863 %
Finished training it 130048/306969 of epoch 0, -1.00 ms/it, loss 0.705886
Testing at - 130048/306969 of epoch 0,   loss 0.705890, accuracy 73.863 %, best 73.863 %
Finished training it 131072/306969 of epoch 0, -1.00 ms/it, loss 0.705886
Testing at - 131072/306969 of epoch 0,   loss 0.705890, accuracy 73.863 %, best 73.863 %
Finished training it 132096/306969 of epoch 0, -1.00 ms/it, loss 0.705886
Testing at - 132096/306969 of epoch 0,   loss 0.705890, accuracy 73.863 %, best 73.863 %
Finished training it 133120/306969 of epoch 0, -1.00 ms/it, loss 0.705886
Testing at - 133120/306969 of epoch 0,   loss 0.705889, accuracy 73.863 %, best 73.863 %
Finished training it 134144/306969 of epoch 0, -1.00 ms/it, loss 0.705886
Testing at - 134144/306969 of epoch 0,   loss 0.705890, accuracy 73.863 %, best 73.863 %
Finished training it 135168/306969 of epoch 0, -1.00 ms/it, loss 0.705886
Testing at - 135168/306969 of epoch 0,   loss 0.705890, accuracy 73.863 %, best 73.863 %
Finished training it 136192/306969 of epoch 0, -1.00 ms/it, loss 0.705886
Testing at - 136192/306969 of epoch 0,   loss 0.705890, accuracy 73.863 %, best 73.863 %
Finished training it 137216/306969 of epoch 0, -1.00 ms/it, loss 0.705886
Testing at - 137216/306969 of epoch 0,   loss 0.705890, accuracy 73.863 %, best 73.863 %
Finished training it 138240/306969 of epoch 0, -1.00 ms/it, loss 0.705886
Testing at - 138240/306969 of epoch 0,   loss 0.705889, accuracy 73.863 %, best 73.863 %
Finished training it 139264/306969 of epoch 0, -1.00 ms/it, loss 0.705886
Testing at - 139264/306969 of epoch 0,   loss 0.705889, accuracy 73.863 %, best 73.863 %
Finished training it 140288/306969 of epoch 0, -1.00 ms/it, loss 0.705886
Testing at - 140288/306969 of epoch 0,   loss 0.705890, accuracy 73.863 %, best 73.863 %
Finished training it 141312/306969 of epoch 0, -1.00 ms/it, loss 0.705886
Testing at - 141312/306969 of epoch 0,   loss 0.705889, accuracy 73.863 %, best 73.863 %
Finished training it 142336/306969 of epoch 0, -1.00 ms/it, loss 0.705886
Testing at - 142336/306969 of epoch 0,   loss 0.705889, accuracy 73.863 %, best 73.863 %
Finished training it 143360/306969 of epoch 0, -1.00 ms/it, loss 0.705886
Testing at - 143360/306969 of epoch 0,   loss 0.705890, accuracy 73.863 %, best 73.863 %
Finished training it 144384/306969 of epoch 0, -1.00 ms/it, loss 0.705886
Testing at - 144384/306969 of epoch 0,   loss 0.705890, accuracy 73.863 %, best 73.863 %
Finished training it 145408/306969 of epoch 0, -1.00 ms/it, loss 0.705886
Testing at - 145408/306969 of epoch 0,   loss 0.705890, accuracy 73.863 %, best 73.863 %
Finished training it 146432/306969 of epoch 0, -1.00 ms/it, loss 0.705886
Testing at - 146432/306969 of epoch 0,   loss 0.705890, accuracy 73.863 %, best 73.863 %
Finished training it 147456/306969 of epoch 0, -1.00 ms/it, loss 0.705886
Testing at - 147456/306969 of epoch 0,   loss 0.705889, accuracy 73.863 %, best 73.863 %
Finished training it 148480/306969 of epoch 0, -1.00 ms/it, loss 0.705886
Testing at - 148480/306969 of epoch 0,   loss 0.705889, accuracy 73.863 %, best 73.863 %
Finished training it 149504/306969 of epoch 0, -1.00 ms/it, loss 0.705886
Testing at - 149504/306969 of epoch 0,   loss 0.705890, accuracy 73.863 %, best 73.863 %
Finished training it 150528/306969 of epoch 0, -1.00 ms/it, loss 0.705886
Testing at - 150528/306969 of epoch 0,   loss 0.705889, accuracy 73.863 %, best 73.863 %
Finished training it 151552/306969 of epoch 0, -1.00 ms/it, loss 0.705886
Testing at - 151552/306969 of epoch 0,   loss 0.705889, accuracy 73.863 %, best 73.863 %
Finished training it 152576/306969 of epoch 0, -1.00 ms/it, loss 0.705886
Testing at - 152576/306969 of epoch 0,   loss 0.705890, accuracy 73.863 %, best 73.863 %
Finished training it 153600/306969 of epoch 0, -1.00 ms/it, loss 0.705886
Testing at - 153600/306969 of epoch 0,   loss 0.705890, accuracy 73.863 %, best 73.863 %
Finished training it 154624/306969 of epoch 0, -1.00 ms/it, loss 0.705886
Testing at - 154624/306969 of epoch 0,   loss 0.705889, accuracy 73.863 %, best 73.863 %
Finished training it 155648/306969 of epoch 0, -1.00 ms/it, loss 0.705886
Testing at - 155648/306969 of epoch 0,   loss 0.705889, accuracy 73.863 %, best 73.863 %
Finished training it 156672/306969 of epoch 0, -1.00 ms/it, loss 0.705886
Testing at - 156672/306969 of epoch 0,   loss 0.705889, accuracy 73.863 %, best 73.863 %
Finished training it 157696/306969 of epoch 0, -1.00 ms/it, loss 0.705886
Testing at - 157696/306969 of epoch 0,   loss 0.705889, accuracy 73.863 %, best 73.863 %
Finished training it 158720/306969 of epoch 0, -1.00 ms/it, loss 0.705886
Testing at - 158720/306969 of epoch 0,   loss 0.705891, accuracy 73.863 %, best 73.863 %
Finished training it 159744/306969 of epoch 0, -1.00 ms/it, loss 0.705886
Testing at - 159744/306969 of epoch 0,   loss 0.705889, accuracy 73.863 %, best 73.863 %
Finished training it 160768/306969 of epoch 0, -1.00 ms/it, loss 0.705886
Testing at - 160768/306969 of epoch 0,   loss 0.705889, accuracy 73.863 %, best 73.863 %
Finished training it 161792/306969 of epoch 0, -1.00 ms/it, loss 0.705886
Testing at - 161792/306969 of epoch 0,   loss 0.705889, accuracy 73.863 %, best 73.863 %
Finished training it 162816/306969 of epoch 0, -1.00 ms/it, loss 0.705886
Testing at - 162816/306969 of epoch 0,   loss 0.705889, accuracy 73.863 %, best 73.863 %
Finished training it 163840/306969 of epoch 0, -1.00 ms/it, loss 0.705886
Testing at - 163840/306969 of epoch 0,   loss 0.705889, accuracy 73.863 %, best 73.863 %
Finished training it 164864/306969 of epoch 0, -1.00 ms/it, loss 0.705886
Testing at - 164864/306969 of epoch 0,   loss 0.705888, accuracy 73.863 %, best 73.863 %
Finished training it 165888/306969 of epoch 0, -1.00 ms/it, loss 0.705886
Testing at - 165888/306969 of epoch 0,   loss 0.705889, accuracy 73.863 %, best 73.863 %
Finished training it 166912/306969 of epoch 0, -1.00 ms/it, loss 0.705886
Testing at - 166912/306969 of epoch 0,   loss 0.705889, accuracy 73.863 %, best 73.863 %
Finished training it 167936/306969 of epoch 0, -1.00 ms/it, loss 0.705886
Testing at - 167936/306969 of epoch 0,   loss 0.705890, accuracy 73.863 %, best 73.863 %
Finished training it 168960/306969 of epoch 0, -1.00 ms/it, loss 0.705886
Testing at - 168960/306969 of epoch 0,   loss 0.705889, accuracy 73.863 %, best 73.863 %
Finished training it 169984/306969 of epoch 0, -1.00 ms/it, loss 0.705886
Testing at - 169984/306969 of epoch 0,   loss 0.705889, accuracy 73.863 %, best 73.863 %
Finished training it 171008/306969 of epoch 0, -1.00 ms/it, loss 0.705886
Testing at - 171008/306969 of epoch 0,   loss 0.705889, accuracy 73.863 %, best 73.863 %
Finished training it 172032/306969 of epoch 0, -1.00 ms/it, loss 0.705886
Testing at - 172032/306969 of epoch 0,   loss 0.705889, accuracy 73.863 %, best 73.863 %
Finished training it 173056/306969 of epoch 0, -1.00 ms/it, loss 0.705886
Testing at - 173056/306969 of epoch 0,   loss 0.705889, accuracy 73.863 %, best 73.863 %
Finished training it 174080/306969 of epoch 0, -1.00 ms/it, loss 0.705886
Testing at - 174080/306969 of epoch 0,   loss 0.705889, accuracy 73.863 %, best 73.863 %
Finished training it 175104/306969 of epoch 0, -1.00 ms/it, loss 0.705886
Testing at - 175104/306969 of epoch 0,   loss 0.705888, accuracy 73.863 %, best 73.863 %
Finished training it 176128/306969 of epoch 0, -1.00 ms/it, loss 0.705886
Testing at - 176128/306969 of epoch 0,   loss 0.705889, accuracy 73.863 %, best 73.863 %
Finished training it 177152/306969 of epoch 0, -1.00 ms/it, loss 0.705886
Testing at - 177152/306969 of epoch 0,   loss 0.705888, accuracy 73.863 %, best 73.863 %
Finished training it 178176/306969 of epoch 0, -1.00 ms/it, loss 0.705886
Testing at - 178176/306969 of epoch 0,   loss 0.705888, accuracy 73.863 %, best 73.863 %
Finished training it 179200/306969 of epoch 0, -1.00 ms/it, loss 0.705886
Testing at - 179200/306969 of epoch 0,   loss 0.705890, accuracy 73.863 %, best 73.863 %
Finished training it 180224/306969 of epoch 0, -1.00 ms/it, loss 0.705886
Testing at - 180224/306969 of epoch 0,   loss 0.705889, accuracy 73.863 %, best 73.863 %
Finished training it 181248/306969 of epoch 0, -1.00 ms/it, loss 0.705886
Testing at - 181248/306969 of epoch 0,   loss 0.705889, accuracy 73.863 %, best 73.863 %
Finished training it 182272/306969 of epoch 0, -1.00 ms/it, loss 0.705886
Testing at - 182272/306969 of epoch 0,   loss 0.705889, accuracy 73.863 %, best 73.863 %
Finished training it 183296/306969 of epoch 0, -1.00 ms/it, loss 0.705886
Testing at - 183296/306969 of epoch 0,   loss 0.705889, accuracy 73.863 %, best 73.863 %
Finished training it 184320/306969 of epoch 0, -1.00 ms/it, loss 0.705886
Testing at - 184320/306969 of epoch 0,   loss 0.705889, accuracy 73.863 %, best 73.863 %
Finished training it 185344/306969 of epoch 0, -1.00 ms/it, loss 0.705886
Testing at - 185344/306969 of epoch 0,   loss 0.705888, accuracy 73.863 %, best 73.863 %
Finished training it 186368/306969 of epoch 0, -1.00 ms/it, loss 0.705886
Testing at - 186368/306969 of epoch 0,   loss 0.705889, accuracy 73.863 %, best 73.863 %
Finished training it 187392/306969 of epoch 0, -1.00 ms/it, loss 0.705886
Testing at - 187392/306969 of epoch 0,   loss 0.705888, accuracy 73.863 %, best 73.863 %
Finished training it 188416/306969 of epoch 0, -1.00 ms/it, loss 0.705886
Testing at - 188416/306969 of epoch 0,   loss 0.705888, accuracy 73.863 %, best 73.863 %
Finished training it 189440/306969 of epoch 0, -1.00 ms/it, loss 0.705886
Testing at - 189440/306969 of epoch 0,   loss 0.705888, accuracy 73.863 %, best 73.863 %
Finished training it 190464/306969 of epoch 0, -1.00 ms/it, loss 0.705886
Testing at - 190464/306969 of epoch 0,   loss 0.705888, accuracy 73.863 %, best 73.863 %
Finished training it 191488/306969 of epoch 0, -1.00 ms/it, loss 0.705886
Testing at - 191488/306969 of epoch 0,   loss 0.705888, accuracy 73.863 %, best 73.863 %
Finished training it 192512/306969 of epoch 0, -1.00 ms/it, loss 0.705886
Testing at - 192512/306969 of epoch 0,   loss 0.705889, accuracy 73.863 %, best 73.863 %
Finished training it 193536/306969 of epoch 0, -1.00 ms/it, loss 0.705886
Testing at - 193536/306969 of epoch 0,   loss 0.705888, accuracy 73.863 %, best 73.863 %
Finished training it 194560/306969 of epoch 0, -1.00 ms/it, loss 0.705886
Testing at - 194560/306969 of epoch 0,   loss 0.705888, accuracy 73.863 %, best 73.863 %
Finished training it 195584/306969 of epoch 0, -1.00 ms/it, loss 0.705886
Testing at - 195584/306969 of epoch 0,   loss 0.705889, accuracy 73.863 %, best 73.863 %
Finished training it 196608/306969 of epoch 0, -1.00 ms/it, loss 0.705886
Testing at - 196608/306969 of epoch 0,   loss 0.705888, accuracy 73.863 %, best 73.863 %
Finished training it 197632/306969 of epoch 0, -1.00 ms/it, loss 0.705886
Testing at - 197632/306969 of epoch 0,   loss 0.705889, accuracy 73.863 %, best 73.863 %
Finished training it 198656/306969 of epoch 0, -1.00 ms/it, loss 0.705886
Testing at - 198656/306969 of epoch 0,   loss 0.705888, accuracy 73.863 %, best 73.863 %
Finished training it 199680/306969 of epoch 0, -1.00 ms/it, loss 0.705886
Testing at - 199680/306969 of epoch 0,   loss 0.705889, accuracy 73.863 %, best 73.863 %
Finished training it 200704/306969 of epoch 0, -1.00 ms/it, loss 0.705886
Testing at - 200704/306969 of epoch 0,   loss 0.705889, accuracy 73.863 %, best 73.863 %
Finished training it 201728/306969 of epoch 0, -1.00 ms/it, loss 0.705886
Testing at - 201728/306969 of epoch 0,   loss 0.705888, accuracy 73.863 %, best 73.863 %
Finished training it 202752/306969 of epoch 0, -1.00 ms/it, loss 0.705886
Testing at - 202752/306969 of epoch 0,   loss 0.705888, accuracy 73.863 %, best 73.863 %
Finished training it 203776/306969 of epoch 0, -1.00 ms/it, loss 0.705886
Testing at - 203776/306969 of epoch 0,   loss 0.705889, accuracy 73.863 %, best 73.863 %
Finished training it 204800/306969 of epoch 0, -1.00 ms/it, loss 0.705886
Testing at - 204800/306969 of epoch 0,   loss 0.705888, accuracy 73.863 %, best 73.863 %
Finished training it 205824/306969 of epoch 0, -1.00 ms/it, loss 0.705886
Testing at - 205824/306969 of epoch 0,   loss 0.705889, accuracy 73.863 %, best 73.863 %
Finished training it 206848/306969 of epoch 0, -1.00 ms/it, loss 0.705886
Testing at - 206848/306969 of epoch 0,   loss 0.705888, accuracy 73.863 %, best 73.863 %
Finished training it 207872/306969 of epoch 0, -1.00 ms/it, loss 0.705886
Testing at - 207872/306969 of epoch 0,   loss 0.705889, accuracy 73.863 %, best 73.863 %
Finished training it 208896/306969 of epoch 0, -1.00 ms/it, loss 0.705886
Testing at - 208896/306969 of epoch 0,   loss 0.705888, accuracy 73.863 %, best 73.863 %
Finished training it 209920/306969 of epoch 0, -1.00 ms/it, loss 0.705886
Testing at - 209920/306969 of epoch 0,   loss 0.705889, accuracy 73.863 %, best 73.863 %
Finished training it 210944/306969 of epoch 0, -1.00 ms/it, loss 0.705886
Testing at - 210944/306969 of epoch 0,   loss 0.705888, accuracy 73.863 %, best 73.863 %
Finished training it 211968/306969 of epoch 0, -1.00 ms/it, loss 0.705886
Testing at - 211968/306969 of epoch 0,   loss 0.705889, accuracy 73.863 %, best 73.863 %
Finished training it 212992/306969 of epoch 0, -1.00 ms/it, loss 0.705886
Testing at - 212992/306969 of epoch 0,   loss 0.705889, accuracy 73.863 %, best 73.863 %
Finished training it 214016/306969 of epoch 0, -1.00 ms/it, loss 0.705886
Testing at - 214016/306969 of epoch 0,   loss 0.705888, accuracy 73.863 %, best 73.863 %
Finished training it 215040/306969 of epoch 0, -1.00 ms/it, loss 0.705886
Testing at - 215040/306969 of epoch 0,   loss 0.705888, accuracy 73.863 %, best 73.863 %
Finished training it 216064/306969 of epoch 0, -1.00 ms/it, loss 0.705886
Testing at - 216064/306969 of epoch 0,   loss 0.705888, accuracy 73.863 %, best 73.863 %
Finished training it 217088/306969 of epoch 0, -1.00 ms/it, loss 0.705886
Testing at - 217088/306969 of epoch 0,   loss 0.705888, accuracy 73.863 %, best 73.863 %
Finished training it 218112/306969 of epoch 0, -1.00 ms/it, loss 0.705886
Testing at - 218112/306969 of epoch 0,   loss 0.705889, accuracy 73.863 %, best 73.863 %
Finished training it 219136/306969 of epoch 0, -1.00 ms/it, loss 0.705886
Testing at - 219136/306969 of epoch 0,   loss 0.705888, accuracy 73.863 %, best 73.863 %
Finished training it 220160/306969 of epoch 0, -1.00 ms/it, loss 0.705886
Testing at - 220160/306969 of epoch 0,   loss 0.705888, accuracy 73.863 %, best 73.863 %
Finished training it 221184/306969 of epoch 0, -1.00 ms/it, loss 0.705886
Testing at - 221184/306969 of epoch 0,   loss 0.705888, accuracy 73.863 %, best 73.863 %
Finished training it 222208/306969 of epoch 0, -1.00 ms/it, loss 0.705886
Testing at - 222208/306969 of epoch 0,   loss 0.705889, accuracy 73.863 %, best 73.863 %
Finished training it 223232/306969 of epoch 0, -1.00 ms/it, loss 0.705886
Testing at - 223232/306969 of epoch 0,   loss 0.705888, accuracy 73.863 %, best 73.863 %
Finished training it 224256/306969 of epoch 0, -1.00 ms/it, loss 0.705886
Testing at - 224256/306969 of epoch 0,   loss 0.705888, accuracy 73.863 %, best 73.863 %
Finished training it 225280/306969 of epoch 0, -1.00 ms/it, loss 0.705886
Testing at - 225280/306969 of epoch 0,   loss 0.705889, accuracy 73.863 %, best 73.863 %
Finished training it 226304/306969 of epoch 0, -1.00 ms/it, loss 0.705886
Testing at - 226304/306969 of epoch 0,   loss 0.705888, accuracy 73.863 %, best 73.863 %
Finished training it 227328/306969 of epoch 0, -1.00 ms/it, loss 0.705886
Testing at - 227328/306969 of epoch 0,   loss 0.705888, accuracy 73.863 %, best 73.863 %
Finished training it 228352/306969 of epoch 0, -1.00 ms/it, loss 0.705886
Testing at - 228352/306969 of epoch 0,   loss 0.705888, accuracy 73.863 %, best 73.863 %
Finished training it 229376/306969 of epoch 0, -1.00 ms/it, loss 0.705886
Testing at - 229376/306969 of epoch 0,   loss 0.705888, accuracy 73.863 %, best 73.863 %
Finished training it 230400/306969 of epoch 0, -1.00 ms/it, loss 0.705886
Testing at - 230400/306969 of epoch 0,   loss 0.705888, accuracy 73.863 %, best 73.863 %
Finished training it 231424/306969 of epoch 0, -1.00 ms/it, loss 0.705886
Testing at - 231424/306969 of epoch 0,   loss 0.705888, accuracy 73.863 %, best 73.863 %
Finished training it 232448/306969 of epoch 0, -1.00 ms/it, loss 0.705886
Testing at - 232448/306969 of epoch 0,   loss 0.705888, accuracy 73.863 %, best 73.863 %
Finished training it 233472/306969 of epoch 0, -1.00 ms/it, loss 0.705886
Testing at - 233472/306969 of epoch 0,   loss 0.705888, accuracy 73.863 %, best 73.863 %
Finished training it 234496/306969 of epoch 0, -1.00 ms/it, loss 0.705886
Testing at - 234496/306969 of epoch 0,   loss 0.705888, accuracy 73.863 %, best 73.863 %
Finished training it 235520/306969 of epoch 0, -1.00 ms/it, loss 0.705886
Testing at - 235520/306969 of epoch 0,   loss 0.705888, accuracy 73.863 %, best 73.863 %
Finished training it 236544/306969 of epoch 0, -1.00 ms/it, loss 0.705886
Testing at - 236544/306969 of epoch 0,   loss 0.705888, accuracy 73.863 %, best 73.863 %
Finished training it 237568/306969 of epoch 0, -1.00 ms/it, loss 0.705886
Testing at - 237568/306969 of epoch 0,   loss 0.705888, accuracy 73.863 %, best 73.863 %
Finished training it 238592/306969 of epoch 0, -1.00 ms/it, loss 0.705886
Testing at - 238592/306969 of epoch 0,   loss 0.705888, accuracy 73.863 %, best 73.863 %
Finished training it 239616/306969 of epoch 0, -1.00 ms/it, loss 0.705886
Testing at - 239616/306969 of epoch 0,   loss 0.705888, accuracy 73.863 %, best 73.863 %
Finished training it 240640/306969 of epoch 0, -1.00 ms/it, loss 0.705886
Testing at - 240640/306969 of epoch 0,   loss 0.705888, accuracy 73.863 %, best 73.863 %
Finished training it 241664/306969 of epoch 0, -1.00 ms/it, loss 0.705886
Testing at - 241664/306969 of epoch 0,   loss 0.705888, accuracy 73.863 %, best 73.863 %
Finished training it 242688/306969 of epoch 0, -1.00 ms/it, loss 0.705886
Testing at - 242688/306969 of epoch 0,   loss 0.705889, accuracy 73.863 %, best 73.863 %
Finished training it 243712/306969 of epoch 0, -1.00 ms/it, loss 0.705886
Testing at - 243712/306969 of epoch 0,   loss 0.705888, accuracy 73.863 %, best 73.863 %
Finished training it 244736/306969 of epoch 0, -1.00 ms/it, loss 0.705886
Testing at - 244736/306969 of epoch 0,   loss 0.705888, accuracy 73.863 %, best 73.863 %
Finished training it 245760/306969 of epoch 0, -1.00 ms/it, loss 0.705886
Testing at - 245760/306969 of epoch 0,   loss 0.705889, accuracy 73.863 %, best 73.863 %
Finished training it 246784/306969 of epoch 0, -1.00 ms/it, loss 0.705886
Testing at - 246784/306969 of epoch 0,   loss 0.705888, accuracy 73.863 %, best 73.863 %
Finished training it 247808/306969 of epoch 0, -1.00 ms/it, loss 0.705886
Testing at - 247808/306969 of epoch 0,   loss 0.705888, accuracy 73.863 %, best 73.863 %
Finished training it 248832/306969 of epoch 0, -1.00 ms/it, loss 0.705886
Testing at - 248832/306969 of epoch 0,   loss 0.705888, accuracy 73.863 %, best 73.863 %
Finished training it 249856/306969 of epoch 0, -1.00 ms/it, loss 0.705886
Testing at - 249856/306969 of epoch 0,   loss 0.705888, accuracy 73.863 %, best 73.863 %
Finished training it 250880/306969 of epoch 0, -1.00 ms/it, loss 0.705886
Testing at - 250880/306969 of epoch 0,   loss 0.705888, accuracy 73.863 %, best 73.863 %
Finished training it 251904/306969 of epoch 0, -1.00 ms/it, loss 0.705886
Testing at - 251904/306969 of epoch 0,   loss 0.705888, accuracy 73.863 %, best 73.863 %
Finished training it 252928/306969 of epoch 0, -1.00 ms/it, loss 0.705886
Testing at - 252928/306969 of epoch 0,   loss 0.705888, accuracy 73.863 %, best 73.863 %
Finished training it 253952/306969 of epoch 0, -1.00 ms/it, loss 0.705886
Testing at - 253952/306969 of epoch 0,   loss 0.705888, accuracy 73.863 %, best 73.863 %
Finished training it 254976/306969 of epoch 0, -1.00 ms/it, loss 0.705886
Testing at - 254976/306969 of epoch 0,   loss 0.705888, accuracy 73.863 %, best 73.863 %
Finished training it 256000/306969 of epoch 0, -1.00 ms/it, loss 0.705886
Testing at - 256000/306969 of epoch 0,   loss 0.705888, accuracy 73.863 %, best 73.863 %
Finished training it 257024/306969 of epoch 0, -1.00 ms/it, loss 0.705886
Testing at - 257024/306969 of epoch 0,   loss 0.705888, accuracy 73.863 %, best 73.863 %
Finished training it 258048/306969 of epoch 0, -1.00 ms/it, loss 0.705886
Testing at - 258048/306969 of epoch 0,   loss 0.705888, accuracy 73.863 %, best 73.863 %
Finished training it 259072/306969 of epoch 0, -1.00 ms/it, loss 0.705886
Testing at - 259072/306969 of epoch 0,   loss 0.705888, accuracy 73.863 %, best 73.863 %
Finished training it 260096/306969 of epoch 0, -1.00 ms/it, loss 0.705886
Testing at - 260096/306969 of epoch 0,   loss 0.705888, accuracy 73.863 %, best 73.863 %
Finished training it 261120/306969 of epoch 0, -1.00 ms/it, loss 0.705886
Testing at - 261120/306969 of epoch 0,   loss 0.705888, accuracy 73.863 %, best 73.863 %
Finished training it 262144/306969 of epoch 0, -1.00 ms/it, loss 0.705886
Testing at - 262144/306969 of epoch 0,   loss 0.705888, accuracy 73.863 %, best 73.863 %
Finished training it 263168/306969 of epoch 0, -1.00 ms/it, loss 0.705886
Testing at - 263168/306969 of epoch 0,   loss 0.705888, accuracy 73.863 %, best 73.863 %
Finished training it 264192/306969 of epoch 0, -1.00 ms/it, loss 0.705886
Testing at - 264192/306969 of epoch 0,   loss 0.705888, accuracy 73.863 %, best 73.863 %
Finished training it 265216/306969 of epoch 0, -1.00 ms/it, loss 0.705886
Testing at - 265216/306969 of epoch 0,   loss 0.705888, accuracy 73.863 %, best 73.863 %
Finished training it 266240/306969 of epoch 0, -1.00 ms/it, loss 0.705886
Testing at - 266240/306969 of epoch 0,   loss 0.705888, accuracy 73.863 %, best 73.863 %
Finished training it 267264/306969 of epoch 0, -1.00 ms/it, loss 0.705886
Testing at - 267264/306969 of epoch 0,   loss 0.705888, accuracy 73.863 %, best 73.863 %
Finished training it 268288/306969 of epoch 0, -1.00 ms/it, loss 0.705886
Testing at - 268288/306969 of epoch 0,   loss 0.705888, accuracy 73.863 %, best 73.863 %
Finished training it 269312/306969 of epoch 0, -1.00 ms/it, loss 0.705886
Testing at - 269312/306969 of epoch 0,   loss 0.705889, accuracy 73.863 %, best 73.863 %
Finished training it 270336/306969 of epoch 0, -1.00 ms/it, loss 0.705886
Testing at - 270336/306969 of epoch 0,   loss 0.705888, accuracy 73.863 %, best 73.863 %
Finished training it 271360/306969 of epoch 0, -1.00 ms/it, loss 0.705886
Testing at - 271360/306969 of epoch 0,   loss 0.705888, accuracy 73.863 %, best 73.863 %
Finished training it 272384/306969 of epoch 0, -1.00 ms/it, loss 0.705886
Testing at - 272384/306969 of epoch 0,   loss 0.705888, accuracy 73.863 %, best 73.863 %
Finished training it 273408/306969 of epoch 0, -1.00 ms/it, loss 0.705886
Testing at - 273408/306969 of epoch 0,   loss 0.705888, accuracy 73.863 %, best 73.863 %
Finished training it 274432/306969 of epoch 0, -1.00 ms/it, loss 0.705886
Testing at - 274432/306969 of epoch 0,   loss 0.705888, accuracy 73.863 %, best 73.863 %
Finished training it 275456/306969 of epoch 0, -1.00 ms/it, loss 0.705886
Testing at - 275456/306969 of epoch 0,   loss 0.705888, accuracy 73.863 %, best 73.863 %
Finished training it 276480/306969 of epoch 0, -1.00 ms/it, loss 0.705886
Testing at - 276480/306969 of epoch 0,   loss 0.705888, accuracy 73.863 %, best 73.863 %
Finished training it 277504/306969 of epoch 0, -1.00 ms/it, loss 0.705886
Testing at - 277504/306969 of epoch 0,   loss 0.705888, accuracy 73.863 %, best 73.863 %
Finished training it 278528/306969 of epoch 0, -1.00 ms/it, loss 0.705886
Testing at - 278528/306969 of epoch 0,   loss 0.705888, accuracy 73.863 %, best 73.863 %
Finished training it 279552/306969 of epoch 0, -1.00 ms/it, loss 0.705886
Testing at - 279552/306969 of epoch 0,   loss 0.705888, accuracy 73.863 %, best 73.863 %
Finished training it 280576/306969 of epoch 0, -1.00 ms/it, loss 0.705886
Testing at - 280576/306969 of epoch 0,   loss 0.705888, accuracy 73.863 %, best 73.863 %
Finished training it 281600/306969 of epoch 0, -1.00 ms/it, loss 0.705886
Testing at - 281600/306969 of epoch 0,   loss 0.705888, accuracy 73.863 %, best 73.863 %
Finished training it 282624/306969 of epoch 0, -1.00 ms/it, loss 0.705886
Testing at - 282624/306969 of epoch 0,   loss 0.705888, accuracy 73.863 %, best 73.863 %
Finished training it 283648/306969 of epoch 0, -1.00 ms/it, loss 0.705886
Testing at - 283648/306969 of epoch 0,   loss 0.705888, accuracy 73.863 %, best 73.863 %
Finished training it 284672/306969 of epoch 0, -1.00 ms/it, loss 0.705886
Testing at - 284672/306969 of epoch 0,   loss 0.705887, accuracy 73.863 %, best 73.863 %
Finished training it 285696/306969 of epoch 0, -1.00 ms/it, loss 0.705886
Testing at - 285696/306969 of epoch 0,   loss 0.705888, accuracy 73.863 %, best 73.863 %
Finished training it 286720/306969 of epoch 0, -1.00 ms/it, loss 0.705886
Testing at - 286720/306969 of epoch 0,   loss 0.705888, accuracy 73.863 %, best 73.863 %
Finished training it 287744/306969 of epoch 0, -1.00 ms/it, loss 0.705886
Testing at - 287744/306969 of epoch 0,   loss 0.705888, accuracy 73.863 %, best 73.863 %
Finished training it 288768/306969 of epoch 0, -1.00 ms/it, loss 0.705886
Testing at - 288768/306969 of epoch 0,   loss 0.705888, accuracy 73.863 %, best 73.863 %
Finished training it 289792/306969 of epoch 0, -1.00 ms/it, loss 0.705886
Testing at - 289792/306969 of epoch 0,   loss 0.705888, accuracy 73.863 %, best 73.863 %
Finished training it 290816/306969 of epoch 0, -1.00 ms/it, loss 0.705886
Testing at - 290816/306969 of epoch 0,   loss 0.705888, accuracy 73.863 %, best 73.863 %
Finished training it 291840/306969 of epoch 0, -1.00 ms/it, loss 0.705886
Testing at - 291840/306969 of epoch 0,   loss 0.705888, accuracy 73.863 %, best 73.863 %
Finished training it 292864/306969 of epoch 0, -1.00 ms/it, loss 0.705886
Testing at - 292864/306969 of epoch 0,   loss 0.705888, accuracy 73.863 %, best 73.863 %
Finished training it 293888/306969 of epoch 0, -1.00 ms/it, loss 0.705886
Testing at - 293888/306969 of epoch 0,   loss 0.705888, accuracy 73.863 %, best 73.863 %
Finished training it 294912/306969 of epoch 0, -1.00 ms/it, loss 0.705886
Testing at - 294912/306969 of epoch 0,   loss 0.705888, accuracy 73.863 %, best 73.863 %
Finished training it 295936/306969 of epoch 0, -1.00 ms/it, loss 0.705886
Testing at - 295936/306969 of epoch 0,   loss 0.705888, accuracy 73.863 %, best 73.863 %
Finished training it 296960/306969 of epoch 0, -1.00 ms/it, loss 0.705886
Testing at - 296960/306969 of epoch 0,   loss 0.705887, accuracy 73.863 %, best 73.863 %
Finished training it 297984/306969 of epoch 0, -1.00 ms/it, loss 0.705886
Testing at - 297984/306969 of epoch 0,   loss 0.705887, accuracy 73.863 %, best 73.863 %
Finished training it 299008/306969 of epoch 0, -1.00 ms/it, loss 0.705886
Testing at - 299008/306969 of epoch 0,   loss 0.705888, accuracy 73.863 %, best 73.863 %
Finished training it 300032/306969 of epoch 0, -1.00 ms/it, loss 0.705886
Testing at - 300032/306969 of epoch 0,   loss 0.705888, accuracy 73.863 %, best 73.863 %
Finished training it 301056/306969 of epoch 0, -1.00 ms/it, loss 0.705886
Testing at - 301056/306969 of epoch 0,   loss 0.705888, accuracy 73.863 %, best 73.863 %
Finished training it 302080/306969 of epoch 0, -1.00 ms/it, loss 0.705886
Testing at - 302080/306969 of epoch 0,   loss 0.705887, accuracy 73.863 %, best 73.863 %
Finished training it 303104/306969 of epoch 0, -1.00 ms/it, loss 0.705886
Testing at - 303104/306969 of epoch 0,   loss 0.705888, accuracy 73.863 %, best 73.863 %
Finished training it 304128/306969 of epoch 0, -1.00 ms/it, loss 0.705886
Testing at - 304128/306969 of epoch 0,   loss 0.705887, accuracy 73.863 %, best 73.863 %
Finished training it 305152/306969 of epoch 0, -1.00 ms/it, loss 0.705886
Testing at - 305152/306969 of epoch 0,   loss 0.705887, accuracy 73.863 %, best 73.863 %
Finished training it 306176/306969 of epoch 0, -1.00 ms/it, loss 0.705886
Testing at - 306176/306969 of epoch 0,   loss 0.705888, accuracy 73.863 %, best 73.863 %
Finished training it 306969/306969 of epoch 0, -1.00 ms/it, loss 0.705880
Testing at - 306969/306969 of epoch 0,   loss 0.701357, accuracy 73.863 %, best 73.863 %
