NCCL version 2.9.6+cudaCUDA_MAJOR.CUDA_MINOR
Unable to import mlperf_logging,  No module named 'mlperf_logging'
world size: 1, current rank: 0, local rank: 0
Using 2 GPU(s)...
Reading pre-processed data=./input/kaggleAdDisplayChallenge_processed.npz
Sparse fea = 26, Dense fea = 13
Defined train indices...
Randomized indices across days ...
Split data according to indices...
Reading pre-processed data=./input/kaggleAdDisplayChallenge_processed.npz
Sparse fea = 26, Dense fea = 13
Defined test indices...
Randomized indices across days ...
Split data according to indices...
DLRM_Net(
  (bot_l): Sequential(
    (0): Linear(in_features=13, out_features=512, bias=True)
    (1): ReLU()
    (2): Linear(in_features=512, out_features=256, bias=True)
    (3): ReLU()
    (4): Linear(in_features=256, out_features=64, bias=True)
    (5): ReLU()
    (6): Linear(in_features=64, out_features=16, bias=True)
    (7): ReLU()
  )
  (top_l): Sequential(
    (0): Linear(in_features=367, out_features=512, bias=True)
    (1): ReLU()
    (2): Linear(in_features=512, out_features=256, bias=True)
    (3): ReLU()
    (4): Linear(in_features=256, out_features=1, bias=True)
    (5): Sigmoid()
  )
  (loss_fn): BCELoss()
)
Random uniform embeddings init: 0 size: 1461 dim: 16
Random uniform embeddings init: 1 size: 584 dim: 16
Random uniform embeddings init: 2 size: 10131227 dim: 16
Random uniform embeddings init: 3 size: 2202608 dim: 16
Random uniform embeddings init: 4 size: 306 dim: 16
Random uniform embeddings init: 5 size: 24 dim: 16
Random uniform embeddings init: 6 size: 12518 dim: 16
Random uniform embeddings init: 7 size: 634 dim: 16
Random uniform embeddings init: 8 size: 4 dim: 16
Random uniform embeddings init: 9 size: 93146 dim: 16
Random uniform embeddings init: 10 size: 5684 dim: 16
Random uniform embeddings init: 11 size: 8351593 dim: 16
Random uniform embeddings init: 12 size: 3195 dim: 16
Random uniform embeddings init: 13 size: 28 dim: 16
Random uniform embeddings init: 14 size: 14993 dim: 16
Random uniform embeddings init: 15 size: 5461306 dim: 16
Random uniform embeddings init: 16 size: 11 dim: 16
Random uniform embeddings init: 17 size: 5653 dim: 16
Random uniform embeddings init: 18 size: 2173 dim: 16
Random uniform embeddings init: 19 size: 4 dim: 16
Random uniform embeddings init: 20 size: 7046547 dim: 16
Random uniform embeddings init: 21 size: 18 dim: 16
Random uniform embeddings init: 22 size: 16 dim: 16
Random uniform embeddings init: 23 size: 286181 dim: 16
Random uniform embeddings init: 24 size: 105 dim: 16
Random uniform embeddings init: 25 size: 142572 dim: 16
time/loss/accuracy (if enabled):
Finished training it 256/76743 of epoch 0, 44.22 ms/it, NE 0.928279, loss 0.527918
Testing at - 256/76743 of epoch 0,  NE 0.901734, loss 0.518032, accuracy 75.394 %, best 75.394 %
Finished training it 512/76743 of epoch 0, 25.69 ms/it, NE 0.913836, loss 0.511676
Testing at - 512/76743 of epoch 0,  NE 0.890316, loss 0.511472, accuracy 75.712 %, best 75.712 %
Finished training it 768/76743 of epoch 0, 12.69 ms/it, NE 0.907034, loss 0.507853
Testing at - 768/76743 of epoch 0,  NE 0.883427, loss 0.507515, accuracy 75.814 %, best 75.814 %
Finished training it 1024/76743 of epoch 0, 15.29 ms/it, NE 0.901251, loss 0.499415
Testing at - 1024/76743 of epoch 0,  NE 0.878045, loss 0.504423, accuracy 76.175 %, best 76.175 %
Finished training it 1280/76743 of epoch 0, 12.73 ms/it, NE 0.896625, loss 0.499390
Testing at - 1280/76743 of epoch 0,  NE 0.883435, loss 0.507519, accuracy 76.281 %, best 76.281 %
Finished training it 1536/76743 of epoch 0, 14.73 ms/it, NE 0.892686, loss 0.495922
Testing at - 1536/76743 of epoch 0,  NE 0.873484, loss 0.501802, accuracy 76.353 %, best 76.353 %
Finished training it 1792/76743 of epoch 0, 13.79 ms/it, NE 0.889020, loss 0.491441
Testing at - 1792/76743 of epoch 0,  NE 0.858680, loss 0.493298, accuracy 76.707 %, best 76.707 %
Finished training it 2048/76743 of epoch 0, 13.90 ms/it, NE 0.885596, loss 0.490405
Testing at - 2048/76743 of epoch 0,  NE 0.853560, loss 0.490357, accuracy 76.863 %, best 76.863 %
Finished training it 2304/76743 of epoch 0, 14.97 ms/it, NE 0.882480, loss 0.486277
Testing at - 2304/76743 of epoch 0,  NE 0.849498, loss 0.488023, accuracy 76.932 %, best 76.932 %
Finished training it 2560/76743 of epoch 0, 13.78 ms/it, NE 0.879371, loss 0.484416
Testing at - 2560/76743 of epoch 0,  NE 0.860371, loss 0.494269, accuracy 76.704 %, best 76.932 %
Finished training it 2816/76743 of epoch 0, 14.31 ms/it, NE 0.876425, loss 0.481558
Testing at - 2816/76743 of epoch 0,  NE 0.842301, loss 0.483888, accuracy 77.170 %, best 77.170 %
Finished training it 3072/76743 of epoch 0, 13.28 ms/it, NE 0.873594, loss 0.475670
Testing at - 3072/76743 of epoch 0,  NE 0.840546, loss 0.482880, accuracy 77.185 %, best 77.185 %
Finished training it 3328/76743 of epoch 0, 15.07 ms/it, NE 0.871193, loss 0.480238
Testing at - 3328/76743 of epoch 0,  NE 0.841315, loss 0.483322, accuracy 77.406 %, best 77.406 %
Finished training it 3584/76743 of epoch 0, 13.82 ms/it, NE 0.868701, loss 0.475768
Testing at - 3584/76743 of epoch 0,  NE 0.833405, loss 0.478778, accuracy 77.495 %, best 77.495 %
Finished training it 3840/76743 of epoch 0, 13.14 ms/it, NE 0.866415, loss 0.473936
Testing at - 3840/76743 of epoch 0,  NE 0.832593, loss 0.478312, accuracy 77.505 %, best 77.505 %
Finished training it 4096/76743 of epoch 0, 14.26 ms/it, NE 0.864220, loss 0.473827
Testing at - 4096/76743 of epoch 0,  NE 0.831838, loss 0.477877, accuracy 77.499 %, best 77.505 %
Finished training it 4352/76743 of epoch 0, 45.39 ms/it, NE 0.862051, loss 0.471048
Testing at - 4352/76743 of epoch 0,  NE 0.842884, loss 0.484223, accuracy 77.304 %, best 77.505 %
Finished training it 4608/76743 of epoch 0, 14.62 ms/it, NE 0.860280, loss 0.472438
Testing at - 4608/76743 of epoch 0,  NE 0.827352, loss 0.475301, accuracy 77.609 %, best 77.609 %
Finished training it 4864/76743 of epoch 0, 14.39 ms/it, NE 0.858486, loss 0.470771
Testing at - 4864/76743 of epoch 0,  NE 0.831572, loss 0.477725, accuracy 77.623 %, best 77.623 %
Finished training it 5120/76743 of epoch 0, 14.52 ms/it, NE 0.856941, loss 0.469798
Testing at - 5120/76743 of epoch 0,  NE 0.856956, loss 0.492307, accuracy 76.949 %, best 77.623 %
Finished training it 5376/76743 of epoch 0, 14.71 ms/it, NE 0.855506, loss 0.469801
Testing at - 5376/76743 of epoch 0,  NE 0.829074, loss 0.476290, accuracy 77.754 %, best 77.754 %
Finished training it 5632/76743 of epoch 0, 13.92 ms/it, NE 0.854102, loss 0.468117
Testing at - 5632/76743 of epoch 0,  NE 0.824865, loss 0.473872, accuracy 77.612 %, best 77.754 %
Finished training it 5888/76743 of epoch 0, 13.48 ms/it, NE 0.852798, loss 0.470587
Testing at - 5888/76743 of epoch 0,  NE 0.820140, loss 0.471157, accuracy 77.883 %, best 77.883 %
Finished training it 6144/76743 of epoch 0, 14.71 ms/it, NE 0.851516, loss 0.465740
Testing at - 6144/76743 of epoch 0,  NE 0.819061, loss 0.470538, accuracy 77.919 %, best 77.919 %
Finished training it 6400/76743 of epoch 0, 14.16 ms/it, NE 0.850175, loss 0.464573
Testing at - 6400/76743 of epoch 0,  NE 0.817820, loss 0.469825, accuracy 77.940 %, best 77.940 %
Finished training it 6656/76743 of epoch 0, 13.10 ms/it, NE 0.848987, loss 0.465277
Testing at - 6656/76743 of epoch 0,  NE 0.820411, loss 0.471313, accuracy 77.814 %, best 77.940 %
Finished training it 6912/76743 of epoch 0, 20.44 ms/it, NE 0.847761, loss 0.462842
Testing at - 6912/76743 of epoch 0,  NE 0.818604, loss 0.470275, accuracy 77.924 %, best 77.940 %
Finished training it 7168/76743 of epoch 0, 15.05 ms/it, NE 0.846809, loss 0.465229
Testing at - 7168/76743 of epoch 0,  NE 0.820188, loss 0.471185, accuracy 77.958 %, best 77.958 %
Finished training it 7424/76743 of epoch 0, 18.92 ms/it, NE 0.845963, loss 0.466462
Testing at - 7424/76743 of epoch 0,  NE 0.821251, loss 0.471796, accuracy 77.909 %, best 77.958 %
Finished training it 7680/76743 of epoch 0, 14.96 ms/it, NE 0.845042, loss 0.464914
Testing at - 7680/76743 of epoch 0,  NE 0.818664, loss 0.470310, accuracy 78.021 %, best 78.021 %
Finished training it 7936/76743 of epoch 0, 12.65 ms/it, NE 0.844170, loss 0.465621
Testing at - 7936/76743 of epoch 0,  NE 0.826367, loss 0.474734, accuracy 77.639 %, best 78.021 %
Finished training it 8192/76743 of epoch 0, 12.85 ms/it, NE 0.843252, loss 0.464607
Testing at - 8192/76743 of epoch 0,  NE 0.815398, loss 0.468433, accuracy 78.025 %, best 78.025 %
Finished training it 8448/76743 of epoch 0, 14.16 ms/it, NE 0.842315, loss 0.462285
Testing at - 8448/76743 of epoch 0,  NE 0.814160, loss 0.467722, accuracy 78.060 %, best 78.060 %
Finished training it 8704/76743 of epoch 0, 16.21 ms/it, NE 0.841403, loss 0.461407
Testing at - 8704/76743 of epoch 0,  NE 0.816351, loss 0.468980, accuracy 77.950 %, best 78.060 %
Finished training it 8960/76743 of epoch 0, 14.84 ms/it, NE 0.840737, loss 0.465668
Testing at - 8960/76743 of epoch 0,  NE 0.817550, loss 0.469670, accuracy 78.077 %, best 78.077 %
Finished training it 9216/76743 of epoch 0, 13.62 ms/it, NE 0.839961, loss 0.462114
Testing at - 9216/76743 of epoch 0,  NE 0.815710, loss 0.468613, accuracy 78.086 %, best 78.086 %
Finished training it 9472/76743 of epoch 0, 13.93 ms/it, NE 0.839220, loss 0.460512
Testing at - 9472/76743 of epoch 0,  NE 0.815031, loss 0.468222, accuracy 78.063 %, best 78.086 %
Finished training it 9728/76743 of epoch 0, 13.30 ms/it, NE 0.838577, loss 0.463568
Testing at - 9728/76743 of epoch 0,  NE 0.813216, loss 0.467180, accuracy 78.057 %, best 78.086 %
Finished training it 9984/76743 of epoch 0, 13.81 ms/it, NE 0.837946, loss 0.462693
Testing at - 9984/76743 of epoch 0,  NE 0.811707, loss 0.466313, accuracy 78.140 %, best 78.140 %
Finished training it 10240/76743 of epoch 0, 13.35 ms/it, NE 0.837266, loss 0.461873
Testing at - 10240/76743 of epoch 0,  NE 0.813854, loss 0.467546, accuracy 78.097 %, best 78.140 %
Finished training it 10496/76743 of epoch 0, 13.96 ms/it, NE 0.836633, loss 0.461056
Testing at - 10496/76743 of epoch 0,  NE 0.812641, loss 0.466849, accuracy 78.084 %, best 78.140 %
Finished training it 10752/76743 of epoch 0, 13.23 ms/it, NE 0.836069, loss 0.460810
Testing at - 10752/76743 of epoch 0,  NE 0.811288, loss 0.466072, accuracy 78.164 %, best 78.164 %
Finished training it 11008/76743 of epoch 0, 14.55 ms/it, NE 0.835511, loss 0.461312
Testing at - 11008/76743 of epoch 0,  NE 0.812746, loss 0.466909, accuracy 78.116 %, best 78.164 %
Finished training it 11264/76743 of epoch 0, 18.93 ms/it, NE 0.834998, loss 0.462244
Testing at - 11264/76743 of epoch 0,  NE 0.811442, loss 0.466161, accuracy 78.195 %, best 78.195 %
Finished training it 11520/76743 of epoch 0, 15.78 ms/it, NE 0.834431, loss 0.461028
Testing at - 11520/76743 of epoch 0,  NE 0.813421, loss 0.467298, accuracy 78.037 %, best 78.195 %
Finished training it 11776/76743 of epoch 0, 20.86 ms/it, NE 0.833975, loss 0.463052
Testing at - 11776/76743 of epoch 0,  NE 0.816256, loss 0.468926, accuracy 78.029 %, best 78.195 %
Finished training it 12032/76743 of epoch 0, 34.72 ms/it, NE 0.833534, loss 0.461632
Testing at - 12032/76743 of epoch 0,  NE 0.816400, loss 0.469009, accuracy 78.005 %, best 78.195 %
Finished training it 12288/76743 of epoch 0, 15.23 ms/it, NE 0.833023, loss 0.458049
Testing at - 12288/76743 of epoch 0,  NE 0.811857, loss 0.466399, accuracy 78.143 %, best 78.195 %
Finished training it 12544/76743 of epoch 0, 14.21 ms/it, NE 0.832501, loss 0.459494
Testing at - 12544/76743 of epoch 0,  NE 0.811020, loss 0.465918, accuracy 78.200 %, best 78.200 %
Finished training it 12800/76743 of epoch 0, 35.29 ms/it, NE 0.832038, loss 0.461290
Testing at - 12800/76743 of epoch 0,  NE 0.809437, loss 0.465009, accuracy 78.255 %, best 78.255 %
Finished training it 13056/76743 of epoch 0, 27.00 ms/it, NE 0.831592, loss 0.462181
Testing at - 13056/76743 of epoch 0,  NE 0.808907, loss 0.464704, accuracy 78.214 %, best 78.255 %
Finished training it 13312/76743 of epoch 0, 13.16 ms/it, NE 0.831169, loss 0.460796
Testing at - 13312/76743 of epoch 0,  NE 0.810698, loss 0.465733, accuracy 78.136 %, best 78.255 %
Finished training it 13568/76743 of epoch 0, 15.33 ms/it, NE 0.830737, loss 0.460061
Testing at - 13568/76743 of epoch 0,  NE 0.810467, loss 0.465600, accuracy 78.143 %, best 78.255 %
Finished training it 13824/76743 of epoch 0, 13.70 ms/it, NE 0.830298, loss 0.459660
Testing at - 13824/76743 of epoch 0,  NE 0.812353, loss 0.466684, accuracy 78.175 %, best 78.255 %
Finished training it 14080/76743 of epoch 0, 11.38 ms/it, NE 0.829921, loss 0.458691
Testing at - 14080/76743 of epoch 0,  NE 0.811348, loss 0.466107, accuracy 78.181 %, best 78.255 %
Finished training it 14336/76743 of epoch 0, 12.73 ms/it, NE 0.829511, loss 0.457055
Testing at - 14336/76743 of epoch 0,  NE 0.807684, loss 0.464002, accuracy 78.261 %, best 78.261 %
Finished training it 14592/76743 of epoch 0, 12.22 ms/it, NE 0.829071, loss 0.457209
Testing at - 14592/76743 of epoch 0,  NE 0.806309, loss 0.463211, accuracy 78.288 %, best 78.288 %
Finished training it 14848/76743 of epoch 0, 14.38 ms/it, NE 0.828672, loss 0.458546
Testing at - 14848/76743 of epoch 0,  NE 0.806477, loss 0.463308, accuracy 78.280 %, best 78.288 %
Finished training it 15104/76743 of epoch 0, 12.84 ms/it, NE 0.828314, loss 0.458190
Testing at - 15104/76743 of epoch 0,  NE 0.815363, loss 0.468413, accuracy 78.059 %, best 78.288 %
Finished training it 15360/76743 of epoch 0, 12.95 ms/it, NE 0.827951, loss 0.460548
Testing at - 15360/76743 of epoch 0,  NE 0.805963, loss 0.463013, accuracy 78.309 %, best 78.309 %
Finished training it 15616/76743 of epoch 0, 17.10 ms/it, NE 0.827632, loss 0.459047
Testing at - 15616/76743 of epoch 0,  NE 0.808164, loss 0.464278, accuracy 78.239 %, best 78.309 %
Finished training it 15872/76743 of epoch 0, 40.28 ms/it, NE 0.827264, loss 0.458269
Testing at - 15872/76743 of epoch 0,  NE 0.806581, loss 0.463368, accuracy 78.327 %, best 78.327 %
Finished training it 16128/76743 of epoch 0, 13.47 ms/it, NE 0.826958, loss 0.460424
Testing at - 16128/76743 of epoch 0,  NE 0.812449, loss 0.466739, accuracy 78.232 %, best 78.327 %
Finished training it 16384/76743 of epoch 0, 13.41 ms/it, NE 0.826687, loss 0.461371
Testing at - 16384/76743 of epoch 0,  NE 0.806159, loss 0.463126, accuracy 78.302 %, best 78.327 %
Finished training it 16640/76743 of epoch 0, 14.54 ms/it, NE 0.826403, loss 0.458501
Testing at - 16640/76743 of epoch 0,  NE 0.804554, loss 0.462203, accuracy 78.352 %, best 78.352 %
Finished training it 16896/76743 of epoch 0, 14.41 ms/it, NE 0.826051, loss 0.456879
Testing at - 16896/76743 of epoch 0,  NE 0.806165, loss 0.463129, accuracy 78.283 %, best 78.352 %
Finished training it 17152/76743 of epoch 0, 13.89 ms/it, NE 0.825723, loss 0.458044
Testing at - 17152/76743 of epoch 0,  NE 0.815303, loss 0.468379, accuracy 78.013 %, best 78.352 %
Finished training it 17408/76743 of epoch 0, 13.16 ms/it, NE 0.825414, loss 0.457644
Testing at - 17408/76743 of epoch 0,  NE 0.804249, loss 0.462028, accuracy 78.372 %, best 78.372 %
Finished training it 17664/76743 of epoch 0, 12.80 ms/it, NE 0.825117, loss 0.456957
Testing at - 17664/76743 of epoch 0,  NE 0.804486, loss 0.462164, accuracy 78.378 %, best 78.378 %
Finished training it 17920/76743 of epoch 0, 12.26 ms/it, NE 0.824880, loss 0.459129
Testing at - 17920/76743 of epoch 0,  NE 0.805279, loss 0.462620, accuracy 78.360 %, best 78.378 %
Finished training it 18176/76743 of epoch 0, 12.00 ms/it, NE 0.824566, loss 0.455352
Testing at - 18176/76743 of epoch 0,  NE 0.807975, loss 0.464169, accuracy 78.181 %, best 78.378 %
Finished training it 18432/76743 of epoch 0, 14.19 ms/it, NE 0.824283, loss 0.457440
Testing at - 18432/76743 of epoch 0,  NE 0.810058, loss 0.465366, accuracy 78.127 %, best 78.378 %
Finished training it 18688/76743 of epoch 0, 12.57 ms/it, NE 0.823995, loss 0.456632
Testing at - 18688/76743 of epoch 0,  NE 0.809836, loss 0.465238, accuracy 78.142 %, best 78.378 %
Finished training it 18944/76743 of epoch 0, 12.72 ms/it, NE 0.823724, loss 0.457086
Testing at - 18944/76743 of epoch 0,  NE 0.805273, loss 0.462616, accuracy 78.326 %, best 78.378 %
Finished training it 19200/76743 of epoch 0, 12.26 ms/it, NE 0.823476, loss 0.457020
Testing at - 19200/76743 of epoch 0,  NE 0.810254, loss 0.465478, accuracy 78.175 %, best 78.378 %
Finished training it 19456/76743 of epoch 0, 13.55 ms/it, NE 0.823243, loss 0.456903
Testing at - 19456/76743 of epoch 0,  NE 0.803630, loss 0.461673, accuracy 78.402 %, best 78.402 %
Finished training it 19712/76743 of epoch 0, 13.18 ms/it, NE 0.822982, loss 0.456354
Testing at - 19712/76743 of epoch 0,  NE 0.803596, loss 0.461653, accuracy 78.389 %, best 78.402 %
Finished training it 19968/76743 of epoch 0, 12.25 ms/it, NE 0.822723, loss 0.455974
Testing at - 19968/76743 of epoch 0,  NE 0.806947, loss 0.463578, accuracy 78.277 %, best 78.402 %
Finished training it 20224/76743 of epoch 0, 13.04 ms/it, NE 0.822468, loss 0.456462
Testing at - 20224/76743 of epoch 0,  NE 0.803901, loss 0.461828, accuracy 78.379 %, best 78.402 %
Finished training it 20480/76743 of epoch 0, 11.78 ms/it, NE 0.822236, loss 0.457091
Testing at - 20480/76743 of epoch 0,  NE 0.801807, loss 0.460625, accuracy 78.446 %, best 78.446 %
Finished training it 20736/76743 of epoch 0, 12.90 ms/it, NE 0.822007, loss 0.455072
Testing at - 20736/76743 of epoch 0,  NE 0.804346, loss 0.462084, accuracy 78.333 %, best 78.446 %
Finished training it 20992/76743 of epoch 0, 13.29 ms/it, NE 0.821756, loss 0.454272
Testing at - 20992/76743 of epoch 0,  NE 0.803814, loss 0.461779, accuracy 78.438 %, best 78.446 %
Finished training it 21248/76743 of epoch 0, 13.66 ms/it, NE 0.821495, loss 0.455221
Testing at - 21248/76743 of epoch 0,  NE 0.803163, loss 0.461405, accuracy 78.399 %, best 78.446 %
Finished training it 21504/76743 of epoch 0, 13.58 ms/it, NE 0.821279, loss 0.457211
Testing at - 21504/76743 of epoch 0,  NE 0.803572, loss 0.461639, accuracy 78.358 %, best 78.446 %
Finished training it 21760/76743 of epoch 0, 13.35 ms/it, NE 0.821036, loss 0.455842
Testing at - 21760/76743 of epoch 0,  NE 0.804669, loss 0.462269, accuracy 78.375 %, best 78.446 %
Finished training it 22016/76743 of epoch 0, 12.35 ms/it, NE 0.820806, loss 0.454098
Testing at - 22016/76743 of epoch 0,  NE 0.801635, loss 0.460526, accuracy 78.434 %, best 78.446 %
Finished training it 22272/76743 of epoch 0, 12.69 ms/it, NE 0.820554, loss 0.455870
Testing at - 22272/76743 of epoch 0,  NE 0.802434, loss 0.460985, accuracy 78.424 %, best 78.446 %
Finished training it 22528/76743 of epoch 0, 12.54 ms/it, NE 0.820337, loss 0.455025
Testing at - 22528/76743 of epoch 0,  NE 0.801873, loss 0.460663, accuracy 78.417 %, best 78.446 %
Finished training it 22784/76743 of epoch 0, 13.00 ms/it, NE 0.820124, loss 0.454990
Testing at - 22784/76743 of epoch 0,  NE 0.803438, loss 0.461562, accuracy 78.326 %, best 78.446 %
Finished training it 23040/76743 of epoch 0, 12.91 ms/it, NE 0.819915, loss 0.456825
Testing at - 23040/76743 of epoch 0,  NE 0.802525, loss 0.461038, accuracy 78.455 %, best 78.455 %
Finished training it 23296/76743 of epoch 0, 12.64 ms/it, NE 0.819711, loss 0.456190
Testing at - 23296/76743 of epoch 0,  NE 0.803621, loss 0.461668, accuracy 78.349 %, best 78.455 %
Finished training it 23552/76743 of epoch 0, 12.80 ms/it, NE 0.819523, loss 0.455488
Testing at - 23552/76743 of epoch 0,  NE 0.800562, loss 0.459910, accuracy 78.470 %, best 78.470 %
Finished training it 23808/76743 of epoch 0, 12.42 ms/it, NE 0.819290, loss 0.453286
Testing at - 23808/76743 of epoch 0,  NE 0.802589, loss 0.461075, accuracy 78.412 %, best 78.470 %
Finished training it 24064/76743 of epoch 0, 12.71 ms/it, NE 0.819056, loss 0.454135
Testing at - 24064/76743 of epoch 0,  NE 0.808491, loss 0.464465, accuracy 78.247 %, best 78.470 %
Finished training it 24320/76743 of epoch 0, 12.98 ms/it, NE 0.818852, loss 0.453775
Testing at - 24320/76743 of epoch 0,  NE 0.803483, loss 0.461588, accuracy 78.425 %, best 78.470 %
Finished training it 24576/76743 of epoch 0, 13.15 ms/it, NE 0.818643, loss 0.453015
Testing at - 24576/76743 of epoch 0,  NE 0.801671, loss 0.460547, accuracy 78.463 %, best 78.470 %
Finished training it 24832/76743 of epoch 0, 12.71 ms/it, NE 0.818474, loss 0.455533
Testing at - 24832/76743 of epoch 0,  NE 0.805404, loss 0.462692, accuracy 78.300 %, best 78.470 %
Finished training it 25088/76743 of epoch 0, 12.73 ms/it, NE 0.818271, loss 0.454540
Testing at - 25088/76743 of epoch 0,  NE 0.799608, loss 0.459362, accuracy 78.491 %, best 78.491 %
Finished training it 25344/76743 of epoch 0, 13.09 ms/it, NE 0.818050, loss 0.454612
Testing at - 25344/76743 of epoch 0,  NE 0.801790, loss 0.460616, accuracy 78.472 %, best 78.491 %
Finished training it 25600/76743 of epoch 0, 14.42 ms/it, NE 0.817863, loss 0.455203
Testing at - 25600/76743 of epoch 0,  NE 0.801959, loss 0.460713, accuracy 78.438 %, best 78.491 %
Finished training it 25856/76743 of epoch 0, 12.28 ms/it, NE 0.817706, loss 0.455956
Testing at - 25856/76743 of epoch 0,  NE 0.803788, loss 0.461764, accuracy 78.393 %, best 78.491 %
Finished training it 26112/76743 of epoch 0, 13.73 ms/it, NE 0.817556, loss 0.456045
Testing at - 26112/76743 of epoch 0,  NE 0.802644, loss 0.461106, accuracy 78.342 %, best 78.491 %
Finished training it 26368/76743 of epoch 0, 13.29 ms/it, NE 0.817428, loss 0.455433
Testing at - 26368/76743 of epoch 0,  NE 0.800089, loss 0.459638, accuracy 78.504 %, best 78.504 %
Finished training it 26624/76743 of epoch 0, 13.00 ms/it, NE 0.817262, loss 0.453568
Testing at - 26624/76743 of epoch 0,  NE 0.811233, loss 0.466040, accuracy 78.188 %, best 78.504 %
Finished training it 26880/76743 of epoch 0, 13.02 ms/it, NE 0.817081, loss 0.453683
Testing at - 26880/76743 of epoch 0,  NE 0.801115, loss 0.460228, accuracy 78.438 %, best 78.504 %
Finished training it 27136/76743 of epoch 0, 13.05 ms/it, NE 0.816880, loss 0.453655
Testing at - 27136/76743 of epoch 0,  NE 0.799365, loss 0.459223, accuracy 78.500 %, best 78.504 %
Finished training it 27392/76743 of epoch 0, 12.48 ms/it, NE 0.816695, loss 0.453813
Testing at - 27392/76743 of epoch 0,  NE 0.799585, loss 0.459349, accuracy 78.507 %, best 78.507 %
Finished training it 27648/76743 of epoch 0, 13.17 ms/it, NE 0.816549, loss 0.454514
Testing at - 27648/76743 of epoch 0,  NE 0.798892, loss 0.458951, accuracy 78.536 %, best 78.536 %
Finished training it 27904/76743 of epoch 0, 11.97 ms/it, NE 0.816416, loss 0.456802
Testing at - 27904/76743 of epoch 0,  NE 0.801341, loss 0.460358, accuracy 78.445 %, best 78.536 %
Finished training it 28160/76743 of epoch 0, 11.88 ms/it, NE 0.816278, loss 0.455809
Testing at - 28160/76743 of epoch 0,  NE 0.799518, loss 0.459311, accuracy 78.499 %, best 78.536 %
Finished training it 28416/76743 of epoch 0, 12.50 ms/it, NE 0.816118, loss 0.454870
Testing at - 28416/76743 of epoch 0,  NE 0.799649, loss 0.459385, accuracy 78.510 %, best 78.536 %
Finished training it 28672/76743 of epoch 0, 13.50 ms/it, NE 0.815976, loss 0.453675
Testing at - 28672/76743 of epoch 0,  NE 0.806821, loss 0.463506, accuracy 78.302 %, best 78.536 %
Finished training it 28928/76743 of epoch 0, 12.78 ms/it, NE 0.815798, loss 0.453150
Testing at - 28928/76743 of epoch 0,  NE 0.801149, loss 0.460247, accuracy 78.487 %, best 78.536 %
Finished training it 29184/76743 of epoch 0, 14.09 ms/it, NE 0.815676, loss 0.454832
Testing at - 29184/76743 of epoch 0,  NE 0.801264, loss 0.460313, accuracy 78.516 %, best 78.536 %
Finished training it 29440/76743 of epoch 0, 13.40 ms/it, NE 0.815495, loss 0.452237
Testing at - 29440/76743 of epoch 0,  NE 0.799641, loss 0.459381, accuracy 78.477 %, best 78.536 %
Finished training it 29696/76743 of epoch 0, 12.59 ms/it, NE 0.815343, loss 0.454426
Testing at - 29696/76743 of epoch 0,  NE 0.803809, loss 0.461775, accuracy 78.311 %, best 78.536 %
Finished training it 29952/76743 of epoch 0, 12.34 ms/it, NE 0.815187, loss 0.456190
Testing at - 29952/76743 of epoch 0,  NE 0.803850, loss 0.461799, accuracy 78.367 %, best 78.536 %
Finished training it 30208/76743 of epoch 0, 13.41 ms/it, NE 0.815024, loss 0.450665
Testing at - 30208/76743 of epoch 0,  NE 0.798423, loss 0.458682, accuracy 78.531 %, best 78.536 %
Finished training it 30464/76743 of epoch 0, 14.75 ms/it, NE 0.814870, loss 0.453039
Testing at - 30464/76743 of epoch 0,  NE 0.799853, loss 0.459503, accuracy 78.480 %, best 78.536 %
Finished training it 30720/76743 of epoch 0, 22.10 ms/it, NE 0.814720, loss 0.453868
Testing at - 30720/76743 of epoch 0,  NE 0.799587, loss 0.459350, accuracy 78.500 %, best 78.536 %
Finished training it 30976/76743 of epoch 0, 14.14 ms/it, NE 0.814602, loss 0.456429
Testing at - 30976/76743 of epoch 0,  NE 0.799073, loss 0.459055, accuracy 78.505 %, best 78.536 %
Finished training it 31232/76743 of epoch 0, 18.84 ms/it, NE 0.814461, loss 0.452671
Testing at - 31232/76743 of epoch 0,  NE 0.798815, loss 0.458906, accuracy 78.520 %, best 78.536 %
Finished training it 31488/76743 of epoch 0, 14.92 ms/it, NE 0.814318, loss 0.454835
Testing at - 31488/76743 of epoch 0,  NE 0.799245, loss 0.459153, accuracy 78.514 %, best 78.536 %
Finished training it 31744/76743 of epoch 0, 17.27 ms/it, NE 0.814207, loss 0.456028
Testing at - 31744/76743 of epoch 0,  NE 0.798431, loss 0.458686, accuracy 78.514 %, best 78.536 %
Finished training it 32000/76743 of epoch 0, 14.14 ms/it, NE 0.814068, loss 0.452157
Testing at - 32000/76743 of epoch 0,  NE 0.797663, loss 0.458245, accuracy 78.539 %, best 78.539 %
Finished training it 32256/76743 of epoch 0, 14.62 ms/it, NE 0.813940, loss 0.453732
Testing at - 32256/76743 of epoch 0,  NE 0.798597, loss 0.458782, accuracy 78.511 %, best 78.539 %
Finished training it 32512/76743 of epoch 0, 13.37 ms/it, NE 0.813828, loss 0.456123
Testing at - 32512/76743 of epoch 0,  NE 0.798487, loss 0.458718, accuracy 78.512 %, best 78.539 %
Finished training it 32768/76743 of epoch 0, 14.60 ms/it, NE 0.813721, loss 0.454707
Testing at - 32768/76743 of epoch 0,  NE 0.802803, loss 0.461198, accuracy 78.470 %, best 78.539 %
Finished training it 33024/76743 of epoch 0, 13.30 ms/it, NE 0.813594, loss 0.454504
Testing at - 33024/76743 of epoch 0,  NE 0.798393, loss 0.458664, accuracy 78.548 %, best 78.548 %
Finished training it 33280/76743 of epoch 0, 14.86 ms/it, NE 0.813455, loss 0.452112
Testing at - 33280/76743 of epoch 0,  NE 0.798148, loss 0.458523, accuracy 78.533 %, best 78.548 %
Finished training it 33536/76743 of epoch 0, 13.80 ms/it, NE 0.813315, loss 0.452901
Testing at - 33536/76743 of epoch 0,  NE 0.798112, loss 0.458503, accuracy 78.564 %, best 78.564 %
Finished training it 33792/76743 of epoch 0, 15.68 ms/it, NE 0.813180, loss 0.450790
Testing at - 33792/76743 of epoch 0,  NE 0.797326, loss 0.458051, accuracy 78.586 %, best 78.586 %
Finished training it 34048/76743 of epoch 0, 14.45 ms/it, NE 0.813067, loss 0.453579
Testing at - 34048/76743 of epoch 0,  NE 0.798803, loss 0.458900, accuracy 78.522 %, best 78.586 %
Finished training it 34304/76743 of epoch 0, 15.88 ms/it, NE 0.812949, loss 0.453506
Testing at - 34304/76743 of epoch 0,  NE 0.797542, loss 0.458175, accuracy 78.550 %, best 78.586 %
Finished training it 34560/76743 of epoch 0, 14.76 ms/it, NE 0.812825, loss 0.454235
Testing at - 34560/76743 of epoch 0,  NE 0.797547, loss 0.458178, accuracy 78.581 %, best 78.586 %
Finished training it 34816/76743 of epoch 0, 14.31 ms/it, NE 0.812714, loss 0.453255
Testing at - 34816/76743 of epoch 0,  NE 0.800661, loss 0.459967, accuracy 78.453 %, best 78.586 %
Finished training it 35072/76743 of epoch 0, 13.11 ms/it, NE 0.812552, loss 0.449722
Testing at - 35072/76743 of epoch 0,  NE 0.800184, loss 0.459693, accuracy 78.527 %, best 78.586 %
Finished training it 35328/76743 of epoch 0, 13.98 ms/it, NE 0.812453, loss 0.453148
Testing at - 35328/76743 of epoch 0,  NE 0.797466, loss 0.458132, accuracy 78.546 %, best 78.586 %
Finished training it 35584/76743 of epoch 0, 13.87 ms/it, NE 0.812319, loss 0.450071
Testing at - 35584/76743 of epoch 0,  NE 0.798188, loss 0.458546, accuracy 78.554 %, best 78.586 %
Finished training it 35840/76743 of epoch 0, 13.74 ms/it, NE 0.812206, loss 0.451663
Testing at - 35840/76743 of epoch 0,  NE 0.812072, loss 0.466523, accuracy 77.991 %, best 78.586 %
Finished training it 36096/76743 of epoch 0, 14.73 ms/it, NE 0.812103, loss 0.452418
Testing at - 36096/76743 of epoch 0,  NE 0.796910, loss 0.457812, accuracy 78.595 %, best 78.595 %
Finished training it 36352/76743 of epoch 0, 13.26 ms/it, NE 0.811985, loss 0.454906
Testing at - 36352/76743 of epoch 0,  NE 0.801357, loss 0.460367, accuracy 78.479 %, best 78.595 %
Finished training it 36608/76743 of epoch 0, 14.75 ms/it, NE 0.811862, loss 0.451019
Testing at - 36608/76743 of epoch 0,  NE 0.796470, loss 0.457560, accuracy 78.591 %, best 78.595 %
Finished training it 36864/76743 of epoch 0, 14.47 ms/it, NE 0.811742, loss 0.450790
Testing at - 36864/76743 of epoch 0,  NE 0.801586, loss 0.460498, accuracy 78.452 %, best 78.595 %
Finished training it 37120/76743 of epoch 0, 13.26 ms/it, NE 0.811598, loss 0.449452
Testing at - 37120/76743 of epoch 0,  NE 0.797728, loss 0.458282, accuracy 78.507 %, best 78.595 %
Finished training it 37376/76743 of epoch 0, 15.26 ms/it, NE 0.811468, loss 0.450474
Testing at - 37376/76743 of epoch 0,  NE 0.801041, loss 0.460185, accuracy 78.446 %, best 78.595 %
Finished training it 37632/76743 of epoch 0, 15.59 ms/it, NE 0.811373, loss 0.452027
Testing at - 37632/76743 of epoch 0,  NE 0.795742, loss 0.457141, accuracy 78.600 %, best 78.600 %
Finished training it 37888/76743 of epoch 0, 16.55 ms/it, NE 0.811239, loss 0.448924
Testing at - 37888/76743 of epoch 0,  NE 0.805594, loss 0.462801, accuracy 78.179 %, best 78.600 %
Finished training it 38144/76743 of epoch 0, 14.65 ms/it, NE 0.811121, loss 0.450019
Testing at - 38144/76743 of epoch 0,  NE 0.797702, loss 0.458267, accuracy 78.578 %, best 78.600 %
Finished training it 38400/76743 of epoch 0, 13.45 ms/it, NE 0.811011, loss 0.452030
Testing at - 38400/76743 of epoch 0,  NE 0.796596, loss 0.457632, accuracy 78.533 %, best 78.600 %
Finished training it 38656/76743 of epoch 0, 14.51 ms/it, NE 0.810895, loss 0.450766
Testing at - 38656/76743 of epoch 0,  NE 0.796072, loss 0.457331, accuracy 78.592 %, best 78.600 %
Finished training it 38912/76743 of epoch 0, 13.78 ms/it, NE 0.810787, loss 0.450885
Testing at - 38912/76743 of epoch 0,  NE 0.796141, loss 0.457370, accuracy 78.602 %, best 78.602 %
Finished training it 39168/76743 of epoch 0, 14.45 ms/it, NE 0.810674, loss 0.450905
Testing at - 39168/76743 of epoch 0,  NE 0.796077, loss 0.457333, accuracy 78.585 %, best 78.602 %
Finished training it 39424/76743 of epoch 0, 16.50 ms/it, NE 0.810557, loss 0.448744
Testing at - 39424/76743 of epoch 0,  NE 0.795686, loss 0.457109, accuracy 78.625 %, best 78.625 %
Finished training it 39680/76743 of epoch 0, 17.43 ms/it, NE 0.810444, loss 0.452039
Testing at - 39680/76743 of epoch 0,  NE 0.795691, loss 0.457112, accuracy 78.620 %, best 78.625 %
Finished training it 39936/76743 of epoch 0, 16.22 ms/it, NE 0.810344, loss 0.451671
Testing at - 39936/76743 of epoch 0,  NE 0.801416, loss 0.460401, accuracy 78.479 %, best 78.625 %
Finished training it 40192/76743 of epoch 0, 14.91 ms/it, NE 0.810257, loss 0.452341
Testing at - 40192/76743 of epoch 0,  NE 0.795323, loss 0.456900, accuracy 78.628 %, best 78.628 %
Finished training it 40448/76743 of epoch 0, 13.61 ms/it, NE 0.810173, loss 0.453000
Testing at - 40448/76743 of epoch 0,  NE 0.795962, loss 0.457268, accuracy 78.599 %, best 78.628 %
Finished training it 40704/76743 of epoch 0, 13.64 ms/it, NE 0.810096, loss 0.453262
Testing at - 40704/76743 of epoch 0,  NE 0.797443, loss 0.458118, accuracy 78.512 %, best 78.628 %
Finished training it 40960/76743 of epoch 0, 14.87 ms/it, NE 0.810002, loss 0.452953
Testing at - 40960/76743 of epoch 0,  NE 0.796581, loss 0.457623, accuracy 78.573 %, best 78.628 %
Finished training it 41216/76743 of epoch 0, 13.99 ms/it, NE 0.809924, loss 0.451939
Testing at - 41216/76743 of epoch 0,  NE 0.795529, loss 0.457019, accuracy 78.610 %, best 78.628 %
Finished training it 41472/76743 of epoch 0, 14.04 ms/it, NE 0.809839, loss 0.452471
Testing at - 41472/76743 of epoch 0,  NE 0.796744, loss 0.457717, accuracy 78.593 %, best 78.628 %
Finished training it 41728/76743 of epoch 0, 15.77 ms/it, NE 0.809749, loss 0.453247
Testing at - 41728/76743 of epoch 0,  NE 0.797063, loss 0.457900, accuracy 78.520 %, best 78.628 %
Finished training it 41984/76743 of epoch 0, 15.40 ms/it, NE 0.809678, loss 0.453799
Testing at - 41984/76743 of epoch 0,  NE 0.795626, loss 0.457074, accuracy 78.628 %, best 78.628 %
Finished training it 42240/76743 of epoch 0, 13.53 ms/it, NE 0.809578, loss 0.450187
Testing at - 42240/76743 of epoch 0,  NE 0.795050, loss 0.456744, accuracy 78.624 %, best 78.628 %
Finished training it 42496/76743 of epoch 0, 13.16 ms/it, NE 0.809488, loss 0.452063
Testing at - 42496/76743 of epoch 0,  NE 0.797215, loss 0.457987, accuracy 78.546 %, best 78.628 %
Finished training it 42752/76743 of epoch 0, 13.48 ms/it, NE 0.809378, loss 0.448319
Testing at - 42752/76743 of epoch 0,  NE 0.801529, loss 0.460466, accuracy 78.407 %, best 78.628 %
Finished training it 43008/76743 of epoch 0, 13.50 ms/it, NE 0.809289, loss 0.450287
Testing at - 43008/76743 of epoch 0,  NE 0.795581, loss 0.457049, accuracy 78.610 %, best 78.628 %
Finished training it 43264/76743 of epoch 0, 15.96 ms/it, NE 0.809209, loss 0.453122
Testing at - 43264/76743 of epoch 0,  NE 0.794746, loss 0.456569, accuracy 78.644 %, best 78.644 %
Finished training it 43520/76743 of epoch 0, 13.97 ms/it, NE 0.809114, loss 0.450988
Testing at - 43520/76743 of epoch 0,  NE 0.795537, loss 0.457023, accuracy 78.619 %, best 78.644 %
Finished training it 43776/76743 of epoch 0, 15.44 ms/it, NE 0.809020, loss 0.450878
Testing at - 43776/76743 of epoch 0,  NE 0.796514, loss 0.457584, accuracy 78.560 %, best 78.644 %
Finished training it 44032/76743 of epoch 0, 13.19 ms/it, NE 0.808929, loss 0.450419
Testing at - 44032/76743 of epoch 0,  NE 0.796621, loss 0.457646, accuracy 78.609 %, best 78.644 %
Finished training it 44288/76743 of epoch 0, 14.21 ms/it, NE 0.808815, loss 0.447916
Testing at - 44288/76743 of epoch 0,  NE 0.795761, loss 0.457152, accuracy 78.606 %, best 78.644 %
Finished training it 44544/76743 of epoch 0, 14.05 ms/it, NE 0.808721, loss 0.449851
Testing at - 44544/76743 of epoch 0,  NE 0.795594, loss 0.457056, accuracy 78.588 %, best 78.644 %
Finished training it 44800/76743 of epoch 0, 14.84 ms/it, NE 0.808630, loss 0.450410
Testing at - 44800/76743 of epoch 0,  NE 0.797555, loss 0.458182, accuracy 78.583 %, best 78.644 %
Finished training it 45056/76743 of epoch 0, 17.13 ms/it, NE 0.808551, loss 0.451708
Testing at - 45056/76743 of epoch 0,  NE 0.795057, loss 0.456747, accuracy 78.617 %, best 78.644 %
Finished training it 45312/76743 of epoch 0, 15.63 ms/it, NE 0.808489, loss 0.453117
Testing at - 45312/76743 of epoch 0,  NE 0.793957, loss 0.456115, accuracy 78.658 %, best 78.658 %
Finished training it 45568/76743 of epoch 0, 15.99 ms/it, NE 0.808415, loss 0.452473
Testing at - 45568/76743 of epoch 0,  NE 0.798943, loss 0.458980, accuracy 78.537 %, best 78.658 %
Finished training it 45824/76743 of epoch 0, 13.22 ms/it, NE 0.808338, loss 0.451043
Testing at - 45824/76743 of epoch 0,  NE 0.794158, loss 0.456231, accuracy 78.651 %, best 78.658 %
Finished training it 46080/76743 of epoch 0, 13.43 ms/it, NE 0.808260, loss 0.451617
Testing at - 46080/76743 of epoch 0,  NE 0.794665, loss 0.456522, accuracy 78.643 %, best 78.658 %
Finished training it 46336/76743 of epoch 0, 13.78 ms/it, NE 0.808188, loss 0.452757
Testing at - 46336/76743 of epoch 0,  NE 0.794578, loss 0.456473, accuracy 78.634 %, best 78.658 %
Finished training it 46592/76743 of epoch 0, 15.02 ms/it, NE 0.808109, loss 0.450713
Testing at - 46592/76743 of epoch 0,  NE 0.798414, loss 0.458676, accuracy 78.488 %, best 78.658 %
Finished training it 46848/76743 of epoch 0, 13.52 ms/it, NE 0.808026, loss 0.452046
Testing at - 46848/76743 of epoch 0,  NE 0.795073, loss 0.456757, accuracy 78.643 %, best 78.658 %
Finished training it 47104/76743 of epoch 0, 14.62 ms/it, NE 0.807934, loss 0.448571
Testing at - 47104/76743 of epoch 0,  NE 0.795746, loss 0.457143, accuracy 78.589 %, best 78.658 %
Finished training it 47360/76743 of epoch 0, 14.33 ms/it, NE 0.807876, loss 0.454429
Testing at - 47360/76743 of epoch 0,  NE 0.794688, loss 0.456536, accuracy 78.647 %, best 78.658 %
Finished training it 47616/76743 of epoch 0, 14.49 ms/it, NE 0.807822, loss 0.451385
Testing at - 47616/76743 of epoch 0,  NE 0.794601, loss 0.456486, accuracy 78.629 %, best 78.658 %
Finished training it 47872/76743 of epoch 0, 17.50 ms/it, NE 0.807745, loss 0.449932
Testing at - 47872/76743 of epoch 0,  NE 0.795094, loss 0.456769, accuracy 78.660 %, best 78.660 %
Finished training it 48128/76743 of epoch 0, 15.72 ms/it, NE 0.807652, loss 0.447622
Testing at - 48128/76743 of epoch 0,  NE 0.794912, loss 0.456664, accuracy 78.662 %, best 78.662 %
Finished training it 48384/76743 of epoch 0, 16.47 ms/it, NE 0.807576, loss 0.451343
Testing at - 48384/76743 of epoch 0,  NE 0.794040, loss 0.456163, accuracy 78.652 %, best 78.662 %
Finished training it 48640/76743 of epoch 0, 16.63 ms/it, NE 0.807495, loss 0.451040
Testing at - 48640/76743 of epoch 0,  NE 0.794886, loss 0.456649, accuracy 78.635 %, best 78.662 %
Finished training it 48896/76743 of epoch 0, 16.25 ms/it, NE 0.807430, loss 0.453672
Testing at - 48896/76743 of epoch 0,  NE 0.793370, loss 0.455778, accuracy 78.680 %, best 78.680 %
Finished training it 49152/76743 of epoch 0, 17.14 ms/it, NE 0.807355, loss 0.451402
Testing at - 49152/76743 of epoch 0,  NE 0.797086, loss 0.457914, accuracy 78.592 %, best 78.680 %
Finished training it 49408/76743 of epoch 0, 14.95 ms/it, NE 0.807270, loss 0.451051
Testing at - 49408/76743 of epoch 0,  NE 0.793947, loss 0.456110, accuracy 78.674 %, best 78.680 %
Finished training it 49664/76743 of epoch 0, 16.15 ms/it, NE 0.807190, loss 0.450662
Testing at - 49664/76743 of epoch 0,  NE 0.793350, loss 0.455767, accuracy 78.681 %, best 78.681 %
Finished training it 49920/76743 of epoch 0, 17.03 ms/it, NE 0.807131, loss 0.453378
Testing at - 49920/76743 of epoch 0,  NE 0.794904, loss 0.456660, accuracy 78.635 %, best 78.681 %
Finished training it 50176/76743 of epoch 0, 16.06 ms/it, NE 0.807061, loss 0.450646
Testing at - 50176/76743 of epoch 0,  NE 0.798352, loss 0.458641, accuracy 78.426 %, best 78.681 %
Finished training it 50432/76743 of epoch 0, 14.32 ms/it, NE 0.806998, loss 0.451394
Testing at - 50432/76743 of epoch 0,  NE 0.796450, loss 0.457548, accuracy 78.608 %, best 78.681 %
Finished training it 50688/76743 of epoch 0, 14.28 ms/it, NE 0.806930, loss 0.449640
Testing at - 50688/76743 of epoch 0,  NE 0.793420, loss 0.455807, accuracy 78.664 %, best 78.681 %
Finished training it 50944/76743 of epoch 0, 13.12 ms/it, NE 0.806856, loss 0.449482
Testing at - 50944/76743 of epoch 0,  NE 0.793815, loss 0.456034, accuracy 78.673 %, best 78.681 %
Finished training it 51200/76743 of epoch 0, 13.14 ms/it, NE 0.806773, loss 0.448760
Testing at - 51200/76743 of epoch 0,  NE 0.796054, loss 0.457320, accuracy 78.614 %, best 78.681 %
Finished training it 51456/76743 of epoch 0, 13.52 ms/it, NE 0.806716, loss 0.451051
Testing at - 51456/76743 of epoch 0,  NE 0.797099, loss 0.457921, accuracy 78.560 %, best 78.681 %
Finished training it 51712/76743 of epoch 0, 12.95 ms/it, NE 0.806650, loss 0.448263
Testing at - 51712/76743 of epoch 0,  NE 0.793751, loss 0.455998, accuracy 78.664 %, best 78.681 %
Finished training it 51968/76743 of epoch 0, 13.25 ms/it, NE 0.806575, loss 0.449754
Testing at - 51968/76743 of epoch 0,  NE 0.795370, loss 0.456928, accuracy 78.587 %, best 78.681 %
Finished training it 52224/76743 of epoch 0, 12.84 ms/it, NE 0.806502, loss 0.451159
Testing at - 52224/76743 of epoch 0,  NE 0.793526, loss 0.455868, accuracy 78.682 %, best 78.682 %
Finished training it 52480/76743 of epoch 0, 12.54 ms/it, NE 0.806422, loss 0.449129
Testing at - 52480/76743 of epoch 0,  NE 0.793885, loss 0.456074, accuracy 78.675 %, best 78.682 %
Finished training it 52736/76743 of epoch 0, 12.50 ms/it, NE 0.806341, loss 0.449889
Testing at - 52736/76743 of epoch 0,  NE 0.793731, loss 0.455986, accuracy 78.662 %, best 78.682 %
Finished training it 52992/76743 of epoch 0, 13.39 ms/it, NE 0.806266, loss 0.449117
Testing at - 52992/76743 of epoch 0,  NE 0.793273, loss 0.455723, accuracy 78.688 %, best 78.688 %
Finished training it 53248/76743 of epoch 0, 14.85 ms/it, NE 0.806195, loss 0.448457
Testing at - 53248/76743 of epoch 0,  NE 0.797320, loss 0.458047, accuracy 78.592 %, best 78.688 %
Finished training it 53504/76743 of epoch 0, 14.51 ms/it, NE 0.806114, loss 0.449575
Testing at - 53504/76743 of epoch 0,  NE 0.793083, loss 0.455613, accuracy 78.685 %, best 78.688 %
Finished training it 53760/76743 of epoch 0, 13.57 ms/it, NE 0.806043, loss 0.448922
Testing at - 53760/76743 of epoch 0,  NE 0.794799, loss 0.456599, accuracy 78.635 %, best 78.688 %
Finished training it 54016/76743 of epoch 0, 13.75 ms/it, NE 0.805953, loss 0.448406
Testing at - 54016/76743 of epoch 0,  NE 0.793484, loss 0.455844, accuracy 78.666 %, best 78.688 %
Finished training it 54272/76743 of epoch 0, 13.69 ms/it, NE 0.805886, loss 0.449772
Testing at - 54272/76743 of epoch 0,  NE 0.794786, loss 0.456592, accuracy 78.658 %, best 78.688 %
Finished training it 54528/76743 of epoch 0, 13.21 ms/it, NE 0.805824, loss 0.449969
Testing at - 54528/76743 of epoch 0,  NE 0.797039, loss 0.457886, accuracy 78.520 %, best 78.688 %
Finished training it 54784/76743 of epoch 0, 13.21 ms/it, NE 0.805752, loss 0.449508
Testing at - 54784/76743 of epoch 0,  NE 0.792986, loss 0.455558, accuracy 78.681 %, best 78.688 %
Finished training it 55040/76743 of epoch 0, 13.97 ms/it, NE 0.805676, loss 0.448478
Testing at - 55040/76743 of epoch 0,  NE 0.792827, loss 0.455466, accuracy 78.700 %, best 78.700 %
Finished training it 55296/76743 of epoch 0, 17.66 ms/it, NE 0.805593, loss 0.446753
Testing at - 55296/76743 of epoch 0,  NE 0.800495, loss 0.459871, accuracy 78.429 %, best 78.700 %
Finished training it 55552/76743 of epoch 0, 16.43 ms/it, NE 0.805528, loss 0.450478
Testing at - 55552/76743 of epoch 0,  NE 0.792631, loss 0.455354, accuracy 78.720 %, best 78.720 %
Finished training it 55808/76743 of epoch 0, 18.63 ms/it, NE 0.805453, loss 0.450599
Testing at - 55808/76743 of epoch 0,  NE 0.799210, loss 0.459134, accuracy 78.631 %, best 78.720 %
Finished training it 56064/76743 of epoch 0, 14.16 ms/it, NE 0.805395, loss 0.450786
Testing at - 56064/76743 of epoch 0,  NE 0.792610, loss 0.455342, accuracy 78.698 %, best 78.720 %
Finished training it 56320/76743 of epoch 0, 15.88 ms/it, NE 0.805332, loss 0.452013
Testing at - 56320/76743 of epoch 0,  NE 0.792699, loss 0.455393, accuracy 78.714 %, best 78.720 %
Finished training it 56576/76743 of epoch 0, 18.53 ms/it, NE 0.805254, loss 0.447372
Testing at - 56576/76743 of epoch 0,  NE 0.791644, loss 0.454787, accuracy 78.724 %, best 78.724 %
Finished training it 56832/76743 of epoch 0, 15.61 ms/it, NE 0.805196, loss 0.452027
Testing at - 56832/76743 of epoch 0,  NE 0.794028, loss 0.456157, accuracy 78.628 %, best 78.724 %
Finished training it 57088/76743 of epoch 0, 14.65 ms/it, NE 0.805147, loss 0.450623
Testing at - 57088/76743 of epoch 0,  NE 0.793711, loss 0.455974, accuracy 78.673 %, best 78.724 %
Finished training it 57344/76743 of epoch 0, 14.36 ms/it, NE 0.805074, loss 0.449314
Testing at - 57344/76743 of epoch 0,  NE 0.792255, loss 0.455138, accuracy 78.731 %, best 78.731 %
Finished training it 57600/76743 of epoch 0, 15.15 ms/it, NE 0.805006, loss 0.448553
Testing at - 57600/76743 of epoch 0,  NE 0.793575, loss 0.455896, accuracy 78.714 %, best 78.731 %
Finished training it 57856/76743 of epoch 0, 15.67 ms/it, NE 0.804938, loss 0.448565
Testing at - 57856/76743 of epoch 0,  NE 0.793489, loss 0.455847, accuracy 78.716 %, best 78.731 %
Finished training it 58112/76743 of epoch 0, 18.03 ms/it, NE 0.804871, loss 0.450424
Testing at - 58112/76743 of epoch 0,  NE 0.794089, loss 0.456191, accuracy 78.687 %, best 78.731 %
Finished training it 58368/76743 of epoch 0, 17.28 ms/it, NE 0.804823, loss 0.451613
Testing at - 58368/76743 of epoch 0,  NE 0.792703, loss 0.455395, accuracy 78.713 %, best 78.731 %
Finished training it 58624/76743 of epoch 0, 22.39 ms/it, NE 0.804768, loss 0.449801
Testing at - 58624/76743 of epoch 0,  NE 0.792546, loss 0.455305, accuracy 78.688 %, best 78.731 %
Finished training it 58880/76743 of epoch 0, 15.54 ms/it, NE 0.804713, loss 0.450402
Testing at - 58880/76743 of epoch 0,  NE 0.791302, loss 0.454590, accuracy 78.753 %, best 78.753 %
Finished training it 59136/76743 of epoch 0, 16.01 ms/it, NE 0.804657, loss 0.452457
Testing at - 59136/76743 of epoch 0,  NE 0.792551, loss 0.455308, accuracy 78.706 %, best 78.753 %
Finished training it 59392/76743 of epoch 0, 15.36 ms/it, NE 0.804603, loss 0.448862
Testing at - 59392/76743 of epoch 0,  NE 0.797483, loss 0.458141, accuracy 78.482 %, best 78.753 %
Finished training it 59648/76743 of epoch 0, 21.57 ms/it, NE 0.804553, loss 0.450124
Testing at - 59648/76743 of epoch 0,  NE 0.791754, loss 0.454850, accuracy 78.749 %, best 78.753 %
Finished training it 59904/76743 of epoch 0, 20.00 ms/it, NE 0.804492, loss 0.452579
Testing at - 59904/76743 of epoch 0,  NE 0.792150, loss 0.455077, accuracy 78.708 %, best 78.753 %
Finished training it 60160/76743 of epoch 0, 27.15 ms/it, NE 0.804432, loss 0.449346
Testing at - 60160/76743 of epoch 0,  NE 0.792696, loss 0.455391, accuracy 78.700 %, best 78.753 %
Finished training it 60416/76743 of epoch 0, 20.32 ms/it, NE 0.804368, loss 0.447463
Testing at - 60416/76743 of epoch 0,  NE 0.792115, loss 0.455058, accuracy 78.710 %, best 78.753 %
Finished training it 60672/76743 of epoch 0, 26.02 ms/it, NE 0.804307, loss 0.449787
Testing at - 60672/76743 of epoch 0,  NE 0.792137, loss 0.455070, accuracy 78.706 %, best 78.753 %
Finished training it 60928/76743 of epoch 0, 27.71 ms/it, NE 0.804252, loss 0.449209
Testing at - 60928/76743 of epoch 0,  NE 0.794635, loss 0.456505, accuracy 78.672 %, best 78.753 %
Finished training it 61184/76743 of epoch 0, 42.14 ms/it, NE 0.804202, loss 0.450129
Testing at - 61184/76743 of epoch 0,  NE 0.791890, loss 0.454928, accuracy 78.710 %, best 78.753 %
Finished training it 61440/76743 of epoch 0, 16.60 ms/it, NE 0.804138, loss 0.449532
Testing at - 61440/76743 of epoch 0,  NE 0.792330, loss 0.455181, accuracy 78.727 %, best 78.753 %
Finished training it 61696/76743 of epoch 0, 19.48 ms/it, NE 0.804073, loss 0.447600
Testing at - 61696/76743 of epoch 0,  NE 0.791208, loss 0.454536, accuracy 78.731 %, best 78.753 %
Finished training it 61952/76743 of epoch 0, 25.72 ms/it, NE 0.804010, loss 0.447715
Testing at - 61952/76743 of epoch 0,  NE 0.792061, loss 0.455026, accuracy 78.738 %, best 78.753 %
Finished training it 62208/76743 of epoch 0, 19.06 ms/it, NE 0.803954, loss 0.448621
Testing at - 62208/76743 of epoch 0,  NE 0.791227, loss 0.454547, accuracy 78.758 %, best 78.758 %
Finished training it 62464/76743 of epoch 0, 26.38 ms/it, NE 0.803909, loss 0.450846
Testing at - 62464/76743 of epoch 0,  NE 0.792097, loss 0.455047, accuracy 78.711 %, best 78.758 %
Finished training it 62720/76743 of epoch 0, 25.10 ms/it, NE 0.803849, loss 0.449378
Testing at - 62720/76743 of epoch 0,  NE 0.792950, loss 0.455537, accuracy 78.687 %, best 78.758 %
Finished training it 62976/76743 of epoch 0, 19.45 ms/it, NE 0.803803, loss 0.450029
Testing at - 62976/76743 of epoch 0,  NE 0.792331, loss 0.455181, accuracy 78.693 %, best 78.758 %
Finished training it 63232/76743 of epoch 0, 14.51 ms/it, NE 0.803724, loss 0.447495
Testing at - 63232/76743 of epoch 0,  NE 0.791565, loss 0.454741, accuracy 78.738 %, best 78.758 %
Finished training it 63488/76743 of epoch 0, 12.91 ms/it, NE 0.803657, loss 0.447628
Testing at - 63488/76743 of epoch 0,  NE 0.791231, loss 0.454549, accuracy 78.740 %, best 78.758 %
Finished training it 63744/76743 of epoch 0, 14.40 ms/it, NE 0.803603, loss 0.449375
Testing at - 63744/76743 of epoch 0,  NE 0.792163, loss 0.455085, accuracy 78.707 %, best 78.758 %
Finished training it 64000/76743 of epoch 0, 15.56 ms/it, NE 0.803559, loss 0.450818
Testing at - 64000/76743 of epoch 0,  NE 0.792077, loss 0.455036, accuracy 78.741 %, best 78.758 %
Finished training it 64256/76743 of epoch 0, 14.31 ms/it, NE 0.803503, loss 0.448959
Testing at - 64256/76743 of epoch 0,  NE 0.791996, loss 0.454989, accuracy 78.704 %, best 78.758 %
Finished training it 64512/76743 of epoch 0, 14.47 ms/it, NE 0.803441, loss 0.447963
Testing at - 64512/76743 of epoch 0,  NE 0.792040, loss 0.455014, accuracy 78.731 %, best 78.758 %
Finished training it 64768/76743 of epoch 0, 15.55 ms/it, NE 0.803387, loss 0.447074
Testing at - 64768/76743 of epoch 0,  NE 0.793234, loss 0.455700, accuracy 78.729 %, best 78.758 %
Finished training it 65024/76743 of epoch 0, 16.06 ms/it, NE 0.803332, loss 0.447969
Testing at - 65024/76743 of epoch 0,  NE 0.791540, loss 0.454727, accuracy 78.738 %, best 78.758 %
Finished training it 65280/76743 of epoch 0, 14.69 ms/it, NE 0.803274, loss 0.449655
Testing at - 65280/76743 of epoch 0,  NE 0.791709, loss 0.454824, accuracy 78.740 %, best 78.758 %
Finished training it 65536/76743 of epoch 0, 16.72 ms/it, NE 0.803227, loss 0.448854
Testing at - 65536/76743 of epoch 0,  NE 0.794525, loss 0.456442, accuracy 78.606 %, best 78.758 %
Finished training it 65792/76743 of epoch 0, 16.58 ms/it, NE 0.803175, loss 0.450507
Testing at - 65792/76743 of epoch 0,  NE 0.794928, loss 0.456674, accuracy 78.619 %, best 78.758 %
Finished training it 66048/76743 of epoch 0, 19.67 ms/it, NE 0.803123, loss 0.450355
Testing at - 66048/76743 of epoch 0,  NE 0.791762, loss 0.454855, accuracy 78.726 %, best 78.758 %
Finished training it 66304/76743 of epoch 0, 16.65 ms/it, NE 0.803068, loss 0.447577
Testing at - 66304/76743 of epoch 0,  NE 0.790944, loss 0.454385, accuracy 78.757 %, best 78.758 %
Finished training it 66560/76743 of epoch 0, 14.63 ms/it, NE 0.803010, loss 0.448174
Testing at - 66560/76743 of epoch 0,  NE 0.794387, loss 0.456363, accuracy 78.736 %, best 78.758 %
Finished training it 66816/76743 of epoch 0, 15.85 ms/it, NE 0.802960, loss 0.450400
Testing at - 66816/76743 of epoch 0,  NE 0.798685, loss 0.458832, accuracy 78.360 %, best 78.758 %
Finished training it 67072/76743 of epoch 0, 17.65 ms/it, NE 0.802919, loss 0.450145
Testing at - 67072/76743 of epoch 0,  NE 0.794029, loss 0.456157, accuracy 78.667 %, best 78.758 %
Finished training it 67328/76743 of epoch 0, 16.13 ms/it, NE 0.802864, loss 0.447100
Testing at - 67328/76743 of epoch 0,  NE 0.795361, loss 0.456922, accuracy 78.686 %, best 78.758 %
Finished training it 67584/76743 of epoch 0, 15.36 ms/it, NE 0.802812, loss 0.449652
Testing at - 67584/76743 of epoch 0,  NE 0.791493, loss 0.454700, accuracy 78.750 %, best 78.758 %
Finished training it 67840/76743 of epoch 0, 15.43 ms/it, NE 0.802755, loss 0.446304
Testing at - 67840/76743 of epoch 0,  NE 0.791385, loss 0.454638, accuracy 78.736 %, best 78.758 %
Finished training it 68096/76743 of epoch 0, 16.50 ms/it, NE 0.802707, loss 0.449197
Testing at - 68096/76743 of epoch 0,  NE 0.793974, loss 0.456125, accuracy 78.638 %, best 78.758 %
Finished training it 68352/76743 of epoch 0, 16.85 ms/it, NE 0.802656, loss 0.448210
Testing at - 68352/76743 of epoch 0,  NE 0.790878, loss 0.454347, accuracy 78.756 %, best 78.758 %
Finished training it 68608/76743 of epoch 0, 17.44 ms/it, NE 0.802606, loss 0.449192
Testing at - 68608/76743 of epoch 0,  NE 0.791607, loss 0.454765, accuracy 78.745 %, best 78.758 %
Finished training it 68864/76743 of epoch 0, 13.41 ms/it, NE 0.802562, loss 0.450140
Testing at - 68864/76743 of epoch 0,  NE 0.792303, loss 0.455165, accuracy 78.742 %, best 78.758 %
Finished training it 69120/76743 of epoch 0, 13.76 ms/it, NE 0.802512, loss 0.448729
Testing at - 69120/76743 of epoch 0,  NE 0.790698, loss 0.454243, accuracy 78.757 %, best 78.758 %
Finished training it 69376/76743 of epoch 0, 13.11 ms/it, NE 0.802451, loss 0.445398
Testing at - 69376/76743 of epoch 0,  NE 0.791504, loss 0.454706, accuracy 78.739 %, best 78.758 %
Finished training it 69632/76743 of epoch 0, 12.77 ms/it, NE 0.802407, loss 0.451570
Testing at - 69632/76743 of epoch 0,  NE 0.792332, loss 0.455182, accuracy 78.673 %, best 78.758 %
Finished training it 69888/76743 of epoch 0, 13.98 ms/it, NE 0.802367, loss 0.451367
Testing at - 69888/76743 of epoch 0,  NE 0.790140, loss 0.453923, accuracy 78.786 %, best 78.786 %
Finished training it 70144/76743 of epoch 0, 14.97 ms/it, NE 0.802321, loss 0.449467
Testing at - 70144/76743 of epoch 0,  NE 0.790380, loss 0.454061, accuracy 78.762 %, best 78.786 %
Finished training it 70400/76743 of epoch 0, 16.65 ms/it, NE 0.802283, loss 0.447430
Testing at - 70400/76743 of epoch 0,  NE 0.791266, loss 0.454570, accuracy 78.737 %, best 78.786 %
Finished training it 70656/76743 of epoch 0, 16.55 ms/it, NE 0.802234, loss 0.446931
Testing at - 70656/76743 of epoch 0,  NE 0.790221, loss 0.453970, accuracy 78.773 %, best 78.786 %
Finished training it 70912/76743 of epoch 0, 13.85 ms/it, NE 0.802189, loss 0.449181
Testing at - 70912/76743 of epoch 0,  NE 0.791807, loss 0.454881, accuracy 78.732 %, best 78.786 %
Finished training it 71168/76743 of epoch 0, 14.65 ms/it, NE 0.802147, loss 0.447814
Testing at - 71168/76743 of epoch 0,  NE 0.789821, loss 0.453739, accuracy 78.789 %, best 78.789 %
Finished training it 71424/76743 of epoch 0, 17.78 ms/it, NE 0.802103, loss 0.448099
Testing at - 71424/76743 of epoch 0,  NE 0.791676, loss 0.454805, accuracy 78.734 %, best 78.789 %
Finished training it 71680/76743 of epoch 0, 15.50 ms/it, NE 0.802068, loss 0.450373
Testing at - 71680/76743 of epoch 0,  NE 0.790257, loss 0.453990, accuracy 78.784 %, best 78.789 %
Finished training it 71936/76743 of epoch 0, 18.04 ms/it, NE 0.802013, loss 0.446321
Testing at - 71936/76743 of epoch 0,  NE 0.790230, loss 0.453975, accuracy 78.790 %, best 78.790 %
Finished training it 72192/76743 of epoch 0, 15.17 ms/it, NE 0.801960, loss 0.447329
Testing at - 72192/76743 of epoch 0,  NE 0.796139, loss 0.457369, accuracy 78.581 %, best 78.790 %
Finished training it 72448/76743 of epoch 0, 18.03 ms/it, NE 0.801912, loss 0.446882
Testing at - 72448/76743 of epoch 0,  NE 0.791015, loss 0.454425, accuracy 78.735 %, best 78.790 %
Finished training it 72704/76743 of epoch 0, 15.65 ms/it, NE 0.801873, loss 0.450330
Testing at - 72704/76743 of epoch 0,  NE 0.791007, loss 0.454421, accuracy 78.756 %, best 78.790 %
Finished training it 72960/76743 of epoch 0, 20.27 ms/it, NE 0.801829, loss 0.446573
Testing at - 72960/76743 of epoch 0,  NE 0.795107, loss 0.456776, accuracy 78.675 %, best 78.790 %
Finished training it 73216/76743 of epoch 0, 16.66 ms/it, NE 0.801775, loss 0.449029
Testing at - 73216/76743 of epoch 0,  NE 0.789901, loss 0.453785, accuracy 78.783 %, best 78.790 %
Finished training it 73472/76743 of epoch 0, 16.50 ms/it, NE 0.801726, loss 0.449165
Testing at - 73472/76743 of epoch 0,  NE 0.792358, loss 0.455197, accuracy 78.731 %, best 78.790 %
Finished training it 73728/76743 of epoch 0, 17.43 ms/it, NE 0.801676, loss 0.447554
Testing at - 73728/76743 of epoch 0,  NE 0.791029, loss 0.454434, accuracy 78.771 %, best 78.790 %
Finished training it 73984/76743 of epoch 0, 17.10 ms/it, NE 0.801636, loss 0.448058
Testing at - 73984/76743 of epoch 0,  NE 0.790478, loss 0.454117, accuracy 78.763 %, best 78.790 %
Finished training it 74240/76743 of epoch 0, 16.70 ms/it, NE 0.801586, loss 0.448664
Testing at - 74240/76743 of epoch 0,  NE 0.790513, loss 0.454137, accuracy 78.761 %, best 78.790 %
Finished training it 74496/76743 of epoch 0, 15.95 ms/it, NE 0.801555, loss 0.451704
Testing at - 74496/76743 of epoch 0,  NE 0.790617, loss 0.454197, accuracy 78.752 %, best 78.790 %
Finished training it 74752/76743 of epoch 0, 14.57 ms/it, NE 0.801512, loss 0.451158
Testing at - 74752/76743 of epoch 0,  NE 0.790981, loss 0.454406, accuracy 78.768 %, best 78.790 %
Finished training it 75008/76743 of epoch 0, 14.15 ms/it, NE 0.801466, loss 0.448186
Testing at - 75008/76743 of epoch 0,  NE 0.790190, loss 0.453951, accuracy 78.774 %, best 78.790 %
Finished training it 75264/76743 of epoch 0, 12.74 ms/it, NE 0.801428, loss 0.447603
Testing at - 75264/76743 of epoch 0,  NE 0.790891, loss 0.454354, accuracy 78.751 %, best 78.790 %
Finished training it 75520/76743 of epoch 0, 16.07 ms/it, NE 0.801379, loss 0.447181
Testing at - 75520/76743 of epoch 0,  NE 0.790574, loss 0.454172, accuracy 78.733 %, best 78.790 %
Finished training it 75776/76743 of epoch 0, 15.64 ms/it, NE 0.801339, loss 0.448892
Testing at - 75776/76743 of epoch 0,  NE 0.796689, loss 0.457685, accuracy 78.607 %, best 78.790 %
Finished training it 76032/76743 of epoch 0, 13.93 ms/it, NE 0.801303, loss 0.448886
Testing at - 76032/76743 of epoch 0,  NE 0.790024, loss 0.453856, accuracy 78.774 %, best 78.790 %
Finished training it 76288/76743 of epoch 0, 15.13 ms/it, NE 0.801256, loss 0.446023
Testing at - 76288/76743 of epoch 0,  NE 0.791207, loss 0.454536, accuracy 78.722 %, best 78.790 %
Finished training it 76544/76743 of epoch 0, 18.58 ms/it, NE 0.801207, loss 0.447899
Testing at - 76544/76743 of epoch 0,  NE 0.789135, loss 0.453346, accuracy 78.798 %, best 78.798 %
Finished training it 76743/76743 of epoch 0, 14.61 ms/it, NE 0.801166, loss 0.448970
Testing at - 76743/76743 of epoch 0,  NE 0.795239, loss 0.456852, accuracy 78.647 %, best 78.798 %
