NCCL version 2.9.6+cudaCUDA_MAJOR.CUDA_MINOR
Unable to import mlperf_logging,  No module named 'mlperf_logging'
world size: 1, current rank: 0, local rank: 0
Using 2 GPU(s)...
Reading pre-processed data=./input/kaggleAdDisplayChallenge_processed.npz
Sparse fea = 26, Dense fea = 13
Defined train indices...
Randomized indices across days ...
Split data according to indices...
Reading pre-processed data=./input/kaggleAdDisplayChallenge_processed.npz
Sparse fea = 26, Dense fea = 13
Defined test indices...
Randomized indices across days ...
Split data according to indices...
DLRM_Net(
  (bot_l): Sequential(
    (0): Linear(in_features=13, out_features=512, bias=True)
    (1): ReLU()
    (2): Linear(in_features=512, out_features=256, bias=True)
    (3): ReLU()
    (4): Linear(in_features=256, out_features=64, bias=True)
    (5): ReLU()
    (6): Linear(in_features=64, out_features=16, bias=True)
    (7): ReLU()
  )
  (top_l): Sequential(
    (0): Linear(in_features=367, out_features=512, bias=True)
    (1): ReLU()
    (2): Linear(in_features=512, out_features=256, bias=True)
    (3): ReLU()
    (4): Linear(in_features=256, out_features=1, bias=True)
    (5): Sigmoid()
  )
  (loss_fn): BCELoss()
)
Random uniform embeddings init: 0 size: 1461 dim: 16
Random uniform embeddings init: 1 size: 584 dim: 16
Random uniform embeddings init: 2 size: 10131227 dim: 16
Random uniform embeddings init: 3 size: 2202608 dim: 16
Random uniform embeddings init: 4 size: 306 dim: 16
Random uniform embeddings init: 5 size: 24 dim: 16
Random uniform embeddings init: 6 size: 12518 dim: 16
Random uniform embeddings init: 7 size: 634 dim: 16
Random uniform embeddings init: 8 size: 4 dim: 16
Random uniform embeddings init: 9 size: 93146 dim: 16
Random uniform embeddings init: 10 size: 5684 dim: 16
Random uniform embeddings init: 11 size: 8351593 dim: 16
Random uniform embeddings init: 12 size: 3195 dim: 16
Random uniform embeddings init: 13 size: 28 dim: 16
Random uniform embeddings init: 14 size: 14993 dim: 16
Random uniform embeddings init: 15 size: 5461306 dim: 16
Random uniform embeddings init: 16 size: 11 dim: 16
Random uniform embeddings init: 17 size: 5653 dim: 16
Random uniform embeddings init: 18 size: 2173 dim: 16
Random uniform embeddings init: 19 size: 4 dim: 16
Random uniform embeddings init: 20 size: 7046547 dim: 16
Random uniform embeddings init: 21 size: 18 dim: 16
Random uniform embeddings init: 22 size: 16 dim: 16
Random uniform embeddings init: 23 size: 286181 dim: 16
Random uniform embeddings init: 24 size: 105 dim: 16
Random uniform embeddings init: 25 size: 142572 dim: 16
time/loss/accuracy (if enabled):
Finished training it 256/76743 of epoch 0, 31.87 ms/it, NE 0.937726, loss 0.533290
Testing at - 256/76743 of epoch 0,  NE 0.916805, loss 0.526690, accuracy 75.429 %, best 75.429 %
Finished training it 512/76743 of epoch 0, 16.47 ms/it, NE 0.922961, loss 0.516684
Testing at - 512/76743 of epoch 0,  NE 0.895249, loss 0.514306, accuracy 75.709 %, best 75.709 %
Finished training it 768/76743 of epoch 0, 15.51 ms/it, NE 0.915304, loss 0.511582
Testing at - 768/76743 of epoch 0,  NE 0.892606, loss 0.512788, accuracy 75.832 %, best 75.832 %
Finished training it 1024/76743 of epoch 0, 16.70 ms/it, NE 0.908893, loss 0.502663
Testing at - 1024/76743 of epoch 0,  NE 0.882691, loss 0.507092, accuracy 76.294 %, best 76.294 %
Finished training it 1280/76743 of epoch 0, 15.34 ms/it, NE 0.904109, loss 0.503284
Testing at - 1280/76743 of epoch 0,  NE 0.891785, loss 0.512316, accuracy 76.302 %, best 76.302 %
Finished training it 1536/76743 of epoch 0, 14.97 ms/it, NE 0.900224, loss 0.500359
Testing at - 1536/76743 of epoch 0,  NE 0.881967, loss 0.506676, accuracy 76.408 %, best 76.408 %
Finished training it 1792/76743 of epoch 0, 16.76 ms/it, NE 0.896707, loss 0.496306
Testing at - 1792/76743 of epoch 0,  NE 0.866535, loss 0.497810, accuracy 76.777 %, best 76.777 %
Finished training it 2048/76743 of epoch 0, 14.40 ms/it, NE 0.893328, loss 0.494982
Testing at - 2048/76743 of epoch 0,  NE 0.864058, loss 0.496388, accuracy 76.873 %, best 76.873 %
Finished training it 2304/76743 of epoch 0, 14.57 ms/it, NE 0.890474, loss 0.492004
Testing at - 2304/76743 of epoch 0,  NE 0.864030, loss 0.496371, accuracy 76.750 %, best 76.873 %
Finished training it 2560/76743 of epoch 0, 14.46 ms/it, NE 0.887589, loss 0.490239
Testing at - 2560/76743 of epoch 0,  NE 0.868942, loss 0.499193, accuracy 76.582 %, best 76.873 %
Finished training it 2816/76743 of epoch 0, 14.99 ms/it, NE 0.884838, loss 0.487446
Testing at - 2816/76743 of epoch 0,  NE 0.853743, loss 0.490462, accuracy 77.173 %, best 77.173 %
Finished training it 3072/76743 of epoch 0, 16.90 ms/it, NE 0.882136, loss 0.481296
Testing at - 3072/76743 of epoch 0,  NE 0.851954, loss 0.489434, accuracy 77.102 %, best 77.173 %
Finished training it 3328/76743 of epoch 0, 17.74 ms/it, NE 0.879827, loss 0.485795
Testing at - 3328/76743 of epoch 0,  NE 0.856657, loss 0.492136, accuracy 77.228 %, best 77.228 %
Finished training it 3584/76743 of epoch 0, 15.61 ms/it, NE 0.877463, loss 0.481693
Testing at - 3584/76743 of epoch 0,  NE 0.842475, loss 0.483988, accuracy 77.468 %, best 77.468 %
Finished training it 3840/76743 of epoch 0, 18.98 ms/it, NE 0.875281, loss 0.479795
Testing at - 3840/76743 of epoch 0,  NE 0.846575, loss 0.486344, accuracy 77.430 %, best 77.468 %
Finished training it 4096/76743 of epoch 0, 19.03 ms/it, NE 0.873196, loss 0.479884
Testing at - 4096/76743 of epoch 0,  NE 0.840691, loss 0.482963, accuracy 77.434 %, best 77.468 %
Finished training it 4352/76743 of epoch 0, 16.89 ms/it, NE 0.871071, loss 0.476581
Testing at - 4352/76743 of epoch 0,  NE 0.854876, loss 0.491113, accuracy 77.129 %, best 77.468 %
Finished training it 4608/76743 of epoch 0, 14.88 ms/it, NE 0.869411, loss 0.478707
Testing at - 4608/76743 of epoch 0,  NE 0.838786, loss 0.481869, accuracy 77.529 %, best 77.529 %
Finished training it 4864/76743 of epoch 0, 15.70 ms/it, NE 0.867655, loss 0.476383
Testing at - 4864/76743 of epoch 0,  NE 0.843322, loss 0.484475, accuracy 77.579 %, best 77.579 %
Finished training it 5120/76743 of epoch 0, 18.11 ms/it, NE 0.866181, loss 0.475814
Testing at - 5120/76743 of epoch 0,  NE 0.864378, loss 0.496572, accuracy 76.771 %, best 77.579 %
Finished training it 5376/76743 of epoch 0, 17.70 ms/it, NE 0.864755, loss 0.475161
Testing at - 5376/76743 of epoch 0,  NE 0.835954, loss 0.480242, accuracy 77.767 %, best 77.767 %
Finished training it 5632/76743 of epoch 0, 17.91 ms/it, NE 0.863374, loss 0.473660
Testing at - 5632/76743 of epoch 0,  NE 0.834646, loss 0.479491, accuracy 77.551 %, best 77.767 %
Finished training it 5888/76743 of epoch 0, 15.70 ms/it, NE 0.862086, loss 0.476083
Testing at - 5888/76743 of epoch 0,  NE 0.828635, loss 0.476037, accuracy 77.828 %, best 77.828 %
Finished training it 6144/76743 of epoch 0, 21.02 ms/it, NE 0.860831, loss 0.471375
Testing at - 6144/76743 of epoch 0,  NE 0.827695, loss 0.475498, accuracy 77.867 %, best 77.867 %
Finished training it 6400/76743 of epoch 0, 16.57 ms/it, NE 0.859511, loss 0.470153
Testing at - 6400/76743 of epoch 0,  NE 0.826835, loss 0.475004, accuracy 77.898 %, best 77.898 %
Finished training it 6656/76743 of epoch 0, 17.66 ms/it, NE 0.858324, loss 0.470595
Testing at - 6656/76743 of epoch 0,  NE 0.829278, loss 0.476407, accuracy 77.818 %, best 77.898 %
Finished training it 6912/76743 of epoch 0, 19.06 ms/it, NE 0.857133, loss 0.468684
Testing at - 6912/76743 of epoch 0,  NE 0.826901, loss 0.475041, accuracy 77.884 %, best 77.898 %
Finished training it 7168/76743 of epoch 0, 18.16 ms/it, NE 0.856172, loss 0.470386
Testing at - 7168/76743 of epoch 0,  NE 0.829524, loss 0.476548, accuracy 77.920 %, best 77.920 %
Finished training it 7424/76743 of epoch 0, 18.30 ms/it, NE 0.855336, loss 0.471954
Testing at - 7424/76743 of epoch 0,  NE 0.827965, loss 0.475653, accuracy 77.933 %, best 77.933 %
Finished training it 7680/76743 of epoch 0, 17.33 ms/it, NE 0.854422, loss 0.470351
Testing at - 7680/76743 of epoch 0,  NE 0.826072, loss 0.474565, accuracy 78.014 %, best 78.014 %
Finished training it 7936/76743 of epoch 0, 13.84 ms/it, NE 0.853543, loss 0.470831
Testing at - 7936/76743 of epoch 0,  NE 0.834588, loss 0.479458, accuracy 77.704 %, best 78.014 %
Finished training it 8192/76743 of epoch 0, 16.51 ms/it, NE 0.852620, loss 0.469875
Testing at - 8192/76743 of epoch 0,  NE 0.823601, loss 0.473146, accuracy 78.010 %, best 78.014 %
Finished training it 8448/76743 of epoch 0, 14.71 ms/it, NE 0.851668, loss 0.467322
Testing at - 8448/76743 of epoch 0,  NE 0.821222, loss 0.471779, accuracy 78.047 %, best 78.047 %
Finished training it 8704/76743 of epoch 0, 14.68 ms/it, NE 0.850754, loss 0.466677
Testing at - 8704/76743 of epoch 0,  NE 0.824630, loss 0.473737, accuracy 77.933 %, best 78.047 %
Finished training it 8960/76743 of epoch 0, 14.22 ms/it, NE 0.850094, loss 0.471134
Testing at - 8960/76743 of epoch 0,  NE 0.828189, loss 0.475781, accuracy 78.024 %, best 78.047 %
Finished training it 9216/76743 of epoch 0, 17.85 ms/it, NE 0.849329, loss 0.467642
Testing at - 9216/76743 of epoch 0,  NE 0.823974, loss 0.473360, accuracy 78.037 %, best 78.047 %
Finished training it 9472/76743 of epoch 0, 17.58 ms/it, NE 0.848591, loss 0.465890
Testing at - 9472/76743 of epoch 0,  NE 0.825558, loss 0.474270, accuracy 77.975 %, best 78.047 %
Finished training it 9728/76743 of epoch 0, 18.99 ms/it, NE 0.847952, loss 0.468989
Testing at - 9728/76743 of epoch 0,  NE 0.822337, loss 0.472419, accuracy 77.981 %, best 78.047 %
Finished training it 9984/76743 of epoch 0, 17.30 ms/it, NE 0.847312, loss 0.467821
Testing at - 9984/76743 of epoch 0,  NE 0.821559, loss 0.471972, accuracy 78.088 %, best 78.088 %
Finished training it 10240/76743 of epoch 0, 18.80 ms/it, NE 0.846642, loss 0.467434
Testing at - 10240/76743 of epoch 0,  NE 0.820290, loss 0.471243, accuracy 78.154 %, best 78.154 %
Finished training it 10496/76743 of epoch 0, 16.63 ms/it, NE 0.846014, loss 0.466482
Testing at - 10496/76743 of epoch 0,  NE 0.822677, loss 0.472615, accuracy 78.078 %, best 78.154 %
Finished training it 10752/76743 of epoch 0, 16.25 ms/it, NE 0.845463, loss 0.466439
Testing at - 10752/76743 of epoch 0,  NE 0.821107, loss 0.471713, accuracy 78.126 %, best 78.154 %
Finished training it 11008/76743 of epoch 0, 16.52 ms/it, NE 0.844916, loss 0.466921
Testing at - 11008/76743 of epoch 0,  NE 0.825604, loss 0.474297, accuracy 77.977 %, best 78.154 %
Finished training it 11264/76743 of epoch 0, 16.05 ms/it, NE 0.844402, loss 0.467568
Testing at - 11264/76743 of epoch 0,  NE 0.820260, loss 0.471226, accuracy 78.174 %, best 78.174 %
Finished training it 11520/76743 of epoch 0, 16.24 ms/it, NE 0.843835, loss 0.466407
Testing at - 11520/76743 of epoch 0,  NE 0.822802, loss 0.472687, accuracy 78.019 %, best 78.174 %
Finished training it 11776/76743 of epoch 0, 18.24 ms/it, NE 0.843386, loss 0.468577
Testing at - 11776/76743 of epoch 0,  NE 0.823345, loss 0.472999, accuracy 78.047 %, best 78.174 %
Finished training it 12032/76743 of epoch 0, 16.50 ms/it, NE 0.842964, loss 0.467489
Testing at - 12032/76743 of epoch 0,  NE 0.824072, loss 0.473416, accuracy 77.957 %, best 78.174 %
Finished training it 12288/76743 of epoch 0, 18.77 ms/it, NE 0.842455, loss 0.463438
Testing at - 12288/76743 of epoch 0,  NE 0.817981, loss 0.469917, accuracy 78.188 %, best 78.188 %
Finished training it 12544/76743 of epoch 0, 17.62 ms/it, NE 0.841927, loss 0.464701
Testing at - 12544/76743 of epoch 0,  NE 0.819259, loss 0.470651, accuracy 78.210 %, best 78.210 %
Finished training it 12800/76743 of epoch 0, 14.82 ms/it, NE 0.841479, loss 0.467074
Testing at - 12800/76743 of epoch 0,  NE 0.817951, loss 0.469900, accuracy 78.246 %, best 78.246 %
Finished training it 13056/76743 of epoch 0, 16.43 ms/it, NE 0.841025, loss 0.467316
Testing at - 13056/76743 of epoch 0,  NE 0.818412, loss 0.470165, accuracy 78.206 %, best 78.246 %
Finished training it 13312/76743 of epoch 0, 17.57 ms/it, NE 0.840599, loss 0.466090
Testing at - 13312/76743 of epoch 0,  NE 0.821511, loss 0.471945, accuracy 78.039 %, best 78.246 %
Finished training it 13568/76743 of epoch 0, 16.92 ms/it, NE 0.840170, loss 0.465530
Testing at - 13568/76743 of epoch 0,  NE 0.819697, loss 0.470903, accuracy 78.148 %, best 78.246 %
Finished training it 13824/76743 of epoch 0, 17.84 ms/it, NE 0.839738, loss 0.465246
Testing at - 13824/76743 of epoch 0,  NE 0.823710, loss 0.473208, accuracy 78.077 %, best 78.246 %
Finished training it 14080/76743 of epoch 0, 15.51 ms/it, NE 0.839355, loss 0.463865
Testing at - 14080/76743 of epoch 0,  NE 0.818885, loss 0.470436, accuracy 78.153 %, best 78.246 %
Finished training it 14336/76743 of epoch 0, 17.18 ms/it, NE 0.838939, loss 0.462179
Testing at - 14336/76743 of epoch 0,  NE 0.816110, loss 0.468842, accuracy 78.234 %, best 78.246 %
Finished training it 14592/76743 of epoch 0, 15.39 ms/it, NE 0.838495, loss 0.462444
Testing at - 14592/76743 of epoch 0,  NE 0.815006, loss 0.468208, accuracy 78.280 %, best 78.280 %
Finished training it 14848/76743 of epoch 0, 15.32 ms/it, NE 0.838092, loss 0.463765
Testing at - 14848/76743 of epoch 0,  NE 0.815609, loss 0.468554, accuracy 78.276 %, best 78.280 %
Finished training it 15104/76743 of epoch 0, 19.08 ms/it, NE 0.837725, loss 0.463234
Testing at - 15104/76743 of epoch 0,  NE 0.823734, loss 0.473222, accuracy 78.038 %, best 78.280 %
Finished training it 15360/76743 of epoch 0, 17.03 ms/it, NE 0.837366, loss 0.466075
Testing at - 15360/76743 of epoch 0,  NE 0.815378, loss 0.468422, accuracy 78.290 %, best 78.290 %
Finished training it 15616/76743 of epoch 0, 17.54 ms/it, NE 0.837051, loss 0.464526
Testing at - 15616/76743 of epoch 0,  NE 0.816125, loss 0.468851, accuracy 78.267 %, best 78.290 %
Finished training it 15872/76743 of epoch 0, 16.74 ms/it, NE 0.836672, loss 0.463264
Testing at - 15872/76743 of epoch 0,  NE 0.815847, loss 0.468691, accuracy 78.275 %, best 78.290 %
Finished training it 16128/76743 of epoch 0, 16.80 ms/it, NE 0.836358, loss 0.465514
Testing at - 16128/76743 of epoch 0,  NE 0.821826, loss 0.472126, accuracy 78.112 %, best 78.290 %
Finished training it 16384/76743 of epoch 0, 16.88 ms/it, NE 0.836083, loss 0.466574
Testing at - 16384/76743 of epoch 0,  NE 0.814640, loss 0.467998, accuracy 78.261 %, best 78.290 %
Finished training it 16640/76743 of epoch 0, 18.60 ms/it, NE 0.835778, loss 0.463034
Testing at - 16640/76743 of epoch 0,  NE 0.815194, loss 0.468316, accuracy 78.326 %, best 78.326 %
Finished training it 16896/76743 of epoch 0, 18.61 ms/it, NE 0.835425, loss 0.462175
Testing at - 16896/76743 of epoch 0,  NE 0.813440, loss 0.467308, accuracy 78.326 %, best 78.326 %
Finished training it 17152/76743 of epoch 0, 16.28 ms/it, NE 0.835090, loss 0.463126
Testing at - 17152/76743 of epoch 0,  NE 0.824985, loss 0.473941, accuracy 77.925 %, best 78.326 %
Finished training it 17408/76743 of epoch 0, 20.27 ms/it, NE 0.834780, loss 0.462921
Testing at - 17408/76743 of epoch 0,  NE 0.813327, loss 0.467243, accuracy 78.344 %, best 78.344 %
Finished training it 17664/76743 of epoch 0, 16.95 ms/it, NE 0.834480, loss 0.462166
Testing at - 17664/76743 of epoch 0,  NE 0.813033, loss 0.467075, accuracy 78.364 %, best 78.364 %
Finished training it 17920/76743 of epoch 0, 16.69 ms/it, NE 0.834234, loss 0.464081
Testing at - 17920/76743 of epoch 0,  NE 0.815048, loss 0.468232, accuracy 78.351 %, best 78.364 %
Finished training it 18176/76743 of epoch 0, 16.15 ms/it, NE 0.833918, loss 0.460616
Testing at - 18176/76743 of epoch 0,  NE 0.814414, loss 0.467868, accuracy 78.234 %, best 78.364 %
Finished training it 18432/76743 of epoch 0, 17.39 ms/it, NE 0.833632, loss 0.462597
Testing at - 18432/76743 of epoch 0,  NE 0.817915, loss 0.469879, accuracy 78.115 %, best 78.364 %
Finished training it 18688/76743 of epoch 0, 16.49 ms/it, NE 0.833342, loss 0.461870
Testing at - 18688/76743 of epoch 0,  NE 0.817937, loss 0.469892, accuracy 78.140 %, best 78.364 %
Finished training it 18944/76743 of epoch 0, 15.47 ms/it, NE 0.833056, loss 0.461772
Testing at - 18944/76743 of epoch 0,  NE 0.815294, loss 0.468374, accuracy 78.261 %, best 78.364 %
Finished training it 19200/76743 of epoch 0, 16.31 ms/it, NE 0.832799, loss 0.461947
Testing at - 19200/76743 of epoch 0,  NE 0.822102, loss 0.472285, accuracy 78.142 %, best 78.364 %
Finished training it 19456/76743 of epoch 0, 14.37 ms/it, NE 0.832565, loss 0.462132
Testing at - 19456/76743 of epoch 0,  NE 0.812331, loss 0.466671, accuracy 78.391 %, best 78.391 %
Finished training it 19712/76743 of epoch 0, 14.79 ms/it, NE 0.832312, loss 0.461994
Testing at - 19712/76743 of epoch 0,  NE 0.812996, loss 0.467053, accuracy 78.330 %, best 78.391 %
Finished training it 19968/76743 of epoch 0, 14.52 ms/it, NE 0.832041, loss 0.460774
Testing at - 19968/76743 of epoch 0,  NE 0.815725, loss 0.468621, accuracy 78.265 %, best 78.391 %
Finished training it 20224/76743 of epoch 0, 13.85 ms/it, NE 0.831778, loss 0.461358
Testing at - 20224/76743 of epoch 0,  NE 0.812433, loss 0.466730, accuracy 78.385 %, best 78.391 %
Finished training it 20480/76743 of epoch 0, 16.04 ms/it, NE 0.831546, loss 0.462405
Testing at - 20480/76743 of epoch 0,  NE 0.811116, loss 0.465974, accuracy 78.424 %, best 78.424 %
Finished training it 20736/76743 of epoch 0, 15.76 ms/it, NE 0.831322, loss 0.460606
Testing at - 20736/76743 of epoch 0,  NE 0.812426, loss 0.466726, accuracy 78.347 %, best 78.424 %
Finished training it 20992/76743 of epoch 0, 18.90 ms/it, NE 0.831067, loss 0.459343
Testing at - 20992/76743 of epoch 0,  NE 0.809285, loss 0.464922, accuracy 78.433 %, best 78.433 %
Finished training it 21248/76743 of epoch 0, 16.85 ms/it, NE 0.830803, loss 0.460367
Testing at - 21248/76743 of epoch 0,  NE 0.811446, loss 0.466163, accuracy 78.393 %, best 78.433 %
Finished training it 21504/76743 of epoch 0, 17.04 ms/it, NE 0.830582, loss 0.462293
Testing at - 21504/76743 of epoch 0,  NE 0.813696, loss 0.467456, accuracy 78.295 %, best 78.433 %
Finished training it 21760/76743 of epoch 0, 17.34 ms/it, NE 0.830335, loss 0.460944
Testing at - 21760/76743 of epoch 0,  NE 0.812369, loss 0.466693, accuracy 78.388 %, best 78.433 %
Finished training it 22016/76743 of epoch 0, 22.72 ms/it, NE 0.830097, loss 0.458953
Testing at - 22016/76743 of epoch 0,  NE 0.808582, loss 0.464518, accuracy 78.451 %, best 78.451 %
Finished training it 22272/76743 of epoch 0, 15.19 ms/it, NE 0.829833, loss 0.460609
Testing at - 22272/76743 of epoch 0,  NE 0.810859, loss 0.465825, accuracy 78.402 %, best 78.451 %
Finished training it 22528/76743 of epoch 0, 15.16 ms/it, NE 0.829610, loss 0.459938
Testing at - 22528/76743 of epoch 0,  NE 0.811911, loss 0.466430, accuracy 78.363 %, best 78.451 %
Finished training it 22784/76743 of epoch 0, 13.23 ms/it, NE 0.829393, loss 0.460060
Testing at - 22784/76743 of epoch 0,  NE 0.813263, loss 0.467206, accuracy 78.269 %, best 78.451 %
Finished training it 23040/76743 of epoch 0, 13.88 ms/it, NE 0.829184, loss 0.462121
Testing at - 23040/76743 of epoch 0,  NE 0.810879, loss 0.465837, accuracy 78.471 %, best 78.471 %
Finished training it 23296/76743 of epoch 0, 14.10 ms/it, NE 0.828980, loss 0.461453
Testing at - 23296/76743 of epoch 0,  NE 0.810407, loss 0.465566, accuracy 78.383 %, best 78.471 %
Finished training it 23552/76743 of epoch 0, 13.80 ms/it, NE 0.828781, loss 0.460200
Testing at - 23552/76743 of epoch 0,  NE 0.808916, loss 0.464710, accuracy 78.470 %, best 78.471 %
Finished training it 23808/76743 of epoch 0, 14.15 ms/it, NE 0.828544, loss 0.458363
Testing at - 23808/76743 of epoch 0,  NE 0.811583, loss 0.466242, accuracy 78.406 %, best 78.471 %
Finished training it 24064/76743 of epoch 0, 15.35 ms/it, NE 0.828305, loss 0.459137
Testing at - 24064/76743 of epoch 0,  NE 0.814085, loss 0.467679, accuracy 78.277 %, best 78.471 %
Finished training it 24320/76743 of epoch 0, 14.93 ms/it, NE 0.828088, loss 0.458305
Testing at - 24320/76743 of epoch 0,  NE 0.811115, loss 0.465973, accuracy 78.413 %, best 78.471 %
Finished training it 24576/76743 of epoch 0, 14.39 ms/it, NE 0.827877, loss 0.458121
Testing at - 24576/76743 of epoch 0,  NE 0.808668, loss 0.464567, accuracy 78.466 %, best 78.471 %
Finished training it 24832/76743 of epoch 0, 15.00 ms/it, NE 0.827696, loss 0.460100
Testing at - 24832/76743 of epoch 0,  NE 0.813264, loss 0.467207, accuracy 78.318 %, best 78.471 %
Finished training it 25088/76743 of epoch 0, 14.22 ms/it, NE 0.827494, loss 0.459841
Testing at - 25088/76743 of epoch 0,  NE 0.807437, loss 0.463860, accuracy 78.492 %, best 78.492 %
Finished training it 25344/76743 of epoch 0, 13.90 ms/it, NE 0.827261, loss 0.459227
Testing at - 25344/76743 of epoch 0,  NE 0.810452, loss 0.465592, accuracy 78.474 %, best 78.492 %
Finished training it 25600/76743 of epoch 0, 13.98 ms/it, NE 0.827067, loss 0.460072
Testing at - 25600/76743 of epoch 0,  NE 0.810117, loss 0.465400, accuracy 78.434 %, best 78.492 %
Finished training it 25856/76743 of epoch 0, 16.99 ms/it, NE 0.826899, loss 0.460525
Testing at - 25856/76743 of epoch 0,  NE 0.811675, loss 0.466295, accuracy 78.387 %, best 78.492 %
Finished training it 26112/76743 of epoch 0, 18.00 ms/it, NE 0.826740, loss 0.460801
Testing at - 26112/76743 of epoch 0,  NE 0.811762, loss 0.466344, accuracy 78.361 %, best 78.492 %
Finished training it 26368/76743 of epoch 0, 15.52 ms/it, NE 0.826602, loss 0.459988
Testing at - 26368/76743 of epoch 0,  NE 0.808427, loss 0.464429, accuracy 78.517 %, best 78.517 %
Finished training it 26624/76743 of epoch 0, 15.23 ms/it, NE 0.826423, loss 0.458057
Testing at - 26624/76743 of epoch 0,  NE 0.814431, loss 0.467877, accuracy 78.314 %, best 78.517 %
Finished training it 26880/76743 of epoch 0, 16.67 ms/it, NE 0.826235, loss 0.458436
Testing at - 26880/76743 of epoch 0,  NE 0.809946, loss 0.465301, accuracy 78.415 %, best 78.517 %
Finished training it 27136/76743 of epoch 0, 14.76 ms/it, NE 0.826024, loss 0.458279
Testing at - 27136/76743 of epoch 0,  NE 0.807163, loss 0.463702, accuracy 78.505 %, best 78.517 %
Finished training it 27392/76743 of epoch 0, 14.14 ms/it, NE 0.825834, loss 0.458698
Testing at - 27392/76743 of epoch 0,  NE 0.807791, loss 0.464063, accuracy 78.476 %, best 78.517 %
Finished training it 27648/76743 of epoch 0, 14.08 ms/it, NE 0.825685, loss 0.459525
Testing at - 27648/76743 of epoch 0,  NE 0.807118, loss 0.463676, accuracy 78.534 %, best 78.534 %
Finished training it 27904/76743 of epoch 0, 13.47 ms/it, NE 0.825549, loss 0.461834
Testing at - 27904/76743 of epoch 0,  NE 0.808934, loss 0.464720, accuracy 78.468 %, best 78.534 %
Finished training it 28160/76743 of epoch 0, 13.80 ms/it, NE 0.825405, loss 0.460596
Testing at - 28160/76743 of epoch 0,  NE 0.808496, loss 0.464468, accuracy 78.484 %, best 78.534 %
Finished training it 28416/76743 of epoch 0, 14.21 ms/it, NE 0.825242, loss 0.459910
Testing at - 28416/76743 of epoch 0,  NE 0.808311, loss 0.464362, accuracy 78.477 %, best 78.534 %
Finished training it 28672/76743 of epoch 0, 13.29 ms/it, NE 0.825091, loss 0.458271
Testing at - 28672/76743 of epoch 0,  NE 0.814058, loss 0.467663, accuracy 78.333 %, best 78.534 %
Finished training it 28928/76743 of epoch 0, 14.84 ms/it, NE 0.824904, loss 0.457770
Testing at - 28928/76743 of epoch 0,  NE 0.810699, loss 0.465734, accuracy 78.466 %, best 78.534 %
Finished training it 29184/76743 of epoch 0, 17.56 ms/it, NE 0.824782, loss 0.459997
Testing at - 29184/76743 of epoch 0,  NE 0.808687, loss 0.464578, accuracy 78.539 %, best 78.539 %
Finished training it 29440/76743 of epoch 0, 13.49 ms/it, NE 0.824596, loss 0.457112
Testing at - 29440/76743 of epoch 0,  NE 0.807285, loss 0.463772, accuracy 78.488 %, best 78.539 %
Finished training it 29696/76743 of epoch 0, 14.72 ms/it, NE 0.824445, loss 0.459611
Testing at - 29696/76743 of epoch 0,  NE 0.811135, loss 0.465984, accuracy 78.344 %, best 78.539 %
Finished training it 29952/76743 of epoch 0, 14.27 ms/it, NE 0.824284, loss 0.461081
Testing at - 29952/76743 of epoch 0,  NE 0.813004, loss 0.467058, accuracy 78.293 %, best 78.539 %
Finished training it 30208/76743 of epoch 0, 14.85 ms/it, NE 0.824116, loss 0.455466
Testing at - 30208/76743 of epoch 0,  NE 0.805963, loss 0.463013, accuracy 78.538 %, best 78.539 %
Finished training it 30464/76743 of epoch 0, 19.75 ms/it, NE 0.823954, loss 0.457720
Testing at - 30464/76743 of epoch 0,  NE 0.808186, loss 0.464290, accuracy 78.494 %, best 78.539 %
Finished training it 30720/76743 of epoch 0, 16.72 ms/it, NE 0.823794, loss 0.458374
Testing at - 30720/76743 of epoch 0,  NE 0.806466, loss 0.463302, accuracy 78.515 %, best 78.539 %
Finished training it 30976/76743 of epoch 0, 16.08 ms/it, NE 0.823671, loss 0.461217
Testing at - 30976/76743 of epoch 0,  NE 0.806571, loss 0.463362, accuracy 78.522 %, best 78.539 %
Finished training it 31232/76743 of epoch 0, 15.32 ms/it, NE 0.823529, loss 0.457728
Testing at - 31232/76743 of epoch 0,  NE 0.806101, loss 0.463092, accuracy 78.526 %, best 78.539 %
Finished training it 31488/76743 of epoch 0, 14.74 ms/it, NE 0.823375, loss 0.459261
Testing at - 31488/76743 of epoch 0,  NE 0.806899, loss 0.463551, accuracy 78.516 %, best 78.539 %
Finished training it 31744/76743 of epoch 0, 14.58 ms/it, NE 0.823260, loss 0.460893
Testing at - 31744/76743 of epoch 0,  NE 0.806646, loss 0.463405, accuracy 78.507 %, best 78.539 %
Finished training it 32000/76743 of epoch 0, 15.31 ms/it, NE 0.823117, loss 0.456967
Testing at - 32000/76743 of epoch 0,  NE 0.805335, loss 0.462652, accuracy 78.539 %, best 78.539 %
Finished training it 32256/76743 of epoch 0, 17.91 ms/it, NE 0.822979, loss 0.458259
Testing at - 32256/76743 of epoch 0,  NE 0.805609, loss 0.462810, accuracy 78.524 %, best 78.539 %
Finished training it 32512/76743 of epoch 0, 14.94 ms/it, NE 0.822853, loss 0.460191
Testing at - 32512/76743 of epoch 0,  NE 0.806391, loss 0.463259, accuracy 78.540 %, best 78.540 %
Finished training it 32768/76743 of epoch 0, 16.09 ms/it, NE 0.822741, loss 0.459528
Testing at - 32768/76743 of epoch 0,  NE 0.808352, loss 0.464386, accuracy 78.537 %, best 78.540 %
Finished training it 33024/76743 of epoch 0, 17.18 ms/it, NE 0.822606, loss 0.458985
Testing at - 33024/76743 of epoch 0,  NE 0.806802, loss 0.463495, accuracy 78.556 %, best 78.556 %
Finished training it 33280/76743 of epoch 0, 16.30 ms/it, NE 0.822461, loss 0.456848
Testing at - 33280/76743 of epoch 0,  NE 0.806742, loss 0.463461, accuracy 78.540 %, best 78.556 %
Finished training it 33536/76743 of epoch 0, 15.07 ms/it, NE 0.822313, loss 0.457408
Testing at - 33536/76743 of epoch 0,  NE 0.806752, loss 0.463466, accuracy 78.555 %, best 78.556 %
Finished training it 33792/76743 of epoch 0, 14.20 ms/it, NE 0.822176, loss 0.455704
Testing at - 33792/76743 of epoch 0,  NE 0.804258, loss 0.462033, accuracy 78.603 %, best 78.603 %
Finished training it 34048/76743 of epoch 0, 14.16 ms/it, NE 0.822054, loss 0.458111
Testing at - 34048/76743 of epoch 0,  NE 0.807221, loss 0.463736, accuracy 78.529 %, best 78.603 %
Finished training it 34304/76743 of epoch 0, 13.34 ms/it, NE 0.821929, loss 0.458066
Testing at - 34304/76743 of epoch 0,  NE 0.806240, loss 0.463172, accuracy 78.571 %, best 78.603 %
Finished training it 34560/76743 of epoch 0, 14.45 ms/it, NE 0.821804, loss 0.459269
Testing at - 34560/76743 of epoch 0,  NE 0.804689, loss 0.462281, accuracy 78.587 %, best 78.603 %
Finished training it 34816/76743 of epoch 0, 15.97 ms/it, NE 0.821688, loss 0.457973
Testing at - 34816/76743 of epoch 0,  NE 0.809300, loss 0.464930, accuracy 78.427 %, best 78.603 %
Finished training it 35072/76743 of epoch 0, 15.49 ms/it, NE 0.821523, loss 0.454615
Testing at - 35072/76743 of epoch 0,  NE 0.806988, loss 0.463602, accuracy 78.521 %, best 78.603 %
Finished training it 35328/76743 of epoch 0, 14.43 ms/it, NE 0.821417, loss 0.457683
Testing at - 35328/76743 of epoch 0,  NE 0.804872, loss 0.462386, accuracy 78.566 %, best 78.603 %
Finished training it 35584/76743 of epoch 0, 14.77 ms/it, NE 0.821281, loss 0.455013
Testing at - 35584/76743 of epoch 0,  NE 0.804977, loss 0.462447, accuracy 78.582 %, best 78.603 %
Finished training it 35840/76743 of epoch 0, 16.03 ms/it, NE 0.821165, loss 0.456418
Testing at - 35840/76743 of epoch 0,  NE 0.824881, loss 0.473881, accuracy 77.737 %, best 78.603 %
Finished training it 36096/76743 of epoch 0, 17.37 ms/it, NE 0.821058, loss 0.457234
Testing at - 36096/76743 of epoch 0,  NE 0.804578, loss 0.462217, accuracy 78.598 %, best 78.603 %
Finished training it 36352/76743 of epoch 0, 16.61 ms/it, NE 0.820936, loss 0.459671
Testing at - 36352/76743 of epoch 0,  NE 0.808888, loss 0.464693, accuracy 78.502 %, best 78.603 %
Finished training it 36608/76743 of epoch 0, 14.58 ms/it, NE 0.820807, loss 0.455595
Testing at - 36608/76743 of epoch 0,  NE 0.804075, loss 0.461928, accuracy 78.610 %, best 78.610 %
Finished training it 36864/76743 of epoch 0, 14.33 ms/it, NE 0.820683, loss 0.455524
Testing at - 36864/76743 of epoch 0,  NE 0.808750, loss 0.464614, accuracy 78.453 %, best 78.610 %
Finished training it 37120/76743 of epoch 0, 12.89 ms/it, NE 0.820538, loss 0.454523
Testing at - 37120/76743 of epoch 0,  NE 0.803716, loss 0.461722, accuracy 78.575 %, best 78.610 %
Finished training it 37376/76743 of epoch 0, 14.55 ms/it, NE 0.820402, loss 0.455039
Testing at - 37376/76743 of epoch 0,  NE 0.809986, loss 0.465324, accuracy 78.395 %, best 78.610 %
Finished training it 37632/76743 of epoch 0, 13.10 ms/it, NE 0.820302, loss 0.456734
Testing at - 37632/76743 of epoch 0,  NE 0.803297, loss 0.461481, accuracy 78.600 %, best 78.610 %
Finished training it 37888/76743 of epoch 0, 13.56 ms/it, NE 0.820163, loss 0.453528
Testing at - 37888/76743 of epoch 0,  NE 0.815706, loss 0.468610, accuracy 78.142 %, best 78.610 %
Finished training it 38144/76743 of epoch 0, 13.41 ms/it, NE 0.820035, loss 0.454238
Testing at - 38144/76743 of epoch 0,  NE 0.804692, loss 0.462283, accuracy 78.576 %, best 78.610 %
Finished training it 38400/76743 of epoch 0, 16.33 ms/it, NE 0.819924, loss 0.456972
Testing at - 38400/76743 of epoch 0,  NE 0.803741, loss 0.461737, accuracy 78.542 %, best 78.610 %
Finished training it 38656/76743 of epoch 0, 15.18 ms/it, NE 0.819803, loss 0.455436
Testing at - 38656/76743 of epoch 0,  NE 0.804588, loss 0.462223, accuracy 78.592 %, best 78.610 %
Finished training it 38912/76743 of epoch 0, 17.84 ms/it, NE 0.819695, loss 0.455955
Testing at - 38912/76743 of epoch 0,  NE 0.803174, loss 0.461411, accuracy 78.587 %, best 78.610 %
Finished training it 39168/76743 of epoch 0, 15.40 ms/it, NE 0.819577, loss 0.455508
Testing at - 39168/76743 of epoch 0,  NE 0.803074, loss 0.461353, accuracy 78.595 %, best 78.610 %
Finished training it 39424/76743 of epoch 0, 15.75 ms/it, NE 0.819456, loss 0.453415
Testing at - 39424/76743 of epoch 0,  NE 0.802987, loss 0.461303, accuracy 78.625 %, best 78.625 %
Finished training it 39680/76743 of epoch 0, 15.23 ms/it, NE 0.819338, loss 0.456684
Testing at - 39680/76743 of epoch 0,  NE 0.803417, loss 0.461550, accuracy 78.616 %, best 78.625 %
Finished training it 39936/76743 of epoch 0, 14.36 ms/it, NE 0.819234, loss 0.456339
Testing at - 39936/76743 of epoch 0,  NE 0.810909, loss 0.465854, accuracy 78.444 %, best 78.625 %
Finished training it 40192/76743 of epoch 0, 15.37 ms/it, NE 0.819141, loss 0.456893
Testing at - 40192/76743 of epoch 0,  NE 0.803557, loss 0.461631, accuracy 78.628 %, best 78.628 %
Finished training it 40448/76743 of epoch 0, 15.03 ms/it, NE 0.819057, loss 0.458057
Testing at - 40448/76743 of epoch 0,  NE 0.804739, loss 0.462310, accuracy 78.570 %, best 78.628 %
Finished training it 40704/76743 of epoch 0, 15.37 ms/it, NE 0.818976, loss 0.457932
Testing at - 40704/76743 of epoch 0,  NE 0.808175, loss 0.464284, accuracy 78.440 %, best 78.628 %
Finished training it 40960/76743 of epoch 0, 18.71 ms/it, NE 0.818881, loss 0.457942
Testing at - 40960/76743 of epoch 0,  NE 0.806040, loss 0.463057, accuracy 78.522 %, best 78.628 %
Finished training it 41216/76743 of epoch 0, 15.61 ms/it, NE 0.818800, loss 0.456732
Testing at - 41216/76743 of epoch 0,  NE 0.803943, loss 0.461852, accuracy 78.603 %, best 78.628 %
Finished training it 41472/76743 of epoch 0, 18.41 ms/it, NE 0.818710, loss 0.457080
Testing at - 41472/76743 of epoch 0,  NE 0.805131, loss 0.462535, accuracy 78.588 %, best 78.628 %
Finished training it 41728/76743 of epoch 0, 17.89 ms/it, NE 0.818621, loss 0.458274
Testing at - 41728/76743 of epoch 0,  NE 0.806412, loss 0.463271, accuracy 78.476 %, best 78.628 %
Finished training it 41984/76743 of epoch 0, 18.29 ms/it, NE 0.818542, loss 0.458128
Testing at - 41984/76743 of epoch 0,  NE 0.803490, loss 0.461592, accuracy 78.646 %, best 78.646 %
Finished training it 42240/76743 of epoch 0, 14.25 ms/it, NE 0.818440, loss 0.455037
Testing at - 42240/76743 of epoch 0,  NE 0.802712, loss 0.461145, accuracy 78.643 %, best 78.646 %
Finished training it 42496/76743 of epoch 0, 14.52 ms/it, NE 0.818345, loss 0.456602
Testing at - 42496/76743 of epoch 0,  NE 0.805773, loss 0.462904, accuracy 78.517 %, best 78.646 %
Finished training it 42752/76743 of epoch 0, 16.98 ms/it, NE 0.818231, loss 0.452980
Testing at - 42752/76743 of epoch 0,  NE 0.808588, loss 0.464521, accuracy 78.434 %, best 78.646 %
Finished training it 43008/76743 of epoch 0, 15.90 ms/it, NE 0.818139, loss 0.455006
Testing at - 43008/76743 of epoch 0,  NE 0.804092, loss 0.461938, accuracy 78.593 %, best 78.646 %
Finished training it 43264/76743 of epoch 0, 14.89 ms/it, NE 0.818053, loss 0.457550
Testing at - 43264/76743 of epoch 0,  NE 0.803153, loss 0.461398, accuracy 78.636 %, best 78.646 %
Finished training it 43520/76743 of epoch 0, 16.02 ms/it, NE 0.817952, loss 0.455490
Testing at - 43520/76743 of epoch 0,  NE 0.803099, loss 0.461367, accuracy 78.624 %, best 78.646 %
Finished training it 43776/76743 of epoch 0, 18.96 ms/it, NE 0.817857, loss 0.455795
Testing at - 43776/76743 of epoch 0,  NE 0.804589, loss 0.462224, accuracy 78.586 %, best 78.646 %
Finished training it 44032/76743 of epoch 0, 18.19 ms/it, NE 0.817764, loss 0.455193
Testing at - 44032/76743 of epoch 0,  NE 0.802666, loss 0.461119, accuracy 78.627 %, best 78.646 %
Finished training it 44288/76743 of epoch 0, 16.62 ms/it, NE 0.817645, loss 0.452571
Testing at - 44288/76743 of epoch 0,  NE 0.803598, loss 0.461654, accuracy 78.614 %, best 78.646 %
Finished training it 44544/76743 of epoch 0, 14.84 ms/it, NE 0.817547, loss 0.454346
Testing at - 44544/76743 of epoch 0,  NE 0.804172, loss 0.461984, accuracy 78.544 %, best 78.646 %
Finished training it 44800/76743 of epoch 0, 16.76 ms/it, NE 0.817450, loss 0.454933
Testing at - 44800/76743 of epoch 0,  NE 0.804751, loss 0.462317, accuracy 78.593 %, best 78.646 %
Finished training it 45056/76743 of epoch 0, 14.75 ms/it, NE 0.817366, loss 0.456081
Testing at - 45056/76743 of epoch 0,  NE 0.803180, loss 0.461414, accuracy 78.596 %, best 78.646 %
Finished training it 45312/76743 of epoch 0, 16.22 ms/it, NE 0.817297, loss 0.457514
Testing at - 45312/76743 of epoch 0,  NE 0.802156, loss 0.460826, accuracy 78.653 %, best 78.653 %
Finished training it 45568/76743 of epoch 0, 18.01 ms/it, NE 0.817219, loss 0.457025
Testing at - 45568/76743 of epoch 0,  NE 0.806937, loss 0.463572, accuracy 78.520 %, best 78.653 %
Finished training it 45824/76743 of epoch 0, 15.96 ms/it, NE 0.817138, loss 0.455654
Testing at - 45824/76743 of epoch 0,  NE 0.801463, loss 0.460427, accuracy 78.683 %, best 78.683 %
Finished training it 46080/76743 of epoch 0, 16.56 ms/it, NE 0.817054, loss 0.455987
Testing at - 46080/76743 of epoch 0,  NE 0.803102, loss 0.461369, accuracy 78.647 %, best 78.683 %
Finished training it 46336/76743 of epoch 0, 15.93 ms/it, NE 0.816980, loss 0.457609
Testing at - 46336/76743 of epoch 0,  NE 0.802782, loss 0.461185, accuracy 78.647 %, best 78.683 %
Finished training it 46592/76743 of epoch 0, 15.70 ms/it, NE 0.816894, loss 0.455045
Testing at - 46592/76743 of epoch 0,  NE 0.805942, loss 0.463001, accuracy 78.506 %, best 78.683 %
Finished training it 46848/76743 of epoch 0, 16.92 ms/it, NE 0.816809, loss 0.456778
Testing at - 46848/76743 of epoch 0,  NE 0.803866, loss 0.461808, accuracy 78.632 %, best 78.683 %
Finished training it 47104/76743 of epoch 0, 14.96 ms/it, NE 0.816720, loss 0.453823
Testing at - 47104/76743 of epoch 0,  NE 0.803763, loss 0.461749, accuracy 78.542 %, best 78.683 %
Finished training it 47360/76743 of epoch 0, 16.16 ms/it, NE 0.816660, loss 0.459241
Testing at - 47360/76743 of epoch 0,  NE 0.803012, loss 0.461318, accuracy 78.653 %, best 78.683 %
Finished training it 47616/76743 of epoch 0, 17.86 ms/it, NE 0.816605, loss 0.456329
Testing at - 47616/76743 of epoch 0,  NE 0.801759, loss 0.460598, accuracy 78.637 %, best 78.683 %
Finished training it 47872/76743 of epoch 0, 17.27 ms/it, NE 0.816529, loss 0.454949
Testing at - 47872/76743 of epoch 0,  NE 0.802225, loss 0.460866, accuracy 78.654 %, best 78.683 %
Finished training it 48128/76743 of epoch 0, 15.05 ms/it, NE 0.816435, loss 0.452416
Testing at - 48128/76743 of epoch 0,  NE 0.801528, loss 0.460465, accuracy 78.683 %, best 78.683 %
Finished training it 48384/76743 of epoch 0, 17.96 ms/it, NE 0.816355, loss 0.456043
Testing at - 48384/76743 of epoch 0,  NE 0.801706, loss 0.460567, accuracy 78.683 %, best 78.683 %
Finished training it 48640/76743 of epoch 0, 14.53 ms/it, NE 0.816271, loss 0.455598
Testing at - 48640/76743 of epoch 0,  NE 0.802907, loss 0.461257, accuracy 78.636 %, best 78.683 %
Finished training it 48896/76743 of epoch 0, 15.56 ms/it, NE 0.816201, loss 0.458250
Testing at - 48896/76743 of epoch 0,  NE 0.801565, loss 0.460486, accuracy 78.690 %, best 78.690 %
Finished training it 49152/76743 of epoch 0, 16.64 ms/it, NE 0.816123, loss 0.456078
Testing at - 49152/76743 of epoch 0,  NE 0.807302, loss 0.463782, accuracy 78.539 %, best 78.690 %
Finished training it 49408/76743 of epoch 0, 14.64 ms/it, NE 0.816036, loss 0.455805
Testing at - 49408/76743 of epoch 0,  NE 0.802406, loss 0.460969, accuracy 78.676 %, best 78.690 %
Finished training it 49664/76743 of epoch 0, 14.89 ms/it, NE 0.815953, loss 0.455272
Testing at - 49664/76743 of epoch 0,  NE 0.800518, loss 0.459885, accuracy 78.686 %, best 78.690 %
Finished training it 49920/76743 of epoch 0, 16.04 ms/it, NE 0.815888, loss 0.457712
Testing at - 49920/76743 of epoch 0,  NE 0.802397, loss 0.460964, accuracy 78.661 %, best 78.690 %
Finished training it 50176/76743 of epoch 0, 16.62 ms/it, NE 0.815819, loss 0.455760
Testing at - 50176/76743 of epoch 0,  NE 0.805849, loss 0.462947, accuracy 78.460 %, best 78.690 %
Finished training it 50432/76743 of epoch 0, 16.90 ms/it, NE 0.815754, loss 0.456181
Testing at - 50432/76743 of epoch 0,  NE 0.804177, loss 0.461987, accuracy 78.613 %, best 78.690 %
Finished training it 50688/76743 of epoch 0, 14.56 ms/it, NE 0.815686, loss 0.454511
Testing at - 50688/76743 of epoch 0,  NE 0.801797, loss 0.460620, accuracy 78.682 %, best 78.690 %
Finished training it 50944/76743 of epoch 0, 15.19 ms/it, NE 0.815607, loss 0.453927
Testing at - 50944/76743 of epoch 0,  NE 0.801477, loss 0.460436, accuracy 78.692 %, best 78.692 %
Finished training it 51200/76743 of epoch 0, 15.51 ms/it, NE 0.815521, loss 0.453307
Testing at - 51200/76743 of epoch 0,  NE 0.804313, loss 0.462065, accuracy 78.615 %, best 78.692 %
Finished training it 51456/76743 of epoch 0, 17.49 ms/it, NE 0.815460, loss 0.455664
Testing at - 51456/76743 of epoch 0,  NE 0.806773, loss 0.463479, accuracy 78.470 %, best 78.692 %
Finished training it 51712/76743 of epoch 0, 16.86 ms/it, NE 0.815394, loss 0.453139
Testing at - 51712/76743 of epoch 0,  NE 0.801585, loss 0.460498, accuracy 78.670 %, best 78.692 %
Finished training it 51968/76743 of epoch 0, 16.56 ms/it, NE 0.815318, loss 0.454601
Testing at - 51968/76743 of epoch 0,  NE 0.802940, loss 0.461276, accuracy 78.619 %, best 78.692 %
Finished training it 52224/76743 of epoch 0, 17.38 ms/it, NE 0.815242, loss 0.455896
Testing at - 52224/76743 of epoch 0,  NE 0.800617, loss 0.459942, accuracy 78.702 %, best 78.702 %
Finished training it 52480/76743 of epoch 0, 17.67 ms/it, NE 0.815160, loss 0.453786
Testing at - 52480/76743 of epoch 0,  NE 0.801623, loss 0.460520, accuracy 78.679 %, best 78.702 %
Finished training it 52736/76743 of epoch 0, 18.79 ms/it, NE 0.815079, loss 0.454867
Testing at - 52736/76743 of epoch 0,  NE 0.801076, loss 0.460205, accuracy 78.650 %, best 78.702 %
Finished training it 52992/76743 of epoch 0, 17.50 ms/it, NE 0.814999, loss 0.453517
Testing at - 52992/76743 of epoch 0,  NE 0.801432, loss 0.460410, accuracy 78.679 %, best 78.702 %
Finished training it 53248/76743 of epoch 0, 18.57 ms/it, NE 0.814924, loss 0.453000
Testing at - 53248/76743 of epoch 0,  NE 0.806934, loss 0.463571, accuracy 78.554 %, best 78.702 %
Finished training it 53504/76743 of epoch 0, 15.29 ms/it, NE 0.814842, loss 0.454346
Testing at - 53504/76743 of epoch 0,  NE 0.799728, loss 0.459431, accuracy 78.720 %, best 78.720 %
Finished training it 53760/76743 of epoch 0, 18.02 ms/it, NE 0.814766, loss 0.453234
Testing at - 53760/76743 of epoch 0,  NE 0.802646, loss 0.461107, accuracy 78.628 %, best 78.720 %
Finished training it 54016/76743 of epoch 0, 13.84 ms/it, NE 0.814670, loss 0.452631
Testing at - 54016/76743 of epoch 0,  NE 0.800690, loss 0.459984, accuracy 78.699 %, best 78.720 %
Finished training it 54272/76743 of epoch 0, 15.97 ms/it, NE 0.814599, loss 0.454316
Testing at - 54272/76743 of epoch 0,  NE 0.801792, loss 0.460617, accuracy 78.665 %, best 78.720 %
Finished training it 54528/76743 of epoch 0, 15.64 ms/it, NE 0.814534, loss 0.454576
Testing at - 54528/76743 of epoch 0,  NE 0.806108, loss 0.463096, accuracy 78.491 %, best 78.720 %
Finished training it 54784/76743 of epoch 0, 18.01 ms/it, NE 0.814461, loss 0.454340
Testing at - 54784/76743 of epoch 0,  NE 0.801245, loss 0.460302, accuracy 78.695 %, best 78.720 %
Finished training it 55040/76743 of epoch 0, 15.55 ms/it, NE 0.814382, loss 0.452965
Testing at - 55040/76743 of epoch 0,  NE 0.801145, loss 0.460245, accuracy 78.726 %, best 78.726 %
Finished training it 55296/76743 of epoch 0, 14.11 ms/it, NE 0.814299, loss 0.451815
Testing at - 55296/76743 of epoch 0,  NE 0.804163, loss 0.461979, accuracy 78.546 %, best 78.726 %
Finished training it 55552/76743 of epoch 0, 14.55 ms/it, NE 0.814232, loss 0.455092
Testing at - 55552/76743 of epoch 0,  NE 0.799859, loss 0.459506, accuracy 78.722 %, best 78.726 %
Finished training it 55808/76743 of epoch 0, 13.74 ms/it, NE 0.814152, loss 0.454987
Testing at - 55808/76743 of epoch 0,  NE 0.805427, loss 0.462705, accuracy 78.624 %, best 78.726 %
Finished training it 56064/76743 of epoch 0, 15.55 ms/it, NE 0.814091, loss 0.455337
Testing at - 56064/76743 of epoch 0,  NE 0.799931, loss 0.459548, accuracy 78.713 %, best 78.726 %
Finished training it 56320/76743 of epoch 0, 19.25 ms/it, NE 0.814024, loss 0.456392
Testing at - 56320/76743 of epoch 0,  NE 0.800776, loss 0.460033, accuracy 78.719 %, best 78.726 %
Finished training it 56576/76743 of epoch 0, 14.95 ms/it, NE 0.813945, loss 0.452277
Testing at - 56576/76743 of epoch 0,  NE 0.799713, loss 0.459422, accuracy 78.726 %, best 78.726 %
Finished training it 56832/76743 of epoch 0, 18.96 ms/it, NE 0.813886, loss 0.456865
Testing at - 56832/76743 of epoch 0,  NE 0.801818, loss 0.460632, accuracy 78.625 %, best 78.726 %
Finished training it 57088/76743 of epoch 0, 16.30 ms/it, NE 0.813833, loss 0.455043
Testing at - 57088/76743 of epoch 0,  NE 0.799898, loss 0.459529, accuracy 78.703 %, best 78.726 %
Finished training it 57344/76743 of epoch 0, 19.66 ms/it, NE 0.813759, loss 0.454179
Testing at - 57344/76743 of epoch 0,  NE 0.799569, loss 0.459340, accuracy 78.742 %, best 78.742 %
Finished training it 57600/76743 of epoch 0, 17.68 ms/it, NE 0.813690, loss 0.453331
Testing at - 57600/76743 of epoch 0,  NE 0.799781, loss 0.459462, accuracy 78.732 %, best 78.742 %
Finished training it 57856/76743 of epoch 0, 18.11 ms/it, NE 0.813623, loss 0.453642
Testing at - 57856/76743 of epoch 0,  NE 0.798929, loss 0.458972, accuracy 78.741 %, best 78.742 %
Finished training it 58112/76743 of epoch 0, 17.77 ms/it, NE 0.813554, loss 0.455049
Testing at - 58112/76743 of epoch 0,  NE 0.800171, loss 0.459686, accuracy 78.716 %, best 78.742 %
Finished training it 58368/76743 of epoch 0, 16.14 ms/it, NE 0.813499, loss 0.455729
Testing at - 58368/76743 of epoch 0,  NE 0.800984, loss 0.460153, accuracy 78.677 %, best 78.742 %
Finished training it 58624/76743 of epoch 0, 16.58 ms/it, NE 0.813443, loss 0.454601
Testing at - 58624/76743 of epoch 0,  NE 0.798969, loss 0.458995, accuracy 78.711 %, best 78.742 %
Finished training it 58880/76743 of epoch 0, 18.15 ms/it, NE 0.813382, loss 0.454546
Testing at - 58880/76743 of epoch 0,  NE 0.799004, loss 0.459015, accuracy 78.764 %, best 78.764 %
Finished training it 59136/76743 of epoch 0, 16.56 ms/it, NE 0.813323, loss 0.456881
Testing at - 59136/76743 of epoch 0,  NE 0.799743, loss 0.459440, accuracy 78.713 %, best 78.764 %
Finished training it 59392/76743 of epoch 0, 15.76 ms/it, NE 0.813264, loss 0.453241
Testing at - 59392/76743 of epoch 0,  NE 0.805612, loss 0.462811, accuracy 78.473 %, best 78.764 %
Finished training it 59648/76743 of epoch 0, 16.82 ms/it, NE 0.813212, loss 0.454731
Testing at - 59648/76743 of epoch 0,  NE 0.799611, loss 0.459364, accuracy 78.742 %, best 78.764 %
Finished training it 59904/76743 of epoch 0, 16.74 ms/it, NE 0.813151, loss 0.457529
Testing at - 59904/76743 of epoch 0,  NE 0.799424, loss 0.459257, accuracy 78.738 %, best 78.764 %
Finished training it 60160/76743 of epoch 0, 16.75 ms/it, NE 0.813091, loss 0.454250
Testing at - 60160/76743 of epoch 0,  NE 0.799847, loss 0.459499, accuracy 78.735 %, best 78.764 %
Finished training it 60416/76743 of epoch 0, 18.93 ms/it, NE 0.813024, loss 0.452075
Testing at - 60416/76743 of epoch 0,  NE 0.799188, loss 0.459121, accuracy 78.724 %, best 78.764 %
Finished training it 60672/76743 of epoch 0, 19.64 ms/it, NE 0.812958, loss 0.453876
Testing at - 60672/76743 of epoch 0,  NE 0.800195, loss 0.459699, accuracy 78.694 %, best 78.764 %
Finished training it 60928/76743 of epoch 0, 16.75 ms/it, NE 0.812902, loss 0.454009
Testing at - 60928/76743 of epoch 0,  NE 0.800159, loss 0.459678, accuracy 78.688 %, best 78.764 %
Finished training it 61184/76743 of epoch 0, 19.04 ms/it, NE 0.812850, loss 0.454781
Testing at - 61184/76743 of epoch 0,  NE 0.798874, loss 0.458940, accuracy 78.747 %, best 78.764 %
Finished training it 61440/76743 of epoch 0, 16.48 ms/it, NE 0.812784, loss 0.454245
Testing at - 61440/76743 of epoch 0,  NE 0.799878, loss 0.459517, accuracy 78.748 %, best 78.764 %
Finished training it 61696/76743 of epoch 0, 17.25 ms/it, NE 0.812716, loss 0.452190
Testing at - 61696/76743 of epoch 0,  NE 0.797888, loss 0.458374, accuracy 78.762 %, best 78.764 %
Finished training it 61952/76743 of epoch 0, 17.94 ms/it, NE 0.812649, loss 0.452095
Testing at - 61952/76743 of epoch 0,  NE 0.798214, loss 0.458561, accuracy 78.757 %, best 78.764 %
Finished training it 62208/76743 of epoch 0, 17.62 ms/it, NE 0.812590, loss 0.453002
Testing at - 62208/76743 of epoch 0,  NE 0.798738, loss 0.458862, accuracy 78.789 %, best 78.789 %
Finished training it 62464/76743 of epoch 0, 15.41 ms/it, NE 0.812544, loss 0.455563
Testing at - 62464/76743 of epoch 0,  NE 0.800138, loss 0.459667, accuracy 78.706 %, best 78.789 %
Finished training it 62720/76743 of epoch 0, 16.00 ms/it, NE 0.812482, loss 0.454126
Testing at - 62720/76743 of epoch 0,  NE 0.799709, loss 0.459420, accuracy 78.715 %, best 78.789 %
Finished training it 62976/76743 of epoch 0, 21.02 ms/it, NE 0.812434, loss 0.454517
Testing at - 62976/76743 of epoch 0,  NE 0.799079, loss 0.459058, accuracy 78.744 %, best 78.789 %
Finished training it 63232/76743 of epoch 0, 19.07 ms/it, NE 0.812349, loss 0.451649
Testing at - 63232/76743 of epoch 0,  NE 0.798342, loss 0.458635, accuracy 78.769 %, best 78.789 %
Finished training it 63488/76743 of epoch 0, 18.12 ms/it, NE 0.812284, loss 0.452737
Testing at - 63488/76743 of epoch 0,  NE 0.797963, loss 0.458417, accuracy 78.761 %, best 78.789 %
Finished training it 63744/76743 of epoch 0, 16.18 ms/it, NE 0.812224, loss 0.453625
Testing at - 63744/76743 of epoch 0,  NE 0.799440, loss 0.459265, accuracy 78.721 %, best 78.789 %
Finished training it 64000/76743 of epoch 0, 17.07 ms/it, NE 0.812179, loss 0.455405
Testing at - 64000/76743 of epoch 0,  NE 0.799396, loss 0.459240, accuracy 78.752 %, best 78.789 %
Finished training it 64256/76743 of epoch 0, 14.45 ms/it, NE 0.812120, loss 0.453496
Testing at - 64256/76743 of epoch 0,  NE 0.800158, loss 0.459678, accuracy 78.732 %, best 78.789 %
Finished training it 64512/76743 of epoch 0, 14.82 ms/it, NE 0.812057, loss 0.452651
Testing at - 64512/76743 of epoch 0,  NE 0.799176, loss 0.459114, accuracy 78.742 %, best 78.789 %
Finished training it 64768/76743 of epoch 0, 13.27 ms/it, NE 0.811999, loss 0.451520
Testing at - 64768/76743 of epoch 0,  NE 0.800870, loss 0.460087, accuracy 78.693 %, best 78.789 %
Finished training it 65024/76743 of epoch 0, 15.90 ms/it, NE 0.811940, loss 0.452203
Testing at - 65024/76743 of epoch 0,  NE 0.799065, loss 0.459050, accuracy 78.743 %, best 78.789 %
Finished training it 65280/76743 of epoch 0, 16.41 ms/it, NE 0.811881, loss 0.454430
Testing at - 65280/76743 of epoch 0,  NE 0.798626, loss 0.458798, accuracy 78.776 %, best 78.789 %
Finished training it 65536/76743 of epoch 0, 18.68 ms/it, NE 0.811829, loss 0.453015
Testing at - 65536/76743 of epoch 0,  NE 0.802024, loss 0.460750, accuracy 78.635 %, best 78.789 %
Finished training it 65792/76743 of epoch 0, 15.14 ms/it, NE 0.811775, loss 0.455110
Testing at - 65792/76743 of epoch 0,  NE 0.802327, loss 0.460924, accuracy 78.641 %, best 78.789 %
Finished training it 66048/76743 of epoch 0, 15.60 ms/it, NE 0.811721, loss 0.454912
Testing at - 66048/76743 of epoch 0,  NE 0.798956, loss 0.458988, accuracy 78.751 %, best 78.789 %
Finished training it 66304/76743 of epoch 0, 14.80 ms/it, NE 0.811660, loss 0.451768
Testing at - 66304/76743 of epoch 0,  NE 0.797722, loss 0.458279, accuracy 78.776 %, best 78.789 %
Finished training it 66560/76743 of epoch 0, 14.11 ms/it, NE 0.811597, loss 0.452199
Testing at - 66560/76743 of epoch 0,  NE 0.799580, loss 0.459346, accuracy 78.771 %, best 78.789 %
Finished training it 66816/76743 of epoch 0, 13.53 ms/it, NE 0.811546, loss 0.455164
Testing at - 66816/76743 of epoch 0,  NE 0.808007, loss 0.464187, accuracy 78.353 %, best 78.789 %
Finished training it 67072/76743 of epoch 0, 16.32 ms/it, NE 0.811505, loss 0.454883
Testing at - 67072/76743 of epoch 0,  NE 0.801728, loss 0.460580, accuracy 78.693 %, best 78.789 %
Finished training it 67328/76743 of epoch 0, 16.75 ms/it, NE 0.811449, loss 0.451898
Testing at - 67328/76743 of epoch 0,  NE 0.802517, loss 0.461033, accuracy 78.666 %, best 78.789 %
Finished training it 67584/76743 of epoch 0, 16.49 ms/it, NE 0.811395, loss 0.454254
Testing at - 67584/76743 of epoch 0,  NE 0.798302, loss 0.458612, accuracy 78.776 %, best 78.789 %
Finished training it 67840/76743 of epoch 0, 16.06 ms/it, NE 0.811335, loss 0.450728
Testing at - 67840/76743 of epoch 0,  NE 0.797939, loss 0.458403, accuracy 78.765 %, best 78.789 %
Finished training it 68096/76743 of epoch 0, 16.88 ms/it, NE 0.811286, loss 0.453934
Testing at - 68096/76743 of epoch 0,  NE 0.801169, loss 0.460259, accuracy 78.652 %, best 78.789 %
Finished training it 68352/76743 of epoch 0, 18.51 ms/it, NE 0.811233, loss 0.452782
Testing at - 68352/76743 of epoch 0,  NE 0.798249, loss 0.458581, accuracy 78.780 %, best 78.789 %
Finished training it 68608/76743 of epoch 0, 14.32 ms/it, NE 0.811179, loss 0.453485
Testing at - 68608/76743 of epoch 0,  NE 0.799105, loss 0.459073, accuracy 78.747 %, best 78.789 %
Finished training it 68864/76743 of epoch 0, 16.73 ms/it, NE 0.811134, loss 0.454900
Testing at - 68864/76743 of epoch 0,  NE 0.800212, loss 0.459709, accuracy 78.760 %, best 78.789 %
Finished training it 69120/76743 of epoch 0, 17.49 ms/it, NE 0.811085, loss 0.453630
Testing at - 69120/76743 of epoch 0,  NE 0.798512, loss 0.458732, accuracy 78.780 %, best 78.789 %
Finished training it 69376/76743 of epoch 0, 18.82 ms/it, NE 0.811023, loss 0.450147
Testing at - 69376/76743 of epoch 0,  NE 0.798452, loss 0.458698, accuracy 78.769 %, best 78.789 %
Finished training it 69632/76743 of epoch 0, 18.84 ms/it, NE 0.810977, loss 0.456180
Testing at - 69632/76743 of epoch 0,  NE 0.799061, loss 0.459048, accuracy 78.717 %, best 78.789 %
Finished training it 69888/76743 of epoch 0, 18.10 ms/it, NE 0.810936, loss 0.455985
Testing at - 69888/76743 of epoch 0,  NE 0.797437, loss 0.458115, accuracy 78.821 %, best 78.821 %
Finished training it 70144/76743 of epoch 0, 17.90 ms/it, NE 0.810888, loss 0.454090
Testing at - 70144/76743 of epoch 0,  NE 0.798901, loss 0.458956, accuracy 78.775 %, best 78.821 %
Finished training it 70400/76743 of epoch 0, 18.76 ms/it, NE 0.810848, loss 0.452053
Testing at - 70400/76743 of epoch 0,  NE 0.799375, loss 0.459228, accuracy 78.734 %, best 78.821 %
Finished training it 70656/76743 of epoch 0, 18.90 ms/it, NE 0.810798, loss 0.451471
Testing at - 70656/76743 of epoch 0,  NE 0.798062, loss 0.458474, accuracy 78.798 %, best 78.821 %
Finished training it 70912/76743 of epoch 0, 18.13 ms/it, NE 0.810752, loss 0.453997
Testing at - 70912/76743 of epoch 0,  NE 0.799297, loss 0.459184, accuracy 78.742 %, best 78.821 %
Finished training it 71168/76743 of epoch 0, 19.40 ms/it, NE 0.810710, loss 0.452618
Testing at - 71168/76743 of epoch 0,  NE 0.798422, loss 0.458681, accuracy 78.765 %, best 78.821 %
Finished training it 71424/76743 of epoch 0, 18.56 ms/it, NE 0.810661, loss 0.452240
Testing at - 71424/76743 of epoch 0,  NE 0.799159, loss 0.459104, accuracy 78.740 %, best 78.821 %
Finished training it 71680/76743 of epoch 0, 15.90 ms/it, NE 0.810625, loss 0.455059
Testing at - 71680/76743 of epoch 0,  NE 0.797281, loss 0.458025, accuracy 78.803 %, best 78.821 %
Finished training it 71936/76743 of epoch 0, 14.81 ms/it, NE 0.810569, loss 0.451095
Testing at - 71936/76743 of epoch 0,  NE 0.797548, loss 0.458179, accuracy 78.798 %, best 78.821 %
Finished training it 72192/76743 of epoch 0, 15.11 ms/it, NE 0.810515, loss 0.452056
Testing at - 72192/76743 of epoch 0,  NE 0.801726, loss 0.460579, accuracy 78.602 %, best 78.821 %
Finished training it 72448/76743 of epoch 0, 14.22 ms/it, NE 0.810466, loss 0.451424
Testing at - 72448/76743 of epoch 0,  NE 0.797272, loss 0.458020, accuracy 78.805 %, best 78.821 %
Finished training it 72704/76743 of epoch 0, 16.69 ms/it, NE 0.810423, loss 0.454659
Testing at - 72704/76743 of epoch 0,  NE 0.797969, loss 0.458420, accuracy 78.797 %, best 78.821 %
Finished training it 72960/76743 of epoch 0, 14.70 ms/it, NE 0.810376, loss 0.450872
Testing at - 72960/76743 of epoch 0,  NE 0.802966, loss 0.461291, accuracy 78.641 %, best 78.821 %
Finished training it 73216/76743 of epoch 0, 13.78 ms/it, NE 0.810320, loss 0.453639
Testing at - 73216/76743 of epoch 0,  NE 0.797801, loss 0.458324, accuracy 78.785 %, best 78.821 %
Finished training it 73472/76743 of epoch 0, 15.89 ms/it, NE 0.810269, loss 0.453685
Testing at - 73472/76743 of epoch 0,  NE 0.800100, loss 0.459645, accuracy 78.715 %, best 78.821 %
Finished training it 73728/76743 of epoch 0, 15.49 ms/it, NE 0.810219, loss 0.452325
Testing at - 73728/76743 of epoch 0,  NE 0.797181, loss 0.457968, accuracy 78.814 %, best 78.821 %
Finished training it 73984/76743 of epoch 0, 15.96 ms/it, NE 0.810176, loss 0.452429
Testing at - 73984/76743 of epoch 0,  NE 0.797598, loss 0.458207, accuracy 78.791 %, best 78.821 %
Finished training it 74240/76743 of epoch 0, 18.25 ms/it, NE 0.810127, loss 0.453703
Testing at - 74240/76743 of epoch 0,  NE 0.798154, loss 0.458527, accuracy 78.784 %, best 78.821 %
Finished training it 74496/76743 of epoch 0, 17.68 ms/it, NE 0.810094, loss 0.456269
Testing at - 74496/76743 of epoch 0,  NE 0.798012, loss 0.458445, accuracy 78.769 %, best 78.821 %
Finished training it 74752/76743 of epoch 0, 19.01 ms/it, NE 0.810051, loss 0.456042
Testing at - 74752/76743 of epoch 0,  NE 0.798111, loss 0.458502, accuracy 78.792 %, best 78.821 %
Finished training it 75008/76743 of epoch 0, 20.21 ms/it, NE 0.810002, loss 0.452568
Testing at - 75008/76743 of epoch 0,  NE 0.798175, loss 0.458539, accuracy 78.786 %, best 78.821 %
Finished training it 75264/76743 of epoch 0, 16.73 ms/it, NE 0.809963, loss 0.452232
Testing at - 75264/76743 of epoch 0,  NE 0.797659, loss 0.458243, accuracy 78.792 %, best 78.821 %
Finished training it 75520/76743 of epoch 0, 21.75 ms/it, NE 0.809913, loss 0.451898
Testing at - 75520/76743 of epoch 0,  NE 0.798304, loss 0.458613, accuracy 78.730 %, best 78.821 %
Finished training it 75776/76743 of epoch 0, 17.57 ms/it, NE 0.809871, loss 0.453444
Testing at - 75776/76743 of epoch 0,  NE 0.802058, loss 0.460769, accuracy 78.629 %, best 78.821 %
Finished training it 76032/76743 of epoch 0, 15.59 ms/it, NE 0.809833, loss 0.453443
Testing at - 76032/76743 of epoch 0,  NE 0.797623, loss 0.458222, accuracy 78.802 %, best 78.821 %
Finished training it 76288/76743 of epoch 0, 16.37 ms/it, NE 0.809785, loss 0.450667
Testing at - 76288/76743 of epoch 0,  NE 0.797778, loss 0.458311, accuracy 78.736 %, best 78.821 %
Finished training it 76544/76743 of epoch 0, 16.37 ms/it, NE 0.809736, loss 0.452584
Testing at - 76544/76743 of epoch 0,  NE 0.796607, loss 0.457638, accuracy 78.810 %, best 78.821 %
Finished training it 76743/76743 of epoch 0, 17.49 ms/it, NE 0.809694, loss 0.453796
Testing at - 76743/76743 of epoch 0,  NE 0.800639, loss 0.459955, accuracy 78.657 %, best 78.821 %
