NCCL version 2.9.6+cudaCUDA_MAJOR.CUDA_MINOR
Unable to import mlperf_logging,  No module named 'mlperf_logging'
world size: 1, current rank: 0, local rank: 0
Using 2 GPU(s)...
Reading pre-processed data=./input/kaggleAdDisplayChallenge_processed.npz
Sparse fea = 26, Dense fea = 13
Defined train indices...
Randomized indices across days ...
Split data according to indices...
Reading pre-processed data=./input/kaggleAdDisplayChallenge_processed.npz
Sparse fea = 26, Dense fea = 13
Defined test indices...
Randomized indices across days ...
Split data according to indices...
DLRM_Net(
  (bot_l): Sequential(
    (0): Linear(in_features=13, out_features=512, bias=True)
    (1): ReLU()
    (2): Linear(in_features=512, out_features=256, bias=True)
    (3): ReLU()
    (4): Linear(in_features=256, out_features=64, bias=True)
    (5): ReLU()
    (6): Linear(in_features=64, out_features=16, bias=True)
    (7): ReLU()
  )
  (top_l): Sequential(
    (0): Linear(in_features=367, out_features=512, bias=True)
    (1): ReLU()
    (2): Linear(in_features=512, out_features=256, bias=True)
    (3): ReLU()
    (4): Linear(in_features=256, out_features=1, bias=True)
    (5): Sigmoid()
  )
  (loss_fn): BCELoss()
)
Random uniform embeddings init: 0 size: 1461 dim: 16
Random uniform embeddings init: 1 size: 584 dim: 16
Random uniform embeddings init: 2 size: 10131227 dim: 16
Random uniform embeddings init: 3 size: 2202608 dim: 16
Random uniform embeddings init: 4 size: 306 dim: 16
Random uniform embeddings init: 5 size: 24 dim: 16
Random uniform embeddings init: 6 size: 12518 dim: 16
Random uniform embeddings init: 7 size: 634 dim: 16
Random uniform embeddings init: 8 size: 4 dim: 16
Random uniform embeddings init: 9 size: 93146 dim: 16
Random uniform embeddings init: 10 size: 5684 dim: 16
Random uniform embeddings init: 11 size: 8351593 dim: 16
Random uniform embeddings init: 12 size: 3195 dim: 16
Random uniform embeddings init: 13 size: 28 dim: 16
Random uniform embeddings init: 14 size: 14993 dim: 16
Random uniform embeddings init: 15 size: 5461306 dim: 16
Random uniform embeddings init: 16 size: 11 dim: 16
Random uniform embeddings init: 17 size: 5653 dim: 16
Random uniform embeddings init: 18 size: 2173 dim: 16
Random uniform embeddings init: 19 size: 4 dim: 16
Random uniform embeddings init: 20 size: 7046547 dim: 16
Random uniform embeddings init: 21 size: 18 dim: 16
Random uniform embeddings init: 22 size: 16 dim: 16
Random uniform embeddings init: 23 size: 286181 dim: 16
Random uniform embeddings init: 24 size: 105 dim: 16
Random uniform embeddings init: 25 size: 142572 dim: 16
time/loss/accuracy (if enabled):
Finished training it 256/76743 of epoch 0, 36.37 ms/it, NE 0.932899, loss 0.530545
Testing at - 256/76743 of epoch 0,  NE 0.908940, loss 0.522172, accuracy 75.433 %, best 75.433 %
Finished training it 512/76743 of epoch 0, 18.40 ms/it, NE 0.918149, loss 0.513955
Testing at - 512/76743 of epoch 0,  NE 0.891049, loss 0.511894, accuracy 75.809 %, best 75.809 %
Finished training it 768/76743 of epoch 0, 21.93 ms/it, NE 0.910465, loss 0.508801
Testing at - 768/76743 of epoch 0,  NE 0.887598, loss 0.509911, accuracy 75.828 %, best 75.828 %
Finished training it 1024/76743 of epoch 0, 17.97 ms/it, NE 0.904297, loss 0.500479
Testing at - 1024/76743 of epoch 0,  NE 0.878947, loss 0.504941, accuracy 76.250 %, best 76.250 %
Finished training it 1280/76743 of epoch 0, 16.12 ms/it, NE 0.899569, loss 0.500832
Testing at - 1280/76743 of epoch 0,  NE 0.885078, loss 0.508463, accuracy 76.294 %, best 76.294 %
Finished training it 1536/76743 of epoch 0, 16.89 ms/it, NE 0.895746, loss 0.497989
Testing at - 1536/76743 of epoch 0,  NE 0.877584, loss 0.504158, accuracy 76.363 %, best 76.363 %
Finished training it 1792/76743 of epoch 0, 16.45 ms/it, NE 0.892227, loss 0.493759
Testing at - 1792/76743 of epoch 0,  NE 0.862627, loss 0.495566, accuracy 76.740 %, best 76.740 %
Finished training it 2048/76743 of epoch 0, 15.48 ms/it, NE 0.888862, loss 0.492498
Testing at - 2048/76743 of epoch 0,  NE 0.858814, loss 0.493375, accuracy 76.862 %, best 76.862 %
Finished training it 2304/76743 of epoch 0, 13.90 ms/it, NE 0.885934, loss 0.489089
Testing at - 2304/76743 of epoch 0,  NE 0.857319, loss 0.492516, accuracy 76.799 %, best 76.862 %
Finished training it 2560/76743 of epoch 0, 16.97 ms/it, NE 0.882962, loss 0.487162
Testing at - 2560/76743 of epoch 0,  NE 0.867604, loss 0.498425, accuracy 76.511 %, best 76.862 %
Finished training it 2816/76743 of epoch 0, 17.65 ms/it, NE 0.880170, loss 0.484564
Testing at - 2816/76743 of epoch 0,  NE 0.848049, loss 0.487191, accuracy 77.166 %, best 77.166 %
Finished training it 3072/76743 of epoch 0, 15.29 ms/it, NE 0.877433, loss 0.478419
Testing at - 3072/76743 of epoch 0,  NE 0.846013, loss 0.486021, accuracy 77.150 %, best 77.166 %
Finished training it 3328/76743 of epoch 0, 14.97 ms/it, NE 0.875098, loss 0.482916
Testing at - 3328/76743 of epoch 0,  NE 0.847367, loss 0.486799, accuracy 77.335 %, best 77.335 %
Finished training it 3584/76743 of epoch 0, 16.88 ms/it, NE 0.872670, loss 0.478501
Testing at - 3584/76743 of epoch 0,  NE 0.838079, loss 0.481463, accuracy 77.445 %, best 77.445 %
Finished training it 3840/76743 of epoch 0, 16.04 ms/it, NE 0.870454, loss 0.476786
Testing at - 3840/76743 of epoch 0,  NE 0.839719, loss 0.482405, accuracy 77.463 %, best 77.463 %
Finished training it 4096/76743 of epoch 0, 15.80 ms/it, NE 0.868337, loss 0.476838
Testing at - 4096/76743 of epoch 0,  NE 0.835353, loss 0.479897, accuracy 77.470 %, best 77.470 %
Finished training it 4352/76743 of epoch 0, 18.83 ms/it, NE 0.866177, loss 0.473475
Testing at - 4352/76743 of epoch 0,  NE 0.850909, loss 0.488833, accuracy 77.125 %, best 77.470 %
Finished training it 4608/76743 of epoch 0, 19.12 ms/it, NE 0.864473, loss 0.475465
Testing at - 4608/76743 of epoch 0,  NE 0.832115, loss 0.478037, accuracy 77.589 %, best 77.589 %
Finished training it 4864/76743 of epoch 0, 19.11 ms/it, NE 0.862680, loss 0.473182
Testing at - 4864/76743 of epoch 0,  NE 0.838330, loss 0.481607, accuracy 77.544 %, best 77.589 %
Finished training it 5120/76743 of epoch 0, 16.15 ms/it, NE 0.861163, loss 0.472497
Testing at - 5120/76743 of epoch 0,  NE 0.857218, loss 0.492458, accuracy 76.915 %, best 77.589 %
Finished training it 5376/76743 of epoch 0, 20.16 ms/it, NE 0.859711, loss 0.472000
Testing at - 5376/76743 of epoch 0,  NE 0.831471, loss 0.477667, accuracy 77.772 %, best 77.772 %
Finished training it 5632/76743 of epoch 0, 16.16 ms/it, NE 0.858310, loss 0.470539
Testing at - 5632/76743 of epoch 0,  NE 0.828999, loss 0.476247, accuracy 77.599 %, best 77.772 %
Finished training it 5888/76743 of epoch 0, 15.78 ms/it, NE 0.856994, loss 0.472829
Testing at - 5888/76743 of epoch 0,  NE 0.823278, loss 0.472960, accuracy 77.861 %, best 77.861 %
Finished training it 6144/76743 of epoch 0, 15.90 ms/it, NE 0.855709, loss 0.468081
Testing at - 6144/76743 of epoch 0,  NE 0.822636, loss 0.472591, accuracy 77.878 %, best 77.878 %
Finished training it 6400/76743 of epoch 0, 18.76 ms/it, NE 0.854367, loss 0.466932
Testing at - 6400/76743 of epoch 0,  NE 0.821629, loss 0.472013, accuracy 77.914 %, best 77.914 %
Finished training it 6656/76743 of epoch 0, 16.23 ms/it, NE 0.853165, loss 0.467464
Testing at - 6656/76743 of epoch 0,  NE 0.823499, loss 0.473087, accuracy 77.842 %, best 77.914 %
Finished training it 6912/76743 of epoch 0, 17.90 ms/it, NE 0.851940, loss 0.465211
Testing at - 6912/76743 of epoch 0,  NE 0.821394, loss 0.471878, accuracy 77.910 %, best 77.914 %
Finished training it 7168/76743 of epoch 0, 16.45 ms/it, NE 0.850961, loss 0.467172
Testing at - 7168/76743 of epoch 0,  NE 0.824669, loss 0.473759, accuracy 77.934 %, best 77.934 %
Finished training it 7424/76743 of epoch 0, 16.43 ms/it, NE 0.850102, loss 0.468617
Testing at - 7424/76743 of epoch 0,  NE 0.823365, loss 0.473010, accuracy 77.946 %, best 77.946 %
Finished training it 7680/76743 of epoch 0, 16.54 ms/it, NE 0.849162, loss 0.466931
Testing at - 7680/76743 of epoch 0,  NE 0.821704, loss 0.472056, accuracy 78.009 %, best 78.009 %
Finished training it 7936/76743 of epoch 0, 16.24 ms/it, NE 0.848276, loss 0.467726
Testing at - 7936/76743 of epoch 0,  NE 0.829551, loss 0.476564, accuracy 77.712 %, best 78.009 %
Finished training it 8192/76743 of epoch 0, 13.94 ms/it, NE 0.847337, loss 0.466563
Testing at - 8192/76743 of epoch 0,  NE 0.818203, loss 0.470044, accuracy 78.011 %, best 78.011 %
Finished training it 8448/76743 of epoch 0, 14.04 ms/it, NE 0.846370, loss 0.464053
Testing at - 8448/76743 of epoch 0,  NE 0.816507, loss 0.469070, accuracy 78.057 %, best 78.057 %
Finished training it 8704/76743 of epoch 0, 14.98 ms/it, NE 0.845447, loss 0.463492
Testing at - 8704/76743 of epoch 0,  NE 0.819886, loss 0.471011, accuracy 77.928 %, best 78.057 %
Finished training it 8960/76743 of epoch 0, 15.79 ms/it, NE 0.844772, loss 0.467799
Testing at - 8960/76743 of epoch 0,  NE 0.824005, loss 0.473378, accuracy 77.998 %, best 78.057 %
Finished training it 9216/76743 of epoch 0, 16.45 ms/it, NE 0.843987, loss 0.464229
Testing at - 9216/76743 of epoch 0,  NE 0.818296, loss 0.470098, accuracy 78.070 %, best 78.070 %
Finished training it 9472/76743 of epoch 0, 14.71 ms/it, NE 0.843231, loss 0.462470
Testing at - 9472/76743 of epoch 0,  NE 0.820688, loss 0.471472, accuracy 77.986 %, best 78.070 %
Finished training it 9728/76743 of epoch 0, 15.13 ms/it, NE 0.842569, loss 0.465436
Testing at - 9728/76743 of epoch 0,  NE 0.817110, loss 0.469417, accuracy 77.999 %, best 78.070 %
Finished training it 9984/76743 of epoch 0, 16.89 ms/it, NE 0.841913, loss 0.464411
Testing at - 9984/76743 of epoch 0,  NE 0.814887, loss 0.468139, accuracy 78.131 %, best 78.131 %
Finished training it 10240/76743 of epoch 0, 18.17 ms/it, NE 0.841221, loss 0.463872
Testing at - 10240/76743 of epoch 0,  NE 0.814625, loss 0.467989, accuracy 78.149 %, best 78.149 %
Finished training it 10496/76743 of epoch 0, 15.96 ms/it, NE 0.840577, loss 0.463017
Testing at - 10496/76743 of epoch 0,  NE 0.816561, loss 0.469101, accuracy 78.088 %, best 78.149 %
Finished training it 10752/76743 of epoch 0, 16.51 ms/it, NE 0.840004, loss 0.462835
Testing at - 10752/76743 of epoch 0,  NE 0.815024, loss 0.468218, accuracy 78.132 %, best 78.149 %
Finished training it 11008/76743 of epoch 0, 18.47 ms/it, NE 0.839438, loss 0.463348
Testing at - 11008/76743 of epoch 0,  NE 0.817419, loss 0.469594, accuracy 78.071 %, best 78.149 %
Finished training it 11264/76743 of epoch 0, 14.97 ms/it, NE 0.838905, loss 0.463980
Testing at - 11264/76743 of epoch 0,  NE 0.814899, loss 0.468147, accuracy 78.204 %, best 78.204 %
Finished training it 11520/76743 of epoch 0, 16.27 ms/it, NE 0.838327, loss 0.462989
Testing at - 11520/76743 of epoch 0,  NE 0.816895, loss 0.469293, accuracy 78.039 %, best 78.204 %
Finished training it 11776/76743 of epoch 0, 18.41 ms/it, NE 0.837863, loss 0.465038
Testing at - 11776/76743 of epoch 0,  NE 0.818347, loss 0.470127, accuracy 78.049 %, best 78.204 %
Finished training it 12032/76743 of epoch 0, 19.81 ms/it, NE 0.837421, loss 0.463820
Testing at - 12032/76743 of epoch 0,  NE 0.818334, loss 0.470120, accuracy 77.976 %, best 78.204 %
Finished training it 12288/76743 of epoch 0, 15.09 ms/it, NE 0.836899, loss 0.459960
Testing at - 12288/76743 of epoch 0,  NE 0.813174, loss 0.467156, accuracy 78.196 %, best 78.204 %
Finished training it 12544/76743 of epoch 0, 17.21 ms/it, NE 0.836364, loss 0.461347
Testing at - 12544/76743 of epoch 0,  NE 0.813507, loss 0.467347, accuracy 78.229 %, best 78.229 %
Finished training it 12800/76743 of epoch 0, 13.75 ms/it, NE 0.835898, loss 0.463410
Testing at - 12800/76743 of epoch 0,  NE 0.813001, loss 0.467056, accuracy 78.260 %, best 78.260 %
Finished training it 13056/76743 of epoch 0, 15.63 ms/it, NE 0.835439, loss 0.463959
Testing at - 13056/76743 of epoch 0,  NE 0.812534, loss 0.466788, accuracy 78.213 %, best 78.260 %
Finished training it 13312/76743 of epoch 0, 14.18 ms/it, NE 0.835002, loss 0.462599
Testing at - 13312/76743 of epoch 0,  NE 0.815383, loss 0.468424, accuracy 78.094 %, best 78.260 %
Finished training it 13568/76743 of epoch 0, 15.58 ms/it, NE 0.834564, loss 0.462045
Testing at - 13568/76743 of epoch 0,  NE 0.813786, loss 0.467507, accuracy 78.146 %, best 78.260 %
Finished training it 13824/76743 of epoch 0, 16.79 ms/it, NE 0.834119, loss 0.461678
Testing at - 13824/76743 of epoch 0,  NE 0.818143, loss 0.470010, accuracy 78.117 %, best 78.260 %
Finished training it 14080/76743 of epoch 0, 15.61 ms/it, NE 0.833730, loss 0.460494
Testing at - 14080/76743 of epoch 0,  NE 0.812893, loss 0.466994, accuracy 78.193 %, best 78.260 %
Finished training it 14336/76743 of epoch 0, 17.76 ms/it, NE 0.833306, loss 0.458747
Testing at - 14336/76743 of epoch 0,  NE 0.810390, loss 0.465556, accuracy 78.259 %, best 78.260 %
Finished training it 14592/76743 of epoch 0, 16.33 ms/it, NE 0.832859, loss 0.459146
Testing at - 14592/76743 of epoch 0,  NE 0.809803, loss 0.465219, accuracy 78.292 %, best 78.292 %
Finished training it 14848/76743 of epoch 0, 19.81 ms/it, NE 0.832451, loss 0.460403
Testing at - 14848/76743 of epoch 0,  NE 0.809750, loss 0.465189, accuracy 78.292 %, best 78.292 %
Finished training it 15104/76743 of epoch 0, 17.95 ms/it, NE 0.832082, loss 0.459960
Testing at - 15104/76743 of epoch 0,  NE 0.819762, loss 0.470940, accuracy 78.015 %, best 78.292 %
Finished training it 15360/76743 of epoch 0, 16.55 ms/it, NE 0.831716, loss 0.462575
Testing at - 15360/76743 of epoch 0,  NE 0.809298, loss 0.464929, accuracy 78.322 %, best 78.322 %
Finished training it 15616/76743 of epoch 0, 15.36 ms/it, NE 0.831392, loss 0.461028
Testing at - 15616/76743 of epoch 0,  NE 0.811056, loss 0.465939, accuracy 78.256 %, best 78.322 %
Finished training it 15872/76743 of epoch 0, 16.71 ms/it, NE 0.831009, loss 0.459904
Testing at - 15872/76743 of epoch 0,  NE 0.810411, loss 0.465568, accuracy 78.294 %, best 78.322 %
Finished training it 16128/76743 of epoch 0, 16.66 ms/it, NE 0.830695, loss 0.462271
Testing at - 16128/76743 of epoch 0,  NE 0.816124, loss 0.468850, accuracy 78.155 %, best 78.322 %
Finished training it 16384/76743 of epoch 0, 17.25 ms/it, NE 0.830422, loss 0.463412
Testing at - 16384/76743 of epoch 0,  NE 0.809141, loss 0.464839, accuracy 78.318 %, best 78.322 %
Finished training it 16640/76743 of epoch 0, 16.84 ms/it, NE 0.830120, loss 0.459975
Testing at - 16640/76743 of epoch 0,  NE 0.809262, loss 0.464908, accuracy 78.341 %, best 78.341 %
Finished training it 16896/76743 of epoch 0, 15.95 ms/it, NE 0.829766, loss 0.458923
Testing at - 16896/76743 of epoch 0,  NE 0.808307, loss 0.464360, accuracy 78.327 %, best 78.341 %
Finished training it 17152/76743 of epoch 0, 16.23 ms/it, NE 0.829434, loss 0.459990
Testing at - 17152/76743 of epoch 0,  NE 0.822610, loss 0.472577, accuracy 77.818 %, best 78.341 %
Finished training it 17408/76743 of epoch 0, 15.32 ms/it, NE 0.829119, loss 0.459492
Testing at - 17408/76743 of epoch 0,  NE 0.807669, loss 0.463993, accuracy 78.364 %, best 78.364 %
Finished training it 17664/76743 of epoch 0, 17.51 ms/it, NE 0.828818, loss 0.458916
Testing at - 17664/76743 of epoch 0,  NE 0.807483, loss 0.463886, accuracy 78.361 %, best 78.364 %
Finished training it 17920/76743 of epoch 0, 14.75 ms/it, NE 0.828572, loss 0.460860
Testing at - 17920/76743 of epoch 0,  NE 0.809803, loss 0.465219, accuracy 78.350 %, best 78.364 %
Finished training it 18176/76743 of epoch 0, 16.13 ms/it, NE 0.828253, loss 0.457289
Testing at - 18176/76743 of epoch 0,  NE 0.809569, loss 0.465084, accuracy 78.250 %, best 78.364 %
Finished training it 18432/76743 of epoch 0, 18.06 ms/it, NE 0.827966, loss 0.459338
Testing at - 18432/76743 of epoch 0,  NE 0.812871, loss 0.466982, accuracy 78.133 %, best 78.364 %
Finished training it 18688/76743 of epoch 0, 16.34 ms/it, NE 0.827678, loss 0.458779
Testing at - 18688/76743 of epoch 0,  NE 0.813337, loss 0.467249, accuracy 78.152 %, best 78.364 %
Finished training it 18944/76743 of epoch 0, 14.87 ms/it, NE 0.827397, loss 0.458716
Testing at - 18944/76743 of epoch 0,  NE 0.808941, loss 0.464724, accuracy 78.312 %, best 78.364 %
Finished training it 19200/76743 of epoch 0, 13.68 ms/it, NE 0.827141, loss 0.458781
Testing at - 19200/76743 of epoch 0,  NE 0.817201, loss 0.469469, accuracy 78.106 %, best 78.364 %
Finished training it 19456/76743 of epoch 0, 13.39 ms/it, NE 0.826907, loss 0.458926
Testing at - 19456/76743 of epoch 0,  NE 0.806684, loss 0.463427, accuracy 78.414 %, best 78.414 %
Finished training it 19712/76743 of epoch 0, 14.81 ms/it, NE 0.826649, loss 0.458573
Testing at - 19712/76743 of epoch 0,  NE 0.808003, loss 0.464185, accuracy 78.347 %, best 78.414 %
Finished training it 19968/76743 of epoch 0, 17.53 ms/it, NE 0.826383, loss 0.457749
Testing at - 19968/76743 of epoch 0,  NE 0.810393, loss 0.465558, accuracy 78.269 %, best 78.414 %
Finished training it 20224/76743 of epoch 0, 18.66 ms/it, NE 0.826123, loss 0.458303
Testing at - 20224/76743 of epoch 0,  NE 0.807023, loss 0.463622, accuracy 78.393 %, best 78.414 %
Finished training it 20480/76743 of epoch 0, 15.66 ms/it, NE 0.825894, loss 0.459349
Testing at - 20480/76743 of epoch 0,  NE 0.804965, loss 0.462440, accuracy 78.452 %, best 78.452 %
Finished training it 20736/76743 of epoch 0, 20.27 ms/it, NE 0.825667, loss 0.457207
Testing at - 20736/76743 of epoch 0,  NE 0.807604, loss 0.463956, accuracy 78.357 %, best 78.452 %
Finished training it 20992/76743 of epoch 0, 18.38 ms/it, NE 0.825413, loss 0.456203
Testing at - 20992/76743 of epoch 0,  NE 0.804792, loss 0.462340, accuracy 78.451 %, best 78.452 %
Finished training it 21248/76743 of epoch 0, 16.12 ms/it, NE 0.825155, loss 0.457424
Testing at - 21248/76743 of epoch 0,  NE 0.805913, loss 0.462984, accuracy 78.421 %, best 78.452 %
Finished training it 21504/76743 of epoch 0, 16.15 ms/it, NE 0.824937, loss 0.459244
Testing at - 21504/76743 of epoch 0,  NE 0.807593, loss 0.463949, accuracy 78.337 %, best 78.452 %
Finished training it 21760/76743 of epoch 0, 13.88 ms/it, NE 0.824688, loss 0.457643
Testing at - 21760/76743 of epoch 0,  NE 0.807570, loss 0.463936, accuracy 78.383 %, best 78.452 %
Finished training it 22016/76743 of epoch 0, 13.69 ms/it, NE 0.824452, loss 0.455850
Testing at - 22016/76743 of epoch 0,  NE 0.804484, loss 0.462163, accuracy 78.451 %, best 78.452 %
Finished training it 22272/76743 of epoch 0, 14.35 ms/it, NE 0.824195, loss 0.457724
Testing at - 22272/76743 of epoch 0,  NE 0.805957, loss 0.463009, accuracy 78.418 %, best 78.452 %
Finished training it 22528/76743 of epoch 0, 13.32 ms/it, NE 0.823978, loss 0.457070
Testing at - 22528/76743 of epoch 0,  NE 0.806177, loss 0.463136, accuracy 78.395 %, best 78.452 %
Finished training it 22784/76743 of epoch 0, 13.78 ms/it, NE 0.823762, loss 0.456881
Testing at - 22784/76743 of epoch 0,  NE 0.808022, loss 0.464196, accuracy 78.280 %, best 78.452 %
Finished training it 23040/76743 of epoch 0, 14.07 ms/it, NE 0.823558, loss 0.459160
Testing at - 23040/76743 of epoch 0,  NE 0.806257, loss 0.463182, accuracy 78.460 %, best 78.460 %
Finished training it 23296/76743 of epoch 0, 13.55 ms/it, NE 0.823355, loss 0.458328
Testing at - 23296/76743 of epoch 0,  NE 0.805957, loss 0.463009, accuracy 78.407 %, best 78.460 %
Finished training it 23552/76743 of epoch 0, 13.85 ms/it, NE 0.823164, loss 0.457377
Testing at - 23552/76743 of epoch 0,  NE 0.803617, loss 0.461665, accuracy 78.489 %, best 78.489 %
Finished training it 23808/76743 of epoch 0, 14.59 ms/it, NE 0.822930, loss 0.455335
Testing at - 23808/76743 of epoch 0,  NE 0.806982, loss 0.463599, accuracy 78.415 %, best 78.489 %
Finished training it 24064/76743 of epoch 0, 13.35 ms/it, NE 0.822696, loss 0.456204
Testing at - 24064/76743 of epoch 0,  NE 0.811300, loss 0.466079, accuracy 78.246 %, best 78.489 %
Finished training it 24320/76743 of epoch 0, 13.91 ms/it, NE 0.822485, loss 0.455475
Testing at - 24320/76743 of epoch 0,  NE 0.806852, loss 0.463524, accuracy 78.413 %, best 78.489 %
Finished training it 24576/76743 of epoch 0, 13.11 ms/it, NE 0.822276, loss 0.455068
Testing at - 24576/76743 of epoch 0,  NE 0.804247, loss 0.462027, accuracy 78.469 %, best 78.489 %
Finished training it 24832/76743 of epoch 0, 15.35 ms/it, NE 0.822102, loss 0.457304
Testing at - 24832/76743 of epoch 0,  NE 0.808833, loss 0.464662, accuracy 78.303 %, best 78.489 %
Finished training it 25088/76743 of epoch 0, 16.98 ms/it, NE 0.821899, loss 0.456603
Testing at - 25088/76743 of epoch 0,  NE 0.802253, loss 0.460882, accuracy 78.507 %, best 78.507 %
Finished training it 25344/76743 of epoch 0, 16.65 ms/it, NE 0.821674, loss 0.456453
Testing at - 25344/76743 of epoch 0,  NE 0.804826, loss 0.462360, accuracy 78.481 %, best 78.507 %
Finished training it 25600/76743 of epoch 0, 18.50 ms/it, NE 0.821483, loss 0.457086
Testing at - 25600/76743 of epoch 0,  NE 0.805995, loss 0.463031, accuracy 78.438 %, best 78.507 %
Finished training it 25856/76743 of epoch 0, 15.75 ms/it, NE 0.821322, loss 0.457773
Testing at - 25856/76743 of epoch 0,  NE 0.806730, loss 0.463454, accuracy 78.394 %, best 78.507 %
Finished training it 26112/76743 of epoch 0, 14.10 ms/it, NE 0.821166, loss 0.457779
Testing at - 26112/76743 of epoch 0,  NE 0.806601, loss 0.463379, accuracy 78.369 %, best 78.507 %
Finished training it 26368/76743 of epoch 0, 13.20 ms/it, NE 0.821037, loss 0.457357
Testing at - 26368/76743 of epoch 0,  NE 0.803674, loss 0.461698, accuracy 78.531 %, best 78.531 %
Finished training it 26624/76743 of epoch 0, 13.88 ms/it, NE 0.820865, loss 0.455289
Testing at - 26624/76743 of epoch 0,  NE 0.813955, loss 0.467604, accuracy 78.224 %, best 78.531 %
Finished training it 26880/76743 of epoch 0, 13.63 ms/it, NE 0.820680, loss 0.455499
Testing at - 26880/76743 of epoch 0,  NE 0.804496, loss 0.462170, accuracy 78.455 %, best 78.531 %
Finished training it 27136/76743 of epoch 0, 13.37 ms/it, NE 0.820476, loss 0.455469
Testing at - 27136/76743 of epoch 0,  NE 0.802505, loss 0.461026, accuracy 78.509 %, best 78.531 %
Finished training it 27392/76743 of epoch 0, 13.58 ms/it, NE 0.820288, loss 0.455700
Testing at - 27392/76743 of epoch 0,  NE 0.802312, loss 0.460916, accuracy 78.513 %, best 78.531 %
Finished training it 27648/76743 of epoch 0, 17.01 ms/it, NE 0.820139, loss 0.456371
Testing at - 27648/76743 of epoch 0,  NE 0.802315, loss 0.460917, accuracy 78.549 %, best 78.549 %
Finished training it 27904/76743 of epoch 0, 15.42 ms/it, NE 0.820005, loss 0.458784
Testing at - 27904/76743 of epoch 0,  NE 0.804305, loss 0.462060, accuracy 78.475 %, best 78.549 %
Finished training it 28160/76743 of epoch 0, 14.03 ms/it, NE 0.819865, loss 0.457732
Testing at - 28160/76743 of epoch 0,  NE 0.803483, loss 0.461588, accuracy 78.505 %, best 78.549 %
Finished training it 28416/76743 of epoch 0, 14.41 ms/it, NE 0.819706, loss 0.456991
Testing at - 28416/76743 of epoch 0,  NE 0.803120, loss 0.461380, accuracy 78.504 %, best 78.549 %
Finished training it 28672/76743 of epoch 0, 13.74 ms/it, NE 0.819560, loss 0.455425
Testing at - 28672/76743 of epoch 0,  NE 0.809475, loss 0.465031, accuracy 78.311 %, best 78.549 %
Finished training it 28928/76743 of epoch 0, 14.78 ms/it, NE 0.819378, loss 0.454920
Testing at - 28928/76743 of epoch 0,  NE 0.804871, loss 0.462386, accuracy 78.490 %, best 78.549 %
Finished training it 29184/76743 of epoch 0, 18.87 ms/it, NE 0.819258, loss 0.457023
Testing at - 29184/76743 of epoch 0,  NE 0.804727, loss 0.462303, accuracy 78.543 %, best 78.549 %
Finished training it 29440/76743 of epoch 0, 18.03 ms/it, NE 0.819077, loss 0.454263
Testing at - 29440/76743 of epoch 0,  NE 0.802463, loss 0.461002, accuracy 78.509 %, best 78.549 %
Finished training it 29696/76743 of epoch 0, 14.97 ms/it, NE 0.818928, loss 0.456689
Testing at - 29696/76743 of epoch 0,  NE 0.808129, loss 0.464257, accuracy 78.267 %, best 78.549 %
Finished training it 29952/76743 of epoch 0, 14.71 ms/it, NE 0.818774, loss 0.458362
Testing at - 29952/76743 of epoch 0,  NE 0.807700, loss 0.464011, accuracy 78.337 %, best 78.549 %
Finished training it 30208/76743 of epoch 0, 14.76 ms/it, NE 0.818606, loss 0.452369
Testing at - 30208/76743 of epoch 0,  NE 0.801430, loss 0.460409, accuracy 78.548 %, best 78.549 %
Finished training it 30464/76743 of epoch 0, 14.60 ms/it, NE 0.818447, loss 0.454737
Testing at - 30464/76743 of epoch 0,  NE 0.803395, loss 0.461538, accuracy 78.507 %, best 78.549 %
Finished training it 30720/76743 of epoch 0, 13.90 ms/it, NE 0.818294, loss 0.455734
Testing at - 30720/76743 of epoch 0,  NE 0.802340, loss 0.460932, accuracy 78.527 %, best 78.549 %
Finished training it 30976/76743 of epoch 0, 15.82 ms/it, NE 0.818175, loss 0.458311
Testing at - 30976/76743 of epoch 0,  NE 0.802185, loss 0.460842, accuracy 78.504 %, best 78.549 %
Finished training it 31232/76743 of epoch 0, 15.64 ms/it, NE 0.818035, loss 0.454792
Testing at - 31232/76743 of epoch 0,  NE 0.801720, loss 0.460575, accuracy 78.517 %, best 78.549 %
Finished training it 31488/76743 of epoch 0, 18.13 ms/it, NE 0.817889, loss 0.456699
Testing at - 31488/76743 of epoch 0,  NE 0.802133, loss 0.460813, accuracy 78.536 %, best 78.549 %
Finished training it 31744/76743 of epoch 0, 15.77 ms/it, NE 0.817779, loss 0.458131
Testing at - 31744/76743 of epoch 0,  NE 0.801890, loss 0.460673, accuracy 78.513 %, best 78.549 %
Finished training it 32000/76743 of epoch 0, 13.64 ms/it, NE 0.817637, loss 0.453961
Testing at - 32000/76743 of epoch 0,  NE 0.800707, loss 0.459993, accuracy 78.563 %, best 78.563 %
Finished training it 32256/76743 of epoch 0, 13.65 ms/it, NE 0.817505, loss 0.455468
Testing at - 32256/76743 of epoch 0,  NE 0.801892, loss 0.460674, accuracy 78.502 %, best 78.563 %
Finished training it 32512/76743 of epoch 0, 13.10 ms/it, NE 0.817389, loss 0.457880
Testing at - 32512/76743 of epoch 0,  NE 0.801912, loss 0.460686, accuracy 78.519 %, best 78.563 %
Finished training it 32768/76743 of epoch 0, 12.87 ms/it, NE 0.817282, loss 0.456748
Testing at - 32768/76743 of epoch 0,  NE 0.803833, loss 0.461789, accuracy 78.525 %, best 78.563 %
Finished training it 33024/76743 of epoch 0, 12.96 ms/it, NE 0.817152, loss 0.456290
Testing at - 33024/76743 of epoch 0,  NE 0.801529, loss 0.460465, accuracy 78.564 %, best 78.564 %
Finished training it 33280/76743 of epoch 0, 14.68 ms/it, NE 0.817013, loss 0.454127
Testing at - 33280/76743 of epoch 0,  NE 0.801348, loss 0.460362, accuracy 78.568 %, best 78.568 %
Finished training it 33536/76743 of epoch 0, 14.51 ms/it, NE 0.816869, loss 0.454669
Testing at - 33536/76743 of epoch 0,  NE 0.801535, loss 0.460469, accuracy 78.577 %, best 78.577 %
Finished training it 33792/76743 of epoch 0, 13.75 ms/it, NE 0.816736, loss 0.452868
Testing at - 33792/76743 of epoch 0,  NE 0.799547, loss 0.459327, accuracy 78.602 %, best 78.602 %
Finished training it 34048/76743 of epoch 0, 13.87 ms/it, NE 0.816617, loss 0.455227
Testing at - 34048/76743 of epoch 0,  NE 0.802744, loss 0.461164, accuracy 78.516 %, best 78.602 %
Finished training it 34304/76743 of epoch 0, 15.85 ms/it, NE 0.816499, loss 0.455490
Testing at - 34304/76743 of epoch 0,  NE 0.800871, loss 0.460088, accuracy 78.586 %, best 78.602 %
Finished training it 34560/76743 of epoch 0, 15.94 ms/it, NE 0.816374, loss 0.456213
Testing at - 34560/76743 of epoch 0,  NE 0.800459, loss 0.459851, accuracy 78.593 %, best 78.602 %
Finished training it 34816/76743 of epoch 0, 14.69 ms/it, NE 0.816262, loss 0.455183
Testing at - 34816/76743 of epoch 0,  NE 0.803276, loss 0.461469, accuracy 78.491 %, best 78.602 %
Finished training it 35072/76743 of epoch 0, 13.87 ms/it, NE 0.816101, loss 0.451856
Testing at - 35072/76743 of epoch 0,  NE 0.802911, loss 0.461260, accuracy 78.539 %, best 78.602 %
Finished training it 35328/76743 of epoch 0, 14.59 ms/it, NE 0.815998, loss 0.454824
Testing at - 35328/76743 of epoch 0,  NE 0.800048, loss 0.459615, accuracy 78.586 %, best 78.602 %
Finished training it 35584/76743 of epoch 0, 13.78 ms/it, NE 0.815862, loss 0.451953
Testing at - 35584/76743 of epoch 0,  NE 0.801314, loss 0.460342, accuracy 78.553 %, best 78.602 %
Finished training it 35840/76743 of epoch 0, 14.19 ms/it, NE 0.815750, loss 0.453679
Testing at - 35840/76743 of epoch 0,  NE 0.820812, loss 0.471544, accuracy 77.731 %, best 78.602 %
Finished training it 36096/76743 of epoch 0, 15.81 ms/it, NE 0.815647, loss 0.454452
Testing at - 36096/76743 of epoch 0,  NE 0.800229, loss 0.459719, accuracy 78.608 %, best 78.608 %
Finished training it 36352/76743 of epoch 0, 13.32 ms/it, NE 0.815531, loss 0.457053
Testing at - 36352/76743 of epoch 0,  NE 0.805363, loss 0.462669, accuracy 78.453 %, best 78.608 %
Finished training it 36608/76743 of epoch 0, 13.25 ms/it, NE 0.815402, loss 0.452622
Testing at - 36608/76743 of epoch 0,  NE 0.799840, loss 0.459495, accuracy 78.605 %, best 78.608 %
Finished training it 36864/76743 of epoch 0, 14.13 ms/it, NE 0.815282, loss 0.452699
Testing at - 36864/76743 of epoch 0,  NE 0.803790, loss 0.461765, accuracy 78.479 %, best 78.608 %
Finished training it 37120/76743 of epoch 0, 15.87 ms/it, NE 0.815139, loss 0.451549
Testing at - 37120/76743 of epoch 0,  NE 0.799919, loss 0.459541, accuracy 78.555 %, best 78.608 %
Finished training it 37376/76743 of epoch 0, 16.09 ms/it, NE 0.815004, loss 0.452180
Testing at - 37376/76743 of epoch 0,  NE 0.805801, loss 0.462920, accuracy 78.397 %, best 78.608 %
Finished training it 37632/76743 of epoch 0, 16.87 ms/it, NE 0.814910, loss 0.454091
Testing at - 37632/76743 of epoch 0,  NE 0.798721, loss 0.458853, accuracy 78.616 %, best 78.616 %
Finished training it 37888/76743 of epoch 0, 14.82 ms/it, NE 0.814773, loss 0.450688
Testing at - 37888/76743 of epoch 0,  NE 0.810693, loss 0.465730, accuracy 78.139 %, best 78.616 %
Finished training it 38144/76743 of epoch 0, 13.36 ms/it, NE 0.814653, loss 0.451817
Testing at - 38144/76743 of epoch 0,  NE 0.800732, loss 0.460008, accuracy 78.574 %, best 78.616 %
Finished training it 38400/76743 of epoch 0, 13.55 ms/it, NE 0.814544, loss 0.454162
Testing at - 38400/76743 of epoch 0,  NE 0.799111, loss 0.459076, accuracy 78.562 %, best 78.616 %
Finished training it 38656/76743 of epoch 0, 14.88 ms/it, NE 0.814430, loss 0.452911
Testing at - 38656/76743 of epoch 0,  NE 0.799990, loss 0.459582, accuracy 78.607 %, best 78.616 %
Finished training it 38912/76743 of epoch 0, 15.02 ms/it, NE 0.814324, loss 0.453129
Testing at - 38912/76743 of epoch 0,  NE 0.798524, loss 0.458739, accuracy 78.616 %, best 78.616 %
Finished training it 39168/76743 of epoch 0, 15.99 ms/it, NE 0.814211, loss 0.452843
Testing at - 39168/76743 of epoch 0,  NE 0.799167, loss 0.459109, accuracy 78.591 %, best 78.616 %
Finished training it 39424/76743 of epoch 0, 15.21 ms/it, NE 0.814093, loss 0.450643
Testing at - 39424/76743 of epoch 0,  NE 0.798488, loss 0.458719, accuracy 78.637 %, best 78.637 %
Finished training it 39680/76743 of epoch 0, 17.14 ms/it, NE 0.813979, loss 0.453919
Testing at - 39680/76743 of epoch 0,  NE 0.798778, loss 0.458885, accuracy 78.629 %, best 78.637 %
Finished training it 39936/76743 of epoch 0, 19.38 ms/it, NE 0.813876, loss 0.453437
Testing at - 39936/76743 of epoch 0,  NE 0.806755, loss 0.463468, accuracy 78.433 %, best 78.637 %
Finished training it 40192/76743 of epoch 0, 14.24 ms/it, NE 0.813786, loss 0.454161
Testing at - 40192/76743 of epoch 0,  NE 0.798859, loss 0.458932, accuracy 78.641 %, best 78.641 %
Finished training it 40448/76743 of epoch 0, 13.95 ms/it, NE 0.813706, loss 0.455323
Testing at - 40448/76743 of epoch 0,  NE 0.799746, loss 0.459441, accuracy 78.578 %, best 78.641 %
Finished training it 40704/76743 of epoch 0, 14.48 ms/it, NE 0.813628, loss 0.455222
Testing at - 40704/76743 of epoch 0,  NE 0.803430, loss 0.461558, accuracy 78.435 %, best 78.641 %
Finished training it 40960/76743 of epoch 0, 13.31 ms/it, NE 0.813536, loss 0.455151
Testing at - 40960/76743 of epoch 0,  NE 0.800286, loss 0.459752, accuracy 78.577 %, best 78.641 %
Finished training it 41216/76743 of epoch 0, 15.29 ms/it, NE 0.813457, loss 0.453831
Testing at - 41216/76743 of epoch 0,  NE 0.798882, loss 0.458945, accuracy 78.621 %, best 78.641 %
Finished training it 41472/76743 of epoch 0, 16.92 ms/it, NE 0.813370, loss 0.454288
Testing at - 41472/76743 of epoch 0,  NE 0.799914, loss 0.459538, accuracy 78.593 %, best 78.641 %
Finished training it 41728/76743 of epoch 0, 19.51 ms/it, NE 0.813282, loss 0.455423
Testing at - 41728/76743 of epoch 0,  NE 0.801576, loss 0.460492, accuracy 78.483 %, best 78.641 %
Finished training it 41984/76743 of epoch 0, 16.44 ms/it, NE 0.813205, loss 0.455219
Testing at - 41984/76743 of epoch 0,  NE 0.799058, loss 0.459046, accuracy 78.639 %, best 78.641 %
Finished training it 42240/76743 of epoch 0, 16.03 ms/it, NE 0.813105, loss 0.452178
Testing at - 42240/76743 of epoch 0,  NE 0.797926, loss 0.458396, accuracy 78.638 %, best 78.641 %
Finished training it 42496/76743 of epoch 0, 20.57 ms/it, NE 0.813013, loss 0.453896
Testing at - 42496/76743 of epoch 0,  NE 0.801538, loss 0.460471, accuracy 78.519 %, best 78.641 %
Finished training it 42752/76743 of epoch 0, 14.64 ms/it, NE 0.812901, loss 0.450119
Testing at - 42752/76743 of epoch 0,  NE 0.803725, loss 0.461727, accuracy 78.444 %, best 78.641 %
Finished training it 43008/76743 of epoch 0, 15.08 ms/it, NE 0.812808, loss 0.451944
Testing at - 43008/76743 of epoch 0,  NE 0.798836, loss 0.458919, accuracy 78.620 %, best 78.641 %
Finished training it 43264/76743 of epoch 0, 18.28 ms/it, NE 0.812727, loss 0.455031
Testing at - 43264/76743 of epoch 0,  NE 0.798315, loss 0.458619, accuracy 78.653 %, best 78.653 %
Finished training it 43520/76743 of epoch 0, 17.03 ms/it, NE 0.812632, loss 0.452966
Testing at - 43520/76743 of epoch 0,  NE 0.798264, loss 0.458590, accuracy 78.638 %, best 78.653 %
Finished training it 43776/76743 of epoch 0, 17.50 ms/it, NE 0.812539, loss 0.452926
Testing at - 43776/76743 of epoch 0,  NE 0.799833, loss 0.459491, accuracy 78.594 %, best 78.653 %
Finished training it 44032/76743 of epoch 0, 15.45 ms/it, NE 0.812447, loss 0.452353
Testing at - 44032/76743 of epoch 0,  NE 0.798483, loss 0.458716, accuracy 78.646 %, best 78.653 %
Finished training it 44288/76743 of epoch 0, 15.28 ms/it, NE 0.812330, loss 0.449642
Testing at - 44288/76743 of epoch 0,  NE 0.798621, loss 0.458795, accuracy 78.631 %, best 78.653 %
Finished training it 44544/76743 of epoch 0, 15.45 ms/it, NE 0.812236, loss 0.451799
Testing at - 44544/76743 of epoch 0,  NE 0.798855, loss 0.458929, accuracy 78.581 %, best 78.653 %
Finished training it 44800/76743 of epoch 0, 14.88 ms/it, NE 0.812144, loss 0.452350
Testing at - 44800/76743 of epoch 0,  NE 0.801465, loss 0.460429, accuracy 78.574 %, best 78.653 %
Finished training it 45056/76743 of epoch 0, 15.00 ms/it, NE 0.812064, loss 0.453625
Testing at - 45056/76743 of epoch 0,  NE 0.798235, loss 0.458573, accuracy 78.607 %, best 78.653 %
Finished training it 45312/76743 of epoch 0, 15.94 ms/it, NE 0.812000, loss 0.454924
Testing at - 45312/76743 of epoch 0,  NE 0.797241, loss 0.458002, accuracy 78.668 %, best 78.668 %
Finished training it 45568/76743 of epoch 0, 14.87 ms/it, NE 0.811925, loss 0.454306
Testing at - 45568/76743 of epoch 0,  NE 0.801795, loss 0.460618, accuracy 78.547 %, best 78.668 %
Finished training it 45824/76743 of epoch 0, 17.71 ms/it, NE 0.811846, loss 0.452936
Testing at - 45824/76743 of epoch 0,  NE 0.796812, loss 0.457756, accuracy 78.671 %, best 78.671 %
Finished training it 46080/76743 of epoch 0, 17.23 ms/it, NE 0.811766, loss 0.453259
Testing at - 46080/76743 of epoch 0,  NE 0.798190, loss 0.458548, accuracy 78.660 %, best 78.671 %
Finished training it 46336/76743 of epoch 0, 20.21 ms/it, NE 0.811694, loss 0.454885
Testing at - 46336/76743 of epoch 0,  NE 0.797826, loss 0.458338, accuracy 78.656 %, best 78.671 %
Finished training it 46592/76743 of epoch 0, 16.89 ms/it, NE 0.811612, loss 0.452424
Testing at - 46592/76743 of epoch 0,  NE 0.801637, loss 0.460528, accuracy 78.486 %, best 78.671 %
Finished training it 46848/76743 of epoch 0, 16.04 ms/it, NE 0.811529, loss 0.453906
Testing at - 46848/76743 of epoch 0,  NE 0.798617, loss 0.458793, accuracy 78.645 %, best 78.671 %
Finished training it 47104/76743 of epoch 0, 15.25 ms/it, NE 0.811439, loss 0.450790
Testing at - 47104/76743 of epoch 0,  NE 0.799551, loss 0.459329, accuracy 78.556 %, best 78.671 %
Finished training it 47360/76743 of epoch 0, 15.98 ms/it, NE 0.811380, loss 0.456315
Testing at - 47360/76743 of epoch 0,  NE 0.797652, loss 0.458238, accuracy 78.671 %, best 78.671 %
Finished training it 47616/76743 of epoch 0, 14.14 ms/it, NE 0.811324, loss 0.453252
Testing at - 47616/76743 of epoch 0,  NE 0.797289, loss 0.458030, accuracy 78.659 %, best 78.671 %
Finished training it 47872/76743 of epoch 0, 13.73 ms/it, NE 0.811247, loss 0.451889
Testing at - 47872/76743 of epoch 0,  NE 0.797990, loss 0.458433, accuracy 78.658 %, best 78.671 %
Finished training it 48128/76743 of epoch 0, 15.15 ms/it, NE 0.811155, loss 0.449589
Testing at - 48128/76743 of epoch 0,  NE 0.797812, loss 0.458330, accuracy 78.659 %, best 78.671 %
Finished training it 48384/76743 of epoch 0, 15.45 ms/it, NE 0.811077, loss 0.453317
Testing at - 48384/76743 of epoch 0,  NE 0.796987, loss 0.457856, accuracy 78.688 %, best 78.688 %
Finished training it 48640/76743 of epoch 0, 14.27 ms/it, NE 0.810997, loss 0.452968
Testing at - 48640/76743 of epoch 0,  NE 0.797948, loss 0.458409, accuracy 78.640 %, best 78.688 %
Finished training it 48896/76743 of epoch 0, 14.50 ms/it, NE 0.810930, loss 0.455597
Testing at - 48896/76743 of epoch 0,  NE 0.796771, loss 0.457732, accuracy 78.700 %, best 78.700 %
Finished training it 49152/76743 of epoch 0, 17.12 ms/it, NE 0.810855, loss 0.453371
Testing at - 49152/76743 of epoch 0,  NE 0.802092, loss 0.460789, accuracy 78.551 %, best 78.700 %
Finished training it 49408/76743 of epoch 0, 14.62 ms/it, NE 0.810770, loss 0.452992
Testing at - 49408/76743 of epoch 0,  NE 0.797669, loss 0.458248, accuracy 78.671 %, best 78.700 %
Finished training it 49664/76743 of epoch 0, 16.36 ms/it, NE 0.810689, loss 0.452550
Testing at - 49664/76743 of epoch 0,  NE 0.796179, loss 0.457392, accuracy 78.682 %, best 78.700 %
Finished training it 49920/76743 of epoch 0, 13.33 ms/it, NE 0.810628, loss 0.455114
Testing at - 49920/76743 of epoch 0,  NE 0.797804, loss 0.458325, accuracy 78.674 %, best 78.700 %
Finished training it 50176/76743 of epoch 0, 15.15 ms/it, NE 0.810559, loss 0.452758
Testing at - 50176/76743 of epoch 0,  NE 0.801491, loss 0.460444, accuracy 78.464 %, best 78.700 %
Finished training it 50432/76743 of epoch 0, 15.40 ms/it, NE 0.810496, loss 0.453398
Testing at - 50432/76743 of epoch 0,  NE 0.799007, loss 0.459017, accuracy 78.622 %, best 78.700 %
Finished training it 50688/76743 of epoch 0, 16.71 ms/it, NE 0.810428, loss 0.451611
Testing at - 50688/76743 of epoch 0,  NE 0.796867, loss 0.457788, accuracy 78.692 %, best 78.700 %
Finished training it 50944/76743 of epoch 0, 13.31 ms/it, NE 0.810351, loss 0.451175
Testing at - 50944/76743 of epoch 0,  NE 0.796956, loss 0.457838, accuracy 78.678 %, best 78.700 %
Finished training it 51200/76743 of epoch 0, 18.39 ms/it, NE 0.810267, loss 0.450596
Testing at - 51200/76743 of epoch 0,  NE 0.798668, loss 0.458822, accuracy 78.637 %, best 78.700 %
Finished training it 51456/76743 of epoch 0, 16.85 ms/it, NE 0.810209, loss 0.452975
Testing at - 51456/76743 of epoch 0,  NE 0.802280, loss 0.460897, accuracy 78.474 %, best 78.700 %
Finished training it 51712/76743 of epoch 0, 14.58 ms/it, NE 0.810144, loss 0.450341
Testing at - 51712/76743 of epoch 0,  NE 0.797018, loss 0.457874, accuracy 78.667 %, best 78.700 %
Finished training it 51968/76743 of epoch 0, 17.37 ms/it, NE 0.810069, loss 0.451668
Testing at - 51968/76743 of epoch 0,  NE 0.797868, loss 0.458363, accuracy 78.635 %, best 78.700 %
Finished training it 52224/76743 of epoch 0, 14.15 ms/it, NE 0.809994, loss 0.452967
Testing at - 52224/76743 of epoch 0,  NE 0.796420, loss 0.457531, accuracy 78.689 %, best 78.700 %
Finished training it 52480/76743 of epoch 0, 14.76 ms/it, NE 0.809914, loss 0.451123
Testing at - 52480/76743 of epoch 0,  NE 0.796980, loss 0.457852, accuracy 78.675 %, best 78.700 %
Finished training it 52736/76743 of epoch 0, 18.15 ms/it, NE 0.809833, loss 0.451832
Testing at - 52736/76743 of epoch 0,  NE 0.796324, loss 0.457475, accuracy 78.667 %, best 78.700 %
Finished training it 52992/76743 of epoch 0, 16.26 ms/it, NE 0.809755, loss 0.450810
Testing at - 52992/76743 of epoch 0,  NE 0.796295, loss 0.457459, accuracy 78.693 %, best 78.700 %
Finished training it 53248/76743 of epoch 0, 16.28 ms/it, NE 0.809682, loss 0.450193
Testing at - 53248/76743 of epoch 0,  NE 0.802138, loss 0.460816, accuracy 78.570 %, best 78.700 %
Finished training it 53504/76743 of epoch 0, 13.49 ms/it, NE 0.809603, loss 0.451749
Testing at - 53504/76743 of epoch 0,  NE 0.795641, loss 0.457083, accuracy 78.712 %, best 78.712 %
Finished training it 53760/76743 of epoch 0, 13.74 ms/it, NE 0.809531, loss 0.450701
Testing at - 53760/76743 of epoch 0,  NE 0.798244, loss 0.458578, accuracy 78.633 %, best 78.712 %
Finished training it 54016/76743 of epoch 0, 14.48 ms/it, NE 0.809437, loss 0.449954
Testing at - 54016/76743 of epoch 0,  NE 0.796757, loss 0.457724, accuracy 78.699 %, best 78.712 %
Finished training it 54272/76743 of epoch 0, 16.22 ms/it, NE 0.809370, loss 0.451784
Testing at - 54272/76743 of epoch 0,  NE 0.797066, loss 0.457902, accuracy 78.677 %, best 78.712 %
Finished training it 54528/76743 of epoch 0, 17.49 ms/it, NE 0.809307, loss 0.451859
Testing at - 54528/76743 of epoch 0,  NE 0.800821, loss 0.460059, accuracy 78.524 %, best 78.712 %
Finished training it 54784/76743 of epoch 0, 14.42 ms/it, NE 0.809236, loss 0.451604
Testing at - 54784/76743 of epoch 0,  NE 0.796934, loss 0.457826, accuracy 78.686 %, best 78.712 %
Finished training it 55040/76743 of epoch 0, 17.35 ms/it, NE 0.809161, loss 0.450540
Testing at - 55040/76743 of epoch 0,  NE 0.796387, loss 0.457512, accuracy 78.718 %, best 78.718 %
Finished training it 55296/76743 of epoch 0, 18.78 ms/it, NE 0.809079, loss 0.448866
Testing at - 55296/76743 of epoch 0,  NE 0.801048, loss 0.460189, accuracy 78.500 %, best 78.718 %
Finished training it 55552/76743 of epoch 0, 18.47 ms/it, NE 0.809015, loss 0.452587
Testing at - 55552/76743 of epoch 0,  NE 0.795465, loss 0.456982, accuracy 78.740 %, best 78.740 %
Finished training it 55808/76743 of epoch 0, 19.58 ms/it, NE 0.808939, loss 0.452392
Testing at - 55808/76743 of epoch 0,  NE 0.801671, loss 0.460548, accuracy 78.621 %, best 78.740 %
Finished training it 56064/76743 of epoch 0, 16.28 ms/it, NE 0.808880, loss 0.452782
Testing at - 56064/76743 of epoch 0,  NE 0.795524, loss 0.457016, accuracy 78.711 %, best 78.740 %
Finished training it 56320/76743 of epoch 0, 19.04 ms/it, NE 0.808815, loss 0.453675
Testing at - 56320/76743 of epoch 0,  NE 0.795774, loss 0.457160, accuracy 78.735 %, best 78.740 %
Finished training it 56576/76743 of epoch 0, 18.35 ms/it, NE 0.808738, loss 0.449444
Testing at - 56576/76743 of epoch 0,  NE 0.795148, loss 0.456800, accuracy 78.733 %, best 78.740 %
Finished training it 56832/76743 of epoch 0, 16.39 ms/it, NE 0.808680, loss 0.454117
Testing at - 56832/76743 of epoch 0,  NE 0.797825, loss 0.458338, accuracy 78.615 %, best 78.740 %
Finished training it 57088/76743 of epoch 0, 15.43 ms/it, NE 0.808628, loss 0.452221
Testing at - 57088/76743 of epoch 0,  NE 0.796203, loss 0.457406, accuracy 78.695 %, best 78.740 %
Finished training it 57344/76743 of epoch 0, 14.14 ms/it, NE 0.808556, loss 0.451417
Testing at - 57344/76743 of epoch 0,  NE 0.794979, loss 0.456703, accuracy 78.753 %, best 78.753 %
Finished training it 57600/76743 of epoch 0, 17.70 ms/it, NE 0.808488, loss 0.450458
Testing at - 57600/76743 of epoch 0,  NE 0.796083, loss 0.457337, accuracy 78.717 %, best 78.753 %
Finished training it 57856/76743 of epoch 0, 15.75 ms/it, NE 0.808420, loss 0.450624
Testing at - 57856/76743 of epoch 0,  NE 0.794945, loss 0.456683, accuracy 78.726 %, best 78.753 %
Finished training it 58112/76743 of epoch 0, 14.86 ms/it, NE 0.808352, loss 0.452252
Testing at - 58112/76743 of epoch 0,  NE 0.795792, loss 0.457170, accuracy 78.720 %, best 78.753 %
Finished training it 58368/76743 of epoch 0, 17.70 ms/it, NE 0.808300, loss 0.453017
Testing at - 58368/76743 of epoch 0,  NE 0.795865, loss 0.457212, accuracy 78.711 %, best 78.753 %
Finished training it 58624/76743 of epoch 0, 16.62 ms/it, NE 0.808245, loss 0.451871
Testing at - 58624/76743 of epoch 0,  NE 0.795097, loss 0.456770, accuracy 78.708 %, best 78.753 %
Finished training it 58880/76743 of epoch 0, 18.73 ms/it, NE 0.808188, loss 0.452087
Testing at - 58880/76743 of epoch 0,  NE 0.794550, loss 0.456456, accuracy 78.769 %, best 78.769 %
Finished training it 59136/76743 of epoch 0, 18.07 ms/it, NE 0.808131, loss 0.454243
Testing at - 59136/76743 of epoch 0,  NE 0.795388, loss 0.456938, accuracy 78.713 %, best 78.769 %
Finished training it 59392/76743 of epoch 0, 17.77 ms/it, NE 0.808074, loss 0.450526
Testing at - 59392/76743 of epoch 0,  NE 0.802152, loss 0.460824, accuracy 78.406 %, best 78.769 %
Finished training it 59648/76743 of epoch 0, 17.89 ms/it, NE 0.808024, loss 0.452086
Testing at - 59648/76743 of epoch 0,  NE 0.794648, loss 0.456513, accuracy 78.763 %, best 78.769 %
Finished training it 59904/76743 of epoch 0, 18.59 ms/it, NE 0.807965, loss 0.454736
Testing at - 59904/76743 of epoch 0,  NE 0.794423, loss 0.456384, accuracy 78.746 %, best 78.769 %
Finished training it 60160/76743 of epoch 0, 16.60 ms/it, NE 0.807906, loss 0.451481
Testing at - 60160/76743 of epoch 0,  NE 0.796015, loss 0.457298, accuracy 78.722 %, best 78.769 %
Finished training it 60416/76743 of epoch 0, 15.22 ms/it, NE 0.807841, loss 0.449308
Testing at - 60416/76743 of epoch 0,  NE 0.795154, loss 0.456803, accuracy 78.707 %, best 78.769 %
Finished training it 60672/76743 of epoch 0, 14.57 ms/it, NE 0.807777, loss 0.451366
Testing at - 60672/76743 of epoch 0,  NE 0.795077, loss 0.456759, accuracy 78.723 %, best 78.769 %
Finished training it 60928/76743 of epoch 0, 20.30 ms/it, NE 0.807723, loss 0.451282
Testing at - 60928/76743 of epoch 0,  NE 0.796344, loss 0.457487, accuracy 78.670 %, best 78.769 %
Finished training it 61184/76743 of epoch 0, 15.29 ms/it, NE 0.807671, loss 0.451921
Testing at - 61184/76743 of epoch 0,  NE 0.794255, loss 0.456287, accuracy 78.754 %, best 78.769 %
Finished training it 61440/76743 of epoch 0, 19.41 ms/it, NE 0.807606, loss 0.451299
Testing at - 61440/76743 of epoch 0,  NE 0.794824, loss 0.456614, accuracy 78.763 %, best 78.769 %
Finished training it 61696/76743 of epoch 0, 16.43 ms/it, NE 0.807540, loss 0.449457
Testing at - 61696/76743 of epoch 0,  NE 0.793791, loss 0.456021, accuracy 78.758 %, best 78.769 %
Finished training it 61952/76743 of epoch 0, 16.11 ms/it, NE 0.807475, loss 0.449430
Testing at - 61952/76743 of epoch 0,  NE 0.794467, loss 0.456408, accuracy 78.743 %, best 78.769 %
Finished training it 62208/76743 of epoch 0, 15.40 ms/it, NE 0.807418, loss 0.450406
Testing at - 62208/76743 of epoch 0,  NE 0.794351, loss 0.456342, accuracy 78.767 %, best 78.769 %
Finished training it 62464/76743 of epoch 0, 14.80 ms/it, NE 0.807372, loss 0.452772
Testing at - 62464/76743 of epoch 0,  NE 0.795478, loss 0.456990, accuracy 78.714 %, best 78.769 %
Finished training it 62720/76743 of epoch 0, 13.54 ms/it, NE 0.807312, loss 0.451308
Testing at - 62720/76743 of epoch 0,  NE 0.796032, loss 0.457308, accuracy 78.696 %, best 78.769 %
Finished training it 62976/76743 of epoch 0, 13.68 ms/it, NE 0.807265, loss 0.451817
Testing at - 62976/76743 of epoch 0,  NE 0.794845, loss 0.456626, accuracy 78.743 %, best 78.769 %
Finished training it 63232/76743 of epoch 0, 14.15 ms/it, NE 0.807184, loss 0.449199
Testing at - 63232/76743 of epoch 0,  NE 0.793989, loss 0.456134, accuracy 78.766 %, best 78.769 %
Finished training it 63488/76743 of epoch 0, 17.64 ms/it, NE 0.807120, loss 0.449968
Testing at - 63488/76743 of epoch 0,  NE 0.793690, loss 0.455962, accuracy 78.765 %, best 78.769 %
Finished training it 63744/76743 of epoch 0, 15.85 ms/it, NE 0.807063, loss 0.451049
Testing at - 63744/76743 of epoch 0,  NE 0.794908, loss 0.456662, accuracy 78.729 %, best 78.769 %
Finished training it 64000/76743 of epoch 0, 17.22 ms/it, NE 0.807019, loss 0.452706
Testing at - 64000/76743 of epoch 0,  NE 0.794600, loss 0.456485, accuracy 78.757 %, best 78.769 %
Finished training it 64256/76743 of epoch 0, 14.97 ms/it, NE 0.806962, loss 0.450839
Testing at - 64256/76743 of epoch 0,  NE 0.795548, loss 0.457030, accuracy 78.728 %, best 78.769 %
Finished training it 64512/76743 of epoch 0, 13.34 ms/it, NE 0.806900, loss 0.449774
Testing at - 64512/76743 of epoch 0,  NE 0.794860, loss 0.456634, accuracy 78.734 %, best 78.769 %
Finished training it 64768/76743 of epoch 0, 13.57 ms/it, NE 0.806844, loss 0.448841
Testing at - 64768/76743 of epoch 0,  NE 0.796544, loss 0.457602, accuracy 78.700 %, best 78.769 %
Finished training it 65024/76743 of epoch 0, 13.44 ms/it, NE 0.806788, loss 0.449737
Testing at - 65024/76743 of epoch 0,  NE 0.794650, loss 0.456514, accuracy 78.748 %, best 78.769 %
Finished training it 65280/76743 of epoch 0, 15.76 ms/it, NE 0.806731, loss 0.451710
Testing at - 65280/76743 of epoch 0,  NE 0.794402, loss 0.456371, accuracy 78.765 %, best 78.769 %
Finished training it 65536/76743 of epoch 0, 17.39 ms/it, NE 0.806681, loss 0.450515
Testing at - 65536/76743 of epoch 0,  NE 0.797129, loss 0.457938, accuracy 78.649 %, best 78.769 %
Finished training it 65792/76743 of epoch 0, 23.04 ms/it, NE 0.806629, loss 0.452421
Testing at - 65792/76743 of epoch 0,  NE 0.798060, loss 0.458473, accuracy 78.639 %, best 78.769 %
Finished training it 66048/76743 of epoch 0, 16.43 ms/it, NE 0.806575, loss 0.452079
Testing at - 66048/76743 of epoch 0,  NE 0.794320, loss 0.456324, accuracy 78.772 %, best 78.772 %
Finished training it 66304/76743 of epoch 0, 15.39 ms/it, NE 0.806517, loss 0.449192
Testing at - 66304/76743 of epoch 0,  NE 0.793646, loss 0.455937, accuracy 78.776 %, best 78.776 %
Finished training it 66560/76743 of epoch 0, 16.71 ms/it, NE 0.806457, loss 0.449803
Testing at - 66560/76743 of epoch 0,  NE 0.796400, loss 0.457519, accuracy 78.752 %, best 78.776 %
Finished training it 66816/76743 of epoch 0, 16.30 ms/it, NE 0.806407, loss 0.452323
Testing at - 66816/76743 of epoch 0,  NE 0.803492, loss 0.461593, accuracy 78.338 %, best 78.776 %
Finished training it 67072/76743 of epoch 0, 18.90 ms/it, NE 0.806368, loss 0.452331
Testing at - 67072/76743 of epoch 0,  NE 0.798320, loss 0.458622, accuracy 78.660 %, best 78.776 %
Finished training it 67328/76743 of epoch 0, 15.42 ms/it, NE 0.806313, loss 0.449064
Testing at - 67328/76743 of epoch 0,  NE 0.798799, loss 0.458897, accuracy 78.679 %, best 78.776 %
Finished training it 67584/76743 of epoch 0, 19.23 ms/it, NE 0.806260, loss 0.451490
Testing at - 67584/76743 of epoch 0,  NE 0.793978, loss 0.456128, accuracy 78.764 %, best 78.776 %
Finished training it 67840/76743 of epoch 0, 17.56 ms/it, NE 0.806202, loss 0.448222
Testing at - 67840/76743 of epoch 0,  NE 0.793649, loss 0.455939, accuracy 78.763 %, best 78.776 %
Finished training it 68096/76743 of epoch 0, 16.70 ms/it, NE 0.806154, loss 0.450986
Testing at - 68096/76743 of epoch 0,  NE 0.798151, loss 0.458525, accuracy 78.596 %, best 78.776 %
Finished training it 68352/76743 of epoch 0, 16.43 ms/it, NE 0.806102, loss 0.450181
Testing at - 68352/76743 of epoch 0,  NE 0.793743, loss 0.455993, accuracy 78.781 %, best 78.781 %
Finished training it 68608/76743 of epoch 0, 17.57 ms/it, NE 0.806051, loss 0.450919
Testing at - 68608/76743 of epoch 0,  NE 0.794489, loss 0.456421, accuracy 78.767 %, best 78.781 %
Finished training it 68864/76743 of epoch 0, 18.62 ms/it, NE 0.806007, loss 0.452092
Testing at - 68864/76743 of epoch 0,  NE 0.796047, loss 0.457317, accuracy 78.758 %, best 78.781 %
Finished training it 69120/76743 of epoch 0, 16.96 ms/it, NE 0.805958, loss 0.450803
Testing at - 69120/76743 of epoch 0,  NE 0.793900, loss 0.456083, accuracy 78.772 %, best 78.781 %
Finished training it 69376/76743 of epoch 0, 16.31 ms/it, NE 0.805897, loss 0.447366
Testing at - 69376/76743 of epoch 0,  NE 0.794002, loss 0.456142, accuracy 78.785 %, best 78.785 %
Finished training it 69632/76743 of epoch 0, 19.29 ms/it, NE 0.805853, loss 0.453445
Testing at - 69632/76743 of epoch 0,  NE 0.794646, loss 0.456512, accuracy 78.720 %, best 78.785 %
Finished training it 69888/76743 of epoch 0, 16.62 ms/it, NE 0.805811, loss 0.453121
Testing at - 69888/76743 of epoch 0,  NE 0.792969, loss 0.455548, accuracy 78.822 %, best 78.822 %
Finished training it 70144/76743 of epoch 0, 21.55 ms/it, NE 0.805766, loss 0.451607
Testing at - 70144/76743 of epoch 0,  NE 0.793492, loss 0.455849, accuracy 78.788 %, best 78.822 %
Finished training it 70400/76743 of epoch 0, 14.57 ms/it, NE 0.805728, loss 0.449297
Testing at - 70400/76743 of epoch 0,  NE 0.794413, loss 0.456378, accuracy 78.751 %, best 78.822 %
Finished training it 70656/76743 of epoch 0, 15.07 ms/it, NE 0.805678, loss 0.448678
Testing at - 70656/76743 of epoch 0,  NE 0.793372, loss 0.455780, accuracy 78.796 %, best 78.822 %
Finished training it 70912/76743 of epoch 0, 15.60 ms/it, NE 0.805632, loss 0.451118
Testing at - 70912/76743 of epoch 0,  NE 0.794674, loss 0.456528, accuracy 78.748 %, best 78.822 %
Finished training it 71168/76743 of epoch 0, 13.78 ms/it, NE 0.805590, loss 0.449721
Testing at - 71168/76743 of epoch 0,  NE 0.793170, loss 0.455664, accuracy 78.790 %, best 78.822 %
Finished training it 71424/76743 of epoch 0, 16.22 ms/it, NE 0.805542, loss 0.449579
Testing at - 71424/76743 of epoch 0,  NE 0.794497, loss 0.456426, accuracy 78.762 %, best 78.822 %
Finished training it 71680/76743 of epoch 0, 15.09 ms/it, NE 0.805509, loss 0.452393
Testing at - 71680/76743 of epoch 0,  NE 0.793251, loss 0.455710, accuracy 78.807 %, best 78.822 %
Finished training it 71936/76743 of epoch 0, 14.98 ms/it, NE 0.805454, loss 0.448348
Testing at - 71936/76743 of epoch 0,  NE 0.792930, loss 0.455525, accuracy 78.816 %, best 78.822 %
Finished training it 72192/76743 of epoch 0, 15.78 ms/it, NE 0.805401, loss 0.449381
Testing at - 72192/76743 of epoch 0,  NE 0.797260, loss 0.458013, accuracy 78.642 %, best 78.822 %
Finished training it 72448/76743 of epoch 0, 20.61 ms/it, NE 0.805352, loss 0.448605
Testing at - 72448/76743 of epoch 0,  NE 0.793333, loss 0.455757, accuracy 78.790 %, best 78.822 %
Finished training it 72704/76743 of epoch 0, 16.29 ms/it, NE 0.805311, loss 0.452066
Testing at - 72704/76743 of epoch 0,  NE 0.793071, loss 0.455607, accuracy 78.805 %, best 78.822 %
Finished training it 72960/76743 of epoch 0, 17.72 ms/it, NE 0.805267, loss 0.448378
Testing at - 72960/76743 of epoch 0,  NE 0.797723, loss 0.458279, accuracy 78.686 %, best 78.822 %
Finished training it 73216/76743 of epoch 0, 18.87 ms/it, NE 0.805213, loss 0.450961
Testing at - 73216/76743 of epoch 0,  NE 0.792820, loss 0.455462, accuracy 78.802 %, best 78.822 %
Finished training it 73472/76743 of epoch 0, 17.05 ms/it, NE 0.805162, loss 0.450836
Testing at - 73472/76743 of epoch 0,  NE 0.795648, loss 0.457087, accuracy 78.727 %, best 78.822 %
Finished training it 73728/76743 of epoch 0, 15.93 ms/it, NE 0.805112, loss 0.449499
Testing at - 73728/76743 of epoch 0,  NE 0.793700, loss 0.455968, accuracy 78.799 %, best 78.822 %
Finished training it 73984/76743 of epoch 0, 17.06 ms/it, NE 0.805071, loss 0.449880
Testing at - 73984/76743 of epoch 0,  NE 0.793032, loss 0.455584, accuracy 78.806 %, best 78.822 %
Finished training it 74240/76743 of epoch 0, 16.76 ms/it, NE 0.805023, loss 0.450934
Testing at - 74240/76743 of epoch 0,  NE 0.793288, loss 0.455731, accuracy 78.797 %, best 78.822 %
Finished training it 74496/76743 of epoch 0, 15.66 ms/it, NE 0.804990, loss 0.453479
Testing at - 74496/76743 of epoch 0,  NE 0.793883, loss 0.456073, accuracy 78.745 %, best 78.822 %
Finished training it 74752/76743 of epoch 0, 17.27 ms/it, NE 0.804948, loss 0.453209
Testing at - 74752/76743 of epoch 0,  NE 0.794016, loss 0.456150, accuracy 78.775 %, best 78.822 %
Finished training it 75008/76743 of epoch 0, 14.35 ms/it, NE 0.804900, loss 0.449753
Testing at - 75008/76743 of epoch 0,  NE 0.793476, loss 0.455840, accuracy 78.795 %, best 78.822 %
Finished training it 75264/76743 of epoch 0, 13.84 ms/it, NE 0.804862, loss 0.449552
Testing at - 75264/76743 of epoch 0,  NE 0.793265, loss 0.455718, accuracy 78.787 %, best 78.822 %
Finished training it 75520/76743 of epoch 0, 13.11 ms/it, NE 0.804812, loss 0.448993
Testing at - 75520/76743 of epoch 0,  NE 0.793206, loss 0.455684, accuracy 78.754 %, best 78.822 %
Finished training it 75776/76743 of epoch 0, 14.87 ms/it, NE 0.804770, loss 0.450499
Testing at - 75776/76743 of epoch 0,  NE 0.798478, loss 0.458713, accuracy 78.642 %, best 78.822 %
Finished training it 76032/76743 of epoch 0, 13.91 ms/it, NE 0.804734, loss 0.450867
Testing at - 76032/76743 of epoch 0,  NE 0.793639, loss 0.455933, accuracy 78.784 %, best 78.822 %
Finished training it 76288/76743 of epoch 0, 13.39 ms/it, NE 0.804687, loss 0.447914
Testing at - 76288/76743 of epoch 0,  NE 0.793904, loss 0.456085, accuracy 78.745 %, best 78.822 %
Finished training it 76544/76743 of epoch 0, 13.03 ms/it, NE 0.804638, loss 0.449834
Testing at - 76544/76743 of epoch 0,  NE 0.792263, loss 0.455142, accuracy 78.832 %, best 78.832 %
Finished training it 76743/76743 of epoch 0, 12.62 ms/it, NE 0.804598, loss 0.451112
Testing at - 76743/76743 of epoch 0,  NE 0.797752, loss 0.458296, accuracy 78.637 %, best 78.832 %
