NCCL version 2.9.6+cudaCUDA_MAJOR.CUDA_MINOR
Unable to import mlperf_logging,  No module named 'mlperf_logging'
world size: 1, current rank: 0, local rank: 0
Using 2 GPU(s)...
Reading pre-processed data=./input/kaggleAdDisplayChallenge_processed.npz
Sparse fea = 26, Dense fea = 13
Defined train indices...
Randomized indices across days ...
Split data according to indices...
Reading pre-processed data=./input/kaggleAdDisplayChallenge_processed.npz
Sparse fea = 26, Dense fea = 13
Defined test indices...
Randomized indices across days ...
Split data according to indices...
DLRM_Net(
  (bot_l): Sequential(
    (0): Linear(in_features=13, out_features=512, bias=True)
    (1): ReLU()
    (2): Linear(in_features=512, out_features=256, bias=True)
    (3): ReLU()
    (4): Linear(in_features=256, out_features=64, bias=True)
    (5): ReLU()
    (6): Linear(in_features=64, out_features=16, bias=True)
    (7): ReLU()
  )
  (top_l): Sequential(
    (0): Linear(in_features=367, out_features=512, bias=True)
    (1): ReLU()
    (2): Linear(in_features=512, out_features=256, bias=True)
    (3): ReLU()
    (4): Linear(in_features=256, out_features=1, bias=True)
    (5): Sigmoid()
  )
  (loss_fn): BCELoss()
)
Random uniform embeddings init: 0 size: 1461 dim: 16
Random uniform embeddings init: 1 size: 584 dim: 16
Random uniform embeddings init: 2 size: 10131227 dim: 16
Random uniform embeddings init: 3 size: 2202608 dim: 16
Random uniform embeddings init: 4 size: 306 dim: 16
Random uniform embeddings init: 5 size: 24 dim: 16
Random uniform embeddings init: 6 size: 12518 dim: 16
Random uniform embeddings init: 7 size: 634 dim: 16
Random uniform embeddings init: 8 size: 4 dim: 16
Random uniform embeddings init: 9 size: 93146 dim: 16
Random uniform embeddings init: 10 size: 5684 dim: 16
Random uniform embeddings init: 11 size: 8351593 dim: 16
Random uniform embeddings init: 12 size: 3195 dim: 16
Random uniform embeddings init: 13 size: 28 dim: 16
Random uniform embeddings init: 14 size: 14993 dim: 16
Random uniform embeddings init: 15 size: 5461306 dim: 16
Random uniform embeddings init: 16 size: 11 dim: 16
Random uniform embeddings init: 17 size: 5653 dim: 16
Random uniform embeddings init: 18 size: 2173 dim: 16
Random uniform embeddings init: 19 size: 4 dim: 16
Random uniform embeddings init: 20 size: 7046547 dim: 16
Random uniform embeddings init: 21 size: 18 dim: 16
Random uniform embeddings init: 22 size: 16 dim: 16
Random uniform embeddings init: 23 size: 286181 dim: 16
Random uniform embeddings init: 24 size: 105 dim: 16
Random uniform embeddings init: 25 size: 142572 dim: 16
time/loss/accuracy (if enabled):
Finished training it 256/76743 of epoch 0, 35.30 ms/it, NE 0.944807, loss 0.537317
Testing at - 256/76743 of epoch 0,  NE 0.926476, loss 0.532246, accuracy 75.415 %, best 75.415 %
Finished training it 512/76743 of epoch 0, 17.20 ms/it, NE 0.930512, loss 0.521247
Testing at - 512/76743 of epoch 0,  NE 0.900813, loss 0.517503, accuracy 75.712 %, best 75.712 %
Finished training it 768/76743 of epoch 0, 17.81 ms/it, NE 0.923034, loss 0.516178
Testing at - 768/76743 of epoch 0,  NE 0.899531, loss 0.516766, accuracy 75.911 %, best 75.911 %
Finished training it 1024/76743 of epoch 0, 17.63 ms/it, NE 0.916657, loss 0.507108
Testing at - 1024/76743 of epoch 0,  NE 0.889722, loss 0.511131, accuracy 76.287 %, best 76.287 %
Finished training it 1280/76743 of epoch 0, 18.69 ms/it, NE 0.911852, loss 0.507641
Testing at - 1280/76743 of epoch 0,  NE 0.897858, loss 0.515805, accuracy 76.363 %, best 76.363 %
Finished training it 1536/76743 of epoch 0, 22.87 ms/it, NE 0.908060, loss 0.505072
Testing at - 1536/76743 of epoch 0,  NE 0.886411, loss 0.509229, accuracy 76.490 %, best 76.490 %
Finished training it 1792/76743 of epoch 0, 22.64 ms/it, NE 0.904652, loss 0.501185
Testing at - 1792/76743 of epoch 0,  NE 0.874625, loss 0.502458, accuracy 76.766 %, best 76.766 %
Finished training it 2048/76743 of epoch 0, 18.97 ms/it, NE 0.901292, loss 0.499592
Testing at - 2048/76743 of epoch 0,  NE 0.872561, loss 0.501273, accuracy 76.839 %, best 76.839 %
Finished training it 2304/76743 of epoch 0, 20.24 ms/it, NE 0.898492, loss 0.496791
Testing at - 2304/76743 of epoch 0,  NE 0.872459, loss 0.501214, accuracy 76.674 %, best 76.839 %
Finished training it 2560/76743 of epoch 0, 21.71 ms/it, NE 0.895666, loss 0.495133
Testing at - 2560/76743 of epoch 0,  NE 0.872611, loss 0.501301, accuracy 76.657 %, best 76.839 %
Finished training it 2816/76743 of epoch 0, 16.79 ms/it, NE 0.892956, loss 0.492304
Testing at - 2816/76743 of epoch 0,  NE 0.862355, loss 0.495409, accuracy 77.122 %, best 77.122 %
Finished training it 3072/76743 of epoch 0, 18.08 ms/it, NE 0.890276, loss 0.486031
Testing at - 3072/76743 of epoch 0,  NE 0.862332, loss 0.495396, accuracy 76.970 %, best 77.122 %
Finished training it 3328/76743 of epoch 0, 17.30 ms/it, NE 0.888008, loss 0.490732
Testing at - 3328/76743 of epoch 0,  NE 0.869204, loss 0.499344, accuracy 77.045 %, best 77.122 %
Finished training it 3584/76743 of epoch 0, 16.72 ms/it, NE 0.885673, loss 0.486574
Testing at - 3584/76743 of epoch 0,  NE 0.851451, loss 0.489145, accuracy 77.433 %, best 77.433 %
Finished training it 3840/76743 of epoch 0, 17.43 ms/it, NE 0.883535, loss 0.484842
Testing at - 3840/76743 of epoch 0,  NE 0.858610, loss 0.493258, accuracy 77.291 %, best 77.433 %
Finished training it 4096/76743 of epoch 0, 16.84 ms/it, NE 0.881452, loss 0.484601
Testing at - 4096/76743 of epoch 0,  NE 0.848651, loss 0.487536, accuracy 77.394 %, best 77.433 %
Finished training it 4352/76743 of epoch 0, 17.41 ms/it, NE 0.879345, loss 0.481452
Testing at - 4352/76743 of epoch 0,  NE 0.860707, loss 0.494463, accuracy 77.171 %, best 77.433 %
Finished training it 4608/76743 of epoch 0, 22.82 ms/it, NE 0.877691, loss 0.483481
Testing at - 4608/76743 of epoch 0,  NE 0.847835, loss 0.487068, accuracy 77.517 %, best 77.517 %
Finished training it 4864/76743 of epoch 0, 23.81 ms/it, NE 0.875950, loss 0.481264
Testing at - 4864/76743 of epoch 0,  NE 0.851881, loss 0.489392, accuracy 77.566 %, best 77.566 %
Finished training it 5120/76743 of epoch 0, 20.12 ms/it, NE 0.874491, loss 0.480692
Testing at - 5120/76743 of epoch 0,  NE 0.871895, loss 0.500890, accuracy 76.709 %, best 77.566 %
Finished training it 5376/76743 of epoch 0, 19.36 ms/it, NE 0.873075, loss 0.480005
Testing at - 5376/76743 of epoch 0,  NE 0.843635, loss 0.484655, accuracy 77.754 %, best 77.754 %
Finished training it 5632/76743 of epoch 0, 20.57 ms/it, NE 0.871698, loss 0.478420
Testing at - 5632/76743 of epoch 0,  NE 0.842393, loss 0.483941, accuracy 77.563 %, best 77.754 %
Finished training it 5888/76743 of epoch 0, 17.91 ms/it, NE 0.870417, loss 0.480943
Testing at - 5888/76743 of epoch 0,  NE 0.837621, loss 0.481200, accuracy 77.788 %, best 77.788 %
Finished training it 6144/76743 of epoch 0, 21.05 ms/it, NE 0.869159, loss 0.476048
Testing at - 6144/76743 of epoch 0,  NE 0.835750, loss 0.480125, accuracy 77.837 %, best 77.837 %
Finished training it 6400/76743 of epoch 0, 17.93 ms/it, NE 0.867824, loss 0.474677
Testing at - 6400/76743 of epoch 0,  NE 0.835286, loss 0.479859, accuracy 77.885 %, best 77.885 %
Finished training it 6656/76743 of epoch 0, 18.37 ms/it, NE 0.866626, loss 0.475148
Testing at - 6656/76743 of epoch 0,  NE 0.837398, loss 0.481072, accuracy 77.776 %, best 77.885 %
Finished training it 6912/76743 of epoch 0, 17.94 ms/it, NE 0.865435, loss 0.473384
Testing at - 6912/76743 of epoch 0,  NE 0.835306, loss 0.479870, accuracy 77.882 %, best 77.885 %
Finished training it 7168/76743 of epoch 0, 18.96 ms/it, NE 0.864466, loss 0.474972
Testing at - 7168/76743 of epoch 0,  NE 0.837249, loss 0.480986, accuracy 77.908 %, best 77.908 %
Finished training it 7424/76743 of epoch 0, 28.96 ms/it, NE 0.863627, loss 0.476608
Testing at - 7424/76743 of epoch 0,  NE 0.836192, loss 0.480379, accuracy 77.912 %, best 77.912 %
Finished training it 7680/76743 of epoch 0, 20.02 ms/it, NE 0.862719, loss 0.475156
Testing at - 7680/76743 of epoch 0,  NE 0.833828, loss 0.479021, accuracy 78.006 %, best 78.006 %
Finished training it 7936/76743 of epoch 0, 30.29 ms/it, NE 0.861829, loss 0.475372
Testing at - 7936/76743 of epoch 0,  NE 0.842876, loss 0.484219, accuracy 77.650 %, best 78.006 %
Finished training it 8192/76743 of epoch 0, 34.85 ms/it, NE 0.860903, loss 0.474524
Testing at - 8192/76743 of epoch 0,  NE 0.831089, loss 0.477447, accuracy 77.995 %, best 78.006 %
Finished training it 8448/76743 of epoch 0, 22.82 ms/it, NE 0.859944, loss 0.471929
Testing at - 8448/76743 of epoch 0,  NE 0.828508, loss 0.475965, accuracy 78.040 %, best 78.040 %
Finished training it 8704/76743 of epoch 0, 20.65 ms/it, NE 0.859025, loss 0.471286
Testing at - 8704/76743 of epoch 0,  NE 0.832150, loss 0.478057, accuracy 77.909 %, best 78.040 %
Finished training it 8960/76743 of epoch 0, 20.78 ms/it, NE 0.858355, loss 0.475635
Testing at - 8960/76743 of epoch 0,  NE 0.834973, loss 0.479679, accuracy 78.023 %, best 78.040 %
Finished training it 9216/76743 of epoch 0, 18.33 ms/it, NE 0.857575, loss 0.472047
Testing at - 9216/76743 of epoch 0,  NE 0.831405, loss 0.477629, accuracy 78.015 %, best 78.040 %
Finished training it 9472/76743 of epoch 0, 17.58 ms/it, NE 0.856821, loss 0.470211
Testing at - 9472/76743 of epoch 0,  NE 0.832010, loss 0.477976, accuracy 78.004 %, best 78.040 %
Finished training it 9728/76743 of epoch 0, 16.96 ms/it, NE 0.856178, loss 0.473580
Testing at - 9728/76743 of epoch 0,  NE 0.829153, loss 0.476335, accuracy 78.002 %, best 78.040 %
Finished training it 9984/76743 of epoch 0, 17.30 ms/it, NE 0.855519, loss 0.472086
Testing at - 9984/76743 of epoch 0,  NE 0.828807, loss 0.476137, accuracy 78.075 %, best 78.075 %
Finished training it 10240/76743 of epoch 0, 20.34 ms/it, NE 0.854838, loss 0.471851
Testing at - 10240/76743 of epoch 0,  NE 0.827633, loss 0.475462, accuracy 78.140 %, best 78.140 %
Finished training it 10496/76743 of epoch 0, 83.85 ms/it, NE 0.854187, loss 0.470613
Testing at - 10496/76743 of epoch 0,  NE 0.828694, loss 0.476071, accuracy 78.101 %, best 78.140 %
Finished training it 10752/76743 of epoch 0, 21.81 ms/it, NE 0.853627, loss 0.470874
Testing at - 10752/76743 of epoch 0,  NE 0.828806, loss 0.476136, accuracy 78.110 %, best 78.140 %
Finished training it 11008/76743 of epoch 0, 19.63 ms/it, NE 0.853056, loss 0.470955
Testing at - 11008/76743 of epoch 0,  NE 0.833538, loss 0.478855, accuracy 77.904 %, best 78.140 %
Finished training it 11264/76743 of epoch 0, 22.50 ms/it, NE 0.852520, loss 0.471652
Testing at - 11264/76743 of epoch 0,  NE 0.827978, loss 0.475660, accuracy 78.168 %, best 78.168 %
Finished training it 11520/76743 of epoch 0, 39.54 ms/it, NE 0.851934, loss 0.470528
Testing at - 11520/76743 of epoch 0,  NE 0.829189, loss 0.476356, accuracy 78.050 %, best 78.168 %
Finished training it 11776/76743 of epoch 0, 17.71 ms/it, NE 0.851464, loss 0.472643
Testing at - 11776/76743 of epoch 0,  NE 0.830377, loss 0.477038, accuracy 78.007 %, best 78.168 %
Finished training it 12032/76743 of epoch 0, 47.92 ms/it, NE 0.851029, loss 0.471728
Testing at - 12032/76743 of epoch 0,  NE 0.829824, loss 0.476721, accuracy 77.968 %, best 78.168 %
Finished training it 12288/76743 of epoch 0, 16.27 ms/it, NE 0.850514, loss 0.467824
Testing at - 12288/76743 of epoch 0,  NE 0.824657, loss 0.473752, accuracy 78.179 %, best 78.179 %
Finished training it 12544/76743 of epoch 0, 61.75 ms/it, NE 0.849975, loss 0.468982
Testing at - 12544/76743 of epoch 0,  NE 0.826040, loss 0.474547, accuracy 78.204 %, best 78.204 %
Finished training it 12800/76743 of epoch 0, 93.67 ms/it, NE 0.849511, loss 0.471241
Testing at - 12800/76743 of epoch 0,  NE 0.825018, loss 0.473960, accuracy 78.241 %, best 78.241 %
Finished training it 13056/76743 of epoch 0, 17.43 ms/it, NE 0.849036, loss 0.471280
Testing at - 13056/76743 of epoch 0,  NE 0.825969, loss 0.474506, accuracy 78.174 %, best 78.241 %
Finished training it 13312/76743 of epoch 0, 18.51 ms/it, NE 0.848595, loss 0.470213
Testing at - 13312/76743 of epoch 0,  NE 0.826924, loss 0.475055, accuracy 78.118 %, best 78.241 %
Finished training it 13568/76743 of epoch 0, 31.25 ms/it, NE 0.848157, loss 0.469792
Testing at - 13568/76743 of epoch 0,  NE 0.826740, loss 0.474949, accuracy 78.175 %, best 78.241 %
Finished training it 13824/76743 of epoch 0, 40.03 ms/it, NE 0.847717, loss 0.469541
Testing at - 13824/76743 of epoch 0,  NE 0.830156, loss 0.476912, accuracy 78.086 %, best 78.241 %
Finished training it 14080/76743 of epoch 0, 21.39 ms/it, NE 0.847331, loss 0.468315
Testing at - 14080/76743 of epoch 0,  NE 0.825887, loss 0.474459, accuracy 78.145 %, best 78.241 %
Finished training it 14336/76743 of epoch 0, 19.37 ms/it, NE 0.846907, loss 0.466439
Testing at - 14336/76743 of epoch 0,  NE 0.822836, loss 0.472706, accuracy 78.216 %, best 78.241 %
Finished training it 14592/76743 of epoch 0, 22.57 ms/it, NE 0.846448, loss 0.466502
Testing at - 14592/76743 of epoch 0,  NE 0.822572, loss 0.472555, accuracy 78.264 %, best 78.264 %
Finished training it 14848/76743 of epoch 0, 22.94 ms/it, NE 0.846039, loss 0.468097
Testing at - 14848/76743 of epoch 0,  NE 0.822549, loss 0.472541, accuracy 78.279 %, best 78.279 %
Finished training it 15104/76743 of epoch 0, 19.43 ms/it, NE 0.845668, loss 0.467594
Testing at - 15104/76743 of epoch 0,  NE 0.830092, loss 0.476875, accuracy 78.041 %, best 78.279 %
Finished training it 15360/76743 of epoch 0, 18.86 ms/it, NE 0.845297, loss 0.470182
Testing at - 15360/76743 of epoch 0,  NE 0.821997, loss 0.472224, accuracy 78.276 %, best 78.279 %
Finished training it 15616/76743 of epoch 0, 17.73 ms/it, NE 0.844976, loss 0.468829
Testing at - 15616/76743 of epoch 0,  NE 0.824052, loss 0.473405, accuracy 78.232 %, best 78.279 %
Finished training it 15872/76743 of epoch 0, 18.84 ms/it, NE 0.844590, loss 0.467512
Testing at - 15872/76743 of epoch 0,  NE 0.821474, loss 0.471924, accuracy 78.305 %, best 78.305 %
Finished training it 16128/76743 of epoch 0, 19.31 ms/it, NE 0.844273, loss 0.469914
Testing at - 16128/76743 of epoch 0,  NE 0.826393, loss 0.474749, accuracy 78.172 %, best 78.305 %
Finished training it 16384/76743 of epoch 0, 20.43 ms/it, NE 0.843986, loss 0.470683
Testing at - 16384/76743 of epoch 0,  NE 0.821167, loss 0.471747, accuracy 78.272 %, best 78.305 %
Finished training it 16640/76743 of epoch 0, 18.76 ms/it, NE 0.843665, loss 0.466912
Testing at - 16640/76743 of epoch 0,  NE 0.821843, loss 0.472136, accuracy 78.315 %, best 78.315 %
Finished training it 16896/76743 of epoch 0, 19.72 ms/it, NE 0.843303, loss 0.466345
Testing at - 16896/76743 of epoch 0,  NE 0.819722, loss 0.470917, accuracy 78.316 %, best 78.316 %
Finished training it 17152/76743 of epoch 0, 19.62 ms/it, NE 0.842956, loss 0.467122
Testing at - 17152/76743 of epoch 0,  NE 0.828367, loss 0.475884, accuracy 78.028 %, best 78.316 %
Finished training it 17408/76743 of epoch 0, 19.21 ms/it, NE 0.842637, loss 0.467047
Testing at - 17408/76743 of epoch 0,  NE 0.819925, loss 0.471034, accuracy 78.347 %, best 78.347 %
Finished training it 17664/76743 of epoch 0, 17.94 ms/it, NE 0.842323, loss 0.466059
Testing at - 17664/76743 of epoch 0,  NE 0.820533, loss 0.471383, accuracy 78.340 %, best 78.347 %
Finished training it 17920/76743 of epoch 0, 19.89 ms/it, NE 0.842076, loss 0.468531
Testing at - 17920/76743 of epoch 0,  NE 0.822756, loss 0.472660, accuracy 78.339 %, best 78.347 %
Finished training it 18176/76743 of epoch 0, 20.09 ms/it, NE 0.841754, loss 0.464801
Testing at - 18176/76743 of epoch 0,  NE 0.821280, loss 0.471812, accuracy 78.238 %, best 78.347 %
Finished training it 18432/76743 of epoch 0, 18.21 ms/it, NE 0.841457, loss 0.466596
Testing at - 18432/76743 of epoch 0,  NE 0.825928, loss 0.474483, accuracy 78.029 %, best 78.347 %
Finished training it 18688/76743 of epoch 0, 19.94 ms/it, NE 0.841158, loss 0.466001
Testing at - 18688/76743 of epoch 0,  NE 0.823745, loss 0.473228, accuracy 78.184 %, best 78.347 %
Finished training it 18944/76743 of epoch 0, 19.28 ms/it, NE 0.840863, loss 0.465810
Testing at - 18944/76743 of epoch 0,  NE 0.822662, loss 0.472607, accuracy 78.237 %, best 78.347 %
Finished training it 19200/76743 of epoch 0, 18.10 ms/it, NE 0.840596, loss 0.465924
Testing at - 19200/76743 of epoch 0,  NE 0.830160, loss 0.476914, accuracy 78.095 %, best 78.347 %
Finished training it 19456/76743 of epoch 0, 23.71 ms/it, NE 0.840351, loss 0.466075
Testing at - 19456/76743 of epoch 0,  NE 0.820633, loss 0.471441, accuracy 78.364 %, best 78.364 %
Finished training it 19712/76743 of epoch 0, 25.11 ms/it, NE 0.840089, loss 0.466040
Testing at - 19712/76743 of epoch 0,  NE 0.820876, loss 0.471580, accuracy 78.313 %, best 78.364 %
Finished training it 19968/76743 of epoch 0, 20.33 ms/it, NE 0.839810, loss 0.464835
Testing at - 19968/76743 of epoch 0,  NE 0.822276, loss 0.472385, accuracy 78.246 %, best 78.364 %
Finished training it 20224/76743 of epoch 0, 21.48 ms/it, NE 0.839538, loss 0.465410
Testing at - 20224/76743 of epoch 0,  NE 0.818801, loss 0.470388, accuracy 78.381 %, best 78.381 %
Finished training it 20480/76743 of epoch 0, 19.57 ms/it, NE 0.839300, loss 0.466545
Testing at - 20480/76743 of epoch 0,  NE 0.818233, loss 0.470062, accuracy 78.426 %, best 78.426 %
Finished training it 20736/76743 of epoch 0, 19.92 ms/it, NE 0.839073, loss 0.464835
Testing at - 20736/76743 of epoch 0,  NE 0.820084, loss 0.471125, accuracy 78.315 %, best 78.426 %
Finished training it 20992/76743 of epoch 0, 17.46 ms/it, NE 0.838815, loss 0.463595
Testing at - 20992/76743 of epoch 0,  NE 0.815283, loss 0.468367, accuracy 78.422 %, best 78.426 %
Finished training it 21248/76743 of epoch 0, 17.59 ms/it, NE 0.838543, loss 0.464402
Testing at - 21248/76743 of epoch 0,  NE 0.818609, loss 0.470278, accuracy 78.382 %, best 78.426 %
Finished training it 21504/76743 of epoch 0, 16.84 ms/it, NE 0.838319, loss 0.466542
Testing at - 21504/76743 of epoch 0,  NE 0.820963, loss 0.471630, accuracy 78.280 %, best 78.426 %
Finished training it 21760/76743 of epoch 0, 17.66 ms/it, NE 0.838066, loss 0.465048
Testing at - 21760/76743 of epoch 0,  NE 0.819535, loss 0.470810, accuracy 78.372 %, best 78.426 %
Finished training it 22016/76743 of epoch 0, 16.95 ms/it, NE 0.837828, loss 0.463393
Testing at - 22016/76743 of epoch 0,  NE 0.815359, loss 0.468411, accuracy 78.430 %, best 78.430 %
Finished training it 22272/76743 of epoch 0, 18.24 ms/it, NE 0.837559, loss 0.464733
Testing at - 22272/76743 of epoch 0,  NE 0.817639, loss 0.469721, accuracy 78.383 %, best 78.430 %
Finished training it 22528/76743 of epoch 0, 22.11 ms/it, NE 0.837329, loss 0.463981
Testing at - 22528/76743 of epoch 0,  NE 0.819317, loss 0.470685, accuracy 78.355 %, best 78.430 %
Finished training it 22784/76743 of epoch 0, 19.70 ms/it, NE 0.837106, loss 0.464167
Testing at - 22784/76743 of epoch 0,  NE 0.819711, loss 0.470911, accuracy 78.274 %, best 78.430 %
Finished training it 23040/76743 of epoch 0, 20.90 ms/it, NE 0.836891, loss 0.466164
Testing at - 23040/76743 of epoch 0,  NE 0.818525, loss 0.470230, accuracy 78.453 %, best 78.453 %
Finished training it 23296/76743 of epoch 0, 21.82 ms/it, NE 0.836689, loss 0.465971
Testing at - 23296/76743 of epoch 0,  NE 0.817069, loss 0.469393, accuracy 78.376 %, best 78.453 %
Finished training it 23552/76743 of epoch 0, 19.96 ms/it, NE 0.836484, loss 0.464234
Testing at - 23552/76743 of epoch 0,  NE 0.816183, loss 0.468884, accuracy 78.451 %, best 78.453 %
Finished training it 23808/76743 of epoch 0, 18.53 ms/it, NE 0.836245, loss 0.462640
Testing at - 23808/76743 of epoch 0,  NE 0.819189, loss 0.470611, accuracy 78.364 %, best 78.453 %
Finished training it 24064/76743 of epoch 0, 18.24 ms/it, NE 0.836001, loss 0.463250
Testing at - 24064/76743 of epoch 0,  NE 0.821054, loss 0.471682, accuracy 78.273 %, best 78.453 %
Finished training it 24320/76743 of epoch 0, 18.87 ms/it, NE 0.835781, loss 0.462538
Testing at - 24320/76743 of epoch 0,  NE 0.816717, loss 0.469191, accuracy 78.404 %, best 78.453 %
Finished training it 24576/76743 of epoch 0, 18.55 ms/it, NE 0.835567, loss 0.462333
Testing at - 24576/76743 of epoch 0,  NE 0.815559, loss 0.468526, accuracy 78.452 %, best 78.453 %
Finished training it 24832/76743 of epoch 0, 19.09 ms/it, NE 0.835380, loss 0.464129
Testing at - 24832/76743 of epoch 0,  NE 0.819392, loss 0.470728, accuracy 78.338 %, best 78.453 %
Finished training it 25088/76743 of epoch 0, 18.18 ms/it, NE 0.835175, loss 0.464037
Testing at - 25088/76743 of epoch 0,  NE 0.814121, loss 0.467699, accuracy 78.483 %, best 78.483 %
Finished training it 25344/76743 of epoch 0, 17.67 ms/it, NE 0.834941, loss 0.463500
Testing at - 25344/76743 of epoch 0,  NE 0.816521, loss 0.469078, accuracy 78.467 %, best 78.483 %
Finished training it 25600/76743 of epoch 0, 20.20 ms/it, NE 0.834744, loss 0.464327
Testing at - 25600/76743 of epoch 0,  NE 0.816384, loss 0.469000, accuracy 78.440 %, best 78.483 %
Finished training it 25856/76743 of epoch 0, 19.43 ms/it, NE 0.834568, loss 0.464453
Testing at - 25856/76743 of epoch 0,  NE 0.818347, loss 0.470127, accuracy 78.399 %, best 78.483 %
Finished training it 26112/76743 of epoch 0, 18.66 ms/it, NE 0.834404, loss 0.464855
Testing at - 26112/76743 of epoch 0,  NE 0.820472, loss 0.471348, accuracy 78.313 %, best 78.483 %
Finished training it 26368/76743 of epoch 0, 22.26 ms/it, NE 0.834267, loss 0.464353
Testing at - 26368/76743 of epoch 0,  NE 0.815312, loss 0.468384, accuracy 78.505 %, best 78.505 %
Finished training it 26624/76743 of epoch 0, 18.20 ms/it, NE 0.834089, loss 0.462485
Testing at - 26624/76743 of epoch 0,  NE 0.821591, loss 0.471991, accuracy 78.284 %, best 78.505 %
Finished training it 26880/76743 of epoch 0, 19.08 ms/it, NE 0.833897, loss 0.462557
Testing at - 26880/76743 of epoch 0,  NE 0.816745, loss 0.469207, accuracy 78.414 %, best 78.505 %
Finished training it 27136/76743 of epoch 0, 17.51 ms/it, NE 0.833684, loss 0.462512
Testing at - 27136/76743 of epoch 0,  NE 0.813799, loss 0.467515, accuracy 78.489 %, best 78.505 %
Finished training it 27392/76743 of epoch 0, 17.85 ms/it, NE 0.833487, loss 0.462636
Testing at - 27392/76743 of epoch 0,  NE 0.815009, loss 0.468210, accuracy 78.457 %, best 78.505 %
Finished training it 27648/76743 of epoch 0, 18.27 ms/it, NE 0.833331, loss 0.463435
Testing at - 27648/76743 of epoch 0,  NE 0.813540, loss 0.467366, accuracy 78.530 %, best 78.530 %
Finished training it 27904/76743 of epoch 0, 20.09 ms/it, NE 0.833190, loss 0.465844
Testing at - 27904/76743 of epoch 0,  NE 0.815781, loss 0.468653, accuracy 78.463 %, best 78.530 %
Finished training it 28160/76743 of epoch 0, 18.48 ms/it, NE 0.833040, loss 0.464612
Testing at - 28160/76743 of epoch 0,  NE 0.816783, loss 0.469229, accuracy 78.435 %, best 78.530 %
Finished training it 28416/76743 of epoch 0, 18.46 ms/it, NE 0.832878, loss 0.464303
Testing at - 28416/76743 of epoch 0,  NE 0.815311, loss 0.468383, accuracy 78.464 %, best 78.530 %
Finished training it 28672/76743 of epoch 0, 17.49 ms/it, NE 0.832725, loss 0.462493
Testing at - 28672/76743 of epoch 0,  NE 0.818890, loss 0.470439, accuracy 78.343 %, best 78.530 %
Finished training it 28928/76743 of epoch 0, 18.08 ms/it, NE 0.832532, loss 0.461706
Testing at - 28928/76743 of epoch 0,  NE 0.817073, loss 0.469396, accuracy 78.455 %, best 78.530 %
Finished training it 29184/76743 of epoch 0, 17.77 ms/it, NE 0.832406, loss 0.464046
Testing at - 29184/76743 of epoch 0,  NE 0.815388, loss 0.468428, accuracy 78.544 %, best 78.544 %
Finished training it 29440/76743 of epoch 0, 17.40 ms/it, NE 0.832218, loss 0.461312
Testing at - 29440/76743 of epoch 0,  NE 0.813420, loss 0.467297, accuracy 78.501 %, best 78.544 %
Finished training it 29696/76743 of epoch 0, 17.93 ms/it, NE 0.832058, loss 0.463415
Testing at - 29696/76743 of epoch 0,  NE 0.819125, loss 0.470574, accuracy 78.258 %, best 78.544 %
Finished training it 29952/76743 of epoch 0, 17.24 ms/it, NE 0.831895, loss 0.465329
Testing at - 29952/76743 of epoch 0,  NE 0.820086, loss 0.471126, accuracy 78.274 %, best 78.544 %
Finished training it 30208/76743 of epoch 0, 16.63 ms/it, NE 0.831722, loss 0.459423
Testing at - 30208/76743 of epoch 0,  NE 0.812309, loss 0.466659, accuracy 78.532 %, best 78.544 %
Finished training it 30464/76743 of epoch 0, 17.01 ms/it, NE 0.831558, loss 0.461850
Testing at - 30464/76743 of epoch 0,  NE 0.815759, loss 0.468641, accuracy 78.475 %, best 78.544 %
Finished training it 30720/76743 of epoch 0, 19.65 ms/it, NE 0.831399, loss 0.462815
Testing at - 30720/76743 of epoch 0,  NE 0.813782, loss 0.467505, accuracy 78.499 %, best 78.544 %
Finished training it 30976/76743 of epoch 0, 19.52 ms/it, NE 0.831270, loss 0.465103
Testing at - 30976/76743 of epoch 0,  NE 0.813853, loss 0.467546, accuracy 78.519 %, best 78.544 %
Finished training it 31232/76743 of epoch 0, 18.67 ms/it, NE 0.831124, loss 0.461853
Testing at - 31232/76743 of epoch 0,  NE 0.812635, loss 0.466846, accuracy 78.508 %, best 78.544 %
Finished training it 31488/76743 of epoch 0, 18.15 ms/it, NE 0.830965, loss 0.463225
Testing at - 31488/76743 of epoch 0,  NE 0.813328, loss 0.467244, accuracy 78.492 %, best 78.544 %
Finished training it 31744/76743 of epoch 0, 19.44 ms/it, NE 0.830846, loss 0.464878
Testing at - 31744/76743 of epoch 0,  NE 0.813361, loss 0.467263, accuracy 78.495 %, best 78.544 %
Finished training it 32000/76743 of epoch 0, 17.87 ms/it, NE 0.830701, loss 0.461216
Testing at - 32000/76743 of epoch 0,  NE 0.811940, loss 0.466446, accuracy 78.551 %, best 78.551 %
Finished training it 32256/76743 of epoch 0, 17.76 ms/it, NE 0.830561, loss 0.462366
Testing at - 32256/76743 of epoch 0,  NE 0.813151, loss 0.467142, accuracy 78.475 %, best 78.551 %
Finished training it 32512/76743 of epoch 0, 20.54 ms/it, NE 0.830434, loss 0.464461
Testing at - 32512/76743 of epoch 0,  NE 0.813727, loss 0.467473, accuracy 78.529 %, best 78.551 %
Finished training it 32768/76743 of epoch 0, 17.40 ms/it, NE 0.830319, loss 0.463630
Testing at - 32768/76743 of epoch 0,  NE 0.814577, loss 0.467962, accuracy 78.537 %, best 78.551 %
Finished training it 33024/76743 of epoch 0, 18.02 ms/it, NE 0.830181, loss 0.463118
Testing at - 33024/76743 of epoch 0,  NE 0.814279, loss 0.467790, accuracy 78.519 %, best 78.551 %
Finished training it 33280/76743 of epoch 0, 16.84 ms/it, NE 0.830037, loss 0.461188
Testing at - 33280/76743 of epoch 0,  NE 0.814899, loss 0.468146, accuracy 78.502 %, best 78.551 %
Finished training it 33536/76743 of epoch 0, 17.10 ms/it, NE 0.829885, loss 0.461465
Testing at - 33536/76743 of epoch 0,  NE 0.813812, loss 0.467522, accuracy 78.558 %, best 78.558 %
Finished training it 33792/76743 of epoch 0, 18.35 ms/it, NE 0.829745, loss 0.459781
Testing at - 33792/76743 of epoch 0,  NE 0.810477, loss 0.465606, accuracy 78.604 %, best 78.604 %
Finished training it 34048/76743 of epoch 0, 17.61 ms/it, NE 0.829620, loss 0.462102
Testing at - 34048/76743 of epoch 0,  NE 0.813718, loss 0.467468, accuracy 78.524 %, best 78.604 %
Finished training it 34304/76743 of epoch 0, 17.21 ms/it, NE 0.829490, loss 0.461999
Testing at - 34304/76743 of epoch 0,  NE 0.813195, loss 0.467168, accuracy 78.563 %, best 78.604 %
Finished training it 34560/76743 of epoch 0, 18.04 ms/it, NE 0.829362, loss 0.463344
Testing at - 34560/76743 of epoch 0,  NE 0.811221, loss 0.466034, accuracy 78.584 %, best 78.604 %
Finished training it 34816/76743 of epoch 0, 19.22 ms/it, NE 0.829243, loss 0.462014
Testing at - 34816/76743 of epoch 0,  NE 0.815504, loss 0.468494, accuracy 78.451 %, best 78.604 %
Finished training it 35072/76743 of epoch 0, 17.94 ms/it, NE 0.829076, loss 0.458762
Testing at - 35072/76743 of epoch 0,  NE 0.813740, loss 0.467480, accuracy 78.499 %, best 78.604 %
Finished training it 35328/76743 of epoch 0, 18.16 ms/it, NE 0.828965, loss 0.461556
Testing at - 35328/76743 of epoch 0,  NE 0.811636, loss 0.466272, accuracy 78.559 %, best 78.604 %
Finished training it 35584/76743 of epoch 0, 19.50 ms/it, NE 0.828823, loss 0.458833
Testing at - 35584/76743 of epoch 0,  NE 0.811563, loss 0.466230, accuracy 78.562 %, best 78.604 %
Finished training it 35840/76743 of epoch 0, 19.05 ms/it, NE 0.828702, loss 0.460327
Testing at - 35840/76743 of epoch 0,  NE 0.831145, loss 0.477479, accuracy 77.704 %, best 78.604 %
Finished training it 36096/76743 of epoch 0, 19.36 ms/it, NE 0.828591, loss 0.461207
Testing at - 36096/76743 of epoch 0,  NE 0.811254, loss 0.466053, accuracy 78.585 %, best 78.604 %
Finished training it 36352/76743 of epoch 0, 18.30 ms/it, NE 0.828465, loss 0.463648
Testing at - 36352/76743 of epoch 0,  NE 0.816456, loss 0.469041, accuracy 78.474 %, best 78.604 %
Finished training it 36608/76743 of epoch 0, 17.18 ms/it, NE 0.828334, loss 0.459758
Testing at - 36608/76743 of epoch 0,  NE 0.810330, loss 0.465521, accuracy 78.589 %, best 78.604 %
Finished training it 36864/76743 of epoch 0, 17.90 ms/it, NE 0.828208, loss 0.459593
Testing at - 36864/76743 of epoch 0,  NE 0.815899, loss 0.468721, accuracy 78.398 %, best 78.604 %
Finished training it 37120/76743 of epoch 0, 16.83 ms/it, NE 0.828063, loss 0.458765
Testing at - 37120/76743 of epoch 0,  NE 0.810617, loss 0.465686, accuracy 78.569 %, best 78.604 %
Finished training it 37376/76743 of epoch 0, 17.22 ms/it, NE 0.827924, loss 0.459092
Testing at - 37376/76743 of epoch 0,  NE 0.815362, loss 0.468413, accuracy 78.445 %, best 78.604 %
Finished training it 37632/76743 of epoch 0, 17.38 ms/it, NE 0.827826, loss 0.461093
Testing at - 37632/76743 of epoch 0,  NE 0.809683, loss 0.465150, accuracy 78.594 %, best 78.604 %
Finished training it 37888/76743 of epoch 0, 17.27 ms/it, NE 0.827680, loss 0.457304
Testing at - 37888/76743 of epoch 0,  NE 0.821410, loss 0.471887, accuracy 78.177 %, best 78.604 %
Finished training it 38144/76743 of epoch 0, 16.88 ms/it, NE 0.827550, loss 0.458269
Testing at - 38144/76743 of epoch 0,  NE 0.810327, loss 0.465520, accuracy 78.586 %, best 78.604 %
Finished training it 38400/76743 of epoch 0, 17.23 ms/it, NE 0.827437, loss 0.461116
Testing at - 38400/76743 of epoch 0,  NE 0.810526, loss 0.465634, accuracy 78.533 %, best 78.604 %
Finished training it 38656/76743 of epoch 0, 18.76 ms/it, NE 0.827313, loss 0.459484
Testing at - 38656/76743 of epoch 0,  NE 0.811484, loss 0.466185, accuracy 78.588 %, best 78.604 %
Finished training it 38912/76743 of epoch 0, 18.69 ms/it, NE 0.827204, loss 0.460111
Testing at - 38912/76743 of epoch 0,  NE 0.810150, loss 0.465418, accuracy 78.572 %, best 78.604 %
Finished training it 39168/76743 of epoch 0, 18.37 ms/it, NE 0.827083, loss 0.459497
Testing at - 39168/76743 of epoch 0,  NE 0.809866, loss 0.465255, accuracy 78.587 %, best 78.604 %
Finished training it 39424/76743 of epoch 0, 18.55 ms/it, NE 0.826962, loss 0.457610
Testing at - 39424/76743 of epoch 0,  NE 0.809770, loss 0.465200, accuracy 78.617 %, best 78.617 %
Finished training it 39680/76743 of epoch 0, 17.97 ms/it, NE 0.826838, loss 0.460452
Testing at - 39680/76743 of epoch 0,  NE 0.810586, loss 0.465668, accuracy 78.578 %, best 78.617 %
Finished training it 39936/76743 of epoch 0, 17.89 ms/it, NE 0.826731, loss 0.460412
Testing at - 39936/76743 of epoch 0,  NE 0.817759, loss 0.469789, accuracy 78.438 %, best 78.617 %
Finished training it 40192/76743 of epoch 0, 20.18 ms/it, NE 0.826637, loss 0.461051
Testing at - 40192/76743 of epoch 0,  NE 0.810486, loss 0.465611, accuracy 78.632 %, best 78.632 %
Finished training it 40448/76743 of epoch 0, 19.69 ms/it, NE 0.826553, loss 0.462255
Testing at - 40448/76743 of epoch 0,  NE 0.811369, loss 0.466118, accuracy 78.573 %, best 78.632 %
Finished training it 40704/76743 of epoch 0, 17.09 ms/it, NE 0.826470, loss 0.462012
Testing at - 40704/76743 of epoch 0,  NE 0.815612, loss 0.468556, accuracy 78.410 %, best 78.632 %
Finished training it 40960/76743 of epoch 0, 18.32 ms/it, NE 0.826374, loss 0.462074
Testing at - 40960/76743 of epoch 0,  NE 0.814406, loss 0.467864, accuracy 78.493 %, best 78.632 %
Finished training it 41216/76743 of epoch 0, 18.18 ms/it, NE 0.826291, loss 0.460838
Testing at - 41216/76743 of epoch 0,  NE 0.810857, loss 0.465824, accuracy 78.579 %, best 78.632 %
Finished training it 41472/76743 of epoch 0, 19.76 ms/it, NE 0.826201, loss 0.461298
Testing at - 41472/76743 of epoch 0,  NE 0.811706, loss 0.466312, accuracy 78.594 %, best 78.632 %
Finished training it 41728/76743 of epoch 0, 21.09 ms/it, NE 0.826113, loss 0.462739
Testing at - 41728/76743 of epoch 0,  NE 0.814233, loss 0.467764, accuracy 78.437 %, best 78.632 %
Finished training it 41984/76743 of epoch 0, 19.05 ms/it, NE 0.826033, loss 0.462214
Testing at - 41984/76743 of epoch 0,  NE 0.810340, loss 0.465528, accuracy 78.637 %, best 78.637 %
Finished training it 42240/76743 of epoch 0, 20.06 ms/it, NE 0.825930, loss 0.459158
Testing at - 42240/76743 of epoch 0,  NE 0.809344, loss 0.464955, accuracy 78.633 %, best 78.637 %
Finished training it 42496/76743 of epoch 0, 17.82 ms/it, NE 0.825833, loss 0.460745
Testing at - 42496/76743 of epoch 0,  NE 0.812601, loss 0.466826, accuracy 78.491 %, best 78.637 %
Finished training it 42752/76743 of epoch 0, 16.88 ms/it, NE 0.825717, loss 0.456981
Testing at - 42752/76743 of epoch 0,  NE 0.816592, loss 0.469119, accuracy 78.364 %, best 78.637 %
Finished training it 43008/76743 of epoch 0, 16.40 ms/it, NE 0.825623, loss 0.459047
Testing at - 43008/76743 of epoch 0,  NE 0.810018, loss 0.465343, accuracy 78.612 %, best 78.637 %
Finished training it 43264/76743 of epoch 0, 17.79 ms/it, NE 0.825534, loss 0.461666
Testing at - 43264/76743 of epoch 0,  NE 0.809632, loss 0.465121, accuracy 78.633 %, best 78.637 %
Finished training it 43520/76743 of epoch 0, 18.13 ms/it, NE 0.825429, loss 0.459340
Testing at - 43520/76743 of epoch 0,  NE 0.809374, loss 0.464972, accuracy 78.631 %, best 78.637 %
Finished training it 43776/76743 of epoch 0, 16.80 ms/it, NE 0.825330, loss 0.459594
Testing at - 43776/76743 of epoch 0,  NE 0.811833, loss 0.466385, accuracy 78.567 %, best 78.637 %
Finished training it 44032/76743 of epoch 0, 16.81 ms/it, NE 0.825235, loss 0.459282
Testing at - 44032/76743 of epoch 0,  NE 0.809336, loss 0.464951, accuracy 78.633 %, best 78.637 %
Finished training it 44288/76743 of epoch 0, 17.33 ms/it, NE 0.825115, loss 0.456650
Testing at - 44288/76743 of epoch 0,  NE 0.811069, loss 0.465946, accuracy 78.593 %, best 78.637 %
Finished training it 44544/76743 of epoch 0, 17.64 ms/it, NE 0.825017, loss 0.458637
Testing at - 44544/76743 of epoch 0,  NE 0.811726, loss 0.466324, accuracy 78.501 %, best 78.637 %
Finished training it 44800/76743 of epoch 0, 19.37 ms/it, NE 0.824918, loss 0.458941
Testing at - 44800/76743 of epoch 0,  NE 0.811281, loss 0.466068, accuracy 78.581 %, best 78.637 %
Finished training it 45056/76743 of epoch 0, 17.34 ms/it, NE 0.824831, loss 0.460044
Testing at - 45056/76743 of epoch 0,  NE 0.809924, loss 0.465289, accuracy 78.592 %, best 78.637 %
Finished training it 45312/76743 of epoch 0, 17.33 ms/it, NE 0.824757, loss 0.461283
Testing at - 45312/76743 of epoch 0,  NE 0.808910, loss 0.464706, accuracy 78.660 %, best 78.660 %
Finished training it 45568/76743 of epoch 0, 16.76 ms/it, NE 0.824678, loss 0.461184
Testing at - 45568/76743 of epoch 0,  NE 0.812998, loss 0.467055, accuracy 78.523 %, best 78.660 %
Finished training it 45824/76743 of epoch 0, 18.73 ms/it, NE 0.824595, loss 0.459620
Testing at - 45824/76743 of epoch 0,  NE 0.808214, loss 0.464306, accuracy 78.647 %, best 78.660 %
Finished training it 46080/76743 of epoch 0, 17.27 ms/it, NE 0.824507, loss 0.459842
Testing at - 46080/76743 of epoch 0,  NE 0.809786, loss 0.465209, accuracy 78.655 %, best 78.660 %
Finished training it 46336/76743 of epoch 0, 18.06 ms/it, NE 0.824432, loss 0.461728
Testing at - 46336/76743 of epoch 0,  NE 0.809633, loss 0.465121, accuracy 78.639 %, best 78.660 %
Finished training it 46592/76743 of epoch 0, 19.07 ms/it, NE 0.824345, loss 0.459105
Testing at - 46592/76743 of epoch 0,  NE 0.812341, loss 0.466677, accuracy 78.495 %, best 78.660 %
Finished training it 46848/76743 of epoch 0, 17.25 ms/it, NE 0.824252, loss 0.460258
Testing at - 46848/76743 of epoch 0,  NE 0.810177, loss 0.465434, accuracy 78.649 %, best 78.660 %
Finished training it 47104/76743 of epoch 0, 20.82 ms/it, NE 0.824163, loss 0.458045
Testing at - 47104/76743 of epoch 0,  NE 0.810776, loss 0.465778, accuracy 78.511 %, best 78.660 %
Finished training it 47360/76743 of epoch 0, 19.31 ms/it, NE 0.824100, loss 0.463227
Testing at - 47360/76743 of epoch 0,  NE 0.809937, loss 0.465296, accuracy 78.657 %, best 78.660 %
Finished training it 47616/76743 of epoch 0, 17.16 ms/it, NE 0.824045, loss 0.460464
Testing at - 47616/76743 of epoch 0,  NE 0.808622, loss 0.464541, accuracy 78.655 %, best 78.660 %
Finished training it 47872/76743 of epoch 0, 17.58 ms/it, NE 0.823966, loss 0.458890
Testing at - 47872/76743 of epoch 0,  NE 0.808659, loss 0.464561, accuracy 78.653 %, best 78.660 %
Finished training it 48128/76743 of epoch 0, 18.96 ms/it, NE 0.823870, loss 0.456489
Testing at - 48128/76743 of epoch 0,  NE 0.808122, loss 0.464253, accuracy 78.668 %, best 78.668 %
Finished training it 48384/76743 of epoch 0, 19.65 ms/it, NE 0.823787, loss 0.459817
Testing at - 48384/76743 of epoch 0,  NE 0.808424, loss 0.464427, accuracy 78.680 %, best 78.680 %
Finished training it 48640/76743 of epoch 0, 18.58 ms/it, NE 0.823701, loss 0.459706
Testing at - 48640/76743 of epoch 0,  NE 0.808953, loss 0.464730, accuracy 78.630 %, best 78.680 %
Finished training it 48896/76743 of epoch 0, 20.63 ms/it, NE 0.823629, loss 0.462187
Testing at - 48896/76743 of epoch 0,  NE 0.808635, loss 0.464548, accuracy 78.679 %, best 78.680 %
Finished training it 49152/76743 of epoch 0, 19.54 ms/it, NE 0.823551, loss 0.460342
Testing at - 49152/76743 of epoch 0,  NE 0.812490, loss 0.466762, accuracy 78.574 %, best 78.680 %
Finished training it 49408/76743 of epoch 0, 16.94 ms/it, NE 0.823463, loss 0.459938
Testing at - 49408/76743 of epoch 0,  NE 0.809820, loss 0.465229, accuracy 78.659 %, best 78.680 %
Finished training it 49664/76743 of epoch 0, 17.16 ms/it, NE 0.823382, loss 0.459734
Testing at - 49664/76743 of epoch 0,  NE 0.807351, loss 0.463810, accuracy 78.665 %, best 78.680 %
Finished training it 49920/76743 of epoch 0, 16.18 ms/it, NE 0.823313, loss 0.461498
Testing at - 49920/76743 of epoch 0,  NE 0.809432, loss 0.465006, accuracy 78.662 %, best 78.680 %
Finished training it 50176/76743 of epoch 0, 17.52 ms/it, NE 0.823243, loss 0.459801
Testing at - 50176/76743 of epoch 0,  NE 0.813075, loss 0.467099, accuracy 78.437 %, best 78.680 %
Finished training it 50432/76743 of epoch 0, 18.36 ms/it, NE 0.823175, loss 0.460009
Testing at - 50432/76743 of epoch 0,  NE 0.811006, loss 0.465910, accuracy 78.597 %, best 78.680 %
Finished training it 50688/76743 of epoch 0, 17.23 ms/it, NE 0.823102, loss 0.458354
Testing at - 50688/76743 of epoch 0,  NE 0.808479, loss 0.464458, accuracy 78.661 %, best 78.680 %
Finished training it 50944/76743 of epoch 0, 18.60 ms/it, NE 0.823021, loss 0.457847
Testing at - 50944/76743 of epoch 0,  NE 0.808121, loss 0.464253, accuracy 78.688 %, best 78.688 %
Finished training it 51200/76743 of epoch 0, 16.91 ms/it, NE 0.822933, loss 0.457289
Testing at - 51200/76743 of epoch 0,  NE 0.810172, loss 0.465431, accuracy 78.612 %, best 78.688 %
Finished training it 51456/76743 of epoch 0, 17.15 ms/it, NE 0.822869, loss 0.459505
Testing at - 51456/76743 of epoch 0,  NE 0.813918, loss 0.467583, accuracy 78.438 %, best 78.688 %
Finished training it 51712/76743 of epoch 0, 17.20 ms/it, NE 0.822799, loss 0.456840
Testing at - 51712/76743 of epoch 0,  NE 0.807967, loss 0.464164, accuracy 78.643 %, best 78.688 %
Finished training it 51968/76743 of epoch 0, 18.02 ms/it, NE 0.822719, loss 0.458382
Testing at - 51968/76743 of epoch 0,  NE 0.809725, loss 0.465174, accuracy 78.602 %, best 78.688 %
Finished training it 52224/76743 of epoch 0, 16.73 ms/it, NE 0.822642, loss 0.459933
Testing at - 52224/76743 of epoch 0,  NE 0.807349, loss 0.463809, accuracy 78.691 %, best 78.691 %
Finished training it 52480/76743 of epoch 0, 16.85 ms/it, NE 0.822558, loss 0.457784
Testing at - 52480/76743 of epoch 0,  NE 0.808416, loss 0.464422, accuracy 78.653 %, best 78.691 %
Finished training it 52736/76743 of epoch 0, 18.05 ms/it, NE 0.822476, loss 0.459093
Testing at - 52736/76743 of epoch 0,  NE 0.807008, loss 0.463613, accuracy 78.654 %, best 78.691 %
Finished training it 52992/76743 of epoch 0, 17.26 ms/it, NE 0.822394, loss 0.457370
Testing at - 52992/76743 of epoch 0,  NE 0.807006, loss 0.463612, accuracy 78.676 %, best 78.691 %
Finished training it 53248/76743 of epoch 0, 19.77 ms/it, NE 0.822314, loss 0.456544
Testing at - 53248/76743 of epoch 0,  NE 0.812662, loss 0.466861, accuracy 78.548 %, best 78.691 %
Finished training it 53504/76743 of epoch 0, 19.94 ms/it, NE 0.822232, loss 0.458594
Testing at - 53504/76743 of epoch 0,  NE 0.806882, loss 0.463541, accuracy 78.690 %, best 78.691 %
Finished training it 53760/76743 of epoch 0, 19.97 ms/it, NE 0.822155, loss 0.457298
Testing at - 53760/76743 of epoch 0,  NE 0.809117, loss 0.464825, accuracy 78.626 %, best 78.691 %
Finished training it 54016/76743 of epoch 0, 18.01 ms/it, NE 0.822057, loss 0.456650
Testing at - 54016/76743 of epoch 0,  NE 0.807214, loss 0.463732, accuracy 78.663 %, best 78.691 %
Finished training it 54272/76743 of epoch 0, 16.62 ms/it, NE 0.821983, loss 0.458127
Testing at - 54272/76743 of epoch 0,  NE 0.807838, loss 0.464090, accuracy 78.674 %, best 78.691 %
Finished training it 54528/76743 of epoch 0, 16.86 ms/it, NE 0.821917, loss 0.458605
Testing at - 54528/76743 of epoch 0,  NE 0.811869, loss 0.466406, accuracy 78.491 %, best 78.691 %
Finished training it 54784/76743 of epoch 0, 24.22 ms/it, NE 0.821842, loss 0.458257
Testing at - 54784/76743 of epoch 0,  NE 0.807508, loss 0.463901, accuracy 78.684 %, best 78.691 %
Finished training it 55040/76743 of epoch 0, 20.24 ms/it, NE 0.821760, loss 0.456893
Testing at - 55040/76743 of epoch 0,  NE 0.807224, loss 0.463737, accuracy 78.718 %, best 78.718 %
Finished training it 55296/76743 of epoch 0, 19.21 ms/it, NE 0.821676, loss 0.455845
Testing at - 55296/76743 of epoch 0,  NE 0.809849, loss 0.465246, accuracy 78.564 %, best 78.718 %
Finished training it 55552/76743 of epoch 0, 17.74 ms/it, NE 0.821609, loss 0.459257
Testing at - 55552/76743 of epoch 0,  NE 0.806572, loss 0.463363, accuracy 78.719 %, best 78.719 %
Finished training it 55808/76743 of epoch 0, 17.15 ms/it, NE 0.821527, loss 0.458999
Testing at - 55808/76743 of epoch 0,  NE 0.812244, loss 0.466621, accuracy 78.592 %, best 78.719 %
Finished training it 56064/76743 of epoch 0, 17.50 ms/it, NE 0.821465, loss 0.459516
Testing at - 56064/76743 of epoch 0,  NE 0.806302, loss 0.463208, accuracy 78.708 %, best 78.719 %
Finished training it 56320/76743 of epoch 0, 16.91 ms/it, NE 0.821396, loss 0.460342
Testing at - 56320/76743 of epoch 0,  NE 0.807465, loss 0.463876, accuracy 78.716 %, best 78.719 %
Finished training it 56576/76743 of epoch 0, 17.81 ms/it, NE 0.821318, loss 0.456464
Testing at - 56576/76743 of epoch 0,  NE 0.806825, loss 0.463508, accuracy 78.712 %, best 78.719 %
Finished training it 56832/76743 of epoch 0, 16.80 ms/it, NE 0.821258, loss 0.460968
Testing at - 56832/76743 of epoch 0,  NE 0.808690, loss 0.464580, accuracy 78.616 %, best 78.719 %
Finished training it 57088/76743 of epoch 0, 17.58 ms/it, NE 0.821204, loss 0.459151
Testing at - 57088/76743 of epoch 0,  NE 0.806682, loss 0.463426, accuracy 78.676 %, best 78.719 %
Finished training it 57344/76743 of epoch 0, 18.04 ms/it, NE 0.821127, loss 0.457946
Testing at - 57344/76743 of epoch 0,  NE 0.806444, loss 0.463289, accuracy 78.736 %, best 78.736 %
Finished training it 57600/76743 of epoch 0, 17.27 ms/it, NE 0.821059, loss 0.457655
Testing at - 57600/76743 of epoch 0,  NE 0.806338, loss 0.463228, accuracy 78.729 %, best 78.736 %
Finished training it 57856/76743 of epoch 0, 18.03 ms/it, NE 0.820991, loss 0.457653
Testing at - 57856/76743 of epoch 0,  NE 0.805574, loss 0.462790, accuracy 78.727 %, best 78.736 %
Finished training it 58112/76743 of epoch 0, 20.73 ms/it, NE 0.820921, loss 0.459141
Testing at - 58112/76743 of epoch 0,  NE 0.806665, loss 0.463416, accuracy 78.726 %, best 78.736 %
Finished training it 58368/76743 of epoch 0, 22.57 ms/it, NE 0.820865, loss 0.459746
Testing at - 58368/76743 of epoch 0,  NE 0.807147, loss 0.463693, accuracy 78.692 %, best 78.736 %
Finished training it 58624/76743 of epoch 0, 20.93 ms/it, NE 0.820808, loss 0.458718
Testing at - 58624/76743 of epoch 0,  NE 0.806120, loss 0.463103, accuracy 78.692 %, best 78.736 %
Finished training it 58880/76743 of epoch 0, 17.71 ms/it, NE 0.820746, loss 0.458561
Testing at - 58880/76743 of epoch 0,  NE 0.806370, loss 0.463246, accuracy 78.728 %, best 78.736 %
Finished training it 59136/76743 of epoch 0, 18.52 ms/it, NE 0.820687, loss 0.461160
Testing at - 59136/76743 of epoch 0,  NE 0.806409, loss 0.463269, accuracy 78.712 %, best 78.736 %
Finished training it 59392/76743 of epoch 0, 17.56 ms/it, NE 0.820628, loss 0.457324
Testing at - 59392/76743 of epoch 0,  NE 0.812130, loss 0.466556, accuracy 78.462 %, best 78.736 %
Finished training it 59648/76743 of epoch 0, 16.01 ms/it, NE 0.820573, loss 0.458570
Testing at - 59648/76743 of epoch 0,  NE 0.806152, loss 0.463122, accuracy 78.742 %, best 78.742 %
Finished training it 59904/76743 of epoch 0, 17.12 ms/it, NE 0.820510, loss 0.461380
Testing at - 59904/76743 of epoch 0,  NE 0.806149, loss 0.463120, accuracy 78.730 %, best 78.742 %
Finished training it 60160/76743 of epoch 0, 17.79 ms/it, NE 0.820449, loss 0.458422
Testing at - 60160/76743 of epoch 0,  NE 0.806525, loss 0.463336, accuracy 78.736 %, best 78.742 %
Finished training it 60416/76743 of epoch 0, 19.65 ms/it, NE 0.820382, loss 0.456144
Testing at - 60416/76743 of epoch 0,  NE 0.805276, loss 0.462618, accuracy 78.721 %, best 78.742 %
Finished training it 60672/76743 of epoch 0, 18.60 ms/it, NE 0.820314, loss 0.457908
Testing at - 60672/76743 of epoch 0,  NE 0.806412, loss 0.463271, accuracy 78.701 %, best 78.742 %
Finished training it 60928/76743 of epoch 0, 17.61 ms/it, NE 0.820256, loss 0.457939
Testing at - 60928/76743 of epoch 0,  NE 0.806518, loss 0.463332, accuracy 78.705 %, best 78.742 %
Finished training it 61184/76743 of epoch 0, 18.48 ms/it, NE 0.820204, loss 0.458926
Testing at - 61184/76743 of epoch 0,  NE 0.805496, loss 0.462745, accuracy 78.731 %, best 78.742 %
Finished training it 61440/76743 of epoch 0, 22.80 ms/it, NE 0.820135, loss 0.457919
Testing at - 61440/76743 of epoch 0,  NE 0.807017, loss 0.463618, accuracy 78.732 %, best 78.742 %
Finished training it 61696/76743 of epoch 0, 19.19 ms/it, NE 0.820068, loss 0.456524
Testing at - 61696/76743 of epoch 0,  NE 0.804692, loss 0.462282, accuracy 78.745 %, best 78.745 %
Finished training it 61952/76743 of epoch 0, 21.86 ms/it, NE 0.820001, loss 0.456215
Testing at - 61952/76743 of epoch 0,  NE 0.804496, loss 0.462170, accuracy 78.740 %, best 78.745 %
Finished training it 62208/76743 of epoch 0, 21.32 ms/it, NE 0.819939, loss 0.456888
Testing at - 62208/76743 of epoch 0,  NE 0.805716, loss 0.462871, accuracy 78.769 %, best 78.769 %
Finished training it 62464/76743 of epoch 0, 17.63 ms/it, NE 0.819892, loss 0.459587
Testing at - 62464/76743 of epoch 0,  NE 0.808416, loss 0.464422, accuracy 78.640 %, best 78.769 %
Finished training it 62720/76743 of epoch 0, 21.63 ms/it, NE 0.819830, loss 0.458200
Testing at - 62720/76743 of epoch 0,  NE 0.806534, loss 0.463341, accuracy 78.696 %, best 78.769 %
Finished training it 62976/76743 of epoch 0, 17.31 ms/it, NE 0.819779, loss 0.458449
Testing at - 62976/76743 of epoch 0,  NE 0.805449, loss 0.462718, accuracy 78.737 %, best 78.769 %
Finished training it 63232/76743 of epoch 0, 16.21 ms/it, NE 0.819693, loss 0.455583
Testing at - 63232/76743 of epoch 0,  NE 0.804412, loss 0.462122, accuracy 78.754 %, best 78.769 %
Finished training it 63488/76743 of epoch 0, 16.68 ms/it, NE 0.819625, loss 0.456656
Testing at - 63488/76743 of epoch 0,  NE 0.804988, loss 0.462453, accuracy 78.740 %, best 78.769 %
Finished training it 63744/76743 of epoch 0, 16.74 ms/it, NE 0.819566, loss 0.457726
Testing at - 63744/76743 of epoch 0,  NE 0.805826, loss 0.462934, accuracy 78.713 %, best 78.769 %
Finished training it 64000/76743 of epoch 0, 16.87 ms/it, NE 0.819517, loss 0.459136
Testing at - 64000/76743 of epoch 0,  NE 0.805963, loss 0.463013, accuracy 78.729 %, best 78.769 %
Finished training it 64256/76743 of epoch 0, 17.21 ms/it, NE 0.819456, loss 0.457369
Testing at - 64256/76743 of epoch 0,  NE 0.806736, loss 0.463457, accuracy 78.733 %, best 78.769 %
Finished training it 64512/76743 of epoch 0, 16.98 ms/it, NE 0.819393, loss 0.456773
Testing at - 64512/76743 of epoch 0,  NE 0.805713, loss 0.462869, accuracy 78.736 %, best 78.769 %
Finished training it 64768/76743 of epoch 0, 17.59 ms/it, NE 0.819335, loss 0.455737
Testing at - 64768/76743 of epoch 0,  NE 0.807858, loss 0.464102, accuracy 78.674 %, best 78.769 %
Finished training it 65024/76743 of epoch 0, 18.37 ms/it, NE 0.819273, loss 0.455899
Testing at - 65024/76743 of epoch 0,  NE 0.805359, loss 0.462666, accuracy 78.745 %, best 78.769 %
Finished training it 65280/76743 of epoch 0, 18.97 ms/it, NE 0.819213, loss 0.458351
Testing at - 65280/76743 of epoch 0,  NE 0.805119, loss 0.462528, accuracy 78.758 %, best 78.769 %
Finished training it 65536/76743 of epoch 0, 18.41 ms/it, NE 0.819159, loss 0.456931
Testing at - 65536/76743 of epoch 0,  NE 0.809514, loss 0.465053, accuracy 78.624 %, best 78.769 %
Finished training it 65792/76743 of epoch 0, 26.23 ms/it, NE 0.819106, loss 0.459466
Testing at - 65792/76743 of epoch 0,  NE 0.809376, loss 0.464973, accuracy 78.618 %, best 78.769 %
Finished training it 66048/76743 of epoch 0, 20.70 ms/it, NE 0.819050, loss 0.458818
Testing at - 66048/76743 of epoch 0,  NE 0.805620, loss 0.462816, accuracy 78.749 %, best 78.769 %
Finished training it 66304/76743 of epoch 0, 20.42 ms/it, NE 0.818989, loss 0.455935
Testing at - 66304/76743 of epoch 0,  NE 0.803838, loss 0.461792, accuracy 78.768 %, best 78.769 %
Finished training it 66560/76743 of epoch 0, 19.06 ms/it, NE 0.818924, loss 0.456094
Testing at - 66560/76743 of epoch 0,  NE 0.805398, loss 0.462689, accuracy 78.762 %, best 78.769 %
Finished training it 66816/76743 of epoch 0, 19.53 ms/it, NE 0.818869, loss 0.458787
Testing at - 66816/76743 of epoch 0,  NE 0.815612, loss 0.468556, accuracy 78.292 %, best 78.769 %
Finished training it 67072/76743 of epoch 0, 20.77 ms/it, NE 0.818827, loss 0.458870
Testing at - 67072/76743 of epoch 0,  NE 0.808487, loss 0.464463, accuracy 78.685 %, best 78.769 %
Finished training it 67328/76743 of epoch 0, 18.44 ms/it, NE 0.818771, loss 0.456019
Testing at - 67328/76743 of epoch 0,  NE 0.806993, loss 0.463604, accuracy 78.723 %, best 78.769 %
Finished training it 67584/76743 of epoch 0, 22.70 ms/it, NE 0.818716, loss 0.458238
Testing at - 67584/76743 of epoch 0,  NE 0.805003, loss 0.462461, accuracy 78.780 %, best 78.780 %
Finished training it 67840/76743 of epoch 0, 19.65 ms/it, NE 0.818654, loss 0.454617
Testing at - 67840/76743 of epoch 0,  NE 0.804360, loss 0.462092, accuracy 78.752 %, best 78.780 %
Finished training it 68096/76743 of epoch 0, 23.37 ms/it, NE 0.818604, loss 0.457865
Testing at - 68096/76743 of epoch 0,  NE 0.808435, loss 0.464433, accuracy 78.615 %, best 78.780 %
Finished training it 68352/76743 of epoch 0, 17.90 ms/it, NE 0.818549, loss 0.456791
Testing at - 68352/76743 of epoch 0,  NE 0.804819, loss 0.462356, accuracy 78.768 %, best 78.780 %
Finished training it 68608/76743 of epoch 0, 19.75 ms/it, NE 0.818494, loss 0.457314
Testing at - 68608/76743 of epoch 0,  NE 0.805449, loss 0.462718, accuracy 78.744 %, best 78.780 %
Finished training it 68864/76743 of epoch 0, 18.31 ms/it, NE 0.818446, loss 0.458664
Testing at - 68864/76743 of epoch 0,  NE 0.806627, loss 0.463394, accuracy 78.750 %, best 78.780 %
Finished training it 69120/76743 of epoch 0, 18.50 ms/it, NE 0.818396, loss 0.457737
Testing at - 69120/76743 of epoch 0,  NE 0.805492, loss 0.462742, accuracy 78.760 %, best 78.780 %
Finished training it 69376/76743 of epoch 0, 17.92 ms/it, NE 0.818333, loss 0.454206
Testing at - 69376/76743 of epoch 0,  NE 0.805146, loss 0.462543, accuracy 78.764 %, best 78.780 %
Finished training it 69632/76743 of epoch 0, 16.80 ms/it, NE 0.818287, loss 0.460144
Testing at - 69632/76743 of epoch 0,  NE 0.806746, loss 0.463463, accuracy 78.692 %, best 78.780 %
Finished training it 69888/76743 of epoch 0, 17.32 ms/it, NE 0.818245, loss 0.460118
Testing at - 69888/76743 of epoch 0,  NE 0.804434, loss 0.462134, accuracy 78.796 %, best 78.796 %
Finished training it 70144/76743 of epoch 0, 17.16 ms/it, NE 0.818198, loss 0.458315
Testing at - 70144/76743 of epoch 0,  NE 0.805424, loss 0.462703, accuracy 78.773 %, best 78.796 %
Finished training it 70400/76743 of epoch 0, 18.71 ms/it, NE 0.818157, loss 0.456052
Testing at - 70400/76743 of epoch 0,  NE 0.805376, loss 0.462676, accuracy 78.744 %, best 78.796 %
Finished training it 70656/76743 of epoch 0, 18.80 ms/it, NE 0.818105, loss 0.455420
Testing at - 70656/76743 of epoch 0,  NE 0.805127, loss 0.462533, accuracy 78.759 %, best 78.796 %
Finished training it 70912/76743 of epoch 0, 22.27 ms/it, NE 0.818058, loss 0.457923
Testing at - 70912/76743 of epoch 0,  NE 0.805020, loss 0.462471, accuracy 78.752 %, best 78.796 %
Finished training it 71168/76743 of epoch 0, 21.88 ms/it, NE 0.818013, loss 0.456361
Testing at - 71168/76743 of epoch 0,  NE 0.805023, loss 0.462473, accuracy 78.750 %, best 78.796 %
Finished training it 71424/76743 of epoch 0, 19.88 ms/it, NE 0.817964, loss 0.456347
Testing at - 71424/76743 of epoch 0,  NE 0.805322, loss 0.462645, accuracy 78.753 %, best 78.796 %
Finished training it 71680/76743 of epoch 0, 19.62 ms/it, NE 0.817928, loss 0.459082
Testing at - 71680/76743 of epoch 0,  NE 0.803881, loss 0.461817, accuracy 78.794 %, best 78.796 %
Finished training it 71936/76743 of epoch 0, 19.26 ms/it, NE 0.817871, loss 0.455108
Testing at - 71936/76743 of epoch 0,  NE 0.803928, loss 0.461844, accuracy 78.810 %, best 78.810 %
Finished training it 72192/76743 of epoch 0, 18.62 ms/it, NE 0.817816, loss 0.456004
Testing at - 72192/76743 of epoch 0,  NE 0.808070, loss 0.464223, accuracy 78.589 %, best 78.810 %
Finished training it 72448/76743 of epoch 0, 17.94 ms/it, NE 0.817765, loss 0.455355
Testing at - 72448/76743 of epoch 0,  NE 0.803098, loss 0.461367, accuracy 78.804 %, best 78.810 %
Finished training it 72704/76743 of epoch 0, 18.99 ms/it, NE 0.817719, loss 0.458338
Testing at - 72704/76743 of epoch 0,  NE 0.804321, loss 0.462069, accuracy 78.784 %, best 78.810 %
Finished training it 72960/76743 of epoch 0, 19.33 ms/it, NE 0.817672, loss 0.454941
Testing at - 72960/76743 of epoch 0,  NE 0.808861, loss 0.464678, accuracy 78.649 %, best 78.810 %
Finished training it 73216/76743 of epoch 0, 18.86 ms/it, NE 0.817613, loss 0.457228
Testing at - 73216/76743 of epoch 0,  NE 0.804284, loss 0.462048, accuracy 78.765 %, best 78.810 %
Finished training it 73472/76743 of epoch 0, 19.17 ms/it, NE 0.817560, loss 0.457492
Testing at - 73472/76743 of epoch 0,  NE 0.805715, loss 0.462870, accuracy 78.753 %, best 78.810 %
Finished training it 73728/76743 of epoch 0, 19.96 ms/it, NE 0.817506, loss 0.455998
Testing at - 73728/76743 of epoch 0,  NE 0.803492, loss 0.461593, accuracy 78.814 %, best 78.814 %
Finished training it 73984/76743 of epoch 0, 18.36 ms/it, NE 0.817462, loss 0.456427
Testing at - 73984/76743 of epoch 0,  NE 0.804053, loss 0.461915, accuracy 78.786 %, best 78.814 %
Finished training it 74240/76743 of epoch 0, 16.80 ms/it, NE 0.817413, loss 0.457772
Testing at - 74240/76743 of epoch 0,  NE 0.804749, loss 0.462316, accuracy 78.782 %, best 78.814 %
Finished training it 74496/76743 of epoch 0, 17.20 ms/it, NE 0.817377, loss 0.460053
Testing at - 74496/76743 of epoch 0,  NE 0.804658, loss 0.462263, accuracy 78.755 %, best 78.814 %
Finished training it 74752/76743 of epoch 0, 17.15 ms/it, NE 0.817335, loss 0.460221
Testing at - 74752/76743 of epoch 0,  NE 0.805558, loss 0.462780, accuracy 78.773 %, best 78.814 %
Finished training it 75008/76743 of epoch 0, 16.41 ms/it, NE 0.817285, loss 0.456521
Testing at - 75008/76743 of epoch 0,  NE 0.804841, loss 0.462368, accuracy 78.767 %, best 78.814 %
Finished training it 75264/76743 of epoch 0, 17.07 ms/it, NE 0.817244, loss 0.456159
Testing at - 75264/76743 of epoch 0,  NE 0.804438, loss 0.462137, accuracy 78.779 %, best 78.814 %
Finished training it 75520/76743 of epoch 0, 17.92 ms/it, NE 0.817193, loss 0.455823
Testing at - 75520/76743 of epoch 0,  NE 0.804508, loss 0.462177, accuracy 78.748 %, best 78.814 %
Finished training it 75776/76743 of epoch 0, 16.27 ms/it, NE 0.817149, loss 0.457142
Testing at - 75776/76743 of epoch 0,  NE 0.808023, loss 0.464197, accuracy 78.647 %, best 78.814 %
Finished training it 76032/76743 of epoch 0, 16.84 ms/it, NE 0.817109, loss 0.457174
Testing at - 76032/76743 of epoch 0,  NE 0.804264, loss 0.462037, accuracy 78.787 %, best 78.814 %
Finished training it 76288/76743 of epoch 0, 16.65 ms/it, NE 0.817060, loss 0.454636
Testing at - 76288/76743 of epoch 0,  NE 0.804408, loss 0.462119, accuracy 78.719 %, best 78.814 %
Finished training it 76544/76743 of epoch 0, 16.97 ms/it, NE 0.817007, loss 0.456252
Testing at - 76544/76743 of epoch 0,  NE 0.803235, loss 0.461446, accuracy 78.806 %, best 78.814 %
Finished training it 76743/76743 of epoch 0, 18.61 ms/it, NE 0.816965, loss 0.457769
Testing at - 76743/76743 of epoch 0,  NE 0.806345, loss 0.463232, accuracy 78.678 %, best 78.814 %
