NCCL version 2.9.6+cudaCUDA_MAJOR.CUDA_MINOR
Unable to import mlperf_logging,  No module named 'mlperf_logging'
world size: 1, current rank: 0, local rank: 0
Using 2 GPU(s)...
Reading pre-processed data=./input/kaggleAdDisplayChallenge_processed.npz
Sparse fea = 26, Dense fea = 13
Defined train indices...
Randomized indices across days ...
Split data according to indices...
Reading pre-processed data=./input/kaggleAdDisplayChallenge_processed.npz
Sparse fea = 26, Dense fea = 13
Defined test indices...
Randomized indices across days ...
Split data according to indices...
DLRM_Net(
  (bot_l): Sequential(
    (0): Linear(in_features=13, out_features=512, bias=True)
    (1): ReLU()
    (2): Linear(in_features=512, out_features=256, bias=True)
    (3): ReLU()
    (4): Linear(in_features=256, out_features=64, bias=True)
    (5): ReLU()
    (6): Linear(in_features=64, out_features=16, bias=True)
    (7): ReLU()
  )
  (top_l): Sequential(
    (0): Linear(in_features=367, out_features=512, bias=True)
    (1): ReLU()
    (2): Linear(in_features=512, out_features=256, bias=True)
    (3): ReLU()
    (4): Linear(in_features=256, out_features=1, bias=True)
    (5): Sigmoid()
  )
  (loss_fn): BCELoss()
)
Random uniform embeddings init: 0 size: 1461 dim: 16
Random uniform embeddings init: 1 size: 584 dim: 16
Random uniform embeddings init: 2 size: 10131227 dim: 16
Random uniform embeddings init: 3 size: 2202608 dim: 16
Random uniform embeddings init: 4 size: 306 dim: 16
Random uniform embeddings init: 5 size: 24 dim: 16
Random uniform embeddings init: 6 size: 12518 dim: 16
Random uniform embeddings init: 7 size: 634 dim: 16
Random uniform embeddings init: 8 size: 4 dim: 16
Random uniform embeddings init: 9 size: 93146 dim: 16
Random uniform embeddings init: 10 size: 5684 dim: 16
Random uniform embeddings init: 11 size: 8351593 dim: 16
Random uniform embeddings init: 12 size: 3195 dim: 16
Random uniform embeddings init: 13 size: 28 dim: 16
Random uniform embeddings init: 14 size: 14993 dim: 16
Random uniform embeddings init: 15 size: 5461306 dim: 16
Random uniform embeddings init: 16 size: 11 dim: 16
Random uniform embeddings init: 17 size: 5653 dim: 16
Random uniform embeddings init: 18 size: 2173 dim: 16
Random uniform embeddings init: 19 size: 4 dim: 16
Random uniform embeddings init: 20 size: 7046547 dim: 16
Random uniform embeddings init: 21 size: 18 dim: 16
Random uniform embeddings init: 22 size: 16 dim: 16
Random uniform embeddings init: 23 size: 286181 dim: 16
Random uniform embeddings init: 24 size: 105 dim: 16
Random uniform embeddings init: 25 size: 142572 dim: 16
time/loss/accuracy (if enabled):
Finished training it 256/76743 of epoch 0, 67.89 ms/it, NE 0.966251, loss 0.549512
Testing at - 256/76743 of epoch 0,  NE 0.947871, loss 0.544537, accuracy 75.371 %, best 75.371 %
Finished training it 512/76743 of epoch 0, 18.18 ms/it, NE 0.953378, loss 0.535065
Testing at - 512/76743 of epoch 0,  NE 0.921355, loss 0.529304, accuracy 75.645 %, best 75.645 %
Finished training it 768/76743 of epoch 0, 14.36 ms/it, NE 0.946940, loss 0.530951
Testing at - 768/76743 of epoch 0,  NE 0.926298, loss 0.532144, accuracy 75.860 %, best 75.860 %
Finished training it 1024/76743 of epoch 0, 14.84 ms/it, NE 0.941076, loss 0.521780
Testing at - 1024/76743 of epoch 0,  NE 0.913900, loss 0.525021, accuracy 76.137 %, best 76.137 %
Finished training it 1280/76743 of epoch 0, 15.50 ms/it, NE 0.936526, loss 0.522253
Testing at - 1280/76743 of epoch 0,  NE 0.919438, loss 0.528203, accuracy 76.353 %, best 76.353 %
Finished training it 1536/76743 of epoch 0, 14.23 ms/it, NE 0.932945, loss 0.519807
Testing at - 1536/76743 of epoch 0,  NE 0.909673, loss 0.522593, accuracy 76.505 %, best 76.505 %
Finished training it 1792/76743 of epoch 0, 15.40 ms/it, NE 0.929786, loss 0.516277
Testing at - 1792/76743 of epoch 0,  NE 0.900882, loss 0.517542, accuracy 76.627 %, best 76.627 %
Finished training it 2048/76743 of epoch 0, 15.46 ms/it, NE 0.926565, loss 0.514532
Testing at - 2048/76743 of epoch 0,  NE 0.900576, loss 0.517367, accuracy 76.685 %, best 76.685 %
Finished training it 2304/76743 of epoch 0, 17.00 ms/it, NE 0.923881, loss 0.511717
Testing at - 2304/76743 of epoch 0,  NE 0.897957, loss 0.515862, accuracy 76.553 %, best 76.685 %
Finished training it 2560/76743 of epoch 0, 15.53 ms/it, NE 0.921302, loss 0.510983
Testing at - 2560/76743 of epoch 0,  NE 0.893474, loss 0.513287, accuracy 76.702 %, best 76.702 %
Finished training it 2816/76743 of epoch 0, 14.59 ms/it, NE 0.918706, loss 0.507586
Testing at - 2816/76743 of epoch 0,  NE 0.889354, loss 0.510920, accuracy 76.978 %, best 76.978 %
Finished training it 3072/76743 of epoch 0, 14.07 ms/it, NE 0.916193, loss 0.501712
Testing at - 3072/76743 of epoch 0,  NE 0.892405, loss 0.512672, accuracy 76.724 %, best 76.978 %
Finished training it 3328/76743 of epoch 0, 14.73 ms/it, NE 0.914114, loss 0.506901
Testing at - 3328/76743 of epoch 0,  NE 0.897645, loss 0.515683, accuracy 76.871 %, best 76.978 %
Finished training it 3584/76743 of epoch 0, 14.85 ms/it, NE 0.911938, loss 0.502689
Testing at - 3584/76743 of epoch 0,  NE 0.879860, loss 0.505465, accuracy 77.316 %, best 77.316 %
Finished training it 3840/76743 of epoch 0, 15.68 ms/it, NE 0.909957, loss 0.501092
Testing at - 3840/76743 of epoch 0,  NE 0.896676, loss 0.515126, accuracy 76.901 %, best 77.316 %
Finished training it 4096/76743 of epoch 0, 13.89 ms/it, NE 0.907933, loss 0.500203
Testing at - 4096/76743 of epoch 0,  NE 0.876086, loss 0.503298, accuracy 77.209 %, best 77.316 %
Finished training it 4352/76743 of epoch 0, 15.36 ms/it, NE 0.905898, loss 0.497220
Testing at - 4352/76743 of epoch 0,  NE 0.876355, loss 0.503452, accuracy 77.453 %, best 77.453 %
Finished training it 4608/76743 of epoch 0, 14.76 ms/it, NE 0.904277, loss 0.498929
Testing at - 4608/76743 of epoch 0,  NE 0.877315, loss 0.504004, accuracy 77.402 %, best 77.453 %
Finished training it 4864/76743 of epoch 0, 13.99 ms/it, NE 0.902582, loss 0.496904
Testing at - 4864/76743 of epoch 0,  NE 0.876192, loss 0.503359, accuracy 77.553 %, best 77.553 %
Finished training it 5120/76743 of epoch 0, 15.62 ms/it, NE 0.901202, loss 0.496710
Testing at - 5120/76743 of epoch 0,  NE 0.887192, loss 0.509678, accuracy 76.767 %, best 77.553 %
Finished training it 5376/76743 of epoch 0, 16.26 ms/it, NE 0.899794, loss 0.495280
Testing at - 5376/76743 of epoch 0,  NE 0.871898, loss 0.500891, accuracy 77.626 %, best 77.626 %
Finished training it 5632/76743 of epoch 0, 16.03 ms/it, NE 0.898422, loss 0.493652
Testing at - 5632/76743 of epoch 0,  NE 0.869078, loss 0.499272, accuracy 77.417 %, best 77.626 %
Finished training it 5888/76743 of epoch 0, 15.35 ms/it, NE 0.897104, loss 0.495706
Testing at - 5888/76743 of epoch 0,  NE 0.865701, loss 0.497332, accuracy 77.610 %, best 77.626 %
Finished training it 6144/76743 of epoch 0, 15.47 ms/it, NE 0.895849, loss 0.491222
Testing at - 6144/76743 of epoch 0,  NE 0.859391, loss 0.493706, accuracy 77.751 %, best 77.751 %
Finished training it 6400/76743 of epoch 0, 14.81 ms/it, NE 0.894469, loss 0.489192
Testing at - 6400/76743 of epoch 0,  NE 0.860087, loss 0.494106, accuracy 77.772 %, best 77.772 %
Finished training it 6656/76743 of epoch 0, 14.79 ms/it, NE 0.893217, loss 0.489483
Testing at - 6656/76743 of epoch 0,  NE 0.861385, loss 0.494852, accuracy 77.645 %, best 77.772 %
Finished training it 6912/76743 of epoch 0, 14.60 ms/it, NE 0.891964, loss 0.487527
Testing at - 6912/76743 of epoch 0,  NE 0.859310, loss 0.493660, accuracy 77.780 %, best 77.780 %
Finished training it 7168/76743 of epoch 0, 17.48 ms/it, NE 0.890958, loss 0.489414
Testing at - 7168/76743 of epoch 0,  NE 0.861638, loss 0.494997, accuracy 77.871 %, best 77.871 %
Finished training it 7424/76743 of epoch 0, 19.01 ms/it, NE 0.890085, loss 0.491074
Testing at - 7424/76743 of epoch 0,  NE 0.859802, loss 0.493943, accuracy 77.850 %, best 77.871 %
Finished training it 7680/76743 of epoch 0, 17.47 ms/it, NE 0.889141, loss 0.489570
Testing at - 7680/76743 of epoch 0,  NE 0.859490, loss 0.493763, accuracy 77.906 %, best 77.906 %
Finished training it 7936/76743 of epoch 0, 13.98 ms/it, NE 0.888201, loss 0.489542
Testing at - 7936/76743 of epoch 0,  NE 0.867763, loss 0.498516, accuracy 77.575 %, best 77.906 %
Finished training it 8192/76743 of epoch 0, 14.18 ms/it, NE 0.887258, loss 0.489245
Testing at - 8192/76743 of epoch 0,  NE 0.855723, loss 0.491599, accuracy 77.922 %, best 77.922 %
Finished training it 8448/76743 of epoch 0, 14.85 ms/it, NE 0.886262, loss 0.486219
Testing at - 8448/76743 of epoch 0,  NE 0.851844, loss 0.489371, accuracy 77.963 %, best 77.963 %
Finished training it 8704/76743 of epoch 0, 14.43 ms/it, NE 0.885300, loss 0.485424
Testing at - 8704/76743 of epoch 0,  NE 0.858038, loss 0.492929, accuracy 77.794 %, best 77.963 %
Finished training it 8960/76743 of epoch 0, 14.21 ms/it, NE 0.884606, loss 0.490125
Testing at - 8960/76743 of epoch 0,  NE 0.855848, loss 0.491671, accuracy 78.009 %, best 78.009 %
Finished training it 9216/76743 of epoch 0, 15.21 ms/it, NE 0.883768, loss 0.485776
Testing at - 9216/76743 of epoch 0,  NE 0.853530, loss 0.490340, accuracy 77.931 %, best 78.009 %
Finished training it 9472/76743 of epoch 0, 14.94 ms/it, NE 0.882981, loss 0.484362
Testing at - 9472/76743 of epoch 0,  NE 0.857942, loss 0.492874, accuracy 77.863 %, best 78.009 %
Finished training it 9728/76743 of epoch 0, 14.26 ms/it, NE 0.882301, loss 0.487681
Testing at - 9728/76743 of epoch 0,  NE 0.851489, loss 0.489167, accuracy 78.040 %, best 78.040 %
Finished training it 9984/76743 of epoch 0, 13.46 ms/it, NE 0.881613, loss 0.486290
Testing at - 9984/76743 of epoch 0,  NE 0.851204, loss 0.489003, accuracy 77.999 %, best 78.040 %
Finished training it 10240/76743 of epoch 0, 14.36 ms/it, NE 0.880896, loss 0.485895
Testing at - 10240/76743 of epoch 0,  NE 0.851108, loss 0.488948, accuracy 78.095 %, best 78.095 %
Finished training it 10496/76743 of epoch 0, 15.02 ms/it, NE 0.880203, loss 0.484438
Testing at - 10496/76743 of epoch 0,  NE 0.851001, loss 0.488887, accuracy 78.083 %, best 78.095 %
Finished training it 10752/76743 of epoch 0, 15.75 ms/it, NE 0.879595, loss 0.484462
Testing at - 10752/76743 of epoch 0,  NE 0.849656, loss 0.488114, accuracy 78.085 %, best 78.095 %
Finished training it 11008/76743 of epoch 0, 14.10 ms/it, NE 0.878966, loss 0.484307
Testing at - 11008/76743 of epoch 0,  NE 0.851996, loss 0.489458, accuracy 77.928 %, best 78.095 %
Finished training it 11264/76743 of epoch 0, 14.35 ms/it, NE 0.878402, loss 0.485673
Testing at - 11264/76743 of epoch 0,  NE 0.852388, loss 0.489684, accuracy 78.108 %, best 78.108 %
Finished training it 11520/76743 of epoch 0, 12.75 ms/it, NE 0.877769, loss 0.484073
Testing at - 11520/76743 of epoch 0,  NE 0.851914, loss 0.489411, accuracy 77.998 %, best 78.108 %
Finished training it 11776/76743 of epoch 0, 14.42 ms/it, NE 0.877244, loss 0.485906
Testing at - 11776/76743 of epoch 0,  NE 0.851563, loss 0.489210, accuracy 77.988 %, best 78.108 %
Finished training it 12032/76743 of epoch 0, 13.99 ms/it, NE 0.876778, loss 0.485551
Testing at - 12032/76743 of epoch 0,  NE 0.849439, loss 0.487989, accuracy 78.020 %, best 78.108 %
Finished training it 12288/76743 of epoch 0, 16.26 ms/it, NE 0.876215, loss 0.481092
Testing at - 12288/76743 of epoch 0,  NE 0.846632, loss 0.486376, accuracy 78.126 %, best 78.126 %
Finished training it 12544/76743 of epoch 0, 15.72 ms/it, NE 0.875633, loss 0.482429
Testing at - 12544/76743 of epoch 0,  NE 0.848286, loss 0.487327, accuracy 78.160 %, best 78.160 %
Finished training it 12800/76743 of epoch 0, 16.74 ms/it, NE 0.875120, loss 0.484426
Testing at - 12800/76743 of epoch 0,  NE 0.849054, loss 0.487768, accuracy 78.152 %, best 78.160 %
Finished training it 13056/76743 of epoch 0, 15.29 ms/it, NE 0.874619, loss 0.485175
Testing at - 13056/76743 of epoch 0,  NE 0.851507, loss 0.489177, accuracy 78.129 %, best 78.160 %
Finished training it 13312/76743 of epoch 0, 13.68 ms/it, NE 0.874138, loss 0.483594
Testing at - 13312/76743 of epoch 0,  NE 0.848680, loss 0.487553, accuracy 78.158 %, best 78.160 %
Finished training it 13568/76743 of epoch 0, 13.93 ms/it, NE 0.873666, loss 0.483294
Testing at - 13568/76743 of epoch 0,  NE 0.849955, loss 0.488286, accuracy 78.139 %, best 78.160 %
Finished training it 13824/76743 of epoch 0, 15.65 ms/it, NE 0.873188, loss 0.482918
Testing at - 13824/76743 of epoch 0,  NE 0.849767, loss 0.488178, accuracy 78.130 %, best 78.160 %
Finished training it 14080/76743 of epoch 0, 16.68 ms/it, NE 0.872767, loss 0.481617
Testing at - 14080/76743 of epoch 0,  NE 0.845853, loss 0.485929, accuracy 78.129 %, best 78.160 %
Finished training it 14336/76743 of epoch 0, 14.87 ms/it, NE 0.872306, loss 0.479711
Testing at - 14336/76743 of epoch 0,  NE 0.844141, loss 0.484945, accuracy 78.188 %, best 78.188 %
Finished training it 14592/76743 of epoch 0, 17.40 ms/it, NE 0.871797, loss 0.479295
Testing at - 14592/76743 of epoch 0,  NE 0.845163, loss 0.485533, accuracy 78.215 %, best 78.215 %
Finished training it 14848/76743 of epoch 0, 16.22 ms/it, NE 0.871355, loss 0.481419
Testing at - 14848/76743 of epoch 0,  NE 0.845432, loss 0.485687, accuracy 78.208 %, best 78.215 %
Finished training it 15104/76743 of epoch 0, 16.88 ms/it, NE 0.870953, loss 0.480942
Testing at - 15104/76743 of epoch 0,  NE 0.851001, loss 0.488887, accuracy 77.995 %, best 78.215 %
Finished training it 15360/76743 of epoch 0, 18.39 ms/it, NE 0.870537, loss 0.483094
Testing at - 15360/76743 of epoch 0,  NE 0.843485, loss 0.484569, accuracy 78.250 %, best 78.250 %
Finished training it 15616/76743 of epoch 0, 14.94 ms/it, NE 0.870171, loss 0.481583
Testing at - 15616/76743 of epoch 0,  NE 0.846240, loss 0.486152, accuracy 78.204 %, best 78.250 %
Finished training it 15872/76743 of epoch 0, 15.41 ms/it, NE 0.869753, loss 0.480743
Testing at - 15872/76743 of epoch 0,  NE 0.843890, loss 0.484802, accuracy 78.275 %, best 78.275 %
Finished training it 16128/76743 of epoch 0, 18.05 ms/it, NE 0.869405, loss 0.483124
Testing at - 16128/76743 of epoch 0,  NE 0.848858, loss 0.487655, accuracy 78.134 %, best 78.275 %
Finished training it 16384/76743 of epoch 0, 18.48 ms/it, NE 0.869084, loss 0.483776
Testing at - 16384/76743 of epoch 0,  NE 0.844197, loss 0.484978, accuracy 78.231 %, best 78.275 %
Finished training it 16640/76743 of epoch 0, 16.65 ms/it, NE 0.868724, loss 0.479718
Testing at - 16640/76743 of epoch 0,  NE 0.845286, loss 0.485603, accuracy 78.227 %, best 78.275 %
Finished training it 16896/76743 of epoch 0, 16.10 ms/it, NE 0.868334, loss 0.479513
Testing at - 16896/76743 of epoch 0,  NE 0.841353, loss 0.483344, accuracy 78.270 %, best 78.275 %
Finished training it 17152/76743 of epoch 0, 18.40 ms/it, NE 0.867945, loss 0.479791
Testing at - 17152/76743 of epoch 0,  NE 0.849064, loss 0.487774, accuracy 78.023 %, best 78.275 %
Finished training it 17408/76743 of epoch 0, 15.50 ms/it, NE 0.867596, loss 0.480137
Testing at - 17408/76743 of epoch 0,  NE 0.841755, loss 0.483575, accuracy 78.335 %, best 78.335 %
Finished training it 17664/76743 of epoch 0, 17.00 ms/it, NE 0.867253, loss 0.479067
Testing at - 17664/76743 of epoch 0,  NE 0.842717, loss 0.484127, accuracy 78.285 %, best 78.335 %
Finished training it 17920/76743 of epoch 0, 15.72 ms/it, NE 0.866971, loss 0.481297
Testing at - 17920/76743 of epoch 0,  NE 0.844547, loss 0.485179, accuracy 78.315 %, best 78.335 %
Finished training it 18176/76743 of epoch 0, 14.29 ms/it, NE 0.866620, loss 0.477771
Testing at - 18176/76743 of epoch 0,  NE 0.842683, loss 0.484108, accuracy 78.191 %, best 78.335 %
Finished training it 18432/76743 of epoch 0, 14.19 ms/it, NE 0.866298, loss 0.479718
Testing at - 18432/76743 of epoch 0,  NE 0.848381, loss 0.487381, accuracy 77.939 %, best 78.335 %
Finished training it 18688/76743 of epoch 0, 13.97 ms/it, NE 0.865971, loss 0.478941
Testing at - 18688/76743 of epoch 0,  NE 0.844523, loss 0.485165, accuracy 78.185 %, best 78.335 %
Finished training it 18944/76743 of epoch 0, 13.70 ms/it, NE 0.865654, loss 0.478972
Testing at - 18944/76743 of epoch 0,  NE 0.842460, loss 0.483980, accuracy 78.264 %, best 78.335 %
Finished training it 19200/76743 of epoch 0, 14.01 ms/it, NE 0.865348, loss 0.478358
Testing at - 19200/76743 of epoch 0,  NE 0.848499, loss 0.487449, accuracy 78.092 %, best 78.335 %
Finished training it 19456/76743 of epoch 0, 13.83 ms/it, NE 0.865063, loss 0.478389
Testing at - 19456/76743 of epoch 0,  NE 0.841319, loss 0.483324, accuracy 78.361 %, best 78.361 %
Finished training it 19712/76743 of epoch 0, 13.98 ms/it, NE 0.864777, loss 0.479038
Testing at - 19712/76743 of epoch 0,  NE 0.841224, loss 0.483270, accuracy 78.307 %, best 78.361 %
Finished training it 19968/76743 of epoch 0, 13.62 ms/it, NE 0.864474, loss 0.477761
Testing at - 19968/76743 of epoch 0,  NE 0.842525, loss 0.484017, accuracy 78.248 %, best 78.361 %
Finished training it 20224/76743 of epoch 0, 14.94 ms/it, NE 0.864187, loss 0.478781
Testing at - 20224/76743 of epoch 0,  NE 0.841294, loss 0.483310, accuracy 78.364 %, best 78.364 %
Finished training it 20480/76743 of epoch 0, 15.84 ms/it, NE 0.863928, loss 0.479593
Testing at - 20480/76743 of epoch 0,  NE 0.840416, loss 0.482806, accuracy 78.382 %, best 78.382 %
Finished training it 20736/76743 of epoch 0, 15.43 ms/it, NE 0.863682, loss 0.477921
Testing at - 20736/76743 of epoch 0,  NE 0.841704, loss 0.483546, accuracy 78.308 %, best 78.382 %
Finished training it 20992/76743 of epoch 0, 15.68 ms/it, NE 0.863415, loss 0.477114
Testing at - 20992/76743 of epoch 0,  NE 0.837176, loss 0.480945, accuracy 78.350 %, best 78.382 %
Finished training it 21248/76743 of epoch 0, 15.57 ms/it, NE 0.863116, loss 0.477109
Testing at - 21248/76743 of epoch 0,  NE 0.839912, loss 0.482516, accuracy 78.336 %, best 78.382 %
Finished training it 21504/76743 of epoch 0, 13.55 ms/it, NE 0.862873, loss 0.479635
Testing at - 21504/76743 of epoch 0,  NE 0.844674, loss 0.485252, accuracy 78.234 %, best 78.382 %
Finished training it 21760/76743 of epoch 0, 14.45 ms/it, NE 0.862602, loss 0.478163
Testing at - 21760/76743 of epoch 0,  NE 0.841236, loss 0.483276, accuracy 78.337 %, best 78.382 %
Finished training it 22016/76743 of epoch 0, 14.53 ms/it, NE 0.862353, loss 0.476747
Testing at - 22016/76743 of epoch 0,  NE 0.836158, loss 0.480360, accuracy 78.417 %, best 78.417 %
Finished training it 22272/76743 of epoch 0, 16.28 ms/it, NE 0.862069, loss 0.478018
Testing at - 22272/76743 of epoch 0,  NE 0.840054, loss 0.482598, accuracy 78.359 %, best 78.417 %
Finished training it 22528/76743 of epoch 0, 14.88 ms/it, NE 0.861812, loss 0.476566
Testing at - 22528/76743 of epoch 0,  NE 0.840480, loss 0.482842, accuracy 78.331 %, best 78.417 %
Finished training it 22784/76743 of epoch 0, 15.93 ms/it, NE 0.861565, loss 0.476786
Testing at - 22784/76743 of epoch 0,  NE 0.841127, loss 0.483214, accuracy 78.237 %, best 78.417 %
Finished training it 23040/76743 of epoch 0, 15.07 ms/it, NE 0.861325, loss 0.478894
Testing at - 23040/76743 of epoch 0,  NE 0.840359, loss 0.482773, accuracy 78.415 %, best 78.417 %
Finished training it 23296/76743 of epoch 0, 15.82 ms/it, NE 0.861113, loss 0.479355
Testing at - 23296/76743 of epoch 0,  NE 0.838061, loss 0.481453, accuracy 78.342 %, best 78.417 %
Finished training it 23552/76743 of epoch 0, 18.13 ms/it, NE 0.860889, loss 0.477071
Testing at - 23552/76743 of epoch 0,  NE 0.840362, loss 0.482775, accuracy 78.349 %, best 78.417 %
Finished training it 23808/76743 of epoch 0, 17.63 ms/it, NE 0.860633, loss 0.475584
Testing at - 23808/76743 of epoch 0,  NE 0.839070, loss 0.482032, accuracy 78.341 %, best 78.417 %
Finished training it 24064/76743 of epoch 0, 18.98 ms/it, NE 0.860367, loss 0.476000
Testing at - 24064/76743 of epoch 0,  NE 0.837598, loss 0.481187, accuracy 78.382 %, best 78.417 %
Finished training it 24320/76743 of epoch 0, 16.77 ms/it, NE 0.860129, loss 0.475388
Testing at - 24320/76743 of epoch 0,  NE 0.835695, loss 0.480094, accuracy 78.410 %, best 78.417 %
Finished training it 24576/76743 of epoch 0, 16.50 ms/it, NE 0.859888, loss 0.474660
Testing at - 24576/76743 of epoch 0,  NE 0.836581, loss 0.480603, accuracy 78.435 %, best 78.435 %
Finished training it 24832/76743 of epoch 0, 32.88 ms/it, NE 0.859684, loss 0.477027
Testing at - 24832/76743 of epoch 0,  NE 0.839993, loss 0.482562, accuracy 78.368 %, best 78.435 %
Finished training it 25088/76743 of epoch 0, 33.18 ms/it, NE 0.859472, loss 0.477462
Testing at - 25088/76743 of epoch 0,  NE 0.837000, loss 0.480843, accuracy 78.432 %, best 78.435 %
Finished training it 25344/76743 of epoch 0, 19.67 ms/it, NE 0.859222, loss 0.476500
Testing at - 25344/76743 of epoch 0,  NE 0.837590, loss 0.481182, accuracy 78.445 %, best 78.445 %
Finished training it 25600/76743 of epoch 0, 16.54 ms/it, NE 0.859009, loss 0.477202
Testing at - 25600/76743 of epoch 0,  NE 0.838056, loss 0.481450, accuracy 78.456 %, best 78.456 %
Finished training it 25856/76743 of epoch 0, 15.01 ms/it, NE 0.858816, loss 0.477269
Testing at - 25856/76743 of epoch 0,  NE 0.839313, loss 0.482172, accuracy 78.383 %, best 78.456 %
Finished training it 26112/76743 of epoch 0, 16.68 ms/it, NE 0.858631, loss 0.477420
Testing at - 26112/76743 of epoch 0,  NE 0.841660, loss 0.483520, accuracy 78.266 %, best 78.456 %
Finished training it 26368/76743 of epoch 0, 17.36 ms/it, NE 0.858480, loss 0.477280
Testing at - 26368/76743 of epoch 0,  NE 0.836910, loss 0.480792, accuracy 78.464 %, best 78.464 %
Finished training it 26624/76743 of epoch 0, 17.79 ms/it, NE 0.858286, loss 0.475223
Testing at - 26624/76743 of epoch 0,  NE 0.843483, loss 0.484568, accuracy 78.196 %, best 78.464 %
Finished training it 26880/76743 of epoch 0, 17.44 ms/it, NE 0.858072, loss 0.475014
Testing at - 26880/76743 of epoch 0,  NE 0.837246, loss 0.480984, accuracy 78.370 %, best 78.464 %
Finished training it 27136/76743 of epoch 0, 24.58 ms/it, NE 0.857835, loss 0.474832
Testing at - 27136/76743 of epoch 0,  NE 0.834810, loss 0.479585, accuracy 78.440 %, best 78.464 %
Finished training it 27392/76743 of epoch 0, 27.19 ms/it, NE 0.857615, loss 0.475010
Testing at - 27392/76743 of epoch 0,  NE 0.837126, loss 0.480916, accuracy 78.391 %, best 78.464 %
Finished training it 27648/76743 of epoch 0, 20.96 ms/it, NE 0.857441, loss 0.476034
Testing at - 27648/76743 of epoch 0,  NE 0.835616, loss 0.480048, accuracy 78.490 %, best 78.490 %
Finished training it 27904/76743 of epoch 0, 23.19 ms/it, NE 0.857288, loss 0.478844
Testing at - 27904/76743 of epoch 0,  NE 0.837981, loss 0.481407, accuracy 78.454 %, best 78.490 %
Finished training it 28160/76743 of epoch 0, 25.93 ms/it, NE 0.857128, loss 0.477701
Testing at - 28160/76743 of epoch 0,  NE 0.838436, loss 0.481668, accuracy 78.402 %, best 78.490 %
Finished training it 28416/76743 of epoch 0, 23.36 ms/it, NE 0.856954, loss 0.477242
Testing at - 28416/76743 of epoch 0,  NE 0.836168, loss 0.480365, accuracy 78.455 %, best 78.490 %
Finished training it 28672/76743 of epoch 0, 30.02 ms/it, NE 0.856785, loss 0.475099
Testing at - 28672/76743 of epoch 0,  NE 0.837724, loss 0.481259, accuracy 78.298 %, best 78.490 %
Finished training it 28928/76743 of epoch 0, 39.27 ms/it, NE 0.856564, loss 0.473663
Testing at - 28928/76743 of epoch 0,  NE 0.836381, loss 0.480487, accuracy 78.422 %, best 78.490 %
Finished training it 29184/76743 of epoch 0, 19.47 ms/it, NE 0.856421, loss 0.476571
Testing at - 29184/76743 of epoch 0,  NE 0.837420, loss 0.481085, accuracy 78.510 %, best 78.510 %
Finished training it 29440/76743 of epoch 0, 39.52 ms/it, NE 0.856222, loss 0.474241
Testing at - 29440/76743 of epoch 0,  NE 0.834634, loss 0.479484, accuracy 78.461 %, best 78.510 %
Finished training it 29696/76743 of epoch 0, 22.44 ms/it, NE 0.856049, loss 0.476227
Testing at - 29696/76743 of epoch 0,  NE 0.839303, loss 0.482166, accuracy 78.231 %, best 78.510 %
Finished training it 29952/76743 of epoch 0, 17.27 ms/it, NE 0.855872, loss 0.478118
Testing at - 29952/76743 of epoch 0,  NE 0.842735, loss 0.484138, accuracy 78.202 %, best 78.510 %
Finished training it 30208/76743 of epoch 0, 14.36 ms/it, NE 0.855689, loss 0.472358
Testing at - 30208/76743 of epoch 0,  NE 0.832560, loss 0.478293, accuracy 78.501 %, best 78.510 %
Finished training it 30464/76743 of epoch 0, 14.38 ms/it, NE 0.855509, loss 0.474389
Testing at - 30464/76743 of epoch 0,  NE 0.835411, loss 0.479930, accuracy 78.462 %, best 78.510 %
Finished training it 30720/76743 of epoch 0, 18.59 ms/it, NE 0.855335, loss 0.475424
Testing at - 30720/76743 of epoch 0,  NE 0.833554, loss 0.478863, accuracy 78.475 %, best 78.510 %
Finished training it 30976/76743 of epoch 0, 16.96 ms/it, NE 0.855185, loss 0.477293
Testing at - 30976/76743 of epoch 0,  NE 0.835021, loss 0.479706, accuracy 78.528 %, best 78.528 %
Finished training it 31232/76743 of epoch 0, 17.89 ms/it, NE 0.855032, loss 0.474960
Testing at - 31232/76743 of epoch 0,  NE 0.833754, loss 0.478979, accuracy 78.465 %, best 78.528 %
Finished training it 31488/76743 of epoch 0, 18.23 ms/it, NE 0.854861, loss 0.475986
Testing at - 31488/76743 of epoch 0,  NE 0.835450, loss 0.479953, accuracy 78.397 %, best 78.528 %
Finished training it 31744/76743 of epoch 0, 17.03 ms/it, NE 0.854725, loss 0.477316
Testing at - 31744/76743 of epoch 0,  NE 0.834962, loss 0.479673, accuracy 78.477 %, best 78.528 %
Finished training it 32000/76743 of epoch 0, 19.49 ms/it, NE 0.854566, loss 0.473719
Testing at - 32000/76743 of epoch 0,  NE 0.832714, loss 0.478381, accuracy 78.530 %, best 78.530 %
Finished training it 32256/76743 of epoch 0, 17.81 ms/it, NE 0.854416, loss 0.475273
Testing at - 32256/76743 of epoch 0,  NE 0.835541, loss 0.480005, accuracy 78.454 %, best 78.530 %
Finished training it 32512/76743 of epoch 0, 16.56 ms/it, NE 0.854278, loss 0.477257
Testing at - 32512/76743 of epoch 0,  NE 0.835923, loss 0.480224, accuracy 78.522 %, best 78.530 %
Finished training it 32768/76743 of epoch 0, 16.43 ms/it, NE 0.854153, loss 0.476486
Testing at - 32768/76743 of epoch 0,  NE 0.835179, loss 0.479797, accuracy 78.497 %, best 78.530 %
Finished training it 33024/76743 of epoch 0, 17.53 ms/it, NE 0.853998, loss 0.475418
Testing at - 33024/76743 of epoch 0,  NE 0.835298, loss 0.479865, accuracy 78.495 %, best 78.530 %
Finished training it 33280/76743 of epoch 0, 18.93 ms/it, NE 0.853837, loss 0.473508
Testing at - 33280/76743 of epoch 0,  NE 0.836243, loss 0.480408, accuracy 78.478 %, best 78.530 %
Finished training it 33536/76743 of epoch 0, 16.55 ms/it, NE 0.853665, loss 0.473480
Testing at - 33536/76743 of epoch 0,  NE 0.834017, loss 0.479129, accuracy 78.544 %, best 78.544 %
Finished training it 33792/76743 of epoch 0, 16.46 ms/it, NE 0.853514, loss 0.472413
Testing at - 33792/76743 of epoch 0,  NE 0.830991, loss 0.477391, accuracy 78.545 %, best 78.545 %
Finished training it 34048/76743 of epoch 0, 17.94 ms/it, NE 0.853377, loss 0.474752
Testing at - 34048/76743 of epoch 0,  NE 0.834009, loss 0.479125, accuracy 78.505 %, best 78.545 %
Finished training it 34304/76743 of epoch 0, 19.63 ms/it, NE 0.853231, loss 0.474293
Testing at - 34304/76743 of epoch 0,  NE 0.835360, loss 0.479901, accuracy 78.506 %, best 78.545 %
Finished training it 34560/76743 of epoch 0, 18.97 ms/it, NE 0.853096, loss 0.476341
Testing at - 34560/76743 of epoch 0,  NE 0.832379, loss 0.478188, accuracy 78.549 %, best 78.549 %
Finished training it 34816/76743 of epoch 0, 17.99 ms/it, NE 0.852967, loss 0.474813
Testing at - 34816/76743 of epoch 0,  NE 0.834955, loss 0.479668, accuracy 78.471 %, best 78.549 %
Finished training it 35072/76743 of epoch 0, 16.35 ms/it, NE 0.852791, loss 0.471498
Testing at - 35072/76743 of epoch 0,  NE 0.833496, loss 0.478830, accuracy 78.492 %, best 78.549 %
Finished training it 35328/76743 of epoch 0, 16.70 ms/it, NE 0.852666, loss 0.473919
Testing at - 35328/76743 of epoch 0,  NE 0.831580, loss 0.477729, accuracy 78.532 %, best 78.549 %
Finished training it 35584/76743 of epoch 0, 14.33 ms/it, NE 0.852514, loss 0.471501
Testing at - 35584/76743 of epoch 0,  NE 0.832340, loss 0.478166, accuracy 78.508 %, best 78.549 %
Finished training it 35840/76743 of epoch 0, 13.39 ms/it, NE 0.852380, loss 0.472723
Testing at - 35840/76743 of epoch 0,  NE 0.849671, loss 0.488123, accuracy 77.784 %, best 78.549 %
Finished training it 36096/76743 of epoch 0, 13.29 ms/it, NE 0.852261, loss 0.473961
Testing at - 36096/76743 of epoch 0,  NE 0.832388, loss 0.478194, accuracy 78.565 %, best 78.565 %
Finished training it 36352/76743 of epoch 0, 14.90 ms/it, NE 0.852121, loss 0.476075
Testing at - 36352/76743 of epoch 0,  NE 0.836662, loss 0.480649, accuracy 78.484 %, best 78.565 %
Finished training it 36608/76743 of epoch 0, 14.90 ms/it, NE 0.851989, loss 0.473053
Testing at - 36608/76743 of epoch 0,  NE 0.831447, loss 0.477653, accuracy 78.588 %, best 78.588 %
Finished training it 36864/76743 of epoch 0, 15.93 ms/it, NE 0.851854, loss 0.472276
Testing at - 36864/76743 of epoch 0,  NE 0.836498, loss 0.480555, accuracy 78.396 %, best 78.588 %
Finished training it 37120/76743 of epoch 0, 15.79 ms/it, NE 0.851696, loss 0.471156
Testing at - 37120/76743 of epoch 0,  NE 0.831907, loss 0.477917, accuracy 78.507 %, best 78.588 %
Finished training it 37376/76743 of epoch 0, 17.42 ms/it, NE 0.851546, loss 0.471588
Testing at - 37376/76743 of epoch 0,  NE 0.835127, loss 0.479767, accuracy 78.449 %, best 78.588 %
Finished training it 37632/76743 of epoch 0, 17.82 ms/it, NE 0.851438, loss 0.473717
Testing at - 37632/76743 of epoch 0,  NE 0.830946, loss 0.477365, accuracy 78.563 %, best 78.588 %
Finished training it 37888/76743 of epoch 0, 16.16 ms/it, NE 0.851280, loss 0.469642
Testing at - 37888/76743 of epoch 0,  NE 0.838823, loss 0.481891, accuracy 78.261 %, best 78.588 %
Finished training it 38144/76743 of epoch 0, 17.94 ms/it, NE 0.851137, loss 0.470588
Testing at - 38144/76743 of epoch 0,  NE 0.830253, loss 0.476967, accuracy 78.569 %, best 78.588 %
Finished training it 38400/76743 of epoch 0, 17.93 ms/it, NE 0.851014, loss 0.473658
Testing at - 38400/76743 of epoch 0,  NE 0.832070, loss 0.478011, accuracy 78.508 %, best 78.588 %
Finished training it 38656/76743 of epoch 0, 19.62 ms/it, NE 0.850881, loss 0.472054
Testing at - 38656/76743 of epoch 0,  NE 0.832170, loss 0.478068, accuracy 78.568 %, best 78.588 %
Finished training it 38912/76743 of epoch 0, 16.07 ms/it, NE 0.850763, loss 0.472735
Testing at - 38912/76743 of epoch 0,  NE 0.831915, loss 0.477922, accuracy 78.510 %, best 78.588 %
Finished training it 39168/76743 of epoch 0, 15.83 ms/it, NE 0.850636, loss 0.472414
Testing at - 39168/76743 of epoch 0,  NE 0.830740, loss 0.477247, accuracy 78.574 %, best 78.588 %
Finished training it 39424/76743 of epoch 0, 15.62 ms/it, NE 0.850507, loss 0.470219
Testing at - 39424/76743 of epoch 0,  NE 0.829931, loss 0.476782, accuracy 78.603 %, best 78.603 %
Finished training it 39680/76743 of epoch 0, 16.39 ms/it, NE 0.850371, loss 0.472800
Testing at - 39680/76743 of epoch 0,  NE 0.833300, loss 0.478718, accuracy 78.510 %, best 78.603 %
Finished training it 39936/76743 of epoch 0, 16.00 ms/it, NE 0.850258, loss 0.473225
Testing at - 39936/76743 of epoch 0,  NE 0.840208, loss 0.482686, accuracy 78.354 %, best 78.603 %
Finished training it 40192/76743 of epoch 0, 17.33 ms/it, NE 0.850158, loss 0.473893
Testing at - 40192/76743 of epoch 0,  NE 0.831640, loss 0.477764, accuracy 78.583 %, best 78.603 %
Finished training it 40448/76743 of epoch 0, 20.18 ms/it, NE 0.850064, loss 0.474713
Testing at - 40448/76743 of epoch 0,  NE 0.832543, loss 0.478282, accuracy 78.532 %, best 78.603 %
Finished training it 40704/76743 of epoch 0, 15.87 ms/it, NE 0.849974, loss 0.474785
Testing at - 40704/76743 of epoch 0,  NE 0.837151, loss 0.480930, accuracy 78.344 %, best 78.603 %
Finished training it 40960/76743 of epoch 0, 16.34 ms/it, NE 0.849870, loss 0.474760
Testing at - 40960/76743 of epoch 0,  NE 0.836036, loss 0.480289, accuracy 78.502 %, best 78.603 %
Finished training it 41216/76743 of epoch 0, 17.40 ms/it, NE 0.849785, loss 0.473922
Testing at - 41216/76743 of epoch 0,  NE 0.835361, loss 0.479901, accuracy 78.488 %, best 78.603 %
Finished training it 41472/76743 of epoch 0, 13.99 ms/it, NE 0.849686, loss 0.473807
Testing at - 41472/76743 of epoch 0,  NE 0.833454, loss 0.478806, accuracy 78.560 %, best 78.603 %
Finished training it 41728/76743 of epoch 0, 16.61 ms/it, NE 0.849591, loss 0.475461
Testing at - 41728/76743 of epoch 0,  NE 0.834579, loss 0.479452, accuracy 78.484 %, best 78.603 %
Finished training it 41984/76743 of epoch 0, 17.62 ms/it, NE 0.849502, loss 0.474795
Testing at - 41984/76743 of epoch 0,  NE 0.833396, loss 0.478773, accuracy 78.599 %, best 78.603 %
Finished training it 42240/76743 of epoch 0, 15.07 ms/it, NE 0.849395, loss 0.472085
Testing at - 42240/76743 of epoch 0,  NE 0.830241, loss 0.476960, accuracy 78.588 %, best 78.603 %
Finished training it 42496/76743 of epoch 0, 18.56 ms/it, NE 0.849286, loss 0.472938
Testing at - 42496/76743 of epoch 0,  NE 0.831661, loss 0.477776, accuracy 78.499 %, best 78.603 %
Finished training it 42752/76743 of epoch 0, 14.55 ms/it, NE 0.849157, loss 0.469098
Testing at - 42752/76743 of epoch 0,  NE 0.835240, loss 0.479832, accuracy 78.356 %, best 78.603 %
Finished training it 43008/76743 of epoch 0, 15.86 ms/it, NE 0.849055, loss 0.471528
Testing at - 43008/76743 of epoch 0,  NE 0.831475, loss 0.477669, accuracy 78.556 %, best 78.603 %
Finished training it 43264/76743 of epoch 0, 16.03 ms/it, NE 0.848955, loss 0.473875
Testing at - 43264/76743 of epoch 0,  NE 0.831786, loss 0.477848, accuracy 78.591 %, best 78.603 %
Finished training it 43520/76743 of epoch 0, 13.72 ms/it, NE 0.848841, loss 0.471864
Testing at - 43520/76743 of epoch 0,  NE 0.831065, loss 0.477434, accuracy 78.590 %, best 78.603 %
Finished training it 43776/76743 of epoch 0, 22.45 ms/it, NE 0.848730, loss 0.471740
Testing at - 43776/76743 of epoch 0,  NE 0.832628, loss 0.478331, accuracy 78.526 %, best 78.603 %
Finished training it 44032/76743 of epoch 0, 33.31 ms/it, NE 0.848630, loss 0.472028
Testing at - 44032/76743 of epoch 0,  NE 0.829583, loss 0.476582, accuracy 78.609 %, best 78.609 %
Finished training it 44288/76743 of epoch 0, 42.19 ms/it, NE 0.848495, loss 0.468463
Testing at - 44288/76743 of epoch 0,  NE 0.831613, loss 0.477748, accuracy 78.557 %, best 78.609 %
Finished training it 44544/76743 of epoch 0, 14.39 ms/it, NE 0.848388, loss 0.471074
Testing at - 44544/76743 of epoch 0,  NE 0.833642, loss 0.478914, accuracy 78.431 %, best 78.609 %
Finished training it 44800/76743 of epoch 0, 14.07 ms/it, NE 0.848282, loss 0.471421
Testing at - 44800/76743 of epoch 0,  NE 0.833844, loss 0.479030, accuracy 78.471 %, best 78.609 %
Finished training it 45056/76743 of epoch 0, 14.00 ms/it, NE 0.848190, loss 0.472926
Testing at - 45056/76743 of epoch 0,  NE 0.831456, loss 0.477658, accuracy 78.559 %, best 78.609 %
Finished training it 45312/76743 of epoch 0, 15.97 ms/it, NE 0.848110, loss 0.473926
Testing at - 45312/76743 of epoch 0,  NE 0.830599, loss 0.477166, accuracy 78.613 %, best 78.613 %
Finished training it 45568/76743 of epoch 0, 16.92 ms/it, NE 0.848028, loss 0.474151
Testing at - 45568/76743 of epoch 0,  NE 0.833605, loss 0.478893, accuracy 78.502 %, best 78.613 %
Finished training it 45824/76743 of epoch 0, 14.50 ms/it, NE 0.847939, loss 0.472280
Testing at - 45824/76743 of epoch 0,  NE 0.829296, loss 0.476418, accuracy 78.630 %, best 78.630 %
Finished training it 46080/76743 of epoch 0, 14.88 ms/it, NE 0.847840, loss 0.472013
Testing at - 46080/76743 of epoch 0,  NE 0.830387, loss 0.477044, accuracy 78.616 %, best 78.630 %
Finished training it 46336/76743 of epoch 0, 14.61 ms/it, NE 0.847755, loss 0.473991
Testing at - 46336/76743 of epoch 0,  NE 0.830424, loss 0.477065, accuracy 78.636 %, best 78.636 %
Finished training it 46592/76743 of epoch 0, 15.29 ms/it, NE 0.847663, loss 0.471849
Testing at - 46592/76743 of epoch 0,  NE 0.831947, loss 0.477940, accuracy 78.506 %, best 78.636 %
Finished training it 46848/76743 of epoch 0, 14.43 ms/it, NE 0.847559, loss 0.472366
Testing at - 46848/76743 of epoch 0,  NE 0.832160, loss 0.478063, accuracy 78.630 %, best 78.636 %
Finished training it 47104/76743 of epoch 0, 13.58 ms/it, NE 0.847464, loss 0.470631
Testing at - 47104/76743 of epoch 0,  NE 0.831354, loss 0.477599, accuracy 78.466 %, best 78.636 %
Finished training it 47360/76743 of epoch 0, 13.64 ms/it, NE 0.847391, loss 0.475406
Testing at - 47360/76743 of epoch 0,  NE 0.830572, loss 0.477151, accuracy 78.649 %, best 78.649 %
Finished training it 47616/76743 of epoch 0, 13.18 ms/it, NE 0.847332, loss 0.473275
Testing at - 47616/76743 of epoch 0,  NE 0.830261, loss 0.476972, accuracy 78.621 %, best 78.649 %
Finished training it 47872/76743 of epoch 0, 13.71 ms/it, NE 0.847247, loss 0.471466
Testing at - 47872/76743 of epoch 0,  NE 0.828772, loss 0.476117, accuracy 78.621 %, best 78.649 %
Finished training it 48128/76743 of epoch 0, 14.25 ms/it, NE 0.847147, loss 0.469130
Testing at - 48128/76743 of epoch 0,  NE 0.829468, loss 0.476516, accuracy 78.639 %, best 78.649 %
Finished training it 48384/76743 of epoch 0, 13.64 ms/it, NE 0.847058, loss 0.472574
Testing at - 48384/76743 of epoch 0,  NE 0.829274, loss 0.476405, accuracy 78.656 %, best 78.656 %
Finished training it 48640/76743 of epoch 0, 14.08 ms/it, NE 0.846967, loss 0.472304
Testing at - 48640/76743 of epoch 0,  NE 0.831285, loss 0.477560, accuracy 78.595 %, best 78.656 %
Finished training it 48896/76743 of epoch 0, 13.74 ms/it, NE 0.846885, loss 0.474477
Testing at - 48896/76743 of epoch 0,  NE 0.830138, loss 0.476901, accuracy 78.667 %, best 78.667 %
Finished training it 49152/76743 of epoch 0, 15.70 ms/it, NE 0.846801, loss 0.472845
Testing at - 49152/76743 of epoch 0,  NE 0.831701, loss 0.477799, accuracy 78.609 %, best 78.667 %
Finished training it 49408/76743 of epoch 0, 12.93 ms/it, NE 0.846703, loss 0.472172
Testing at - 49408/76743 of epoch 0,  NE 0.831547, loss 0.477711, accuracy 78.623 %, best 78.667 %
Finished training it 49664/76743 of epoch 0, 12.75 ms/it, NE 0.846620, loss 0.472696
Testing at - 49664/76743 of epoch 0,  NE 0.829137, loss 0.476326, accuracy 78.622 %, best 78.667 %
Finished training it 49920/76743 of epoch 0, 13.57 ms/it, NE 0.846543, loss 0.473789
Testing at - 49920/76743 of epoch 0,  NE 0.830209, loss 0.476942, accuracy 78.637 %, best 78.667 %
Finished training it 50176/76743 of epoch 0, 13.94 ms/it, NE 0.846466, loss 0.472333
Testing at - 50176/76743 of epoch 0,  NE 0.836252, loss 0.480414, accuracy 78.353 %, best 78.667 %
Finished training it 50432/76743 of epoch 0, 15.04 ms/it, NE 0.846391, loss 0.472366
Testing at - 50432/76743 of epoch 0,  NE 0.831694, loss 0.477795, accuracy 78.583 %, best 78.667 %
Finished training it 50688/76743 of epoch 0, 14.56 ms/it, NE 0.846310, loss 0.470558
Testing at - 50688/76743 of epoch 0,  NE 0.828350, loss 0.475874, accuracy 78.651 %, best 78.667 %
Finished training it 50944/76743 of epoch 0, 15.21 ms/it, NE 0.846220, loss 0.469961
Testing at - 50944/76743 of epoch 0,  NE 0.829482, loss 0.476524, accuracy 78.659 %, best 78.667 %
Finished training it 51200/76743 of epoch 0, 14.41 ms/it, NE 0.846123, loss 0.469486
Testing at - 51200/76743 of epoch 0,  NE 0.828129, loss 0.475747, accuracy 78.623 %, best 78.667 %
Finished training it 51456/76743 of epoch 0, 22.25 ms/it, NE 0.846049, loss 0.471527
Testing at - 51456/76743 of epoch 0,  NE 0.831906, loss 0.477917, accuracy 78.559 %, best 78.667 %
Finished training it 51712/76743 of epoch 0, 13.56 ms/it, NE 0.845973, loss 0.469306
Testing at - 51712/76743 of epoch 0,  NE 0.828187, loss 0.475780, accuracy 78.645 %, best 78.667 %
Finished training it 51968/76743 of epoch 0, 14.09 ms/it, NE 0.845889, loss 0.470983
Testing at - 51968/76743 of epoch 0,  NE 0.831599, loss 0.477741, accuracy 78.533 %, best 78.667 %
Finished training it 52224/76743 of epoch 0, 14.47 ms/it, NE 0.845806, loss 0.472579
Testing at - 52224/76743 of epoch 0,  NE 0.829502, loss 0.476536, accuracy 78.641 %, best 78.667 %
Finished training it 52480/76743 of epoch 0, 14.88 ms/it, NE 0.845714, loss 0.470016
Testing at - 52480/76743 of epoch 0,  NE 0.830417, loss 0.477062, accuracy 78.607 %, best 78.667 %
Finished training it 52736/76743 of epoch 0, 13.08 ms/it, NE 0.845633, loss 0.472277
Testing at - 52736/76743 of epoch 0,  NE 0.827731, loss 0.475519, accuracy 78.650 %, best 78.667 %
Finished training it 52992/76743 of epoch 0, 14.24 ms/it, NE 0.845542, loss 0.469527
Testing at - 52992/76743 of epoch 0,  NE 0.826646, loss 0.474895, accuracy 78.660 %, best 78.667 %
Finished training it 53248/76743 of epoch 0, 13.79 ms/it, NE 0.845454, loss 0.468669
Testing at - 53248/76743 of epoch 0,  NE 0.831113, loss 0.477461, accuracy 78.584 %, best 78.667 %
Finished training it 53504/76743 of epoch 0, 15.11 ms/it, NE 0.845366, loss 0.471066
Testing at - 53504/76743 of epoch 0,  NE 0.827315, loss 0.475279, accuracy 78.674 %, best 78.674 %
Finished training it 53760/76743 of epoch 0, 13.71 ms/it, NE 0.845283, loss 0.469843
Testing at - 53760/76743 of epoch 0,  NE 0.829420, loss 0.476488, accuracy 78.605 %, best 78.674 %
Finished training it 54016/76743 of epoch 0, 13.44 ms/it, NE 0.845177, loss 0.468782
Testing at - 54016/76743 of epoch 0,  NE 0.826460, loss 0.474788, accuracy 78.662 %, best 78.674 %
Finished training it 54272/76743 of epoch 0, 14.27 ms/it, NE 0.845095, loss 0.470272
Testing at - 54272/76743 of epoch 0,  NE 0.828134, loss 0.475750, accuracy 78.650 %, best 78.674 %
Finished training it 54528/76743 of epoch 0, 13.65 ms/it, NE 0.845021, loss 0.470779
Testing at - 54528/76743 of epoch 0,  NE 0.830447, loss 0.477079, accuracy 78.558 %, best 78.674 %
Finished training it 54784/76743 of epoch 0, 13.79 ms/it, NE 0.844939, loss 0.470654
Testing at - 54784/76743 of epoch 0,  NE 0.829085, loss 0.476296, accuracy 78.656 %, best 78.674 %
Finished training it 55040/76743 of epoch 0, 13.65 ms/it, NE 0.844855, loss 0.469692
Testing at - 55040/76743 of epoch 0,  NE 0.826486, loss 0.474803, accuracy 78.685 %, best 78.685 %
Finished training it 55296/76743 of epoch 0, 13.64 ms/it, NE 0.844763, loss 0.467890
Testing at - 55296/76743 of epoch 0,  NE 0.830771, loss 0.477265, accuracy 78.544 %, best 78.685 %
Finished training it 55552/76743 of epoch 0, 13.03 ms/it, NE 0.844689, loss 0.471617
Testing at - 55552/76743 of epoch 0,  NE 0.826923, loss 0.475054, accuracy 78.703 %, best 78.703 %
Finished training it 55808/76743 of epoch 0, 13.76 ms/it, NE 0.844600, loss 0.471271
Testing at - 55808/76743 of epoch 0,  NE 0.831858, loss 0.477889, accuracy 78.557 %, best 78.703 %
Finished training it 56064/76743 of epoch 0, 14.20 ms/it, NE 0.844534, loss 0.472060
Testing at - 56064/76743 of epoch 0,  NE 0.827111, loss 0.475162, accuracy 78.678 %, best 78.703 %
Finished training it 56320/76743 of epoch 0, 13.14 ms/it, NE 0.844458, loss 0.472634
Testing at - 56320/76743 of epoch 0,  NE 0.828150, loss 0.475759, accuracy 78.688 %, best 78.703 %
Finished training it 56576/76743 of epoch 0, 14.55 ms/it, NE 0.844372, loss 0.468656
Testing at - 56576/76743 of epoch 0,  NE 0.826934, loss 0.475060, accuracy 78.692 %, best 78.703 %
Finished training it 56832/76743 of epoch 0, 14.82 ms/it, NE 0.844308, loss 0.473687
Testing at - 56832/76743 of epoch 0,  NE 0.831048, loss 0.477424, accuracy 78.569 %, best 78.703 %
Finished training it 57088/76743 of epoch 0, 14.86 ms/it, NE 0.844253, loss 0.471956
Testing at - 57088/76743 of epoch 0,  NE 0.827765, loss 0.475538, accuracy 78.652 %, best 78.703 %
Finished training it 57344/76743 of epoch 0, 14.81 ms/it, NE 0.844170, loss 0.470345
Testing at - 57344/76743 of epoch 0,  NE 0.827198, loss 0.475212, accuracy 78.720 %, best 78.720 %
Finished training it 57600/76743 of epoch 0, 14.10 ms/it, NE 0.844095, loss 0.469835
Testing at - 57600/76743 of epoch 0,  NE 0.827018, loss 0.475109, accuracy 78.711 %, best 78.720 %
Finished training it 57856/76743 of epoch 0, 13.80 ms/it, NE 0.844023, loss 0.470307
Testing at - 57856/76743 of epoch 0,  NE 0.826079, loss 0.474569, accuracy 78.705 %, best 78.720 %
Finished training it 58112/76743 of epoch 0, 14.16 ms/it, NE 0.843948, loss 0.471627
Testing at - 58112/76743 of epoch 0,  NE 0.827797, loss 0.475556, accuracy 78.706 %, best 78.720 %
Finished training it 58368/76743 of epoch 0, 14.73 ms/it, NE 0.843886, loss 0.472011
Testing at - 58368/76743 of epoch 0,  NE 0.825177, loss 0.474051, accuracy 78.705 %, best 78.720 %
Finished training it 58624/76743 of epoch 0, 14.71 ms/it, NE 0.843825, loss 0.471332
Testing at - 58624/76743 of epoch 0,  NE 0.827893, loss 0.475611, accuracy 78.654 %, best 78.720 %
Finished training it 58880/76743 of epoch 0, 13.73 ms/it, NE 0.843759, loss 0.470993
Testing at - 58880/76743 of epoch 0,  NE 0.826857, loss 0.475016, accuracy 78.691 %, best 78.720 %
Finished training it 59136/76743 of epoch 0, 13.86 ms/it, NE 0.843694, loss 0.473564
Testing at - 59136/76743 of epoch 0,  NE 0.828181, loss 0.475777, accuracy 78.675 %, best 78.720 %
Finished training it 59392/76743 of epoch 0, 13.67 ms/it, NE 0.843633, loss 0.470096
Testing at - 59392/76743 of epoch 0,  NE 0.833036, loss 0.478566, accuracy 78.470 %, best 78.720 %
Finished training it 59648/76743 of epoch 0, 13.58 ms/it, NE 0.843572, loss 0.470838
Testing at - 59648/76743 of epoch 0,  NE 0.827169, loss 0.475196, accuracy 78.719 %, best 78.720 %
Finished training it 59904/76743 of epoch 0, 13.41 ms/it, NE 0.843501, loss 0.473523
Testing at - 59904/76743 of epoch 0,  NE 0.826539, loss 0.474834, accuracy 78.708 %, best 78.720 %
Finished training it 60160/76743 of epoch 0, 13.88 ms/it, NE 0.843433, loss 0.470532
Testing at - 60160/76743 of epoch 0,  NE 0.826719, loss 0.474937, accuracy 78.709 %, best 78.720 %
Finished training it 60416/76743 of epoch 0, 14.14 ms/it, NE 0.843361, loss 0.468626
Testing at - 60416/76743 of epoch 0,  NE 0.826619, loss 0.474879, accuracy 78.648 %, best 78.720 %
Finished training it 60672/76743 of epoch 0, 13.29 ms/it, NE 0.843287, loss 0.470089
Testing at - 60672/76743 of epoch 0,  NE 0.827010, loss 0.475104, accuracy 78.684 %, best 78.720 %
Finished training it 60928/76743 of epoch 0, 13.92 ms/it, NE 0.843223, loss 0.470203
Testing at - 60928/76743 of epoch 0,  NE 0.827519, loss 0.475396, accuracy 78.700 %, best 78.720 %
Finished training it 61184/76743 of epoch 0, 13.33 ms/it, NE 0.843166, loss 0.471229
Testing at - 61184/76743 of epoch 0,  NE 0.826029, loss 0.474540, accuracy 78.698 %, best 78.720 %
Finished training it 61440/76743 of epoch 0, 13.96 ms/it, NE 0.843088, loss 0.469798
Testing at - 61440/76743 of epoch 0,  NE 0.827695, loss 0.475497, accuracy 78.707 %, best 78.720 %
Finished training it 61696/76743 of epoch 0, 13.63 ms/it, NE 0.843017, loss 0.468993
Testing at - 61696/76743 of epoch 0,  NE 0.824780, loss 0.473823, accuracy 78.735 %, best 78.735 %
Finished training it 61952/76743 of epoch 0, 13.69 ms/it, NE 0.842943, loss 0.468331
Testing at - 61952/76743 of epoch 0,  NE 0.824821, loss 0.473847, accuracy 78.702 %, best 78.735 %
Finished training it 62208/76743 of epoch 0, 14.61 ms/it, NE 0.842874, loss 0.468900
Testing at - 62208/76743 of epoch 0,  NE 0.826688, loss 0.474919, accuracy 78.745 %, best 78.745 %
Finished training it 62464/76743 of epoch 0, 14.09 ms/it, NE 0.842823, loss 0.472128
Testing at - 62464/76743 of epoch 0,  NE 0.830433, loss 0.477071, accuracy 78.620 %, best 78.745 %
Finished training it 62720/76743 of epoch 0, 12.85 ms/it, NE 0.842760, loss 0.471118
Testing at - 62720/76743 of epoch 0,  NE 0.826942, loss 0.475065, accuracy 78.710 %, best 78.745 %
Finished training it 62976/76743 of epoch 0, 13.04 ms/it, NE 0.842705, loss 0.470884
Testing at - 62976/76743 of epoch 0,  NE 0.827308, loss 0.475275, accuracy 78.700 %, best 78.745 %
Finished training it 63232/76743 of epoch 0, 14.63 ms/it, NE 0.842615, loss 0.468069
Testing at - 63232/76743 of epoch 0,  NE 0.825433, loss 0.474198, accuracy 78.704 %, best 78.745 %
Finished training it 63488/76743 of epoch 0, 15.21 ms/it, NE 0.842540, loss 0.468592
Testing at - 63488/76743 of epoch 0,  NE 0.824984, loss 0.473940, accuracy 78.730 %, best 78.745 %
Finished training it 63744/76743 of epoch 0, 14.60 ms/it, NE 0.842476, loss 0.470145
Testing at - 63744/76743 of epoch 0,  NE 0.826278, loss 0.474684, accuracy 78.699 %, best 78.745 %
Finished training it 64000/76743 of epoch 0, 14.13 ms/it, NE 0.842423, loss 0.471698
Testing at - 64000/76743 of epoch 0,  NE 0.826426, loss 0.474768, accuracy 78.714 %, best 78.745 %
Finished training it 64256/76743 of epoch 0, 14.22 ms/it, NE 0.842358, loss 0.469837
Testing at - 64256/76743 of epoch 0,  NE 0.828261, loss 0.475823, accuracy 78.703 %, best 78.745 %
Finished training it 64512/76743 of epoch 0, 14.09 ms/it, NE 0.842290, loss 0.469107
Testing at - 64512/76743 of epoch 0,  NE 0.826311, loss 0.474702, accuracy 78.701 %, best 78.745 %
Finished training it 64768/76743 of epoch 0, 14.00 ms/it, NE 0.842230, loss 0.468205
Testing at - 64768/76743 of epoch 0,  NE 0.828009, loss 0.475678, accuracy 78.635 %, best 78.745 %
Finished training it 65024/76743 of epoch 0, 13.55 ms/it, NE 0.842165, loss 0.468537
Testing at - 65024/76743 of epoch 0,  NE 0.826012, loss 0.474531, accuracy 78.720 %, best 78.745 %
Finished training it 65280/76743 of epoch 0, 13.17 ms/it, NE 0.842102, loss 0.471045
Testing at - 65280/76743 of epoch 0,  NE 0.826437, loss 0.474775, accuracy 78.730 %, best 78.745 %
Finished training it 65536/76743 of epoch 0, 13.59 ms/it, NE 0.842044, loss 0.469265
Testing at - 65536/76743 of epoch 0,  NE 0.832226, loss 0.478101, accuracy 78.564 %, best 78.745 %
Finished training it 65792/76743 of epoch 0, 14.44 ms/it, NE 0.841989, loss 0.472248
Testing at - 65792/76743 of epoch 0,  NE 0.830071, loss 0.476863, accuracy 78.592 %, best 78.745 %
Finished training it 66048/76743 of epoch 0, 13.45 ms/it, NE 0.841929, loss 0.471234
Testing at - 66048/76743 of epoch 0,  NE 0.826196, loss 0.474636, accuracy 78.699 %, best 78.745 %
Finished training it 66304/76743 of epoch 0, 13.74 ms/it, NE 0.841865, loss 0.468481
Testing at - 66304/76743 of epoch 0,  NE 0.825844, loss 0.474434, accuracy 78.730 %, best 78.745 %
Finished training it 66560/76743 of epoch 0, 13.62 ms/it, NE 0.841798, loss 0.468778
Testing at - 66560/76743 of epoch 0,  NE 0.825885, loss 0.474458, accuracy 78.742 %, best 78.745 %
Finished training it 66816/76743 of epoch 0, 12.58 ms/it, NE 0.841739, loss 0.471213
Testing at - 66816/76743 of epoch 0,  NE 0.838213, loss 0.481540, accuracy 78.212 %, best 78.745 %
Finished training it 67072/76743 of epoch 0, 13.61 ms/it, NE 0.841693, loss 0.471382
Testing at - 67072/76743 of epoch 0,  NE 0.828829, loss 0.476149, accuracy 78.696 %, best 78.745 %
Finished training it 67328/76743 of epoch 0, 14.27 ms/it, NE 0.841637, loss 0.468957
Testing at - 67328/76743 of epoch 0,  NE 0.828086, loss 0.475722, accuracy 78.693 %, best 78.745 %
Finished training it 67584/76743 of epoch 0, 13.47 ms/it, NE 0.841581, loss 0.471130
Testing at - 67584/76743 of epoch 0,  NE 0.826324, loss 0.474710, accuracy 78.729 %, best 78.745 %
Finished training it 67840/76743 of epoch 0, 13.96 ms/it, NE 0.841517, loss 0.467377
Testing at - 67840/76743 of epoch 0,  NE 0.824496, loss 0.473660, accuracy 78.749 %, best 78.749 %
Finished training it 68096/76743 of epoch 0, 13.01 ms/it, NE 0.841462, loss 0.469978
Testing at - 68096/76743 of epoch 0,  NE 0.830161, loss 0.476914, accuracy 78.561 %, best 78.749 %
Finished training it 68352/76743 of epoch 0, 13.67 ms/it, NE 0.841403, loss 0.469105
Testing at - 68352/76743 of epoch 0,  NE 0.825426, loss 0.474194, accuracy 78.746 %, best 78.749 %
Finished training it 68608/76743 of epoch 0, 13.41 ms/it, NE 0.841342, loss 0.469523
Testing at - 68608/76743 of epoch 0,  NE 0.824933, loss 0.473911, accuracy 78.748 %, best 78.749 %
Finished training it 68864/76743 of epoch 0, 13.64 ms/it, NE 0.841287, loss 0.470460
Testing at - 68864/76743 of epoch 0,  NE 0.826418, loss 0.474764, accuracy 78.738 %, best 78.749 %
Finished training it 69120/76743 of epoch 0, 14.34 ms/it, NE 0.841236, loss 0.470548
Testing at - 69120/76743 of epoch 0,  NE 0.827066, loss 0.475136, accuracy 78.727 %, best 78.749 %
Finished training it 69376/76743 of epoch 0, 14.41 ms/it, NE 0.841169, loss 0.466634
Testing at - 69376/76743 of epoch 0,  NE 0.825309, loss 0.474127, accuracy 78.734 %, best 78.749 %
Finished training it 69632/76743 of epoch 0, 13.26 ms/it, NE 0.841117, loss 0.472279
Testing at - 69632/76743 of epoch 0,  NE 0.827787, loss 0.475551, accuracy 78.669 %, best 78.749 %
Finished training it 69888/76743 of epoch 0, 12.97 ms/it, NE 0.841073, loss 0.472844
Testing at - 69888/76743 of epoch 0,  NE 0.826450, loss 0.474782, accuracy 78.770 %, best 78.770 %
Finished training it 70144/76743 of epoch 0, 13.53 ms/it, NE 0.841021, loss 0.470516
Testing at - 70144/76743 of epoch 0,  NE 0.827070, loss 0.475139, accuracy 78.756 %, best 78.770 %
Finished training it 70400/76743 of epoch 0, 14.44 ms/it, NE 0.840977, loss 0.468409
Testing at - 70400/76743 of epoch 0,  NE 0.826389, loss 0.474747, accuracy 78.675 %, best 78.770 %
Finished training it 70656/76743 of epoch 0, 14.01 ms/it, NE 0.840918, loss 0.467199
Testing at - 70656/76743 of epoch 0,  NE 0.827219, loss 0.475224, accuracy 78.696 %, best 78.770 %
Finished training it 70912/76743 of epoch 0, 15.38 ms/it, NE 0.840868, loss 0.470457
Testing at - 70912/76743 of epoch 0,  NE 0.825013, loss 0.473957, accuracy 78.748 %, best 78.770 %
Finished training it 71168/76743 of epoch 0, 14.22 ms/it, NE 0.840820, loss 0.468865
Testing at - 71168/76743 of epoch 0,  NE 0.825576, loss 0.474280, accuracy 78.714 %, best 78.770 %
Finished training it 71424/76743 of epoch 0, 13.99 ms/it, NE 0.840767, loss 0.468651
Testing at - 71424/76743 of epoch 0,  NE 0.827248, loss 0.475241, accuracy 78.688 %, best 78.770 %
Finished training it 71680/76743 of epoch 0, 13.18 ms/it, NE 0.840727, loss 0.471474
Testing at - 71680/76743 of epoch 0,  NE 0.824667, loss 0.473758, accuracy 78.770 %, best 78.770 %
Finished training it 71936/76743 of epoch 0, 14.05 ms/it, NE 0.840665, loss 0.467226
Testing at - 71936/76743 of epoch 0,  NE 0.822926, loss 0.472758, accuracy 78.761 %, best 78.770 %
Finished training it 72192/76743 of epoch 0, 14.04 ms/it, NE 0.840607, loss 0.468458
Testing at - 72192/76743 of epoch 0,  NE 0.827607, loss 0.475447, accuracy 78.570 %, best 78.770 %
Finished training it 72448/76743 of epoch 0, 13.73 ms/it, NE 0.840552, loss 0.467548
Testing at - 72448/76743 of epoch 0,  NE 0.823273, loss 0.472957, accuracy 78.764 %, best 78.770 %
Finished training it 72704/76743 of epoch 0, 14.13 ms/it, NE 0.840499, loss 0.470241
Testing at - 72704/76743 of epoch 0,  NE 0.825582, loss 0.474283, accuracy 78.731 %, best 78.770 %
Finished training it 72960/76743 of epoch 0, 12.98 ms/it, NE 0.840448, loss 0.467186
Testing at - 72960/76743 of epoch 0,  NE 0.828213, loss 0.475795, accuracy 78.657 %, best 78.770 %
Finished training it 73216/76743 of epoch 0, 14.33 ms/it, NE 0.840387, loss 0.469880
Testing at - 73216/76743 of epoch 0,  NE 0.826120, loss 0.474593, accuracy 78.739 %, best 78.770 %
Finished training it 73472/76743 of epoch 0, 14.39 ms/it, NE 0.840329, loss 0.469704
Testing at - 73472/76743 of epoch 0,  NE 0.827581, loss 0.475432, accuracy 78.688 %, best 78.770 %
Finished training it 73728/76743 of epoch 0, 13.62 ms/it, NE 0.840272, loss 0.468370
Testing at - 73728/76743 of epoch 0,  NE 0.822725, loss 0.472643, accuracy 78.795 %, best 78.795 %
Finished training it 73984/76743 of epoch 0, 13.52 ms/it, NE 0.840220, loss 0.468055
Testing at - 73984/76743 of epoch 0,  NE 0.824902, loss 0.473893, accuracy 78.763 %, best 78.795 %
Finished training it 74240/76743 of epoch 0, 13.05 ms/it, NE 0.840168, loss 0.470291
Testing at - 74240/76743 of epoch 0,  NE 0.825182, loss 0.474054, accuracy 78.761 %, best 78.795 %
Finished training it 74496/76743 of epoch 0, 13.91 ms/it, NE 0.840126, loss 0.472023
Testing at - 74496/76743 of epoch 0,  NE 0.826174, loss 0.474624, accuracy 78.772 %, best 78.795 %
Finished training it 74752/76743 of epoch 0, 13.01 ms/it, NE 0.840079, loss 0.472480
Testing at - 74752/76743 of epoch 0,  NE 0.825611, loss 0.474300, accuracy 78.759 %, best 78.795 %
Finished training it 75008/76743 of epoch 0, 13.95 ms/it, NE 0.840026, loss 0.468937
Testing at - 75008/76743 of epoch 0,  NE 0.825119, loss 0.474018, accuracy 78.751 %, best 78.795 %
Finished training it 75264/76743 of epoch 0, 13.52 ms/it, NE 0.839981, loss 0.468369
Testing at - 75264/76743 of epoch 0,  NE 0.824212, loss 0.473497, accuracy 78.771 %, best 78.795 %
Finished training it 75520/76743 of epoch 0, 14.13 ms/it, NE 0.839927, loss 0.468141
Testing at - 75520/76743 of epoch 0,  NE 0.824302, loss 0.473549, accuracy 78.750 %, best 78.795 %
Finished training it 75776/76743 of epoch 0, 13.93 ms/it, NE 0.839878, loss 0.469214
Testing at - 75776/76743 of epoch 0,  NE 0.828650, loss 0.476046, accuracy 78.611 %, best 78.795 %
Finished training it 76032/76743 of epoch 0, 14.35 ms/it, NE 0.839832, loss 0.469255
Testing at - 76032/76743 of epoch 0,  NE 0.825682, loss 0.474341, accuracy 78.757 %, best 78.795 %
Finished training it 76288/76743 of epoch 0, 14.42 ms/it, NE 0.839782, loss 0.467194
Testing at - 76288/76743 of epoch 0,  NE 0.823479, loss 0.473075, accuracy 78.737 %, best 78.795 %
Finished training it 76544/76743 of epoch 0, 13.67 ms/it, NE 0.839724, loss 0.468213
Testing at - 76544/76743 of epoch 0,  NE 0.824374, loss 0.473590, accuracy 78.770 %, best 78.795 %
Finished training it 76743/76743 of epoch 0, 13.41 ms/it, NE 0.839678, loss 0.470053
Testing at - 76743/76743 of epoch 0,  NE 0.825526, loss 0.474252, accuracy 78.694 %, best 78.795 %
