NCCL version 2.9.6+cudaCUDA_MAJOR.CUDA_MINOR
Unable to import mlperf_logging,  No module named 'mlperf_logging'
world size: 1, current rank: 0, local rank: 0
Using 2 GPU(s)...
Reading pre-processed data=./input/kaggleAdDisplayChallenge_processed.npz
Sparse fea = 26, Dense fea = 13
Defined train indices...
Randomized indices across days ...
Split data according to indices...
Reading pre-processed data=./input/kaggleAdDisplayChallenge_processed.npz
Sparse fea = 26, Dense fea = 13
Defined test indices...
Randomized indices across days ...
Split data according to indices...
DLRM_Net(
  (bot_l): Sequential(
    (0): Linear(in_features=13, out_features=512, bias=True)
    (1): ReLU()
    (2): Linear(in_features=512, out_features=256, bias=True)
    (3): ReLU()
    (4): Linear(in_features=256, out_features=64, bias=True)
    (5): ReLU()
    (6): Linear(in_features=64, out_features=16, bias=True)
    (7): ReLU()
  )
  (top_l): Sequential(
    (0): Linear(in_features=367, out_features=512, bias=True)
    (1): ReLU()
    (2): Linear(in_features=512, out_features=256, bias=True)
    (3): ReLU()
    (4): Linear(in_features=256, out_features=1, bias=True)
    (5): Sigmoid()
  )
  (loss_fn): BCELoss()
)
Random uniform embeddings init: 0 size: 1461 dim: 16
Random uniform embeddings init: 1 size: 584 dim: 16
Random uniform embeddings init: 2 size: 10131227 dim: 16
Random uniform embeddings init: 3 size: 2202608 dim: 16
Random uniform embeddings init: 4 size: 306 dim: 16
Random uniform embeddings init: 5 size: 24 dim: 16
Random uniform embeddings init: 6 size: 12518 dim: 16
Random uniform embeddings init: 7 size: 634 dim: 16
Random uniform embeddings init: 8 size: 4 dim: 16
Random uniform embeddings init: 9 size: 93146 dim: 16
Random uniform embeddings init: 10 size: 5684 dim: 16
Random uniform embeddings init: 11 size: 8351593 dim: 16
Random uniform embeddings init: 12 size: 3195 dim: 16
Random uniform embeddings init: 13 size: 28 dim: 16
Random uniform embeddings init: 14 size: 14993 dim: 16
Random uniform embeddings init: 15 size: 5461306 dim: 16
Random uniform embeddings init: 16 size: 11 dim: 16
Random uniform embeddings init: 17 size: 5653 dim: 16
Random uniform embeddings init: 18 size: 2173 dim: 16
Random uniform embeddings init: 19 size: 4 dim: 16
Random uniform embeddings init: 20 size: 7046547 dim: 16
Random uniform embeddings init: 21 size: 18 dim: 16
Random uniform embeddings init: 22 size: 16 dim: 16
Random uniform embeddings init: 23 size: 286181 dim: 16
Random uniform embeddings init: 24 size: 105 dim: 16
Random uniform embeddings init: 25 size: 142572 dim: 16
time/loss/accuracy (if enabled):
Finished training it 1024/306969 of epoch 0, 21.98 ms/it, NE 0.930322, loss 0.529080
Testing at - 1024/306969 of epoch 0,  NE 0.914437, loss 0.525330, accuracy 75.619 %, best 75.619 %
Finished training it 2048/306969 of epoch 0, 14.53 ms/it, NE 0.916123, loss 0.513116
Testing at - 2048/306969 of epoch 0,  NE 0.885859, loss 0.508912, accuracy 76.244 %, best 76.244 %
Finished training it 3072/306969 of epoch 0, 17.17 ms/it, NE 0.908258, loss 0.507340
Testing at - 3072/306969 of epoch 0,  NE 0.881756, loss 0.506555, accuracy 76.587 %, best 76.587 %
Finished training it 4096/306969 of epoch 0, 15.41 ms/it, NE 0.901408, loss 0.497683
Testing at - 4096/306969 of epoch 0,  NE 0.874267, loss 0.502252, accuracy 76.761 %, best 76.761 %
Finished training it 5120/306969 of epoch 0, 12.67 ms/it, NE 0.896098, loss 0.497534
Testing at - 5120/306969 of epoch 0,  NE 0.874015, loss 0.502108, accuracy 76.988 %, best 76.988 %
Finished training it 6144/306969 of epoch 0, 12.49 ms/it, NE 0.891240, loss 0.492491
Testing at - 6144/306969 of epoch 0,  NE 0.862490, loss 0.495487, accuracy 77.120 %, best 77.120 %
Finished training it 7168/306969 of epoch 0, 14.11 ms/it, NE 0.886937, loss 0.488092
Testing at - 7168/306969 of epoch 0,  NE 0.852998, loss 0.490034, accuracy 77.311 %, best 77.311 %
Finished training it 8192/306969 of epoch 0, 14.44 ms/it, NE 0.883008, loss 0.486923
Testing at - 8192/306969 of epoch 0,  NE 0.854537, loss 0.490918, accuracy 77.243 %, best 77.311 %
Finished training it 9216/306969 of epoch 0, 15.45 ms/it, NE 0.879867, loss 0.484682
Testing at - 9216/306969 of epoch 0,  NE 0.851736, loss 0.489309, accuracy 77.361 %, best 77.361 %
Finished training it 10240/306969 of epoch 0, 15.00 ms/it, NE 0.876636, loss 0.482238
Testing at - 10240/306969 of epoch 0,  NE 0.853789, loss 0.490488, accuracy 77.207 %, best 77.361 %
Finished training it 11264/306969 of epoch 0, 15.22 ms/it, NE 0.873780, loss 0.480564
Testing at - 11264/306969 of epoch 0,  NE 0.846056, loss 0.486046, accuracy 77.601 %, best 77.601 %
Finished training it 12288/306969 of epoch 0, 15.00 ms/it, NE 0.871176, loss 0.475724
Testing at - 12288/306969 of epoch 0,  NE 0.844373, loss 0.485079, accuracy 77.593 %, best 77.601 %
Finished training it 13312/306969 of epoch 0, 15.35 ms/it, NE 0.869187, loss 0.481904
Testing at - 13312/306969 of epoch 0,  NE 0.843851, loss 0.484779, accuracy 77.727 %, best 77.727 %
Finished training it 14336/306969 of epoch 0, 17.20 ms/it, NE 0.867180, loss 0.478480
Testing at - 14336/306969 of epoch 0,  NE 0.838545, loss 0.481731, accuracy 77.786 %, best 77.786 %
Finished training it 15360/306969 of epoch 0, 15.20 ms/it, NE 0.865320, loss 0.476704
Testing at - 15360/306969 of epoch 0,  NE 0.845193, loss 0.485550, accuracy 77.640 %, best 77.786 %
Finished training it 16384/306969 of epoch 0, 15.34 ms/it, NE 0.863489, loss 0.476511
Testing at - 16384/306969 of epoch 0,  NE 0.836431, loss 0.480516, accuracy 77.834 %, best 77.834 %
Finished training it 17408/306969 of epoch 0, 14.44 ms/it, NE 0.861776, loss 0.475031
Testing at - 17408/306969 of epoch 0,  NE 0.840712, loss 0.482975, accuracy 77.718 %, best 77.834 %
Finished training it 18432/306969 of epoch 0, 16.04 ms/it, NE 0.860470, loss 0.477037
Testing at - 18432/306969 of epoch 0,  NE 0.838948, loss 0.481962, accuracy 77.813 %, best 77.834 %
Finished training it 19456/306969 of epoch 0, 18.78 ms/it, NE 0.859086, loss 0.475308
Testing at - 19456/306969 of epoch 0,  NE 0.844320, loss 0.485048, accuracy 77.736 %, best 77.834 %
Finished training it 20480/306969 of epoch 0, 16.77 ms/it, NE 0.857995, loss 0.475308
Testing at - 20480/306969 of epoch 0,  NE 0.842563, loss 0.484039, accuracy 77.643 %, best 77.834 %
Finished training it 21504/306969 of epoch 0, 13.64 ms/it, NE 0.856969, loss 0.475286
Testing at - 21504/306969 of epoch 0,  NE 0.833833, loss 0.479024, accuracy 77.965 %, best 77.965 %
Finished training it 22528/306969 of epoch 0, 13.50 ms/it, NE 0.855958, loss 0.473855
Testing at - 22528/306969 of epoch 0,  NE 0.833551, loss 0.478862, accuracy 77.860 %, best 77.965 %
Finished training it 23552/306969 of epoch 0, 14.62 ms/it, NE 0.855032, loss 0.476589
Testing at - 23552/306969 of epoch 0,  NE 0.830476, loss 0.477096, accuracy 77.975 %, best 77.975 %
Finished training it 24576/306969 of epoch 0, 13.44 ms/it, NE 0.854093, loss 0.471676
Testing at - 24576/306969 of epoch 0,  NE 0.834488, loss 0.479400, accuracy 77.868 %, best 77.975 %
Finished training it 25600/306969 of epoch 0, 13.85 ms/it, NE 0.853053, loss 0.470317
Testing at - 25600/306969 of epoch 0,  NE 0.832368, loss 0.478182, accuracy 77.852 %, best 77.975 %
Finished training it 26624/306969 of epoch 0, 14.02 ms/it, NE 0.852164, loss 0.471339
Testing at - 26624/306969 of epoch 0,  NE 0.832371, loss 0.478184, accuracy 77.881 %, best 77.975 %
Finished training it 27648/306969 of epoch 0, 14.65 ms/it, NE 0.851243, loss 0.469306
Testing at - 27648/306969 of epoch 0,  NE 0.830023, loss 0.476835, accuracy 77.989 %, best 77.989 %
Finished training it 28672/306969 of epoch 0, 16.45 ms/it, NE 0.850546, loss 0.471265
Testing at - 28672/306969 of epoch 0,  NE 0.829677, loss 0.476636, accuracy 78.091 %, best 78.091 %
Finished training it 29696/306969 of epoch 0, 15.40 ms/it, NE 0.849973, loss 0.473091
Testing at - 29696/306969 of epoch 0,  NE 0.830299, loss 0.476994, accuracy 78.059 %, best 78.091 %
Finished training it 30720/306969 of epoch 0, 15.23 ms/it, NE 0.849294, loss 0.471304
Testing at - 30720/306969 of epoch 0,  NE 0.827674, loss 0.475485, accuracy 78.107 %, best 78.107 %
Finished training it 31744/306969 of epoch 0, 14.76 ms/it, NE 0.848664, loss 0.472306
Testing at - 31744/306969 of epoch 0,  NE 0.839246, loss 0.482134, accuracy 77.688 %, best 78.107 %
Finished training it 32768/306969 of epoch 0, 15.97 ms/it, NE 0.847988, loss 0.471572
Testing at - 32768/306969 of epoch 0,  NE 0.827169, loss 0.475196, accuracy 78.057 %, best 78.107 %
Finished training it 33792/306969 of epoch 0, 16.74 ms/it, NE 0.847282, loss 0.469313
Testing at - 33792/306969 of epoch 0,  NE 0.824149, loss 0.473461, accuracy 78.148 %, best 78.148 %
Finished training it 34816/306969 of epoch 0, 15.44 ms/it, NE 0.846551, loss 0.467720
Testing at - 34816/306969 of epoch 0,  NE 0.827089, loss 0.475149, accuracy 78.043 %, best 78.148 %
Finished training it 35840/306969 of epoch 0, 17.29 ms/it, NE 0.846060, loss 0.472097
Testing at - 35840/306969 of epoch 0,  NE 0.826330, loss 0.474714, accuracy 78.173 %, best 78.173 %
Finished training it 36864/306969 of epoch 0, 17.08 ms/it, NE 0.845449, loss 0.468519
Testing at - 36864/306969 of epoch 0,  NE 0.828213, loss 0.475795, accuracy 78.078 %, best 78.173 %
Finished training it 37888/306969 of epoch 0, 15.98 ms/it, NE 0.844910, loss 0.467865
Testing at - 37888/306969 of epoch 0,  NE 0.826499, loss 0.474810, accuracy 78.150 %, best 78.173 %
Finished training it 38912/306969 of epoch 0, 17.82 ms/it, NE 0.844448, loss 0.470710
Testing at - 38912/306969 of epoch 0,  NE 0.822762, loss 0.472664, accuracy 78.212 %, best 78.212 %
Finished training it 39936/306969 of epoch 0, 15.54 ms/it, NE 0.843951, loss 0.469006
Testing at - 39936/306969 of epoch 0,  NE 0.823751, loss 0.473232, accuracy 78.201 %, best 78.212 %
Finished training it 40960/306969 of epoch 0, 13.95 ms/it, NE 0.843432, loss 0.468962
Testing at - 40960/306969 of epoch 0,  NE 0.824022, loss 0.473387, accuracy 78.237 %, best 78.237 %
Finished training it 41984/306969 of epoch 0, 15.26 ms/it, NE 0.842961, loss 0.468319
Testing at - 41984/306969 of epoch 0,  NE 0.824873, loss 0.473877, accuracy 78.207 %, best 78.237 %
Finished training it 43008/306969 of epoch 0, 15.02 ms/it, NE 0.842557, loss 0.468199
Testing at - 43008/306969 of epoch 0,  NE 0.823331, loss 0.472991, accuracy 78.243 %, best 78.243 %
Finished training it 44032/306969 of epoch 0, 14.24 ms/it, NE 0.842156, loss 0.468825
Testing at - 44032/306969 of epoch 0,  NE 0.826510, loss 0.474817, accuracy 78.139 %, best 78.243 %
Finished training it 45056/306969 of epoch 0, 14.05 ms/it, NE 0.841786, loss 0.469630
Testing at - 45056/306969 of epoch 0,  NE 0.823654, loss 0.473176, accuracy 78.258 %, best 78.258 %
Finished training it 46080/306969 of epoch 0, 13.67 ms/it, NE 0.841320, loss 0.467467
Testing at - 46080/306969 of epoch 0,  NE 0.827639, loss 0.475466, accuracy 78.029 %, best 78.258 %
Finished training it 47104/306969 of epoch 0, 14.26 ms/it, NE 0.841001, loss 0.470549
Testing at - 47104/306969 of epoch 0,  NE 0.826645, loss 0.474894, accuracy 78.084 %, best 78.258 %
Finished training it 48128/306969 of epoch 0, 13.48 ms/it, NE 0.840697, loss 0.469297
Testing at - 48128/306969 of epoch 0,  NE 0.825115, loss 0.474015, accuracy 78.077 %, best 78.258 %
Finished training it 49152/306969 of epoch 0, 13.49 ms/it, NE 0.840284, loss 0.464774
Testing at - 49152/306969 of epoch 0,  NE 0.820393, loss 0.471303, accuracy 78.260 %, best 78.260 %
Finished training it 50176/306969 of epoch 0, 13.77 ms/it, NE 0.839875, loss 0.466766
Testing at - 50176/306969 of epoch 0,  NE 0.823644, loss 0.473170, accuracy 78.247 %, best 78.260 %
Finished training it 51200/306969 of epoch 0, 13.42 ms/it, NE 0.839534, loss 0.468967
Testing at - 51200/306969 of epoch 0,  NE 0.822434, loss 0.472475, accuracy 78.278 %, best 78.278 %
Finished training it 52224/306969 of epoch 0, 13.29 ms/it, NE 0.839169, loss 0.468786
Testing at - 52224/306969 of epoch 0,  NE 0.823020, loss 0.472812, accuracy 78.250 %, best 78.278 %
Finished training it 53248/306969 of epoch 0, 12.81 ms/it, NE 0.838836, loss 0.467779
Testing at - 53248/306969 of epoch 0,  NE 0.822281, loss 0.472388, accuracy 78.243 %, best 78.278 %
Finished training it 54272/306969 of epoch 0, 14.63 ms/it, NE 0.838513, loss 0.467695
Testing at - 54272/306969 of epoch 0,  NE 0.823297, loss 0.472971, accuracy 78.248 %, best 78.278 %
Finished training it 55296/306969 of epoch 0, 13.92 ms/it, NE 0.838176, loss 0.467241
Testing at - 55296/306969 of epoch 0,  NE 0.824375, loss 0.473590, accuracy 78.257 %, best 78.278 %
Finished training it 56320/306969 of epoch 0, 14.23 ms/it, NE 0.837910, loss 0.466624
Testing at - 56320/306969 of epoch 0,  NE 0.819670, loss 0.470887, accuracy 78.325 %, best 78.325 %
Finished training it 57344/306969 of epoch 0, 14.69 ms/it, NE 0.837596, loss 0.464619
Testing at - 57344/306969 of epoch 0,  NE 0.819454, loss 0.470763, accuracy 78.304 %, best 78.325 %
Finished training it 58368/306969 of epoch 0, 13.41 ms/it, NE 0.837222, loss 0.463939
Testing at - 58368/306969 of epoch 0,  NE 0.818778, loss 0.470375, accuracy 78.335 %, best 78.335 %
Finished training it 59392/306969 of epoch 0, 14.63 ms/it, NE 0.836911, loss 0.466095
Testing at - 59392/306969 of epoch 0,  NE 0.820055, loss 0.471109, accuracy 78.342 %, best 78.342 %
Finished training it 60416/306969 of epoch 0, 14.19 ms/it, NE 0.836648, loss 0.466045
Testing at - 60416/306969 of epoch 0,  NE 0.830309, loss 0.477000, accuracy 78.000 %, best 78.342 %
Finished training it 61440/306969 of epoch 0, 14.51 ms/it, NE 0.836375, loss 0.468386
Testing at - 61440/306969 of epoch 0,  NE 0.819764, loss 0.470941, accuracy 78.327 %, best 78.342 %
Finished training it 62464/306969 of epoch 0, 13.21 ms/it, NE 0.836135, loss 0.466566
Testing at - 62464/306969 of epoch 0,  NE 0.820549, loss 0.471392, accuracy 78.307 %, best 78.342 %
Finished training it 63488/306969 of epoch 0, 12.56 ms/it, NE 0.835831, loss 0.465378
Testing at - 63488/306969 of epoch 0,  NE 0.819013, loss 0.470510, accuracy 78.353 %, best 78.353 %
Finished training it 64512/306969 of epoch 0, 13.05 ms/it, NE 0.835591, loss 0.467666
Testing at - 64512/306969 of epoch 0,  NE 0.822262, loss 0.472377, accuracy 78.289 %, best 78.353 %
Finished training it 65536/306969 of epoch 0, 13.28 ms/it, NE 0.835395, loss 0.469036
Testing at - 65536/306969 of epoch 0,  NE 0.818185, loss 0.470034, accuracy 78.341 %, best 78.353 %
Finished training it 66560/306969 of epoch 0, 12.81 ms/it, NE 0.835157, loss 0.465145
Testing at - 66560/306969 of epoch 0,  NE 0.818866, loss 0.470425, accuracy 78.382 %, best 78.382 %
Finished training it 67584/306969 of epoch 0, 15.39 ms/it, NE 0.834874, loss 0.464431
Testing at - 67584/306969 of epoch 0,  NE 0.817900, loss 0.469871, accuracy 78.327 %, best 78.382 %
Finished training it 68608/306969 of epoch 0, 14.91 ms/it, NE 0.834603, loss 0.465223
Testing at - 68608/306969 of epoch 0,  NE 0.820785, loss 0.471528, accuracy 78.304 %, best 78.382 %
Finished training it 69632/306969 of epoch 0, 15.71 ms/it, NE 0.834352, loss 0.464942
Testing at - 69632/306969 of epoch 0,  NE 0.817396, loss 0.469581, accuracy 78.403 %, best 78.403 %
Finished training it 70656/306969 of epoch 0, 15.87 ms/it, NE 0.834116, loss 0.464407
Testing at - 70656/306969 of epoch 0,  NE 0.817151, loss 0.469440, accuracy 78.400 %, best 78.403 %
Finished training it 71680/306969 of epoch 0, 16.20 ms/it, NE 0.833942, loss 0.466761
Testing at - 71680/306969 of epoch 0,  NE 0.819317, loss 0.470685, accuracy 78.402 %, best 78.403 %
Finished training it 72704/306969 of epoch 0, 29.11 ms/it, NE 0.833686, loss 0.462865
Testing at - 72704/306969 of epoch 0,  NE 0.818337, loss 0.470121, accuracy 78.283 %, best 78.403 %
Finished training it 73728/306969 of epoch 0, 20.47 ms/it, NE 0.833465, loss 0.465138
Testing at - 73728/306969 of epoch 0,  NE 0.819380, loss 0.470721, accuracy 78.297 %, best 78.403 %
Finished training it 74752/306969 of epoch 0, 26.27 ms/it, NE 0.833235, loss 0.464295
Testing at - 74752/306969 of epoch 0,  NE 0.822895, loss 0.472740, accuracy 78.152 %, best 78.403 %
Finished training it 75776/306969 of epoch 0, 15.58 ms/it, NE 0.833003, loss 0.463957
Testing at - 75776/306969 of epoch 0,  NE 0.817217, loss 0.469478, accuracy 78.376 %, best 78.403 %
Finished training it 76800/306969 of epoch 0, 15.94 ms/it, NE 0.832804, loss 0.464373
Testing at - 76800/306969 of epoch 0,  NE 0.824807, loss 0.473839, accuracy 78.228 %, best 78.403 %
Finished training it 77824/306969 of epoch 0, 15.65 ms/it, NE 0.832622, loss 0.464382
Testing at - 77824/306969 of epoch 0,  NE 0.817798, loss 0.469812, accuracy 78.444 %, best 78.444 %
Finished training it 78848/306969 of epoch 0, 18.90 ms/it, NE 0.832419, loss 0.464238
Testing at - 78848/306969 of epoch 0,  NE 0.817599, loss 0.469698, accuracy 78.380 %, best 78.444 %
Finished training it 79872/306969 of epoch 0, 18.64 ms/it, NE 0.832211, loss 0.463578
Testing at - 79872/306969 of epoch 0,  NE 0.817402, loss 0.469584, accuracy 78.364 %, best 78.444 %
Finished training it 80896/306969 of epoch 0, 16.20 ms/it, NE 0.831997, loss 0.463714
Testing at - 80896/306969 of epoch 0,  NE 0.815825, loss 0.468679, accuracy 78.455 %, best 78.455 %
Finished training it 81920/306969 of epoch 0, 18.15 ms/it, NE 0.831815, loss 0.464778
Testing at - 81920/306969 of epoch 0,  NE 0.816078, loss 0.468824, accuracy 78.466 %, best 78.466 %
Finished training it 82944/306969 of epoch 0, 16.01 ms/it, NE 0.831649, loss 0.463410
Testing at - 82944/306969 of epoch 0,  NE 0.815246, loss 0.468346, accuracy 78.445 %, best 78.466 %
Finished training it 83968/306969 of epoch 0, 16.09 ms/it, NE 0.831451, loss 0.462167
Testing at - 83968/306969 of epoch 0,  NE 0.812863, loss 0.466977, accuracy 78.464 %, best 78.466 %
Finished training it 84992/306969 of epoch 0, 16.06 ms/it, NE 0.831229, loss 0.462577
Testing at - 84992/306969 of epoch 0,  NE 0.815835, loss 0.468684, accuracy 78.439 %, best 78.466 %
Finished training it 86016/306969 of epoch 0, 14.13 ms/it, NE 0.831058, loss 0.464945
Testing at - 86016/306969 of epoch 0,  NE 0.819292, loss 0.470670, accuracy 78.310 %, best 78.466 %
Finished training it 87040/306969 of epoch 0, 15.67 ms/it, NE 0.830855, loss 0.463327
Testing at - 87040/306969 of epoch 0,  NE 0.817887, loss 0.469863, accuracy 78.407 %, best 78.466 %
Finished training it 88064/306969 of epoch 0, 17.52 ms/it, NE 0.830670, loss 0.461881
Testing at - 88064/306969 of epoch 0,  NE 0.813150, loss 0.467141, accuracy 78.482 %, best 78.482 %
Finished training it 89088/306969 of epoch 0, 20.14 ms/it, NE 0.830456, loss 0.463349
Testing at - 89088/306969 of epoch 0,  NE 0.815504, loss 0.468494, accuracy 78.440 %, best 78.482 %
Finished training it 90112/306969 of epoch 0, 14.70 ms/it, NE 0.830279, loss 0.462646
Testing at - 90112/306969 of epoch 0,  NE 0.817763, loss 0.469792, accuracy 78.345 %, best 78.482 %
Finished training it 91136/306969 of epoch 0, 13.58 ms/it, NE 0.830104, loss 0.462538
Testing at - 91136/306969 of epoch 0,  NE 0.816931, loss 0.469314, accuracy 78.335 %, best 78.482 %
Finished training it 92160/306969 of epoch 0, 12.70 ms/it, NE 0.829935, loss 0.464562
Testing at - 92160/306969 of epoch 0,  NE 0.817067, loss 0.469392, accuracy 78.488 %, best 78.488 %
Finished training it 93184/306969 of epoch 0, 13.15 ms/it, NE 0.829777, loss 0.464285
Testing at - 93184/306969 of epoch 0,  NE 0.815613, loss 0.468557, accuracy 78.376 %, best 78.488 %
Finished training it 94208/306969 of epoch 0, 13.81 ms/it, NE 0.829615, loss 0.462581
Testing at - 94208/306969 of epoch 0,  NE 0.814227, loss 0.467760, accuracy 78.494 %, best 78.494 %
Finished training it 95232/306969 of epoch 0, 15.31 ms/it, NE 0.829420, loss 0.461017
Testing at - 95232/306969 of epoch 0,  NE 0.813817, loss 0.467525, accuracy 78.503 %, best 78.503 %
Finished training it 96256/306969 of epoch 0, 15.40 ms/it, NE 0.829213, loss 0.461366
Testing at - 96256/306969 of epoch 0,  NE 0.820510, loss 0.471370, accuracy 78.259 %, best 78.503 %
Finished training it 97280/306969 of epoch 0, 14.76 ms/it, NE 0.829035, loss 0.460936
Testing at - 97280/306969 of epoch 0,  NE 0.813062, loss 0.467091, accuracy 78.508 %, best 78.508 %
Finished training it 98304/306969 of epoch 0, 16.23 ms/it, NE 0.828863, loss 0.460785
Testing at - 98304/306969 of epoch 0,  NE 0.813350, loss 0.467256, accuracy 78.499 %, best 78.508 %
Finished training it 99328/306969 of epoch 0, 18.93 ms/it, NE 0.828721, loss 0.462850
Testing at - 99328/306969 of epoch 0,  NE 0.817932, loss 0.469889, accuracy 78.363 %, best 78.508 %
Finished training it 100352/306969 of epoch 0, 16.56 ms/it, NE 0.828558, loss 0.462557
Testing at - 100352/306969 of epoch 0,  NE 0.812889, loss 0.466992, accuracy 78.503 %, best 78.508 %
Finished training it 101376/306969 of epoch 0, 14.98 ms/it, NE 0.828361, loss 0.461856
Testing at - 101376/306969 of epoch 0,  NE 0.815139, loss 0.468284, accuracy 78.512 %, best 78.512 %
Finished training it 102400/306969 of epoch 0, 14.27 ms/it, NE 0.828206, loss 0.462940
Testing at - 102400/306969 of epoch 0,  NE 0.816131, loss 0.468854, accuracy 78.423 %, best 78.512 %
Finished training it 103424/306969 of epoch 0, 13.57 ms/it, NE 0.828072, loss 0.463138
Testing at - 103424/306969 of epoch 0,  NE 0.815705, loss 0.468610, accuracy 78.421 %, best 78.512 %
Finished training it 104448/306969 of epoch 0, 13.65 ms/it, NE 0.827938, loss 0.462868
Testing at - 104448/306969 of epoch 0,  NE 0.817918, loss 0.469881, accuracy 78.378 %, best 78.512 %
Finished training it 105472/306969 of epoch 0, 13.80 ms/it, NE 0.827840, loss 0.463031
Testing at - 105472/306969 of epoch 0,  NE 0.813250, loss 0.467199, accuracy 78.550 %, best 78.550 %
Finished training it 106496/306969 of epoch 0, 16.62 ms/it, NE 0.827696, loss 0.460797
Testing at - 106496/306969 of epoch 0,  NE 0.820343, loss 0.471274, accuracy 78.296 %, best 78.550 %
Finished training it 107520/306969 of epoch 0, 27.18 ms/it, NE 0.827541, loss 0.461157
Testing at - 107520/306969 of epoch 0,  NE 0.816288, loss 0.468944, accuracy 78.392 %, best 78.550 %
Finished training it 108544/306969 of epoch 0, 13.07 ms/it, NE 0.827372, loss 0.461530
Testing at - 108544/306969 of epoch 0,  NE 0.811668, loss 0.466290, accuracy 78.546 %, best 78.550 %
Finished training it 109568/306969 of epoch 0, 13.08 ms/it, NE 0.827209, loss 0.461121
Testing at - 109568/306969 of epoch 0,  NE 0.812008, loss 0.466486, accuracy 78.521 %, best 78.550 %
Finished training it 110592/306969 of epoch 0, 12.84 ms/it, NE 0.827088, loss 0.462030
Testing at - 110592/306969 of epoch 0,  NE 0.811839, loss 0.466389, accuracy 78.540 %, best 78.550 %
Finished training it 111616/306969 of epoch 0, 17.50 ms/it, NE 0.826973, loss 0.463924
Testing at - 111616/306969 of epoch 0,  NE 0.813938, loss 0.467594, accuracy 78.509 %, best 78.550 %
Finished training it 112640/306969 of epoch 0, 14.90 ms/it, NE 0.826852, loss 0.462897
Testing at - 112640/306969 of epoch 0,  NE 0.813388, loss 0.467279, accuracy 78.547 %, best 78.550 %
Finished training it 113664/306969 of epoch 0, 14.48 ms/it, NE 0.826723, loss 0.462855
Testing at - 113664/306969 of epoch 0,  NE 0.812327, loss 0.466669, accuracy 78.553 %, best 78.553 %
Finished training it 114688/306969 of epoch 0, 14.40 ms/it, NE 0.826600, loss 0.460888
Testing at - 114688/306969 of epoch 0,  NE 0.813909, loss 0.467578, accuracy 78.473 %, best 78.553 %
Finished training it 115712/306969 of epoch 0, 13.83 ms/it, NE 0.826433, loss 0.459868
Testing at - 115712/306969 of epoch 0,  NE 0.815442, loss 0.468458, accuracy 78.497 %, best 78.553 %
Finished training it 116736/306969 of epoch 0, 13.80 ms/it, NE 0.826341, loss 0.462854
Testing at - 116736/306969 of epoch 0,  NE 0.813410, loss 0.467291, accuracy 78.539 %, best 78.553 %
Finished training it 117760/306969 of epoch 0, 13.53 ms/it, NE 0.826190, loss 0.460225
Testing at - 117760/306969 of epoch 0,  NE 0.812331, loss 0.466671, accuracy 78.501 %, best 78.553 %
Finished training it 118784/306969 of epoch 0, 13.40 ms/it, NE 0.826064, loss 0.462282
Testing at - 118784/306969 of epoch 0,  NE 0.815143, loss 0.468287, accuracy 78.346 %, best 78.553 %
Finished training it 119808/306969 of epoch 0, 14.05 ms/it, NE 0.825935, loss 0.464071
Testing at - 119808/306969 of epoch 0,  NE 0.818352, loss 0.470130, accuracy 78.300 %, best 78.553 %
Finished training it 120832/306969 of epoch 0, 13.51 ms/it, NE 0.825796, loss 0.458343
Testing at - 120832/306969 of epoch 0,  NE 0.810975, loss 0.465892, accuracy 78.567 %, best 78.567 %
Finished training it 121856/306969 of epoch 0, 12.53 ms/it, NE 0.825662, loss 0.460587
Testing at - 121856/306969 of epoch 0,  NE 0.812673, loss 0.466868, accuracy 78.538 %, best 78.567 %
Finished training it 122880/306969 of epoch 0, 14.08 ms/it, NE 0.825532, loss 0.461342
Testing at - 122880/306969 of epoch 0,  NE 0.810428, loss 0.465578, accuracy 78.553 %, best 78.567 %
Finished training it 123904/306969 of epoch 0, 13.32 ms/it, NE 0.825434, loss 0.463989
Testing at - 123904/306969 of epoch 0,  NE 0.811657, loss 0.466284, accuracy 78.605 %, best 78.605 %
Finished training it 124928/306969 of epoch 0, 14.45 ms/it, NE 0.825315, loss 0.460345
Testing at - 124928/306969 of epoch 0,  NE 0.811431, loss 0.466154, accuracy 78.524 %, best 78.605 %
Finished training it 125952/306969 of epoch 0, 13.93 ms/it, NE 0.825192, loss 0.462438
Testing at - 125952/306969 of epoch 0,  NE 0.811793, loss 0.466362, accuracy 78.501 %, best 78.605 %
Finished training it 126976/306969 of epoch 0, 14.49 ms/it, NE 0.825096, loss 0.463208
Testing at - 126976/306969 of epoch 0,  NE 0.811828, loss 0.466382, accuracy 78.535 %, best 78.605 %
Finished training it 128000/306969 of epoch 0, 15.19 ms/it, NE 0.824977, loss 0.459798
Testing at - 128000/306969 of epoch 0,  NE 0.811091, loss 0.465959, accuracy 78.541 %, best 78.605 %
Finished training it 129024/306969 of epoch 0, 17.76 ms/it, NE 0.824865, loss 0.461108
Testing at - 129024/306969 of epoch 0,  NE 0.810709, loss 0.465740, accuracy 78.551 %, best 78.605 %
Finished training it 130048/306969 of epoch 0, 26.77 ms/it, NE 0.824764, loss 0.463126
Testing at - 130048/306969 of epoch 0,  NE 0.813378, loss 0.467273, accuracy 78.542 %, best 78.605 %
Finished training it 131072/306969 of epoch 0, 16.18 ms/it, NE 0.824676, loss 0.462346
Testing at - 131072/306969 of epoch 0,  NE 0.811704, loss 0.466311, accuracy 78.584 %, best 78.605 %
Finished training it 132096/306969 of epoch 0, 15.43 ms/it, NE 0.824564, loss 0.461812
Testing at - 132096/306969 of epoch 0,  NE 0.812707, loss 0.466887, accuracy 78.567 %, best 78.605 %
Finished training it 133120/306969 of epoch 0, 15.61 ms/it, NE 0.824446, loss 0.459902
Testing at - 133120/306969 of epoch 0,  NE 0.813931, loss 0.467590, accuracy 78.502 %, best 78.605 %
Finished training it 134144/306969 of epoch 0, 14.89 ms/it, NE 0.824314, loss 0.459756
Testing at - 134144/306969 of epoch 0,  NE 0.811422, loss 0.466149, accuracy 78.625 %, best 78.625 %
Finished training it 135168/306969 of epoch 0, 17.04 ms/it, NE 0.824196, loss 0.458253
Testing at - 135168/306969 of epoch 0,  NE 0.809231, loss 0.464890, accuracy 78.621 %, best 78.625 %
Finished training it 136192/306969 of epoch 0, 16.13 ms/it, NE 0.824095, loss 0.460812
Testing at - 136192/306969 of epoch 0,  NE 0.812379, loss 0.466699, accuracy 78.565 %, best 78.625 %
Finished training it 137216/306969 of epoch 0, 13.71 ms/it, NE 0.823988, loss 0.460597
Testing at - 137216/306969 of epoch 0,  NE 0.811502, loss 0.466195, accuracy 78.623 %, best 78.625 %
Finished training it 138240/306969 of epoch 0, 17.57 ms/it, NE 0.823885, loss 0.462155
Testing at - 138240/306969 of epoch 0,  NE 0.809542, loss 0.465069, accuracy 78.602 %, best 78.625 %
Finished training it 139264/306969 of epoch 0, 16.34 ms/it, NE 0.823791, loss 0.460872
Testing at - 139264/306969 of epoch 0,  NE 0.812499, loss 0.466768, accuracy 78.512 %, best 78.625 %
Finished training it 140288/306969 of epoch 0, 15.24 ms/it, NE 0.823645, loss 0.457288
Testing at - 140288/306969 of epoch 0,  NE 0.811159, loss 0.465998, accuracy 78.570 %, best 78.625 %
Finished training it 141312/306969 of epoch 0, 14.48 ms/it, NE 0.823554, loss 0.460039
Testing at - 141312/306969 of epoch 0,  NE 0.809900, loss 0.465274, accuracy 78.606 %, best 78.625 %
Finished training it 142336/306969 of epoch 0, 15.50 ms/it, NE 0.823437, loss 0.457754
Testing at - 142336/306969 of epoch 0,  NE 0.810171, loss 0.465430, accuracy 78.586 %, best 78.625 %
Finished training it 143360/306969 of epoch 0, 15.35 ms/it, NE 0.823343, loss 0.459390
Testing at - 143360/306969 of epoch 0,  NE 0.823590, loss 0.473139, accuracy 78.000 %, best 78.625 %
Finished training it 144384/306969 of epoch 0, 14.39 ms/it, NE 0.823256, loss 0.460023
Testing at - 144384/306969 of epoch 0,  NE 0.809311, loss 0.464936, accuracy 78.638 %, best 78.638 %
Finished training it 145408/306969 of epoch 0, 14.49 ms/it, NE 0.823156, loss 0.462711
Testing at - 145408/306969 of epoch 0,  NE 0.813594, loss 0.467397, accuracy 78.569 %, best 78.638 %
Finished training it 146432/306969 of epoch 0, 14.84 ms/it, NE 0.823043, loss 0.458223
Testing at - 146432/306969 of epoch 0,  NE 0.808316, loss 0.464364, accuracy 78.654 %, best 78.654 %
Finished training it 147456/306969 of epoch 0, 14.24 ms/it, NE 0.822942, loss 0.458621
Testing at - 147456/306969 of epoch 0,  NE 0.813225, loss 0.467185, accuracy 78.486 %, best 78.654 %
Finished training it 148480/306969 of epoch 0, 12.94 ms/it, NE 0.822818, loss 0.457489
Testing at - 148480/306969 of epoch 0,  NE 0.808249, loss 0.464326, accuracy 78.629 %, best 78.654 %
Finished training it 149504/306969 of epoch 0, 14.97 ms/it, NE 0.822703, loss 0.458132
Testing at - 149504/306969 of epoch 0,  NE 0.809712, loss 0.465167, accuracy 78.625 %, best 78.654 %
Finished training it 150528/306969 of epoch 0, 13.95 ms/it, NE 0.822622, loss 0.459559
Testing at - 150528/306969 of epoch 0,  NE 0.807868, loss 0.464107, accuracy 78.618 %, best 78.654 %
Finished training it 151552/306969 of epoch 0, 18.11 ms/it, NE 0.822494, loss 0.455882
Testing at - 151552/306969 of epoch 0,  NE 0.818369, loss 0.470140, accuracy 78.222 %, best 78.654 %
Finished training it 152576/306969 of epoch 0, 15.44 ms/it, NE 0.822382, loss 0.456867
Testing at - 152576/306969 of epoch 0,  NE 0.808313, loss 0.464363, accuracy 78.605 %, best 78.654 %
Finished training it 153600/306969 of epoch 0, 14.26 ms/it, NE 0.822288, loss 0.459793
Testing at - 153600/306969 of epoch 0,  NE 0.810367, loss 0.465543, accuracy 78.489 %, best 78.654 %
Finished training it 154624/306969 of epoch 0, 17.25 ms/it, NE 0.822184, loss 0.458222
Testing at - 154624/306969 of epoch 0,  NE 0.808349, loss 0.464384, accuracy 78.652 %, best 78.654 %
Finished training it 155648/306969 of epoch 0, 16.43 ms/it, NE 0.822093, loss 0.458732
Testing at - 155648/306969 of epoch 0,  NE 0.807552, loss 0.463926, accuracy 78.643 %, best 78.654 %
Finished training it 156672/306969 of epoch 0, 16.78 ms/it, NE 0.821990, loss 0.458189
Testing at - 156672/306969 of epoch 0,  NE 0.807670, loss 0.463994, accuracy 78.642 %, best 78.654 %
Finished training it 157696/306969 of epoch 0, 16.87 ms/it, NE 0.821888, loss 0.456426
Testing at - 157696/306969 of epoch 0,  NE 0.807287, loss 0.463774, accuracy 78.662 %, best 78.662 %
Finished training it 158720/306969 of epoch 0, 16.47 ms/it, NE 0.821786, loss 0.459426
Testing at - 158720/306969 of epoch 0,  NE 0.808463, loss 0.464449, accuracy 78.627 %, best 78.662 %
Finished training it 159744/306969 of epoch 0, 16.03 ms/it, NE 0.821697, loss 0.459199
Testing at - 159744/306969 of epoch 0,  NE 0.813270, loss 0.467210, accuracy 78.579 %, best 78.662 %
Finished training it 160768/306969 of epoch 0, 15.01 ms/it, NE 0.821619, loss 0.459576
Testing at - 160768/306969 of epoch 0,  NE 0.808775, loss 0.464628, accuracy 78.668 %, best 78.668 %
Finished training it 161792/306969 of epoch 0, 13.78 ms/it, NE 0.821552, loss 0.460998
Testing at - 161792/306969 of epoch 0,  NE 0.808279, loss 0.464343, accuracy 78.641 %, best 78.668 %
Finished training it 162816/306969 of epoch 0, 13.99 ms/it, NE 0.821488, loss 0.460870
Testing at - 162816/306969 of epoch 0,  NE 0.811470, loss 0.466176, accuracy 78.549 %, best 78.668 %
Finished training it 163840/306969 of epoch 0, 13.57 ms/it, NE 0.821410, loss 0.460865
Testing at - 163840/306969 of epoch 0,  NE 0.811001, loss 0.465907, accuracy 78.596 %, best 78.668 %
Finished training it 164864/306969 of epoch 0, 12.84 ms/it, NE 0.821345, loss 0.459616
Testing at - 164864/306969 of epoch 0,  NE 0.809034, loss 0.464777, accuracy 78.614 %, best 78.668 %
Finished training it 165888/306969 of epoch 0, 13.48 ms/it, NE 0.821269, loss 0.459848
Testing at - 165888/306969 of epoch 0,  NE 0.811081, loss 0.465953, accuracy 78.609 %, best 78.668 %
Finished training it 166912/306969 of epoch 0, 13.69 ms/it, NE 0.821196, loss 0.461307
Testing at - 166912/306969 of epoch 0,  NE 0.809557, loss 0.465077, accuracy 78.564 %, best 78.668 %
Finished training it 167936/306969 of epoch 0, 14.66 ms/it, NE 0.821128, loss 0.460562
Testing at - 167936/306969 of epoch 0,  NE 0.808320, loss 0.464367, accuracy 78.680 %, best 78.680 %
Finished training it 168960/306969 of epoch 0, 17.49 ms/it, NE 0.821041, loss 0.457910
Testing at - 168960/306969 of epoch 0,  NE 0.806283, loss 0.463197, accuracy 78.692 %, best 78.692 %
Finished training it 169984/306969 of epoch 0, 12.73 ms/it, NE 0.820956, loss 0.459034
Testing at - 169984/306969 of epoch 0,  NE 0.808570, loss 0.464511, accuracy 78.583 %, best 78.692 %
Finished training it 171008/306969 of epoch 0, 13.87 ms/it, NE 0.820856, loss 0.455768
Testing at - 171008/306969 of epoch 0,  NE 0.809781, loss 0.465206, accuracy 78.603 %, best 78.692 %
Finished training it 172032/306969 of epoch 0, 14.44 ms/it, NE 0.820776, loss 0.457688
Testing at - 172032/306969 of epoch 0,  NE 0.807049, loss 0.463637, accuracy 78.688 %, best 78.692 %
Finished training it 173056/306969 of epoch 0, 13.57 ms/it, NE 0.820704, loss 0.460380
Testing at - 173056/306969 of epoch 0,  NE 0.807978, loss 0.464170, accuracy 78.668 %, best 78.692 %
Finished training it 174080/306969 of epoch 0, 13.48 ms/it, NE 0.820615, loss 0.458192
Testing at - 174080/306969 of epoch 0,  NE 0.808394, loss 0.464410, accuracy 78.645 %, best 78.692 %
Finished training it 175104/306969 of epoch 0, 14.24 ms/it, NE 0.820534, loss 0.458627
Testing at - 175104/306969 of epoch 0,  NE 0.809104, loss 0.464817, accuracy 78.644 %, best 78.692 %
Finished training it 176128/306969 of epoch 0, 13.00 ms/it, NE 0.820456, loss 0.458178
Testing at - 176128/306969 of epoch 0,  NE 0.806749, loss 0.463465, accuracy 78.684 %, best 78.692 %
Finished training it 177152/306969 of epoch 0, 13.92 ms/it, NE 0.820351, loss 0.455427
Testing at - 177152/306969 of epoch 0,  NE 0.810063, loss 0.465368, accuracy 78.626 %, best 78.692 %
Finished training it 178176/306969 of epoch 0, 13.75 ms/it, NE 0.820266, loss 0.457195
Testing at - 178176/306969 of epoch 0,  NE 0.808156, loss 0.464273, accuracy 78.569 %, best 78.692 %
Finished training it 179200/306969 of epoch 0, 14.76 ms/it, NE 0.820180, loss 0.457517
Testing at - 179200/306969 of epoch 0,  NE 0.808003, loss 0.464185, accuracy 78.658 %, best 78.692 %
Finished training it 180224/306969 of epoch 0, 14.09 ms/it, NE 0.820111, loss 0.459286
Testing at - 180224/306969 of epoch 0,  NE 0.807329, loss 0.463798, accuracy 78.660 %, best 78.692 %
Finished training it 181248/306969 of epoch 0, 14.73 ms/it, NE 0.820053, loss 0.460122
Testing at - 181248/306969 of epoch 0,  NE 0.807122, loss 0.463679, accuracy 78.702 %, best 78.702 %
Finished training it 182272/306969 of epoch 0, 13.69 ms/it, NE 0.819991, loss 0.460252
Testing at - 182272/306969 of epoch 0,  NE 0.812088, loss 0.466532, accuracy 78.526 %, best 78.702 %
Finished training it 183296/306969 of epoch 0, 13.90 ms/it, NE 0.819924, loss 0.458613
Testing at - 183296/306969 of epoch 0,  NE 0.806164, loss 0.463128, accuracy 78.710 %, best 78.710 %
Finished training it 184320/306969 of epoch 0, 13.06 ms/it, NE 0.819849, loss 0.458459
Testing at - 184320/306969 of epoch 0,  NE 0.808282, loss 0.464345, accuracy 78.697 %, best 78.710 %
Finished training it 185344/306969 of epoch 0, 14.44 ms/it, NE 0.819789, loss 0.460654
Testing at - 185344/306969 of epoch 0,  NE 0.806958, loss 0.463585, accuracy 78.700 %, best 78.710 %
Finished training it 186368/306969 of epoch 0, 18.27 ms/it, NE 0.819715, loss 0.457821
Testing at - 186368/306969 of epoch 0,  NE 0.808240, loss 0.464321, accuracy 78.620 %, best 78.710 %
Finished training it 187392/306969 of epoch 0, 17.33 ms/it, NE 0.819635, loss 0.458992
Testing at - 187392/306969 of epoch 0,  NE 0.808984, loss 0.464748, accuracy 78.668 %, best 78.710 %
Finished training it 188416/306969 of epoch 0, 15.80 ms/it, NE 0.819559, loss 0.456746
Testing at - 188416/306969 of epoch 0,  NE 0.807071, loss 0.463650, accuracy 78.598 %, best 78.710 %
Finished training it 189440/306969 of epoch 0, 16.29 ms/it, NE 0.819506, loss 0.461667
Testing at - 189440/306969 of epoch 0,  NE 0.808037, loss 0.464205, accuracy 78.678 %, best 78.710 %
Finished training it 190464/306969 of epoch 0, 15.72 ms/it, NE 0.819463, loss 0.459167
Testing at - 190464/306969 of epoch 0,  NE 0.806276, loss 0.463193, accuracy 78.698 %, best 78.710 %
Finished training it 191488/306969 of epoch 0, 14.43 ms/it, NE 0.819396, loss 0.457554
Testing at - 191488/306969 of epoch 0,  NE 0.806855, loss 0.463525, accuracy 78.697 %, best 78.710 %
Finished training it 192512/306969 of epoch 0, 13.21 ms/it, NE 0.819312, loss 0.455152
Testing at - 192512/306969 of epoch 0,  NE 0.806311, loss 0.463213, accuracy 78.711 %, best 78.711 %
Finished training it 193536/306969 of epoch 0, 12.25 ms/it, NE 0.819241, loss 0.458586
Testing at - 193536/306969 of epoch 0,  NE 0.806612, loss 0.463386, accuracy 78.705 %, best 78.711 %
Finished training it 194560/306969 of epoch 0, 14.08 ms/it, NE 0.819167, loss 0.458381
Testing at - 194560/306969 of epoch 0,  NE 0.808716, loss 0.464594, accuracy 78.621 %, best 78.711 %
Finished training it 195584/306969 of epoch 0, 13.68 ms/it, NE 0.819108, loss 0.461036
Testing at - 195584/306969 of epoch 0,  NE 0.807661, loss 0.463989, accuracy 78.713 %, best 78.713 %
Finished training it 196608/306969 of epoch 0, 13.84 ms/it, NE 0.819044, loss 0.459234
Testing at - 196608/306969 of epoch 0,  NE 0.810225, loss 0.465461, accuracy 78.628 %, best 78.713 %
Finished training it 197632/306969 of epoch 0, 14.78 ms/it, NE 0.818971, loss 0.458994
Testing at - 197632/306969 of epoch 0,  NE 0.808965, loss 0.464738, accuracy 78.683 %, best 78.713 %
Finished training it 198656/306969 of epoch 0, 14.26 ms/it, NE 0.818899, loss 0.458163
Testing at - 198656/306969 of epoch 0,  NE 0.805469, loss 0.462729, accuracy 78.709 %, best 78.713 %
Finished training it 199680/306969 of epoch 0, 15.22 ms/it, NE 0.818843, loss 0.460391
Testing at - 199680/306969 of epoch 0,  NE 0.807732, loss 0.464029, accuracy 78.715 %, best 78.715 %
Finished training it 200704/306969 of epoch 0, 15.49 ms/it, NE 0.818785, loss 0.458604
Testing at - 200704/306969 of epoch 0,  NE 0.811126, loss 0.465979, accuracy 78.447 %, best 78.715 %
Finished training it 201728/306969 of epoch 0, 15.55 ms/it, NE 0.818727, loss 0.458703
Testing at - 201728/306969 of epoch 0,  NE 0.809228, loss 0.464889, accuracy 78.617 %, best 78.715 %
Finished training it 202752/306969 of epoch 0, 17.45 ms/it, NE 0.818666, loss 0.457066
Testing at - 202752/306969 of epoch 0,  NE 0.805694, loss 0.462859, accuracy 78.717 %, best 78.717 %
Finished training it 203776/306969 of epoch 0, 15.60 ms/it, NE 0.818595, loss 0.456418
Testing at - 203776/306969 of epoch 0,  NE 0.806640, loss 0.463402, accuracy 78.717 %, best 78.717 %
Finished training it 204800/306969 of epoch 0, 15.23 ms/it, NE 0.818517, loss 0.456003
Testing at - 204800/306969 of epoch 0,  NE 0.807810, loss 0.464074, accuracy 78.678 %, best 78.717 %
Finished training it 205824/306969 of epoch 0, 15.31 ms/it, NE 0.818464, loss 0.458246
Testing at - 205824/306969 of epoch 0,  NE 0.809112, loss 0.464822, accuracy 78.614 %, best 78.717 %
Finished training it 206848/306969 of epoch 0, 15.74 ms/it, NE 0.818405, loss 0.455612
Testing at - 206848/306969 of epoch 0,  NE 0.805585, loss 0.462796, accuracy 78.686 %, best 78.717 %
Finished training it 207872/306969 of epoch 0, 13.30 ms/it, NE 0.818336, loss 0.457124
Testing at - 207872/306969 of epoch 0,  NE 0.806090, loss 0.463086, accuracy 78.708 %, best 78.717 %
Finished training it 208896/306969 of epoch 0, 13.42 ms/it, NE 0.818272, loss 0.459001
Testing at - 208896/306969 of epoch 0,  NE 0.805273, loss 0.462616, accuracy 78.744 %, best 78.744 %
Finished training it 209920/306969 of epoch 0, 14.21 ms/it, NE 0.818200, loss 0.456637
Testing at - 209920/306969 of epoch 0,  NE 0.806555, loss 0.463353, accuracy 78.698 %, best 78.744 %
Finished training it 210944/306969 of epoch 0, 13.67 ms/it, NE 0.818127, loss 0.457637
Testing at - 210944/306969 of epoch 0,  NE 0.806432, loss 0.463282, accuracy 78.656 %, best 78.744 %
Finished training it 211968/306969 of epoch 0, 13.44 ms/it, NE 0.818056, loss 0.456230
Testing at - 211968/306969 of epoch 0,  NE 0.805915, loss 0.462986, accuracy 78.705 %, best 78.744 %
Finished training it 212992/306969 of epoch 0, 14.35 ms/it, NE 0.817986, loss 0.455280
Testing at - 212992/306969 of epoch 0,  NE 0.810015, loss 0.465341, accuracy 78.635 %, best 78.744 %
Finished training it 214016/306969 of epoch 0, 12.86 ms/it, NE 0.817912, loss 0.457123
Testing at - 214016/306969 of epoch 0,  NE 0.804738, loss 0.462309, accuracy 78.723 %, best 78.744 %
Finished training it 215040/306969 of epoch 0, 12.92 ms/it, NE 0.817847, loss 0.456271
Testing at - 215040/306969 of epoch 0,  NE 0.806861, loss 0.463529, accuracy 78.688 %, best 78.744 %
Finished training it 216064/306969 of epoch 0, 13.95 ms/it, NE 0.817760, loss 0.455504
Testing at - 216064/306969 of epoch 0,  NE 0.805255, loss 0.462606, accuracy 78.726 %, best 78.744 %
Finished training it 217088/306969 of epoch 0, 14.16 ms/it, NE 0.817696, loss 0.456848
Testing at - 217088/306969 of epoch 0,  NE 0.805925, loss 0.462991, accuracy 78.717 %, best 78.744 %
Finished training it 218112/306969 of epoch 0, 13.52 ms/it, NE 0.817639, loss 0.457317
Testing at - 218112/306969 of epoch 0,  NE 0.810783, loss 0.465782, accuracy 78.488 %, best 78.744 %
Finished training it 219136/306969 of epoch 0, 15.12 ms/it, NE 0.817573, loss 0.456907
Testing at - 219136/306969 of epoch 0,  NE 0.805470, loss 0.462730, accuracy 78.730 %, best 78.744 %
Finished training it 220160/306969 of epoch 0, 15.81 ms/it, NE 0.817500, loss 0.455599
Testing at - 220160/306969 of epoch 0,  NE 0.804962, loss 0.462438, accuracy 78.761 %, best 78.761 %
Finished training it 221184/306969 of epoch 0, 15.44 ms/it, NE 0.817424, loss 0.454383
Testing at - 221184/306969 of epoch 0,  NE 0.806757, loss 0.463469, accuracy 78.629 %, best 78.761 %
Finished training it 222208/306969 of epoch 0, 14.17 ms/it, NE 0.817365, loss 0.457895
Testing at - 222208/306969 of epoch 0,  NE 0.803949, loss 0.461856, accuracy 78.771 %, best 78.771 %
Finished training it 223232/306969 of epoch 0, 14.41 ms/it, NE 0.817292, loss 0.457544
Testing at - 223232/306969 of epoch 0,  NE 0.809150, loss 0.464844, accuracy 78.694 %, best 78.771 %
Finished training it 224256/306969 of epoch 0, 13.75 ms/it, NE 0.817244, loss 0.458786
Testing at - 224256/306969 of epoch 0,  NE 0.804729, loss 0.462304, accuracy 78.762 %, best 78.771 %
Finished training it 225280/306969 of epoch 0, 13.72 ms/it, NE 0.817184, loss 0.459176
Testing at - 225280/306969 of epoch 0,  NE 0.805988, loss 0.463027, accuracy 78.738 %, best 78.771 %
Finished training it 226304/306969 of epoch 0, 14.05 ms/it, NE 0.817113, loss 0.454978
Testing at - 226304/306969 of epoch 0,  NE 0.804784, loss 0.462336, accuracy 78.767 %, best 78.771 %
Finished training it 227328/306969 of epoch 0, 13.03 ms/it, NE 0.817059, loss 0.459364
Testing at - 227328/306969 of epoch 0,  NE 0.805479, loss 0.462735, accuracy 78.727 %, best 78.771 %
Finished training it 228352/306969 of epoch 0, 13.57 ms/it, NE 0.817015, loss 0.457932
Testing at - 228352/306969 of epoch 0,  NE 0.804596, loss 0.462227, accuracy 78.747 %, best 78.771 %
Finished training it 229376/306969 of epoch 0, 13.54 ms/it, NE 0.816948, loss 0.456802
Testing at - 229376/306969 of epoch 0,  NE 0.804984, loss 0.462450, accuracy 78.768 %, best 78.771 %
Finished training it 230400/306969 of epoch 0, 12.84 ms/it, NE 0.816887, loss 0.456232
Testing at - 230400/306969 of epoch 0,  NE 0.804283, loss 0.462048, accuracy 78.774 %, best 78.774 %
Finished training it 231424/306969 of epoch 0, 14.56 ms/it, NE 0.816827, loss 0.456310
Testing at - 231424/306969 of epoch 0,  NE 0.802821, loss 0.461208, accuracy 78.780 %, best 78.780 %
Finished training it 232448/306969 of epoch 0, 14.61 ms/it, NE 0.816762, loss 0.457461
Testing at - 232448/306969 of epoch 0,  NE 0.804795, loss 0.462342, accuracy 78.765 %, best 78.780 %
Finished training it 233472/306969 of epoch 0, 14.21 ms/it, NE 0.816716, loss 0.458735
Testing at - 233472/306969 of epoch 0,  NE 0.804069, loss 0.461925, accuracy 78.757 %, best 78.780 %
Finished training it 234496/306969 of epoch 0, 13.88 ms/it, NE 0.816669, loss 0.457616
Testing at - 234496/306969 of epoch 0,  NE 0.803360, loss 0.461518, accuracy 78.752 %, best 78.780 %
Finished training it 235520/306969 of epoch 0, 15.00 ms/it, NE 0.816616, loss 0.457337
Testing at - 235520/306969 of epoch 0,  NE 0.804388, loss 0.462108, accuracy 78.778 %, best 78.780 %
Finished training it 236544/306969 of epoch 0, 17.45 ms/it, NE 0.816565, loss 0.459876
Testing at - 236544/306969 of epoch 0,  NE 0.804167, loss 0.461981, accuracy 78.754 %, best 78.780 %
Finished training it 237568/306969 of epoch 0, 14.81 ms/it, NE 0.816514, loss 0.456109
Testing at - 237568/306969 of epoch 0,  NE 0.811319, loss 0.466090, accuracy 78.417 %, best 78.780 %
Finished training it 238592/306969 of epoch 0, 15.15 ms/it, NE 0.816469, loss 0.457516
Testing at - 238592/306969 of epoch 0,  NE 0.805070, loss 0.462500, accuracy 78.762 %, best 78.780 %
Finished training it 239616/306969 of epoch 0, 16.05 ms/it, NE 0.816414, loss 0.460130
Testing at - 239616/306969 of epoch 0,  NE 0.804025, loss 0.461900, accuracy 78.774 %, best 78.780 %
Finished training it 240640/306969 of epoch 0, 16.81 ms/it, NE 0.816360, loss 0.456849
Testing at - 240640/306969 of epoch 0,  NE 0.804502, loss 0.462173, accuracy 78.775 %, best 78.780 %
Finished training it 241664/306969 of epoch 0, 15.14 ms/it, NE 0.816302, loss 0.455193
Testing at - 241664/306969 of epoch 0,  NE 0.803557, loss 0.461631, accuracy 78.736 %, best 78.780 %
Finished training it 242688/306969 of epoch 0, 15.92 ms/it, NE 0.816240, loss 0.456320
Testing at - 242688/306969 of epoch 0,  NE 0.805148, loss 0.462545, accuracy 78.700 %, best 78.780 %
Finished training it 243712/306969 of epoch 0, 17.15 ms/it, NE 0.816189, loss 0.456559
Testing at - 243712/306969 of epoch 0,  NE 0.803315, loss 0.461492, accuracy 78.777 %, best 78.780 %
Finished training it 244736/306969 of epoch 0, 18.11 ms/it, NE 0.816142, loss 0.457270
Testing at - 244736/306969 of epoch 0,  NE 0.803168, loss 0.461407, accuracy 78.764 %, best 78.780 %
Finished training it 245760/306969 of epoch 0, 16.23 ms/it, NE 0.816078, loss 0.456438
Testing at - 245760/306969 of epoch 0,  NE 0.806435, loss 0.463284, accuracy 78.737 %, best 78.780 %
Finished training it 246784/306969 of epoch 0, 15.96 ms/it, NE 0.816019, loss 0.455301
Testing at - 246784/306969 of epoch 0,  NE 0.802571, loss 0.461064, accuracy 78.789 %, best 78.789 %
Finished training it 247808/306969 of epoch 0, 16.10 ms/it, NE 0.815958, loss 0.454666
Testing at - 247808/306969 of epoch 0,  NE 0.802681, loss 0.461127, accuracy 78.783 %, best 78.789 %
Finished training it 248832/306969 of epoch 0, 15.94 ms/it, NE 0.815904, loss 0.455716
Testing at - 248832/306969 of epoch 0,  NE 0.804115, loss 0.461951, accuracy 78.808 %, best 78.808 %
Finished training it 249856/306969 of epoch 0, 17.24 ms/it, NE 0.815865, loss 0.458374
Testing at - 249856/306969 of epoch 0,  NE 0.806680, loss 0.463425, accuracy 78.662 %, best 78.808 %
Finished training it 250880/306969 of epoch 0, 15.86 ms/it, NE 0.815811, loss 0.457148
Testing at - 250880/306969 of epoch 0,  NE 0.804140, loss 0.461966, accuracy 78.771 %, best 78.808 %
Finished training it 251904/306969 of epoch 0, 13.80 ms/it, NE 0.815767, loss 0.457024
Testing at - 251904/306969 of epoch 0,  NE 0.804062, loss 0.461921, accuracy 78.780 %, best 78.808 %
Finished training it 252928/306969 of epoch 0, 16.24 ms/it, NE 0.815692, loss 0.454839
Testing at - 252928/306969 of epoch 0,  NE 0.802823, loss 0.461209, accuracy 78.811 %, best 78.811 %
Finished training it 253952/306969 of epoch 0, 14.87 ms/it, NE 0.815634, loss 0.455705
Testing at - 253952/306969 of epoch 0,  NE 0.802322, loss 0.460921, accuracy 78.787 %, best 78.811 %
Finished training it 254976/306969 of epoch 0, 16.18 ms/it, NE 0.815580, loss 0.456351
Testing at - 254976/306969 of epoch 0,  NE 0.804094, loss 0.461939, accuracy 78.733 %, best 78.811 %
Finished training it 256000/306969 of epoch 0, 16.77 ms/it, NE 0.815539, loss 0.457904
Testing at - 256000/306969 of epoch 0,  NE 0.804598, loss 0.462229, accuracy 78.769 %, best 78.811 %
Finished training it 257024/306969 of epoch 0, 15.71 ms/it, NE 0.815485, loss 0.456109
Testing at - 257024/306969 of epoch 0,  NE 0.805075, loss 0.462503, accuracy 78.788 %, best 78.811 %
Finished training it 258048/306969 of epoch 0, 15.72 ms/it, NE 0.815429, loss 0.455558
Testing at - 258048/306969 of epoch 0,  NE 0.804736, loss 0.462308, accuracy 78.716 %, best 78.811 %
Finished training it 259072/306969 of epoch 0, 14.94 ms/it, NE 0.815377, loss 0.454219
Testing at - 259072/306969 of epoch 0,  NE 0.804457, loss 0.462148, accuracy 78.745 %, best 78.811 %
Finished training it 260096/306969 of epoch 0, 14.94 ms/it, NE 0.815323, loss 0.454907
Testing at - 260096/306969 of epoch 0,  NE 0.803284, loss 0.461474, accuracy 78.779 %, best 78.811 %
Finished training it 261120/306969 of epoch 0, 16.45 ms/it, NE 0.815268, loss 0.456931
Testing at - 261120/306969 of epoch 0,  NE 0.802825, loss 0.461210, accuracy 78.807 %, best 78.811 %
Finished training it 262144/306969 of epoch 0, 17.66 ms/it, NE 0.815223, loss 0.455894
Testing at - 262144/306969 of epoch 0,  NE 0.808200, loss 0.464298, accuracy 78.659 %, best 78.811 %
Finished training it 263168/306969 of epoch 0, 16.01 ms/it, NE 0.815176, loss 0.458099
Testing at - 263168/306969 of epoch 0,  NE 0.808303, loss 0.464357, accuracy 78.661 %, best 78.811 %
Finished training it 264192/306969 of epoch 0, 16.03 ms/it, NE 0.815127, loss 0.457574
Testing at - 264192/306969 of epoch 0,  NE 0.803702, loss 0.461714, accuracy 78.763 %, best 78.811 %
Finished training it 265216/306969 of epoch 0, 14.72 ms/it, NE 0.815073, loss 0.454651
Testing at - 265216/306969 of epoch 0,  NE 0.802243, loss 0.460876, accuracy 78.790 %, best 78.811 %
Finished training it 266240/306969 of epoch 0, 15.71 ms/it, NE 0.815015, loss 0.455023
Testing at - 266240/306969 of epoch 0,  NE 0.804103, loss 0.461945, accuracy 78.810 %, best 78.811 %
Finished training it 267264/306969 of epoch 0, 15.80 ms/it, NE 0.814969, loss 0.457787
Testing at - 267264/306969 of epoch 0,  NE 0.813952, loss 0.467603, accuracy 78.301 %, best 78.811 %
Finished training it 268288/306969 of epoch 0, 14.54 ms/it, NE 0.814933, loss 0.457663
Testing at - 268288/306969 of epoch 0,  NE 0.805019, loss 0.462470, accuracy 78.760 %, best 78.811 %
Finished training it 269312/306969 of epoch 0, 18.41 ms/it, NE 0.814883, loss 0.454605
Testing at - 269312/306969 of epoch 0,  NE 0.807064, loss 0.463646, accuracy 78.723 %, best 78.811 %
Finished training it 270336/306969 of epoch 0, 15.70 ms/it, NE 0.814835, loss 0.457172
Testing at - 270336/306969 of epoch 0,  NE 0.802809, loss 0.461201, accuracy 78.814 %, best 78.814 %
Finished training it 271360/306969 of epoch 0, 13.30 ms/it, NE 0.814778, loss 0.453277
Testing at - 271360/306969 of epoch 0,  NE 0.801939, loss 0.460701, accuracy 78.824 %, best 78.824 %
Finished training it 272384/306969 of epoch 0, 13.85 ms/it, NE 0.814734, loss 0.456541
Testing at - 272384/306969 of epoch 0,  NE 0.806888, loss 0.463544, accuracy 78.645 %, best 78.824 %
Finished training it 273408/306969 of epoch 0, 14.90 ms/it, NE 0.814689, loss 0.455970
Testing at - 273408/306969 of epoch 0,  NE 0.803184, loss 0.461416, accuracy 78.816 %, best 78.824 %
Finished training it 274432/306969 of epoch 0, 12.83 ms/it, NE 0.814640, loss 0.456132
Testing at - 274432/306969 of epoch 0,  NE 0.802635, loss 0.461101, accuracy 78.820 %, best 78.824 %
Finished training it 275456/306969 of epoch 0, 13.72 ms/it, NE 0.814599, loss 0.457442
Testing at - 275456/306969 of epoch 0,  NE 0.804124, loss 0.461957, accuracy 78.794 %, best 78.824 %
Finished training it 276480/306969 of epoch 0, 12.82 ms/it, NE 0.814554, loss 0.456260
Testing at - 276480/306969 of epoch 0,  NE 0.803643, loss 0.461680, accuracy 78.802 %, best 78.824 %
Finished training it 277504/306969 of epoch 0, 14.13 ms/it, NE 0.814497, loss 0.452966
Testing at - 277504/306969 of epoch 0,  NE 0.802888, loss 0.461246, accuracy 78.801 %, best 78.824 %
Finished training it 278528/306969 of epoch 0, 13.65 ms/it, NE 0.814457, loss 0.459045
Testing at - 278528/306969 of epoch 0,  NE 0.806391, loss 0.463259, accuracy 78.629 %, best 78.824 %
Finished training it 279552/306969 of epoch 0, 14.00 ms/it, NE 0.814422, loss 0.458915
Testing at - 279552/306969 of epoch 0,  NE 0.801705, loss 0.460567, accuracy 78.846 %, best 78.846 %
Finished training it 280576/306969 of epoch 0, 13.44 ms/it, NE 0.814379, loss 0.456779
Testing at - 280576/306969 of epoch 0,  NE 0.802983, loss 0.461301, accuracy 78.825 %, best 78.846 %
Finished training it 281600/306969 of epoch 0, 13.92 ms/it, NE 0.814341, loss 0.454404
Testing at - 281600/306969 of epoch 0,  NE 0.803288, loss 0.461476, accuracy 78.780 %, best 78.846 %
Finished training it 282624/306969 of epoch 0, 13.11 ms/it, NE 0.814295, loss 0.454110
Testing at - 282624/306969 of epoch 0,  NE 0.802958, loss 0.461287, accuracy 78.802 %, best 78.846 %
Finished training it 283648/306969 of epoch 0, 14.05 ms/it, NE 0.814255, loss 0.456899
Testing at - 283648/306969 of epoch 0,  NE 0.802668, loss 0.461120, accuracy 78.812 %, best 78.846 %
Finished training it 284672/306969 of epoch 0, 13.19 ms/it, NE 0.814215, loss 0.455047
Testing at - 284672/306969 of epoch 0,  NE 0.803281, loss 0.461472, accuracy 78.768 %, best 78.846 %
Finished training it 285696/306969 of epoch 0, 14.21 ms/it, NE 0.814170, loss 0.454848
Testing at - 285696/306969 of epoch 0,  NE 0.804389, loss 0.462109, accuracy 78.737 %, best 78.846 %
Finished training it 286720/306969 of epoch 0, 15.54 ms/it, NE 0.814142, loss 0.458153
Testing at - 286720/306969 of epoch 0,  NE 0.801570, loss 0.460489, accuracy 78.849 %, best 78.849 %
Finished training it 287744/306969 of epoch 0, 14.14 ms/it, NE 0.814088, loss 0.453468
Testing at - 287744/306969 of epoch 0,  NE 0.801449, loss 0.460420, accuracy 78.837 %, best 78.849 %
Finished training it 288768/306969 of epoch 0, 13.49 ms/it, NE 0.814038, loss 0.454647
Testing at - 288768/306969 of epoch 0,  NE 0.806248, loss 0.463177, accuracy 78.613 %, best 78.849 %
Finished training it 289792/306969 of epoch 0, 13.21 ms/it, NE 0.813992, loss 0.453996
Testing at - 289792/306969 of epoch 0,  NE 0.801132, loss 0.460238, accuracy 78.837 %, best 78.849 %
Finished training it 290816/306969 of epoch 0, 15.02 ms/it, NE 0.813953, loss 0.457269
Testing at - 290816/306969 of epoch 0,  NE 0.802339, loss 0.460931, accuracy 78.827 %, best 78.849 %
Finished training it 291840/306969 of epoch 0, 13.99 ms/it, NE 0.813912, loss 0.453782
Testing at - 291840/306969 of epoch 0,  NE 0.806514, loss 0.463330, accuracy 78.708 %, best 78.849 %
Finished training it 292864/306969 of epoch 0, 13.37 ms/it, NE 0.813857, loss 0.455758
Testing at - 292864/306969 of epoch 0,  NE 0.802163, loss 0.460830, accuracy 78.812 %, best 78.849 %
Finished training it 293888/306969 of epoch 0, 13.15 ms/it, NE 0.813811, loss 0.456563
Testing at - 293888/306969 of epoch 0,  NE 0.803981, loss 0.461875, accuracy 78.782 %, best 78.849 %
Finished training it 294912/306969 of epoch 0, 12.94 ms/it, NE 0.813764, loss 0.454938
Testing at - 294912/306969 of epoch 0,  NE 0.801720, loss 0.460576, accuracy 78.862 %, best 78.862 %
Finished training it 295936/306969 of epoch 0, 13.25 ms/it, NE 0.813726, loss 0.455349
Testing at - 295936/306969 of epoch 0,  NE 0.802035, loss 0.460756, accuracy 78.829 %, best 78.862 %
Finished training it 296960/306969 of epoch 0, 13.11 ms/it, NE 0.813683, loss 0.456489
Testing at - 296960/306969 of epoch 0,  NE 0.802514, loss 0.461031, accuracy 78.826 %, best 78.862 %
Finished training it 297984/306969 of epoch 0, 13.34 ms/it, NE 0.813652, loss 0.458729
Testing at - 297984/306969 of epoch 0,  NE 0.801935, loss 0.460699, accuracy 78.850 %, best 78.862 %
Finished training it 299008/306969 of epoch 0, 13.39 ms/it, NE 0.813612, loss 0.458476
Testing at - 299008/306969 of epoch 0,  NE 0.803087, loss 0.461361, accuracy 78.844 %, best 78.862 %
Finished training it 300032/306969 of epoch 0, 13.56 ms/it, NE 0.813568, loss 0.455528
Testing at - 300032/306969 of epoch 0,  NE 0.802114, loss 0.460802, accuracy 78.840 %, best 78.862 %
Finished training it 301056/306969 of epoch 0, 12.80 ms/it, NE 0.813533, loss 0.454979
Testing at - 301056/306969 of epoch 0,  NE 0.803106, loss 0.461372, accuracy 78.812 %, best 78.862 %
Finished training it 302080/306969 of epoch 0, 12.37 ms/it, NE 0.813487, loss 0.454521
Testing at - 302080/306969 of epoch 0,  NE 0.802563, loss 0.461060, accuracy 78.777 %, best 78.862 %
Finished training it 303104/306969 of epoch 0, 17.00 ms/it, NE 0.813447, loss 0.455761
Testing at - 303104/306969 of epoch 0,  NE 0.806231, loss 0.463167, accuracy 78.678 %, best 78.862 %
Finished training it 304128/306969 of epoch 0, 13.87 ms/it, NE 0.813412, loss 0.455965
Testing at - 304128/306969 of epoch 0,  NE 0.802355, loss 0.460940, accuracy 78.824 %, best 78.862 %
Finished training it 305152/306969 of epoch 0, 14.07 ms/it, NE 0.813367, loss 0.453285
Testing at - 305152/306969 of epoch 0,  NE 0.802559, loss 0.461058, accuracy 78.744 %, best 78.862 %
Finished training it 306176/306969 of epoch 0, 14.64 ms/it, NE 0.813320, loss 0.455008
Testing at - 306176/306969 of epoch 0,  NE 0.800431, loss 0.459835, accuracy 78.866 %, best 78.866 %
Finished training it 306969/306969 of epoch 0, 12.58 ms/it, NE 0.813281, loss 0.456342
Testing at - 306969/306969 of epoch 0,  NE 0.803376, loss 0.461527, accuracy 78.792 %, best 78.866 %
