NCCL version 2.9.6+cudaCUDA_MAJOR.CUDA_MINOR
Unable to import mlperf_logging,  No module named 'mlperf_logging'
world size: 1, current rank: 0, local rank: 0
Using 2 GPU(s)...
Reading pre-processed data=./input/kaggleAdDisplayChallenge_processed.npz
Sparse fea = 26, Dense fea = 13
Defined train indices...
Randomized indices across days ...
Split data according to indices...
Reading pre-processed data=./input/kaggleAdDisplayChallenge_processed.npz
Sparse fea = 26, Dense fea = 13
Defined test indices...
Randomized indices across days ...
Split data according to indices...
DLRM_Net(
  (bot_l): Sequential(
    (0): Linear(in_features=13, out_features=512, bias=True)
    (1): ReLU()
    (2): Linear(in_features=512, out_features=256, bias=True)
    (3): ReLU()
    (4): Linear(in_features=256, out_features=64, bias=True)
    (5): ReLU()
    (6): Linear(in_features=64, out_features=16, bias=True)
    (7): ReLU()
  )
  (top_l): Sequential(
    (0): Linear(in_features=367, out_features=512, bias=True)
    (1): ReLU()
    (2): Linear(in_features=512, out_features=256, bias=True)
    (3): ReLU()
    (4): Linear(in_features=256, out_features=1, bias=True)
    (5): Sigmoid()
  )
  (loss_fn): BCELoss()
)
Random uniform embeddings init: 0 size: 1461 dim: 16
Random uniform embeddings init: 1 size: 584 dim: 16
Random uniform embeddings init: 2 size: 10131227 dim: 16
Random uniform embeddings init: 3 size: 2202608 dim: 16
Random uniform embeddings init: 4 size: 306 dim: 16
Random uniform embeddings init: 5 size: 24 dim: 16
Random uniform embeddings init: 6 size: 12518 dim: 16
Random uniform embeddings init: 7 size: 634 dim: 16
Random uniform embeddings init: 8 size: 4 dim: 16
Random uniform embeddings init: 9 size: 93146 dim: 16
Random uniform embeddings init: 10 size: 5684 dim: 16
Random uniform embeddings init: 11 size: 8351593 dim: 16
Random uniform embeddings init: 12 size: 3195 dim: 16
Random uniform embeddings init: 13 size: 28 dim: 16
Random uniform embeddings init: 14 size: 14993 dim: 16
Random uniform embeddings init: 15 size: 5461306 dim: 16
Random uniform embeddings init: 16 size: 11 dim: 16
Random uniform embeddings init: 17 size: 5653 dim: 16
Random uniform embeddings init: 18 size: 2173 dim: 16
Random uniform embeddings init: 19 size: 4 dim: 16
Random uniform embeddings init: 20 size: 7046547 dim: 16
Random uniform embeddings init: 21 size: 18 dim: 16
Random uniform embeddings init: 22 size: 16 dim: 16
Random uniform embeddings init: 23 size: 286181 dim: 16
Random uniform embeddings init: 24 size: 105 dim: 16
Random uniform embeddings init: 25 size: 142572 dim: 16
time/loss/accuracy (if enabled):
Finished training it 1024/306969 of epoch 0, 34.32 ms/it, NE 0.916756, loss 0.521364
Testing at - 1024/306969 of epoch 0,  NE 0.896235, loss 0.514873, accuracy 75.690 %, best 75.690 %
Finished training it 2048/306969 of epoch 0, 18.68 ms/it, NE 0.902203, loss 0.504996
Testing at - 2048/306969 of epoch 0,  NE 0.874777, loss 0.502546, accuracy 76.310 %, best 76.310 %
Finished training it 3072/306969 of epoch 0, 20.94 ms/it, NE 0.893953, loss 0.498771
Testing at - 3072/306969 of epoch 0,  NE 0.864357, loss 0.496559, accuracy 76.688 %, best 76.688 %
Finished training it 4096/306969 of epoch 0, 20.08 ms/it, NE 0.886605, loss 0.488467
Testing at - 4096/306969 of epoch 0,  NE 0.858021, loss 0.492919, accuracy 76.862 %, best 76.862 %
Finished training it 5120/306969 of epoch 0, 18.47 ms/it, NE 0.880910, loss 0.488025
Testing at - 5120/306969 of epoch 0,  NE 0.855543, loss 0.491496, accuracy 77.100 %, best 77.100 %
Finished training it 6144/306969 of epoch 0, 21.71 ms/it, NE 0.875797, loss 0.482995
Testing at - 6144/306969 of epoch 0,  NE 0.844480, loss 0.485140, accuracy 77.267 %, best 77.267 %
Finished training it 7168/306969 of epoch 0, 18.66 ms/it, NE 0.871382, loss 0.478888
Testing at - 7168/306969 of epoch 0,  NE 0.837858, loss 0.481336, accuracy 77.414 %, best 77.414 %
Finished training it 8192/306969 of epoch 0, 19.96 ms/it, NE 0.867401, loss 0.477837
Testing at - 8192/306969 of epoch 0,  NE 0.836267, loss 0.480422, accuracy 77.459 %, best 77.459 %
Finished training it 9216/306969 of epoch 0, 18.59 ms/it, NE 0.864206, loss 0.475557
Testing at - 9216/306969 of epoch 0,  NE 0.837586, loss 0.481180, accuracy 77.373 %, best 77.459 %
Finished training it 10240/306969 of epoch 0, 20.92 ms/it, NE 0.860957, loss 0.473227
Testing at - 10240/306969 of epoch 0,  NE 0.834302, loss 0.479293, accuracy 77.424 %, best 77.459 %
Finished training it 11264/306969 of epoch 0, 18.83 ms/it, NE 0.858119, loss 0.471760
Testing at - 11264/306969 of epoch 0,  NE 0.831563, loss 0.477719, accuracy 77.660 %, best 77.660 %
Finished training it 12288/306969 of epoch 0, 20.61 ms/it, NE 0.855581, loss 0.467330
Testing at - 12288/306969 of epoch 0,  NE 0.829485, loss 0.476526, accuracy 77.607 %, best 77.660 %
Finished training it 13312/306969 of epoch 0, 18.67 ms/it, NE 0.853587, loss 0.472973
Testing at - 13312/306969 of epoch 0,  NE 0.828009, loss 0.475678, accuracy 77.812 %, best 77.812 %
Finished training it 14336/306969 of epoch 0, 21.83 ms/it, NE 0.851608, loss 0.469835
Testing at - 14336/306969 of epoch 0,  NE 0.824858, loss 0.473868, accuracy 77.834 %, best 77.834 %
Finished training it 15360/306969 of epoch 0, 20.90 ms/it, NE 0.849755, loss 0.467911
Testing at - 15360/306969 of epoch 0,  NE 0.829598, loss 0.476591, accuracy 77.735 %, best 77.834 %
Finished training it 16384/306969 of epoch 0, 25.39 ms/it, NE 0.847939, loss 0.467781
Testing at - 16384/306969 of epoch 0,  NE 0.822074, loss 0.472268, accuracy 77.901 %, best 77.901 %
Finished training it 17408/306969 of epoch 0, 22.64 ms/it, NE 0.846253, loss 0.466439
Testing at - 17408/306969 of epoch 0,  NE 0.825834, loss 0.474428, accuracy 77.810 %, best 77.901 %
Finished training it 18432/306969 of epoch 0, 23.65 ms/it, NE 0.844965, loss 0.468388
Testing at - 18432/306969 of epoch 0,  NE 0.823246, loss 0.472942, accuracy 77.831 %, best 77.901 %
Finished training it 19456/306969 of epoch 0, 22.08 ms/it, NE 0.843617, loss 0.466865
Testing at - 19456/306969 of epoch 0,  NE 0.831974, loss 0.477956, accuracy 77.722 %, best 77.901 %
Finished training it 20480/306969 of epoch 0, 21.36 ms/it, NE 0.842548, loss 0.466773
Testing at - 20480/306969 of epoch 0,  NE 0.827449, loss 0.475356, accuracy 77.760 %, best 77.901 %
Finished training it 21504/306969 of epoch 0, 21.22 ms/it, NE 0.841566, loss 0.467026
Testing at - 21504/306969 of epoch 0,  NE 0.821359, loss 0.471858, accuracy 78.014 %, best 78.014 %
Finished training it 22528/306969 of epoch 0, 24.43 ms/it, NE 0.840601, loss 0.465687
Testing at - 22528/306969 of epoch 0,  NE 0.820935, loss 0.471614, accuracy 77.875 %, best 78.014 %
Finished training it 23552/306969 of epoch 0, 21.00 ms/it, NE 0.839718, loss 0.468395
Testing at - 23552/306969 of epoch 0,  NE 0.817359, loss 0.469560, accuracy 78.031 %, best 78.031 %
Finished training it 24576/306969 of epoch 0, 23.24 ms/it, NE 0.838843, loss 0.463880
Testing at - 24576/306969 of epoch 0,  NE 0.822242, loss 0.472365, accuracy 77.886 %, best 78.031 %
Finished training it 25600/306969 of epoch 0, 19.66 ms/it, NE 0.837868, loss 0.462571
Testing at - 25600/306969 of epoch 0,  NE 0.819002, loss 0.470503, accuracy 77.924 %, best 78.031 %
Finished training it 26624/306969 of epoch 0, 23.80 ms/it, NE 0.837041, loss 0.463622
Testing at - 26624/306969 of epoch 0,  NE 0.818528, loss 0.470232, accuracy 77.965 %, best 78.031 %
Finished training it 27648/306969 of epoch 0, 19.97 ms/it, NE 0.836153, loss 0.461248
Testing at - 27648/306969 of epoch 0,  NE 0.816536, loss 0.469087, accuracy 78.061 %, best 78.061 %
Finished training it 28672/306969 of epoch 0, 21.19 ms/it, NE 0.835524, loss 0.463789
Testing at - 28672/306969 of epoch 0,  NE 0.816538, loss 0.469088, accuracy 78.123 %, best 78.123 %
Finished training it 29696/306969 of epoch 0, 20.36 ms/it, NE 0.834994, loss 0.465268
Testing at - 29696/306969 of epoch 0,  NE 0.816598, loss 0.469122, accuracy 78.099 %, best 78.123 %
Finished training it 30720/306969 of epoch 0, 20.31 ms/it, NE 0.834356, loss 0.463509
Testing at - 30720/306969 of epoch 0,  NE 0.814896, loss 0.468145, accuracy 78.163 %, best 78.163 %
Finished training it 31744/306969 of epoch 0, 19.23 ms/it, NE 0.833771, loss 0.464592
Testing at - 31744/306969 of epoch 0,  NE 0.827880, loss 0.475604, accuracy 77.720 %, best 78.163 %
Finished training it 32768/306969 of epoch 0, 18.93 ms/it, NE 0.833133, loss 0.463764
Testing at - 32768/306969 of epoch 0,  NE 0.814738, loss 0.468054, accuracy 78.100 %, best 78.163 %
Finished training it 33792/306969 of epoch 0, 18.51 ms/it, NE 0.832489, loss 0.462035
Testing at - 33792/306969 of epoch 0,  NE 0.812748, loss 0.466911, accuracy 78.178 %, best 78.178 %
Finished training it 34816/306969 of epoch 0, 18.27 ms/it, NE 0.831798, loss 0.460078
Testing at - 34816/306969 of epoch 0,  NE 0.815497, loss 0.468490, accuracy 78.077 %, best 78.178 %
Finished training it 35840/306969 of epoch 0, 23.27 ms/it, NE 0.831365, loss 0.464850
Testing at - 35840/306969 of epoch 0,  NE 0.813836, loss 0.467536, accuracy 78.241 %, best 78.241 %
Finished training it 36864/306969 of epoch 0, 19.12 ms/it, NE 0.830810, loss 0.461300
Testing at - 36864/306969 of epoch 0,  NE 0.817790, loss 0.469807, accuracy 78.119 %, best 78.241 %
Finished training it 37888/306969 of epoch 0, 19.24 ms/it, NE 0.830308, loss 0.460350
Testing at - 37888/306969 of epoch 0,  NE 0.813483, loss 0.467333, accuracy 78.185 %, best 78.241 %
Finished training it 38912/306969 of epoch 0, 20.15 ms/it, NE 0.829895, loss 0.463464
Testing at - 38912/306969 of epoch 0,  NE 0.810652, loss 0.465707, accuracy 78.259 %, best 78.259 %
Finished training it 39936/306969 of epoch 0, 20.29 ms/it, NE 0.829438, loss 0.461622
Testing at - 39936/306969 of epoch 0,  NE 0.811874, loss 0.466409, accuracy 78.228 %, best 78.259 %
Finished training it 40960/306969 of epoch 0, 23.75 ms/it, NE 0.828956, loss 0.461515
Testing at - 40960/306969 of epoch 0,  NE 0.811102, loss 0.465965, accuracy 78.265 %, best 78.265 %
Finished training it 41984/306969 of epoch 0, 22.76 ms/it, NE 0.828507, loss 0.460612
Testing at - 41984/306969 of epoch 0,  NE 0.813049, loss 0.467084, accuracy 78.222 %, best 78.265 %
Finished training it 43008/306969 of epoch 0, 23.08 ms/it, NE 0.828131, loss 0.460686
Testing at - 43008/306969 of epoch 0,  NE 0.810463, loss 0.465598, accuracy 78.279 %, best 78.279 %
Finished training it 44032/306969 of epoch 0, 19.98 ms/it, NE 0.827773, loss 0.461678
Testing at - 44032/306969 of epoch 0,  NE 0.815732, loss 0.468625, accuracy 78.159 %, best 78.279 %
Finished training it 45056/306969 of epoch 0, 23.68 ms/it, NE 0.827434, loss 0.462226
Testing at - 45056/306969 of epoch 0,  NE 0.810309, loss 0.465510, accuracy 78.287 %, best 78.287 %
Finished training it 46080/306969 of epoch 0, 19.61 ms/it, NE 0.827015, loss 0.460493
Testing at - 46080/306969 of epoch 0,  NE 0.814488, loss 0.467910, accuracy 78.105 %, best 78.287 %
Finished training it 47104/306969 of epoch 0, 19.17 ms/it, NE 0.826724, loss 0.463126
Testing at - 47104/306969 of epoch 0,  NE 0.815920, loss 0.468733, accuracy 78.121 %, best 78.287 %
Finished training it 48128/306969 of epoch 0, 20.82 ms/it, NE 0.826446, loss 0.461911
Testing at - 48128/306969 of epoch 0,  NE 0.815860, loss 0.468699, accuracy 78.097 %, best 78.287 %
Finished training it 49152/306969 of epoch 0, 19.01 ms/it, NE 0.826064, loss 0.457526
Testing at - 49152/306969 of epoch 0,  NE 0.809851, loss 0.465246, accuracy 78.263 %, best 78.287 %
Finished training it 50176/306969 of epoch 0, 20.30 ms/it, NE 0.825694, loss 0.459798
Testing at - 50176/306969 of epoch 0,  NE 0.812709, loss 0.466888, accuracy 78.294 %, best 78.294 %
Finished training it 51200/306969 of epoch 0, 19.75 ms/it, NE 0.825373, loss 0.461424
Testing at - 51200/306969 of epoch 0,  NE 0.812121, loss 0.466550, accuracy 78.299 %, best 78.299 %
Finished training it 52224/306969 of epoch 0, 22.22 ms/it, NE 0.825040, loss 0.461626
Testing at - 52224/306969 of epoch 0,  NE 0.809888, loss 0.465268, accuracy 78.299 %, best 78.299 %
Finished training it 53248/306969 of epoch 0, 19.70 ms/it, NE 0.824739, loss 0.460693
Testing at - 53248/306969 of epoch 0,  NE 0.810087, loss 0.465382, accuracy 78.288 %, best 78.299 %
Finished training it 54272/306969 of epoch 0, 20.38 ms/it, NE 0.824438, loss 0.460346
Testing at - 54272/306969 of epoch 0,  NE 0.811335, loss 0.466099, accuracy 78.242 %, best 78.299 %
Finished training it 55296/306969 of epoch 0, 21.25 ms/it, NE 0.824120, loss 0.459771
Testing at - 55296/306969 of epoch 0,  NE 0.811905, loss 0.466426, accuracy 78.295 %, best 78.299 %
Finished training it 56320/306969 of epoch 0, 19.35 ms/it, NE 0.823871, loss 0.459220
Testing at - 56320/306969 of epoch 0,  NE 0.808469, loss 0.464453, accuracy 78.322 %, best 78.322 %
Finished training it 57344/306969 of epoch 0, 20.21 ms/it, NE 0.823580, loss 0.457395
Testing at - 57344/306969 of epoch 0,  NE 0.808269, loss 0.464337, accuracy 78.338 %, best 78.338 %
Finished training it 58368/306969 of epoch 0, 17.96 ms/it, NE 0.823240, loss 0.457086
Testing at - 58368/306969 of epoch 0,  NE 0.807143, loss 0.463691, accuracy 78.377 %, best 78.377 %
Finished training it 59392/306969 of epoch 0, 18.19 ms/it, NE 0.822963, loss 0.459252
Testing at - 59392/306969 of epoch 0,  NE 0.807980, loss 0.464172, accuracy 78.367 %, best 78.377 %
Finished training it 60416/306969 of epoch 0, 20.39 ms/it, NE 0.822722, loss 0.458856
Testing at - 60416/306969 of epoch 0,  NE 0.820522, loss 0.471377, accuracy 77.974 %, best 78.377 %
Finished training it 61440/306969 of epoch 0, 18.09 ms/it, NE 0.822474, loss 0.461275
Testing at - 61440/306969 of epoch 0,  NE 0.808809, loss 0.464648, accuracy 78.351 %, best 78.377 %
Finished training it 62464/306969 of epoch 0, 19.02 ms/it, NE 0.822250, loss 0.459242
Testing at - 62464/306969 of epoch 0,  NE 0.809763, loss 0.465196, accuracy 78.309 %, best 78.377 %
Finished training it 63488/306969 of epoch 0, 18.55 ms/it, NE 0.821963, loss 0.458063
Testing at - 63488/306969 of epoch 0,  NE 0.807530, loss 0.463913, accuracy 78.385 %, best 78.385 %
Finished training it 64512/306969 of epoch 0, 18.27 ms/it, NE 0.821734, loss 0.460172
Testing at - 64512/306969 of epoch 0,  NE 0.809988, loss 0.465325, accuracy 78.335 %, best 78.385 %
Finished training it 65536/306969 of epoch 0, 19.12 ms/it, NE 0.821563, loss 0.462047
Testing at - 65536/306969 of epoch 0,  NE 0.806840, loss 0.463517, accuracy 78.388 %, best 78.388 %
Finished training it 66560/306969 of epoch 0, 17.92 ms/it, NE 0.821365, loss 0.458747
Testing at - 66560/306969 of epoch 0,  NE 0.806353, loss 0.463237, accuracy 78.427 %, best 78.427 %
Finished training it 67584/306969 of epoch 0, 20.09 ms/it, NE 0.821097, loss 0.457194
Testing at - 67584/306969 of epoch 0,  NE 0.806990, loss 0.463603, accuracy 78.354 %, best 78.427 %
Finished training it 68608/306969 of epoch 0, 20.57 ms/it, NE 0.820859, loss 0.458610
Testing at - 68608/306969 of epoch 0,  NE 0.810339, loss 0.465527, accuracy 78.273 %, best 78.427 %
Finished training it 69632/306969 of epoch 0, 17.89 ms/it, NE 0.820632, loss 0.458077
Testing at - 69632/306969 of epoch 0,  NE 0.805803, loss 0.462921, accuracy 78.431 %, best 78.431 %
Finished training it 70656/306969 of epoch 0, 16.78 ms/it, NE 0.820427, loss 0.457809
Testing at - 70656/306969 of epoch 0,  NE 0.805757, loss 0.462895, accuracy 78.424 %, best 78.431 %
Finished training it 71680/306969 of epoch 0, 16.93 ms/it, NE 0.820271, loss 0.459728
Testing at - 71680/306969 of epoch 0,  NE 0.807290, loss 0.463775, accuracy 78.427 %, best 78.431 %
Finished training it 72704/306969 of epoch 0, 16.76 ms/it, NE 0.820037, loss 0.455972
Testing at - 72704/306969 of epoch 0,  NE 0.807637, loss 0.463975, accuracy 78.262 %, best 78.431 %
Finished training it 73728/306969 of epoch 0, 17.97 ms/it, NE 0.819828, loss 0.457864
Testing at - 73728/306969 of epoch 0,  NE 0.806729, loss 0.463453, accuracy 78.363 %, best 78.431 %
Finished training it 74752/306969 of epoch 0, 18.37 ms/it, NE 0.819622, loss 0.457522
Testing at - 74752/306969 of epoch 0,  NE 0.812461, loss 0.466746, accuracy 78.145 %, best 78.431 %
Finished training it 75776/306969 of epoch 0, 18.89 ms/it, NE 0.819412, loss 0.457137
Testing at - 75776/306969 of epoch 0,  NE 0.805807, loss 0.462924, accuracy 78.411 %, best 78.431 %
Finished training it 76800/306969 of epoch 0, 19.53 ms/it, NE 0.819235, loss 0.457646
Testing at - 76800/306969 of epoch 0,  NE 0.811356, loss 0.466111, accuracy 78.231 %, best 78.431 %
Finished training it 77824/306969 of epoch 0, 19.56 ms/it, NE 0.819077, loss 0.457709
Testing at - 77824/306969 of epoch 0,  NE 0.805626, loss 0.462819, accuracy 78.460 %, best 78.460 %
Finished training it 78848/306969 of epoch 0, 18.22 ms/it, NE 0.818885, loss 0.457011
Testing at - 78848/306969 of epoch 0,  NE 0.804780, loss 0.462333, accuracy 78.435 %, best 78.460 %
Finished training it 79872/306969 of epoch 0, 20.89 ms/it, NE 0.818690, loss 0.456486
Testing at - 79872/306969 of epoch 0,  NE 0.806492, loss 0.463317, accuracy 78.387 %, best 78.460 %
Finished training it 80896/306969 of epoch 0, 19.52 ms/it, NE 0.818495, loss 0.456838
Testing at - 80896/306969 of epoch 0,  NE 0.805271, loss 0.462615, accuracy 78.456 %, best 78.460 %
Finished training it 81920/306969 of epoch 0, 20.25 ms/it, NE 0.818326, loss 0.457758
Testing at - 81920/306969 of epoch 0,  NE 0.803910, loss 0.461834, accuracy 78.505 %, best 78.505 %
Finished training it 82944/306969 of epoch 0, 20.44 ms/it, NE 0.818169, loss 0.456143
Testing at - 82944/306969 of epoch 0,  NE 0.804446, loss 0.462142, accuracy 78.439 %, best 78.505 %
Finished training it 83968/306969 of epoch 0, 20.22 ms/it, NE 0.817986, loss 0.455244
Testing at - 83968/306969 of epoch 0,  NE 0.802455, loss 0.460998, accuracy 78.505 %, best 78.505 %
Finished training it 84992/306969 of epoch 0, 21.31 ms/it, NE 0.817781, loss 0.455710
Testing at - 84992/306969 of epoch 0,  NE 0.804667, loss 0.462268, accuracy 78.468 %, best 78.505 %
Finished training it 86016/306969 of epoch 0, 17.30 ms/it, NE 0.817623, loss 0.457882
Testing at - 86016/306969 of epoch 0,  NE 0.805886, loss 0.462969, accuracy 78.381 %, best 78.505 %
Finished training it 87040/306969 of epoch 0, 18.75 ms/it, NE 0.817436, loss 0.456495
Testing at - 87040/306969 of epoch 0,  NE 0.806214, loss 0.463157, accuracy 78.438 %, best 78.505 %
Finished training it 88064/306969 of epoch 0, 17.86 ms/it, NE 0.817264, loss 0.454868
Testing at - 88064/306969 of epoch 0,  NE 0.802286, loss 0.460901, accuracy 78.514 %, best 78.514 %
Finished training it 89088/306969 of epoch 0, 18.78 ms/it, NE 0.817061, loss 0.456300
Testing at - 89088/306969 of epoch 0,  NE 0.804190, loss 0.461994, accuracy 78.481 %, best 78.514 %
Finished training it 90112/306969 of epoch 0, 17.20 ms/it, NE 0.816898, loss 0.455714
Testing at - 90112/306969 of epoch 0,  NE 0.804519, loss 0.462184, accuracy 78.430 %, best 78.514 %
Finished training it 91136/306969 of epoch 0, 16.95 ms/it, NE 0.816737, loss 0.455663
Testing at - 91136/306969 of epoch 0,  NE 0.805739, loss 0.462884, accuracy 78.344 %, best 78.514 %
Finished training it 92160/306969 of epoch 0, 17.93 ms/it, NE 0.816583, loss 0.457726
Testing at - 92160/306969 of epoch 0,  NE 0.805164, loss 0.462554, accuracy 78.523 %, best 78.523 %
Finished training it 93184/306969 of epoch 0, 17.12 ms/it, NE 0.816429, loss 0.456844
Testing at - 93184/306969 of epoch 0,  NE 0.804074, loss 0.461928, accuracy 78.448 %, best 78.523 %
Finished training it 94208/306969 of epoch 0, 17.55 ms/it, NE 0.816281, loss 0.455744
Testing at - 94208/306969 of epoch 0,  NE 0.802047, loss 0.460763, accuracy 78.539 %, best 78.539 %
Finished training it 95232/306969 of epoch 0, 17.14 ms/it, NE 0.816096, loss 0.454015
Testing at - 95232/306969 of epoch 0,  NE 0.802043, loss 0.460761, accuracy 78.519 %, best 78.539 %
Finished training it 96256/306969 of epoch 0, 17.84 ms/it, NE 0.815904, loss 0.454562
Testing at - 96256/306969 of epoch 0,  NE 0.811278, loss 0.466066, accuracy 78.270 %, best 78.539 %
Finished training it 97280/306969 of epoch 0, 17.33 ms/it, NE 0.815740, loss 0.454132
Testing at - 97280/306969 of epoch 0,  NE 0.802035, loss 0.460757, accuracy 78.528 %, best 78.539 %
Finished training it 98304/306969 of epoch 0, 17.70 ms/it, NE 0.815576, loss 0.453677
Testing at - 98304/306969 of epoch 0,  NE 0.802366, loss 0.460947, accuracy 78.516 %, best 78.539 %
Finished training it 99328/306969 of epoch 0, 18.66 ms/it, NE 0.815451, loss 0.456230
Testing at - 99328/306969 of epoch 0,  NE 0.807417, loss 0.463848, accuracy 78.358 %, best 78.539 %
Finished training it 100352/306969 of epoch 0, 19.87 ms/it, NE 0.815293, loss 0.455290
Testing at - 100352/306969 of epoch 0,  NE 0.801928, loss 0.460695, accuracy 78.508 %, best 78.539 %
Finished training it 101376/306969 of epoch 0, 17.37 ms/it, NE 0.815111, loss 0.455108
Testing at - 101376/306969 of epoch 0,  NE 0.803273, loss 0.461467, accuracy 78.531 %, best 78.539 %
Finished training it 102400/306969 of epoch 0, 21.13 ms/it, NE 0.814963, loss 0.455787
Testing at - 102400/306969 of epoch 0,  NE 0.806008, loss 0.463039, accuracy 78.421 %, best 78.539 %
Finished training it 103424/306969 of epoch 0, 18.55 ms/it, NE 0.814844, loss 0.456502
Testing at - 103424/306969 of epoch 0,  NE 0.804357, loss 0.462090, accuracy 78.456 %, best 78.539 %
Finished training it 104448/306969 of epoch 0, 20.22 ms/it, NE 0.814727, loss 0.456345
Testing at - 104448/306969 of epoch 0,  NE 0.804867, loss 0.462383, accuracy 78.435 %, best 78.539 %
Finished training it 105472/306969 of epoch 0, 17.16 ms/it, NE 0.814638, loss 0.456047
Testing at - 105472/306969 of epoch 0,  NE 0.801542, loss 0.460473, accuracy 78.577 %, best 78.577 %
Finished training it 106496/306969 of epoch 0, 19.21 ms/it, NE 0.814505, loss 0.454001
Testing at - 106496/306969 of epoch 0,  NE 0.810296, loss 0.465502, accuracy 78.323 %, best 78.577 %
Finished training it 107520/306969 of epoch 0, 18.59 ms/it, NE 0.814360, loss 0.454261
Testing at - 107520/306969 of epoch 0,  NE 0.804153, loss 0.461973, accuracy 78.443 %, best 78.577 %
Finished training it 108544/306969 of epoch 0, 19.27 ms/it, NE 0.814202, loss 0.454653
Testing at - 108544/306969 of epoch 0,  NE 0.800982, loss 0.460151, accuracy 78.570 %, best 78.577 %
Finished training it 109568/306969 of epoch 0, 18.04 ms/it, NE 0.814052, loss 0.454376
Testing at - 109568/306969 of epoch 0,  NE 0.800537, loss 0.459896, accuracy 78.562 %, best 78.577 %
Finished training it 110592/306969 of epoch 0, 19.92 ms/it, NE 0.813942, loss 0.455318
Testing at - 110592/306969 of epoch 0,  NE 0.800179, loss 0.459690, accuracy 78.597 %, best 78.597 %
Finished training it 111616/306969 of epoch 0, 18.58 ms/it, NE 0.813838, loss 0.457089
Testing at - 111616/306969 of epoch 0,  NE 0.802607, loss 0.461085, accuracy 78.525 %, best 78.597 %
Finished training it 112640/306969 of epoch 0, 19.83 ms/it, NE 0.813735, loss 0.456549
Testing at - 112640/306969 of epoch 0,  NE 0.801780, loss 0.460610, accuracy 78.569 %, best 78.597 %
Finished training it 113664/306969 of epoch 0, 21.10 ms/it, NE 0.813614, loss 0.455864
Testing at - 113664/306969 of epoch 0,  NE 0.801479, loss 0.460437, accuracy 78.570 %, best 78.597 %
Finished training it 114688/306969 of epoch 0, 21.67 ms/it, NE 0.813501, loss 0.454092
Testing at - 114688/306969 of epoch 0,  NE 0.805032, loss 0.462478, accuracy 78.450 %, best 78.597 %
Finished training it 115712/306969 of epoch 0, 20.24 ms/it, NE 0.813348, loss 0.453347
Testing at - 115712/306969 of epoch 0,  NE 0.803992, loss 0.461881, accuracy 78.535 %, best 78.597 %
Finished training it 116736/306969 of epoch 0, 22.63 ms/it, NE 0.813266, loss 0.456003
Testing at - 116736/306969 of epoch 0,  NE 0.801635, loss 0.460527, accuracy 78.559 %, best 78.597 %
Finished training it 117760/306969 of epoch 0, 20.10 ms/it, NE 0.813120, loss 0.453170
Testing at - 117760/306969 of epoch 0,  NE 0.800547, loss 0.459901, accuracy 78.534 %, best 78.597 %
Finished training it 118784/306969 of epoch 0, 24.33 ms/it, NE 0.813003, loss 0.455421
Testing at - 118784/306969 of epoch 0,  NE 0.803457, loss 0.461573, accuracy 78.409 %, best 78.597 %
Finished training it 119808/306969 of epoch 0, 20.69 ms/it, NE 0.812880, loss 0.456983
Testing at - 119808/306969 of epoch 0,  NE 0.806597, loss 0.463377, accuracy 78.366 %, best 78.597 %
Finished training it 120832/306969 of epoch 0, 22.64 ms/it, NE 0.812749, loss 0.451512
Testing at - 120832/306969 of epoch 0,  NE 0.799725, loss 0.459429, accuracy 78.586 %, best 78.597 %
Finished training it 121856/306969 of epoch 0, 21.57 ms/it, NE 0.812624, loss 0.453737
Testing at - 121856/306969 of epoch 0,  NE 0.801290, loss 0.460328, accuracy 78.543 %, best 78.597 %
Finished training it 122880/306969 of epoch 0, 22.71 ms/it, NE 0.812501, loss 0.454425
Testing at - 122880/306969 of epoch 0,  NE 0.800629, loss 0.459949, accuracy 78.582 %, best 78.597 %
Finished training it 123904/306969 of epoch 0, 19.92 ms/it, NE 0.812412, loss 0.457115
Testing at - 123904/306969 of epoch 0,  NE 0.798964, loss 0.458992, accuracy 78.613 %, best 78.613 %
Finished training it 124928/306969 of epoch 0, 23.96 ms/it, NE 0.812298, loss 0.453343
Testing at - 124928/306969 of epoch 0,  NE 0.800199, loss 0.459702, accuracy 78.567 %, best 78.613 %
Finished training it 125952/306969 of epoch 0, 19.88 ms/it, NE 0.812186, loss 0.455774
Testing at - 125952/306969 of epoch 0,  NE 0.801876, loss 0.460665, accuracy 78.510 %, best 78.613 %
Finished training it 126976/306969 of epoch 0, 24.71 ms/it, NE 0.812101, loss 0.456640
Testing at - 126976/306969 of epoch 0,  NE 0.799434, loss 0.459262, accuracy 78.574 %, best 78.613 %
Finished training it 128000/306969 of epoch 0, 22.43 ms/it, NE 0.811989, loss 0.452879
Testing at - 128000/306969 of epoch 0,  NE 0.799494, loss 0.459296, accuracy 78.576 %, best 78.613 %
Finished training it 129024/306969 of epoch 0, 24.44 ms/it, NE 0.811887, loss 0.454473
Testing at - 129024/306969 of epoch 0,  NE 0.799912, loss 0.459537, accuracy 78.565 %, best 78.613 %
Finished training it 130048/306969 of epoch 0, 22.33 ms/it, NE 0.811799, loss 0.456599
Testing at - 130048/306969 of epoch 0,  NE 0.801115, loss 0.460228, accuracy 78.537 %, best 78.613 %
Finished training it 131072/306969 of epoch 0, 22.96 ms/it, NE 0.811715, loss 0.455303
Testing at - 131072/306969 of epoch 0,  NE 0.800557, loss 0.459907, accuracy 78.596 %, best 78.613 %
Finished training it 132096/306969 of epoch 0, 20.00 ms/it, NE 0.811611, loss 0.455009
Testing at - 132096/306969 of epoch 0,  NE 0.800530, loss 0.459892, accuracy 78.586 %, best 78.613 %
Finished training it 133120/306969 of epoch 0, 23.07 ms/it, NE 0.811494, loss 0.452639
Testing at - 133120/306969 of epoch 0,  NE 0.801050, loss 0.460191, accuracy 78.547 %, best 78.613 %
Finished training it 134144/306969 of epoch 0, 21.59 ms/it, NE 0.811375, loss 0.453284
Testing at - 134144/306969 of epoch 0,  NE 0.799513, loss 0.459307, accuracy 78.634 %, best 78.634 %
Finished training it 135168/306969 of epoch 0, 24.93 ms/it, NE 0.811262, loss 0.451358
Testing at - 135168/306969 of epoch 0,  NE 0.799197, loss 0.459126, accuracy 78.617 %, best 78.634 %
Finished training it 136192/306969 of epoch 0, 22.12 ms/it, NE 0.811174, loss 0.454381
Testing at - 136192/306969 of epoch 0,  NE 0.800782, loss 0.460037, accuracy 78.585 %, best 78.634 %
Finished training it 137216/306969 of epoch 0, 20.57 ms/it, NE 0.811074, loss 0.453843
Testing at - 137216/306969 of epoch 0,  NE 0.799384, loss 0.459233, accuracy 78.643 %, best 78.643 %
Finished training it 138240/306969 of epoch 0, 17.83 ms/it, NE 0.810975, loss 0.455062
Testing at - 138240/306969 of epoch 0,  NE 0.798284, loss 0.458601, accuracy 78.617 %, best 78.643 %
Finished training it 139264/306969 of epoch 0, 19.73 ms/it, NE 0.810888, loss 0.454048
Testing at - 139264/306969 of epoch 0,  NE 0.801679, loss 0.460552, accuracy 78.524 %, best 78.643 %
Finished training it 140288/306969 of epoch 0, 17.84 ms/it, NE 0.810752, loss 0.450732
Testing at - 140288/306969 of epoch 0,  NE 0.800176, loss 0.459689, accuracy 78.602 %, best 78.643 %
Finished training it 141312/306969 of epoch 0, 19.97 ms/it, NE 0.810669, loss 0.453358
Testing at - 141312/306969 of epoch 0,  NE 0.798833, loss 0.458917, accuracy 78.601 %, best 78.643 %
Finished training it 142336/306969 of epoch 0, 18.94 ms/it, NE 0.810562, loss 0.451243
Testing at - 142336/306969 of epoch 0,  NE 0.800141, loss 0.459668, accuracy 78.579 %, best 78.643 %
Finished training it 143360/306969 of epoch 0, 19.91 ms/it, NE 0.810476, loss 0.452777
Testing at - 143360/306969 of epoch 0,  NE 0.813054, loss 0.467086, accuracy 78.011 %, best 78.643 %
Finished training it 144384/306969 of epoch 0, 19.29 ms/it, NE 0.810396, loss 0.453292
Testing at - 144384/306969 of epoch 0,  NE 0.798440, loss 0.458691, accuracy 78.663 %, best 78.663 %
Finished training it 145408/306969 of epoch 0, 21.11 ms/it, NE 0.810304, loss 0.456015
Testing at - 145408/306969 of epoch 0,  NE 0.800822, loss 0.460060, accuracy 78.583 %, best 78.663 %
Finished training it 146432/306969 of epoch 0, 17.64 ms/it, NE 0.810198, loss 0.451438
Testing at - 146432/306969 of epoch 0,  NE 0.798226, loss 0.458568, accuracy 78.669 %, best 78.669 %
Finished training it 147456/306969 of epoch 0, 21.33 ms/it, NE 0.810102, loss 0.451749
Testing at - 147456/306969 of epoch 0,  NE 0.800874, loss 0.460089, accuracy 78.577 %, best 78.669 %
Finished training it 148480/306969 of epoch 0, 21.58 ms/it, NE 0.809980, loss 0.450350
Testing at - 148480/306969 of epoch 0,  NE 0.797627, loss 0.458224, accuracy 78.615 %, best 78.669 %
Finished training it 149504/306969 of epoch 0, 25.38 ms/it, NE 0.809871, loss 0.451385
Testing at - 149504/306969 of epoch 0,  NE 0.798466, loss 0.458706, accuracy 78.637 %, best 78.669 %
Finished training it 150528/306969 of epoch 0, 21.30 ms/it, NE 0.809797, loss 0.452858
Testing at - 150528/306969 of epoch 0,  NE 0.797221, loss 0.457991, accuracy 78.664 %, best 78.669 %
Finished training it 151552/306969 of epoch 0, 21.50 ms/it, NE 0.809682, loss 0.449658
Testing at - 151552/306969 of epoch 0,  NE 0.807365, loss 0.463818, accuracy 78.201 %, best 78.669 %
Finished training it 152576/306969 of epoch 0, 21.18 ms/it, NE 0.809580, loss 0.450429
Testing at - 152576/306969 of epoch 0,  NE 0.798248, loss 0.458581, accuracy 78.617 %, best 78.669 %
Finished training it 153600/306969 of epoch 0, 21.20 ms/it, NE 0.809491, loss 0.452930
Testing at - 153600/306969 of epoch 0,  NE 0.799355, loss 0.459217, accuracy 78.507 %, best 78.669 %
Finished training it 154624/306969 of epoch 0, 20.92 ms/it, NE 0.809395, loss 0.451690
Testing at - 154624/306969 of epoch 0,  NE 0.797429, loss 0.458111, accuracy 78.666 %, best 78.669 %
Finished training it 155648/306969 of epoch 0, 20.04 ms/it, NE 0.809308, loss 0.451838
Testing at - 155648/306969 of epoch 0,  NE 0.796470, loss 0.457560, accuracy 78.673 %, best 78.673 %
Finished training it 156672/306969 of epoch 0, 19.91 ms/it, NE 0.809215, loss 0.451800
Testing at - 156672/306969 of epoch 0,  NE 0.797183, loss 0.457969, accuracy 78.641 %, best 78.673 %
Finished training it 157696/306969 of epoch 0, 22.62 ms/it, NE 0.809119, loss 0.449716
Testing at - 157696/306969 of epoch 0,  NE 0.796840, loss 0.457772, accuracy 78.679 %, best 78.679 %
Finished training it 158720/306969 of epoch 0, 19.04 ms/it, NE 0.809025, loss 0.452849
Testing at - 158720/306969 of epoch 0,  NE 0.796972, loss 0.457848, accuracy 78.664 %, best 78.679 %
Finished training it 159744/306969 of epoch 0, 21.34 ms/it, NE 0.808939, loss 0.452140
Testing at - 159744/306969 of epoch 0,  NE 0.801309, loss 0.460339, accuracy 78.597 %, best 78.679 %
Finished training it 160768/306969 of epoch 0, 20.56 ms/it, NE 0.808867, loss 0.452900
Testing at - 160768/306969 of epoch 0,  NE 0.797300, loss 0.458036, accuracy 78.687 %, best 78.687 %
Finished training it 161792/306969 of epoch 0, 17.94 ms/it, NE 0.808803, loss 0.453963
Testing at - 161792/306969 of epoch 0,  NE 0.796811, loss 0.457755, accuracy 78.674 %, best 78.687 %
Finished training it 162816/306969 of epoch 0, 19.34 ms/it, NE 0.808746, loss 0.454375
Testing at - 162816/306969 of epoch 0,  NE 0.799162, loss 0.459106, accuracy 78.576 %, best 78.687 %
Finished training it 163840/306969 of epoch 0, 20.59 ms/it, NE 0.808671, loss 0.453904
Testing at - 163840/306969 of epoch 0,  NE 0.798078, loss 0.458483, accuracy 78.626 %, best 78.687 %
Finished training it 164864/306969 of epoch 0, 19.37 ms/it, NE 0.808608, loss 0.452544
Testing at - 164864/306969 of epoch 0,  NE 0.797614, loss 0.458217, accuracy 78.644 %, best 78.687 %
Finished training it 165888/306969 of epoch 0, 19.70 ms/it, NE 0.808537, loss 0.453048
Testing at - 165888/306969 of epoch 0,  NE 0.799140, loss 0.459093, accuracy 78.634 %, best 78.687 %
Finished training it 166912/306969 of epoch 0, 18.28 ms/it, NE 0.808462, loss 0.453878
Testing at - 166912/306969 of epoch 0,  NE 0.796907, loss 0.457810, accuracy 78.611 %, best 78.687 %
Finished training it 167936/306969 of epoch 0, 22.03 ms/it, NE 0.808401, loss 0.453952
Testing at - 167936/306969 of epoch 0,  NE 0.796991, loss 0.457859, accuracy 78.694 %, best 78.694 %
Finished training it 168960/306969 of epoch 0, 18.11 ms/it, NE 0.808318, loss 0.451066
Testing at - 168960/306969 of epoch 0,  NE 0.795023, loss 0.456728, accuracy 78.715 %, best 78.715 %
Finished training it 169984/306969 of epoch 0, 20.72 ms/it, NE 0.808240, loss 0.452489
Testing at - 169984/306969 of epoch 0,  NE 0.797684, loss 0.458257, accuracy 78.614 %, best 78.715 %
Finished training it 171008/306969 of epoch 0, 20.01 ms/it, NE 0.808145, loss 0.449012
Testing at - 171008/306969 of epoch 0,  NE 0.798272, loss 0.458594, accuracy 78.635 %, best 78.715 %
Finished training it 172032/306969 of epoch 0, 22.82 ms/it, NE 0.808069, loss 0.450852
Testing at - 172032/306969 of epoch 0,  NE 0.795834, loss 0.457194, accuracy 78.721 %, best 78.721 %
Finished training it 173056/306969 of epoch 0, 21.25 ms/it, NE 0.808003, loss 0.453723
Testing at - 173056/306969 of epoch 0,  NE 0.796245, loss 0.457430, accuracy 78.708 %, best 78.721 %
Finished training it 174080/306969 of epoch 0, 23.11 ms/it, NE 0.807921, loss 0.451620
Testing at - 174080/306969 of epoch 0,  NE 0.797565, loss 0.458189, accuracy 78.667 %, best 78.721 %
Finished training it 175104/306969 of epoch 0, 22.41 ms/it, NE 0.807844, loss 0.451787
Testing at - 175104/306969 of epoch 0,  NE 0.797011, loss 0.457870, accuracy 78.669 %, best 78.721 %
Finished training it 176128/306969 of epoch 0, 22.24 ms/it, NE 0.807768, loss 0.451230
Testing at - 176128/306969 of epoch 0,  NE 0.795832, loss 0.457193, accuracy 78.710 %, best 78.721 %
Finished training it 177152/306969 of epoch 0, 20.83 ms/it, NE 0.807670, loss 0.448895
Testing at - 177152/306969 of epoch 0,  NE 0.798224, loss 0.458567, accuracy 78.654 %, best 78.721 %
Finished training it 178176/306969 of epoch 0, 21.18 ms/it, NE 0.807590, loss 0.450527
Testing at - 178176/306969 of epoch 0,  NE 0.796295, loss 0.457459, accuracy 78.631 %, best 78.721 %
Finished training it 179200/306969 of epoch 0, 22.21 ms/it, NE 0.807513, loss 0.451156
Testing at - 179200/306969 of epoch 0,  NE 0.796910, loss 0.457812, accuracy 78.707 %, best 78.721 %
Finished training it 180224/306969 of epoch 0, 22.59 ms/it, NE 0.807451, loss 0.452726
Testing at - 180224/306969 of epoch 0,  NE 0.795745, loss 0.457143, accuracy 78.702 %, best 78.721 %
Finished training it 181248/306969 of epoch 0, 20.07 ms/it, NE 0.807399, loss 0.453627
Testing at - 181248/306969 of epoch 0,  NE 0.795602, loss 0.457060, accuracy 78.705 %, best 78.721 %
Finished training it 182272/306969 of epoch 0, 21.46 ms/it, NE 0.807341, loss 0.453423
Testing at - 182272/306969 of epoch 0,  NE 0.801049, loss 0.460190, accuracy 78.556 %, best 78.721 %
Finished training it 183296/306969 of epoch 0, 21.54 ms/it, NE 0.807278, loss 0.451850
Testing at - 183296/306969 of epoch 0,  NE 0.795579, loss 0.457047, accuracy 78.738 %, best 78.738 %
Finished training it 184320/306969 of epoch 0, 24.87 ms/it, NE 0.807213, loss 0.452310
Testing at - 184320/306969 of epoch 0,  NE 0.796617, loss 0.457644, accuracy 78.716 %, best 78.738 %
Finished training it 185344/306969 of epoch 0, 20.29 ms/it, NE 0.807155, loss 0.453665
Testing at - 185344/306969 of epoch 0,  NE 0.795966, loss 0.457270, accuracy 78.714 %, best 78.738 %
Finished training it 186368/306969 of epoch 0, 21.38 ms/it, NE 0.807088, loss 0.451331
Testing at - 186368/306969 of epoch 0,  NE 0.797253, loss 0.458009, accuracy 78.650 %, best 78.738 %
Finished training it 187392/306969 of epoch 0, 18.51 ms/it, NE 0.807018, loss 0.452847
Testing at - 187392/306969 of epoch 0,  NE 0.797428, loss 0.458110, accuracy 78.700 %, best 78.738 %
Finished training it 188416/306969 of epoch 0, 19.08 ms/it, NE 0.806941, loss 0.449504
Testing at - 188416/306969 of epoch 0,  NE 0.796101, loss 0.457348, accuracy 78.658 %, best 78.738 %
Finished training it 189440/306969 of epoch 0, 16.96 ms/it, NE 0.806896, loss 0.455214
Testing at - 189440/306969 of epoch 0,  NE 0.796173, loss 0.457389, accuracy 78.700 %, best 78.738 %
Finished training it 190464/306969 of epoch 0, 19.07 ms/it, NE 0.806852, loss 0.452015
Testing at - 190464/306969 of epoch 0,  NE 0.794624, loss 0.456499, accuracy 78.730 %, best 78.738 %
Finished training it 191488/306969 of epoch 0, 18.00 ms/it, NE 0.806788, loss 0.450737
Testing at - 191488/306969 of epoch 0,  NE 0.796113, loss 0.457354, accuracy 78.713 %, best 78.738 %
Finished training it 192512/306969 of epoch 0, 20.00 ms/it, NE 0.806709, loss 0.448537
Testing at - 192512/306969 of epoch 0,  NE 0.795655, loss 0.457091, accuracy 78.725 %, best 78.738 %
Finished training it 193536/306969 of epoch 0, 19.60 ms/it, NE 0.806645, loss 0.452093
Testing at - 193536/306969 of epoch 0,  NE 0.795182, loss 0.456819, accuracy 78.722 %, best 78.738 %
Finished training it 194560/306969 of epoch 0, 20.97 ms/it, NE 0.806575, loss 0.451672
Testing at - 194560/306969 of epoch 0,  NE 0.797963, loss 0.458417, accuracy 78.634 %, best 78.738 %
Finished training it 195584/306969 of epoch 0, 19.99 ms/it, NE 0.806521, loss 0.454395
Testing at - 195584/306969 of epoch 0,  NE 0.796146, loss 0.457373, accuracy 78.726 %, best 78.738 %
Finished training it 196608/306969 of epoch 0, 21.84 ms/it, NE 0.806457, loss 0.452094
Testing at - 196608/306969 of epoch 0,  NE 0.798432, loss 0.458687, accuracy 78.675 %, best 78.738 %
Finished training it 197632/306969 of epoch 0, 20.50 ms/it, NE 0.806385, loss 0.451924
Testing at - 197632/306969 of epoch 0,  NE 0.797139, loss 0.457944, accuracy 78.703 %, best 78.738 %
Finished training it 198656/306969 of epoch 0, 21.41 ms/it, NE 0.806313, loss 0.451077
Testing at - 198656/306969 of epoch 0,  NE 0.794113, loss 0.456206, accuracy 78.735 %, best 78.738 %
Finished training it 199680/306969 of epoch 0, 20.47 ms/it, NE 0.806264, loss 0.453878
Testing at - 199680/306969 of epoch 0,  NE 0.795820, loss 0.457186, accuracy 78.729 %, best 78.738 %
Finished training it 200704/306969 of epoch 0, 23.84 ms/it, NE 0.806208, loss 0.451788
Testing at - 200704/306969 of epoch 0,  NE 0.800941, loss 0.460128, accuracy 78.408 %, best 78.738 %
Finished training it 201728/306969 of epoch 0, 18.24 ms/it, NE 0.806156, loss 0.452153
Testing at - 201728/306969 of epoch 0,  NE 0.798924, loss 0.458969, accuracy 78.616 %, best 78.738 %
Finished training it 202752/306969 of epoch 0, 20.39 ms/it, NE 0.806100, loss 0.450555
Testing at - 202752/306969 of epoch 0,  NE 0.794501, loss 0.456428, accuracy 78.747 %, best 78.747 %
Finished training it 203776/306969 of epoch 0, 19.25 ms/it, NE 0.806038, loss 0.450256
Testing at - 203776/306969 of epoch 0,  NE 0.794917, loss 0.456667, accuracy 78.741 %, best 78.747 %
Finished training it 204800/306969 of epoch 0, 22.07 ms/it, NE 0.805965, loss 0.449432
Testing at - 204800/306969 of epoch 0,  NE 0.796154, loss 0.457378, accuracy 78.696 %, best 78.747 %
Finished training it 205824/306969 of epoch 0, 20.25 ms/it, NE 0.805915, loss 0.451474
Testing at - 205824/306969 of epoch 0,  NE 0.797839, loss 0.458346, accuracy 78.632 %, best 78.747 %
Finished training it 206848/306969 of epoch 0, 21.69 ms/it, NE 0.805862, loss 0.449280
Testing at - 206848/306969 of epoch 0,  NE 0.794749, loss 0.456571, accuracy 78.725 %, best 78.747 %
Finished training it 207872/306969 of epoch 0, 20.82 ms/it, NE 0.805799, loss 0.450606
Testing at - 207872/306969 of epoch 0,  NE 0.795146, loss 0.456799, accuracy 78.707 %, best 78.747 %
Finished training it 208896/306969 of epoch 0, 23.46 ms/it, NE 0.805737, loss 0.452176
Testing at - 208896/306969 of epoch 0,  NE 0.794543, loss 0.456452, accuracy 78.764 %, best 78.764 %
Finished training it 209920/306969 of epoch 0, 20.86 ms/it, NE 0.805669, loss 0.449985
Testing at - 209920/306969 of epoch 0,  NE 0.794977, loss 0.456701, accuracy 78.731 %, best 78.764 %
Finished training it 210944/306969 of epoch 0, 21.79 ms/it, NE 0.805596, loss 0.450456
Testing at - 210944/306969 of epoch 0,  NE 0.795176, loss 0.456816, accuracy 78.673 %, best 78.764 %
Finished training it 211968/306969 of epoch 0, 21.34 ms/it, NE 0.805532, loss 0.449997
Testing at - 211968/306969 of epoch 0,  NE 0.795092, loss 0.456768, accuracy 78.722 %, best 78.764 %
Finished training it 212992/306969 of epoch 0, 20.93 ms/it, NE 0.805469, loss 0.448897
Testing at - 212992/306969 of epoch 0,  NE 0.798449, loss 0.458696, accuracy 78.679 %, best 78.764 %
Finished training it 214016/306969 of epoch 0, 20.66 ms/it, NE 0.805399, loss 0.450468
Testing at - 214016/306969 of epoch 0,  NE 0.793586, loss 0.455902, accuracy 78.756 %, best 78.764 %
Finished training it 215040/306969 of epoch 0, 23.99 ms/it, NE 0.805337, loss 0.449630
Testing at - 215040/306969 of epoch 0,  NE 0.795739, loss 0.457139, accuracy 78.705 %, best 78.764 %
Finished training it 216064/306969 of epoch 0, 20.67 ms/it, NE 0.805255, loss 0.448906
Testing at - 216064/306969 of epoch 0,  NE 0.795122, loss 0.456785, accuracy 78.739 %, best 78.764 %
Finished training it 217088/306969 of epoch 0, 24.03 ms/it, NE 0.805198, loss 0.450641
Testing at - 217088/306969 of epoch 0,  NE 0.795199, loss 0.456829, accuracy 78.732 %, best 78.764 %
Finished training it 218112/306969 of epoch 0, 20.42 ms/it, NE 0.805146, loss 0.450827
Testing at - 218112/306969 of epoch 0,  NE 0.799219, loss 0.459138, accuracy 78.553 %, best 78.764 %
Finished training it 219136/306969 of epoch 0, 21.69 ms/it, NE 0.805086, loss 0.450552
Testing at - 219136/306969 of epoch 0,  NE 0.795133, loss 0.456791, accuracy 78.731 %, best 78.764 %
Finished training it 220160/306969 of epoch 0, 17.98 ms/it, NE 0.805020, loss 0.449240
Testing at - 220160/306969 of epoch 0,  NE 0.794906, loss 0.456661, accuracy 78.773 %, best 78.773 %
Finished training it 221184/306969 of epoch 0, 17.94 ms/it, NE 0.804947, loss 0.447686
Testing at - 221184/306969 of epoch 0,  NE 0.798233, loss 0.458572, accuracy 78.606 %, best 78.773 %
Finished training it 222208/306969 of epoch 0, 19.79 ms/it, NE 0.804893, loss 0.451386
Testing at - 222208/306969 of epoch 0,  NE 0.793655, loss 0.455942, accuracy 78.802 %, best 78.802 %
Finished training it 223232/306969 of epoch 0, 19.47 ms/it, NE 0.804825, loss 0.451157
Testing at - 223232/306969 of epoch 0,  NE 0.797390, loss 0.458088, accuracy 78.734 %, best 78.802 %
Finished training it 224256/306969 of epoch 0, 17.10 ms/it, NE 0.804776, loss 0.451626
Testing at - 224256/306969 of epoch 0,  NE 0.793840, loss 0.456049, accuracy 78.761 %, best 78.802 %
Finished training it 225280/306969 of epoch 0, 18.50 ms/it, NE 0.804721, loss 0.452601
Testing at - 225280/306969 of epoch 0,  NE 0.794175, loss 0.456241, accuracy 78.778 %, best 78.802 %
Finished training it 226304/306969 of epoch 0, 18.32 ms/it, NE 0.804652, loss 0.448112
Testing at - 226304/306969 of epoch 0,  NE 0.793062, loss 0.455602, accuracy 78.787 %, best 78.802 %
Finished training it 227328/306969 of epoch 0, 19.97 ms/it, NE 0.804601, loss 0.452615
Testing at - 227328/306969 of epoch 0,  NE 0.794519, loss 0.456438, accuracy 78.752 %, best 78.802 %
Finished training it 228352/306969 of epoch 0, 17.65 ms/it, NE 0.804558, loss 0.451104
Testing at - 228352/306969 of epoch 0,  NE 0.793814, loss 0.456034, accuracy 78.754 %, best 78.802 %
Finished training it 229376/306969 of epoch 0, 19.63 ms/it, NE 0.804498, loss 0.450531
Testing at - 229376/306969 of epoch 0,  NE 0.793742, loss 0.455992, accuracy 78.791 %, best 78.802 %
Finished training it 230400/306969 of epoch 0, 18.27 ms/it, NE 0.804440, loss 0.449473
Testing at - 230400/306969 of epoch 0,  NE 0.793859, loss 0.456059, accuracy 78.784 %, best 78.802 %
Finished training it 231424/306969 of epoch 0, 20.26 ms/it, NE 0.804380, loss 0.449397
Testing at - 231424/306969 of epoch 0,  NE 0.792629, loss 0.455353, accuracy 78.779 %, best 78.802 %
Finished training it 232448/306969 of epoch 0, 18.26 ms/it, NE 0.804320, loss 0.450862
Testing at - 232448/306969 of epoch 0,  NE 0.793887, loss 0.456076, accuracy 78.790 %, best 78.802 %
Finished training it 233472/306969 of epoch 0, 22.60 ms/it, NE 0.804279, loss 0.452274
Testing at - 233472/306969 of epoch 0,  NE 0.793674, loss 0.455953, accuracy 78.776 %, best 78.802 %
Finished training it 234496/306969 of epoch 0, 17.85 ms/it, NE 0.804232, loss 0.450664
Testing at - 234496/306969 of epoch 0,  NE 0.793057, loss 0.455599, accuracy 78.769 %, best 78.802 %
Finished training it 235520/306969 of epoch 0, 21.91 ms/it, NE 0.804185, loss 0.451005
Testing at - 235520/306969 of epoch 0,  NE 0.792785, loss 0.455442, accuracy 78.811 %, best 78.811 %
Finished training it 236544/306969 of epoch 0, 19.74 ms/it, NE 0.804137, loss 0.453134
Testing at - 236544/306969 of epoch 0,  NE 0.793463, loss 0.455832, accuracy 78.769 %, best 78.811 %
Finished training it 237568/306969 of epoch 0, 21.83 ms/it, NE 0.804089, loss 0.449438
Testing at - 237568/306969 of epoch 0,  NE 0.801003, loss 0.460163, accuracy 78.405 %, best 78.811 %
Finished training it 238592/306969 of epoch 0, 20.45 ms/it, NE 0.804048, loss 0.451076
Testing at - 238592/306969 of epoch 0,  NE 0.793566, loss 0.455891, accuracy 78.802 %, best 78.811 %
Finished training it 239616/306969 of epoch 0, 23.08 ms/it, NE 0.803998, loss 0.453682
Testing at - 239616/306969 of epoch 0,  NE 0.793105, loss 0.455626, accuracy 78.785 %, best 78.811 %
Finished training it 240640/306969 of epoch 0, 20.48 ms/it, NE 0.803946, loss 0.450138
Testing at - 240640/306969 of epoch 0,  NE 0.793686, loss 0.455960, accuracy 78.773 %, best 78.811 %
Finished training it 241664/306969 of epoch 0, 24.47 ms/it, NE 0.803890, loss 0.448348
Testing at - 241664/306969 of epoch 0,  NE 0.793591, loss 0.455905, accuracy 78.761 %, best 78.811 %
Finished training it 242688/306969 of epoch 0, 22.78 ms/it, NE 0.803834, loss 0.450143
Testing at - 242688/306969 of epoch 0,  NE 0.793643, loss 0.455935, accuracy 78.755 %, best 78.811 %
Finished training it 243712/306969 of epoch 0, 23.33 ms/it, NE 0.803788, loss 0.450073
Testing at - 243712/306969 of epoch 0,  NE 0.792944, loss 0.455534, accuracy 78.764 %, best 78.811 %
Finished training it 244736/306969 of epoch 0, 22.54 ms/it, NE 0.803744, loss 0.450713
Testing at - 244736/306969 of epoch 0,  NE 0.792822, loss 0.455464, accuracy 78.757 %, best 78.811 %
Finished training it 245760/306969 of epoch 0, 22.51 ms/it, NE 0.803687, loss 0.450275
Testing at - 245760/306969 of epoch 0,  NE 0.794459, loss 0.456404, accuracy 78.789 %, best 78.811 %
Finished training it 246784/306969 of epoch 0, 22.58 ms/it, NE 0.803629, loss 0.448332
Testing at - 246784/306969 of epoch 0,  NE 0.792099, loss 0.455048, accuracy 78.788 %, best 78.811 %
Finished training it 247808/306969 of epoch 0, 21.74 ms/it, NE 0.803571, loss 0.448107
Testing at - 247808/306969 of epoch 0,  NE 0.792752, loss 0.455423, accuracy 78.807 %, best 78.811 %
Finished training it 248832/306969 of epoch 0, 22.31 ms/it, NE 0.803522, loss 0.449437
Testing at - 248832/306969 of epoch 0,  NE 0.792535, loss 0.455299, accuracy 78.819 %, best 78.819 %
Finished training it 249856/306969 of epoch 0, 21.25 ms/it, NE 0.803486, loss 0.451711
Testing at - 249856/306969 of epoch 0,  NE 0.794523, loss 0.456441, accuracy 78.686 %, best 78.819 %
Finished training it 250880/306969 of epoch 0, 21.54 ms/it, NE 0.803433, loss 0.450194
Testing at - 250880/306969 of epoch 0,  NE 0.793504, loss 0.455855, accuracy 78.789 %, best 78.819 %
Finished training it 251904/306969 of epoch 0, 24.46 ms/it, NE 0.803396, loss 0.451015
Testing at - 251904/306969 of epoch 0,  NE 0.793521, loss 0.455865, accuracy 78.787 %, best 78.819 %
Finished training it 252928/306969 of epoch 0, 23.24 ms/it, NE 0.803324, loss 0.448226
Testing at - 252928/306969 of epoch 0,  NE 0.791936, loss 0.454955, accuracy 78.828 %, best 78.828 %
Finished training it 253952/306969 of epoch 0, 22.39 ms/it, NE 0.803266, loss 0.448675
Testing at - 253952/306969 of epoch 0,  NE 0.791395, loss 0.454644, accuracy 78.806 %, best 78.828 %
Finished training it 254976/306969 of epoch 0, 19.33 ms/it, NE 0.803217, loss 0.449902
Testing at - 254976/306969 of epoch 0,  NE 0.793838, loss 0.456047, accuracy 78.764 %, best 78.828 %
Finished training it 256000/306969 of epoch 0, 20.48 ms/it, NE 0.803181, loss 0.451656
Testing at - 256000/306969 of epoch 0,  NE 0.793372, loss 0.455780, accuracy 78.804 %, best 78.828 %
Finished training it 257024/306969 of epoch 0, 19.24 ms/it, NE 0.803131, loss 0.449644
Testing at - 257024/306969 of epoch 0,  NE 0.793280, loss 0.455727, accuracy 78.803 %, best 78.828 %
Finished training it 258048/306969 of epoch 0, 19.69 ms/it, NE 0.803076, loss 0.448768
Testing at - 258048/306969 of epoch 0,  NE 0.793518, loss 0.455863, accuracy 78.778 %, best 78.828 %
Finished training it 259072/306969 of epoch 0, 19.72 ms/it, NE 0.803025, loss 0.447349
Testing at - 259072/306969 of epoch 0,  NE 0.794833, loss 0.456619, accuracy 78.766 %, best 78.828 %
Finished training it 260096/306969 of epoch 0, 21.64 ms/it, NE 0.802977, loss 0.448746
Testing at - 260096/306969 of epoch 0,  NE 0.793248, loss 0.455709, accuracy 78.795 %, best 78.828 %
Finished training it 261120/306969 of epoch 0, 18.46 ms/it, NE 0.802926, loss 0.450452
Testing at - 261120/306969 of epoch 0,  NE 0.792496, loss 0.455277, accuracy 78.827 %, best 78.828 %
Finished training it 262144/306969 of epoch 0, 21.26 ms/it, NE 0.802884, loss 0.449367
Testing at - 262144/306969 of epoch 0,  NE 0.795287, loss 0.456880, accuracy 78.669 %, best 78.828 %
Finished training it 263168/306969 of epoch 0, 18.59 ms/it, NE 0.802838, loss 0.451133
Testing at - 263168/306969 of epoch 0,  NE 0.795524, loss 0.457016, accuracy 78.719 %, best 78.828 %
Finished training it 264192/306969 of epoch 0, 18.92 ms/it, NE 0.802792, loss 0.451000
Testing at - 264192/306969 of epoch 0,  NE 0.792388, loss 0.455214, accuracy 78.795 %, best 78.828 %
Finished training it 265216/306969 of epoch 0, 18.23 ms/it, NE 0.802742, loss 0.448293
Testing at - 265216/306969 of epoch 0,  NE 0.791786, loss 0.454868, accuracy 78.826 %, best 78.828 %
Finished training it 266240/306969 of epoch 0, 20.65 ms/it, NE 0.802690, loss 0.448807
Testing at - 266240/306969 of epoch 0,  NE 0.795689, loss 0.457111, accuracy 78.819 %, best 78.828 %
Finished training it 267264/306969 of epoch 0, 18.54 ms/it, NE 0.802647, loss 0.451326
Testing at - 267264/306969 of epoch 0,  NE 0.800889, loss 0.460098, accuracy 78.364 %, best 78.828 %
Finished training it 268288/306969 of epoch 0, 21.12 ms/it, NE 0.802615, loss 0.451129
Testing at - 268288/306969 of epoch 0,  NE 0.794815, loss 0.456609, accuracy 78.750 %, best 78.828 %
Finished training it 269312/306969 of epoch 0, 18.59 ms/it, NE 0.802565, loss 0.447686
Testing at - 269312/306969 of epoch 0,  NE 0.797838, loss 0.458345, accuracy 78.709 %, best 78.828 %
Finished training it 270336/306969 of epoch 0, 20.97 ms/it, NE 0.802520, loss 0.450649
Testing at - 270336/306969 of epoch 0,  NE 0.791999, loss 0.454991, accuracy 78.836 %, best 78.836 %
Finished training it 271360/306969 of epoch 0, 18.46 ms/it, NE 0.802468, loss 0.446901
Testing at - 271360/306969 of epoch 0,  NE 0.791327, loss 0.454605, accuracy 78.831 %, best 78.836 %
Finished training it 272384/306969 of epoch 0, 20.54 ms/it, NE 0.802427, loss 0.450026
Testing at - 272384/306969 of epoch 0,  NE 0.797083, loss 0.457911, accuracy 78.597 %, best 78.836 %
Finished training it 273408/306969 of epoch 0, 19.30 ms/it, NE 0.802384, loss 0.449272
Testing at - 273408/306969 of epoch 0,  NE 0.791934, loss 0.454953, accuracy 78.836 %, best 78.836 %
Finished training it 274432/306969 of epoch 0, 20.09 ms/it, NE 0.802340, loss 0.449945
Testing at - 274432/306969 of epoch 0,  NE 0.792260, loss 0.455141, accuracy 78.832 %, best 78.836 %
Finished training it 275456/306969 of epoch 0, 20.30 ms/it, NE 0.802301, loss 0.450741
Testing at - 275456/306969 of epoch 0,  NE 0.793968, loss 0.456122, accuracy 78.786 %, best 78.836 %
Finished training it 276480/306969 of epoch 0, 22.38 ms/it, NE 0.802257, loss 0.449466
Testing at - 276480/306969 of epoch 0,  NE 0.792046, loss 0.455018, accuracy 78.823 %, best 78.836 %
Finished training it 277504/306969 of epoch 0, 22.42 ms/it, NE 0.802204, loss 0.446599
Testing at - 277504/306969 of epoch 0,  NE 0.792534, loss 0.455298, accuracy 78.813 %, best 78.836 %
Finished training it 278528/306969 of epoch 0, 21.29 ms/it, NE 0.802165, loss 0.452220
Testing at - 278528/306969 of epoch 0,  NE 0.794109, loss 0.456203, accuracy 78.659 %, best 78.836 %
Finished training it 279552/306969 of epoch 0, 19.30 ms/it, NE 0.802133, loss 0.452365
Testing at - 279552/306969 of epoch 0,  NE 0.791144, loss 0.454500, accuracy 78.870 %, best 78.870 %
Finished training it 280576/306969 of epoch 0, 21.12 ms/it, NE 0.802092, loss 0.450182
Testing at - 280576/306969 of epoch 0,  NE 0.791531, loss 0.454722, accuracy 78.846 %, best 78.870 %
Finished training it 281600/306969 of epoch 0, 19.07 ms/it, NE 0.802059, loss 0.448043
Testing at - 281600/306969 of epoch 0,  NE 0.793108, loss 0.455628, accuracy 78.771 %, best 78.870 %
Finished training it 282624/306969 of epoch 0, 22.16 ms/it, NE 0.802016, loss 0.447668
Testing at - 282624/306969 of epoch 0,  NE 0.791430, loss 0.454664, accuracy 78.826 %, best 78.870 %
Finished training it 283648/306969 of epoch 0, 20.55 ms/it, NE 0.801978, loss 0.450236
Testing at - 283648/306969 of epoch 0,  NE 0.793221, loss 0.455693, accuracy 78.787 %, best 78.870 %
Finished training it 284672/306969 of epoch 0, 20.94 ms/it, NE 0.801943, loss 0.448790
Testing at - 284672/306969 of epoch 0,  NE 0.792280, loss 0.455152, accuracy 78.790 %, best 78.870 %
Finished training it 285696/306969 of epoch 0, 19.92 ms/it, NE 0.801900, loss 0.448319
Testing at - 285696/306969 of epoch 0,  NE 0.794032, loss 0.456159, accuracy 78.749 %, best 78.870 %
Finished training it 286720/306969 of epoch 0, 20.83 ms/it, NE 0.801874, loss 0.451465
Testing at - 286720/306969 of epoch 0,  NE 0.790829, loss 0.454319, accuracy 78.855 %, best 78.870 %
Finished training it 287744/306969 of epoch 0, 20.17 ms/it, NE 0.801822, loss 0.446866
Testing at - 287744/306969 of epoch 0,  NE 0.791792, loss 0.454872, accuracy 78.851 %, best 78.870 %
Finished training it 288768/306969 of epoch 0, 20.88 ms/it, NE 0.801776, loss 0.448319
Testing at - 288768/306969 of epoch 0,  NE 0.795790, loss 0.457169, accuracy 78.626 %, best 78.870 %
Finished training it 289792/306969 of epoch 0, 19.64 ms/it, NE 0.801734, loss 0.447566
Testing at - 289792/306969 of epoch 0,  NE 0.791387, loss 0.454639, accuracy 78.840 %, best 78.870 %
Finished training it 290816/306969 of epoch 0, 21.15 ms/it, NE 0.801700, loss 0.451116
Testing at - 290816/306969 of epoch 0,  NE 0.791333, loss 0.454608, accuracy 78.841 %, best 78.870 %
Finished training it 291840/306969 of epoch 0, 19.05 ms/it, NE 0.801659, loss 0.447070
Testing at - 291840/306969 of epoch 0,  NE 0.794749, loss 0.456571, accuracy 78.769 %, best 78.870 %
Finished training it 292864/306969 of epoch 0, 20.21 ms/it, NE 0.801609, loss 0.449457
Testing at - 292864/306969 of epoch 0,  NE 0.790792, loss 0.454297, accuracy 78.850 %, best 78.870 %
Finished training it 293888/306969 of epoch 0, 25.95 ms/it, NE 0.801563, loss 0.449635
Testing at - 293888/306969 of epoch 0,  NE 0.793801, loss 0.456026, accuracy 78.764 %, best 78.870 %
Finished training it 294912/306969 of epoch 0, 26.97 ms/it, NE 0.801520, loss 0.448469
Testing at - 294912/306969 of epoch 0,  NE 0.791279, loss 0.454577, accuracy 78.862 %, best 78.870 %
Finished training it 295936/306969 of epoch 0, 19.39 ms/it, NE 0.801484, loss 0.448802
Testing at - 295936/306969 of epoch 0,  NE 0.791371, loss 0.454630, accuracy 78.831 %, best 78.870 %
Finished training it 296960/306969 of epoch 0, 20.20 ms/it, NE 0.801441, loss 0.449695
Testing at - 296960/306969 of epoch 0,  NE 0.791294, loss 0.454586, accuracy 78.837 %, best 78.870 %
Finished training it 297984/306969 of epoch 0, 17.86 ms/it, NE 0.801413, loss 0.452233
Testing at - 297984/306969 of epoch 0,  NE 0.791014, loss 0.454425, accuracy 78.851 %, best 78.870 %
Finished training it 299008/306969 of epoch 0, 22.86 ms/it, NE 0.801375, loss 0.451758
Testing at - 299008/306969 of epoch 0,  NE 0.791391, loss 0.454642, accuracy 78.855 %, best 78.870 %
Finished training it 300032/306969 of epoch 0, 17.68 ms/it, NE 0.801333, loss 0.448795
Testing at - 300032/306969 of epoch 0,  NE 0.791572, loss 0.454746, accuracy 78.837 %, best 78.870 %
Finished training it 301056/306969 of epoch 0, 19.32 ms/it, NE 0.801300, loss 0.448422
Testing at - 301056/306969 of epoch 0,  NE 0.791425, loss 0.454661, accuracy 78.844 %, best 78.870 %
Finished training it 302080/306969 of epoch 0, 19.83 ms/it, NE 0.801256, loss 0.447925
Testing at - 302080/306969 of epoch 0,  NE 0.791571, loss 0.454745, accuracy 78.818 %, best 78.870 %
Finished training it 303104/306969 of epoch 0, 19.73 ms/it, NE 0.801220, loss 0.449479
Testing at - 303104/306969 of epoch 0,  NE 0.796844, loss 0.457774, accuracy 78.696 %, best 78.870 %
Finished training it 304128/306969 of epoch 0, 17.13 ms/it, NE 0.801189, loss 0.449780
Testing at - 304128/306969 of epoch 0,  NE 0.791948, loss 0.454962, accuracy 78.826 %, best 78.870 %
Finished training it 305152/306969 of epoch 0, 18.62 ms/it, NE 0.801149, loss 0.446960
Testing at - 305152/306969 of epoch 0,  NE 0.792193, loss 0.455102, accuracy 78.772 %, best 78.870 %
Finished training it 306176/306969 of epoch 0, 18.12 ms/it, NE 0.801104, loss 0.448512
Testing at - 306176/306969 of epoch 0,  NE 0.789535, loss 0.453576, accuracy 78.870 %, best 78.870 %
Finished training it 306969/306969 of epoch 0, 19.88 ms/it, NE 0.801067, loss 0.449727
Testing at - 306969/306969 of epoch 0,  NE 0.792364, loss 0.455200, accuracy 78.803 %, best 78.870 %
