NCCL version 2.9.6+cudaCUDA_MAJOR.CUDA_MINOR
Unable to import mlperf_logging,  No module named 'mlperf_logging'
world size: 1, current rank: 0, local rank: 0
Using 2 GPU(s)...
Reading pre-processed data=./input/kaggleAdDisplayChallenge_processed.npz
Sparse fea = 26, Dense fea = 13
Defined train indices...
Randomized indices across days ...
Split data according to indices...
Reading pre-processed data=./input/kaggleAdDisplayChallenge_processed.npz
Sparse fea = 26, Dense fea = 13
Defined test indices...
Randomized indices across days ...
Split data according to indices...
DLRM_Net(
  (bot_l): Sequential(
    (0): Linear(in_features=13, out_features=512, bias=True)
    (1): ReLU()
    (2): Linear(in_features=512, out_features=256, bias=True)
    (3): ReLU()
    (4): Linear(in_features=256, out_features=64, bias=True)
    (5): ReLU()
    (6): Linear(in_features=64, out_features=16, bias=True)
    (7): ReLU()
  )
  (top_l): Sequential(
    (0): Linear(in_features=367, out_features=512, bias=True)
    (1): ReLU()
    (2): Linear(in_features=512, out_features=256, bias=True)
    (3): ReLU()
    (4): Linear(in_features=256, out_features=1, bias=True)
    (5): Sigmoid()
  )
  (loss_fn): BCELoss()
)
Random uniform embeddings init: 0 size: 1461 dim: 16
Random uniform embeddings init: 1 size: 584 dim: 16
Random uniform embeddings init: 2 size: 10131227 dim: 16
Random uniform embeddings init: 3 size: 2202608 dim: 16
Random uniform embeddings init: 4 size: 306 dim: 16
Random uniform embeddings init: 5 size: 24 dim: 16
Random uniform embeddings init: 6 size: 12518 dim: 16
Random uniform embeddings init: 7 size: 634 dim: 16
Random uniform embeddings init: 8 size: 4 dim: 16
Random uniform embeddings init: 9 size: 93146 dim: 16
Random uniform embeddings init: 10 size: 5684 dim: 16
Random uniform embeddings init: 11 size: 8351593 dim: 16
Random uniform embeddings init: 12 size: 3195 dim: 16
Random uniform embeddings init: 13 size: 28 dim: 16
Random uniform embeddings init: 14 size: 14993 dim: 16
Random uniform embeddings init: 15 size: 5461306 dim: 16
Random uniform embeddings init: 16 size: 11 dim: 16
Random uniform embeddings init: 17 size: 5653 dim: 16
Random uniform embeddings init: 18 size: 2173 dim: 16
Random uniform embeddings init: 19 size: 4 dim: 16
Random uniform embeddings init: 20 size: 7046547 dim: 16
Random uniform embeddings init: 21 size: 18 dim: 16
Random uniform embeddings init: 22 size: 16 dim: 16
Random uniform embeddings init: 23 size: 286181 dim: 16
Random uniform embeddings init: 24 size: 105 dim: 16
Random uniform embeddings init: 25 size: 142572 dim: 16
time/loss/accuracy (if enabled):
Finished training it 1024/306969 of epoch 0, 24.06 ms/it, NE 0.953190, loss 0.542085
Testing at - 1024/306969 of epoch 0,  NE 0.938768, loss 0.539307, accuracy 75.480 %, best 75.480 %
Finished training it 2048/306969 of epoch 0, 16.85 ms/it, NE 0.940633, loss 0.527994
Testing at - 2048/306969 of epoch 0,  NE 0.905638, loss 0.520275, accuracy 76.150 %, best 76.150 %
Finished training it 3072/306969 of epoch 0, 18.64 ms/it, NE 0.933297, loss 0.522174
Testing at - 3072/306969 of epoch 0,  NE 0.910212, loss 0.522902, accuracy 76.388 %, best 76.388 %
Finished training it 4096/306969 of epoch 0, 18.46 ms/it, NE 0.926660, loss 0.512316
Testing at - 4096/306969 of epoch 0,  NE 0.900521, loss 0.517335, accuracy 76.512 %, best 76.512 %
Finished training it 5120/306969 of epoch 0, 16.86 ms/it, NE 0.921748, loss 0.513026
Testing at - 5120/306969 of epoch 0,  NE 0.901875, loss 0.518113, accuracy 76.884 %, best 76.884 %
Finished training it 6144/306969 of epoch 0, 19.71 ms/it, NE 0.917450, loss 0.508970
Testing at - 6144/306969 of epoch 0,  NE 0.889906, loss 0.511237, accuracy 76.993 %, best 76.993 %
Finished training it 7168/306969 of epoch 0, 17.27 ms/it, NE 0.913718, loss 0.505216
Testing at - 7168/306969 of epoch 0,  NE 0.881692, loss 0.506518, accuracy 77.141 %, best 77.141 %
Finished training it 8192/306969 of epoch 0, 19.04 ms/it, NE 0.910066, loss 0.503426
Testing at - 8192/306969 of epoch 0,  NE 0.883064, loss 0.507306, accuracy 76.985 %, best 77.141 %
Finished training it 9216/306969 of epoch 0, 17.47 ms/it, NE 0.907034, loss 0.500582
Testing at - 9216/306969 of epoch 0,  NE 0.879022, loss 0.504984, accuracy 77.179 %, best 77.179 %
Finished training it 10240/306969 of epoch 0, 18.16 ms/it, NE 0.903943, loss 0.498492
Testing at - 10240/306969 of epoch 0,  NE 0.880957, loss 0.506096, accuracy 77.039 %, best 77.179 %
Finished training it 11264/306969 of epoch 0, 17.03 ms/it, NE 0.901127, loss 0.496342
Testing at - 11264/306969 of epoch 0,  NE 0.872004, loss 0.500953, accuracy 77.460 %, best 77.460 %
Finished training it 12288/306969 of epoch 0, 18.36 ms/it, NE 0.898521, loss 0.491148
Testing at - 12288/306969 of epoch 0,  NE 0.872401, loss 0.501181, accuracy 77.432 %, best 77.460 %
Finished training it 13312/306969 of epoch 0, 17.67 ms/it, NE 0.896455, loss 0.496928
Testing at - 13312/306969 of epoch 0,  NE 0.869916, loss 0.499753, accuracy 77.626 %, best 77.626 %
Finished training it 14336/306969 of epoch 0, 18.33 ms/it, NE 0.894305, loss 0.492853
Testing at - 14336/306969 of epoch 0,  NE 0.864098, loss 0.496410, accuracy 77.693 %, best 77.693 %
Finished training it 15360/306969 of epoch 0, 18.58 ms/it, NE 0.892317, loss 0.491013
Testing at - 15360/306969 of epoch 0,  NE 0.870814, loss 0.500269, accuracy 77.548 %, best 77.693 %
Finished training it 16384/306969 of epoch 0, 20.08 ms/it, NE 0.890364, loss 0.490792
Testing at - 16384/306969 of epoch 0,  NE 0.860038, loss 0.494078, accuracy 77.753 %, best 77.753 %
Finished training it 17408/306969 of epoch 0, 19.51 ms/it, NE 0.888517, loss 0.489046
Testing at - 17408/306969 of epoch 0,  NE 0.864628, loss 0.496715, accuracy 77.632 %, best 77.753 %
Finished training it 18432/306969 of epoch 0, 21.61 ms/it, NE 0.887091, loss 0.491023
Testing at - 18432/306969 of epoch 0,  NE 0.863577, loss 0.496111, accuracy 77.737 %, best 77.753 %
Finished training it 19456/306969 of epoch 0, 22.07 ms/it, NE 0.885604, loss 0.489359
Testing at - 19456/306969 of epoch 0,  NE 0.869572, loss 0.499555, accuracy 77.598 %, best 77.753 %
Finished training it 20480/306969 of epoch 0, 21.28 ms/it, NE 0.884459, loss 0.489745
Testing at - 20480/306969 of epoch 0,  NE 0.867173, loss 0.498177, accuracy 77.399 %, best 77.753 %
Finished training it 21504/306969 of epoch 0, 21.31 ms/it, NE 0.883295, loss 0.488674
Testing at - 21504/306969 of epoch 0,  NE 0.856192, loss 0.491869, accuracy 77.914 %, best 77.914 %
Finished training it 22528/306969 of epoch 0, 20.09 ms/it, NE 0.882174, loss 0.487433
Testing at - 22528/306969 of epoch 0,  NE 0.858229, loss 0.493039, accuracy 77.785 %, best 77.914 %
Finished training it 23552/306969 of epoch 0, 21.03 ms/it, NE 0.881130, loss 0.490007
Testing at - 23552/306969 of epoch 0,  NE 0.854732, loss 0.491030, accuracy 77.910 %, best 77.914 %
Finished training it 24576/306969 of epoch 0, 19.48 ms/it, NE 0.880099, loss 0.485226
Testing at - 24576/306969 of epoch 0,  NE 0.856764, loss 0.492197, accuracy 77.814 %, best 77.914 %
Finished training it 25600/306969 of epoch 0, 17.36 ms/it, NE 0.878960, loss 0.483669
Testing at - 25600/306969 of epoch 0,  NE 0.851034, loss 0.488906, accuracy 77.975 %, best 77.975 %
Finished training it 26624/306969 of epoch 0, 19.35 ms/it, NE 0.877958, loss 0.484383
Testing at - 26624/306969 of epoch 0,  NE 0.854607, loss 0.490958, accuracy 77.804 %, best 77.975 %
Finished training it 27648/306969 of epoch 0, 18.23 ms/it, NE 0.876931, loss 0.482326
Testing at - 27648/306969 of epoch 0,  NE 0.852190, loss 0.489570, accuracy 77.934 %, best 77.975 %
Finished training it 28672/306969 of epoch 0, 20.94 ms/it, NE 0.876148, loss 0.484445
Testing at - 28672/306969 of epoch 0,  NE 0.851374, loss 0.489101, accuracy 78.048 %, best 78.048 %
Finished training it 29696/306969 of epoch 0, 19.76 ms/it, NE 0.875466, loss 0.485809
Testing at - 29696/306969 of epoch 0,  NE 0.852864, loss 0.489957, accuracy 78.000 %, best 78.048 %
Finished training it 30720/306969 of epoch 0, 18.44 ms/it, NE 0.874705, loss 0.484390
Testing at - 30720/306969 of epoch 0,  NE 0.850357, loss 0.488516, accuracy 78.082 %, best 78.082 %
Finished training it 31744/306969 of epoch 0, 17.46 ms/it, NE 0.874004, loss 0.485532
Testing at - 31744/306969 of epoch 0,  NE 0.862555, loss 0.495524, accuracy 77.631 %, best 78.082 %
Finished training it 32768/306969 of epoch 0, 16.89 ms/it, NE 0.873261, loss 0.484801
Testing at - 32768/306969 of epoch 0,  NE 0.849376, loss 0.487953, accuracy 77.997 %, best 78.082 %
Finished training it 33792/306969 of epoch 0, 17.97 ms/it, NE 0.872480, loss 0.482285
Testing at - 33792/306969 of epoch 0,  NE 0.845579, loss 0.485772, accuracy 78.105 %, best 78.105 %
Finished training it 34816/306969 of epoch 0, 18.03 ms/it, NE 0.871691, loss 0.480933
Testing at - 34816/306969 of epoch 0,  NE 0.849398, loss 0.487966, accuracy 78.003 %, best 78.105 %
Finished training it 35840/306969 of epoch 0, 19.08 ms/it, NE 0.871162, loss 0.485645
Testing at - 35840/306969 of epoch 0,  NE 0.846916, loss 0.486540, accuracy 78.158 %, best 78.158 %
Finished training it 36864/306969 of epoch 0, 19.84 ms/it, NE 0.870486, loss 0.481443
Testing at - 36864/306969 of epoch 0,  NE 0.847691, loss 0.486985, accuracy 78.062 %, best 78.158 %
Finished training it 37888/306969 of epoch 0, 20.24 ms/it, NE 0.869878, loss 0.480607
Testing at - 37888/306969 of epoch 0,  NE 0.850495, loss 0.488596, accuracy 78.103 %, best 78.158 %
Finished training it 38912/306969 of epoch 0, 19.45 ms/it, NE 0.869380, loss 0.484136
Testing at - 38912/306969 of epoch 0,  NE 0.846218, loss 0.486139, accuracy 78.196 %, best 78.196 %
Finished training it 39936/306969 of epoch 0, 23.55 ms/it, NE 0.868853, loss 0.482530
Testing at - 39936/306969 of epoch 0,  NE 0.844129, loss 0.484939, accuracy 78.183 %, best 78.196 %
Finished training it 40960/306969 of epoch 0, 21.10 ms/it, NE 0.868298, loss 0.482307
Testing at - 40960/306969 of epoch 0,  NE 0.846186, loss 0.486121, accuracy 78.198 %, best 78.198 %
Finished training it 41984/306969 of epoch 0, 23.36 ms/it, NE 0.867763, loss 0.480965
Testing at - 41984/306969 of epoch 0,  NE 0.845480, loss 0.485715, accuracy 78.171 %, best 78.198 %
Finished training it 43008/306969 of epoch 0, 20.45 ms/it, NE 0.867315, loss 0.481242
Testing at - 43008/306969 of epoch 0,  NE 0.844586, loss 0.485201, accuracy 78.190 %, best 78.198 %
Finished training it 44032/306969 of epoch 0, 22.44 ms/it, NE 0.866849, loss 0.481283
Testing at - 44032/306969 of epoch 0,  NE 0.845717, loss 0.485851, accuracy 78.128 %, best 78.198 %
Finished training it 45056/306969 of epoch 0, 19.14 ms/it, NE 0.866438, loss 0.482629
Testing at - 45056/306969 of epoch 0,  NE 0.846865, loss 0.486510, accuracy 78.212 %, best 78.212 %
Finished training it 46080/306969 of epoch 0, 22.86 ms/it, NE 0.865931, loss 0.480467
Testing at - 46080/306969 of epoch 0,  NE 0.848856, loss 0.487654, accuracy 78.040 %, best 78.212 %
Finished training it 47104/306969 of epoch 0, 20.11 ms/it, NE 0.865566, loss 0.483345
Testing at - 47104/306969 of epoch 0,  NE 0.847321, loss 0.486773, accuracy 78.083 %, best 78.212 %
Finished training it 48128/306969 of epoch 0, 22.11 ms/it, NE 0.865237, loss 0.482592
Testing at - 48128/306969 of epoch 0,  NE 0.844335, loss 0.485057, accuracy 78.159 %, best 78.212 %
Finished training it 49152/306969 of epoch 0, 19.46 ms/it, NE 0.864800, loss 0.478002
Testing at - 49152/306969 of epoch 0,  NE 0.842350, loss 0.483917, accuracy 78.226 %, best 78.226 %
Finished training it 50176/306969 of epoch 0, 21.91 ms/it, NE 0.864359, loss 0.479840
Testing at - 50176/306969 of epoch 0,  NE 0.846420, loss 0.486255, accuracy 78.174 %, best 78.226 %
Finished training it 51200/306969 of epoch 0, 22.07 ms/it, NE 0.863976, loss 0.481728
Testing at - 51200/306969 of epoch 0,  NE 0.842797, loss 0.484174, accuracy 78.283 %, best 78.283 %
Finished training it 52224/306969 of epoch 0, 19.68 ms/it, NE 0.863585, loss 0.481974
Testing at - 52224/306969 of epoch 0,  NE 0.845972, loss 0.485998, accuracy 78.234 %, best 78.283 %
Finished training it 53248/306969 of epoch 0, 19.49 ms/it, NE 0.863203, loss 0.480231
Testing at - 53248/306969 of epoch 0,  NE 0.844103, loss 0.484924, accuracy 78.266 %, best 78.283 %
Finished training it 54272/306969 of epoch 0, 19.10 ms/it, NE 0.862839, loss 0.480340
Testing at - 54272/306969 of epoch 0,  NE 0.845613, loss 0.485791, accuracy 78.226 %, best 78.283 %
Finished training it 55296/306969 of epoch 0, 19.32 ms/it, NE 0.862471, loss 0.480113
Testing at - 55296/306969 of epoch 0,  NE 0.845031, loss 0.485457, accuracy 78.260 %, best 78.283 %
Finished training it 56320/306969 of epoch 0, 19.45 ms/it, NE 0.862176, loss 0.479526
Testing at - 56320/306969 of epoch 0,  NE 0.840246, loss 0.482708, accuracy 78.259 %, best 78.283 %
Finished training it 57344/306969 of epoch 0, 18.03 ms/it, NE 0.861814, loss 0.476818
Testing at - 57344/306969 of epoch 0,  NE 0.839691, loss 0.482389, accuracy 78.267 %, best 78.283 %
Finished training it 58368/306969 of epoch 0, 20.11 ms/it, NE 0.861391, loss 0.476127
Testing at - 58368/306969 of epoch 0,  NE 0.841259, loss 0.483290, accuracy 78.313 %, best 78.313 %
Finished training it 59392/306969 of epoch 0, 17.83 ms/it, NE 0.861056, loss 0.479023
Testing at - 59392/306969 of epoch 0,  NE 0.841033, loss 0.483160, accuracy 78.284 %, best 78.313 %
Finished training it 60416/306969 of epoch 0, 19.37 ms/it, NE 0.860758, loss 0.478591
Testing at - 60416/306969 of epoch 0,  NE 0.846707, loss 0.486420, accuracy 78.155 %, best 78.313 %
Finished training it 61440/306969 of epoch 0, 18.14 ms/it, NE 0.860452, loss 0.481031
Testing at - 61440/306969 of epoch 0,  NE 0.840454, loss 0.482828, accuracy 78.301 %, best 78.313 %
Finished training it 62464/306969 of epoch 0, 21.14 ms/it, NE 0.860182, loss 0.479196
Testing at - 62464/306969 of epoch 0,  NE 0.843068, loss 0.484329, accuracy 78.246 %, best 78.313 %
Finished training it 63488/306969 of epoch 0, 18.08 ms/it, NE 0.859846, loss 0.477938
Testing at - 63488/306969 of epoch 0,  NE 0.839702, loss 0.482395, accuracy 78.339 %, best 78.339 %
Finished training it 64512/306969 of epoch 0, 20.51 ms/it, NE 0.859581, loss 0.480475
Testing at - 64512/306969 of epoch 0,  NE 0.842420, loss 0.483957, accuracy 78.300 %, best 78.339 %
Finished training it 65536/306969 of epoch 0, 18.01 ms/it, NE 0.859357, loss 0.481679
Testing at - 65536/306969 of epoch 0,  NE 0.839757, loss 0.482427, accuracy 78.300 %, best 78.339 %
Finished training it 66560/306969 of epoch 0, 18.90 ms/it, NE 0.859086, loss 0.477492
Testing at - 66560/306969 of epoch 0,  NE 0.841668, loss 0.483525, accuracy 78.298 %, best 78.339 %
Finished training it 67584/306969 of epoch 0, 18.99 ms/it, NE 0.858773, loss 0.476925
Testing at - 67584/306969 of epoch 0,  NE 0.836846, loss 0.480755, accuracy 78.317 %, best 78.339 %
Finished training it 68608/306969 of epoch 0, 16.45 ms/it, NE 0.858457, loss 0.477120
Testing at - 68608/306969 of epoch 0,  NE 0.840595, loss 0.482908, accuracy 78.304 %, best 78.339 %
Finished training it 69632/306969 of epoch 0, 17.42 ms/it, NE 0.858187, loss 0.477771
Testing at - 69632/306969 of epoch 0,  NE 0.837164, loss 0.480937, accuracy 78.404 %, best 78.404 %
Finished training it 70656/306969 of epoch 0, 17.80 ms/it, NE 0.857920, loss 0.476744
Testing at - 70656/306969 of epoch 0,  NE 0.838686, loss 0.481812, accuracy 78.373 %, best 78.404 %
Finished training it 71680/306969 of epoch 0, 15.88 ms/it, NE 0.857720, loss 0.479226
Testing at - 71680/306969 of epoch 0,  NE 0.840683, loss 0.482959, accuracy 78.382 %, best 78.404 %
Finished training it 72704/306969 of epoch 0, 16.34 ms/it, NE 0.857430, loss 0.475003
Testing at - 72704/306969 of epoch 0,  NE 0.838709, loss 0.481825, accuracy 78.290 %, best 78.404 %
Finished training it 73728/306969 of epoch 0, 16.67 ms/it, NE 0.857187, loss 0.477699
Testing at - 73728/306969 of epoch 0,  NE 0.840646, loss 0.482938, accuracy 78.241 %, best 78.404 %
Finished training it 74752/306969 of epoch 0, 17.34 ms/it, NE 0.856929, loss 0.476625
Testing at - 74752/306969 of epoch 0,  NE 0.841797, loss 0.483599, accuracy 78.209 %, best 78.404 %
Finished training it 75776/306969 of epoch 0, 19.16 ms/it, NE 0.856669, loss 0.476247
Testing at - 75776/306969 of epoch 0,  NE 0.838560, loss 0.481739, accuracy 78.346 %, best 78.404 %
Finished training it 76800/306969 of epoch 0, 16.10 ms/it, NE 0.856432, loss 0.476234
Testing at - 76800/306969 of epoch 0,  NE 0.842594, loss 0.484057, accuracy 78.234 %, best 78.404 %
Finished training it 77824/306969 of epoch 0, 17.82 ms/it, NE 0.856213, loss 0.476151
Testing at - 77824/306969 of epoch 0,  NE 0.838421, loss 0.481660, accuracy 78.416 %, best 78.416 %
Finished training it 78848/306969 of epoch 0, 16.81 ms/it, NE 0.855988, loss 0.476671
Testing at - 78848/306969 of epoch 0,  NE 0.837520, loss 0.481142, accuracy 78.405 %, best 78.416 %
Finished training it 79872/306969 of epoch 0, 18.54 ms/it, NE 0.855754, loss 0.475871
Testing at - 79872/306969 of epoch 0,  NE 0.837967, loss 0.481399, accuracy 78.362 %, best 78.416 %
Finished training it 80896/306969 of epoch 0, 17.43 ms/it, NE 0.855535, loss 0.476816
Testing at - 80896/306969 of epoch 0,  NE 0.836696, loss 0.480668, accuracy 78.445 %, best 78.445 %
Finished training it 81920/306969 of epoch 0, 20.00 ms/it, NE 0.855334, loss 0.477339
Testing at - 81920/306969 of epoch 0,  NE 0.836930, loss 0.480803, accuracy 78.478 %, best 78.478 %
Finished training it 82944/306969 of epoch 0, 18.42 ms/it, NE 0.855154, loss 0.476073
Testing at - 82944/306969 of epoch 0,  NE 0.837371, loss 0.481056, accuracy 78.413 %, best 78.478 %
Finished training it 83968/306969 of epoch 0, 21.22 ms/it, NE 0.854949, loss 0.475201
Testing at - 83968/306969 of epoch 0,  NE 0.833518, loss 0.478843, accuracy 78.416 %, best 78.478 %
Finished training it 84992/306969 of epoch 0, 19.68 ms/it, NE 0.854697, loss 0.474520
Testing at - 84992/306969 of epoch 0,  NE 0.836403, loss 0.480500, accuracy 78.389 %, best 78.478 %
Finished training it 86016/306969 of epoch 0, 21.03 ms/it, NE 0.854518, loss 0.477883
Testing at - 86016/306969 of epoch 0,  NE 0.841063, loss 0.483177, accuracy 78.342 %, best 78.478 %
Finished training it 87040/306969 of epoch 0, 17.76 ms/it, NE 0.854297, loss 0.475856
Testing at - 87040/306969 of epoch 0,  NE 0.838960, loss 0.481969, accuracy 78.365 %, best 78.478 %
Finished training it 88064/306969 of epoch 0, 19.27 ms/it, NE 0.854094, loss 0.474267
Testing at - 88064/306969 of epoch 0,  NE 0.832799, loss 0.478430, accuracy 78.471 %, best 78.478 %
Finished training it 89088/306969 of epoch 0, 16.68 ms/it, NE 0.853860, loss 0.475743
Testing at - 89088/306969 of epoch 0,  NE 0.836542, loss 0.480580, accuracy 78.413 %, best 78.478 %
Finished training it 90112/306969 of epoch 0, 16.85 ms/it, NE 0.853656, loss 0.474555
Testing at - 90112/306969 of epoch 0,  NE 0.837937, loss 0.481382, accuracy 78.357 %, best 78.478 %
Finished training it 91136/306969 of epoch 0, 16.83 ms/it, NE 0.853460, loss 0.474745
Testing at - 91136/306969 of epoch 0,  NE 0.837263, loss 0.480995, accuracy 78.307 %, best 78.478 %
Finished training it 92160/306969 of epoch 0, 17.76 ms/it, NE 0.853278, loss 0.477216
Testing at - 92160/306969 of epoch 0,  NE 0.837544, loss 0.481156, accuracy 78.493 %, best 78.493 %
Finished training it 93184/306969 of epoch 0, 16.52 ms/it, NE 0.853112, loss 0.477159
Testing at - 93184/306969 of epoch 0,  NE 0.834526, loss 0.479422, accuracy 78.382 %, best 78.493 %
Finished training it 94208/306969 of epoch 0, 16.48 ms/it, NE 0.852934, loss 0.474968
Testing at - 94208/306969 of epoch 0,  NE 0.836945, loss 0.480811, accuracy 78.432 %, best 78.493 %
Finished training it 95232/306969 of epoch 0, 16.54 ms/it, NE 0.852728, loss 0.473699
Testing at - 95232/306969 of epoch 0,  NE 0.834221, loss 0.479247, accuracy 78.466 %, best 78.493 %
Finished training it 96256/306969 of epoch 0, 15.75 ms/it, NE 0.852504, loss 0.473761
Testing at - 96256/306969 of epoch 0,  NE 0.835955, loss 0.480243, accuracy 78.420 %, best 78.493 %
Finished training it 97280/306969 of epoch 0, 17.17 ms/it, NE 0.852318, loss 0.473732
Testing at - 97280/306969 of epoch 0,  NE 0.832157, loss 0.478061, accuracy 78.481 %, best 78.493 %
Finished training it 98304/306969 of epoch 0, 15.82 ms/it, NE 0.852121, loss 0.472633
Testing at - 98304/306969 of epoch 0,  NE 0.833971, loss 0.479103, accuracy 78.470 %, best 78.493 %
Finished training it 99328/306969 of epoch 0, 17.01 ms/it, NE 0.851970, loss 0.475495
Testing at - 99328/306969 of epoch 0,  NE 0.837447, loss 0.481100, accuracy 78.394 %, best 78.493 %
Finished training it 100352/306969 of epoch 0, 16.41 ms/it, NE 0.851793, loss 0.475062
Testing at - 100352/306969 of epoch 0,  NE 0.834870, loss 0.479619, accuracy 78.469 %, best 78.493 %
Finished training it 101376/306969 of epoch 0, 18.42 ms/it, NE 0.851580, loss 0.474161
Testing at - 101376/306969 of epoch 0,  NE 0.834408, loss 0.479354, accuracy 78.513 %, best 78.513 %
Finished training it 102400/306969 of epoch 0, 18.43 ms/it, NE 0.851411, loss 0.475380
Testing at - 102400/306969 of epoch 0,  NE 0.836078, loss 0.480314, accuracy 78.481 %, best 78.513 %
Finished training it 103424/306969 of epoch 0, 18.77 ms/it, NE 0.851256, loss 0.475119
Testing at - 103424/306969 of epoch 0,  NE 0.835087, loss 0.479744, accuracy 78.477 %, best 78.513 %
Finished training it 104448/306969 of epoch 0, 20.31 ms/it, NE 0.851107, loss 0.475196
Testing at - 104448/306969 of epoch 0,  NE 0.839322, loss 0.482177, accuracy 78.327 %, best 78.513 %
Finished training it 105472/306969 of epoch 0, 17.88 ms/it, NE 0.850997, loss 0.475437
Testing at - 105472/306969 of epoch 0,  NE 0.834623, loss 0.479477, accuracy 78.529 %, best 78.529 %
Finished training it 106496/306969 of epoch 0, 18.08 ms/it, NE 0.850842, loss 0.473330
Testing at - 106496/306969 of epoch 0,  NE 0.838818, loss 0.481887, accuracy 78.321 %, best 78.529 %
Finished training it 107520/306969 of epoch 0, 18.66 ms/it, NE 0.850670, loss 0.473270
Testing at - 107520/306969 of epoch 0,  NE 0.835354, loss 0.479897, accuracy 78.374 %, best 78.529 %
Finished training it 108544/306969 of epoch 0, 19.59 ms/it, NE 0.850480, loss 0.473447
Testing at - 108544/306969 of epoch 0,  NE 0.831484, loss 0.477674, accuracy 78.530 %, best 78.530 %
Finished training it 109568/306969 of epoch 0, 19.62 ms/it, NE 0.850299, loss 0.473165
Testing at - 109568/306969 of epoch 0,  NE 0.832329, loss 0.478160, accuracy 78.503 %, best 78.530 %
Finished training it 110592/306969 of epoch 0, 19.52 ms/it, NE 0.850161, loss 0.474097
Testing at - 110592/306969 of epoch 0,  NE 0.833108, loss 0.478607, accuracy 78.516 %, best 78.530 %
Finished training it 111616/306969 of epoch 0, 21.45 ms/it, NE 0.850036, loss 0.476401
Testing at - 111616/306969 of epoch 0,  NE 0.836013, loss 0.480276, accuracy 78.475 %, best 78.530 %
Finished training it 112640/306969 of epoch 0, 17.49 ms/it, NE 0.849907, loss 0.475556
Testing at - 112640/306969 of epoch 0,  NE 0.835058, loss 0.479727, accuracy 78.471 %, best 78.530 %
Finished training it 113664/306969 of epoch 0, 20.25 ms/it, NE 0.849765, loss 0.475131
Testing at - 113664/306969 of epoch 0,  NE 0.832003, loss 0.477973, accuracy 78.524 %, best 78.530 %
Finished training it 114688/306969 of epoch 0, 16.97 ms/it, NE 0.849629, loss 0.473141
Testing at - 114688/306969 of epoch 0,  NE 0.832759, loss 0.478407, accuracy 78.441 %, best 78.530 %
Finished training it 115712/306969 of epoch 0, 18.26 ms/it, NE 0.849436, loss 0.471369
Testing at - 115712/306969 of epoch 0,  NE 0.832782, loss 0.478420, accuracy 78.504 %, best 78.530 %
Finished training it 116736/306969 of epoch 0, 17.65 ms/it, NE 0.849333, loss 0.475114
Testing at - 116736/306969 of epoch 0,  NE 0.835307, loss 0.479871, accuracy 78.567 %, best 78.567 %
Finished training it 117760/306969 of epoch 0, 19.83 ms/it, NE 0.849168, loss 0.472474
Testing at - 117760/306969 of epoch 0,  NE 0.831128, loss 0.477470, accuracy 78.536 %, best 78.567 %
Finished training it 118784/306969 of epoch 0, 18.28 ms/it, NE 0.849027, loss 0.474294
Testing at - 118784/306969 of epoch 0,  NE 0.835098, loss 0.479750, accuracy 78.350 %, best 78.567 %
Finished training it 119808/306969 of epoch 0, 17.85 ms/it, NE 0.848884, loss 0.476336
Testing at - 119808/306969 of epoch 0,  NE 0.837952, loss 0.481390, accuracy 78.317 %, best 78.567 %
Finished training it 120832/306969 of epoch 0, 20.46 ms/it, NE 0.848731, loss 0.470395
Testing at - 120832/306969 of epoch 0,  NE 0.829922, loss 0.476777, accuracy 78.549 %, best 78.567 %
Finished training it 121856/306969 of epoch 0, 19.94 ms/it, NE 0.848583, loss 0.472640
Testing at - 121856/306969 of epoch 0,  NE 0.831721, loss 0.477810, accuracy 78.537 %, best 78.567 %
Finished training it 122880/306969 of epoch 0, 20.50 ms/it, NE 0.848435, loss 0.473242
Testing at - 122880/306969 of epoch 0,  NE 0.829656, loss 0.476624, accuracy 78.560 %, best 78.567 %
Finished training it 123904/306969 of epoch 0, 17.89 ms/it, NE 0.848315, loss 0.475444
Testing at - 123904/306969 of epoch 0,  NE 0.832547, loss 0.478285, accuracy 78.604 %, best 78.604 %
Finished training it 124928/306969 of epoch 0, 19.57 ms/it, NE 0.848186, loss 0.472665
Testing at - 124928/306969 of epoch 0,  NE 0.829860, loss 0.476741, accuracy 78.526 %, best 78.604 %
Finished training it 125952/306969 of epoch 0, 19.17 ms/it, NE 0.848048, loss 0.474450
Testing at - 125952/306969 of epoch 0,  NE 0.832479, loss 0.478246, accuracy 78.448 %, best 78.604 %
Finished training it 126976/306969 of epoch 0, 17.93 ms/it, NE 0.847939, loss 0.475360
Testing at - 126976/306969 of epoch 0,  NE 0.832480, loss 0.478247, accuracy 78.554 %, best 78.604 %
Finished training it 128000/306969 of epoch 0, 19.62 ms/it, NE 0.847808, loss 0.471858
Testing at - 128000/306969 of epoch 0,  NE 0.830451, loss 0.477081, accuracy 78.541 %, best 78.604 %
Finished training it 129024/306969 of epoch 0, 22.51 ms/it, NE 0.847689, loss 0.473616
Testing at - 129024/306969 of epoch 0,  NE 0.832670, loss 0.478355, accuracy 78.544 %, best 78.604 %
Finished training it 130048/306969 of epoch 0, 22.15 ms/it, NE 0.847581, loss 0.475643
Testing at - 130048/306969 of epoch 0,  NE 0.834258, loss 0.479268, accuracy 78.546 %, best 78.604 %
Finished training it 131072/306969 of epoch 0, 20.41 ms/it, NE 0.847484, loss 0.474602
Testing at - 131072/306969 of epoch 0,  NE 0.832087, loss 0.478021, accuracy 78.569 %, best 78.604 %
Finished training it 132096/306969 of epoch 0, 20.13 ms/it, NE 0.847360, loss 0.473967
Testing at - 132096/306969 of epoch 0,  NE 0.834086, loss 0.479169, accuracy 78.563 %, best 78.604 %
Finished training it 133120/306969 of epoch 0, 20.51 ms/it, NE 0.847226, loss 0.471652
Testing at - 133120/306969 of epoch 0,  NE 0.835846, loss 0.480180, accuracy 78.424 %, best 78.604 %
Finished training it 134144/306969 of epoch 0, 19.34 ms/it, NE 0.847079, loss 0.471611
Testing at - 134144/306969 of epoch 0,  NE 0.831766, loss 0.477837, accuracy 78.620 %, best 78.620 %
Finished training it 135168/306969 of epoch 0, 20.67 ms/it, NE 0.846953, loss 0.470589
Testing at - 135168/306969 of epoch 0,  NE 0.827568, loss 0.475425, accuracy 78.627 %, best 78.627 %
Finished training it 136192/306969 of epoch 0, 19.35 ms/it, NE 0.846842, loss 0.473018
Testing at - 136192/306969 of epoch 0,  NE 0.832135, loss 0.478048, accuracy 78.521 %, best 78.627 %
Finished training it 137216/306969 of epoch 0, 20.41 ms/it, NE 0.846719, loss 0.472305
Testing at - 137216/306969 of epoch 0,  NE 0.831852, loss 0.477886, accuracy 78.610 %, best 78.627 %
Finished training it 138240/306969 of epoch 0, 17.70 ms/it, NE 0.846607, loss 0.474377
Testing at - 138240/306969 of epoch 0,  NE 0.828684, loss 0.476066, accuracy 78.622 %, best 78.627 %
Finished training it 139264/306969 of epoch 0, 19.07 ms/it, NE 0.846502, loss 0.472937
Testing at - 139264/306969 of epoch 0,  NE 0.831984, loss 0.477962, accuracy 78.541 %, best 78.627 %
Finished training it 140288/306969 of epoch 0, 17.30 ms/it, NE 0.846347, loss 0.469465
Testing at - 140288/306969 of epoch 0,  NE 0.829423, loss 0.476491, accuracy 78.574 %, best 78.627 %
Finished training it 141312/306969 of epoch 0, 17.35 ms/it, NE 0.846240, loss 0.471693
Testing at - 141312/306969 of epoch 0,  NE 0.829024, loss 0.476261, accuracy 78.586 %, best 78.627 %
Finished training it 142336/306969 of epoch 0, 16.66 ms/it, NE 0.846113, loss 0.469808
Testing at - 142336/306969 of epoch 0,  NE 0.830025, loss 0.476836, accuracy 78.527 %, best 78.627 %
Finished training it 143360/306969 of epoch 0, 18.35 ms/it, NE 0.846004, loss 0.471132
Testing at - 143360/306969 of epoch 0,  NE 0.844547, loss 0.485179, accuracy 77.909 %, best 78.627 %
Finished training it 144384/306969 of epoch 0, 16.70 ms/it, NE 0.845906, loss 0.471989
Testing at - 144384/306969 of epoch 0,  NE 0.828880, loss 0.476178, accuracy 78.620 %, best 78.627 %
Finished training it 145408/306969 of epoch 0, 18.55 ms/it, NE 0.845792, loss 0.474581
Testing at - 145408/306969 of epoch 0,  NE 0.833821, loss 0.479017, accuracy 78.558 %, best 78.627 %
Finished training it 146432/306969 of epoch 0, 17.90 ms/it, NE 0.845674, loss 0.470627
Testing at - 146432/306969 of epoch 0,  NE 0.827607, loss 0.475447, accuracy 78.632 %, best 78.632 %
Finished training it 147456/306969 of epoch 0, 18.97 ms/it, NE 0.845562, loss 0.470599
Testing at - 147456/306969 of epoch 0,  NE 0.832421, loss 0.478213, accuracy 78.471 %, best 78.632 %
Finished training it 148480/306969 of epoch 0, 17.03 ms/it, NE 0.845425, loss 0.469200
Testing at - 148480/306969 of epoch 0,  NE 0.828391, loss 0.475898, accuracy 78.604 %, best 78.632 %
Finished training it 149504/306969 of epoch 0, 20.01 ms/it, NE 0.845299, loss 0.470082
Testing at - 149504/306969 of epoch 0,  NE 0.829422, loss 0.476490, accuracy 78.595 %, best 78.632 %
Finished training it 150528/306969 of epoch 0, 16.85 ms/it, NE 0.845208, loss 0.471605
Testing at - 150528/306969 of epoch 0,  NE 0.827766, loss 0.475538, accuracy 78.614 %, best 78.632 %
Finished training it 151552/306969 of epoch 0, 18.27 ms/it, NE 0.845070, loss 0.467741
Testing at - 151552/306969 of epoch 0,  NE 0.834942, loss 0.479661, accuracy 78.329 %, best 78.632 %
Finished training it 152576/306969 of epoch 0, 17.54 ms/it, NE 0.844943, loss 0.468445
Testing at - 152576/306969 of epoch 0,  NE 0.828250, loss 0.475816, accuracy 78.604 %, best 78.632 %
Finished training it 153600/306969 of epoch 0, 17.93 ms/it, NE 0.844841, loss 0.471925
Testing at - 153600/306969 of epoch 0,  NE 0.830374, loss 0.477037, accuracy 78.505 %, best 78.632 %
Finished training it 154624/306969 of epoch 0, 21.93 ms/it, NE 0.844726, loss 0.470080
Testing at - 154624/306969 of epoch 0,  NE 0.829644, loss 0.476617, accuracy 78.654 %, best 78.654 %
Finished training it 155648/306969 of epoch 0, 20.72 ms/it, NE 0.844628, loss 0.471008
Testing at - 155648/306969 of epoch 0,  NE 0.827805, loss 0.475561, accuracy 78.609 %, best 78.654 %
Finished training it 156672/306969 of epoch 0, 18.38 ms/it, NE 0.844519, loss 0.470459
Testing at - 156672/306969 of epoch 0,  NE 0.827533, loss 0.475405, accuracy 78.637 %, best 78.654 %
Finished training it 157696/306969 of epoch 0, 22.07 ms/it, NE 0.844410, loss 0.468556
Testing at - 157696/306969 of epoch 0,  NE 0.826227, loss 0.474654, accuracy 78.671 %, best 78.671 %
Finished training it 158720/306969 of epoch 0, 21.34 ms/it, NE 0.844293, loss 0.470974
Testing at - 158720/306969 of epoch 0,  NE 0.830600, loss 0.477167, accuracy 78.611 %, best 78.671 %
Finished training it 159744/306969 of epoch 0, 19.78 ms/it, NE 0.844197, loss 0.471270
Testing at - 159744/306969 of epoch 0,  NE 0.835536, loss 0.480002, accuracy 78.536 %, best 78.671 %
Finished training it 160768/306969 of epoch 0, 17.28 ms/it, NE 0.844110, loss 0.471639
Testing at - 160768/306969 of epoch 0,  NE 0.828660, loss 0.476052, accuracy 78.645 %, best 78.671 %
Finished training it 161792/306969 of epoch 0, 16.60 ms/it, NE 0.844037, loss 0.473149
Testing at - 161792/306969 of epoch 0,  NE 0.828149, loss 0.475758, accuracy 78.634 %, best 78.671 %
Finished training it 162816/306969 of epoch 0, 18.40 ms/it, NE 0.843967, loss 0.473123
Testing at - 162816/306969 of epoch 0,  NE 0.831851, loss 0.477885, accuracy 78.532 %, best 78.671 %
Finished training it 163840/306969 of epoch 0, 16.75 ms/it, NE 0.843878, loss 0.472759
Testing at - 163840/306969 of epoch 0,  NE 0.831720, loss 0.477810, accuracy 78.609 %, best 78.671 %
Finished training it 164864/306969 of epoch 0, 17.90 ms/it, NE 0.843811, loss 0.472108
Testing at - 164864/306969 of epoch 0,  NE 0.831797, loss 0.477854, accuracy 78.565 %, best 78.671 %
Finished training it 165888/306969 of epoch 0, 16.70 ms/it, NE 0.843724, loss 0.471559
Testing at - 165888/306969 of epoch 0,  NE 0.831723, loss 0.477812, accuracy 78.603 %, best 78.671 %
Finished training it 166912/306969 of epoch 0, 18.04 ms/it, NE 0.843646, loss 0.473629
Testing at - 166912/306969 of epoch 0,  NE 0.830331, loss 0.477012, accuracy 78.589 %, best 78.671 %
Finished training it 167936/306969 of epoch 0, 17.75 ms/it, NE 0.843573, loss 0.472892
Testing at - 167936/306969 of epoch 0,  NE 0.830384, loss 0.477043, accuracy 78.665 %, best 78.671 %
Finished training it 168960/306969 of epoch 0, 20.28 ms/it, NE 0.843480, loss 0.470074
Testing at - 168960/306969 of epoch 0,  NE 0.826134, loss 0.474601, accuracy 78.675 %, best 78.675 %
Finished training it 169984/306969 of epoch 0, 17.71 ms/it, NE 0.843387, loss 0.471086
Testing at - 169984/306969 of epoch 0,  NE 0.827899, loss 0.475615, accuracy 78.579 %, best 78.675 %
Finished training it 171008/306969 of epoch 0, 18.86 ms/it, NE 0.843276, loss 0.467394
Testing at - 171008/306969 of epoch 0,  NE 0.829074, loss 0.476290, accuracy 78.598 %, best 78.675 %
Finished training it 172032/306969 of epoch 0, 18.37 ms/it, NE 0.843191, loss 0.469845
Testing at - 172032/306969 of epoch 0,  NE 0.827056, loss 0.475131, accuracy 78.673 %, best 78.675 %
Finished training it 173056/306969 of epoch 0, 19.17 ms/it, NE 0.843109, loss 0.472284
Testing at - 173056/306969 of epoch 0,  NE 0.828234, loss 0.475807, accuracy 78.658 %, best 78.675 %
Finished training it 174080/306969 of epoch 0, 20.31 ms/it, NE 0.843009, loss 0.469805
Testing at - 174080/306969 of epoch 0,  NE 0.827707, loss 0.475504, accuracy 78.648 %, best 78.675 %
Finished training it 175104/306969 of epoch 0, 20.91 ms/it, NE 0.842912, loss 0.469819
Testing at - 175104/306969 of epoch 0,  NE 0.829147, loss 0.476332, accuracy 78.644 %, best 78.675 %
Finished training it 176128/306969 of epoch 0, 19.13 ms/it, NE 0.842827, loss 0.470248
Testing at - 176128/306969 of epoch 0,  NE 0.825851, loss 0.474438, accuracy 78.679 %, best 78.679 %
Finished training it 177152/306969 of epoch 0, 22.27 ms/it, NE 0.842711, loss 0.466995
Testing at - 177152/306969 of epoch 0,  NE 0.830392, loss 0.477047, accuracy 78.621 %, best 78.679 %
Finished training it 178176/306969 of epoch 0, 22.25 ms/it, NE 0.842620, loss 0.469394
Testing at - 178176/306969 of epoch 0,  NE 0.829290, loss 0.476414, accuracy 78.535 %, best 78.679 %
Finished training it 179200/306969 of epoch 0, 21.66 ms/it, NE 0.842528, loss 0.469552
Testing at - 179200/306969 of epoch 0,  NE 0.827790, loss 0.475552, accuracy 78.628 %, best 78.679 %
Finished training it 180224/306969 of epoch 0, 20.63 ms/it, NE 0.842455, loss 0.471575
Testing at - 180224/306969 of epoch 0,  NE 0.828963, loss 0.476226, accuracy 78.646 %, best 78.679 %
Finished training it 181248/306969 of epoch 0, 19.98 ms/it, NE 0.842388, loss 0.471894
Testing at - 181248/306969 of epoch 0,  NE 0.828278, loss 0.475833, accuracy 78.679 %, best 78.679 %
Finished training it 182272/306969 of epoch 0, 17.52 ms/it, NE 0.842323, loss 0.472680
Testing at - 182272/306969 of epoch 0,  NE 0.830902, loss 0.477340, accuracy 78.573 %, best 78.679 %
Finished training it 183296/306969 of epoch 0, 19.28 ms/it, NE 0.842247, loss 0.470435
Testing at - 183296/306969 of epoch 0,  NE 0.826137, loss 0.474603, accuracy 78.702 %, best 78.702 %
Finished training it 184320/306969 of epoch 0, 19.99 ms/it, NE 0.842165, loss 0.470391
Testing at - 184320/306969 of epoch 0,  NE 0.827846, loss 0.475585, accuracy 78.701 %, best 78.702 %
Finished training it 185344/306969 of epoch 0, 18.07 ms/it, NE 0.842096, loss 0.472390
Testing at - 185344/306969 of epoch 0,  NE 0.828327, loss 0.475860, accuracy 78.699 %, best 78.702 %
Finished training it 186368/306969 of epoch 0, 19.33 ms/it, NE 0.842021, loss 0.470461
Testing at - 186368/306969 of epoch 0,  NE 0.828469, loss 0.475942, accuracy 78.611 %, best 78.702 %
Finished training it 187392/306969 of epoch 0, 20.14 ms/it, NE 0.841932, loss 0.470676
Testing at - 187392/306969 of epoch 0,  NE 0.830796, loss 0.477279, accuracy 78.671 %, best 78.702 %
Finished training it 188416/306969 of epoch 0, 17.90 ms/it, NE 0.841850, loss 0.468872
Testing at - 188416/306969 of epoch 0,  NE 0.827615, loss 0.475452, accuracy 78.564 %, best 78.702 %
Finished training it 189440/306969 of epoch 0, 16.78 ms/it, NE 0.841791, loss 0.473653
Testing at - 189440/306969 of epoch 0,  NE 0.827745, loss 0.475526, accuracy 78.689 %, best 78.702 %
Finished training it 190464/306969 of epoch 0, 17.75 ms/it, NE 0.841742, loss 0.471135
Testing at - 190464/306969 of epoch 0,  NE 0.826604, loss 0.474871, accuracy 78.693 %, best 78.702 %
Finished training it 191488/306969 of epoch 0, 16.20 ms/it, NE 0.841669, loss 0.469559
Testing at - 191488/306969 of epoch 0,  NE 0.825338, loss 0.474144, accuracy 78.688 %, best 78.702 %
Finished training it 192512/306969 of epoch 0, 21.25 ms/it, NE 0.841577, loss 0.466927
Testing at - 192512/306969 of epoch 0,  NE 0.827070, loss 0.475139, accuracy 78.723 %, best 78.723 %
Finished training it 193536/306969 of epoch 0, 16.01 ms/it, NE 0.841501, loss 0.470721
Testing at - 193536/306969 of epoch 0,  NE 0.826222, loss 0.474651, accuracy 78.699 %, best 78.723 %
Finished training it 194560/306969 of epoch 0, 17.63 ms/it, NE 0.841420, loss 0.470219
Testing at - 194560/306969 of epoch 0,  NE 0.829080, loss 0.476294, accuracy 78.612 %, best 78.723 %
Finished training it 195584/306969 of epoch 0, 16.06 ms/it, NE 0.841351, loss 0.472703
Testing at - 195584/306969 of epoch 0,  NE 0.827238, loss 0.475235, accuracy 78.720 %, best 78.723 %
Finished training it 196608/306969 of epoch 0, 18.20 ms/it, NE 0.841275, loss 0.470596
Testing at - 196608/306969 of epoch 0,  NE 0.828246, loss 0.475814, accuracy 78.674 %, best 78.723 %
Finished training it 197632/306969 of epoch 0, 16.81 ms/it, NE 0.841193, loss 0.470722
Testing at - 197632/306969 of epoch 0,  NE 0.829620, loss 0.476603, accuracy 78.662 %, best 78.723 %
Finished training it 198656/306969 of epoch 0, 17.66 ms/it, NE 0.841120, loss 0.470734
Testing at - 198656/306969 of epoch 0,  NE 0.825713, loss 0.474359, accuracy 78.669 %, best 78.723 %
Finished training it 199680/306969 of epoch 0, 18.04 ms/it, NE 0.841056, loss 0.472069
Testing at - 199680/306969 of epoch 0,  NE 0.826820, loss 0.474995, accuracy 78.714 %, best 78.723 %
Finished training it 200704/306969 of epoch 0, 20.41 ms/it, NE 0.840992, loss 0.470641
Testing at - 200704/306969 of epoch 0,  NE 0.832101, loss 0.478029, accuracy 78.426 %, best 78.723 %
Finished training it 201728/306969 of epoch 0, 19.32 ms/it, NE 0.840927, loss 0.470473
Testing at - 201728/306969 of epoch 0,  NE 0.829921, loss 0.476777, accuracy 78.605 %, best 78.723 %
Finished training it 202752/306969 of epoch 0, 21.65 ms/it, NE 0.840859, loss 0.468859
Testing at - 202752/306969 of epoch 0,  NE 0.825500, loss 0.474237, accuracy 78.713 %, best 78.723 %
Finished training it 203776/306969 of epoch 0, 20.20 ms/it, NE 0.840780, loss 0.468152
Testing at - 203776/306969 of epoch 0,  NE 0.826408, loss 0.474758, accuracy 78.710 %, best 78.723 %
Finished training it 204800/306969 of epoch 0, 22.14 ms/it, NE 0.840692, loss 0.467405
Testing at - 204800/306969 of epoch 0,  NE 0.824643, loss 0.473744, accuracy 78.705 %, best 78.723 %
Finished training it 205824/306969 of epoch 0, 19.42 ms/it, NE 0.840632, loss 0.470002
Testing at - 205824/306969 of epoch 0,  NE 0.829127, loss 0.476320, accuracy 78.616 %, best 78.723 %
Finished training it 206848/306969 of epoch 0, 21.12 ms/it, NE 0.840565, loss 0.467344
Testing at - 206848/306969 of epoch 0,  NE 0.825533, loss 0.474255, accuracy 78.671 %, best 78.723 %
Finished training it 207872/306969 of epoch 0, 20.00 ms/it, NE 0.840491, loss 0.469016
Testing at - 207872/306969 of epoch 0,  NE 0.827095, loss 0.475153, accuracy 78.661 %, best 78.723 %
Finished training it 208896/306969 of epoch 0, 21.18 ms/it, NE 0.840423, loss 0.471250
Testing at - 208896/306969 of epoch 0,  NE 0.825754, loss 0.474382, accuracy 78.733 %, best 78.733 %
Finished training it 209920/306969 of epoch 0, 21.93 ms/it, NE 0.840340, loss 0.467933
Testing at - 209920/306969 of epoch 0,  NE 0.827042, loss 0.475123, accuracy 78.668 %, best 78.733 %
Finished training it 210944/306969 of epoch 0, 22.15 ms/it, NE 0.840266, loss 0.470072
Testing at - 210944/306969 of epoch 0,  NE 0.825452, loss 0.474209, accuracy 78.646 %, best 78.733 %
Finished training it 211968/306969 of epoch 0, 20.87 ms/it, NE 0.840183, loss 0.467451
Testing at - 211968/306969 of epoch 0,  NE 0.824205, loss 0.473493, accuracy 78.692 %, best 78.733 %
Finished training it 212992/306969 of epoch 0, 22.21 ms/it, NE 0.840107, loss 0.467139
Testing at - 212992/306969 of epoch 0,  NE 0.829214, loss 0.476370, accuracy 78.663 %, best 78.733 %
Finished training it 214016/306969 of epoch 0, 20.36 ms/it, NE 0.840032, loss 0.469548
Testing at - 214016/306969 of epoch 0,  NE 0.823790, loss 0.473254, accuracy 78.737 %, best 78.737 %
Finished training it 215040/306969 of epoch 0, 21.55 ms/it, NE 0.839960, loss 0.467999
Testing at - 215040/306969 of epoch 0,  NE 0.826061, loss 0.474559, accuracy 78.688 %, best 78.737 %
Finished training it 216064/306969 of epoch 0, 18.13 ms/it, NE 0.839866, loss 0.467178
Testing at - 216064/306969 of epoch 0,  NE 0.823210, loss 0.472921, accuracy 78.721 %, best 78.737 %
Finished training it 217088/306969 of epoch 0, 21.25 ms/it, NE 0.839796, loss 0.468821
Testing at - 217088/306969 of epoch 0,  NE 0.825937, loss 0.474488, accuracy 78.708 %, best 78.737 %
Finished training it 218112/306969 of epoch 0, 20.90 ms/it, NE 0.839735, loss 0.469270
Testing at - 218112/306969 of epoch 0,  NE 0.828484, loss 0.475951, accuracy 78.590 %, best 78.737 %
Finished training it 219136/306969 of epoch 0, 21.13 ms/it, NE 0.839663, loss 0.468784
Testing at - 219136/306969 of epoch 0,  NE 0.825560, loss 0.474271, accuracy 78.734 %, best 78.737 %
Finished training it 220160/306969 of epoch 0, 18.47 ms/it, NE 0.839585, loss 0.467488
Testing at - 220160/306969 of epoch 0,  NE 0.822883, loss 0.472733, accuracy 78.749 %, best 78.749 %
Finished training it 221184/306969 of epoch 0, 23.11 ms/it, NE 0.839502, loss 0.466115
Testing at - 221184/306969 of epoch 0,  NE 0.827478, loss 0.475373, accuracy 78.615 %, best 78.749 %
Finished training it 222208/306969 of epoch 0, 20.58 ms/it, NE 0.839439, loss 0.469919
Testing at - 222208/306969 of epoch 0,  NE 0.823814, loss 0.473268, accuracy 78.770 %, best 78.770 %
Finished training it 223232/306969 of epoch 0, 20.41 ms/it, NE 0.839362, loss 0.469729
Testing at - 223232/306969 of epoch 0,  NE 0.828421, loss 0.475915, accuracy 78.677 %, best 78.770 %
Finished training it 224256/306969 of epoch 0, 17.78 ms/it, NE 0.839309, loss 0.470754
Testing at - 224256/306969 of epoch 0,  NE 0.823736, loss 0.473223, accuracy 78.743 %, best 78.770 %
Finished training it 225280/306969 of epoch 0, 19.51 ms/it, NE 0.839243, loss 0.470886
Testing at - 225280/306969 of epoch 0,  NE 0.825183, loss 0.474054, accuracy 78.750 %, best 78.770 %
Finished training it 226304/306969 of epoch 0, 17.34 ms/it, NE 0.839165, loss 0.466600
Testing at - 226304/306969 of epoch 0,  NE 0.824228, loss 0.473506, accuracy 78.767 %, best 78.770 %
Finished training it 227328/306969 of epoch 0, 16.45 ms/it, NE 0.839108, loss 0.471678
Testing at - 227328/306969 of epoch 0,  NE 0.825978, loss 0.474511, accuracy 78.727 %, best 78.770 %
Finished training it 228352/306969 of epoch 0, 16.87 ms/it, NE 0.839063, loss 0.470374
Testing at - 228352/306969 of epoch 0,  NE 0.824464, loss 0.473642, accuracy 78.738 %, best 78.770 %
Finished training it 229376/306969 of epoch 0, 17.05 ms/it, NE 0.838992, loss 0.468711
Testing at - 229376/306969 of epoch 0,  NE 0.826016, loss 0.474533, accuracy 78.768 %, best 78.770 %
Finished training it 230400/306969 of epoch 0, 16.12 ms/it, NE 0.838926, loss 0.468081
Testing at - 230400/306969 of epoch 0,  NE 0.823871, loss 0.473301, accuracy 78.767 %, best 78.770 %
Finished training it 231424/306969 of epoch 0, 16.58 ms/it, NE 0.838863, loss 0.468540
Testing at - 231424/306969 of epoch 0,  NE 0.823406, loss 0.473034, accuracy 78.759 %, best 78.770 %
Finished training it 232448/306969 of epoch 0, 17.30 ms/it, NE 0.838797, loss 0.469924
Testing at - 232448/306969 of epoch 0,  NE 0.824451, loss 0.473634, accuracy 78.765 %, best 78.770 %
Finished training it 233472/306969 of epoch 0, 16.56 ms/it, NE 0.838744, loss 0.470308
Testing at - 233472/306969 of epoch 0,  NE 0.821933, loss 0.472187, accuracy 78.757 %, best 78.770 %
Finished training it 234496/306969 of epoch 0, 16.49 ms/it, NE 0.838694, loss 0.469687
Testing at - 234496/306969 of epoch 0,  NE 0.824318, loss 0.473558, accuracy 78.732 %, best 78.770 %
Finished training it 235520/306969 of epoch 0, 16.78 ms/it, NE 0.838638, loss 0.469579
Testing at - 235520/306969 of epoch 0,  NE 0.822956, loss 0.472775, accuracy 78.764 %, best 78.770 %
Finished training it 236544/306969 of epoch 0, 17.78 ms/it, NE 0.838582, loss 0.471724
Testing at - 236544/306969 of epoch 0,  NE 0.824395, loss 0.473602, accuracy 78.729 %, best 78.770 %
Finished training it 237568/306969 of epoch 0, 17.20 ms/it, NE 0.838529, loss 0.468266
Testing at - 237568/306969 of epoch 0,  NE 0.831967, loss 0.477952, accuracy 78.436 %, best 78.770 %
Finished training it 238592/306969 of epoch 0, 20.97 ms/it, NE 0.838479, loss 0.469370
Testing at - 238592/306969 of epoch 0,  NE 0.824768, loss 0.473816, accuracy 78.774 %, best 78.774 %
Finished training it 239616/306969 of epoch 0, 16.94 ms/it, NE 0.838416, loss 0.471736
Testing at - 239616/306969 of epoch 0,  NE 0.822542, loss 0.472537, accuracy 78.777 %, best 78.777 %
Finished training it 240640/306969 of epoch 0, 19.05 ms/it, NE 0.838355, loss 0.468544
Testing at - 240640/306969 of epoch 0,  NE 0.824619, loss 0.473731, accuracy 78.779 %, best 78.779 %
Finished training it 241664/306969 of epoch 0, 16.86 ms/it, NE 0.838292, loss 0.466932
Testing at - 241664/306969 of epoch 0,  NE 0.822877, loss 0.472730, accuracy 78.742 %, best 78.779 %
Finished training it 242688/306969 of epoch 0, 18.91 ms/it, NE 0.838228, loss 0.468487
Testing at - 242688/306969 of epoch 0,  NE 0.825074, loss 0.473992, accuracy 78.719 %, best 78.779 %
Finished training it 243712/306969 of epoch 0, 17.05 ms/it, NE 0.838173, loss 0.468492
Testing at - 243712/306969 of epoch 0,  NE 0.823410, loss 0.473036, accuracy 78.770 %, best 78.779 %
Finished training it 244736/306969 of epoch 0, 20.96 ms/it, NE 0.838122, loss 0.469335
Testing at - 244736/306969 of epoch 0,  NE 0.823813, loss 0.473267, accuracy 78.695 %, best 78.779 %
Finished training it 245760/306969 of epoch 0, 20.86 ms/it, NE 0.838056, loss 0.468495
Testing at - 245760/306969 of epoch 0,  NE 0.826151, loss 0.474611, accuracy 78.743 %, best 78.779 %
Finished training it 246784/306969 of epoch 0, 21.66 ms/it, NE 0.837992, loss 0.467153
Testing at - 246784/306969 of epoch 0,  NE 0.821417, loss 0.471891, accuracy 78.785 %, best 78.785 %
Finished training it 247808/306969 of epoch 0, 20.86 ms/it, NE 0.837925, loss 0.466404
Testing at - 247808/306969 of epoch 0,  NE 0.820996, loss 0.471649, accuracy 78.770 %, best 78.785 %
Finished training it 248832/306969 of epoch 0, 19.99 ms/it, NE 0.837865, loss 0.467324
Testing at - 248832/306969 of epoch 0,  NE 0.825261, loss 0.474099, accuracy 78.816 %, best 78.816 %
Finished training it 249856/306969 of epoch 0, 19.86 ms/it, NE 0.837821, loss 0.470226
Testing at - 249856/306969 of epoch 0,  NE 0.826906, loss 0.475044, accuracy 78.650 %, best 78.816 %
Finished training it 250880/306969 of epoch 0, 20.11 ms/it, NE 0.837763, loss 0.469019
Testing at - 250880/306969 of epoch 0,  NE 0.824091, loss 0.473427, accuracy 78.774 %, best 78.816 %
Finished training it 251904/306969 of epoch 0, 20.11 ms/it, NE 0.837717, loss 0.469148
Testing at - 251904/306969 of epoch 0,  NE 0.824715, loss 0.473786, accuracy 78.764 %, best 78.816 %
Finished training it 252928/306969 of epoch 0, 20.22 ms/it, NE 0.837634, loss 0.466352
Testing at - 252928/306969 of epoch 0,  NE 0.822421, loss 0.472468, accuracy 78.794 %, best 78.816 %
Finished training it 253952/306969 of epoch 0, 19.20 ms/it, NE 0.837568, loss 0.467058
Testing at - 253952/306969 of epoch 0,  NE 0.820966, loss 0.471632, accuracy 78.781 %, best 78.816 %
Finished training it 254976/306969 of epoch 0, 21.23 ms/it, NE 0.837511, loss 0.468331
Testing at - 254976/306969 of epoch 0,  NE 0.822833, loss 0.472704, accuracy 78.729 %, best 78.816 %
Finished training it 256000/306969 of epoch 0, 19.29 ms/it, NE 0.837465, loss 0.469731
Testing at - 256000/306969 of epoch 0,  NE 0.823704, loss 0.473205, accuracy 78.770 %, best 78.816 %
Finished training it 257024/306969 of epoch 0, 19.26 ms/it, NE 0.837408, loss 0.468142
Testing at - 257024/306969 of epoch 0,  NE 0.826373, loss 0.474738, accuracy 78.778 %, best 78.816 %
Finished training it 258048/306969 of epoch 0, 17.52 ms/it, NE 0.837346, loss 0.467193
Testing at - 258048/306969 of epoch 0,  NE 0.823578, loss 0.473133, accuracy 78.735 %, best 78.816 %
Finished training it 259072/306969 of epoch 0, 18.83 ms/it, NE 0.837289, loss 0.465815
Testing at - 259072/306969 of epoch 0,  NE 0.823877, loss 0.473304, accuracy 78.731 %, best 78.816 %
Finished training it 260096/306969 of epoch 0, 19.90 ms/it, NE 0.837230, loss 0.466644
Testing at - 260096/306969 of epoch 0,  NE 0.822921, loss 0.472755, accuracy 78.789 %, best 78.816 %
Finished training it 261120/306969 of epoch 0, 17.97 ms/it, NE 0.837175, loss 0.469405
Testing at - 261120/306969 of epoch 0,  NE 0.823673, loss 0.473187, accuracy 78.798 %, best 78.816 %
Finished training it 262144/306969 of epoch 0, 16.94 ms/it, NE 0.837123, loss 0.467361
Testing at - 262144/306969 of epoch 0,  NE 0.828552, loss 0.475990, accuracy 78.645 %, best 78.816 %
Finished training it 263168/306969 of epoch 0, 18.21 ms/it, NE 0.837074, loss 0.470193
Testing at - 263168/306969 of epoch 0,  NE 0.826166, loss 0.474619, accuracy 78.681 %, best 78.816 %
Finished training it 264192/306969 of epoch 0, 17.53 ms/it, NE 0.837020, loss 0.469396
Testing at - 264192/306969 of epoch 0,  NE 0.823255, loss 0.472947, accuracy 78.745 %, best 78.816 %
Finished training it 265216/306969 of epoch 0, 17.74 ms/it, NE 0.836964, loss 0.466852
Testing at - 265216/306969 of epoch 0,  NE 0.823122, loss 0.472871, accuracy 78.791 %, best 78.816 %
Finished training it 266240/306969 of epoch 0, 18.38 ms/it, NE 0.836905, loss 0.467217
Testing at - 266240/306969 of epoch 0,  NE 0.823481, loss 0.473077, accuracy 78.803 %, best 78.816 %
Finished training it 267264/306969 of epoch 0, 18.16 ms/it, NE 0.836852, loss 0.469398
Testing at - 267264/306969 of epoch 0,  NE 0.834731, loss 0.479540, accuracy 78.285 %, best 78.816 %
Finished training it 268288/306969 of epoch 0, 17.48 ms/it, NE 0.836813, loss 0.469527
Testing at - 268288/306969 of epoch 0,  NE 0.825988, loss 0.474517, accuracy 78.765 %, best 78.816 %
Finished training it 269312/306969 of epoch 0, 17.49 ms/it, NE 0.836760, loss 0.466607
Testing at - 269312/306969 of epoch 0,  NE 0.825752, loss 0.474381, accuracy 78.739 %, best 78.816 %
Finished training it 270336/306969 of epoch 0, 18.13 ms/it, NE 0.836710, loss 0.469310
Testing at - 270336/306969 of epoch 0,  NE 0.821587, loss 0.471989, accuracy 78.809 %, best 78.816 %
Finished training it 271360/306969 of epoch 0, 19.08 ms/it, NE 0.836648, loss 0.464842
Testing at - 271360/306969 of epoch 0,  NE 0.821437, loss 0.471902, accuracy 78.804 %, best 78.816 %
Finished training it 272384/306969 of epoch 0, 17.26 ms/it, NE 0.836600, loss 0.468417
Testing at - 272384/306969 of epoch 0,  NE 0.828371, loss 0.475886, accuracy 78.579 %, best 78.816 %
Finished training it 273408/306969 of epoch 0, 16.57 ms/it, NE 0.836550, loss 0.467571
Testing at - 273408/306969 of epoch 0,  NE 0.822196, loss 0.472338, accuracy 78.813 %, best 78.816 %
Finished training it 274432/306969 of epoch 0, 20.23 ms/it, NE 0.836495, loss 0.467785
Testing at - 274432/306969 of epoch 0,  NE 0.822366, loss 0.472436, accuracy 78.795 %, best 78.816 %
Finished training it 275456/306969 of epoch 0, 17.11 ms/it, NE 0.836446, loss 0.468690
Testing at - 275456/306969 of epoch 0,  NE 0.824238, loss 0.473512, accuracy 78.776 %, best 78.816 %
Finished training it 276480/306969 of epoch 0, 18.41 ms/it, NE 0.836401, loss 0.468573
Testing at - 276480/306969 of epoch 0,  NE 0.824226, loss 0.473505, accuracy 78.773 %, best 78.816 %
Finished training it 277504/306969 of epoch 0, 17.13 ms/it, NE 0.836338, loss 0.464530
Testing at - 277504/306969 of epoch 0,  NE 0.822090, loss 0.472278, accuracy 78.797 %, best 78.816 %
Finished training it 278528/306969 of epoch 0, 18.62 ms/it, NE 0.836292, loss 0.470495
Testing at - 278528/306969 of epoch 0,  NE 0.826019, loss 0.474535, accuracy 78.695 %, best 78.816 %
Finished training it 279552/306969 of epoch 0, 17.38 ms/it, NE 0.836255, loss 0.471088
Testing at - 279552/306969 of epoch 0,  NE 0.823394, loss 0.473027, accuracy 78.835 %, best 78.835 %
Finished training it 280576/306969 of epoch 0, 19.11 ms/it, NE 0.836210, loss 0.468917
Testing at - 280576/306969 of epoch 0,  NE 0.824635, loss 0.473740, accuracy 78.804 %, best 78.835 %
Finished training it 281600/306969 of epoch 0, 19.66 ms/it, NE 0.836170, loss 0.466286
Testing at - 281600/306969 of epoch 0,  NE 0.823216, loss 0.472925, accuracy 78.733 %, best 78.835 %
Finished training it 282624/306969 of epoch 0, 20.72 ms/it, NE 0.836118, loss 0.465713
Testing at - 282624/306969 of epoch 0,  NE 0.823274, loss 0.472958, accuracy 78.784 %, best 78.835 %
Finished training it 283648/306969 of epoch 0, 18.19 ms/it, NE 0.836076, loss 0.468858
Testing at - 283648/306969 of epoch 0,  NE 0.821942, loss 0.472192, accuracy 78.818 %, best 78.835 %
Finished training it 284672/306969 of epoch 0, 20.63 ms/it, NE 0.836033, loss 0.466924
Testing at - 284672/306969 of epoch 0,  NE 0.822507, loss 0.472517, accuracy 78.738 %, best 78.835 %
Finished training it 285696/306969 of epoch 0, 19.76 ms/it, NE 0.835984, loss 0.466547
Testing at - 285696/306969 of epoch 0,  NE 0.824580, loss 0.473708, accuracy 78.737 %, best 78.835 %
Finished training it 286720/306969 of epoch 0, 21.26 ms/it, NE 0.835953, loss 0.470124
Testing at - 286720/306969 of epoch 0,  NE 0.822339, loss 0.472421, accuracy 78.825 %, best 78.835 %
Finished training it 287744/306969 of epoch 0, 20.67 ms/it, NE 0.835895, loss 0.465141
Testing at - 287744/306969 of epoch 0,  NE 0.818960, loss 0.470480, accuracy 78.819 %, best 78.835 %
Finished training it 288768/306969 of epoch 0, 18.82 ms/it, NE 0.835840, loss 0.466357
Testing at - 288768/306969 of epoch 0,  NE 0.822332, loss 0.472417, accuracy 78.660 %, best 78.835 %
Finished training it 289792/306969 of epoch 0, 17.76 ms/it, NE 0.835789, loss 0.465522
Testing at - 289792/306969 of epoch 0,  NE 0.819848, loss 0.470990, accuracy 78.828 %, best 78.835 %
Finished training it 290816/306969 of epoch 0, 19.81 ms/it, NE 0.835745, loss 0.468889
Testing at - 290816/306969 of epoch 0,  NE 0.822534, loss 0.472533, accuracy 78.804 %, best 78.835 %
Finished training it 291840/306969 of epoch 0, 21.39 ms/it, NE 0.835698, loss 0.465300
Testing at - 291840/306969 of epoch 0,  NE 0.824447, loss 0.473632, accuracy 78.753 %, best 78.835 %
Finished training it 292864/306969 of epoch 0, 20.95 ms/it, NE 0.835638, loss 0.467318
Testing at - 292864/306969 of epoch 0,  NE 0.822525, loss 0.472528, accuracy 78.803 %, best 78.835 %
Finished training it 293888/306969 of epoch 0, 19.32 ms/it, NE 0.835586, loss 0.467880
Testing at - 293888/306969 of epoch 0,  NE 0.824788, loss 0.473828, accuracy 78.750 %, best 78.835 %
Finished training it 294912/306969 of epoch 0, 23.68 ms/it, NE 0.835534, loss 0.466444
Testing at - 294912/306969 of epoch 0,  NE 0.819495, loss 0.470787, accuracy 78.847 %, best 78.847 %
Finished training it 295936/306969 of epoch 0, 19.59 ms/it, NE 0.835488, loss 0.466506
Testing at - 295936/306969 of epoch 0,  NE 0.822767, loss 0.472666, accuracy 78.800 %, best 78.847 %
Finished training it 296960/306969 of epoch 0, 21.22 ms/it, NE 0.835443, loss 0.468554
Testing at - 296960/306969 of epoch 0,  NE 0.822193, loss 0.472337, accuracy 78.838 %, best 78.847 %
Finished training it 297984/306969 of epoch 0, 20.42 ms/it, NE 0.835407, loss 0.470299
Testing at - 297984/306969 of epoch 0,  NE 0.823600, loss 0.473145, accuracy 78.831 %, best 78.847 %
Finished training it 299008/306969 of epoch 0, 20.02 ms/it, NE 0.835364, loss 0.470423
Testing at - 299008/306969 of epoch 0,  NE 0.821769, loss 0.472093, accuracy 78.825 %, best 78.847 %
Finished training it 300032/306969 of epoch 0, 16.90 ms/it, NE 0.835315, loss 0.467126
Testing at - 300032/306969 of epoch 0,  NE 0.821874, loss 0.472154, accuracy 78.805 %, best 78.847 %
Finished training it 301056/306969 of epoch 0, 20.79 ms/it, NE 0.835275, loss 0.466399
Testing at - 301056/306969 of epoch 0,  NE 0.821399, loss 0.471880, accuracy 78.819 %, best 78.847 %
Finished training it 302080/306969 of epoch 0, 19.64 ms/it, NE 0.835226, loss 0.466384
Testing at - 302080/306969 of epoch 0,  NE 0.820846, loss 0.471563, accuracy 78.829 %, best 78.847 %
Finished training it 303104/306969 of epoch 0, 19.21 ms/it, NE 0.835183, loss 0.467539
Testing at - 303104/306969 of epoch 0,  NE 0.824822, loss 0.473847, accuracy 78.714 %, best 78.847 %
Finished training it 304128/306969 of epoch 0, 22.55 ms/it, NE 0.835143, loss 0.467569
Testing at - 304128/306969 of epoch 0,  NE 0.822688, loss 0.472621, accuracy 78.833 %, best 78.847 %
Finished training it 305152/306969 of epoch 0, 19.17 ms/it, NE 0.835096, loss 0.465135
Testing at - 305152/306969 of epoch 0,  NE 0.820711, loss 0.471485, accuracy 78.773 %, best 78.847 %
Finished training it 306176/306969 of epoch 0, 16.91 ms/it, NE 0.835041, loss 0.466041
Testing at - 306176/306969 of epoch 0,  NE 0.820180, loss 0.471181, accuracy 78.840 %, best 78.847 %
Finished training it 306969/306969 of epoch 0, 18.61 ms/it, NE 0.834999, loss 0.468129
Testing at - 306969/306969 of epoch 0,  NE 0.823799, loss 0.473259, accuracy 78.759 %, best 78.847 %
