NCCL version 2.9.6+cudaCUDA_MAJOR.CUDA_MINOR
Unable to import mlperf_logging,  No module named 'mlperf_logging'
world size: 1, current rank: 0, local rank: 0
Using 2 GPU(s)...
Reading pre-processed data=./input/kaggleAdDisplayChallenge_processed.npz
Sparse fea = 26, Dense fea = 13
Defined train indices...
Randomized indices across days ...
Split data according to indices...
Reading pre-processed data=./input/kaggleAdDisplayChallenge_processed.npz
Sparse fea = 26, Dense fea = 13
Defined test indices...
Randomized indices across days ...
Split data according to indices...
DLRM_Net(
  (bot_l): Sequential(
    (0): Linear(in_features=13, out_features=512, bias=True)
    (1): ReLU()
    (2): Linear(in_features=512, out_features=256, bias=True)
    (3): ReLU()
    (4): Linear(in_features=256, out_features=64, bias=True)
    (5): ReLU()
    (6): Linear(in_features=64, out_features=16, bias=True)
    (7): ReLU()
  )
  (top_l): Sequential(
    (0): Linear(in_features=367, out_features=512, bias=True)
    (1): ReLU()
    (2): Linear(in_features=512, out_features=256, bias=True)
    (3): ReLU()
    (4): Linear(in_features=256, out_features=1, bias=True)
    (5): Sigmoid()
  )
  (loss_fn): BCELoss()
)
Random uniform embeddings init: 0 size: 1461 dim: 16
Random uniform embeddings init: 1 size: 584 dim: 16
Random uniform embeddings init: 2 size: 10131227 dim: 16
Random uniform embeddings init: 3 size: 2202608 dim: 16
Random uniform embeddings init: 4 size: 306 dim: 16
Random uniform embeddings init: 5 size: 24 dim: 16
Random uniform embeddings init: 6 size: 12518 dim: 16
Random uniform embeddings init: 7 size: 634 dim: 16
Random uniform embeddings init: 8 size: 4 dim: 16
Random uniform embeddings init: 9 size: 93146 dim: 16
Random uniform embeddings init: 10 size: 5684 dim: 16
Random uniform embeddings init: 11 size: 8351593 dim: 16
Random uniform embeddings init: 12 size: 3195 dim: 16
Random uniform embeddings init: 13 size: 28 dim: 16
Random uniform embeddings init: 14 size: 14993 dim: 16
Random uniform embeddings init: 15 size: 5461306 dim: 16
Random uniform embeddings init: 16 size: 11 dim: 16
Random uniform embeddings init: 17 size: 5653 dim: 16
Random uniform embeddings init: 18 size: 2173 dim: 16
Random uniform embeddings init: 19 size: 4 dim: 16
Random uniform embeddings init: 20 size: 7046547 dim: 16
Random uniform embeddings init: 21 size: 18 dim: 16
Random uniform embeddings init: 22 size: 16 dim: 16
Random uniform embeddings init: 23 size: 286181 dim: 16
Random uniform embeddings init: 24 size: 105 dim: 16
Random uniform embeddings init: 25 size: 142572 dim: 16
time/loss/accuracy (if enabled):
Finished training it 1024/306969 of epoch 0, 20.30 ms/it, NE 0.940370, loss 0.534794
Testing at - 1024/306969 of epoch 0,  NE 0.924946, loss 0.531367, accuracy 75.531 %, best 75.531 %
Finished training it 2048/306969 of epoch 0, 13.41 ms/it, NE 0.926938, loss 0.519705
Testing at - 2048/306969 of epoch 0,  NE 0.895505, loss 0.514453, accuracy 76.180 %, best 76.180 %
Finished training it 3072/306969 of epoch 0, 16.31 ms/it, NE 0.919366, loss 0.513987
Testing at - 3072/306969 of epoch 0,  NE 0.895384, loss 0.514384, accuracy 76.490 %, best 76.490 %
Finished training it 4096/306969 of epoch 0, 14.48 ms/it, NE 0.912878, loss 0.504783
Testing at - 4096/306969 of epoch 0,  NE 0.888413, loss 0.510379, accuracy 76.638 %, best 76.638 %
Finished training it 5120/306969 of epoch 0, 12.66 ms/it, NE 0.907844, loss 0.504842
Testing at - 5120/306969 of epoch 0,  NE 0.885757, loss 0.508853, accuracy 76.950 %, best 76.950 %
Finished training it 6144/306969 of epoch 0, 12.75 ms/it, NE 0.903355, loss 0.500420
Testing at - 6144/306969 of epoch 0,  NE 0.875794, loss 0.503129, accuracy 77.039 %, best 77.039 %
Finished training it 7168/306969 of epoch 0, 13.56 ms/it, NE 0.899256, loss 0.495767
Testing at - 7168/306969 of epoch 0,  NE 0.864907, loss 0.496875, accuracy 77.246 %, best 77.246 %
Finished training it 8192/306969 of epoch 0, 15.11 ms/it, NE 0.895357, loss 0.494075
Testing at - 8192/306969 of epoch 0,  NE 0.867618, loss 0.498433, accuracy 77.137 %, best 77.246 %
Finished training it 9216/306969 of epoch 0, 14.87 ms/it, NE 0.892225, loss 0.491730
Testing at - 9216/306969 of epoch 0,  NE 0.864975, loss 0.496915, accuracy 77.250 %, best 77.250 %
Finished training it 10240/306969 of epoch 0, 15.76 ms/it, NE 0.889034, loss 0.489495
Testing at - 10240/306969 of epoch 0,  NE 0.868245, loss 0.498793, accuracy 77.084 %, best 77.250 %
Finished training it 11264/306969 of epoch 0, 16.17 ms/it, NE 0.886156, loss 0.487479
Testing at - 11264/306969 of epoch 0,  NE 0.858128, loss 0.492981, accuracy 77.526 %, best 77.526 %
Finished training it 12288/306969 of epoch 0, 13.71 ms/it, NE 0.883516, loss 0.482463
Testing at - 12288/306969 of epoch 0,  NE 0.856034, loss 0.491778, accuracy 77.520 %, best 77.526 %
Finished training it 13312/306969 of epoch 0, 14.32 ms/it, NE 0.881457, loss 0.488425
Testing at - 13312/306969 of epoch 0,  NE 0.854672, loss 0.490995, accuracy 77.692 %, best 77.692 %
Finished training it 14336/306969 of epoch 0, 14.58 ms/it, NE 0.879369, loss 0.484817
Testing at - 14336/306969 of epoch 0,  NE 0.850527, loss 0.488614, accuracy 77.735 %, best 77.735 %
Finished training it 15360/306969 of epoch 0, 15.67 ms/it, NE 0.877453, loss 0.483142
Testing at - 15360/306969 of epoch 0,  NE 0.855660, loss 0.491563, accuracy 77.621 %, best 77.735 %
Finished training it 16384/306969 of epoch 0, 14.95 ms/it, NE 0.875535, loss 0.482646
Testing at - 16384/306969 of epoch 0,  NE 0.846462, loss 0.486279, accuracy 77.791 %, best 77.791 %
Finished training it 17408/306969 of epoch 0, 15.56 ms/it, NE 0.873754, loss 0.481230
Testing at - 17408/306969 of epoch 0,  NE 0.850491, loss 0.488593, accuracy 77.699 %, best 77.791 %
Finished training it 18432/306969 of epoch 0, 18.15 ms/it, NE 0.872380, loss 0.483159
Testing at - 18432/306969 of epoch 0,  NE 0.850301, loss 0.488485, accuracy 77.774 %, best 77.791 %
Finished training it 19456/306969 of epoch 0, 16.96 ms/it, NE 0.870939, loss 0.481475
Testing at - 19456/306969 of epoch 0,  NE 0.854902, loss 0.491127, accuracy 77.690 %, best 77.791 %
Finished training it 20480/306969 of epoch 0, 15.67 ms/it, NE 0.869815, loss 0.481663
Testing at - 20480/306969 of epoch 0,  NE 0.850696, loss 0.488711, accuracy 77.615 %, best 77.791 %
Finished training it 21504/306969 of epoch 0, 13.88 ms/it, NE 0.868721, loss 0.481189
Testing at - 21504/306969 of epoch 0,  NE 0.842967, loss 0.484271, accuracy 77.949 %, best 77.949 %
Finished training it 22528/306969 of epoch 0, 13.64 ms/it, NE 0.867645, loss 0.479713
Testing at - 22528/306969 of epoch 0,  NE 0.843667, loss 0.484673, accuracy 77.856 %, best 77.949 %
Finished training it 23552/306969 of epoch 0, 13.84 ms/it, NE 0.866660, loss 0.482492
Testing at - 23552/306969 of epoch 0,  NE 0.841214, loss 0.483264, accuracy 77.955 %, best 77.955 %
Finished training it 24576/306969 of epoch 0, 14.00 ms/it, NE 0.865678, loss 0.477676
Testing at - 24576/306969 of epoch 0,  NE 0.843631, loss 0.484653, accuracy 77.894 %, best 77.955 %
Finished training it 25600/306969 of epoch 0, 13.43 ms/it, NE 0.864564, loss 0.475850
Testing at - 25600/306969 of epoch 0,  NE 0.841206, loss 0.483259, accuracy 77.863 %, best 77.955 %
Finished training it 26624/306969 of epoch 0, 13.03 ms/it, NE 0.863608, loss 0.476881
Testing at - 26624/306969 of epoch 0,  NE 0.841461, loss 0.483406, accuracy 77.874 %, best 77.955 %
Finished training it 27648/306969 of epoch 0, 13.95 ms/it, NE 0.862627, loss 0.474890
Testing at - 27648/306969 of epoch 0,  NE 0.840045, loss 0.482592, accuracy 77.975 %, best 77.975 %
Finished training it 28672/306969 of epoch 0, 15.12 ms/it, NE 0.861879, loss 0.476889
Testing at - 28672/306969 of epoch 0,  NE 0.838717, loss 0.481829, accuracy 78.076 %, best 78.076 %
Finished training it 29696/306969 of epoch 0, 15.62 ms/it, NE 0.861253, loss 0.478641
Testing at - 29696/306969 of epoch 0,  NE 0.839591, loss 0.482332, accuracy 78.041 %, best 78.076 %
Finished training it 30720/306969 of epoch 0, 15.68 ms/it, NE 0.860530, loss 0.476977
Testing at - 30720/306969 of epoch 0,  NE 0.837017, loss 0.480853, accuracy 78.121 %, best 78.121 %
Finished training it 31744/306969 of epoch 0, 14.15 ms/it, NE 0.859859, loss 0.477985
Testing at - 31744/306969 of epoch 0,  NE 0.849826, loss 0.488211, accuracy 77.665 %, best 78.121 %
Finished training it 32768/306969 of epoch 0, 15.63 ms/it, NE 0.859145, loss 0.477254
Testing at - 32768/306969 of epoch 0,  NE 0.836306, loss 0.480444, accuracy 78.050 %, best 78.121 %
Finished training it 33792/306969 of epoch 0, 16.49 ms/it, NE 0.858393, loss 0.474796
Testing at - 33792/306969 of epoch 0,  NE 0.833948, loss 0.479090, accuracy 78.132 %, best 78.132 %
Finished training it 34816/306969 of epoch 0, 18.88 ms/it, NE 0.857637, loss 0.473557
Testing at - 34816/306969 of epoch 0,  NE 0.835826, loss 0.480169, accuracy 78.068 %, best 78.132 %
Finished training it 35840/306969 of epoch 0, 17.79 ms/it, NE 0.857130, loss 0.478085
Testing at - 35840/306969 of epoch 0,  NE 0.835163, loss 0.479788, accuracy 78.171 %, best 78.171 %
Finished training it 36864/306969 of epoch 0, 16.37 ms/it, NE 0.856487, loss 0.474154
Testing at - 36864/306969 of epoch 0,  NE 0.837317, loss 0.481026, accuracy 78.070 %, best 78.171 %
Finished training it 37888/306969 of epoch 0, 15.77 ms/it, NE 0.855908, loss 0.473286
Testing at - 37888/306969 of epoch 0,  NE 0.837222, loss 0.480971, accuracy 78.119 %, best 78.171 %
Finished training it 38912/306969 of epoch 0, 15.92 ms/it, NE 0.855433, loss 0.476681
Testing at - 38912/306969 of epoch 0,  NE 0.833153, loss 0.478633, accuracy 78.216 %, best 78.216 %
Finished training it 39936/306969 of epoch 0, 14.72 ms/it, NE 0.854914, loss 0.474771
Testing at - 39936/306969 of epoch 0,  NE 0.832571, loss 0.478299, accuracy 78.198 %, best 78.216 %
Finished training it 40960/306969 of epoch 0, 14.01 ms/it, NE 0.854363, loss 0.474480
Testing at - 40960/306969 of epoch 0,  NE 0.833147, loss 0.478630, accuracy 78.236 %, best 78.236 %
Finished training it 41984/306969 of epoch 0, 14.24 ms/it, NE 0.853862, loss 0.473817
Testing at - 41984/306969 of epoch 0,  NE 0.833933, loss 0.479081, accuracy 78.210 %, best 78.236 %
Finished training it 43008/306969 of epoch 0, 14.70 ms/it, NE 0.853442, loss 0.474029
Testing at - 43008/306969 of epoch 0,  NE 0.832525, loss 0.478273, accuracy 78.233 %, best 78.236 %
Finished training it 44032/306969 of epoch 0, 14.05 ms/it, NE 0.853012, loss 0.474286
Testing at - 44032/306969 of epoch 0,  NE 0.835361, loss 0.479902, accuracy 78.119 %, best 78.236 %
Finished training it 45056/306969 of epoch 0, 13.62 ms/it, NE 0.852617, loss 0.475170
Testing at - 45056/306969 of epoch 0,  NE 0.833542, loss 0.478857, accuracy 78.262 %, best 78.262 %
Finished training it 46080/306969 of epoch 0, 14.09 ms/it, NE 0.852122, loss 0.472904
Testing at - 46080/306969 of epoch 0,  NE 0.835647, loss 0.480066, accuracy 78.080 %, best 78.262 %
Finished training it 47104/306969 of epoch 0, 13.26 ms/it, NE 0.851778, loss 0.476035
Testing at - 47104/306969 of epoch 0,  NE 0.835613, loss 0.480047, accuracy 78.090 %, best 78.262 %
Finished training it 48128/306969 of epoch 0, 14.45 ms/it, NE 0.851457, loss 0.474958
Testing at - 48128/306969 of epoch 0,  NE 0.833528, loss 0.478849, accuracy 78.093 %, best 78.262 %
Finished training it 49152/306969 of epoch 0, 13.45 ms/it, NE 0.851035, loss 0.470613
Testing at - 49152/306969 of epoch 0,  NE 0.829534, loss 0.476554, accuracy 78.266 %, best 78.266 %
Finished training it 50176/306969 of epoch 0, 13.63 ms/it, NE 0.850612, loss 0.472510
Testing at - 50176/306969 of epoch 0,  NE 0.833678, loss 0.478935, accuracy 78.218 %, best 78.266 %
Finished training it 51200/306969 of epoch 0, 14.91 ms/it, NE 0.850251, loss 0.474515
Testing at - 51200/306969 of epoch 0,  NE 0.831562, loss 0.477719, accuracy 78.305 %, best 78.305 %
Finished training it 52224/306969 of epoch 0, 13.72 ms/it, NE 0.849864, loss 0.474282
Testing at - 52224/306969 of epoch 0,  NE 0.832673, loss 0.478358, accuracy 78.228 %, best 78.305 %
Finished training it 53248/306969 of epoch 0, 12.63 ms/it, NE 0.849506, loss 0.473113
Testing at - 53248/306969 of epoch 0,  NE 0.830422, loss 0.477064, accuracy 78.308 %, best 78.308 %
Finished training it 54272/306969 of epoch 0, 13.36 ms/it, NE 0.849159, loss 0.473050
Testing at - 54272/306969 of epoch 0,  NE 0.832591, loss 0.478310, accuracy 78.252 %, best 78.308 %
Finished training it 55296/306969 of epoch 0, 13.73 ms/it, NE 0.848809, loss 0.472884
Testing at - 55296/306969 of epoch 0,  NE 0.833762, loss 0.478983, accuracy 78.246 %, best 78.308 %
Finished training it 56320/306969 of epoch 0, 13.44 ms/it, NE 0.848531, loss 0.472310
Testing at - 56320/306969 of epoch 0,  NE 0.828336, loss 0.475866, accuracy 78.312 %, best 78.312 %
Finished training it 57344/306969 of epoch 0, 14.82 ms/it, NE 0.848197, loss 0.469993
Testing at - 57344/306969 of epoch 0,  NE 0.828489, loss 0.475954, accuracy 78.279 %, best 78.312 %
Finished training it 58368/306969 of epoch 0, 14.15 ms/it, NE 0.847804, loss 0.469343
Testing at - 58368/306969 of epoch 0,  NE 0.828436, loss 0.475924, accuracy 78.323 %, best 78.323 %
Finished training it 59392/306969 of epoch 0, 13.59 ms/it, NE 0.847477, loss 0.471568
Testing at - 59392/306969 of epoch 0,  NE 0.828826, loss 0.476147, accuracy 78.322 %, best 78.323 %
Finished training it 60416/306969 of epoch 0, 14.58 ms/it, NE 0.847194, loss 0.471394
Testing at - 60416/306969 of epoch 0,  NE 0.836601, loss 0.480614, accuracy 78.066 %, best 78.323 %
Finished training it 61440/306969 of epoch 0, 14.32 ms/it, NE 0.846911, loss 0.474027
Testing at - 61440/306969 of epoch 0,  NE 0.828941, loss 0.476213, accuracy 78.312 %, best 78.323 %
Finished training it 62464/306969 of epoch 0, 13.61 ms/it, NE 0.846656, loss 0.472035
Testing at - 62464/306969 of epoch 0,  NE 0.830469, loss 0.477091, accuracy 78.281 %, best 78.323 %
Finished training it 63488/306969 of epoch 0, 13.19 ms/it, NE 0.846335, loss 0.470787
Testing at - 63488/306969 of epoch 0,  NE 0.827974, loss 0.475658, accuracy 78.355 %, best 78.355 %
Finished training it 64512/306969 of epoch 0, 13.21 ms/it, NE 0.846081, loss 0.473150
Testing at - 64512/306969 of epoch 0,  NE 0.830567, loss 0.477148, accuracy 78.330 %, best 78.355 %
Finished training it 65536/306969 of epoch 0, 12.40 ms/it, NE 0.845870, loss 0.474477
Testing at - 65536/306969 of epoch 0,  NE 0.827260, loss 0.475248, accuracy 78.346 %, best 78.355 %
Finished training it 66560/306969 of epoch 0, 13.25 ms/it, NE 0.845616, loss 0.470480
Testing at - 66560/306969 of epoch 0,  NE 0.829121, loss 0.476317, accuracy 78.330 %, best 78.355 %
Finished training it 67584/306969 of epoch 0, 13.01 ms/it, NE 0.845318, loss 0.469835
Testing at - 67584/306969 of epoch 0,  NE 0.826019, loss 0.474535, accuracy 78.336 %, best 78.355 %
Finished training it 68608/306969 of epoch 0, 13.79 ms/it, NE 0.845027, loss 0.470397
Testing at - 68608/306969 of epoch 0,  NE 0.829742, loss 0.476674, accuracy 78.265 %, best 78.355 %
Finished training it 69632/306969 of epoch 0, 15.60 ms/it, NE 0.844764, loss 0.470398
Testing at - 69632/306969 of epoch 0,  NE 0.825670, loss 0.474334, accuracy 78.409 %, best 78.409 %
Finished training it 70656/306969 of epoch 0, 20.01 ms/it, NE 0.844506, loss 0.469478
Testing at - 70656/306969 of epoch 0,  NE 0.826137, loss 0.474602, accuracy 78.400 %, best 78.409 %
Finished training it 71680/306969 of epoch 0, 14.52 ms/it, NE 0.844326, loss 0.472398
Testing at - 71680/306969 of epoch 0,  NE 0.828700, loss 0.476075, accuracy 78.414 %, best 78.414 %
Finished training it 72704/306969 of epoch 0, 18.84 ms/it, NE 0.844060, loss 0.468361
Testing at - 72704/306969 of epoch 0,  NE 0.827488, loss 0.475379, accuracy 78.280 %, best 78.414 %
Finished training it 73728/306969 of epoch 0, 19.33 ms/it, NE 0.843825, loss 0.470452
Testing at - 73728/306969 of epoch 0,  NE 0.828684, loss 0.476066, accuracy 78.262 %, best 78.414 %
Finished training it 74752/306969 of epoch 0, 27.88 ms/it, NE 0.843582, loss 0.469665
Testing at - 74752/306969 of epoch 0,  NE 0.831210, loss 0.477517, accuracy 78.176 %, best 78.414 %
Finished training it 75776/306969 of epoch 0, 18.76 ms/it, NE 0.843334, loss 0.469161
Testing at - 75776/306969 of epoch 0,  NE 0.826230, loss 0.474656, accuracy 78.367 %, best 78.414 %
Finished training it 76800/306969 of epoch 0, 16.12 ms/it, NE 0.843120, loss 0.469598
Testing at - 76800/306969 of epoch 0,  NE 0.833811, loss 0.479011, accuracy 78.237 %, best 78.414 %
Finished training it 77824/306969 of epoch 0, 14.76 ms/it, NE 0.842925, loss 0.469693
Testing at - 77824/306969 of epoch 0,  NE 0.826338, loss 0.474718, accuracy 78.440 %, best 78.440 %
Finished training it 78848/306969 of epoch 0, 21.98 ms/it, NE 0.842706, loss 0.469356
Testing at - 78848/306969 of epoch 0,  NE 0.825602, loss 0.474295, accuracy 78.406 %, best 78.440 %
Finished training it 79872/306969 of epoch 0, 25.30 ms/it, NE 0.842485, loss 0.468860
Testing at - 79872/306969 of epoch 0,  NE 0.825805, loss 0.474412, accuracy 78.400 %, best 78.440 %
Finished training it 80896/306969 of epoch 0, 17.10 ms/it, NE 0.842260, loss 0.469036
Testing at - 80896/306969 of epoch 0,  NE 0.825544, loss 0.474262, accuracy 78.431 %, best 78.440 %
Finished training it 81920/306969 of epoch 0, 16.74 ms/it, NE 0.842067, loss 0.470187
Testing at - 81920/306969 of epoch 0,  NE 0.824839, loss 0.473857, accuracy 78.477 %, best 78.477 %
Finished training it 82944/306969 of epoch 0, 18.70 ms/it, NE 0.841892, loss 0.468756
Testing at - 82944/306969 of epoch 0,  NE 0.824560, loss 0.473696, accuracy 78.429 %, best 78.477 %
Finished training it 83968/306969 of epoch 0, 14.65 ms/it, NE 0.841694, loss 0.467974
Testing at - 83968/306969 of epoch 0,  NE 0.821686, loss 0.472046, accuracy 78.449 %, best 78.477 %
Finished training it 84992/306969 of epoch 0, 16.69 ms/it, NE 0.841455, loss 0.467618
Testing at - 84992/306969 of epoch 0,  NE 0.824576, loss 0.473706, accuracy 78.420 %, best 78.477 %
Finished training it 86016/306969 of epoch 0, 14.44 ms/it, NE 0.841279, loss 0.470483
Testing at - 86016/306969 of epoch 0,  NE 0.828655, loss 0.476049, accuracy 78.297 %, best 78.477 %
Finished training it 87040/306969 of epoch 0, 16.60 ms/it, NE 0.841068, loss 0.468813
Testing at - 87040/306969 of epoch 0,  NE 0.827303, loss 0.475272, accuracy 78.381 %, best 78.477 %
Finished training it 88064/306969 of epoch 0, 19.59 ms/it, NE 0.840881, loss 0.467551
Testing at - 88064/306969 of epoch 0,  NE 0.821561, loss 0.471974, accuracy 78.487 %, best 78.487 %
Finished training it 89088/306969 of epoch 0, 19.53 ms/it, NE 0.840656, loss 0.468671
Testing at - 89088/306969 of epoch 0,  NE 0.824397, loss 0.473603, accuracy 78.428 %, best 78.487 %
Finished training it 90112/306969 of epoch 0, 14.83 ms/it, NE 0.840468, loss 0.467841
Testing at - 90112/306969 of epoch 0,  NE 0.825979, loss 0.474512, accuracy 78.391 %, best 78.487 %
Finished training it 91136/306969 of epoch 0, 13.17 ms/it, NE 0.840283, loss 0.467831
Testing at - 91136/306969 of epoch 0,  NE 0.825703, loss 0.474353, accuracy 78.323 %, best 78.487 %
Finished training it 92160/306969 of epoch 0, 12.10 ms/it, NE 0.840107, loss 0.470008
Testing at - 92160/306969 of epoch 0,  NE 0.825591, loss 0.474289, accuracy 78.493 %, best 78.493 %
Finished training it 93184/306969 of epoch 0, 12.27 ms/it, NE 0.839948, loss 0.469997
Testing at - 93184/306969 of epoch 0,  NE 0.823630, loss 0.473162, accuracy 78.397 %, best 78.493 %
Finished training it 94208/306969 of epoch 0, 13.77 ms/it, NE 0.839778, loss 0.467960
Testing at - 94208/306969 of epoch 0,  NE 0.823881, loss 0.473307, accuracy 78.483 %, best 78.493 %
Finished training it 95232/306969 of epoch 0, 14.79 ms/it, NE 0.839576, loss 0.466409
Testing at - 95232/306969 of epoch 0,  NE 0.823274, loss 0.472958, accuracy 78.486 %, best 78.493 %
Finished training it 96256/306969 of epoch 0, 15.36 ms/it, NE 0.839363, loss 0.466818
Testing at - 96256/306969 of epoch 0,  NE 0.827614, loss 0.475451, accuracy 78.319 %, best 78.493 %
Finished training it 97280/306969 of epoch 0, 14.34 ms/it, NE 0.839179, loss 0.466408
Testing at - 97280/306969 of epoch 0,  NE 0.821593, loss 0.471992, accuracy 78.480 %, best 78.493 %
Finished training it 98304/306969 of epoch 0, 15.23 ms/it, NE 0.839001, loss 0.466195
Testing at - 98304/306969 of epoch 0,  NE 0.822404, loss 0.472458, accuracy 78.497 %, best 78.497 %
Finished training it 99328/306969 of epoch 0, 16.14 ms/it, NE 0.838857, loss 0.468495
Testing at - 99328/306969 of epoch 0,  NE 0.826083, loss 0.474571, accuracy 78.393 %, best 78.497 %
Finished training it 100352/306969 of epoch 0, 17.08 ms/it, NE 0.838688, loss 0.467996
Testing at - 100352/306969 of epoch 0,  NE 0.822465, loss 0.472493, accuracy 78.489 %, best 78.497 %
Finished training it 101376/306969 of epoch 0, 16.73 ms/it, NE 0.838484, loss 0.467222
Testing at - 101376/306969 of epoch 0,  NE 0.824350, loss 0.473576, accuracy 78.503 %, best 78.503 %
Finished training it 102400/306969 of epoch 0, 14.16 ms/it, NE 0.838324, loss 0.468453
Testing at - 102400/306969 of epoch 0,  NE 0.824217, loss 0.473500, accuracy 78.480 %, best 78.503 %
Finished training it 103424/306969 of epoch 0, 13.79 ms/it, NE 0.838185, loss 0.468546
Testing at - 103424/306969 of epoch 0,  NE 0.824110, loss 0.473438, accuracy 78.466 %, best 78.503 %
Finished training it 104448/306969 of epoch 0, 12.89 ms/it, NE 0.838044, loss 0.468235
Testing at - 104448/306969 of epoch 0,  NE 0.827646, loss 0.475469, accuracy 78.355 %, best 78.503 %
Finished training it 105472/306969 of epoch 0, 12.41 ms/it, NE 0.837940, loss 0.468429
Testing at - 105472/306969 of epoch 0,  NE 0.822403, loss 0.472457, accuracy 78.550 %, best 78.550 %
Finished training it 106496/306969 of epoch 0, 16.25 ms/it, NE 0.837787, loss 0.465991
Testing at - 106496/306969 of epoch 0,  NE 0.828008, loss 0.475677, accuracy 78.298 %, best 78.550 %
Finished training it 107520/306969 of epoch 0, 27.65 ms/it, NE 0.837619, loss 0.466094
Testing at - 107520/306969 of epoch 0,  NE 0.824381, loss 0.473594, accuracy 78.405 %, best 78.550 %
Finished training it 108544/306969 of epoch 0, 12.89 ms/it, NE 0.837441, loss 0.466763
Testing at - 108544/306969 of epoch 0,  NE 0.820388, loss 0.471300, accuracy 78.539 %, best 78.550 %
Finished training it 109568/306969 of epoch 0, 13.08 ms/it, NE 0.837271, loss 0.466407
Testing at - 109568/306969 of epoch 0,  NE 0.821133, loss 0.471728, accuracy 78.516 %, best 78.550 %
Finished training it 110592/306969 of epoch 0, 13.72 ms/it, NE 0.837145, loss 0.467466
Testing at - 110592/306969 of epoch 0,  NE 0.820931, loss 0.471612, accuracy 78.545 %, best 78.550 %
Finished training it 111616/306969 of epoch 0, 16.88 ms/it, NE 0.837029, loss 0.469535
Testing at - 111616/306969 of epoch 0,  NE 0.823273, loss 0.472958, accuracy 78.496 %, best 78.550 %
Finished training it 112640/306969 of epoch 0, 14.47 ms/it, NE 0.836912, loss 0.468857
Testing at - 112640/306969 of epoch 0,  NE 0.822788, loss 0.472679, accuracy 78.523 %, best 78.550 %
Finished training it 113664/306969 of epoch 0, 13.40 ms/it, NE 0.836781, loss 0.468477
Testing at - 113664/306969 of epoch 0,  NE 0.821417, loss 0.471891, accuracy 78.546 %, best 78.550 %
Finished training it 114688/306969 of epoch 0, 22.79 ms/it, NE 0.836651, loss 0.466157
Testing at - 114688/306969 of epoch 0,  NE 0.821556, loss 0.471971, accuracy 78.477 %, best 78.550 %
Finished training it 115712/306969 of epoch 0, 13.24 ms/it, NE 0.836474, loss 0.464965
Testing at - 115712/306969 of epoch 0,  NE 0.823423, loss 0.473043, accuracy 78.500 %, best 78.550 %
Finished training it 116736/306969 of epoch 0, 16.78 ms/it, NE 0.836375, loss 0.468063
Testing at - 116736/306969 of epoch 0,  NE 0.822617, loss 0.472580, accuracy 78.553 %, best 78.553 %
Finished training it 117760/306969 of epoch 0, 15.25 ms/it, NE 0.836216, loss 0.465478
Testing at - 117760/306969 of epoch 0,  NE 0.820853, loss 0.471567, accuracy 78.531 %, best 78.553 %
Finished training it 118784/306969 of epoch 0, 13.36 ms/it, NE 0.836084, loss 0.467521
Testing at - 118784/306969 of epoch 0,  NE 0.823463, loss 0.473066, accuracy 78.356 %, best 78.553 %
Finished training it 119808/306969 of epoch 0, 13.68 ms/it, NE 0.835950, loss 0.469488
Testing at - 119808/306969 of epoch 0,  NE 0.827587, loss 0.475436, accuracy 78.278 %, best 78.553 %
Finished training it 120832/306969 of epoch 0, 13.99 ms/it, NE 0.835805, loss 0.463635
Testing at - 120832/306969 of epoch 0,  NE 0.819571, loss 0.470830, accuracy 78.560 %, best 78.560 %
Finished training it 121856/306969 of epoch 0, 13.32 ms/it, NE 0.835667, loss 0.465978
Testing at - 121856/306969 of epoch 0,  NE 0.822193, loss 0.472337, accuracy 78.509 %, best 78.560 %
Finished training it 122880/306969 of epoch 0, 14.60 ms/it, NE 0.835530, loss 0.466615
Testing at - 122880/306969 of epoch 0,  NE 0.819315, loss 0.470683, accuracy 78.547 %, best 78.560 %
Finished training it 123904/306969 of epoch 0, 13.49 ms/it, NE 0.835427, loss 0.469298
Testing at - 123904/306969 of epoch 0,  NE 0.821089, loss 0.471703, accuracy 78.601 %, best 78.601 %
Finished training it 124928/306969 of epoch 0, 13.92 ms/it, NE 0.835306, loss 0.465913
Testing at - 124928/306969 of epoch 0,  NE 0.819981, loss 0.471066, accuracy 78.526 %, best 78.601 %
Finished training it 125952/306969 of epoch 0, 14.27 ms/it, NE 0.835177, loss 0.467665
Testing at - 125952/306969 of epoch 0,  NE 0.820822, loss 0.471549, accuracy 78.454 %, best 78.601 %
Finished training it 126976/306969 of epoch 0, 15.67 ms/it, NE 0.835078, loss 0.468734
Testing at - 126976/306969 of epoch 0,  NE 0.821036, loss 0.471672, accuracy 78.540 %, best 78.601 %
Finished training it 128000/306969 of epoch 0, 19.15 ms/it, NE 0.834953, loss 0.465020
Testing at - 128000/306969 of epoch 0,  NE 0.819589, loss 0.470841, accuracy 78.534 %, best 78.601 %
Finished training it 129024/306969 of epoch 0, 15.01 ms/it, NE 0.834837, loss 0.466520
Testing at - 129024/306969 of epoch 0,  NE 0.820575, loss 0.471407, accuracy 78.520 %, best 78.601 %
Finished training it 130048/306969 of epoch 0, 15.71 ms/it, NE 0.834734, loss 0.468620
Testing at - 130048/306969 of epoch 0,  NE 0.822657, loss 0.472603, accuracy 78.528 %, best 78.601 %
Finished training it 131072/306969 of epoch 0, 23.22 ms/it, NE 0.834645, loss 0.467971
Testing at - 131072/306969 of epoch 0,  NE 0.821069, loss 0.471691, accuracy 78.577 %, best 78.601 %
Finished training it 132096/306969 of epoch 0, 15.55 ms/it, NE 0.834532, loss 0.467365
Testing at - 132096/306969 of epoch 0,  NE 0.822052, loss 0.472256, accuracy 78.575 %, best 78.601 %
Finished training it 133120/306969 of epoch 0, 18.33 ms/it, NE 0.834408, loss 0.465193
Testing at - 133120/306969 of epoch 0,  NE 0.823304, loss 0.472975, accuracy 78.499 %, best 78.601 %
Finished training it 134144/306969 of epoch 0, 16.27 ms/it, NE 0.834270, loss 0.464964
Testing at - 134144/306969 of epoch 0,  NE 0.820815, loss 0.471545, accuracy 78.609 %, best 78.609 %
Finished training it 135168/306969 of epoch 0, 16.63 ms/it, NE 0.834151, loss 0.463815
Testing at - 135168/306969 of epoch 0,  NE 0.816702, loss 0.469182, accuracy 78.640 %, best 78.640 %
Finished training it 136192/306969 of epoch 0, 15.24 ms/it, NE 0.834046, loss 0.466163
Testing at - 136192/306969 of epoch 0,  NE 0.820897, loss 0.471592, accuracy 78.546 %, best 78.640 %
Finished training it 137216/306969 of epoch 0, 14.72 ms/it, NE 0.833928, loss 0.465453
Testing at - 137216/306969 of epoch 0,  NE 0.819860, loss 0.470996, accuracy 78.607 %, best 78.640 %
Finished training it 138240/306969 of epoch 0, 13.75 ms/it, NE 0.833819, loss 0.467295
Testing at - 138240/306969 of epoch 0,  NE 0.818329, loss 0.470117, accuracy 78.586 %, best 78.640 %
Finished training it 139264/306969 of epoch 0, 14.30 ms/it, NE 0.833719, loss 0.466104
Testing at - 139264/306969 of epoch 0,  NE 0.820686, loss 0.471471, accuracy 78.515 %, best 78.640 %
Finished training it 140288/306969 of epoch 0, 16.69 ms/it, NE 0.833571, loss 0.462709
Testing at - 140288/306969 of epoch 0,  NE 0.818391, loss 0.470153, accuracy 78.573 %, best 78.640 %
Finished training it 141312/306969 of epoch 0, 14.04 ms/it, NE 0.833472, loss 0.465106
Testing at - 141312/306969 of epoch 0,  NE 0.818622, loss 0.470285, accuracy 78.588 %, best 78.640 %
Finished training it 142336/306969 of epoch 0, 14.76 ms/it, NE 0.833351, loss 0.462992
Testing at - 142336/306969 of epoch 0,  NE 0.818384, loss 0.470149, accuracy 78.581 %, best 78.640 %
Finished training it 143360/306969 of epoch 0, 15.50 ms/it, NE 0.833250, loss 0.464526
Testing at - 143360/306969 of epoch 0,  NE 0.833987, loss 0.479113, accuracy 77.893 %, best 78.640 %
Finished training it 144384/306969 of epoch 0, 14.54 ms/it, NE 0.833160, loss 0.465424
Testing at - 144384/306969 of epoch 0,  NE 0.817976, loss 0.469914, accuracy 78.630 %, best 78.640 %
Finished training it 145408/306969 of epoch 0, 13.77 ms/it, NE 0.833051, loss 0.467676
Testing at - 145408/306969 of epoch 0,  NE 0.822349, loss 0.472427, accuracy 78.557 %, best 78.640 %
Finished training it 146432/306969 of epoch 0, 13.98 ms/it, NE 0.832933, loss 0.463385
Testing at - 146432/306969 of epoch 0,  NE 0.817109, loss 0.469416, accuracy 78.626 %, best 78.640 %
Finished training it 147456/306969 of epoch 0, 14.82 ms/it, NE 0.832827, loss 0.463891
Testing at - 147456/306969 of epoch 0,  NE 0.821628, loss 0.472012, accuracy 78.460 %, best 78.640 %
Finished training it 148480/306969 of epoch 0, 14.14 ms/it, NE 0.832700, loss 0.462835
Testing at - 148480/306969 of epoch 0,  NE 0.817295, loss 0.469523, accuracy 78.610 %, best 78.640 %
Finished training it 149504/306969 of epoch 0, 15.52 ms/it, NE 0.832578, loss 0.463124
Testing at - 149504/306969 of epoch 0,  NE 0.818095, loss 0.469983, accuracy 78.624 %, best 78.640 %
Finished training it 150528/306969 of epoch 0, 14.27 ms/it, NE 0.832493, loss 0.464826
Testing at - 150528/306969 of epoch 0,  NE 0.816359, loss 0.468985, accuracy 78.618 %, best 78.640 %
Finished training it 151552/306969 of epoch 0, 15.90 ms/it, NE 0.832361, loss 0.461088
Testing at - 151552/306969 of epoch 0,  NE 0.824387, loss 0.473597, accuracy 78.323 %, best 78.640 %
Finished training it 152576/306969 of epoch 0, 16.05 ms/it, NE 0.832246, loss 0.462273
Testing at - 152576/306969 of epoch 0,  NE 0.817194, loss 0.469465, accuracy 78.584 %, best 78.640 %
Finished training it 153600/306969 of epoch 0, 14.19 ms/it, NE 0.832149, loss 0.465121
Testing at - 153600/306969 of epoch 0,  NE 0.819152, loss 0.470590, accuracy 78.496 %, best 78.640 %
Finished training it 154624/306969 of epoch 0, 14.99 ms/it, NE 0.832040, loss 0.463449
Testing at - 154624/306969 of epoch 0,  NE 0.817394, loss 0.469580, accuracy 78.637 %, best 78.640 %
Finished training it 155648/306969 of epoch 0, 15.38 ms/it, NE 0.831949, loss 0.464339
Testing at - 155648/306969 of epoch 0,  NE 0.817163, loss 0.469447, accuracy 78.608 %, best 78.640 %
Finished training it 156672/306969 of epoch 0, 15.64 ms/it, NE 0.831844, loss 0.463641
Testing at - 156672/306969 of epoch 0,  NE 0.816567, loss 0.469105, accuracy 78.628 %, best 78.640 %
Finished training it 157696/306969 of epoch 0, 17.97 ms/it, NE 0.831741, loss 0.461822
Testing at - 157696/306969 of epoch 0,  NE 0.816736, loss 0.469202, accuracy 78.672 %, best 78.672 %
Finished training it 158720/306969 of epoch 0, 16.45 ms/it, NE 0.831635, loss 0.464774
Testing at - 158720/306969 of epoch 0,  NE 0.818891, loss 0.470440, accuracy 78.611 %, best 78.672 %
Finished training it 159744/306969 of epoch 0, 15.69 ms/it, NE 0.831546, loss 0.464672
Testing at - 159744/306969 of epoch 0,  NE 0.822040, loss 0.472249, accuracy 78.564 %, best 78.672 %
Finished training it 160768/306969 of epoch 0, 15.46 ms/it, NE 0.831464, loss 0.464864
Testing at - 160768/306969 of epoch 0,  NE 0.817683, loss 0.469746, accuracy 78.654 %, best 78.672 %
Finished training it 161792/306969 of epoch 0, 14.68 ms/it, NE 0.831394, loss 0.466313
Testing at - 161792/306969 of epoch 0,  NE 0.817048, loss 0.469381, accuracy 78.651 %, best 78.672 %
Finished training it 162816/306969 of epoch 0, 14.79 ms/it, NE 0.831327, loss 0.466208
Testing at - 162816/306969 of epoch 0,  NE 0.820848, loss 0.471564, accuracy 78.539 %, best 78.672 %
Finished training it 163840/306969 of epoch 0, 13.10 ms/it, NE 0.831246, loss 0.466259
Testing at - 163840/306969 of epoch 0,  NE 0.820173, loss 0.471177, accuracy 78.625 %, best 78.672 %
Finished training it 164864/306969 of epoch 0, 13.55 ms/it, NE 0.831177, loss 0.464775
Testing at - 164864/306969 of epoch 0,  NE 0.819351, loss 0.470704, accuracy 78.583 %, best 78.672 %
Finished training it 165888/306969 of epoch 0, 12.82 ms/it, NE 0.831097, loss 0.465028
Testing at - 165888/306969 of epoch 0,  NE 0.820560, loss 0.471399, accuracy 78.603 %, best 78.672 %
Finished training it 166912/306969 of epoch 0, 15.68 ms/it, NE 0.831026, loss 0.467049
Testing at - 166912/306969 of epoch 0,  NE 0.819117, loss 0.470570, accuracy 78.559 %, best 78.672 %
Finished training it 167936/306969 of epoch 0, 13.02 ms/it, NE 0.830956, loss 0.465994
Testing at - 167936/306969 of epoch 0,  NE 0.818365, loss 0.470138, accuracy 78.664 %, best 78.672 %
Finished training it 168960/306969 of epoch 0, 14.20 ms/it, NE 0.830867, loss 0.463341
Testing at - 168960/306969 of epoch 0,  NE 0.815642, loss 0.468574, accuracy 78.678 %, best 78.678 %
Finished training it 169984/306969 of epoch 0, 14.75 ms/it, NE 0.830779, loss 0.464383
Testing at - 169984/306969 of epoch 0,  NE 0.817358, loss 0.469559, accuracy 78.582 %, best 78.678 %
Finished training it 171008/306969 of epoch 0, 14.05 ms/it, NE 0.830676, loss 0.460970
Testing at - 171008/306969 of epoch 0,  NE 0.818548, loss 0.470243, accuracy 78.581 %, best 78.678 %
Finished training it 172032/306969 of epoch 0, 13.80 ms/it, NE 0.830592, loss 0.462914
Testing at - 172032/306969 of epoch 0,  NE 0.815885, loss 0.468713, accuracy 78.668 %, best 78.678 %
Finished training it 173056/306969 of epoch 0, 14.24 ms/it, NE 0.830514, loss 0.465452
Testing at - 173056/306969 of epoch 0,  NE 0.816727, loss 0.469197, accuracy 78.665 %, best 78.678 %
Finished training it 174080/306969 of epoch 0, 15.22 ms/it, NE 0.830422, loss 0.463392
Testing at - 174080/306969 of epoch 0,  NE 0.817757, loss 0.469788, accuracy 78.652 %, best 78.678 %
Finished training it 175104/306969 of epoch 0, 13.45 ms/it, NE 0.830334, loss 0.463546
Testing at - 175104/306969 of epoch 0,  NE 0.818108, loss 0.469990, accuracy 78.629 %, best 78.678 %
Finished training it 176128/306969 of epoch 0, 13.67 ms/it, NE 0.830251, loss 0.463266
Testing at - 176128/306969 of epoch 0,  NE 0.815079, loss 0.468250, accuracy 78.681 %, best 78.681 %
Finished training it 177152/306969 of epoch 0, 13.00 ms/it, NE 0.830139, loss 0.460322
Testing at - 177152/306969 of epoch 0,  NE 0.818509, loss 0.470221, accuracy 78.617 %, best 78.681 %
Finished training it 178176/306969 of epoch 0, 14.11 ms/it, NE 0.830055, loss 0.462802
Testing at - 178176/306969 of epoch 0,  NE 0.818133, loss 0.470004, accuracy 78.539 %, best 78.681 %
Finished training it 179200/306969 of epoch 0, 14.81 ms/it, NE 0.829967, loss 0.462884
Testing at - 179200/306969 of epoch 0,  NE 0.817052, loss 0.469384, accuracy 78.630 %, best 78.681 %
Finished training it 180224/306969 of epoch 0, 14.59 ms/it, NE 0.829897, loss 0.464761
Testing at - 180224/306969 of epoch 0,  NE 0.817416, loss 0.469593, accuracy 78.643 %, best 78.681 %
Finished training it 181248/306969 of epoch 0, 14.22 ms/it, NE 0.829837, loss 0.465496
Testing at - 181248/306969 of epoch 0,  NE 0.816600, loss 0.469124, accuracy 78.700 %, best 78.700 %
Finished training it 182272/306969 of epoch 0, 13.97 ms/it, NE 0.829775, loss 0.465780
Testing at - 182272/306969 of epoch 0,  NE 0.821330, loss 0.471841, accuracy 78.523 %, best 78.700 %
Finished training it 183296/306969 of epoch 0, 15.43 ms/it, NE 0.829705, loss 0.463876
Testing at - 183296/306969 of epoch 0,  NE 0.814663, loss 0.468011, accuracy 78.695 %, best 78.700 %
Finished training it 184320/306969 of epoch 0, 13.35 ms/it, NE 0.829629, loss 0.463908
Testing at - 184320/306969 of epoch 0,  NE 0.816786, loss 0.469231, accuracy 78.697 %, best 78.700 %
Finished training it 185344/306969 of epoch 0, 14.09 ms/it, NE 0.829568, loss 0.466141
Testing at - 185344/306969 of epoch 0,  NE 0.817016, loss 0.469363, accuracy 78.694 %, best 78.700 %
Finished training it 186368/306969 of epoch 0, 14.75 ms/it, NE 0.829494, loss 0.463412
Testing at - 186368/306969 of epoch 0,  NE 0.817805, loss 0.469816, accuracy 78.581 %, best 78.700 %
Finished training it 187392/306969 of epoch 0, 14.40 ms/it, NE 0.829412, loss 0.464320
Testing at - 187392/306969 of epoch 0,  NE 0.818691, loss 0.470325, accuracy 78.676 %, best 78.700 %
Finished training it 188416/306969 of epoch 0, 14.60 ms/it, NE 0.829334, loss 0.462079
Testing at - 188416/306969 of epoch 0,  NE 0.816464, loss 0.469045, accuracy 78.553 %, best 78.700 %
Finished training it 189440/306969 of epoch 0, 15.44 ms/it, NE 0.829280, loss 0.467064
Testing at - 189440/306969 of epoch 0,  NE 0.818015, loss 0.469937, accuracy 78.660 %, best 78.700 %
Finished training it 190464/306969 of epoch 0, 14.98 ms/it, NE 0.829235, loss 0.464487
Testing at - 190464/306969 of epoch 0,  NE 0.815734, loss 0.468626, accuracy 78.696 %, best 78.700 %
Finished training it 191488/306969 of epoch 0, 14.57 ms/it, NE 0.829168, loss 0.463121
Testing at - 191488/306969 of epoch 0,  NE 0.815186, loss 0.468312, accuracy 78.681 %, best 78.700 %
Finished training it 192512/306969 of epoch 0, 13.80 ms/it, NE 0.829081, loss 0.460385
Testing at - 192512/306969 of epoch 0,  NE 0.815117, loss 0.468272, accuracy 78.716 %, best 78.716 %
Finished training it 193536/306969 of epoch 0, 13.30 ms/it, NE 0.829008, loss 0.463878
Testing at - 193536/306969 of epoch 0,  NE 0.815414, loss 0.468442, accuracy 78.702 %, best 78.716 %
Finished training it 194560/306969 of epoch 0, 13.56 ms/it, NE 0.828932, loss 0.463760
Testing at - 194560/306969 of epoch 0,  NE 0.817756, loss 0.469788, accuracy 78.597 %, best 78.716 %
Finished training it 195584/306969 of epoch 0, 14.49 ms/it, NE 0.828868, loss 0.466035
Testing at - 195584/306969 of epoch 0,  NE 0.816020, loss 0.468791, accuracy 78.725 %, best 78.725 %
Finished training it 196608/306969 of epoch 0, 14.11 ms/it, NE 0.828798, loss 0.464139
Testing at - 196608/306969 of epoch 0,  NE 0.818095, loss 0.469982, accuracy 78.658 %, best 78.725 %
Finished training it 197632/306969 of epoch 0, 13.78 ms/it, NE 0.828720, loss 0.464074
Testing at - 197632/306969 of epoch 0,  NE 0.818326, loss 0.470115, accuracy 78.661 %, best 78.725 %
Finished training it 198656/306969 of epoch 0, 14.37 ms/it, NE 0.828648, loss 0.463790
Testing at - 198656/306969 of epoch 0,  NE 0.814654, loss 0.468006, accuracy 78.695 %, best 78.725 %
Finished training it 199680/306969 of epoch 0, 14.79 ms/it, NE 0.828590, loss 0.465623
Testing at - 199680/306969 of epoch 0,  NE 0.816477, loss 0.469053, accuracy 78.709 %, best 78.725 %
Finished training it 200704/306969 of epoch 0, 15.42 ms/it, NE 0.828529, loss 0.463910
Testing at - 200704/306969 of epoch 0,  NE 0.820403, loss 0.471309, accuracy 78.448 %, best 78.725 %
Finished training it 201728/306969 of epoch 0, 16.95 ms/it, NE 0.828470, loss 0.463943
Testing at - 201728/306969 of epoch 0,  NE 0.818377, loss 0.470145, accuracy 78.589 %, best 78.725 %
Finished training it 202752/306969 of epoch 0, 16.59 ms/it, NE 0.828406, loss 0.462375
Testing at - 202752/306969 of epoch 0,  NE 0.814478, loss 0.467904, accuracy 78.725 %, best 78.725 %
Finished training it 203776/306969 of epoch 0, 14.84 ms/it, NE 0.828332, loss 0.461651
Testing at - 203776/306969 of epoch 0,  NE 0.815351, loss 0.468406, accuracy 78.712 %, best 78.725 %
Finished training it 204800/306969 of epoch 0, 16.83 ms/it, NE 0.828250, loss 0.461007
Testing at - 204800/306969 of epoch 0,  NE 0.815332, loss 0.468395, accuracy 78.681 %, best 78.725 %
Finished training it 205824/306969 of epoch 0, 15.62 ms/it, NE 0.828195, loss 0.463461
Testing at - 205824/306969 of epoch 0,  NE 0.818258, loss 0.470076, accuracy 78.603 %, best 78.725 %
Finished training it 206848/306969 of epoch 0, 13.73 ms/it, NE 0.828133, loss 0.460890
Testing at - 206848/306969 of epoch 0,  NE 0.814712, loss 0.468039, accuracy 78.677 %, best 78.725 %
Finished training it 207872/306969 of epoch 0, 13.87 ms/it, NE 0.828062, loss 0.462352
Testing at - 207872/306969 of epoch 0,  NE 0.815572, loss 0.468533, accuracy 78.676 %, best 78.725 %
Finished training it 208896/306969 of epoch 0, 13.58 ms/it, NE 0.827997, loss 0.464472
Testing at - 208896/306969 of epoch 0,  NE 0.814782, loss 0.468079, accuracy 78.724 %, best 78.725 %
Finished training it 209920/306969 of epoch 0, 13.37 ms/it, NE 0.827920, loss 0.461582
Testing at - 209920/306969 of epoch 0,  NE 0.815842, loss 0.468688, accuracy 78.674 %, best 78.725 %
Finished training it 210944/306969 of epoch 0, 13.13 ms/it, NE 0.827847, loss 0.463189
Testing at - 210944/306969 of epoch 0,  NE 0.814609, loss 0.467980, accuracy 78.658 %, best 78.725 %
Finished training it 211968/306969 of epoch 0, 13.59 ms/it, NE 0.827771, loss 0.461172
Testing at - 211968/306969 of epoch 0,  NE 0.814059, loss 0.467664, accuracy 78.712 %, best 78.725 %
Finished training it 212992/306969 of epoch 0, 12.87 ms/it, NE 0.827699, loss 0.460481
Testing at - 212992/306969 of epoch 0,  NE 0.818112, loss 0.469992, accuracy 78.670 %, best 78.725 %
Finished training it 214016/306969 of epoch 0, 13.55 ms/it, NE 0.827624, loss 0.462495
Testing at - 214016/306969 of epoch 0,  NE 0.812863, loss 0.466977, accuracy 78.730 %, best 78.730 %
Finished training it 215040/306969 of epoch 0, 12.52 ms/it, NE 0.827555, loss 0.461424
Testing at - 215040/306969 of epoch 0,  NE 0.815635, loss 0.468569, accuracy 78.689 %, best 78.730 %
Finished training it 216064/306969 of epoch 0, 12.80 ms/it, NE 0.827468, loss 0.460941
Testing at - 216064/306969 of epoch 0,  NE 0.813335, loss 0.467248, accuracy 78.714 %, best 78.730 %
Finished training it 217088/306969 of epoch 0, 13.00 ms/it, NE 0.827401, loss 0.462046
Testing at - 217088/306969 of epoch 0,  NE 0.815552, loss 0.468522, accuracy 78.707 %, best 78.730 %
Finished training it 218112/306969 of epoch 0, 13.53 ms/it, NE 0.827343, loss 0.462640
Testing at - 218112/306969 of epoch 0,  NE 0.818686, loss 0.470322, accuracy 78.519 %, best 78.730 %
Finished training it 219136/306969 of epoch 0, 13.33 ms/it, NE 0.827274, loss 0.462157
Testing at - 219136/306969 of epoch 0,  NE 0.815206, loss 0.468323, accuracy 78.720 %, best 78.730 %
Finished training it 220160/306969 of epoch 0, 13.56 ms/it, NE 0.827201, loss 0.461053
Testing at - 220160/306969 of epoch 0,  NE 0.813505, loss 0.467346, accuracy 78.739 %, best 78.739 %
Finished training it 221184/306969 of epoch 0, 13.82 ms/it, NE 0.827126, loss 0.459936
Testing at - 221184/306969 of epoch 0,  NE 0.815802, loss 0.468665, accuracy 78.620 %, best 78.739 %
Finished training it 222208/306969 of epoch 0, 14.03 ms/it, NE 0.827066, loss 0.463326
Testing at - 222208/306969 of epoch 0,  NE 0.813075, loss 0.467099, accuracy 78.736 %, best 78.739 %
Finished training it 223232/306969 of epoch 0, 14.28 ms/it, NE 0.826992, loss 0.463016
Testing at - 223232/306969 of epoch 0,  NE 0.818980, loss 0.470491, accuracy 78.649 %, best 78.739 %
Finished training it 224256/306969 of epoch 0, 14.41 ms/it, NE 0.826943, loss 0.464189
Testing at - 224256/306969 of epoch 0,  NE 0.812991, loss 0.467050, accuracy 78.750 %, best 78.750 %
Finished training it 225280/306969 of epoch 0, 13.89 ms/it, NE 0.826881, loss 0.464364
Testing at - 225280/306969 of epoch 0,  NE 0.814458, loss 0.467893, accuracy 78.748 %, best 78.750 %
Finished training it 226304/306969 of epoch 0, 14.45 ms/it, NE 0.826808, loss 0.460293
Testing at - 226304/306969 of epoch 0,  NE 0.813506, loss 0.467347, accuracy 78.764 %, best 78.764 %
Finished training it 227328/306969 of epoch 0, 14.15 ms/it, NE 0.826752, loss 0.464699
Testing at - 227328/306969 of epoch 0,  NE 0.814525, loss 0.467932, accuracy 78.690 %, best 78.764 %
Finished training it 228352/306969 of epoch 0, 12.94 ms/it, NE 0.826707, loss 0.463297
Testing at - 228352/306969 of epoch 0,  NE 0.813182, loss 0.467160, accuracy 78.732 %, best 78.764 %
Finished training it 229376/306969 of epoch 0, 12.94 ms/it, NE 0.826637, loss 0.461908
Testing at - 229376/306969 of epoch 0,  NE 0.814220, loss 0.467757, accuracy 78.782 %, best 78.782 %
Finished training it 230400/306969 of epoch 0, 13.09 ms/it, NE 0.826576, loss 0.461704
Testing at - 230400/306969 of epoch 0,  NE 0.813148, loss 0.467141, accuracy 78.766 %, best 78.782 %
Finished training it 231424/306969 of epoch 0, 13.02 ms/it, NE 0.826516, loss 0.461930
Testing at - 231424/306969 of epoch 0,  NE 0.812419, loss 0.466722, accuracy 78.749 %, best 78.782 %
Finished training it 232448/306969 of epoch 0, 15.17 ms/it, NE 0.826453, loss 0.463130
Testing at - 232448/306969 of epoch 0,  NE 0.814107, loss 0.467691, accuracy 78.749 %, best 78.782 %
Finished training it 233472/306969 of epoch 0, 14.65 ms/it, NE 0.826405, loss 0.463954
Testing at - 233472/306969 of epoch 0,  NE 0.812747, loss 0.466910, accuracy 78.754 %, best 78.782 %
Finished training it 234496/306969 of epoch 0, 13.70 ms/it, NE 0.826358, loss 0.463150
Testing at - 234496/306969 of epoch 0,  NE 0.812879, loss 0.466986, accuracy 78.732 %, best 78.782 %
Finished training it 235520/306969 of epoch 0, 15.66 ms/it, NE 0.826303, loss 0.462586
Testing at - 235520/306969 of epoch 0,  NE 0.813020, loss 0.467067, accuracy 78.755 %, best 78.782 %
Finished training it 236544/306969 of epoch 0, 14.35 ms/it, NE 0.826251, loss 0.465230
Testing at - 236544/306969 of epoch 0,  NE 0.812957, loss 0.467031, accuracy 78.736 %, best 78.782 %
Finished training it 237568/306969 of epoch 0, 15.18 ms/it, NE 0.826199, loss 0.461507
Testing at - 237568/306969 of epoch 0,  NE 0.821021, loss 0.471663, accuracy 78.390 %, best 78.782 %
Finished training it 238592/306969 of epoch 0, 14.36 ms/it, NE 0.826152, loss 0.462739
Testing at - 238592/306969 of epoch 0,  NE 0.813426, loss 0.467300, accuracy 78.766 %, best 78.782 %
Finished training it 239616/306969 of epoch 0, 14.76 ms/it, NE 0.826094, loss 0.465333
Testing at - 239616/306969 of epoch 0,  NE 0.812162, loss 0.466574, accuracy 78.782 %, best 78.782 %
Finished training it 240640/306969 of epoch 0, 16.66 ms/it, NE 0.826037, loss 0.461973
Testing at - 240640/306969 of epoch 0,  NE 0.813420, loss 0.467297, accuracy 78.762 %, best 78.782 %
Finished training it 241664/306969 of epoch 0, 16.90 ms/it, NE 0.825979, loss 0.460640
Testing at - 241664/306969 of epoch 0,  NE 0.812795, loss 0.466938, accuracy 78.728 %, best 78.782 %
Finished training it 242688/306969 of epoch 0, 15.62 ms/it, NE 0.825917, loss 0.461894
Testing at - 242688/306969 of epoch 0,  NE 0.813309, loss 0.467233, accuracy 78.723 %, best 78.782 %
Finished training it 243712/306969 of epoch 0, 16.40 ms/it, NE 0.825866, loss 0.461988
Testing at - 243712/306969 of epoch 0,  NE 0.812699, loss 0.466883, accuracy 78.762 %, best 78.782 %
Finished training it 244736/306969 of epoch 0, 13.48 ms/it, NE 0.825821, loss 0.463059
Testing at - 244736/306969 of epoch 0,  NE 0.812722, loss 0.466896, accuracy 78.729 %, best 78.782 %
Finished training it 245760/306969 of epoch 0, 16.81 ms/it, NE 0.825755, loss 0.461693
Testing at - 245760/306969 of epoch 0,  NE 0.815505, loss 0.468495, accuracy 78.729 %, best 78.782 %
Finished training it 246784/306969 of epoch 0, 15.05 ms/it, NE 0.825696, loss 0.460669
Testing at - 246784/306969 of epoch 0,  NE 0.811055, loss 0.465938, accuracy 78.789 %, best 78.789 %
Finished training it 247808/306969 of epoch 0, 15.95 ms/it, NE 0.825633, loss 0.459979
Testing at - 247808/306969 of epoch 0,  NE 0.810854, loss 0.465822, accuracy 78.770 %, best 78.789 %
Finished training it 248832/306969 of epoch 0, 17.05 ms/it, NE 0.825576, loss 0.460835
Testing at - 248832/306969 of epoch 0,  NE 0.813595, loss 0.467398, accuracy 78.814 %, best 78.814 %
Finished training it 249856/306969 of epoch 0, 16.54 ms/it, NE 0.825536, loss 0.463735
Testing at - 249856/306969 of epoch 0,  NE 0.816081, loss 0.468825, accuracy 78.649 %, best 78.814 %
Finished training it 250880/306969 of epoch 0, 16.67 ms/it, NE 0.825481, loss 0.462447
Testing at - 250880/306969 of epoch 0,  NE 0.812694, loss 0.466880, accuracy 78.779 %, best 78.814 %
Finished training it 251904/306969 of epoch 0, 18.37 ms/it, NE 0.825436, loss 0.462455
Testing at - 251904/306969 of epoch 0,  NE 0.814134, loss 0.467707, accuracy 78.733 %, best 78.814 %
Finished training it 252928/306969 of epoch 0, 14.85 ms/it, NE 0.825360, loss 0.460196
Testing at - 252928/306969 of epoch 0,  NE 0.811665, loss 0.466289, accuracy 78.796 %, best 78.814 %
Finished training it 253952/306969 of epoch 0, 14.76 ms/it, NE 0.825301, loss 0.461048
Testing at - 253952/306969 of epoch 0,  NE 0.810947, loss 0.465876, accuracy 78.790 %, best 78.814 %
Finished training it 254976/306969 of epoch 0, 16.57 ms/it, NE 0.825248, loss 0.461895
Testing at - 254976/306969 of epoch 0,  NE 0.812921, loss 0.467010, accuracy 78.719 %, best 78.814 %
Finished training it 256000/306969 of epoch 0, 15.46 ms/it, NE 0.825206, loss 0.463364
Testing at - 256000/306969 of epoch 0,  NE 0.812960, loss 0.467032, accuracy 78.748 %, best 78.814 %
Finished training it 257024/306969 of epoch 0, 15.60 ms/it, NE 0.825150, loss 0.461328
Testing at - 257024/306969 of epoch 0,  NE 0.813848, loss 0.467543, accuracy 78.776 %, best 78.814 %
Finished training it 258048/306969 of epoch 0, 16.16 ms/it, NE 0.825092, loss 0.460811
Testing at - 258048/306969 of epoch 0,  NE 0.812991, loss 0.467051, accuracy 78.741 %, best 78.814 %
Finished training it 259072/306969 of epoch 0, 17.00 ms/it, NE 0.825038, loss 0.459420
Testing at - 259072/306969 of epoch 0,  NE 0.812651, loss 0.466855, accuracy 78.759 %, best 78.814 %
Finished training it 260096/306969 of epoch 0, 14.84 ms/it, NE 0.824983, loss 0.460198
Testing at - 260096/306969 of epoch 0,  NE 0.812730, loss 0.466900, accuracy 78.766 %, best 78.814 %
Finished training it 261120/306969 of epoch 0, 17.01 ms/it, NE 0.824929, loss 0.462462
Testing at - 261120/306969 of epoch 0,  NE 0.811725, loss 0.466323, accuracy 78.794 %, best 78.814 %
Finished training it 262144/306969 of epoch 0, 14.80 ms/it, NE 0.824882, loss 0.461168
Testing at - 262144/306969 of epoch 0,  NE 0.817359, loss 0.469560, accuracy 78.639 %, best 78.814 %
Finished training it 263168/306969 of epoch 0, 15.18 ms/it, NE 0.824837, loss 0.463802
Testing at - 263168/306969 of epoch 0,  NE 0.815799, loss 0.468664, accuracy 78.664 %, best 78.814 %
Finished training it 264192/306969 of epoch 0, 14.97 ms/it, NE 0.824785, loss 0.462833
Testing at - 264192/306969 of epoch 0,  NE 0.811952, loss 0.466453, accuracy 78.772 %, best 78.814 %
Finished training it 265216/306969 of epoch 0, 15.19 ms/it, NE 0.824731, loss 0.460058
Testing at - 265216/306969 of epoch 0,  NE 0.810988, loss 0.465900, accuracy 78.786 %, best 78.814 %
Finished training it 266240/306969 of epoch 0, 14.75 ms/it, NE 0.824673, loss 0.460426
Testing at - 266240/306969 of epoch 0,  NE 0.812474, loss 0.466753, accuracy 78.798 %, best 78.814 %
Finished training it 267264/306969 of epoch 0, 14.78 ms/it, NE 0.824624, loss 0.462944
Testing at - 267264/306969 of epoch 0,  NE 0.821211, loss 0.471773, accuracy 78.381 %, best 78.814 %
Finished training it 268288/306969 of epoch 0, 16.50 ms/it, NE 0.824587, loss 0.462951
Testing at - 268288/306969 of epoch 0,  NE 0.813971, loss 0.467613, accuracy 78.763 %, best 78.814 %
Finished training it 269312/306969 of epoch 0, 16.75 ms/it, NE 0.824538, loss 0.460246
Testing at - 269312/306969 of epoch 0,  NE 0.815440, loss 0.468457, accuracy 78.715 %, best 78.814 %
Finished training it 270336/306969 of epoch 0, 14.65 ms/it, NE 0.824489, loss 0.462501
Testing at - 270336/306969 of epoch 0,  NE 0.810960, loss 0.465883, accuracy 78.824 %, best 78.824 %
Finished training it 271360/306969 of epoch 0, 14.47 ms/it, NE 0.824431, loss 0.458542
Testing at - 271360/306969 of epoch 0,  NE 0.810627, loss 0.465692, accuracy 78.804 %, best 78.824 %
Finished training it 272384/306969 of epoch 0, 13.51 ms/it, NE 0.824385, loss 0.461807
Testing at - 272384/306969 of epoch 0,  NE 0.817015, loss 0.469362, accuracy 78.586 %, best 78.824 %
Finished training it 273408/306969 of epoch 0, 13.28 ms/it, NE 0.824338, loss 0.461079
Testing at - 273408/306969 of epoch 0,  NE 0.811559, loss 0.466228, accuracy 78.805 %, best 78.824 %
Finished training it 274432/306969 of epoch 0, 13.78 ms/it, NE 0.824287, loss 0.461431
Testing at - 274432/306969 of epoch 0,  NE 0.811309, loss 0.466084, accuracy 78.801 %, best 78.824 %
Finished training it 275456/306969 of epoch 0, 13.63 ms/it, NE 0.824243, loss 0.462406
Testing at - 275456/306969 of epoch 0,  NE 0.813557, loss 0.467376, accuracy 78.793 %, best 78.824 %
Finished training it 276480/306969 of epoch 0, 13.67 ms/it, NE 0.824199, loss 0.462039
Testing at - 276480/306969 of epoch 0,  NE 0.812400, loss 0.466711, accuracy 78.798 %, best 78.824 %
Finished training it 277504/306969 of epoch 0, 12.62 ms/it, NE 0.824141, loss 0.458142
Testing at - 277504/306969 of epoch 0,  NE 0.812513, loss 0.466776, accuracy 78.800 %, best 78.824 %
Finished training it 278528/306969 of epoch 0, 13.46 ms/it, NE 0.824101, loss 0.464540
Testing at - 278528/306969 of epoch 0,  NE 0.816184, loss 0.468885, accuracy 78.634 %, best 78.824 %
Finished training it 279552/306969 of epoch 0, 14.60 ms/it, NE 0.824065, loss 0.464353
Testing at - 279552/306969 of epoch 0,  NE 0.811039, loss 0.465929, accuracy 78.839 %, best 78.839 %
Finished training it 280576/306969 of epoch 0, 12.72 ms/it, NE 0.824023, loss 0.462491
Testing at - 280576/306969 of epoch 0,  NE 0.812384, loss 0.466702, accuracy 78.819 %, best 78.839 %
Finished training it 281600/306969 of epoch 0, 13.56 ms/it, NE 0.823986, loss 0.459907
Testing at - 281600/306969 of epoch 0,  NE 0.811949, loss 0.466452, accuracy 78.765 %, best 78.839 %
Finished training it 282624/306969 of epoch 0, 12.57 ms/it, NE 0.823938, loss 0.459199
Testing at - 282624/306969 of epoch 0,  NE 0.812157, loss 0.466571, accuracy 78.774 %, best 78.839 %
Finished training it 283648/306969 of epoch 0, 13.05 ms/it, NE 0.823897, loss 0.462222
Testing at - 283648/306969 of epoch 0,  NE 0.811995, loss 0.466478, accuracy 78.796 %, best 78.839 %
Finished training it 284672/306969 of epoch 0, 12.87 ms/it, NE 0.823858, loss 0.460666
Testing at - 284672/306969 of epoch 0,  NE 0.812685, loss 0.466875, accuracy 78.747 %, best 78.839 %
Finished training it 285696/306969 of epoch 0, 15.70 ms/it, NE 0.823812, loss 0.460094
Testing at - 285696/306969 of epoch 0,  NE 0.812944, loss 0.467024, accuracy 78.746 %, best 78.839 %
Finished training it 286720/306969 of epoch 0, 13.60 ms/it, NE 0.823782, loss 0.463402
Testing at - 286720/306969 of epoch 0,  NE 0.810755, loss 0.465766, accuracy 78.832 %, best 78.839 %
Finished training it 287744/306969 of epoch 0, 13.59 ms/it, NE 0.823726, loss 0.458580
Testing at - 287744/306969 of epoch 0,  NE 0.808868, loss 0.464682, accuracy 78.842 %, best 78.842 %
Finished training it 288768/306969 of epoch 0, 13.39 ms/it, NE 0.823675, loss 0.459971
Testing at - 288768/306969 of epoch 0,  NE 0.813170, loss 0.467153, accuracy 78.635 %, best 78.842 %
Finished training it 289792/306969 of epoch 0, 13.53 ms/it, NE 0.823628, loss 0.459243
Testing at - 289792/306969 of epoch 0,  NE 0.809271, loss 0.464913, accuracy 78.837 %, best 78.842 %
Finished training it 290816/306969 of epoch 0, 13.43 ms/it, NE 0.823585, loss 0.462263
Testing at - 290816/306969 of epoch 0,  NE 0.811640, loss 0.466274, accuracy 78.824 %, best 78.842 %
Finished training it 291840/306969 of epoch 0, 13.63 ms/it, NE 0.823543, loss 0.459083
Testing at - 291840/306969 of epoch 0,  NE 0.815127, loss 0.468277, accuracy 78.697 %, best 78.842 %
Finished training it 292864/306969 of epoch 0, 13.97 ms/it, NE 0.823485, loss 0.460693
Testing at - 292864/306969 of epoch 0,  NE 0.810656, loss 0.465709, accuracy 78.793 %, best 78.842 %
Finished training it 293888/306969 of epoch 0, 13.03 ms/it, NE 0.823436, loss 0.461538
Testing at - 293888/306969 of epoch 0,  NE 0.813103, loss 0.467115, accuracy 78.772 %, best 78.842 %
Finished training it 294912/306969 of epoch 0, 14.14 ms/it, NE 0.823386, loss 0.459897
Testing at - 294912/306969 of epoch 0,  NE 0.810009, loss 0.465337, accuracy 78.851 %, best 78.851 %
Finished training it 295936/306969 of epoch 0, 13.15 ms/it, NE 0.823348, loss 0.460803
Testing at - 295936/306969 of epoch 0,  NE 0.812036, loss 0.466502, accuracy 78.828 %, best 78.851 %
Finished training it 296960/306969 of epoch 0, 13.63 ms/it, NE 0.823304, loss 0.461976
Testing at - 296960/306969 of epoch 0,  NE 0.810699, loss 0.465733, accuracy 78.830 %, best 78.851 %
Finished training it 297984/306969 of epoch 0, 13.24 ms/it, NE 0.823270, loss 0.463614
Testing at - 297984/306969 of epoch 0,  NE 0.811717, loss 0.466319, accuracy 78.829 %, best 78.851 %
Finished training it 299008/306969 of epoch 0, 13.20 ms/it, NE 0.823228, loss 0.463742
Testing at - 299008/306969 of epoch 0,  NE 0.811121, loss 0.465976, accuracy 78.840 %, best 78.851 %
Finished training it 300032/306969 of epoch 0, 13.26 ms/it, NE 0.823184, loss 0.460863
Testing at - 300032/306969 of epoch 0,  NE 0.810730, loss 0.465751, accuracy 78.826 %, best 78.851 %
Finished training it 301056/306969 of epoch 0, 13.01 ms/it, NE 0.823147, loss 0.460190
Testing at - 301056/306969 of epoch 0,  NE 0.811584, loss 0.466242, accuracy 78.806 %, best 78.851 %
Finished training it 302080/306969 of epoch 0, 13.05 ms/it, NE 0.823101, loss 0.459882
Testing at - 302080/306969 of epoch 0,  NE 0.811028, loss 0.465922, accuracy 78.807 %, best 78.851 %
Finished training it 303104/306969 of epoch 0, 14.27 ms/it, NE 0.823060, loss 0.461146
Testing at - 303104/306969 of epoch 0,  NE 0.813727, loss 0.467473, accuracy 78.713 %, best 78.851 %
Finished training it 304128/306969 of epoch 0, 14.70 ms/it, NE 0.823023, loss 0.461156
Testing at - 304128/306969 of epoch 0,  NE 0.811372, loss 0.466120, accuracy 78.829 %, best 78.851 %
Finished training it 305152/306969 of epoch 0, 14.30 ms/it, NE 0.822979, loss 0.458763
Testing at - 305152/306969 of epoch 0,  NE 0.810459, loss 0.465596, accuracy 78.759 %, best 78.851 %
Finished training it 306176/306969 of epoch 0, 13.01 ms/it, NE 0.822929, loss 0.459939
Testing at - 306176/306969 of epoch 0,  NE 0.809216, loss 0.464882, accuracy 78.850 %, best 78.851 %
Finished training it 306969/306969 of epoch 0, 13.28 ms/it, NE 0.822887, loss 0.461354
Testing at - 306969/306969 of epoch 0,  NE 0.813652, loss 0.467430, accuracy 78.745 %, best 78.851 %
