Namespace(conf='configs/hobbes_config.yaml', dir='result_dumps/client_sampling/fmnist/bs_32/', n_repeat=1, o='osgd_95', pipeline='loss', train_mode='vanilla')
---- Fetching configs and Initializing stuff -----
Loading Model: lenet
----------------------------
LeNet(
  (max_pool): MaxPool2d(kernel_size=(2, 2), stride=(2, 2), padding=0, dilation=1, ceil_mode=False)
  (conv1): Conv2d(1, 64, kernel_size=(5, 5), stride=(1, 1))
  (conv2): Conv2d(64, 64, kernel_size=(5, 5), stride=(1, 1))
  (fc1): Linear(in_features=1024, out_features=1024, bias=True)
  (fc2): Linear(in_features=1024, out_features=10, bias=True)
)
No compression specified or compression operator Not implemented ~ running without jacobian compression
--------------------------------
Initializing mean GAR
--------------------------------
Num of Batches in Train Loader = 1875
epoch 0/50 
Epoch progress: 0/50, train loss = 2.2996753634134928, train acc = 12.183333333333334, test acc = 11.79, best acc =11.79
Epoch progress: 0/50, train loss = 0.4027208018541336, train acc = 85.81166666666667, test acc = 84.88, best acc =84.88
epoch 1/50 
Epoch progress: 1/50, train loss = 0.30643623553315796, train acc = 88.67833333333333, test acc = 87.62, best acc =87.62
Epoch progress: 1/50, train loss = 0.27199478305578234, train acc = 90.10666666666667, test acc = 88.67, best acc =88.67
epoch 2/50 
Epoch progress: 2/50, train loss = 0.275912350209554, train acc = 89.64, test acc = 88.41, best acc =88.67
Epoch progress: 2/50, train loss = 0.3231240223010381, train acc = 87.685, test acc = 85.66, best acc =88.67
epoch 3/50 
Epoch progress: 3/50, train loss = 0.23385071314076583, train acc = 91.24666666666667, test acc = 88.94, best acc =88.94
Epoch progress: 3/50, train loss = 0.23622058596809706, train acc = 91.315, test acc = 89.09, best acc =89.09
epoch 4/50 
Epoch progress: 4/50, train loss = 0.20134476612607638, train acc = 92.72166666666666, test acc = 89.94, best acc =89.94
Epoch progress: 4/50, train loss = 0.21493242353300254, train acc = 91.91, test acc = 89.02, best acc =89.94
epoch 5/50 
Epoch progress: 5/50, train loss = 0.1951236975699663, train acc = 92.76166666666667, test acc = 89.9, best acc =89.94
epoch 6/50 
Epoch progress: 6/50, train loss = 0.18586481451888878, train acc = 92.92, test acc = 89.71, best acc =89.94
Epoch progress: 6/50, train loss = 0.16450124756743512, train acc = 93.88833333333334, test acc = 90.64, best acc =90.64
epoch 7/50 
Epoch progress: 7/50, train loss = 0.16575334607660772, train acc = 93.76666666666667, test acc = 90.08, best acc =90.64
Epoch progress: 7/50, train loss = 0.15630383687019347, train acc = 94.21, test acc = 90.71, best acc =90.71
epoch 8/50 
Epoch progress: 8/50, train loss = 0.15672338238321246, train acc = 94.14, test acc = 90.21, best acc =90.71
Epoch progress: 8/50, train loss = 0.14547083709935346, train acc = 94.60166666666667, test acc = 90.01, best acc =90.71
epoch 9/50 
Epoch progress: 9/50, train loss = 0.14083169753501812, train acc = 94.82, test acc = 90.64, best acc =90.71
Epoch progress: 9/50, train loss = 0.16000244627352803, train acc = 94.045, test acc = 89.56, best acc =90.71
epoch 10/50 
Epoch progress: 10/50, train loss = 0.1016079207400481, train acc = 96.155, test acc = 91.06, best acc =91.06
Epoch progress: 10/50, train loss = 0.08768967257921273, train acc = 96.76, test acc = 91.34, best acc =91.34
epoch 11/50 
Epoch progress: 11/50, train loss = 0.08782274559053282, train acc = 96.91, test acc = 91.27, best acc =91.34
epoch 12/50 
Epoch progress: 12/50, train loss = 0.07597365188629678, train acc = 97.25833333333334, test acc = 91.4, best acc =91.4
Epoch progress: 12/50, train loss = 0.07257212000166377, train acc = 97.36666666666666, test acc = 91.41, best acc =91.41
epoch 13/50 
Epoch progress: 13/50, train loss = 0.06758186633810401, train acc = 97.66666666666667, test acc = 91.44, best acc =91.44
Epoch progress: 13/50, train loss = 0.06409032483923559, train acc = 97.76833333333333, test acc = 91.35, best acc =91.44
epoch 14/50 
Epoch progress: 14/50, train loss = 0.06420709591607253, train acc = 97.705, test acc = 91.38, best acc =91.44
Epoch progress: 14/50, train loss = 0.06147494533155114, train acc = 97.86, test acc = 91.23, best acc =91.44
epoch 15/50 
Epoch progress: 15/50, train loss = 0.056471791800049444, train acc = 97.895, test acc = 91.08, best acc =91.44
Epoch progress: 15/50, train loss = 0.05417568847145885, train acc = 98.04333333333334, test acc = 91.36, best acc =91.44
epoch 16/50 
Epoch progress: 16/50, train loss = 0.06348321669491318, train acc = 97.66, test acc = 91.14, best acc =91.44
Epoch progress: 16/50, train loss = 0.05587482926730687, train acc = 97.96, test acc = 90.9, best acc =91.44
epoch 17/50 
Epoch progress: 17/50, train loss = 0.05056225026709338, train acc = 98.18333333333334, test acc = 91.64, best acc =91.64
epoch 18/50 
Epoch progress: 18/50, train loss = 0.047679476611378294, train acc = 98.32, test acc = 91.38, best acc =91.64
Epoch progress: 18/50, train loss = 0.04795353437124286, train acc = 98.245, test acc = 90.97, best acc =91.64
epoch 19/50 
Epoch progress: 19/50, train loss = 0.04843778654998168, train acc = 98.19333333333333, test acc = 91.02, best acc =91.64
Epoch progress: 19/50, train loss = 0.04470897251714487, train acc = 98.42166666666667, test acc = 91.42, best acc =91.64
epoch 20/50 
Epoch progress: 20/50, train loss = 0.031319620287480456, train acc = 98.98166666666667, test acc = 91.43, best acc =91.64
Epoch progress: 20/50, train loss = 0.026179250283003785, train acc = 99.245, test acc = 91.21, best acc =91.64
epoch 21/50 
Epoch progress: 21/50, train loss = 0.023161721929484822, train acc = 99.29666666666667, test acc = 91.55, best acc =91.64
Epoch progress: 21/50, train loss = 0.02259174605391454, train acc = 99.29166666666667, test acc = 91.58, best acc =91.64
epoch 22/50 
Epoch progress: 22/50, train loss = 0.022213835706957615, train acc = 99.305, test acc = 91.39, best acc =91.64
Epoch progress: 22/50, train loss = 0.02203262339194383, train acc = 99.27, test acc = 91.42, best acc =91.64
epoch 23/50 
Epoch progress: 23/50, train loss = 0.019378815972203544, train acc = 99.43166666666667, test acc = 91.51, best acc =91.64
epoch 24/50 
Epoch progress: 24/50, train loss = 0.01742002941336638, train acc = 99.56833333333333, test acc = 91.5, best acc =91.64
Epoch progress: 24/50, train loss = 0.017361267398726583, train acc = 99.48833333333333, test acc = 91.64, best acc =91.64
epoch 25/50 
Epoch progress: 25/50, train loss = 0.015249942809603333, train acc = 99.595, test acc = 91.68, best acc =91.68
Epoch progress: 25/50, train loss = 0.01609417006989485, train acc = 99.56333333333333, test acc = 91.45, best acc =91.68
epoch 26/50 
Epoch progress: 26/50, train loss = 0.01737226037142876, train acc = 99.46666666666667, test acc = 91.61, best acc =91.68
Epoch progress: 26/50, train loss = 0.015097253286916142, train acc = 99.645, test acc = 91.59, best acc =91.68
epoch 27/50 
Epoch progress: 27/50, train loss = 0.013010494744967098, train acc = 99.675, test acc = 91.55, best acc =91.68
Epoch progress: 27/50, train loss = 0.013982986094849183, train acc = 99.67333333333333, test acc = 91.49, best acc =91.68
epoch 28/50 
Epoch progress: 28/50, train loss = 0.013621346666335013, train acc = 99.63, test acc = 91.26, best acc =91.68
Epoch progress: 28/50, train loss = 0.01290602200788356, train acc = 99.66833333333334, test acc = 91.58, best acc =91.68
epoch 29/50 
Epoch progress: 29/50, train loss = 0.012463352387053844, train acc = 99.65666666666667, test acc = 91.64, best acc =91.68
epoch 30/50 
Epoch progress: 30/50, train loss = 0.01065867986753583, train acc = 99.80166666666666, test acc = 91.56, best acc =91.68
Epoch progress: 30/50, train loss = 0.009661472470516855, train acc = 99.80333333333333, test acc = 91.69, best acc =91.69
epoch 31/50 
Epoch progress: 31/50, train loss = 0.008586045076636947, train acc = 99.84166666666667, test acc = 91.86, best acc =91.86
Epoch progress: 31/50, train loss = 0.008347166291464236, train acc = 99.84333333333333, test acc = 91.89, best acc =91.89
epoch 32/50 
Epoch progress: 32/50, train loss = 0.008402422877445739, train acc = 99.85166666666667, test acc = 91.68, best acc =91.89
Epoch progress: 32/50, train loss = 0.008061039776187924, train acc = 99.86166666666666, test acc = 91.64, best acc =91.89
epoch 33/50 
Epoch progress: 33/50, train loss = 0.007497844584862468, train acc = 99.87333333333333, test acc = 91.75, best acc =91.89
Epoch progress: 33/50, train loss = 0.006987914684457549, train acc = 99.90333333333334, test acc = 91.76, best acc =91.89
epoch 34/50 
Epoch progress: 34/50, train loss = 0.0077692304063200325, train acc = 99.87333333333333, test acc = 91.45, best acc =91.89
Epoch progress: 34/50, train loss = 0.006988305094691653, train acc = 99.90833333333333, test acc = 91.89, best acc =91.89
epoch 35/50 
Epoch progress: 35/50, train loss = 0.006684300254633612, train acc = 99.92, test acc = 91.74, best acc =91.89
epoch 36/50 
Epoch progress: 36/50, train loss = 0.0069570114550009145, train acc = 99.9, test acc = 91.66, best acc =91.89
Epoch progress: 36/50, train loss = 0.00671648167684131, train acc = 99.88666666666667, test acc = 91.6, best acc =91.89
epoch 37/50 
Epoch progress: 37/50, train loss = 0.006740541798252768, train acc = 99.89, test acc = 91.83, best acc =91.89
Epoch progress: 37/50, train loss = 0.006695073277355793, train acc = 99.90666666666667, test acc = 91.66, best acc =91.89
epoch 38/50 
Epoch progress: 38/50, train loss = 0.006632691862335196, train acc = 99.9, test acc = 91.83, best acc =91.89
Epoch progress: 38/50, train loss = 0.0064128281166310145, train acc = 99.92166666666667, test acc = 91.8, best acc =91.89
epoch 39/50 
Epoch progress: 39/50, train loss = 0.0066489042902913445, train acc = 99.90166666666667, test acc = 91.87, best acc =91.89
Epoch progress: 39/50, train loss = 0.006297603144853686, train acc = 99.91, test acc = 91.96, best acc =91.96
epoch 40/50 
Epoch progress: 40/50, train loss = 0.006185850707442538, train acc = 99.91, test acc = 91.6, best acc =91.96
Epoch progress: 40/50, train loss = 0.005606759715140409, train acc = 99.93, test acc = 91.74, best acc =91.96
epoch 41/50 
Epoch progress: 41/50, train loss = 0.005616578011083887, train acc = 99.915, test acc = 91.91, best acc =91.96
epoch 42/50 
Epoch progress: 42/50, train loss = 0.005789108924726801, train acc = 99.935, test acc = 91.74, best acc =91.96
Epoch progress: 42/50, train loss = 0.005437362719399486, train acc = 99.94333333333333, test acc = 91.68, best acc =91.96
epoch 43/50 
Epoch progress: 43/50, train loss = 0.005359902335849862, train acc = 99.95833333333333, test acc = 91.7, best acc =91.96
Epoch progress: 43/50, train loss = 0.005347823914216133, train acc = 99.925, test acc = 91.72, best acc =91.96
epoch 44/50 
Epoch progress: 44/50, train loss = 0.005172172723863817, train acc = 99.945, test acc = 91.56, best acc =91.96
Epoch progress: 44/50, train loss = 0.005112726740531555, train acc = 99.94666666666667, test acc = 91.89, best acc =91.96
epoch 45/50 
Epoch progress: 45/50, train loss = 0.005175111168600657, train acc = 99.94, test acc = 91.73, best acc =91.96
Epoch progress: 45/50, train loss = 0.004905811893869153, train acc = 99.95666666666666, test acc = 91.64, best acc =91.96
epoch 46/50 
Epoch progress: 46/50, train loss = 0.005161173312380076, train acc = 99.935, test acc = 91.94, best acc =91.96
Epoch progress: 46/50, train loss = 0.005123772496233262, train acc = 99.94333333333333, test acc = 91.86, best acc =91.96
epoch 47/50 
Epoch progress: 47/50, train loss = 0.0053444237815352, train acc = 99.925, test acc = 91.92, best acc =91.96
epoch 48/50 
Epoch progress: 48/50, train loss = 0.005031042127890396, train acc = 99.95333333333333, test acc = 91.83, best acc =91.96
Epoch progress: 48/50, train loss = 0.005240677778720662, train acc = 99.93666666666667, test acc = 91.62, best acc =91.96
epoch 49/50 
Epoch progress: 49/50, train loss = 0.005049051897761698, train acc = 99.94666666666667, test acc = 91.92, best acc =91.96
Epoch progress: 49/50, train loss = 0.004678805175344557, train acc = 99.94666666666667, test acc = 91.79, best acc =91.96
