Namespace(conf='configs/hobbes_config.yaml', dir='result_dumps/client_sampling/fmnist/bs_32/', n_repeat=1, o='osgd_80', pipeline='loss', train_mode='vanilla')
---- Fetching configs and Initializing stuff -----
Loading Model: lenet
----------------------------
LeNet(
  (max_pool): MaxPool2d(kernel_size=(2, 2), stride=(2, 2), padding=0, dilation=1, ceil_mode=False)
  (conv1): Conv2d(1, 64, kernel_size=(5, 5), stride=(1, 1))
  (conv2): Conv2d(64, 64, kernel_size=(5, 5), stride=(1, 1))
  (fc1): Linear(in_features=1024, out_features=1024, bias=True)
  (fc2): Linear(in_features=1024, out_features=10, bias=True)
)
No compression specified or compression operator Not implemented ~ running without jacobian compression
--------------------------------
Initializing mean GAR
--------------------------------
Num of Batches in Train Loader = 1875
epoch 0/50 
Epoch progress: 0/50, train loss = 2.3008677019755046, train acc = 12.18, test acc = 11.92, best acc =11.92
Epoch progress: 0/50, train loss = 0.5382970479647319, train acc = 79.96833333333333, test acc = 79.1, best acc =79.1
Epoch progress: 0/50, train loss = 0.4005671523610751, train acc = 85.435, test acc = 84.56, best acc =84.56
Epoch progress: 0/50, train loss = 0.338058505098025, train acc = 87.41333333333333, test acc = 86.3, best acc =86.3
epoch 1/50 
Epoch progress: 1/50, train loss = 0.30535227152109146, train acc = 88.90666666666667, test acc = 87.46, best acc =87.46
Epoch progress: 1/50, train loss = 0.2919742193132639, train acc = 89.19, test acc = 87.61, best acc =87.61
Epoch progress: 1/50, train loss = 0.28531685620745023, train acc = 89.64333333333333, test acc = 87.89, best acc =87.89
Epoch progress: 1/50, train loss = 0.2750701417118311, train acc = 89.89833333333333, test acc = 88.42, best acc =88.42
epoch 2/50 
Epoch progress: 2/50, train loss = 0.26821825680732725, train acc = 90.12666666666667, test acc = 88.46, best acc =88.46
Epoch progress: 2/50, train loss = 0.26952436105211575, train acc = 90.04833333333333, test acc = 88.13, best acc =88.46
Epoch progress: 2/50, train loss = 0.25289619997839136, train acc = 90.68333333333334, test acc = 88.84, best acc =88.84
Epoch progress: 2/50, train loss = 0.23454154586990675, train acc = 91.43833333333333, test acc = 89.39, best acc =89.39
epoch 3/50 
Epoch progress: 3/50, train loss = 0.2338696376224359, train acc = 91.295, test acc = 89.22, best acc =89.39
Epoch progress: 3/50, train loss = 0.24055906279087066, train acc = 91.21333333333334, test acc = 89.3, best acc =89.39
Epoch progress: 3/50, train loss = 0.22263563362161318, train acc = 91.74333333333334, test acc = 89.25, best acc =89.39
epoch 4/50 
Epoch progress: 4/50, train loss = 0.23466160026987393, train acc = 91.085, test acc = 88.32, best acc =89.39
Epoch progress: 4/50, train loss = 0.2134404410406947, train acc = 92.02666666666667, test acc = 89.64, best acc =89.64
Epoch progress: 4/50, train loss = 0.22605506431187192, train acc = 91.66333333333333, test acc = 89.2, best acc =89.64
Epoch progress: 4/50, train loss = 0.20902780433098475, train acc = 92.08833333333334, test acc = 89.24, best acc =89.64
epoch 5/50 
Epoch progress: 5/50, train loss = 0.19572348605891068, train acc = 92.68833333333333, test acc = 90.3, best acc =90.3
Epoch progress: 5/50, train loss = 0.18745715779761474, train acc = 93.04833333333333, test acc = 89.91, best acc =90.3
Epoch progress: 5/50, train loss = 0.18238252461378773, train acc = 93.16666666666667, test acc = 90.18, best acc =90.3
Epoch progress: 5/50, train loss = 0.17536065109223128, train acc = 93.28166666666667, test acc = 90.07, best acc =90.3
epoch 6/50 
Epoch progress: 6/50, train loss = 0.18663633379340172, train acc = 93.04333333333334, test acc = 89.67, best acc =90.3
Epoch progress: 6/50, train loss = 0.17904326499924064, train acc = 93.30666666666667, test acc = 90.35, best acc =90.35
Epoch progress: 6/50, train loss = 0.18351162639607985, train acc = 93.16833333333334, test acc = 89.54, best acc =90.35
Epoch progress: 6/50, train loss = 0.19515679190953572, train acc = 92.64666666666666, test acc = 89.63, best acc =90.35
epoch 7/50 
Epoch progress: 7/50, train loss = 0.1834579912436505, train acc = 93.22, test acc = 89.84, best acc =90.35
Epoch progress: 7/50, train loss = 0.16574668704370657, train acc = 93.84166666666667, test acc = 90.58, best acc =90.58
Epoch progress: 7/50, train loss = 0.17152410734246173, train acc = 93.53, test acc = 89.67, best acc =90.58
epoch 8/50 
Epoch progress: 8/50, train loss = 0.1600872549345096, train acc = 94.01166666666667, test acc = 90.52, best acc =90.58
Epoch progress: 8/50, train loss = 0.1484337516994526, train acc = 94.50166666666667, test acc = 90.52, best acc =90.58
Epoch progress: 8/50, train loss = 0.159392801609387, train acc = 94.00833333333334, test acc = 90.36, best acc =90.58
Epoch progress: 8/50, train loss = 0.15567053727110228, train acc = 94.25333333333333, test acc = 90.08, best acc =90.58
epoch 9/50 
Epoch progress: 9/50, train loss = 0.14869320083310206, train acc = 94.32166666666667, test acc = 90.13, best acc =90.58
Epoch progress: 9/50, train loss = 0.13800266161983213, train acc = 94.815, test acc = 90.11, best acc =90.58
Epoch progress: 9/50, train loss = 0.13166831733894846, train acc = 95.23333333333333, test acc = 90.83, best acc =90.83
Epoch progress: 9/50, train loss = 0.1480045040446023, train acc = 94.45333333333333, test acc = 90.2, best acc =90.83
epoch 10/50 
Epoch progress: 10/50, train loss = 0.11021661401713888, train acc = 95.91666666666667, test acc = 91.17, best acc =91.17
Epoch progress: 10/50, train loss = 0.09900589778895179, train acc = 96.41333333333333, test acc = 91.38, best acc =91.38
Epoch progress: 10/50, train loss = 0.1054682390662531, train acc = 95.93833333333333, test acc = 90.82, best acc =91.38
Epoch progress: 10/50, train loss = 0.10555725533353785, train acc = 96.14833333333333, test acc = 91.22, best acc =91.38
epoch 11/50 
Epoch progress: 11/50, train loss = 0.09030484095613162, train acc = 96.58333333333333, test acc = 91.15, best acc =91.38
Epoch progress: 11/50, train loss = 0.08678555093463511, train acc = 96.77166666666666, test acc = 91.22, best acc =91.38
Epoch progress: 11/50, train loss = 0.08288918195605899, train acc = 96.92, test acc = 91.37, best acc =91.38
epoch 12/50 
Epoch progress: 12/50, train loss = 0.08240542776522537, train acc = 96.95, test acc = 91.7, best acc =91.7
Epoch progress: 12/50, train loss = 0.08077981330237041, train acc = 97.09, test acc = 91.18, best acc =91.7
Epoch progress: 12/50, train loss = 0.0751049532529898, train acc = 97.28333333333333, test acc = 91.51, best acc =91.7
Epoch progress: 12/50, train loss = 0.07382167174338053, train acc = 97.38, test acc = 91.33, best acc =91.7
epoch 13/50 
Epoch progress: 13/50, train loss = 0.07143818056614448, train acc = 97.34666666666666, test acc = 91.29, best acc =91.7
Epoch progress: 13/50, train loss = 0.067917858108071, train acc = 97.52833333333334, test acc = 91.3, best acc =91.7
Epoch progress: 13/50, train loss = 0.07055934702331822, train acc = 97.42, test acc = 91.16, best acc =91.7
Epoch progress: 13/50, train loss = 0.07404534058856467, train acc = 97.33333333333333, test acc = 91.41, best acc =91.7
epoch 14/50 
Epoch progress: 14/50, train loss = 0.06370787946494917, train acc = 97.67833333333333, test acc = 91.51, best acc =91.7
Epoch progress: 14/50, train loss = 0.05874302933893632, train acc = 97.865, test acc = 91.49, best acc =91.7
Epoch progress: 14/50, train loss = 0.06248505915344382, train acc = 97.685, test acc = 91.28, best acc =91.7
Epoch progress: 14/50, train loss = 0.06430061052997287, train acc = 97.67166666666667, test acc = 91.12, best acc =91.7
epoch 15/50 
Epoch progress: 15/50, train loss = 0.05770644370548737, train acc = 97.91, test acc = 91.48, best acc =91.7
Epoch progress: 15/50, train loss = 0.05878117927716424, train acc = 97.85666666666667, test acc = 91.32, best acc =91.7
Epoch progress: 15/50, train loss = 0.057990915703354406, train acc = 97.94833333333334, test acc = 91.19, best acc =91.7
epoch 16/50 
Epoch progress: 16/50, train loss = 0.06163545406317959, train acc = 97.705, test acc = 91.48, best acc =91.7
Epoch progress: 16/50, train loss = 0.05244676932628111, train acc = 98.14166666666667, test acc = 91.62, best acc =91.7
Epoch progress: 16/50, train loss = 0.05613657709149023, train acc = 97.9, test acc = 91.39, best acc =91.7
Epoch progress: 16/50, train loss = 0.058233459023681156, train acc = 97.88666666666667, test acc = 91.48, best acc =91.7
epoch 17/50 
Epoch progress: 17/50, train loss = 0.0480931097132309, train acc = 98.29833333333333, test acc = 91.62, best acc =91.7
Epoch progress: 17/50, train loss = 0.054219852459205624, train acc = 97.955, test acc = 91.45, best acc =91.7
Epoch progress: 17/50, train loss = 0.05351885445031027, train acc = 98.10666666666667, test acc = 91.32, best acc =91.7
Epoch progress: 17/50, train loss = 0.050340605130962404, train acc = 98.18666666666667, test acc = 91.09, best acc =91.7
epoch 18/50 
Epoch progress: 18/50, train loss = 0.04507063034768216, train acc = 98.41666666666667, test acc = 91.18, best acc =91.7
Epoch progress: 18/50, train loss = 0.051075465167763956, train acc = 97.97666666666667, test acc = 91.27, best acc =91.7
Epoch progress: 18/50, train loss = 0.057701820625395826, train acc = 97.78, test acc = 90.57, best acc =91.7
Epoch progress: 18/50, train loss = 0.06169318953091279, train acc = 97.66666666666667, test acc = 90.65, best acc =91.7
epoch 19/50 
Epoch progress: 19/50, train loss = 0.04451509448930931, train acc = 98.44166666666666, test acc = 91.17, best acc =91.7
Epoch progress: 19/50, train loss = 0.04701191069597068, train acc = 98.27833333333334, test acc = 91.04, best acc =91.7
Epoch progress: 19/50, train loss = 0.05258136366304631, train acc = 98.03833333333333, test acc = 90.72, best acc =91.7
epoch 20/50 
Epoch progress: 20/50, train loss = 0.04357865778488728, train acc = 98.36166666666666, test acc = 91.26, best acc =91.7
Epoch progress: 20/50, train loss = 0.029487023973992714, train acc = 99.01333333333334, test acc = 91.56, best acc =91.7
Epoch progress: 20/50, train loss = 0.028796240568820696, train acc = 99.08666666666667, test acc = 91.83, best acc =91.83
Epoch progress: 20/50, train loss = 0.025811308016820113, train acc = 99.21, test acc = 91.72, best acc =91.83
epoch 21/50 
Epoch progress: 21/50, train loss = 0.025233737100668563, train acc = 99.19666666666667, test acc = 91.87, best acc =91.87
Epoch progress: 21/50, train loss = 0.023339943102037068, train acc = 99.245, test acc = 91.85, best acc =91.87
Epoch progress: 21/50, train loss = 0.021604376770726717, train acc = 99.33, test acc = 91.7, best acc =91.87
Epoch progress: 21/50, train loss = 0.020660638933279553, train acc = 99.37333333333333, test acc = 91.61, best acc =91.87
epoch 22/50 
Epoch progress: 22/50, train loss = 0.02209814953749786, train acc = 99.26166666666667, test acc = 91.86, best acc =91.87
Epoch progress: 22/50, train loss = 0.019686927801085403, train acc = 99.46333333333334, test acc = 91.73, best acc =91.87
Epoch progress: 22/50, train loss = 0.02509575128998064, train acc = 99.16666666666667, test acc = 91.62, best acc =91.87
Epoch progress: 22/50, train loss = 0.01953690441464035, train acc = 99.42, test acc = 91.57, best acc =91.87
epoch 23/50 
Epoch progress: 23/50, train loss = 0.01827115338728472, train acc = 99.45333333333333, test acc = 91.83, best acc =91.87
Epoch progress: 23/50, train loss = 0.016974097876976398, train acc = 99.49833333333333, test acc = 91.78, best acc =91.87
Epoch progress: 23/50, train loss = 0.019865191848839944, train acc = 99.375, test acc = 91.88, best acc =91.88
epoch 24/50 
Epoch progress: 24/50, train loss = 0.016979405866815067, train acc = 99.565, test acc = 91.75, best acc =91.88
Epoch progress: 24/50, train loss = 0.01705218699608619, train acc = 99.50666666666666, test acc = 91.87, best acc =91.88
Epoch progress: 24/50, train loss = 0.01619913517155025, train acc = 99.52166666666666, test acc = 91.77, best acc =91.88
Epoch progress: 24/50, train loss = 0.018084599889599484, train acc = 99.44, test acc = 91.79, best acc =91.88
epoch 25/50 
Epoch progress: 25/50, train loss = 0.014618042250883203, train acc = 99.60333333333334, test acc = 91.9, best acc =91.9
Epoch progress: 25/50, train loss = 0.016038579178135844, train acc = 99.53166666666667, test acc = 91.94, best acc =91.94
Epoch progress: 25/50, train loss = 0.01574267397119353, train acc = 99.53333333333333, test acc = 91.62, best acc =91.94
Epoch progress: 25/50, train loss = 0.017376723687553993, train acc = 99.46333333333334, test acc = 91.71, best acc =91.94
epoch 26/50 
Epoch progress: 26/50, train loss = 0.015062682003809216, train acc = 99.565, test acc = 91.75, best acc =91.94
Epoch progress: 26/50, train loss = 0.013369338312666028, train acc = 99.65666666666667, test acc = 91.8, best acc =91.94
Epoch progress: 26/50, train loss = 0.01448226633277615, train acc = 99.58333333333333, test acc = 92.01, best acc =92.01
Epoch progress: 26/50, train loss = 0.014025161402406713, train acc = 99.59, test acc = 91.83, best acc =92.01
epoch 27/50 
Epoch progress: 27/50, train loss = 0.012991233516437934, train acc = 99.63333333333334, test acc = 91.64, best acc =92.01
Epoch progress: 27/50, train loss = 0.013702953485253966, train acc = 99.60666666666667, test acc = 91.64, best acc =92.01
Epoch progress: 27/50, train loss = 0.01390825781909795, train acc = 99.57833333333333, test acc = 91.79, best acc =92.01
epoch 28/50 
Epoch progress: 28/50, train loss = 0.01366865365390404, train acc = 99.60666666666667, test acc = 91.71, best acc =92.01
Epoch progress: 28/50, train loss = 0.012875227772731644, train acc = 99.67833333333333, test acc = 91.65, best acc =92.01
Epoch progress: 28/50, train loss = 0.011531604480791914, train acc = 99.74, test acc = 91.64, best acc =92.01
Epoch progress: 28/50, train loss = 0.012391217485257464, train acc = 99.67666666666666, test acc = 91.85, best acc =92.01
epoch 29/50 
Epoch progress: 29/50, train loss = 0.01260043481627945, train acc = 99.66, test acc = 91.66, best acc =92.01
Epoch progress: 29/50, train loss = 0.01134876883525867, train acc = 99.75, test acc = 91.67, best acc =92.01
Epoch progress: 29/50, train loss = 0.012087195659762559, train acc = 99.71666666666667, test acc = 91.89, best acc =92.01
Epoch progress: 29/50, train loss = 0.010540437144592822, train acc = 99.73166666666667, test acc = 91.76, best acc =92.01
epoch 30/50 
Epoch progress: 30/50, train loss = 0.009612280270720657, train acc = 99.78833333333333, test acc = 91.7, best acc =92.01
Epoch progress: 30/50, train loss = 0.008732940751585799, train acc = 99.79833333333333, test acc = 91.88, best acc =92.01
Epoch progress: 30/50, train loss = 0.008447110502514382, train acc = 99.83166666666666, test acc = 91.82, best acc =92.01
Epoch progress: 30/50, train loss = 0.008422188136731469, train acc = 99.82333333333334, test acc = 91.99, best acc =92.01
epoch 31/50 
Epoch progress: 31/50, train loss = 0.008277025087207828, train acc = 99.83333333333333, test acc = 91.76, best acc =92.01
Epoch progress: 31/50, train loss = 0.007933977397189058, train acc = 99.83333333333333, test acc = 92.08, best acc =92.08
Epoch progress: 31/50, train loss = 0.008283174397834228, train acc = 99.815, test acc = 91.96, best acc =92.08
epoch 32/50 
Epoch progress: 32/50, train loss = 0.007540566113749325, train acc = 99.85166666666667, test acc = 91.8, best acc =92.08
Epoch progress: 32/50, train loss = 0.0076976684942599, train acc = 99.85666666666667, test acc = 91.75, best acc =92.08
Epoch progress: 32/50, train loss = 0.00740253015254566, train acc = 99.85333333333334, test acc = 91.98, best acc =92.08
Epoch progress: 32/50, train loss = 0.007873905932037935, train acc = 99.855, test acc = 91.77, best acc =92.08
epoch 33/50 
Epoch progress: 33/50, train loss = 0.006786276187052135, train acc = 99.89833333333333, test acc = 91.97, best acc =92.08
Epoch progress: 33/50, train loss = 0.007517646299769088, train acc = 99.86, test acc = 91.84, best acc =92.08
Epoch progress: 33/50, train loss = 0.006892531504462265, train acc = 99.87666666666667, test acc = 91.67, best acc =92.08
Epoch progress: 33/50, train loss = 0.007623128762466755, train acc = 99.855, test acc = 91.9, best acc =92.08
epoch 34/50 
Epoch progress: 34/50, train loss = 0.0073021596370245485, train acc = 99.87, test acc = 91.81, best acc =92.08
Epoch progress: 34/50, train loss = 0.007010033404666804, train acc = 99.88, test acc = 91.87, best acc =92.08
Epoch progress: 34/50, train loss = 0.006977753146386385, train acc = 99.88833333333334, test acc = 91.95, best acc =92.08
Epoch progress: 34/50, train loss = 0.007093734808524581, train acc = 99.875, test acc = 91.82, best acc =92.08
epoch 35/50 
Epoch progress: 35/50, train loss = 0.0071477892968704205, train acc = 99.82833333333333, test acc = 91.91, best acc =92.08
Epoch progress: 35/50, train loss = 0.006687895495468789, train acc = 99.89333333333333, test acc = 92.06, best acc =92.08
Epoch progress: 35/50, train loss = 0.007503601788172576, train acc = 99.86166666666666, test acc = 91.77, best acc =92.08
epoch 36/50 
Epoch progress: 36/50, train loss = 0.006332846241993441, train acc = 99.905, test acc = 91.76, best acc =92.08
Epoch progress: 36/50, train loss = 0.006752435870770326, train acc = 99.86333333333333, test acc = 92.01, best acc =92.08
Epoch progress: 36/50, train loss = 0.006712137309289149, train acc = 99.86333333333333, test acc = 91.9, best acc =92.08
Epoch progress: 36/50, train loss = 0.006607845885341279, train acc = 99.885, test acc = 91.74, best acc =92.08
epoch 37/50 
Epoch progress: 37/50, train loss = 0.00664767712973844, train acc = 99.88833333333334, test acc = 91.85, best acc =92.08
Epoch progress: 37/50, train loss = 0.00646636766174197, train acc = 99.89666666666666, test acc = 91.79, best acc =92.08
Epoch progress: 37/50, train loss = 0.006570274981856346, train acc = 99.885, test acc = 91.95, best acc =92.08
Epoch progress: 37/50, train loss = 0.006610607898671878, train acc = 99.86666666666666, test acc = 91.76, best acc =92.08
epoch 38/50 
Epoch progress: 38/50, train loss = 0.006251969903301263, train acc = 99.895, test acc = 91.8, best acc =92.08
Epoch progress: 38/50, train loss = 0.006146919525086802, train acc = 99.89, test acc = 91.88, best acc =92.08
Epoch progress: 38/50, train loss = 0.0057840378646986206, train acc = 99.91833333333334, test acc = 92.09, best acc =92.09
Epoch progress: 38/50, train loss = 0.005923869217533502, train acc = 99.9, test acc = 91.97, best acc =92.09
epoch 39/50 
Epoch progress: 39/50, train loss = 0.005835961109770384, train acc = 99.91, test acc = 91.9, best acc =92.09
Epoch progress: 39/50, train loss = 0.0060313641857013866, train acc = 99.92, test acc = 91.86, best acc =92.09
Epoch progress: 39/50, train loss = 0.006380234633616056, train acc = 99.87333333333333, test acc = 91.89, best acc =92.09
epoch 40/50 
Epoch progress: 40/50, train loss = 0.005753275598451971, train acc = 99.91166666666666, test acc = 92.04, best acc =92.09
Epoch progress: 40/50, train loss = 0.005649547406988859, train acc = 99.92166666666667, test acc = 91.92, best acc =92.09
Epoch progress: 40/50, train loss = 0.005122761844241662, train acc = 99.92333333333333, test acc = 91.91, best acc =92.09
Epoch progress: 40/50, train loss = 0.005182906393165467, train acc = 99.935, test acc = 91.95, best acc =92.09
epoch 41/50 
Epoch progress: 41/50, train loss = 0.005364140473482621, train acc = 99.92833333333333, test acc = 92.03, best acc =92.09
Epoch progress: 41/50, train loss = 0.004999779611735721, train acc = 99.94, test acc = 91.97, best acc =92.09
Epoch progress: 41/50, train loss = 0.00531289773608975, train acc = 99.91333333333333, test acc = 91.85, best acc =92.09
Epoch progress: 41/50, train loss = 0.004946456932236227, train acc = 99.93833333333333, test acc = 91.76, best acc =92.09
epoch 42/50 
Epoch progress: 42/50, train loss = 0.005056450633489779, train acc = 99.93166666666667, test acc = 91.73, best acc =92.09
Epoch progress: 42/50, train loss = 0.005125885233340826, train acc = 99.92, test acc = 91.86, best acc =92.09
Epoch progress: 42/50, train loss = 0.005056743586303461, train acc = 99.94, test acc = 91.83, best acc =92.09
Epoch progress: 42/50, train loss = 0.004907658486945972, train acc = 99.945, test acc = 91.88, best acc =92.09
epoch 43/50 
Epoch progress: 43/50, train loss = 0.004829891153539453, train acc = 99.935, test acc = 91.91, best acc =92.09
Epoch progress: 43/50, train loss = 0.004820530313054042, train acc = 99.94166666666666, test acc = 91.92, best acc =92.09
Epoch progress: 43/50, train loss = 0.0048981240160152085, train acc = 99.93166666666667, test acc = 91.88, best acc =92.09
epoch 44/50 
Epoch progress: 44/50, train loss = 0.005141533262174926, train acc = 99.93166666666667, test acc = 91.79, best acc =92.09
Epoch progress: 44/50, train loss = 0.004742521600968515, train acc = 99.94333333333333, test acc = 91.84, best acc =92.09
Epoch progress: 44/50, train loss = 0.005058468400122486, train acc = 99.91333333333333, test acc = 91.78, best acc =92.09
Epoch progress: 44/50, train loss = 0.005113916046591476, train acc = 99.91, test acc = 91.76, best acc =92.09
epoch 45/50 
Epoch progress: 45/50, train loss = 0.004922553006988892, train acc = 99.935, test acc = 91.68, best acc =92.09
Epoch progress: 45/50, train loss = 0.004585586277129187, train acc = 99.94666666666667, test acc = 92.05, best acc =92.09
Epoch progress: 45/50, train loss = 0.004898952401932668, train acc = 99.92166666666667, test acc = 91.84, best acc =92.09
Epoch progress: 45/50, train loss = 0.004734398368482107, train acc = 99.93833333333333, test acc = 91.92, best acc =92.09
epoch 46/50 
Epoch progress: 46/50, train loss = 0.004856000491994201, train acc = 99.93666666666667, test acc = 91.88, best acc =92.09
Epoch progress: 46/50, train loss = 0.004914066666123957, train acc = 99.92833333333333, test acc = 91.7, best acc =92.09
Epoch progress: 46/50, train loss = 0.004963674557053309, train acc = 99.92833333333333, test acc = 91.91, best acc =92.09
Epoch progress: 46/50, train loss = 0.004622907956271471, train acc = 99.945, test acc = 91.95, best acc =92.09
epoch 47/50 
Epoch progress: 47/50, train loss = 0.004646951572115601, train acc = 99.935, test acc = 91.86, best acc =92.09
Epoch progress: 47/50, train loss = 0.004439566023780208, train acc = 99.955, test acc = 92.0, best acc =92.09
Epoch progress: 47/50, train loss = 0.004446736193854365, train acc = 99.95666666666666, test acc = 91.73, best acc =92.09
epoch 48/50 
Epoch progress: 48/50, train loss = 0.004672898224689804, train acc = 99.92666666666666, test acc = 91.61, best acc =92.09
Epoch progress: 48/50, train loss = 0.0044740351100304296, train acc = 99.955, test acc = 91.81, best acc =92.09
Epoch progress: 48/50, train loss = 0.004476318540965925, train acc = 99.94333333333333, test acc = 91.68, best acc =92.09
Epoch progress: 48/50, train loss = 0.004707853342033438, train acc = 99.93666666666667, test acc = 91.99, best acc =92.09
epoch 49/50 
Epoch progress: 49/50, train loss = 0.004417125346894075, train acc = 99.95833333333333, test acc = 91.94, best acc =92.09
Epoch progress: 49/50, train loss = 0.004563876384283261, train acc = 99.945, test acc = 91.79, best acc =92.09
Epoch progress: 49/50, train loss = 0.004446664926770124, train acc = 99.95, test acc = 91.86, best acc =92.09
Epoch progress: 49/50, train loss = 0.004394030694792309, train acc = 99.95166666666667, test acc = 91.9, best acc =92.09
