Namespace(conf='configs/hobbes_config.yaml', dir='result_dumps/client_sampling/fmnist/lenet/', n_repeat=1, o='a_osgd', pipeline='jacobian', train_mode='distributed')
---- Fetching configs and Initializing stuff -----
Loading Model: lenet
----------------------------
LeNet(
  (max_pool): MaxPool2d(kernel_size=(2, 2), stride=(2, 2), padding=0, dilation=1, ceil_mode=False)
  (conv1): Conv2d(1, 64, kernel_size=(5, 5), stride=(1, 1))
  (conv2): Conv2d(64, 64, kernel_size=(5, 5), stride=(1, 1))
  (fc1): Linear(in_features=1024, out_features=1024, bias=True)
  (fc2): Linear(in_features=1024, out_features=10, bias=True)
)
No compression specified or compression operator Not implemented ~ running without jacobian compression
--------------------------------
Initializing mean GAR
--------------------------------
Num of Batches in Train Loader = 1875
epoch 0/50 || learning rate: 0.01
Num of Parameters 1163978
Epoch progress: 0/50, train loss = 2.305937483851115, train acc = 9.788333333333334, test acc = 9.67
Epoch progress: 0/50, train loss = 0.5164717165470123, train acc = 80.43166666666667, test acc = 79.39
Epoch progress: 0/50, train loss = 0.39363775179783506, train acc = 85.87166666666667, test acc = 85.23
Epoch progress: 0/50, train loss = 0.3350320887287458, train acc = 87.76166666666667, test acc = 86.58
epoch 1/50 || learning rate: 0.009000000000000001
Epoch progress: 1/50, train loss = 0.3131868977745374, train acc = 88.74, test acc = 87.08
Epoch progress: 1/50, train loss = 0.28228512185812, train acc = 89.76833333333333, test acc = 88.21
Epoch progress: 1/50, train loss = 0.2728826391875744, train acc = 90.10166666666667, test acc = 88.68
Epoch progress: 1/50, train loss = 0.27299162375529606, train acc = 89.94666666666667, test acc = 88.46
epoch 2/50 || learning rate: 0.008100000000000001
Epoch progress: 2/50, train loss = 0.25306930830180646, train acc = 90.77666666666667, test acc = 88.97
Epoch progress: 2/50, train loss = 0.26676585685014725, train acc = 90.17166666666667, test acc = 88.24
Epoch progress: 2/50, train loss = 0.25200224595069887, train acc = 90.71333333333334, test acc = 88.69
Epoch progress: 2/50, train loss = 0.22675908866326014, train acc = 91.66166666666666, test acc = 89.67
epoch 3/50 || learning rate: 0.007290000000000001
Epoch progress: 3/50, train loss = 0.21595479291975497, train acc = 92.08833333333334, test acc = 89.77
Epoch progress: 3/50, train loss = 0.21673155918816725, train acc = 92.015, test acc = 90.09
Epoch progress: 3/50, train loss = 0.2110456839799881, train acc = 92.20833333333333, test acc = 89.96
epoch 4/50 || learning rate: 0.006561000000000002
Epoch progress: 4/50, train loss = 0.22075270123680432, train acc = 91.67833333333333, test acc = 89.1
Epoch progress: 4/50, train loss = 0.1925361746718486, train acc = 92.85, test acc = 90.4
Epoch progress: 4/50, train loss = 0.1886664429028829, train acc = 93.01833333333333, test acc = 90.88
Epoch progress: 4/50, train loss = 0.18326304638634125, train acc = 93.295, test acc = 90.4
epoch 5/50 || learning rate: 0.005904900000000002
Epoch progress: 5/50, train loss = 0.17240772039542596, train acc = 93.55833333333334, test acc = 90.65
Epoch progress: 5/50, train loss = 0.1678457566862305, train acc = 93.775, test acc = 90.71
Epoch progress: 5/50, train loss = 0.16544686004022757, train acc = 93.92833333333333, test acc = 90.54
Epoch progress: 5/50, train loss = 0.16230020879755416, train acc = 94.03, test acc = 90.56
epoch 6/50 || learning rate: 0.005314410000000002
Epoch progress: 6/50, train loss = 0.1483642337024212, train acc = 94.62333333333333, test acc = 91.4
Epoch progress: 6/50, train loss = 0.1489144833068053, train acc = 94.44833333333334, test acc = 91.11
Epoch progress: 6/50, train loss = 0.14692109460284314, train acc = 94.53333333333333, test acc = 90.67
Epoch progress: 6/50, train loss = 0.14790423387140036, train acc = 94.53166666666667, test acc = 91.19
epoch 7/50 || learning rate: 0.004782969000000002
Epoch progress: 7/50, train loss = 0.13818815821558236, train acc = 94.84166666666667, test acc = 91.17
Epoch progress: 7/50, train loss = 0.14020126203149558, train acc = 94.75166666666667, test acc = 90.95
Epoch progress: 7/50, train loss = 0.1396184758991003, train acc = 94.71166666666667, test acc = 90.9
epoch 8/50 || learning rate: 0.004304672100000002
Epoch progress: 8/50, train loss = 0.1291432822043697, train acc = 95.365, test acc = 91.08
Epoch progress: 8/50, train loss = 0.12535388106877604, train acc = 95.45166666666667, test acc = 91.13
Epoch progress: 8/50, train loss = 0.11965827552601695, train acc = 95.545, test acc = 91.4
Epoch progress: 8/50, train loss = 0.11126981578220924, train acc = 95.90666666666667, test acc = 91.52
epoch 9/50 || learning rate: 0.003874204890000002
Epoch progress: 9/50, train loss = 0.12136404694914818, train acc = 95.53333333333333, test acc = 91.0
Epoch progress: 9/50, train loss = 0.11356706405089548, train acc = 95.735, test acc = 91.35
Epoch progress: 9/50, train loss = 0.10803748817468684, train acc = 95.95666666666666, test acc = 91.61
Epoch progress: 9/50, train loss = 0.10598844229976336, train acc = 96.2, test acc = 91.1
updating sample fraction at step 18750 to 0.75
epoch 10/50 || learning rate: 0.003486784401000002
Epoch progress: 10/50, train loss = 0.10321964143365621, train acc = 96.24166666666666, test acc = 91.39
Epoch progress: 10/50, train loss = 0.09754622196462005, train acc = 96.41833333333334, test acc = 91.34
Epoch progress: 10/50, train loss = 0.11700243911221624, train acc = 95.45166666666667, test acc = 90.58
Epoch progress: 10/50, train loss = 0.12049399500787258, train acc = 95.52, test acc = 90.76
epoch 11/50 || learning rate: 0.003138105960900002
Epoch progress: 11/50, train loss = 0.09398974484714369, train acc = 96.56166666666667, test acc = 91.48
Epoch progress: 11/50, train loss = 0.09734407281577587, train acc = 96.27666666666667, test acc = 91.38
Epoch progress: 11/50, train loss = 0.08943400648459793, train acc = 96.79333333333334, test acc = 91.41
epoch 12/50 || learning rate: 0.0028242953648100018
Epoch progress: 12/50, train loss = 0.08992276231353172, train acc = 96.66333333333333, test acc = 91.36
Epoch progress: 12/50, train loss = 0.08625436892050008, train acc = 96.82833333333333, test acc = 91.63
Epoch progress: 12/50, train loss = 0.07898203625474125, train acc = 97.16833333333334, test acc = 91.56
Epoch progress: 12/50, train loss = 0.07929848944917321, train acc = 97.22, test acc = 91.58
epoch 13/50 || learning rate: 0.0025418658283290017
Epoch progress: 13/50, train loss = 0.07290479767263557, train acc = 97.44, test acc = 91.81
Epoch progress: 13/50, train loss = 0.07552295107829074, train acc = 97.24833333333333, test acc = 91.71
Epoch progress: 13/50, train loss = 0.07777008097314586, train acc = 97.18666666666667, test acc = 91.56
Epoch progress: 13/50, train loss = 0.06754691475133101, train acc = 97.57333333333334, test acc = 91.75
epoch 14/50 || learning rate: 0.0022876792454961017
Epoch progress: 14/50, train loss = 0.06279552161746348, train acc = 97.78333333333333, test acc = 92.13
Epoch progress: 14/50, train loss = 0.061008061898996435, train acc = 97.80833333333334, test acc = 92.0
Epoch progress: 14/50, train loss = 0.061249910539761185, train acc = 97.80833333333334, test acc = 91.44
Epoch progress: 14/50, train loss = 0.06358721295564125, train acc = 97.80333333333333, test acc = 91.14
epoch 15/50 || learning rate: 0.0020589113209464917
Epoch progress: 15/50, train loss = 0.058814764835188785, train acc = 97.90666666666667, test acc = 91.53
Epoch progress: 15/50, train loss = 0.056875079780258235, train acc = 98.01833333333333, test acc = 91.47
Epoch progress: 15/50, train loss = 0.055057938375455945, train acc = 98.06666666666666, test acc = 91.64
epoch 16/50 || learning rate: 0.0018530201888518425
Epoch progress: 16/50, train loss = 0.0624917600693802, train acc = 97.69833333333334, test acc = 91.5
Epoch progress: 16/50, train loss = 0.05072434690600882, train acc = 98.31333333333333, test acc = 91.9
Epoch progress: 16/50, train loss = 0.048962495531824725, train acc = 98.375, test acc = 92.1
Epoch progress: 16/50, train loss = 0.047961302391563855, train acc = 98.36666666666666, test acc = 91.77
epoch 17/50 || learning rate: 0.0016677181699666583
Epoch progress: 17/50, train loss = 0.04585605399104146, train acc = 98.40166666666667, test acc = 91.85
Epoch progress: 17/50, train loss = 0.042734581791966535, train acc = 98.53833333333333, test acc = 91.98
Epoch progress: 17/50, train loss = 0.0473524382137383, train acc = 98.33666666666667, test acc = 91.46
Epoch progress: 17/50, train loss = 0.04837350775226951, train acc = 98.25333333333333, test acc = 91.66
epoch 18/50 || learning rate: 0.0015009463529699924
Epoch progress: 18/50, train loss = 0.03962813954814337, train acc = 98.71166666666667, test acc = 91.86
Epoch progress: 18/50, train loss = 0.04036260473857013, train acc = 98.59333333333333, test acc = 91.7
Epoch progress: 18/50, train loss = 0.0396472795763053, train acc = 98.68166666666667, test acc = 91.62
Epoch progress: 18/50, train loss = 0.03844158630761473, train acc = 98.75666666666666, test acc = 91.73
epoch 19/50 || learning rate: 0.0013508517176729932
Epoch progress: 19/50, train loss = 0.035560163329277805, train acc = 98.86833333333334, test acc = 91.85
Epoch progress: 19/50, train loss = 0.036293217885028574, train acc = 98.75166666666667, test acc = 91.94
Epoch progress: 19/50, train loss = 0.03659720406529959, train acc = 98.80166666666666, test acc = 91.86
updating sample fraction at step 37500 to 0.5625
epoch 20/50 || learning rate: 0.001215766545905694
Epoch progress: 20/50, train loss = 0.03602863263526621, train acc = 98.84666666666666, test acc = 91.63
Epoch progress: 20/50, train loss = 0.03424955142280087, train acc = 98.87666666666667, test acc = 91.92
Epoch progress: 20/50, train loss = 0.034241276948619635, train acc = 98.935, test acc = 91.81
Epoch progress: 20/50, train loss = 0.03430665304341043, train acc = 98.86, test acc = 91.82
epoch 21/50 || learning rate: 0.0010941898913151245
Epoch progress: 21/50, train loss = 0.03312789580690054, train acc = 98.95166666666667, test acc = 91.85
Epoch progress: 21/50, train loss = 0.031250462428620084, train acc = 98.955, test acc = 92.08
Epoch progress: 21/50, train loss = 0.032030751909129324, train acc = 98.965, test acc = 91.46
Epoch progress: 21/50, train loss = 0.030277983729882788, train acc = 99.05, test acc = 91.81
epoch 22/50 || learning rate: 0.0009847709021836122
Epoch progress: 22/50, train loss = 0.030405998134682886, train acc = 98.97833333333334, test acc = 92.09
Epoch progress: 22/50, train loss = 0.03033473648977621, train acc = 99.02666666666667, test acc = 91.67
Epoch progress: 22/50, train loss = 0.03155079886578024, train acc = 98.93166666666667, test acc = 91.64
Epoch progress: 22/50, train loss = 0.026791120861517265, train acc = 99.17166666666667, test acc = 91.67
epoch 23/50 || learning rate: 0.0008862938119652509
Epoch progress: 23/50, train loss = 0.025054918596555946, train acc = 99.24833333333333, test acc = 91.88
Epoch progress: 23/50, train loss = 0.024663429261355972, train acc = 99.265, test acc = 91.88
Epoch progress: 23/50, train loss = 0.02560233317385816, train acc = 99.23333333333333, test acc = 91.99
epoch 24/50 || learning rate: 0.0007976644307687258
Epoch progress: 24/50, train loss = 0.023629117992931666, train acc = 99.3, test acc = 91.83
Epoch progress: 24/50, train loss = 0.02410960697887155, train acc = 99.295, test acc = 91.65
Epoch progress: 24/50, train loss = 0.0229276013485156, train acc = 99.335, test acc = 91.82
Epoch progress: 24/50, train loss = 0.023352441960705135, train acc = 99.29166666666667, test acc = 91.94
epoch 25/50 || learning rate: 0.0007178979876918532
Epoch progress: 25/50, train loss = 0.02203169344053992, train acc = 99.315, test acc = 91.93
Epoch progress: 25/50, train loss = 0.02120262980114591, train acc = 99.35666666666667, test acc = 91.88
Epoch progress: 25/50, train loss = 0.0203227725304896, train acc = 99.42166666666667, test acc = 91.81
Epoch progress: 25/50, train loss = 0.02035093464270079, train acc = 99.45166666666667, test acc = 91.96
epoch 26/50 || learning rate: 0.0006461081889226679
Epoch progress: 26/50, train loss = 0.01920483099477521, train acc = 99.49166666666666, test acc = 92.02
Epoch progress: 26/50, train loss = 0.01961956793331774, train acc = 99.435, test acc = 91.96
Epoch progress: 26/50, train loss = 0.01953359783436948, train acc = 99.47, test acc = 91.49
Epoch progress: 26/50, train loss = 0.018943427575340805, train acc = 99.48166666666667, test acc = 92.01
epoch 27/50 || learning rate: 0.0005814973700304011
Epoch progress: 27/50, train loss = 0.018802439930161927, train acc = 99.45, test acc = 91.93
Epoch progress: 27/50, train loss = 0.018100750376511134, train acc = 99.5, test acc = 91.99
Epoch progress: 27/50, train loss = 0.018780973921735614, train acc = 99.455, test acc = 92.15
epoch 28/50 || learning rate: 0.0005233476330273611
Epoch progress: 28/50, train loss = 0.017607789975641452, train acc = 99.53833333333333, test acc = 91.94
Epoch progress: 28/50, train loss = 0.01720613348602007, train acc = 99.54, test acc = 91.9
Epoch progress: 28/50, train loss = 0.017130499694213114, train acc = 99.52166666666666, test acc = 92.17
Epoch progress: 28/50, train loss = 0.016480345172955033, train acc = 99.575, test acc = 92.18
epoch 29/50 || learning rate: 0.000471012869724625
Epoch progress: 29/50, train loss = 0.01573105184463008, train acc = 99.615, test acc = 91.65
Epoch progress: 29/50, train loss = 0.015623836878764754, train acc = 99.58166666666666, test acc = 91.98
Epoch progress: 29/50, train loss = 0.0159963154833531, train acc = 99.59666666666666, test acc = 92.08
Epoch progress: 29/50, train loss = 0.015406170385757771, train acc = 99.615, test acc = 91.95
updating sample fraction at step 56250 to 0.421875
epoch 30/50 || learning rate: 0.0004239115827521625
Epoch progress: 30/50, train loss = 0.01796426702296594, train acc = 99.48, test acc = 92.02
Epoch progress: 30/50, train loss = 0.015353999492452324, train acc = 99.61833333333334, test acc = 91.72
Epoch progress: 30/50, train loss = 0.01584485895858767, train acc = 99.57333333333334, test acc = 92.0
Epoch progress: 30/50, train loss = 0.015886658211021375, train acc = 99.555, test acc = 92.02
epoch 31/50 || learning rate: 0.00038152042447694626
Epoch progress: 31/50, train loss = 0.015270746496275144, train acc = 99.58666666666667, test acc = 91.93
Epoch progress: 31/50, train loss = 0.01558583708239603, train acc = 99.60833333333333, test acc = 92.04
Epoch progress: 31/50, train loss = 0.014426470016464979, train acc = 99.66166666666666, test acc = 91.98
epoch 32/50 || learning rate: 0.00034336838202925164
Epoch progress: 32/50, train loss = 0.013990465817162961, train acc = 99.65666666666667, test acc = 91.89
Epoch progress: 32/50, train loss = 0.01392310409026298, train acc = 99.645, test acc = 91.94
Epoch progress: 32/50, train loss = 0.01521195803846543, train acc = 99.59, test acc = 91.88
Epoch progress: 32/50, train loss = 0.014586173604478244, train acc = 99.62666666666667, test acc = 91.84
epoch 33/50 || learning rate: 0.0003090315438263265
Epoch progress: 33/50, train loss = 0.012923218964004385, train acc = 99.7, test acc = 92.13
Epoch progress: 33/50, train loss = 0.013256075878523794, train acc = 99.71166666666667, test acc = 92.03
Epoch progress: 33/50, train loss = 0.013382393801259848, train acc = 99.68166666666667, test acc = 91.75
Epoch progress: 33/50, train loss = 0.013616847122611943, train acc = 99.66666666666667, test acc = 92.04
epoch 34/50 || learning rate: 0.00027812838944369386
Epoch progress: 34/50, train loss = 0.012559886092485007, train acc = 99.73166666666667, test acc = 91.99
Epoch progress: 34/50, train loss = 0.012655396089614563, train acc = 99.73833333333333, test acc = 91.82
Epoch progress: 34/50, train loss = 0.012530551510842633, train acc = 99.70166666666667, test acc = 92.12
Epoch progress: 34/50, train loss = 0.012195526703457775, train acc = 99.76, test acc = 92.05
epoch 35/50 || learning rate: 0.0002503155504993245
Epoch progress: 35/50, train loss = 0.011899973145043865, train acc = 99.755, test acc = 91.99
Epoch progress: 35/50, train loss = 0.012013959739356263, train acc = 99.74166666666666, test acc = 91.8
Epoch progress: 35/50, train loss = 0.012483023089907752, train acc = 99.71666666666667, test acc = 92.02
epoch 36/50 || learning rate: 0.00022528399544939206
Epoch progress: 36/50, train loss = 0.011919337011427463, train acc = 99.74, test acc = 91.95
Epoch progress: 36/50, train loss = 0.011648345321550733, train acc = 99.73833333333333, test acc = 91.97
Epoch progress: 36/50, train loss = 0.011531333349258785, train acc = 99.76, test acc = 92.03
Epoch progress: 36/50, train loss = 0.011546306455527277, train acc = 99.75666666666666, test acc = 91.73
epoch 37/50 || learning rate: 0.00020275559590445286
Epoch progress: 37/50, train loss = 0.011668993523478275, train acc = 99.73333333333333, test acc = 92.1
Epoch progress: 37/50, train loss = 0.011433760212140624, train acc = 99.76333333333334, test acc = 91.93
Epoch progress: 37/50, train loss = 0.011116028942614018, train acc = 99.74666666666667, test acc = 91.96
Epoch progress: 37/50, train loss = 0.01126728463488107, train acc = 99.74666666666667, test acc = 92.12
epoch 38/50 || learning rate: 0.00018248003631400757
Epoch progress: 38/50, train loss = 0.010981410659261746, train acc = 99.75833333333334, test acc = 92.03
Epoch progress: 38/50, train loss = 0.011221520614138959, train acc = 99.76666666666667, test acc = 92.03
Epoch progress: 38/50, train loss = 0.010953675818456396, train acc = 99.77166666666666, test acc = 91.76
Epoch progress: 38/50, train loss = 0.011013835491321516, train acc = 99.755, test acc = 92.03
epoch 39/50 || learning rate: 0.00016423203268260683
Epoch progress: 39/50, train loss = 0.010488300809645443, train acc = 99.80166666666666, test acc = 91.68
Epoch progress: 39/50, train loss = 0.010382729235251706, train acc = 99.8, test acc = 92.03
Epoch progress: 39/50, train loss = 0.010344458497877834, train acc = 99.77666666666667, test acc = 92.01
updating sample fraction at step 75000 to 0.31640625
epoch 40/50 || learning rate: 0.00014780882941434616
Epoch progress: 40/50, train loss = 0.010402617961763947, train acc = 99.78166666666667, test acc = 92.15
Epoch progress: 40/50, train loss = 0.01064701293531592, train acc = 99.79833333333333, test acc = 92.04
Epoch progress: 40/50, train loss = 0.010516350942793845, train acc = 99.775, test acc = 91.96
Epoch progress: 40/50, train loss = 0.010949342192406767, train acc = 99.75166666666667, test acc = 92.08
epoch 41/50 || learning rate: 0.00013302794647291155
Epoch progress: 41/50, train loss = 0.01040427424342876, train acc = 99.78333333333333, test acc = 92.08
Epoch progress: 41/50, train loss = 0.01007482405253201, train acc = 99.80333333333333, test acc = 92.26
Epoch progress: 41/50, train loss = 0.0105479513550769, train acc = 99.79166666666667, test acc = 92.19
Epoch progress: 41/50, train loss = 0.010382367099881707, train acc = 99.79166666666667, test acc = 91.89
epoch 42/50 || learning rate: 0.00011972515182562039
Epoch progress: 42/50, train loss = 0.009908928149738738, train acc = 99.81166666666667, test acc = 91.97
Epoch progress: 42/50, train loss = 0.010498823887371205, train acc = 99.77833333333334, test acc = 91.97
Epoch progress: 42/50, train loss = 0.00998939486106877, train acc = 99.805, test acc = 92.24
Epoch progress: 42/50, train loss = 0.01000706723104619, train acc = 99.78333333333333, test acc = 91.97
epoch 43/50 || learning rate: 0.00010775263664305835
Epoch progress: 43/50, train loss = 0.010218667526040615, train acc = 99.76833333333333, test acc = 92.07
Epoch progress: 43/50, train loss = 0.010417385334300342, train acc = 99.775, test acc = 92.11
Epoch progress: 43/50, train loss = 0.00967907912673448, train acc = 99.80666666666667, test acc = 91.68
epoch 44/50 || learning rate: 9.697737297875251e-05
Epoch progress: 44/50, train loss = 0.00960117117698804, train acc = 99.82166666666667, test acc = 92.05
Epoch progress: 44/50, train loss = 0.009732669021519057, train acc = 99.80166666666666, test acc = 91.87
Epoch progress: 44/50, train loss = 0.0101220821881919, train acc = 99.8, test acc = 92.22
Epoch progress: 44/50, train loss = 0.009784969518136252, train acc = 99.82166666666667, test acc = 91.96
epoch 45/50 || learning rate: 8.727963568087727e-05
Epoch progress: 45/50, train loss = 0.009688253210660332, train acc = 99.81, test acc = 92.13
Epoch progress: 45/50, train loss = 0.00961372793453241, train acc = 99.82, test acc = 92.0
Epoch progress: 45/50, train loss = 0.009203724128056395, train acc = 99.83833333333334, test acc = 92.28
Epoch progress: 45/50, train loss = 0.009806756566778253, train acc = 99.78333333333333, test acc = 91.89
epoch 46/50 || learning rate: 7.855167211278955e-05
Epoch progress: 46/50, train loss = 0.009524551337552839, train acc = 99.82333333333334, test acc = 91.9
Epoch progress: 46/50, train loss = 0.009667825618699135, train acc = 99.81666666666666, test acc = 91.83
Epoch progress: 46/50, train loss = 0.009183721109377803, train acc = 99.825, test acc = 91.9
Epoch progress: 46/50, train loss = 0.009139390816006683, train acc = 99.85166666666667, test acc = 91.82
epoch 47/50 || learning rate: 7.06965049015106e-05
Epoch progress: 47/50, train loss = 0.00935615915080804, train acc = 99.84, test acc = 92.02
Epoch progress: 47/50, train loss = 0.009353348361400034, train acc = 99.80666666666667, test acc = 92.16
Epoch progress: 47/50, train loss = 0.009136808393090905, train acc = 99.85, test acc = 91.89
epoch 48/50 || learning rate: 6.362685441135955e-05
Epoch progress: 48/50, train loss = 0.009323351172627493, train acc = 99.84333333333333, test acc = 92.19
Epoch progress: 48/50, train loss = 0.009126548740019402, train acc = 99.825, test acc = 92.2
Epoch progress: 48/50, train loss = 0.008923265700894505, train acc = 99.83666666666667, test acc = 92.03
Epoch progress: 48/50, train loss = 0.009153194213899648, train acc = 99.82166666666667, test acc = 92.2
epoch 49/50 || learning rate: 5.7264168970223595e-05
Epoch progress: 49/50, train loss = 0.009083679614103555, train acc = 99.82, test acc = 91.83
Epoch progress: 49/50, train loss = 0.009296143919494352, train acc = 99.81333333333333, test acc = 92.06
Epoch progress: 49/50, train loss = 0.009448617311526202, train acc = 99.81, test acc = 92.03
Epoch progress: 49/50, train loss = 0.008848824688864018, train acc = 99.84333333333333, test acc = 92.16
updating sample fraction at step 93750 to 0.2373046875
