Namespace(conf='configs/hobbes_config.yaml', dir='result_dumps/client_sampling/fmnist/lenet/', n_repeat=1, o='osgd_50', pipeline='jacobian', train_mode='distributed')
---- Fetching configs and Initializing stuff -----
Loading Model: lenet
----------------------------
LeNet(
  (max_pool): MaxPool2d(kernel_size=(2, 2), stride=(2, 2), padding=0, dilation=1, ceil_mode=False)
  (conv1): Conv2d(1, 64, kernel_size=(5, 5), stride=(1, 1))
  (conv2): Conv2d(64, 64, kernel_size=(5, 5), stride=(1, 1))
  (fc1): Linear(in_features=1024, out_features=1024, bias=True)
  (fc2): Linear(in_features=1024, out_features=10, bias=True)
)
No compression specified or compression operator Not implemented ~ running without jacobian compression
--------------------------------
Initializing mean GAR
--------------------------------
Num of Batches in Train Loader = 1875
epoch 0/50 || learning rate: 0.01
Num of Parameters 1163978
Epoch progress: 0/50, train loss = 2.3678216718037923, train acc = 9.788333333333334, test acc = 9.67
Epoch progress: 0/50, train loss = 1.0020851220846176, train acc = 81.21833333333333, test acc = 80.26
Epoch progress: 0/50, train loss = 0.8838766612847646, train acc = 83.62166666666667, test acc = 82.78
Epoch progress: 0/50, train loss = 0.714729492298762, train acc = 86.38833333333334, test acc = 85.0
epoch 1/50 || learning rate: 0.009000000000000001
Epoch progress: 1/50, train loss = 0.6418154169241588, train acc = 88.215, test acc = 86.52
Epoch progress: 1/50, train loss = 0.589725265288353, train acc = 89.08, test acc = 87.71
Epoch progress: 1/50, train loss = 0.581836013519764, train acc = 89.36, test acc = 87.54
Epoch progress: 1/50, train loss = 0.5521958659847578, train acc = 89.81166666666667, test acc = 88.21
epoch 2/50 || learning rate: 0.008100000000000001
Epoch progress: 2/50, train loss = 0.5141210349480311, train acc = 90.53333333333333, test acc = 88.9
Epoch progress: 2/50, train loss = 0.559388801497221, train acc = 89.53833333333333, test acc = 87.96
Epoch progress: 2/50, train loss = 0.5684354900022348, train acc = 89.29, test acc = 87.64
Epoch progress: 2/50, train loss = 0.4564714772681395, train acc = 91.54833333333333, test acc = 89.43
epoch 3/50 || learning rate: 0.007290000000000001
Epoch progress: 3/50, train loss = 0.45927586815853916, train acc = 91.265, test acc = 89.46
Epoch progress: 3/50, train loss = 0.4635101816823085, train acc = 91.455, test acc = 89.45
Epoch progress: 3/50, train loss = 0.4494526288151741, train acc = 91.65166666666667, test acc = 89.24
epoch 4/50 || learning rate: 0.006561000000000002
Epoch progress: 4/50, train loss = 0.42386156762043636, train acc = 92.02833333333334, test acc = 89.21
Epoch progress: 4/50, train loss = 0.4108617413679759, train acc = 92.28333333333333, test acc = 89.7
Epoch progress: 4/50, train loss = 0.3921844760687401, train acc = 92.725, test acc = 89.92
Epoch progress: 4/50, train loss = 0.38606723167896273, train acc = 92.60333333333334, test acc = 89.59
epoch 5/50 || learning rate: 0.005904900000000002
Epoch progress: 5/50, train loss = 0.37831592230101424, train acc = 92.92333333333333, test acc = 89.81
Epoch progress: 5/50, train loss = 0.35912528669039406, train acc = 93.34166666666667, test acc = 90.49
Epoch progress: 5/50, train loss = 0.35043652897973854, train acc = 93.36666666666666, test acc = 90.05
Epoch progress: 5/50, train loss = 0.3299987066184481, train acc = 93.70166666666667, test acc = 90.24
epoch 6/50 || learning rate: 0.005314410000000002
Epoch progress: 6/50, train loss = 0.3123909458388885, train acc = 94.11666666666666, test acc = 90.11
Epoch progress: 6/50, train loss = 0.30578642798860867, train acc = 94.33833333333334, test acc = 90.27
Epoch progress: 6/50, train loss = 0.30050342807769775, train acc = 94.29166666666667, test acc = 90.21
Epoch progress: 6/50, train loss = 0.3164096915225188, train acc = 94.13666666666667, test acc = 90.26
epoch 7/50 || learning rate: 0.004782969000000002
Epoch progress: 7/50, train loss = 0.28740135497947533, train acc = 94.63833333333334, test acc = 90.51
