Namespace(conf=None, dir='result_dumps/client_sampling/fmnist/lenet/', n_repeat=1, o='osgd_25', pipeline='jacobian', train_mode='distributed')
---- Fetching configs and Initializing stuff -----
Loading Model: log_reg
----------------------------
LogisticRegression(
  (fc): Linear(in_features=784, out_features=10, bias=True)
)
No compression specified or compression operator Not implemented ~ running without jacobian compression
--------------------------------
Initializing mean GAR
--------------------------------
Num of Batches in Train Loader = 1875
epoch 0/50 || learning rate: 0.01
Num of Parameters 7850
Epoch progress: 0/50, train loss = 2.8966414522806803, train acc = 13.136666666666667, test acc = 13.14
Epoch progress: 0/50, train loss = 1.5741685957749685, train acc = 78.69666666666667, test acc = 77.13
Epoch progress: 0/50, train loss = 1.8622453353484472, train acc = 78.755, test acc = 77.1
Epoch progress: 0/50, train loss = 1.2014467158277828, train acc = 82.93333333333334, test acc = 80.74
epoch 1/50 || learning rate: 0.009000000000000001
Epoch progress: 1/50, train loss = 1.1001042413989703, train acc = 84.01833333333333, test acc = 81.82
Epoch progress: 1/50, train loss = 1.2590027900338172, train acc = 81.735, test acc = 80.08
Epoch progress: 1/50, train loss = 1.3293715508222579, train acc = 80.45333333333333, test acc = 77.65
Epoch progress: 1/50, train loss = 1.2214735387007396, train acc = 82.59666666666666, test acc = 80.8
epoch 2/50 || learning rate: 0.008100000000000001
Epoch progress: 2/50, train loss = 1.1479425983667373, train acc = 83.34333333333333, test acc = 81.19
Epoch progress: 2/50, train loss = 1.074945409198602, train acc = 84.02166666666666, test acc = 82.04
Epoch progress: 2/50, train loss = 1.098249376118183, train acc = 83.95833333333333, test acc = 81.13
Epoch progress: 2/50, train loss = 1.0364242799182732, train acc = 84.145, test acc = 81.21
epoch 3/50 || learning rate: 0.007290000000000001
Epoch progress: 3/50, train loss = 1.040521462949117, train acc = 83.80166666666666, test acc = 81.44
Epoch progress: 3/50, train loss = 1.2863799528241158, train acc = 80.95, test acc = 78.49
Epoch progress: 3/50, train loss = 0.9970427840391795, train acc = 83.91, test acc = 81.38
epoch 4/50 || learning rate: 0.006561000000000002
Epoch progress: 4/50, train loss = 1.2326751994729042, train acc = 81.97666666666667, test acc = 79.67
Epoch progress: 4/50, train loss = 0.9993572327574094, train acc = 84.245, test acc = 81.88
Epoch progress: 4/50, train loss = 1.0968725268522899, train acc = 83.12333333333333, test acc = 80.37
Epoch progress: 4/50, train loss = 1.0726880584081013, train acc = 82.68166666666667, test acc = 80.06
epoch 5/50 || learning rate: 0.005904900000000002
Epoch progress: 5/50, train loss = 0.9708515845795472, train acc = 84.72666666666667, test acc = 82.11
Epoch progress: 5/50, train loss = 1.0217137153466542, train acc = 84.30666666666667, test acc = 81.93
Epoch progress: 5/50, train loss = 0.8798838185310364, train acc = 85.29666666666667, test acc = 82.35
Epoch progress: 5/50, train loss = 0.8786454198956489, train acc = 86.07, test acc = 83.48
epoch 6/50 || learning rate: 0.005314410000000002
Epoch progress: 6/50, train loss = 0.9471983707269033, train acc = 83.83166666666666, test acc = 81.12
Epoch progress: 6/50, train loss = 0.9323465492685636, train acc = 84.275, test acc = 81.4
Epoch progress: 6/50, train loss = 0.908067793983221, train acc = 85.34, test acc = 82.64
Epoch progress: 6/50, train loss = 1.049573296880722, train acc = 83.455, test acc = 81.02
epoch 7/50 || learning rate: 0.004782969000000002
Epoch progress: 7/50, train loss = 0.9707857285459837, train acc = 84.1, test acc = 81.1
Epoch progress: 7/50, train loss = 0.8962688585241636, train acc = 85.23, test acc = 82.1
Epoch progress: 7/50, train loss = 0.8306889040271441, train acc = 85.52833333333334, test acc = 82.14
epoch 8/50 || learning rate: 0.004304672100000002
Epoch progress: 8/50, train loss = 0.8457933085560798, train acc = 85.72333333333333, test acc = 82.97
Epoch progress: 8/50, train loss = 0.8603296805977821, train acc = 85.70166666666667, test acc = 82.53
Epoch progress: 8/50, train loss = 0.9770997571309408, train acc = 84.17166666666667, test acc = 81.09
Epoch progress: 8/50, train loss = 0.821778549806277, train acc = 85.71, test acc = 82.53
epoch 9/50 || learning rate: 0.003874204890000002
Epoch progress: 9/50, train loss = 0.8464163656512896, train acc = 85.71333333333334, test acc = 82.25
Epoch progress: 9/50, train loss = 0.7883499027530352, train acc = 86.78333333333333, test acc = 83.68
Epoch progress: 9/50, train loss = 0.805300475537777, train acc = 86.44833333333334, test acc = 83.63
Epoch progress: 9/50, train loss = 0.7947228276411692, train acc = 86.36, test acc = 82.89
epoch 10/50 || learning rate: 0.003486784401000002
Epoch progress: 10/50, train loss = 0.9125370116790136, train acc = 84.97, test acc = 81.74
Epoch progress: 10/50, train loss = 0.8674845139543216, train acc = 84.48333333333333, test acc = 81.68
Epoch progress: 10/50, train loss = 0.7907072636405627, train acc = 86.41666666666667, test acc = 82.79
Epoch progress: 10/50, train loss = 0.7704309877554576, train acc = 86.26, test acc = 82.6
epoch 11/50 || learning rate: 0.003138105960900002
Epoch progress: 11/50, train loss = 0.8778240858713786, train acc = 83.98, test acc = 80.66
Epoch progress: 11/50, train loss = 0.7811591399987539, train acc = 86.425, test acc = 83.11
Epoch progress: 11/50, train loss = 0.8579226954221726, train acc = 84.49, test acc = 81.18
epoch 12/50 || learning rate: 0.0028242953648100018
Epoch progress: 12/50, train loss = 0.7428498317956924, train acc = 87.06333333333333, test acc = 83.83
Epoch progress: 12/50, train loss = 0.7902362924536069, train acc = 86.15833333333333, test acc = 83.02
Epoch progress: 12/50, train loss = 0.7986444130897522, train acc = 85.74, test acc = 82.06
Epoch progress: 12/50, train loss = 0.7681120490868887, train acc = 86.66666666666667, test acc = 83.19
epoch 13/50 || learning rate: 0.0025418658283290017
Epoch progress: 13/50, train loss = 0.7445052658160528, train acc = 86.965, test acc = 83.44
Epoch progress: 13/50, train loss = 0.7652885233521461, train acc = 86.86166666666666, test acc = 83.43
Epoch progress: 13/50, train loss = 0.7724166122754414, train acc = 86.31, test acc = 83.03
Epoch progress: 13/50, train loss = 0.7168172214786211, train acc = 87.51833333333333, test acc = 83.94
epoch 14/50 || learning rate: 0.0022876792454961017
Epoch progress: 14/50, train loss = 0.766315656431516, train acc = 86.32333333333334, test acc = 82.84
Epoch progress: 14/50, train loss = 0.7226385270436605, train acc = 87.19333333333333, test acc = 83.81
Epoch progress: 14/50, train loss = 0.7715999860088031, train acc = 86.10333333333334, test acc = 82.58
Epoch progress: 14/50, train loss = 0.7589221423864365, train acc = 86.33, test acc = 82.8
epoch 15/50 || learning rate: 0.0020589113209464917
Epoch progress: 15/50, train loss = 0.7264512669801712, train acc = 87.03666666666666, test acc = 83.15
Epoch progress: 15/50, train loss = 0.7691011502106985, train acc = 86.80333333333333, test acc = 83.38
Epoch progress: 15/50, train loss = 0.7414750075976054, train acc = 86.62833333333333, test acc = 82.96
epoch 16/50 || learning rate: 0.0018530201888518425
Epoch progress: 16/50, train loss = 0.7389900905927023, train acc = 87.02, test acc = 83.39
Epoch progress: 16/50, train loss = 0.7469138195872307, train acc = 86.75, test acc = 83.3
Epoch progress: 16/50, train loss = 0.8006618743658066, train acc = 85.57333333333334, test acc = 82.31
Epoch progress: 16/50, train loss = 0.7670669879754385, train acc = 85.99333333333334, test acc = 82.28
epoch 17/50 || learning rate: 0.0016677181699666583
Epoch progress: 17/50, train loss = 0.7601252050876618, train acc = 86.44833333333334, test acc = 83.08
Epoch progress: 17/50, train loss = 0.7137807090123495, train acc = 87.32, test acc = 83.58
Epoch progress: 17/50, train loss = 0.7107109758694966, train acc = 87.16833333333334, test acc = 83.76
Epoch progress: 17/50, train loss = 0.746215011827151, train acc = 86.37166666666667, test acc = 82.78
epoch 18/50 || learning rate: 0.0015009463529699924
Epoch progress: 18/50, train loss = 0.7057723929405212, train acc = 87.18166666666667, test acc = 83.73
Epoch progress: 18/50, train loss = 0.7064970322767894, train acc = 87.58666666666667, test acc = 83.65
Epoch progress: 18/50, train loss = 0.7391428943236669, train acc = 86.34, test acc = 82.69
