NCCL version 2.9.6+cudaCUDA_MAJOR.CUDA_MINOR
Unable to import mlperf_logging,  No module named 'mlperf_logging'
world size: 1, current rank: 0, local rank: 0
Using 2 GPU(s)...
Reading pre-processed data=./input/kaggleAdDisplayChallenge_processed.npz
Sparse fea = 26, Dense fea = 13
Defined train indices...
Randomized indices across days ...
Split data according to indices...
Reading pre-processed data=./input/kaggleAdDisplayChallenge_processed.npz
Sparse fea = 26, Dense fea = 13
Defined test indices...
Randomized indices across days ...
Split data according to indices...
DLRM_Net(
  (bot_l): Sequential(
    (0): Linear(in_features=13, out_features=512, bias=True)
    (1): ReLU()
    (2): Linear(in_features=512, out_features=256, bias=True)
    (3): ReLU()
    (4): Linear(in_features=256, out_features=64, bias=True)
    (5): ReLU()
    (6): Linear(in_features=64, out_features=16, bias=True)
    (7): ReLU()
  )
  (top_l): Sequential(
    (0): Linear(in_features=367, out_features=512, bias=True)
    (1): ReLU()
    (2): Linear(in_features=512, out_features=256, bias=True)
    (3): ReLU()
    (4): Linear(in_features=256, out_features=1, bias=True)
    (5): Sigmoid()
  )
  (loss_fn): BCELoss()
)
Random uniform embeddings init: 0 size: 1461 dim: 16
Random uniform embeddings init: 1 size: 584 dim: 16
Random uniform embeddings init: 2 size: 10131227 dim: 16
Random uniform embeddings init: 3 size: 2202608 dim: 16
Random uniform embeddings init: 4 size: 306 dim: 16
Random uniform embeddings init: 5 size: 24 dim: 16
Random uniform embeddings init: 6 size: 12518 dim: 16
Random uniform embeddings init: 7 size: 634 dim: 16
Random uniform embeddings init: 8 size: 4 dim: 16
Random uniform embeddings init: 9 size: 93146 dim: 16
Random uniform embeddings init: 10 size: 5684 dim: 16
Random uniform embeddings init: 11 size: 8351593 dim: 16
Random uniform embeddings init: 12 size: 3195 dim: 16
Random uniform embeddings init: 13 size: 28 dim: 16
Random uniform embeddings init: 14 size: 14993 dim: 16
Random uniform embeddings init: 15 size: 5461306 dim: 16
Random uniform embeddings init: 16 size: 11 dim: 16
Random uniform embeddings init: 17 size: 5653 dim: 16
Random uniform embeddings init: 18 size: 2173 dim: 16
Random uniform embeddings init: 19 size: 4 dim: 16
Random uniform embeddings init: 20 size: 7046547 dim: 16
Random uniform embeddings init: 21 size: 18 dim: 16
Random uniform embeddings init: 22 size: 16 dim: 16
Random uniform embeddings init: 23 size: 286181 dim: 16
Random uniform embeddings init: 24 size: 105 dim: 16
Random uniform embeddings init: 25 size: 142572 dim: 16
time/loss/accuracy (if enabled):
Finished training it 128/38372 of epoch 0, 139.13 ms/it, NE 0.945317, loss 0.537607
Testing at - 128/38372 of epoch 0,  NE 0.932625, loss 0.535778, accuracy 75.138 %, best 75.138 %
Finished training it 256/38372 of epoch 0, 16.31 ms/it, NE 0.928811, loss 0.519022
Testing at - 256/38372 of epoch 0,  NE 0.899490, loss 0.516743, accuracy 75.685 %, best 75.685 %
Finished training it 384/38372 of epoch 0, 15.59 ms/it, NE 0.920868, loss 0.514420
Testing at - 384/38372 of epoch 0,  NE 0.894105, loss 0.513649, accuracy 75.992 %, best 75.992 %
Finished training it 512/38372 of epoch 0, 17.23 ms/it, NE 0.914419, loss 0.505718
Testing at - 512/38372 of epoch 0,  NE 0.899691, loss 0.516858, accuracy 75.640 %, best 75.992 %
Finished training it 640/38372 of epoch 0, 17.15 ms/it, NE 0.909928, loss 0.507261
Testing at - 640/38372 of epoch 0,  NE 0.884000, loss 0.507844, accuracy 76.358 %, best 76.358 %
Finished training it 768/38372 of epoch 0, 19.54 ms/it, NE 0.906290, loss 0.504506
Testing at - 768/38372 of epoch 0,  NE 0.893962, loss 0.513567, accuracy 75.814 %, best 76.358 %
Finished training it 896/38372 of epoch 0, 17.82 ms/it, NE 0.902863, loss 0.500100
Testing at - 896/38372 of epoch 0,  NE 0.873732, loss 0.501945, accuracy 76.577 %, best 76.577 %
Finished training it 1024/38372 of epoch 0, 20.28 ms/it, NE 0.899443, loss 0.498304
Testing at - 1024/38372 of epoch 0,  NE 0.877438, loss 0.504074, accuracy 76.493 %, best 76.577 %
Finished training it 1152/38372 of epoch 0, 19.18 ms/it, NE 0.896420, loss 0.494604
Testing at - 1152/38372 of epoch 0,  NE 0.866598, loss 0.497847, accuracy 76.770 %, best 76.770 %
Finished training it 1280/38372 of epoch 0, 17.34 ms/it, NE 0.893667, loss 0.494373
Testing at - 1280/38372 of epoch 0,  NE 0.860077, loss 0.494100, accuracy 76.948 %, best 76.948 %
Finished training it 1408/38372 of epoch 0, 17.25 ms/it, NE 0.890833, loss 0.490387
Testing at - 1408/38372 of epoch 0,  NE 0.860482, loss 0.494333, accuracy 77.080 %, best 77.080 %
Finished training it 1536/38372 of epoch 0, 17.28 ms/it, NE 0.887942, loss 0.483390
Testing at - 1536/38372 of epoch 0,  NE 0.853559, loss 0.490356, accuracy 77.231 %, best 77.231 %
Finished training it 1664/38372 of epoch 0, 19.03 ms/it, NE 0.885449, loss 0.487741
Testing at - 1664/38372 of epoch 0,  NE 0.862376, loss 0.495421, accuracy 76.934 %, best 77.231 %
Finished training it 1792/38372 of epoch 0, 16.25 ms/it, NE 0.883116, loss 0.485143
Testing at - 1792/38372 of epoch 0,  NE 0.847634, loss 0.486952, accuracy 77.374 %, best 77.374 %
Finished training it 1920/38372 of epoch 0, 16.94 ms/it, NE 0.880706, loss 0.481064
Testing at - 1920/38372 of epoch 0,  NE 0.861020, loss 0.494642, accuracy 77.014 %, best 77.374 %
Finished training it 2048/38372 of epoch 0, 17.50 ms/it, NE 0.878393, loss 0.480903
Testing at - 2048/38372 of epoch 0,  NE 0.843245, loss 0.484431, accuracy 77.430 %, best 77.430 %
Finished training it 2176/38372 of epoch 0, 19.69 ms/it, NE 0.876018, loss 0.477128
Testing at - 2176/38372 of epoch 0,  NE 0.838969, loss 0.481974, accuracy 77.602 %, best 77.602 %
Finished training it 2304/38372 of epoch 0, 16.60 ms/it, NE 0.874119, loss 0.479068
Testing at - 2304/38372 of epoch 0,  NE 0.853949, loss 0.490580, accuracy 77.025 %, best 77.602 %
Finished training it 2432/38372 of epoch 0, 17.42 ms/it, NE 0.872220, loss 0.477522
Testing at - 2432/38372 of epoch 0,  NE 0.841471, loss 0.483412, accuracy 77.570 %, best 77.602 %
Finished training it 2560/38372 of epoch 0, 16.66 ms/it, NE 0.870618, loss 0.476953
Testing at - 2560/38372 of epoch 0,  NE 0.833343, loss 0.478742, accuracy 77.712 %, best 77.712 %
Finished training it 2688/38372 of epoch 0, 17.22 ms/it, NE 0.869035, loss 0.475814
Testing at - 2688/38372 of epoch 0,  NE 0.834334, loss 0.479311, accuracy 77.774 %, best 77.774 %
Finished training it 2816/38372 of epoch 0, 16.21 ms/it, NE 0.867534, loss 0.474581
Testing at - 2816/38372 of epoch 0,  NE 0.830989, loss 0.477390, accuracy 77.802 %, best 77.802 %
Finished training it 2944/38372 of epoch 0, 17.15 ms/it, NE 0.866067, loss 0.476131
Testing at - 2944/38372 of epoch 0,  NE 0.830918, loss 0.477349, accuracy 77.786 %, best 77.802 %
Finished training it 3072/38372 of epoch 0, 16.14 ms/it, NE 0.864675, loss 0.471757
Testing at - 3072/38372 of epoch 0,  NE 0.831867, loss 0.477894, accuracy 77.780 %, best 77.802 %
Finished training it 3200/38372 of epoch 0, 15.82 ms/it, NE 0.863295, loss 0.471482
Testing at - 3200/38372 of epoch 0,  NE 0.844916, loss 0.485391, accuracy 77.171 %, best 77.802 %
Finished training it 3328/38372 of epoch 0, 15.27 ms/it, NE 0.862001, loss 0.471162
Testing at - 3328/38372 of epoch 0,  NE 0.827318, loss 0.475281, accuracy 77.933 %, best 77.933 %
Finished training it 3456/38372 of epoch 0, 17.06 ms/it, NE 0.860699, loss 0.469065
Testing at - 3456/38372 of epoch 0,  NE 0.828531, loss 0.475978, accuracy 77.876 %, best 77.933 %
Finished training it 3584/38372 of epoch 0, 16.29 ms/it, NE 0.859614, loss 0.470447
Testing at - 3584/38372 of epoch 0,  NE 0.827696, loss 0.475498, accuracy 77.931 %, best 77.933 %
Finished training it 3712/38372 of epoch 0, 16.47 ms/it, NE 0.858680, loss 0.472270
Testing at - 3712/38372 of epoch 0,  NE 0.829708, loss 0.476654, accuracy 77.779 %, best 77.933 %
Finished training it 3840/38372 of epoch 0, 18.38 ms/it, NE 0.857622, loss 0.469800
Testing at - 3840/38372 of epoch 0,  NE 0.826451, loss 0.474783, accuracy 78.003 %, best 78.003 %
Finished training it 3968/38372 of epoch 0, 17.78 ms/it, NE 0.856678, loss 0.471523
Testing at - 3968/38372 of epoch 0,  NE 0.833937, loss 0.479083, accuracy 77.709 %, best 78.003 %
Finished training it 4096/38372 of epoch 0, 16.68 ms/it, NE 0.855673, loss 0.470154
Testing at - 4096/38372 of epoch 0,  NE 0.825129, loss 0.474024, accuracy 77.957 %, best 78.003 %
Finished training it 4224/38372 of epoch 0, 15.88 ms/it, NE 0.854717, loss 0.469009
Testing at - 4224/38372 of epoch 0,  NE 0.823090, loss 0.472852, accuracy 78.036 %, best 78.036 %
Finished training it 4352/38372 of epoch 0, 18.20 ms/it, NE 0.853744, loss 0.467262
Testing at - 4352/38372 of epoch 0,  NE 0.832788, loss 0.478423, accuracy 77.628 %, best 78.036 %
Finished training it 4480/38372 of epoch 0, 15.31 ms/it, NE 0.853013, loss 0.471415
Testing at - 4480/38372 of epoch 0,  NE 0.825634, loss 0.474314, accuracy 78.035 %, best 78.036 %
Finished training it 4608/38372 of epoch 0, 17.31 ms/it, NE 0.852186, loss 0.468039
Testing at - 4608/38372 of epoch 0,  NE 0.829717, loss 0.476659, accuracy 77.909 %, best 78.036 %
Finished training it 4736/38372 of epoch 0, 16.47 ms/it, NE 0.851393, loss 0.466354
Testing at - 4736/38372 of epoch 0,  NE 0.833052, loss 0.478575, accuracy 77.750 %, best 78.036 %
Finished training it 4864/38372 of epoch 0, 16.07 ms/it, NE 0.850690, loss 0.469191
Testing at - 4864/38372 of epoch 0,  NE 0.823017, loss 0.472810, accuracy 78.102 %, best 78.102 %
Finished training it 4992/38372 of epoch 0, 15.39 ms/it, NE 0.849945, loss 0.467054
Testing at - 4992/38372 of epoch 0,  NE 0.821858, loss 0.472144, accuracy 78.097 %, best 78.102 %
Finished training it 5120/38372 of epoch 0, 18.12 ms/it, NE 0.849199, loss 0.467225
Testing at - 5120/38372 of epoch 0,  NE 0.823540, loss 0.473111, accuracy 78.034 %, best 78.102 %
Finished training it 5248/38372 of epoch 0, 15.38 ms/it, NE 0.848526, loss 0.466871
Testing at - 5248/38372 of epoch 0,  NE 0.821409, loss 0.471886, accuracy 78.122 %, best 78.122 %
Finished training it 5376/38372 of epoch 0, 16.89 ms/it, NE 0.847919, loss 0.466540
Testing at - 5376/38372 of epoch 0,  NE 0.819651, loss 0.470877, accuracy 78.145 %, best 78.145 %
Finished training it 5504/38372 of epoch 0, 17.79 ms/it, NE 0.847319, loss 0.467015
Testing at - 5504/38372 of epoch 0,  NE 0.820797, loss 0.471535, accuracy 78.141 %, best 78.145 %
Finished training it 5632/38372 of epoch 0, 16.62 ms/it, NE 0.846745, loss 0.467437
Testing at - 5632/38372 of epoch 0,  NE 0.820296, loss 0.471247, accuracy 78.154 %, best 78.154 %
Finished training it 5760/38372 of epoch 0, 14.62 ms/it, NE 0.846143, loss 0.466810
Testing at - 5760/38372 of epoch 0,  NE 0.819659, loss 0.470881, accuracy 78.144 %, best 78.154 %
Finished training it 5888/38372 of epoch 0, 14.65 ms/it, NE 0.845651, loss 0.468767
Testing at - 5888/38372 of epoch 0,  NE 0.826196, loss 0.474636, accuracy 77.938 %, best 78.154 %
Finished training it 6016/38372 of epoch 0, 14.78 ms/it, NE 0.845177, loss 0.467417
Testing at - 6016/38372 of epoch 0,  NE 0.819543, loss 0.470814, accuracy 78.118 %, best 78.154 %
Finished training it 6144/38372 of epoch 0, 17.08 ms/it, NE 0.844601, loss 0.462857
Testing at - 6144/38372 of epoch 0,  NE 0.818232, loss 0.470062, accuracy 78.170 %, best 78.170 %
Finished training it 6272/38372 of epoch 0, 14.95 ms/it, NE 0.844047, loss 0.465197
Testing at - 6272/38372 of epoch 0,  NE 0.822089, loss 0.472277, accuracy 78.124 %, best 78.170 %
Finished training it 6400/38372 of epoch 0, 17.12 ms/it, NE 0.843561, loss 0.467203
Testing at - 6400/38372 of epoch 0,  NE 0.819032, loss 0.470521, accuracy 78.126 %, best 78.170 %
Finished training it 6528/38372 of epoch 0, 19.09 ms/it, NE 0.843061, loss 0.467178
Testing at - 6528/38372 of epoch 0,  NE 0.823939, loss 0.473340, accuracy 77.920 %, best 78.170 %
Finished training it 6656/38372 of epoch 0, 18.08 ms/it, NE 0.842572, loss 0.465394
Testing at - 6656/38372 of epoch 0,  NE 0.817290, loss 0.469520, accuracy 78.244 %, best 78.244 %
Finished training it 6784/38372 of epoch 0, 19.35 ms/it, NE 0.842116, loss 0.465826
Testing at - 6784/38372 of epoch 0,  NE 0.821380, loss 0.471870, accuracy 78.063 %, best 78.244 %
Finished training it 6912/38372 of epoch 0, 19.05 ms/it, NE 0.841654, loss 0.465419
Testing at - 6912/38372 of epoch 0,  NE 0.819204, loss 0.470620, accuracy 78.204 %, best 78.244 %
Finished training it 7040/38372 of epoch 0, 20.24 ms/it, NE 0.841257, loss 0.464517
Testing at - 7040/38372 of epoch 0,  NE 0.816345, loss 0.468977, accuracy 78.244 %, best 78.244 %
Finished training it 7168/38372 of epoch 0, 17.78 ms/it, NE 0.840818, loss 0.462561
Testing at - 7168/38372 of epoch 0,  NE 0.817548, loss 0.469669, accuracy 78.177 %, best 78.244 %
Finished training it 7296/38372 of epoch 0, 18.34 ms/it, NE 0.840343, loss 0.462478
Testing at - 7296/38372 of epoch 0,  NE 0.816388, loss 0.469002, accuracy 78.260 %, best 78.260 %
Finished training it 7424/38372 of epoch 0, 20.10 ms/it, NE 0.839920, loss 0.464177
Testing at - 7424/38372 of epoch 0,  NE 0.818238, loss 0.470064, accuracy 78.207 %, best 78.260 %
Finished training it 7552/38372 of epoch 0, 19.87 ms/it, NE 0.839537, loss 0.463741
Testing at - 7552/38372 of epoch 0,  NE 0.822814, loss 0.472693, accuracy 78.083 %, best 78.260 %
Finished training it 7680/38372 of epoch 0, 19.24 ms/it, NE 0.839148, loss 0.466060
Testing at - 7680/38372 of epoch 0,  NE 0.818520, loss 0.470227, accuracy 78.205 %, best 78.260 %
Finished training it 7808/38372 of epoch 0, 19.84 ms/it, NE 0.838811, loss 0.464781
Testing at - 7808/38372 of epoch 0,  NE 0.820485, loss 0.471356, accuracy 78.110 %, best 78.260 %
Finished training it 7936/38372 of epoch 0, 20.26 ms/it, NE 0.838399, loss 0.463085
Testing at - 7936/38372 of epoch 0,  NE 0.815370, loss 0.468417, accuracy 78.282 %, best 78.282 %
Finished training it 8064/38372 of epoch 0, 18.90 ms/it, NE 0.838060, loss 0.465603
Testing at - 8064/38372 of epoch 0,  NE 0.816227, loss 0.468910, accuracy 78.263 %, best 78.282 %
Finished training it 8192/38372 of epoch 0, 21.44 ms/it, NE 0.837759, loss 0.466609
Testing at - 8192/38372 of epoch 0,  NE 0.816454, loss 0.469040, accuracy 78.275 %, best 78.282 %
Finished training it 8320/38372 of epoch 0, 17.16 ms/it, NE 0.837427, loss 0.463000
Testing at - 8320/38372 of epoch 0,  NE 0.815228, loss 0.468336, accuracy 78.295 %, best 78.295 %
Finished training it 8448/38372 of epoch 0, 16.70 ms/it, NE 0.837046, loss 0.462071
Testing at - 8448/38372 of epoch 0,  NE 0.814606, loss 0.467978, accuracy 78.259 %, best 78.295 %
Finished training it 8576/38372 of epoch 0, 19.35 ms/it, NE 0.836692, loss 0.463277
Testing at - 8576/38372 of epoch 0,  NE 0.814839, loss 0.468112, accuracy 78.291 %, best 78.295 %
Finished training it 8704/38372 of epoch 0, 22.71 ms/it, NE 0.836370, loss 0.463382
Testing at - 8704/38372 of epoch 0,  NE 0.814978, loss 0.468192, accuracy 78.267 %, best 78.295 %
Finished training it 8832/38372 of epoch 0, 19.21 ms/it, NE 0.836067, loss 0.462933
Testing at - 8832/38372 of epoch 0,  NE 0.813823, loss 0.467529, accuracy 78.328 %, best 78.328 %
Finished training it 8960/38372 of epoch 0, 20.96 ms/it, NE 0.835803, loss 0.464310
Testing at - 8960/38372 of epoch 0,  NE 0.814345, loss 0.467828, accuracy 78.294 %, best 78.328 %
Finished training it 9088/38372 of epoch 0, 18.67 ms/it, NE 0.835474, loss 0.460970
Testing at - 9088/38372 of epoch 0,  NE 0.812093, loss 0.466535, accuracy 78.367 %, best 78.367 %
Finished training it 9216/38372 of epoch 0, 19.80 ms/it, NE 0.835168, loss 0.462639
Testing at - 9216/38372 of epoch 0,  NE 0.815914, loss 0.468730, accuracy 78.203 %, best 78.367 %
Finished training it 9344/38372 of epoch 0, 20.20 ms/it, NE 0.834862, loss 0.462145
Testing at - 9344/38372 of epoch 0,  NE 0.813115, loss 0.467122, accuracy 78.334 %, best 78.367 %
Finished training it 9472/38372 of epoch 0, 18.00 ms/it, NE 0.834559, loss 0.461866
Testing at - 9472/38372 of epoch 0,  NE 0.812684, loss 0.466874, accuracy 78.350 %, best 78.367 %
Finished training it 9600/38372 of epoch 0, 16.00 ms/it, NE 0.834281, loss 0.461893
Testing at - 9600/38372 of epoch 0,  NE 0.822382, loss 0.472445, accuracy 78.128 %, best 78.367 %
Finished training it 9728/38372 of epoch 0, 18.63 ms/it, NE 0.834032, loss 0.462362
Testing at - 9728/38372 of epoch 0,  NE 0.813436, loss 0.467306, accuracy 78.350 %, best 78.367 %
Finished training it 9856/38372 of epoch 0, 19.50 ms/it, NE 0.833761, loss 0.462050
Testing at - 9856/38372 of epoch 0,  NE 0.812631, loss 0.466844, accuracy 78.364 %, best 78.367 %
Finished training it 9984/38372 of epoch 0, 16.27 ms/it, NE 0.833480, loss 0.461136
Testing at - 9984/38372 of epoch 0,  NE 0.814893, loss 0.468143, accuracy 78.262 %, best 78.367 %
Finished training it 10112/38372 of epoch 0, 15.41 ms/it, NE 0.833212, loss 0.461966
Testing at - 10112/38372 of epoch 0,  NE 0.811945, loss 0.466450, accuracy 78.377 %, best 78.377 %
Finished training it 10240/38372 of epoch 0, 16.64 ms/it, NE 0.832960, loss 0.462323
Testing at - 10240/38372 of epoch 0,  NE 0.814803, loss 0.468092, accuracy 78.297 %, best 78.377 %
Finished training it 10368/38372 of epoch 0, 15.84 ms/it, NE 0.832727, loss 0.460948
Testing at - 10368/38372 of epoch 0,  NE 0.810332, loss 0.465523, accuracy 78.390 %, best 78.390 %
Finished training it 10496/38372 of epoch 0, 14.48 ms/it, NE 0.832467, loss 0.459903
Testing at - 10496/38372 of epoch 0,  NE 0.813591, loss 0.467395, accuracy 78.356 %, best 78.390 %
Finished training it 10624/38372 of epoch 0, 15.41 ms/it, NE 0.832177, loss 0.459939
Testing at - 10624/38372 of epoch 0,  NE 0.812431, loss 0.466729, accuracy 78.368 %, best 78.390 %
Finished training it 10752/38372 of epoch 0, 15.45 ms/it, NE 0.831955, loss 0.463018
Testing at - 10752/38372 of epoch 0,  NE 0.811791, loss 0.466361, accuracy 78.376 %, best 78.390 %
Finished training it 10880/38372 of epoch 0, 15.52 ms/it, NE 0.831696, loss 0.461179
Testing at - 10880/38372 of epoch 0,  NE 0.813369, loss 0.467268, accuracy 78.340 %, best 78.390 %
Finished training it 11008/38372 of epoch 0, 14.80 ms/it, NE 0.831456, loss 0.459661
Testing at - 11008/38372 of epoch 0,  NE 0.809758, loss 0.465193, accuracy 78.416 %, best 78.416 %
Finished training it 11136/38372 of epoch 0, 13.72 ms/it, NE 0.831184, loss 0.460915
Testing at - 11136/38372 of epoch 0,  NE 0.813444, loss 0.467311, accuracy 78.271 %, best 78.416 %
Finished training it 11264/38372 of epoch 0, 14.54 ms/it, NE 0.830955, loss 0.460474
Testing at - 11264/38372 of epoch 0,  NE 0.813802, loss 0.467516, accuracy 78.276 %, best 78.416 %
Finished training it 11392/38372 of epoch 0, 14.42 ms/it, NE 0.830717, loss 0.459750
Testing at - 11392/38372 of epoch 0,  NE 0.811753, loss 0.466339, accuracy 78.383 %, best 78.416 %
Finished training it 11520/38372 of epoch 0, 15.13 ms/it, NE 0.830497, loss 0.462288
Testing at - 11520/38372 of epoch 0,  NE 0.812664, loss 0.466863, accuracy 78.415 %, best 78.416 %
Finished training it 11648/38372 of epoch 0, 17.91 ms/it, NE 0.830292, loss 0.462145
Testing at - 11648/38372 of epoch 0,  NE 0.810202, loss 0.465448, accuracy 78.401 %, best 78.416 %
Finished training it 11776/38372 of epoch 0, 15.34 ms/it, NE 0.830090, loss 0.460802
Testing at - 11776/38372 of epoch 0,  NE 0.812960, loss 0.467033, accuracy 78.315 %, best 78.416 %
Finished training it 11904/38372 of epoch 0, 16.35 ms/it, NE 0.829836, loss 0.458182
Testing at - 11904/38372 of epoch 0,  NE 0.809607, loss 0.465106, accuracy 78.445 %, best 78.445 %
Finished training it 12032/38372 of epoch 0, 19.23 ms/it, NE 0.829582, loss 0.459082
Testing at - 12032/38372 of epoch 0,  NE 0.809747, loss 0.465187, accuracy 78.424 %, best 78.445 %
Finished training it 12160/38372 of epoch 0, 18.58 ms/it, NE 0.829362, loss 0.458865
Testing at - 12160/38372 of epoch 0,  NE 0.808795, loss 0.464640, accuracy 78.446 %, best 78.446 %
Finished training it 12288/38372 of epoch 0, 19.31 ms/it, NE 0.829146, loss 0.458597
Testing at - 12288/38372 of epoch 0,  NE 0.809359, loss 0.464964, accuracy 78.458 %, best 78.458 %
Finished training it 12416/38372 of epoch 0, 19.93 ms/it, NE 0.828963, loss 0.460703
Testing at - 12416/38372 of epoch 0,  NE 0.813865, loss 0.467552, accuracy 78.304 %, best 78.458 %
Finished training it 12544/38372 of epoch 0, 19.69 ms/it, NE 0.828755, loss 0.460238
Testing at - 12544/38372 of epoch 0,  NE 0.809926, loss 0.465290, accuracy 78.426 %, best 78.458 %
Finished training it 12672/38372 of epoch 0, 18.82 ms/it, NE 0.828512, loss 0.459321
Testing at - 12672/38372 of epoch 0,  NE 0.809952, loss 0.465304, accuracy 78.469 %, best 78.469 %
Finished training it 12800/38372 of epoch 0, 16.73 ms/it, NE 0.828309, loss 0.460313
Testing at - 12800/38372 of epoch 0,  NE 0.812813, loss 0.466948, accuracy 78.330 %, best 78.469 %
Finished training it 12928/38372 of epoch 0, 16.97 ms/it, NE 0.828134, loss 0.460859
Testing at - 12928/38372 of epoch 0,  NE 0.812399, loss 0.466710, accuracy 78.335 %, best 78.469 %
Finished training it 13056/38372 of epoch 0, 18.47 ms/it, NE 0.827970, loss 0.461151
Testing at - 13056/38372 of epoch 0,  NE 0.811236, loss 0.466042, accuracy 78.397 %, best 78.469 %
Finished training it 13184/38372 of epoch 0, 17.35 ms/it, NE 0.827821, loss 0.460050
Testing at - 13184/38372 of epoch 0,  NE 0.808785, loss 0.464634, accuracy 78.505 %, best 78.505 %
Finished training it 13312/38372 of epoch 0, 17.65 ms/it, NE 0.827634, loss 0.458269
Testing at - 13312/38372 of epoch 0,  NE 0.819116, loss 0.470569, accuracy 78.153 %, best 78.505 %
Finished training it 13440/38372 of epoch 0, 18.35 ms/it, NE 0.827442, loss 0.458944
Testing at - 13440/38372 of epoch 0,  NE 0.809232, loss 0.464891, accuracy 78.447 %, best 78.505 %
Finished training it 13568/38372 of epoch 0, 18.53 ms/it, NE 0.827223, loss 0.458432
Testing at - 13568/38372 of epoch 0,  NE 0.807675, loss 0.463996, accuracy 78.488 %, best 78.505 %
Finished training it 13696/38372 of epoch 0, 18.35 ms/it, NE 0.827026, loss 0.458954
Testing at - 13696/38372 of epoch 0,  NE 0.809622, loss 0.465115, accuracy 78.446 %, best 78.505 %
Finished training it 13824/38372 of epoch 0, 19.10 ms/it, NE 0.826864, loss 0.459437
Testing at - 13824/38372 of epoch 0,  NE 0.808359, loss 0.464390, accuracy 78.488 %, best 78.505 %
Finished training it 13952/38372 of epoch 0, 19.01 ms/it, NE 0.826714, loss 0.461616
Testing at - 13952/38372 of epoch 0,  NE 0.809824, loss 0.465231, accuracy 78.434 %, best 78.505 %
Finished training it 14080/38372 of epoch 0, 18.71 ms/it, NE 0.826556, loss 0.460406
Testing at - 14080/38372 of epoch 0,  NE 0.809124, loss 0.464829, accuracy 78.465 %, best 78.505 %
Finished training it 14208/38372 of epoch 0, 18.22 ms/it, NE 0.826391, loss 0.460398
Testing at - 14208/38372 of epoch 0,  NE 0.808416, loss 0.464422, accuracy 78.474 %, best 78.505 %
Finished training it 14336/38372 of epoch 0, 16.87 ms/it, NE 0.826231, loss 0.458382
Testing at - 14336/38372 of epoch 0,  NE 0.814856, loss 0.468122, accuracy 78.258 %, best 78.505 %
Finished training it 14464/38372 of epoch 0, 18.37 ms/it, NE 0.826031, loss 0.457597
Testing at - 14464/38372 of epoch 0,  NE 0.810513, loss 0.465627, accuracy 78.411 %, best 78.505 %
Finished training it 14592/38372 of epoch 0, 20.04 ms/it, NE 0.825909, loss 0.460582
Testing at - 14592/38372 of epoch 0,  NE 0.809194, loss 0.464869, accuracy 78.502 %, best 78.505 %
Finished training it 14720/38372 of epoch 0, 17.41 ms/it, NE 0.825715, loss 0.457244
Testing at - 14720/38372 of epoch 0,  NE 0.807614, loss 0.463961, accuracy 78.483 %, best 78.505 %
Finished training it 14848/38372 of epoch 0, 14.33 ms/it, NE 0.825555, loss 0.459697
Testing at - 14848/38372 of epoch 0,  NE 0.807077, loss 0.463653, accuracy 78.501 %, best 78.505 %
Finished training it 14976/38372 of epoch 0, 16.46 ms/it, NE 0.825393, loss 0.461650
Testing at - 14976/38372 of epoch 0,  NE 0.813930, loss 0.467590, accuracy 78.244 %, best 78.505 %
Finished training it 15104/38372 of epoch 0, 19.48 ms/it, NE 0.825218, loss 0.455613
Testing at - 15104/38372 of epoch 0,  NE 0.806459, loss 0.463298, accuracy 78.526 %, best 78.526 %
Finished training it 15232/38372 of epoch 0, 15.14 ms/it, NE 0.825056, loss 0.458345
Testing at - 15232/38372 of epoch 0,  NE 0.811418, loss 0.466146, accuracy 78.360 %, best 78.526 %
Finished training it 15360/38372 of epoch 0, 13.37 ms/it, NE 0.824892, loss 0.458707
Testing at - 15360/38372 of epoch 0,  NE 0.807580, loss 0.463942, accuracy 78.481 %, best 78.526 %
Finished training it 15488/38372 of epoch 0, 15.81 ms/it, NE 0.824761, loss 0.461276
Testing at - 15488/38372 of epoch 0,  NE 0.806969, loss 0.463591, accuracy 78.558 %, best 78.558 %
Finished training it 15616/38372 of epoch 0, 14.26 ms/it, NE 0.824608, loss 0.457648
Testing at - 15616/38372 of epoch 0,  NE 0.806288, loss 0.463200, accuracy 78.525 %, best 78.558 %
Finished training it 15744/38372 of epoch 0, 15.01 ms/it, NE 0.824450, loss 0.459601
Testing at - 15744/38372 of epoch 0,  NE 0.807872, loss 0.464109, accuracy 78.479 %, best 78.558 %
Finished training it 15872/38372 of epoch 0, 17.75 ms/it, NE 0.824323, loss 0.460593
Testing at - 15872/38372 of epoch 0,  NE 0.807062, loss 0.463644, accuracy 78.527 %, best 78.558 %
Finished training it 16000/38372 of epoch 0, 17.85 ms/it, NE 0.824167, loss 0.456697
Testing at - 16000/38372 of epoch 0,  NE 0.808630, loss 0.464545, accuracy 78.415 %, best 78.558 %
Finished training it 16128/38372 of epoch 0, 18.72 ms/it, NE 0.824022, loss 0.458288
Testing at - 16128/38372 of epoch 0,  NE 0.806929, loss 0.463568, accuracy 78.479 %, best 78.558 %
Finished training it 16256/38372 of epoch 0, 20.11 ms/it, NE 0.823890, loss 0.460421
Testing at - 16256/38372 of epoch 0,  NE 0.807627, loss 0.463969, accuracy 78.495 %, best 78.558 %
Finished training it 16384/38372 of epoch 0, 19.98 ms/it, NE 0.823773, loss 0.459732
Testing at - 16384/38372 of epoch 0,  NE 0.806354, loss 0.463238, accuracy 78.556 %, best 78.558 %
Finished training it 16512/38372 of epoch 0, 18.26 ms/it, NE 0.823627, loss 0.458775
Testing at - 16512/38372 of epoch 0,  NE 0.808578, loss 0.464515, accuracy 78.486 %, best 78.558 %
Finished training it 16640/38372 of epoch 0, 18.50 ms/it, NE 0.823478, loss 0.457141
Testing at - 16640/38372 of epoch 0,  NE 0.816276, loss 0.468938, accuracy 78.169 %, best 78.558 %
Finished training it 16768/38372 of epoch 0, 18.09 ms/it, NE 0.823327, loss 0.457790
Testing at - 16768/38372 of epoch 0,  NE 0.806769, loss 0.463476, accuracy 78.574 %, best 78.574 %
Finished training it 16896/38372 of epoch 0, 17.31 ms/it, NE 0.823180, loss 0.455523
Testing at - 16896/38372 of epoch 0,  NE 0.806805, loss 0.463496, accuracy 78.523 %, best 78.574 %
Finished training it 17024/38372 of epoch 0, 17.26 ms/it, NE 0.823055, loss 0.458380
Testing at - 17024/38372 of epoch 0,  NE 0.808200, loss 0.464298, accuracy 78.494 %, best 78.574 %
Finished training it 17152/38372 of epoch 0, 14.79 ms/it, NE 0.822926, loss 0.458363
Testing at - 17152/38372 of epoch 0,  NE 0.806771, loss 0.463477, accuracy 78.560 %, best 78.574 %
Finished training it 17280/38372 of epoch 0, 15.49 ms/it, NE 0.822795, loss 0.459385
Testing at - 17280/38372 of epoch 0,  NE 0.804983, loss 0.462450, accuracy 78.585 %, best 78.585 %
Finished training it 17408/38372 of epoch 0, 13.53 ms/it, NE 0.822678, loss 0.458433
Testing at - 17408/38372 of epoch 0,  NE 0.808354, loss 0.464386, accuracy 78.467 %, best 78.585 %
Finished training it 17536/38372 of epoch 0, 17.40 ms/it, NE 0.822513, loss 0.455198
Testing at - 17536/38372 of epoch 0,  NE 0.806921, loss 0.463563, accuracy 78.535 %, best 78.585 %
Finished training it 17664/38372 of epoch 0, 19.62 ms/it, NE 0.822395, loss 0.457264
Testing at - 17664/38372 of epoch 0,  NE 0.806471, loss 0.463305, accuracy 78.479 %, best 78.585 %
Finished training it 17792/38372 of epoch 0, 18.13 ms/it, NE 0.822249, loss 0.454774
Testing at - 17792/38372 of epoch 0,  NE 0.805211, loss 0.462581, accuracy 78.549 %, best 78.585 %
Finished training it 17920/38372 of epoch 0, 19.09 ms/it, NE 0.822125, loss 0.456381
Testing at - 17920/38372 of epoch 0,  NE 0.818439, loss 0.470180, accuracy 77.947 %, best 78.585 %
Finished training it 18048/38372 of epoch 0, 16.67 ms/it, NE 0.822016, loss 0.457598
Testing at - 18048/38372 of epoch 0,  NE 0.805085, loss 0.462509, accuracy 78.570 %, best 78.585 %
Finished training it 18176/38372 of epoch 0, 17.18 ms/it, NE 0.821888, loss 0.459793
Testing at - 18176/38372 of epoch 0,  NE 0.808737, loss 0.464607, accuracy 78.517 %, best 78.585 %
Finished training it 18304/38372 of epoch 0, 18.21 ms/it, NE 0.821753, loss 0.455613
Testing at - 18304/38372 of epoch 0,  NE 0.804159, loss 0.461976, accuracy 78.600 %, best 78.600 %
Finished training it 18432/38372 of epoch 0, 19.49 ms/it, NE 0.821628, loss 0.455967
Testing at - 18432/38372 of epoch 0,  NE 0.806450, loss 0.463292, accuracy 78.515 %, best 78.600 %
Finished training it 18560/38372 of epoch 0, 17.89 ms/it, NE 0.821481, loss 0.454828
Testing at - 18560/38372 of epoch 0,  NE 0.805234, loss 0.462594, accuracy 78.534 %, best 78.600 %
Finished training it 18688/38372 of epoch 0, 19.85 ms/it, NE 0.821343, loss 0.455475
Testing at - 18688/38372 of epoch 0,  NE 0.808425, loss 0.464427, accuracy 78.470 %, best 78.600 %
Finished training it 18816/38372 of epoch 0, 20.85 ms/it, NE 0.821238, loss 0.456809
Testing at - 18816/38372 of epoch 0,  NE 0.807400, loss 0.463838, accuracy 78.445 %, best 78.600 %
Finished training it 18944/38372 of epoch 0, 17.31 ms/it, NE 0.821088, loss 0.453209
Testing at - 18944/38372 of epoch 0,  NE 0.810166, loss 0.465427, accuracy 78.325 %, best 78.600 %
Finished training it 19072/38372 of epoch 0, 18.60 ms/it, NE 0.820963, loss 0.454934
Testing at - 19072/38372 of epoch 0,  NE 0.804396, loss 0.462113, accuracy 78.579 %, best 78.600 %
Finished training it 19200/38372 of epoch 0, 20.19 ms/it, NE 0.820848, loss 0.457255
Testing at - 19200/38372 of epoch 0,  NE 0.805282, loss 0.462622, accuracy 78.483 %, best 78.600 %
Finished training it 19328/38372 of epoch 0, 19.89 ms/it, NE 0.820723, loss 0.455621
Testing at - 19328/38372 of epoch 0,  NE 0.804028, loss 0.461901, accuracy 78.592 %, best 78.600 %
Finished training it 19456/38372 of epoch 0, 17.51 ms/it, NE 0.820613, loss 0.456248
Testing at - 19456/38372 of epoch 0,  NE 0.803206, loss 0.461429, accuracy 78.627 %, best 78.627 %
Finished training it 19584/38372 of epoch 0, 18.13 ms/it, NE 0.820494, loss 0.455954
Testing at - 19584/38372 of epoch 0,  NE 0.803780, loss 0.461759, accuracy 78.592 %, best 78.627 %
Finished training it 19712/38372 of epoch 0, 17.91 ms/it, NE 0.820370, loss 0.453659
Testing at - 19712/38372 of epoch 0,  NE 0.803686, loss 0.461705, accuracy 78.598 %, best 78.627 %
Finished training it 19840/38372 of epoch 0, 15.47 ms/it, NE 0.820246, loss 0.456616
Testing at - 19840/38372 of epoch 0,  NE 0.804310, loss 0.462063, accuracy 78.590 %, best 78.627 %
Finished training it 19968/38372 of epoch 0, 14.07 ms/it, NE 0.820138, loss 0.456587
Testing at - 19968/38372 of epoch 0,  NE 0.807824, loss 0.464082, accuracy 78.543 %, best 78.627 %
Finished training it 20096/38372 of epoch 0, 15.21 ms/it, NE 0.820039, loss 0.456856
Testing at - 20096/38372 of epoch 0,  NE 0.803971, loss 0.461868, accuracy 78.637 %, best 78.637 %
Finished training it 20224/38372 of epoch 0, 15.33 ms/it, NE 0.819950, loss 0.458065
Testing at - 20224/38372 of epoch 0,  NE 0.803728, loss 0.461729, accuracy 78.604 %, best 78.637 %
Finished training it 20352/38372 of epoch 0, 13.68 ms/it, NE 0.819862, loss 0.457846
Testing at - 20352/38372 of epoch 0,  NE 0.806628, loss 0.463395, accuracy 78.493 %, best 78.637 %
Finished training it 20480/38372 of epoch 0, 14.17 ms/it, NE 0.819760, loss 0.457774
Testing at - 20480/38372 of epoch 0,  NE 0.805878, loss 0.462964, accuracy 78.557 %, best 78.637 %
Finished training it 20608/38372 of epoch 0, 16.79 ms/it, NE 0.819675, loss 0.456851
Testing at - 20608/38372 of epoch 0,  NE 0.804247, loss 0.462027, accuracy 78.583 %, best 78.637 %
Finished training it 20736/38372 of epoch 0, 14.84 ms/it, NE 0.819582, loss 0.457313
Testing at - 20736/38372 of epoch 0,  NE 0.805922, loss 0.462989, accuracy 78.540 %, best 78.637 %
Finished training it 20864/38372 of epoch 0, 17.02 ms/it, NE 0.819488, loss 0.458377
Testing at - 20864/38372 of epoch 0,  NE 0.803176, loss 0.461412, accuracy 78.610 %, best 78.637 %
Finished training it 20992/38372 of epoch 0, 16.41 ms/it, NE 0.819405, loss 0.458188
Testing at - 20992/38372 of epoch 0,  NE 0.803716, loss 0.461722, accuracy 78.624 %, best 78.637 %
Finished training it 21120/38372 of epoch 0, 17.50 ms/it, NE 0.819305, loss 0.455689
Testing at - 21120/38372 of epoch 0,  NE 0.804032, loss 0.461903, accuracy 78.594 %, best 78.637 %
Finished training it 21248/38372 of epoch 0, 15.61 ms/it, NE 0.819204, loss 0.456647
Testing at - 21248/38372 of epoch 0,  NE 0.806293, loss 0.463203, accuracy 78.483 %, best 78.637 %
Finished training it 21376/38372 of epoch 0, 16.42 ms/it, NE 0.819089, loss 0.453270
Testing at - 21376/38372 of epoch 0,  NE 0.808136, loss 0.464261, accuracy 78.455 %, best 78.637 %
Finished training it 21504/38372 of epoch 0, 17.21 ms/it, NE 0.818991, loss 0.454961
Testing at - 21504/38372 of epoch 0,  NE 0.803534, loss 0.461618, accuracy 78.614 %, best 78.637 %
Finished training it 21632/38372 of epoch 0, 16.98 ms/it, NE 0.818905, loss 0.458110
Testing at - 21632/38372 of epoch 0,  NE 0.802685, loss 0.461130, accuracy 78.662 %, best 78.662 %
Finished training it 21760/38372 of epoch 0, 17.49 ms/it, NE 0.818800, loss 0.455524
Testing at - 21760/38372 of epoch 0,  NE 0.803928, loss 0.461844, accuracy 78.591 %, best 78.662 %
Finished training it 21888/38372 of epoch 0, 17.30 ms/it, NE 0.818696, loss 0.455386
Testing at - 21888/38372 of epoch 0,  NE 0.803967, loss 0.461866, accuracy 78.613 %, best 78.662 %
Finished training it 22016/38372 of epoch 0, 20.22 ms/it, NE 0.818598, loss 0.455229
Testing at - 22016/38372 of epoch 0,  NE 0.804258, loss 0.462033, accuracy 78.610 %, best 78.662 %
Finished training it 22144/38372 of epoch 0, 16.85 ms/it, NE 0.818474, loss 0.452496
Testing at - 22144/38372 of epoch 0,  NE 0.804363, loss 0.462094, accuracy 78.581 %, best 78.662 %
Finished training it 22272/38372 of epoch 0, 17.03 ms/it, NE 0.818371, loss 0.454383
Testing at - 22272/38372 of epoch 0,  NE 0.802763, loss 0.461174, accuracy 78.595 %, best 78.662 %
Finished training it 22400/38372 of epoch 0, 19.04 ms/it, NE 0.818270, loss 0.454972
Testing at - 22400/38372 of epoch 0,  NE 0.812996, loss 0.467054, accuracy 78.359 %, best 78.662 %
Finished training it 22528/38372 of epoch 0, 18.28 ms/it, NE 0.818186, loss 0.456633
Testing at - 22528/38372 of epoch 0,  NE 0.803821, loss 0.461782, accuracy 78.577 %, best 78.662 %
Finished training it 22656/38372 of epoch 0, 17.00 ms/it, NE 0.818111, loss 0.457290
Testing at - 22656/38372 of epoch 0,  NE 0.802099, loss 0.460793, accuracy 78.669 %, best 78.669 %
Finished training it 22784/38372 of epoch 0, 17.35 ms/it, NE 0.818033, loss 0.457556
Testing at - 22784/38372 of epoch 0,  NE 0.803218, loss 0.461436, accuracy 78.622 %, best 78.669 %
Finished training it 22912/38372 of epoch 0, 15.32 ms/it, NE 0.817947, loss 0.455609
Testing at - 22912/38372 of epoch 0,  NE 0.801892, loss 0.460674, accuracy 78.661 %, best 78.669 %
Finished training it 23040/38372 of epoch 0, 18.56 ms/it, NE 0.817859, loss 0.455994
Testing at - 23040/38372 of epoch 0,  NE 0.802878, loss 0.461240, accuracy 78.644 %, best 78.669 %
Finished training it 23168/38372 of epoch 0, 19.56 ms/it, NE 0.817783, loss 0.457829
Testing at - 23168/38372 of epoch 0,  NE 0.801891, loss 0.460674, accuracy 78.675 %, best 78.675 %
Finished training it 23296/38372 of epoch 0, 16.37 ms/it, NE 0.817694, loss 0.455202
Testing at - 23296/38372 of epoch 0,  NE 0.802751, loss 0.461168, accuracy 78.641 %, best 78.675 %
Finished training it 23424/38372 of epoch 0, 15.78 ms/it, NE 0.817604, loss 0.456722
Testing at - 23424/38372 of epoch 0,  NE 0.803488, loss 0.461591, accuracy 78.666 %, best 78.675 %
Finished training it 23552/38372 of epoch 0, 19.13 ms/it, NE 0.817511, loss 0.453885
Testing at - 23552/38372 of epoch 0,  NE 0.803135, loss 0.461388, accuracy 78.589 %, best 78.675 %
Finished training it 23680/38372 of epoch 0, 20.49 ms/it, NE 0.817448, loss 0.459369
Testing at - 23680/38372 of epoch 0,  NE 0.802279, loss 0.460897, accuracy 78.672 %, best 78.675 %
Finished training it 23808/38372 of epoch 0, 19.58 ms/it, NE 0.817388, loss 0.456144
Testing at - 23808/38372 of epoch 0,  NE 0.801510, loss 0.460455, accuracy 78.670 %, best 78.675 %
Finished training it 23936/38372 of epoch 0, 22.18 ms/it, NE 0.817308, loss 0.455058
Testing at - 23936/38372 of epoch 0,  NE 0.803242, loss 0.461450, accuracy 78.640 %, best 78.675 %
Finished training it 24064/38372 of epoch 0, 16.17 ms/it, NE 0.817209, loss 0.452315
Testing at - 24064/38372 of epoch 0,  NE 0.801940, loss 0.460702, accuracy 78.677 %, best 78.677 %
Finished training it 24192/38372 of epoch 0, 16.48 ms/it, NE 0.817123, loss 0.455810
Testing at - 24192/38372 of epoch 0,  NE 0.801835, loss 0.460642, accuracy 78.688 %, best 78.688 %
Finished training it 24320/38372 of epoch 0, 18.54 ms/it, NE 0.817034, loss 0.455522
Testing at - 24320/38372 of epoch 0,  NE 0.803051, loss 0.461340, accuracy 78.615 %, best 78.688 %
Finished training it 24448/38372 of epoch 0, 18.30 ms/it, NE 0.816960, loss 0.458232
Testing at - 24448/38372 of epoch 0,  NE 0.801737, loss 0.460585, accuracy 78.684 %, best 78.688 %
Finished training it 24576/38372 of epoch 0, 19.25 ms/it, NE 0.816880, loss 0.456324
Testing at - 24576/38372 of epoch 0,  NE 0.806643, loss 0.463404, accuracy 78.567 %, best 78.688 %
Finished training it 24704/38372 of epoch 0, 20.77 ms/it, NE 0.816791, loss 0.455970
Testing at - 24704/38372 of epoch 0,  NE 0.806756, loss 0.463468, accuracy 78.588 %, best 78.688 %
Finished training it 24832/38372 of epoch 0, 18.52 ms/it, NE 0.816703, loss 0.455222
Testing at - 24832/38372 of epoch 0,  NE 0.802085, loss 0.460785, accuracy 78.599 %, best 78.688 %
Finished training it 24960/38372 of epoch 0, 17.25 ms/it, NE 0.816634, loss 0.457668
Testing at - 24960/38372 of epoch 0,  NE 0.802693, loss 0.461135, accuracy 78.675 %, best 78.688 %
Finished training it 25088/38372 of epoch 0, 17.85 ms/it, NE 0.816562, loss 0.455803
Testing at - 25088/38372 of epoch 0,  NE 0.804644, loss 0.462255, accuracy 78.529 %, best 78.688 %
Finished training it 25216/38372 of epoch 0, 18.13 ms/it, NE 0.816496, loss 0.456448
Testing at - 25216/38372 of epoch 0,  NE 0.802940, loss 0.461277, accuracy 78.672 %, best 78.688 %
Finished training it 25344/38372 of epoch 0, 18.91 ms/it, NE 0.816423, loss 0.454460
Testing at - 25344/38372 of epoch 0,  NE 0.801472, loss 0.460433, accuracy 78.679 %, best 78.688 %
Finished training it 25472/38372 of epoch 0, 17.67 ms/it, NE 0.816340, loss 0.453846
Testing at - 25472/38372 of epoch 0,  NE 0.801986, loss 0.460728, accuracy 78.662 %, best 78.688 %
Finished training it 25600/38372 of epoch 0, 18.26 ms/it, NE 0.816251, loss 0.453454
Testing at - 25600/38372 of epoch 0,  NE 0.803189, loss 0.461420, accuracy 78.624 %, best 78.688 %
Finished training it 25728/38372 of epoch 0, 18.05 ms/it, NE 0.816186, loss 0.455578
Testing at - 25728/38372 of epoch 0,  NE 0.804151, loss 0.461972, accuracy 78.584 %, best 78.688 %
Finished training it 25856/38372 of epoch 0, 20.72 ms/it, NE 0.816114, loss 0.452910
Testing at - 25856/38372 of epoch 0,  NE 0.802033, loss 0.460755, accuracy 78.632 %, best 78.688 %
Finished training it 25984/38372 of epoch 0, 17.35 ms/it, NE 0.816031, loss 0.454165
Testing at - 25984/38372 of epoch 0,  NE 0.803480, loss 0.461586, accuracy 78.571 %, best 78.688 %
Finished training it 26112/38372 of epoch 0, 17.41 ms/it, NE 0.815954, loss 0.456149
Testing at - 26112/38372 of epoch 0,  NE 0.800559, loss 0.459908, accuracy 78.707 %, best 78.707 %
Finished training it 26240/38372 of epoch 0, 17.56 ms/it, NE 0.815870, loss 0.453988
Testing at - 26240/38372 of epoch 0,  NE 0.803065, loss 0.461348, accuracy 78.631 %, best 78.707 %
Finished training it 26368/38372 of epoch 0, 17.01 ms/it, NE 0.815784, loss 0.454766
Testing at - 26368/38372 of epoch 0,  NE 0.801471, loss 0.460432, accuracy 78.624 %, best 78.707 %
Finished training it 26496/38372 of epoch 0, 17.94 ms/it, NE 0.815700, loss 0.453396
Testing at - 26496/38372 of epoch 0,  NE 0.800891, loss 0.460099, accuracy 78.689 %, best 78.707 %
Finished training it 26624/38372 of epoch 0, 21.31 ms/it, NE 0.815618, loss 0.452416
Testing at - 26624/38372 of epoch 0,  NE 0.805011, loss 0.462466, accuracy 78.615 %, best 78.707 %
Finished training it 26752/38372 of epoch 0, 17.18 ms/it, NE 0.815530, loss 0.454073
Testing at - 26752/38372 of epoch 0,  NE 0.799962, loss 0.459565, accuracy 78.695 %, best 78.707 %
Finished training it 26880/38372 of epoch 0, 18.47 ms/it, NE 0.815452, loss 0.453443
Testing at - 26880/38372 of epoch 0,  NE 0.801404, loss 0.460394, accuracy 78.676 %, best 78.707 %
Finished training it 27008/38372 of epoch 0, 18.54 ms/it, NE 0.815352, loss 0.452597
Testing at - 27008/38372 of epoch 0,  NE 0.801357, loss 0.460367, accuracy 78.670 %, best 78.707 %
Finished training it 27136/38372 of epoch 0, 20.00 ms/it, NE 0.815279, loss 0.454383
Testing at - 27136/38372 of epoch 0,  NE 0.801674, loss 0.460549, accuracy 78.677 %, best 78.707 %
Finished training it 27264/38372 of epoch 0, 16.07 ms/it, NE 0.815213, loss 0.454883
Testing at - 27264/38372 of epoch 0,  NE 0.807542, loss 0.463920, accuracy 78.400 %, best 78.707 %
Finished training it 27392/38372 of epoch 0, 16.63 ms/it, NE 0.815137, loss 0.454277
Testing at - 27392/38372 of epoch 0,  NE 0.800714, loss 0.459997, accuracy 78.707 %, best 78.707 %
Finished training it 27520/38372 of epoch 0, 17.02 ms/it, NE 0.815053, loss 0.452803
Testing at - 27520/38372 of epoch 0,  NE 0.800365, loss 0.459797, accuracy 78.735 %, best 78.735 %
Finished training it 27648/38372 of epoch 0, 18.27 ms/it, NE 0.814965, loss 0.451534
Testing at - 27648/38372 of epoch 0,  NE 0.802249, loss 0.460879, accuracy 78.595 %, best 78.735 %
Finished training it 27776/38372 of epoch 0, 18.76 ms/it, NE 0.814898, loss 0.455475
Testing at - 27776/38372 of epoch 0,  NE 0.800833, loss 0.460066, accuracy 78.703 %, best 78.735 %
Finished training it 27904/38372 of epoch 0, 19.32 ms/it, NE 0.814818, loss 0.455391
Testing at - 27904/38372 of epoch 0,  NE 0.809279, loss 0.464918, accuracy 78.489 %, best 78.735 %
Finished training it 28032/38372 of epoch 0, 16.89 ms/it, NE 0.814754, loss 0.455412
Testing at - 28032/38372 of epoch 0,  NE 0.799650, loss 0.459386, accuracy 78.724 %, best 78.735 %
Finished training it 28160/38372 of epoch 0, 16.82 ms/it, NE 0.814684, loss 0.456436
Testing at - 28160/38372 of epoch 0,  NE 0.800493, loss 0.459870, accuracy 78.731 %, best 78.735 %
Finished training it 28288/38372 of epoch 0, 21.12 ms/it, NE 0.814602, loss 0.452206
Testing at - 28288/38372 of epoch 0,  NE 0.799730, loss 0.459432, accuracy 78.750 %, best 78.750 %
Finished training it 28416/38372 of epoch 0, 19.50 ms/it, NE 0.814538, loss 0.456670
Testing at - 28416/38372 of epoch 0,  NE 0.804668, loss 0.462269, accuracy 78.519 %, best 78.750 %
Finished training it 28544/38372 of epoch 0, 17.22 ms/it, NE 0.814484, loss 0.455222
Testing at - 28544/38372 of epoch 0,  NE 0.800382, loss 0.459807, accuracy 78.716 %, best 78.750 %
Finished training it 28672/38372 of epoch 0, 17.65 ms/it, NE 0.814406, loss 0.453929
Testing at - 28672/38372 of epoch 0,  NE 0.800517, loss 0.459884, accuracy 78.714 %, best 78.750 %
Finished training it 28800/38372 of epoch 0, 14.45 ms/it, NE 0.814335, loss 0.453491
Testing at - 28800/38372 of epoch 0,  NE 0.799721, loss 0.459427, accuracy 78.735 %, best 78.750 %
Finished training it 28928/38372 of epoch 0, 29.00 ms/it, NE 0.814264, loss 0.453572
Testing at - 28928/38372 of epoch 0,  NE 0.799520, loss 0.459311, accuracy 78.699 %, best 78.750 %
Finished training it 29056/38372 of epoch 0, 20.09 ms/it, NE 0.814191, loss 0.454935
Testing at - 29056/38372 of epoch 0,  NE 0.801533, loss 0.460468, accuracy 78.642 %, best 78.750 %
Finished training it 29184/38372 of epoch 0, 20.35 ms/it, NE 0.814131, loss 0.455385
Testing at - 29184/38372 of epoch 0,  NE 0.800381, loss 0.459806, accuracy 78.702 %, best 78.750 %
Finished training it 29312/38372 of epoch 0, 29.53 ms/it, NE 0.814069, loss 0.454258
Testing at - 29312/38372 of epoch 0,  NE 0.799167, loss 0.459109, accuracy 78.714 %, best 78.750 %
Finished training it 29440/38372 of epoch 0, 27.45 ms/it, NE 0.814005, loss 0.454449
Testing at - 29440/38372 of epoch 0,  NE 0.798822, loss 0.458911, accuracy 78.756 %, best 78.756 %
Finished training it 29568/38372 of epoch 0, 41.57 ms/it, NE 0.813943, loss 0.456848
Testing at - 29568/38372 of epoch 0,  NE 0.798971, loss 0.458996, accuracy 78.732 %, best 78.756 %
Finished training it 29696/38372 of epoch 0, 21.87 ms/it, NE 0.813880, loss 0.453018
Testing at - 29696/38372 of epoch 0,  NE 0.804705, loss 0.462290, accuracy 78.497 %, best 78.756 %
Finished training it 29824/38372 of epoch 0, 15.85 ms/it, NE 0.813824, loss 0.454591
Testing at - 29824/38372 of epoch 0,  NE 0.799202, loss 0.459129, accuracy 78.756 %, best 78.756 %
Finished training it 29952/38372 of epoch 0, 19.35 ms/it, NE 0.813756, loss 0.456882
Testing at - 29952/38372 of epoch 0,  NE 0.799576, loss 0.459344, accuracy 78.756 %, best 78.756 %
Finished training it 30080/38372 of epoch 0, 19.52 ms/it, NE 0.813690, loss 0.453836
Testing at - 30080/38372 of epoch 0,  NE 0.798935, loss 0.458975, accuracy 78.747 %, best 78.756 %
Finished training it 30208/38372 of epoch 0, 18.35 ms/it, NE 0.813621, loss 0.452079
Testing at - 30208/38372 of epoch 0,  NE 0.798968, loss 0.458994, accuracy 78.718 %, best 78.756 %
Finished training it 30336/38372 of epoch 0, 17.78 ms/it, NE 0.813552, loss 0.453954
Testing at - 30336/38372 of epoch 0,  NE 0.801833, loss 0.460641, accuracy 78.640 %, best 78.756 %
Finished training it 30464/38372 of epoch 0, 21.61 ms/it, NE 0.813493, loss 0.453914
Testing at - 30464/38372 of epoch 0,  NE 0.801705, loss 0.460567, accuracy 78.638 %, best 78.756 %
Finished training it 30592/38372 of epoch 0, 18.34 ms/it, NE 0.813435, loss 0.454321
Testing at - 30592/38372 of epoch 0,  NE 0.798791, loss 0.458892, accuracy 78.738 %, best 78.756 %
Finished training it 30720/38372 of epoch 0, 18.07 ms/it, NE 0.813367, loss 0.454237
Testing at - 30720/38372 of epoch 0,  NE 0.801816, loss 0.460630, accuracy 78.695 %, best 78.756 %
Finished training it 30848/38372 of epoch 0, 19.15 ms/it, NE 0.813298, loss 0.452308
Testing at - 30848/38372 of epoch 0,  NE 0.797878, loss 0.458368, accuracy 78.760 %, best 78.760 %
Finished training it 30976/38372 of epoch 0, 17.14 ms/it, NE 0.813227, loss 0.451915
Testing at - 30976/38372 of epoch 0,  NE 0.798382, loss 0.458658, accuracy 78.759 %, best 78.760 %
Finished training it 31104/38372 of epoch 0, 16.69 ms/it, NE 0.813163, loss 0.452702
Testing at - 31104/38372 of epoch 0,  NE 0.799642, loss 0.459382, accuracy 78.763 %, best 78.763 %
Finished training it 31232/38372 of epoch 0, 20.95 ms/it, NE 0.813112, loss 0.455257
Testing at - 31232/38372 of epoch 0,  NE 0.802077, loss 0.460781, accuracy 78.602 %, best 78.763 %
Finished training it 31360/38372 of epoch 0, 16.45 ms/it, NE 0.813046, loss 0.453745
Testing at - 31360/38372 of epoch 0,  NE 0.798847, loss 0.458925, accuracy 78.756 %, best 78.763 %
Finished training it 31488/38372 of epoch 0, 17.15 ms/it, NE 0.812992, loss 0.454096
Testing at - 31488/38372 of epoch 0,  NE 0.799191, loss 0.459123, accuracy 78.736 %, best 78.763 %
Finished training it 31616/38372 of epoch 0, 15.31 ms/it, NE 0.812909, loss 0.452184
Testing at - 31616/38372 of epoch 0,  NE 0.798861, loss 0.458933, accuracy 78.744 %, best 78.763 %
Finished training it 31744/38372 of epoch 0, 16.57 ms/it, NE 0.812841, loss 0.452722
Testing at - 31744/38372 of epoch 0,  NE 0.797811, loss 0.458330, accuracy 78.743 %, best 78.763 %
Finished training it 31872/38372 of epoch 0, 14.96 ms/it, NE 0.812779, loss 0.453554
Testing at - 31872/38372 of epoch 0,  NE 0.800148, loss 0.459672, accuracy 78.693 %, best 78.763 %
Finished training it 32000/38372 of epoch 0, 15.55 ms/it, NE 0.812727, loss 0.454871
Testing at - 32000/38372 of epoch 0,  NE 0.798986, loss 0.459005, accuracy 78.757 %, best 78.763 %
Finished training it 32128/38372 of epoch 0, 15.62 ms/it, NE 0.812665, loss 0.453317
Testing at - 32128/38372 of epoch 0,  NE 0.799682, loss 0.459404, accuracy 78.751 %, best 78.763 %
Finished training it 32256/38372 of epoch 0, 13.33 ms/it, NE 0.812600, loss 0.452735
Testing at - 32256/38372 of epoch 0,  NE 0.800661, loss 0.459967, accuracy 78.685 %, best 78.763 %
Finished training it 32384/38372 of epoch 0, 16.15 ms/it, NE 0.812539, loss 0.451268
Testing at - 32384/38372 of epoch 0,  NE 0.804163, loss 0.461979, accuracy 78.589 %, best 78.763 %
Finished training it 32512/38372 of epoch 0, 15.43 ms/it, NE 0.812475, loss 0.451804
Testing at - 32512/38372 of epoch 0,  NE 0.799347, loss 0.459212, accuracy 78.719 %, best 78.763 %
Finished training it 32640/38372 of epoch 0, 19.35 ms/it, NE 0.812414, loss 0.454452
Testing at - 32640/38372 of epoch 0,  NE 0.798547, loss 0.458752, accuracy 78.754 %, best 78.763 %
Finished training it 32768/38372 of epoch 0, 17.15 ms/it, NE 0.812358, loss 0.452728
Testing at - 32768/38372 of epoch 0,  NE 0.801848, loss 0.460649, accuracy 78.618 %, best 78.763 %
Finished training it 32896/38372 of epoch 0, 16.69 ms/it, NE 0.812302, loss 0.455029
Testing at - 32896/38372 of epoch 0,  NE 0.802539, loss 0.461046, accuracy 78.643 %, best 78.763 %
Finished training it 33024/38372 of epoch 0, 14.60 ms/it, NE 0.812245, loss 0.454901
Testing at - 33024/38372 of epoch 0,  NE 0.800075, loss 0.459631, accuracy 78.730 %, best 78.763 %
Finished training it 33152/38372 of epoch 0, 18.72 ms/it, NE 0.812182, loss 0.451741
Testing at - 33152/38372 of epoch 0,  NE 0.797047, loss 0.457891, accuracy 78.799 %, best 78.799 %
Finished training it 33280/38372 of epoch 0, 16.26 ms/it, NE 0.812117, loss 0.452275
Testing at - 33280/38372 of epoch 0,  NE 0.801205, loss 0.460280, accuracy 78.746 %, best 78.799 %
Finished training it 33408/38372 of epoch 0, 17.78 ms/it, NE 0.812063, loss 0.454996
Testing at - 33408/38372 of epoch 0,  NE 0.811460, loss 0.466171, accuracy 78.216 %, best 78.799 %
Finished training it 33536/38372 of epoch 0, 20.05 ms/it, NE 0.812021, loss 0.455037
Testing at - 33536/38372 of epoch 0,  NE 0.804868, loss 0.462384, accuracy 78.595 %, best 78.799 %
Finished training it 33664/38372 of epoch 0, 16.51 ms/it, NE 0.811962, loss 0.451678
Testing at - 33664/38372 of epoch 0,  NE 0.800479, loss 0.459863, accuracy 78.738 %, best 78.799 %
Finished training it 33792/38372 of epoch 0, 16.97 ms/it, NE 0.811903, loss 0.453772
Testing at - 33792/38372 of epoch 0,  NE 0.797253, loss 0.458009, accuracy 78.796 %, best 78.799 %
Finished training it 33920/38372 of epoch 0, 17.93 ms/it, NE 0.811836, loss 0.450111
Testing at - 33920/38372 of epoch 0,  NE 0.797229, loss 0.457995, accuracy 78.803 %, best 78.803 %
Finished training it 34048/38372 of epoch 0, 17.66 ms/it, NE 0.811784, loss 0.453657
Testing at - 34048/38372 of epoch 0,  NE 0.801171, loss 0.460260, accuracy 78.629 %, best 78.803 %
Finished training it 34176/38372 of epoch 0, 16.98 ms/it, NE 0.811729, loss 0.452740
Testing at - 34176/38372 of epoch 0,  NE 0.798308, loss 0.458615, accuracy 78.773 %, best 78.803 %
Finished training it 34304/38372 of epoch 0, 19.72 ms/it, NE 0.811672, loss 0.453215
Testing at - 34304/38372 of epoch 0,  NE 0.799319, loss 0.459196, accuracy 78.745 %, best 78.803 %
Finished training it 34432/38372 of epoch 0, 19.11 ms/it, NE 0.811623, loss 0.454664
Testing at - 34432/38372 of epoch 0,  NE 0.799354, loss 0.459216, accuracy 78.778 %, best 78.803 %
Finished training it 34560/38372 of epoch 0, 16.54 ms/it, NE 0.811569, loss 0.453213
Testing at - 34560/38372 of epoch 0,  NE 0.799042, loss 0.459037, accuracy 78.722 %, best 78.803 %
Finished training it 34688/38372 of epoch 0, 19.25 ms/it, NE 0.811507, loss 0.450385
Testing at - 34688/38372 of epoch 0,  NE 0.798019, loss 0.458449, accuracy 78.767 %, best 78.803 %
Finished training it 34816/38372 of epoch 0, 17.18 ms/it, NE 0.811458, loss 0.455990
Testing at - 34816/38372 of epoch 0,  NE 0.800754, loss 0.460020, accuracy 78.612 %, best 78.803 %
Finished training it 34944/38372 of epoch 0, 18.47 ms/it, NE 0.811415, loss 0.455954
Testing at - 34944/38372 of epoch 0,  NE 0.797796, loss 0.458321, accuracy 78.803 %, best 78.803 %
Finished training it 35072/38372 of epoch 0, 15.84 ms/it, NE 0.811364, loss 0.453831
Testing at - 35072/38372 of epoch 0,  NE 0.798043, loss 0.458463, accuracy 78.789 %, best 78.803 %
Finished training it 35200/38372 of epoch 0, 17.11 ms/it, NE 0.811319, loss 0.451592
Testing at - 35200/38372 of epoch 0,  NE 0.797735, loss 0.458286, accuracy 78.762 %, best 78.803 %
Finished training it 35328/38372 of epoch 0, 18.22 ms/it, NE 0.811263, loss 0.450769
Testing at - 35328/38372 of epoch 0,  NE 0.797106, loss 0.457925, accuracy 78.801 %, best 78.803 %
Finished training it 35456/38372 of epoch 0, 17.71 ms/it, NE 0.811216, loss 0.454041
Testing at - 35456/38372 of epoch 0,  NE 0.799720, loss 0.459426, accuracy 78.725 %, best 78.803 %
Finished training it 35584/38372 of epoch 0, 17.75 ms/it, NE 0.811169, loss 0.452174
Testing at - 35584/38372 of epoch 0,  NE 0.799112, loss 0.459077, accuracy 78.693 %, best 78.803 %
Finished training it 35712/38372 of epoch 0, 17.75 ms/it, NE 0.811118, loss 0.452198
Testing at - 35712/38372 of epoch 0,  NE 0.797959, loss 0.458415, accuracy 78.779 %, best 78.803 %
Finished training it 35840/38372 of epoch 0, 16.95 ms/it, NE 0.811077, loss 0.454418
Testing at - 35840/38372 of epoch 0,  NE 0.797024, loss 0.457878, accuracy 78.809 %, best 78.809 %
Finished training it 35968/38372 of epoch 0, 17.89 ms/it, NE 0.811016, loss 0.450557
Testing at - 35968/38372 of epoch 0,  NE 0.797331, loss 0.458054, accuracy 78.817 %, best 78.817 %
Finished training it 36096/38372 of epoch 0, 15.80 ms/it, NE 0.810959, loss 0.451912
Testing at - 36096/38372 of epoch 0,  NE 0.801494, loss 0.460446, accuracy 78.561 %, best 78.817 %
Finished training it 36224/38372 of epoch 0, 16.38 ms/it, NE 0.810904, loss 0.450711
Testing at - 36224/38372 of epoch 0,  NE 0.799694, loss 0.459411, accuracy 78.702 %, best 78.817 %
Finished training it 36352/38372 of epoch 0, 14.12 ms/it, NE 0.810860, loss 0.454681
Testing at - 36352/38372 of epoch 0,  NE 0.798021, loss 0.458451, accuracy 78.773 %, best 78.817 %
Finished training it 36480/38372 of epoch 0, 15.76 ms/it, NE 0.810811, loss 0.450836
Testing at - 36480/38372 of epoch 0,  NE 0.802926, loss 0.461268, accuracy 78.647 %, best 78.817 %
Finished training it 36608/38372 of epoch 0, 16.03 ms/it, NE 0.810751, loss 0.453182
Testing at - 36608/38372 of epoch 0,  NE 0.797644, loss 0.458234, accuracy 78.780 %, best 78.817 %
Finished training it 36736/38372 of epoch 0, 19.55 ms/it, NE 0.810698, loss 0.453692
Testing at - 36736/38372 of epoch 0,  NE 0.798619, loss 0.458794, accuracy 78.764 %, best 78.817 %
Finished training it 36864/38372 of epoch 0, 19.15 ms/it, NE 0.810645, loss 0.451978
Testing at - 36864/38372 of epoch 0,  NE 0.797716, loss 0.458275, accuracy 78.772 %, best 78.817 %
Finished training it 36992/38372 of epoch 0, 18.57 ms/it, NE 0.810597, loss 0.452081
Testing at - 36992/38372 of epoch 0,  NE 0.796740, loss 0.457714, accuracy 78.796 %, best 78.817 %
Finished training it 37120/38372 of epoch 0, 18.86 ms/it, NE 0.810546, loss 0.453443
Testing at - 37120/38372 of epoch 0,  NE 0.798387, loss 0.458660, accuracy 78.762 %, best 78.817 %
Finished training it 37248/38372 of epoch 0, 20.16 ms/it, NE 0.810509, loss 0.455880
Testing at - 37248/38372 of epoch 0,  NE 0.797094, loss 0.457918, accuracy 78.807 %, best 78.817 %
Finished training it 37376/38372 of epoch 0, 17.78 ms/it, NE 0.810463, loss 0.455749
Testing at - 37376/38372 of epoch 0,  NE 0.797091, loss 0.457916, accuracy 78.839 %, best 78.839 %
Finished training it 37504/38372 of epoch 0, 22.63 ms/it, NE 0.810412, loss 0.452506
Testing at - 37504/38372 of epoch 0,  NE 0.797730, loss 0.458283, accuracy 78.794 %, best 78.839 %
Finished training it 37632/38372 of epoch 0, 18.68 ms/it, NE 0.810369, loss 0.451887
Testing at - 37632/38372 of epoch 0,  NE 0.797432, loss 0.458112, accuracy 78.808 %, best 78.839 %
Finished training it 37760/38372 of epoch 0, 17.64 ms/it, NE 0.810317, loss 0.451646
Testing at - 37760/38372 of epoch 0,  NE 0.798318, loss 0.458621, accuracy 78.739 %, best 78.839 %
Finished training it 37888/38372 of epoch 0, 19.69 ms/it, NE 0.810270, loss 0.452813
Testing at - 37888/38372 of epoch 0,  NE 0.799507, loss 0.459304, accuracy 78.733 %, best 78.839 %
Finished training it 38016/38372 of epoch 0, 20.75 ms/it, NE 0.810228, loss 0.453027
Testing at - 38016/38372 of epoch 0,  NE 0.797069, loss 0.457903, accuracy 78.803 %, best 78.839 %
Finished training it 38144/38372 of epoch 0, 15.46 ms/it, NE 0.810176, loss 0.450217
Testing at - 38144/38372 of epoch 0,  NE 0.798575, loss 0.458769, accuracy 78.683 %, best 78.839 %
Finished training it 38272/38372 of epoch 0, 14.56 ms/it, NE 0.810120, loss 0.451669
Testing at - 38272/38372 of epoch 0,  NE 0.795370, loss 0.456928, accuracy 78.824 %, best 78.839 %
Finished training it 38372/38372 of epoch 0, 15.01 ms/it, NE 0.810077, loss 0.453619
Testing at - 38372/38372 of epoch 0,  NE 0.822557, loss 0.472546, accuracy 77.915 %, best 78.839 %
