NCCL version 2.9.6+cudaCUDA_MAJOR.CUDA_MINOR
Unable to import mlperf_logging,  No module named 'mlperf_logging'
world size: 1, current rank: 0, local rank: 0
Using 2 GPU(s)...
Reading pre-processed data=./input/kaggleAdDisplayChallenge_processed.npz
Sparse fea = 26, Dense fea = 13
Defined train indices...
Randomized indices across days ...
Split data according to indices...
Reading pre-processed data=./input/kaggleAdDisplayChallenge_processed.npz
Sparse fea = 26, Dense fea = 13
Defined test indices...
Randomized indices across days ...
Split data according to indices...
DLRM_Net(
  (bot_l): Sequential(
    (0): Linear(in_features=13, out_features=512, bias=True)
    (1): ReLU()
    (2): Linear(in_features=512, out_features=256, bias=True)
    (3): ReLU()
    (4): Linear(in_features=256, out_features=64, bias=True)
    (5): ReLU()
    (6): Linear(in_features=64, out_features=16, bias=True)
    (7): ReLU()
  )
  (top_l): Sequential(
    (0): Linear(in_features=367, out_features=512, bias=True)
    (1): ReLU()
    (2): Linear(in_features=512, out_features=256, bias=True)
    (3): ReLU()
    (4): Linear(in_features=256, out_features=1, bias=True)
    (5): Sigmoid()
  )
  (loss_fn): BCELoss()
)
Random uniform embeddings init: 0 size: 1461 dim: 16
Random uniform embeddings init: 1 size: 584 dim: 16
Random uniform embeddings init: 2 size: 10131227 dim: 16
Random uniform embeddings init: 3 size: 2202608 dim: 16
Random uniform embeddings init: 4 size: 306 dim: 16
Random uniform embeddings init: 5 size: 24 dim: 16
Random uniform embeddings init: 6 size: 12518 dim: 16
Random uniform embeddings init: 7 size: 634 dim: 16
Random uniform embeddings init: 8 size: 4 dim: 16
Random uniform embeddings init: 9 size: 93146 dim: 16
Random uniform embeddings init: 10 size: 5684 dim: 16
Random uniform embeddings init: 11 size: 8351593 dim: 16
Random uniform embeddings init: 12 size: 3195 dim: 16
Random uniform embeddings init: 13 size: 28 dim: 16
Random uniform embeddings init: 14 size: 14993 dim: 16
Random uniform embeddings init: 15 size: 5461306 dim: 16
Random uniform embeddings init: 16 size: 11 dim: 16
Random uniform embeddings init: 17 size: 5653 dim: 16
Random uniform embeddings init: 18 size: 2173 dim: 16
Random uniform embeddings init: 19 size: 4 dim: 16
Random uniform embeddings init: 20 size: 7046547 dim: 16
Random uniform embeddings init: 21 size: 18 dim: 16
Random uniform embeddings init: 22 size: 16 dim: 16
Random uniform embeddings init: 23 size: 286181 dim: 16
Random uniform embeddings init: 24 size: 105 dim: 16
Random uniform embeddings init: 25 size: 142572 dim: 16
time/loss/accuracy (if enabled):
Finished training it 128/38372 of epoch 0, 2075.01 ms/it, NE 0.947722, loss 0.538975
Testing at - 128/38372 of epoch 0,  NE 0.939761, loss 0.539878, accuracy 74.812 %, best 74.812 %
Finished training it 256/38372 of epoch 0, 14.86 ms/it, NE 0.926838, loss 0.515411
Testing at - 256/38372 of epoch 0,  NE 0.897843, loss 0.515796, accuracy 75.605 %, best 75.605 %
Finished training it 384/38372 of epoch 0, 14.51 ms/it, NE 0.917969, loss 0.511718
Testing at - 384/38372 of epoch 0,  NE 0.887821, loss 0.510039, accuracy 75.911 %, best 75.911 %
Finished training it 512/38372 of epoch 0, 15.05 ms/it, NE 0.911070, loss 0.503058
Testing at - 512/38372 of epoch 0,  NE 0.889459, loss 0.510980, accuracy 75.739 %, best 75.911 %
Finished training it 640/38372 of epoch 0, 15.31 ms/it, NE 0.906167, loss 0.504188
Testing at - 640/38372 of epoch 0,  NE 0.877721, loss 0.504237, accuracy 76.322 %, best 76.322 %
Finished training it 768/38372 of epoch 0, 16.16 ms/it, NE 0.902016, loss 0.500617
Testing at - 768/38372 of epoch 0,  NE 0.888235, loss 0.510277, accuracy 75.898 %, best 76.322 %
Finished training it 896/38372 of epoch 0, 16.03 ms/it, NE 0.898155, loss 0.495958
Testing at - 896/38372 of epoch 0,  NE 0.866184, loss 0.497609, accuracy 76.623 %, best 76.623 %
Finished training it 1024/38372 of epoch 0, 15.34 ms/it, NE 0.894439, loss 0.494275
Testing at - 1024/38372 of epoch 0,  NE 0.867544, loss 0.498390, accuracy 76.638 %, best 76.638 %
Finished training it 1152/38372 of epoch 0, 14.92 ms/it, NE 0.891055, loss 0.489925
Testing at - 1152/38372 of epoch 0,  NE 0.858086, loss 0.492957, accuracy 76.895 %, best 76.895 %
Finished training it 1280/38372 of epoch 0, 14.40 ms/it, NE 0.888054, loss 0.489906
Testing at - 1280/38372 of epoch 0,  NE 0.851679, loss 0.489276, accuracy 77.035 %, best 77.035 %
Finished training it 1408/38372 of epoch 0, 14.55 ms/it, NE 0.885017, loss 0.485929
Testing at - 1408/38372 of epoch 0,  NE 0.857509, loss 0.492626, accuracy 77.057 %, best 77.057 %
Finished training it 1536/38372 of epoch 0, 15.01 ms/it, NE 0.881995, loss 0.479216
Testing at - 1536/38372 of epoch 0,  NE 0.847257, loss 0.486736, accuracy 77.265 %, best 77.265 %
Finished training it 1664/38372 of epoch 0, 14.52 ms/it, NE 0.879447, loss 0.483947
Testing at - 1664/38372 of epoch 0,  NE 0.846421, loss 0.486255, accuracy 77.312 %, best 77.312 %
Finished training it 1792/38372 of epoch 0, 16.43 ms/it, NE 0.877038, loss 0.481120
Testing at - 1792/38372 of epoch 0,  NE 0.841656, loss 0.483518, accuracy 77.385 %, best 77.385 %
Finished training it 1920/38372 of epoch 0, 19.25 ms/it, NE 0.874670, loss 0.477970
Testing at - 1920/38372 of epoch 0,  NE 0.851294, loss 0.489055, accuracy 77.179 %, best 77.385 %
Finished training it 2048/38372 of epoch 0, 15.10 ms/it, NE 0.872355, loss 0.477450
Testing at - 2048/38372 of epoch 0,  NE 0.837906, loss 0.481364, accuracy 77.442 %, best 77.442 %
Finished training it 2176/38372 of epoch 0, 17.39 ms/it, NE 0.870007, loss 0.473943
Testing at - 2176/38372 of epoch 0,  NE 0.832923, loss 0.478501, accuracy 77.596 %, best 77.596 %
Finished training it 2304/38372 of epoch 0, 15.95 ms/it, NE 0.868149, loss 0.476077
Testing at - 2304/38372 of epoch 0,  NE 0.847343, loss 0.486785, accuracy 77.003 %, best 77.596 %
Finished training it 2432/38372 of epoch 0, 20.25 ms/it, NE 0.866259, loss 0.474214
Testing at - 2432/38372 of epoch 0,  NE 0.834012, loss 0.479127, accuracy 77.639 %, best 77.639 %
Finished training it 2560/38372 of epoch 0, 15.86 ms/it, NE 0.864639, loss 0.473365
Testing at - 2560/38372 of epoch 0,  NE 0.829458, loss 0.476510, accuracy 77.663 %, best 77.663 %
Finished training it 2688/38372 of epoch 0, 17.50 ms/it, NE 0.863056, loss 0.472419
Testing at - 2688/38372 of epoch 0,  NE 0.829878, loss 0.476752, accuracy 77.772 %, best 77.772 %
Finished training it 2816/38372 of epoch 0, 16.32 ms/it, NE 0.861559, loss 0.471225
Testing at - 2816/38372 of epoch 0,  NE 0.825602, loss 0.474295, accuracy 77.807 %, best 77.807 %
Finished training it 2944/38372 of epoch 0, 16.74 ms/it, NE 0.860114, loss 0.473004
Testing at - 2944/38372 of epoch 0,  NE 0.825881, loss 0.474456, accuracy 77.757 %, best 77.807 %
Finished training it 3072/38372 of epoch 0, 19.55 ms/it, NE 0.858722, loss 0.468396
Testing at - 3072/38372 of epoch 0,  NE 0.826610, loss 0.474875, accuracy 77.780 %, best 77.807 %
Finished training it 3200/38372 of epoch 0, 17.95 ms/it, NE 0.857328, loss 0.467903
Testing at - 3200/38372 of epoch 0,  NE 0.834684, loss 0.479513, accuracy 77.372 %, best 77.807 %
Finished training it 3328/38372 of epoch 0, 17.03 ms/it, NE 0.856037, loss 0.467819
Testing at - 3328/38372 of epoch 0,  NE 0.822136, loss 0.472304, accuracy 77.910 %, best 77.910 %
Finished training it 3456/38372 of epoch 0, 17.04 ms/it, NE 0.854735, loss 0.465679
Testing at - 3456/38372 of epoch 0,  NE 0.823424, loss 0.473044, accuracy 77.862 %, best 77.910 %
Finished training it 3584/38372 of epoch 0, 17.84 ms/it, NE 0.853672, loss 0.467415
Testing at - 3584/38372 of epoch 0,  NE 0.821555, loss 0.471970, accuracy 77.966 %, best 77.966 %
Finished training it 3712/38372 of epoch 0, 15.68 ms/it, NE 0.852740, loss 0.468938
Testing at - 3712/38372 of epoch 0,  NE 0.824629, loss 0.473736, accuracy 77.766 %, best 77.966 %
Finished training it 3840/38372 of epoch 0, 17.25 ms/it, NE 0.851706, loss 0.466824
Testing at - 3840/38372 of epoch 0,  NE 0.823212, loss 0.472922, accuracy 77.976 %, best 77.976 %
Finished training it 3968/38372 of epoch 0, 16.56 ms/it, NE 0.850778, loss 0.468444
Testing at - 3968/38372 of epoch 0,  NE 0.827938, loss 0.475637, accuracy 77.735 %, best 77.976 %
Finished training it 4096/38372 of epoch 0, 16.89 ms/it, NE 0.849774, loss 0.466806
Testing at - 4096/38372 of epoch 0,  NE 0.820129, loss 0.471151, accuracy 77.976 %, best 77.976 %
Finished training it 4224/38372 of epoch 0, 16.83 ms/it, NE 0.848825, loss 0.465782
Testing at - 4224/38372 of epoch 0,  NE 0.818905, loss 0.470448, accuracy 78.009 %, best 78.009 %
Finished training it 4352/38372 of epoch 0, 18.86 ms/it, NE 0.847865, loss 0.464156
Testing at - 4352/38372 of epoch 0,  NE 0.826124, loss 0.474595, accuracy 77.693 %, best 78.009 %
Finished training it 4480/38372 of epoch 0, 15.89 ms/it, NE 0.847154, loss 0.468463
Testing at - 4480/38372 of epoch 0,  NE 0.821568, loss 0.471978, accuracy 78.006 %, best 78.009 %
Finished training it 4608/38372 of epoch 0, 15.73 ms/it, NE 0.846332, loss 0.464836
Testing at - 4608/38372 of epoch 0,  NE 0.825693, loss 0.474347, accuracy 77.908 %, best 78.009 %
Finished training it 4736/38372 of epoch 0, 16.70 ms/it, NE 0.845547, loss 0.463192
Testing at - 4736/38372 of epoch 0,  NE 0.830189, loss 0.476930, accuracy 77.672 %, best 78.009 %
Finished training it 4864/38372 of epoch 0, 16.62 ms/it, NE 0.844847, loss 0.465938
Testing at - 4864/38372 of epoch 0,  NE 0.818968, loss 0.470484, accuracy 78.070 %, best 78.070 %
Finished training it 4992/38372 of epoch 0, 17.22 ms/it, NE 0.844110, loss 0.463913
Testing at - 4992/38372 of epoch 0,  NE 0.816836, loss 0.469259, accuracy 78.051 %, best 78.070 %
Finished training it 5120/38372 of epoch 0, 17.18 ms/it, NE 0.843369, loss 0.463990
Testing at - 5120/38372 of epoch 0,  NE 0.818389, loss 0.470152, accuracy 78.024 %, best 78.070 %
Finished training it 5248/38372 of epoch 0, 14.59 ms/it, NE 0.842720, loss 0.464133
Testing at - 5248/38372 of epoch 0,  NE 0.816453, loss 0.469039, accuracy 78.110 %, best 78.110 %
Finished training it 5376/38372 of epoch 0, 17.68 ms/it, NE 0.842112, loss 0.463223
Testing at - 5376/38372 of epoch 0,  NE 0.815304, loss 0.468379, accuracy 78.114 %, best 78.114 %
Finished training it 5504/38372 of epoch 0, 15.04 ms/it, NE 0.841533, loss 0.464209
Testing at - 5504/38372 of epoch 0,  NE 0.815168, loss 0.468301, accuracy 78.146 %, best 78.146 %
Finished training it 5632/38372 of epoch 0, 15.28 ms/it, NE 0.840960, loss 0.464182
Testing at - 5632/38372 of epoch 0,  NE 0.814540, loss 0.467940, accuracy 78.138 %, best 78.146 %
Finished training it 5760/38372 of epoch 0, 17.79 ms/it, NE 0.840373, loss 0.463920
Testing at - 5760/38372 of epoch 0,  NE 0.814650, loss 0.468004, accuracy 78.149 %, best 78.149 %
Finished training it 5888/38372 of epoch 0, 15.09 ms/it, NE 0.839884, loss 0.465562
Testing at - 5888/38372 of epoch 0,  NE 0.822138, loss 0.472305, accuracy 77.878 %, best 78.149 %
Finished training it 6016/38372 of epoch 0, 14.52 ms/it, NE 0.839417, loss 0.464309
Testing at - 6016/38372 of epoch 0,  NE 0.815901, loss 0.468722, accuracy 78.036 %, best 78.149 %
Finished training it 6144/38372 of epoch 0, 17.59 ms/it, NE 0.838851, loss 0.459856
Testing at - 6144/38372 of epoch 0,  NE 0.813306, loss 0.467232, accuracy 78.167 %, best 78.167 %
Finished training it 6272/38372 of epoch 0, 14.11 ms/it, NE 0.838305, loss 0.462167
Testing at - 6272/38372 of epoch 0,  NE 0.816987, loss 0.469346, accuracy 78.102 %, best 78.167 %
Finished training it 6400/38372 of epoch 0, 17.32 ms/it, NE 0.837822, loss 0.464036
Testing at - 6400/38372 of epoch 0,  NE 0.813493, loss 0.467339, accuracy 78.148 %, best 78.167 %
Finished training it 6528/38372 of epoch 0, 15.17 ms/it, NE 0.837329, loss 0.464097
Testing at - 6528/38372 of epoch 0,  NE 0.819405, loss 0.470735, accuracy 77.889 %, best 78.167 %
Finished training it 6656/38372 of epoch 0, 17.21 ms/it, NE 0.836850, loss 0.462421
Testing at - 6656/38372 of epoch 0,  NE 0.812093, loss 0.466534, accuracy 78.239 %, best 78.239 %
Finished training it 6784/38372 of epoch 0, 14.58 ms/it, NE 0.836400, loss 0.462734
Testing at - 6784/38372 of epoch 0,  NE 0.816399, loss 0.469008, accuracy 78.047 %, best 78.239 %
Finished training it 6912/38372 of epoch 0, 16.77 ms/it, NE 0.835938, loss 0.462188
Testing at - 6912/38372 of epoch 0,  NE 0.814095, loss 0.467684, accuracy 78.215 %, best 78.239 %
Finished training it 7040/38372 of epoch 0, 17.11 ms/it, NE 0.835544, loss 0.461360
Testing at - 7040/38372 of epoch 0,  NE 0.811485, loss 0.466185, accuracy 78.242 %, best 78.242 %
Finished training it 7168/38372 of epoch 0, 15.15 ms/it, NE 0.835110, loss 0.459464
Testing at - 7168/38372 of epoch 0,  NE 0.812178, loss 0.466583, accuracy 78.209 %, best 78.242 %
Finished training it 7296/38372 of epoch 0, 16.64 ms/it, NE 0.834641, loss 0.459451
Testing at - 7296/38372 of epoch 0,  NE 0.811271, loss 0.466062, accuracy 78.254 %, best 78.254 %
Finished training it 7424/38372 of epoch 0, 15.63 ms/it, NE 0.834228, loss 0.461249
Testing at - 7424/38372 of epoch 0,  NE 0.814168, loss 0.467727, accuracy 78.198 %, best 78.254 %
Finished training it 7552/38372 of epoch 0, 16.68 ms/it, NE 0.833855, loss 0.460830
Testing at - 7552/38372 of epoch 0,  NE 0.818408, loss 0.470162, accuracy 78.107 %, best 78.254 %
Finished training it 7680/38372 of epoch 0, 16.29 ms/it, NE 0.833469, loss 0.462923
Testing at - 7680/38372 of epoch 0,  NE 0.814345, loss 0.467828, accuracy 78.179 %, best 78.254 %
Finished training it 7808/38372 of epoch 0, 15.88 ms/it, NE 0.833134, loss 0.461627
Testing at - 7808/38372 of epoch 0,  NE 0.815836, loss 0.468685, accuracy 78.099 %, best 78.254 %
Finished training it 7936/38372 of epoch 0, 15.73 ms/it, NE 0.832732, loss 0.460241
Testing at - 7936/38372 of epoch 0,  NE 0.811117, loss 0.465974, accuracy 78.271 %, best 78.271 %
Finished training it 8064/38372 of epoch 0, 15.35 ms/it, NE 0.832400, loss 0.462600
Testing at - 8064/38372 of epoch 0,  NE 0.811800, loss 0.466366, accuracy 78.253 %, best 78.271 %
Finished training it 8192/38372 of epoch 0, 15.25 ms/it, NE 0.832100, loss 0.463431
Testing at - 8192/38372 of epoch 0,  NE 0.810965, loss 0.465886, accuracy 78.260 %, best 78.271 %
Finished training it 8320/38372 of epoch 0, 14.30 ms/it, NE 0.831781, loss 0.460271
Testing at - 8320/38372 of epoch 0,  NE 0.811726, loss 0.466324, accuracy 78.235 %, best 78.271 %
Finished training it 8448/38372 of epoch 0, 14.45 ms/it, NE 0.831411, loss 0.459245
Testing at - 8448/38372 of epoch 0,  NE 0.809930, loss 0.465292, accuracy 78.272 %, best 78.272 %
Finished training it 8576/38372 of epoch 0, 15.96 ms/it, NE 0.831070, loss 0.460591
Testing at - 8576/38372 of epoch 0,  NE 0.809957, loss 0.465308, accuracy 78.299 %, best 78.299 %
Finished training it 8704/38372 of epoch 0, 15.34 ms/it, NE 0.830753, loss 0.460395
Testing at - 8704/38372 of epoch 0,  NE 0.811856, loss 0.466398, accuracy 78.241 %, best 78.299 %
Finished training it 8832/38372 of epoch 0, 16.96 ms/it, NE 0.830462, loss 0.460190
Testing at - 8832/38372 of epoch 0,  NE 0.809368, loss 0.464969, accuracy 78.328 %, best 78.328 %
Finished training it 8960/38372 of epoch 0, 19.66 ms/it, NE 0.830207, loss 0.461472
Testing at - 8960/38372 of epoch 0,  NE 0.809808, loss 0.465222, accuracy 78.282 %, best 78.328 %
Finished training it 9088/38372 of epoch 0, 16.24 ms/it, NE 0.829887, loss 0.458165
Testing at - 9088/38372 of epoch 0,  NE 0.807435, loss 0.463859, accuracy 78.364 %, best 78.364 %
Finished training it 9216/38372 of epoch 0, 18.80 ms/it, NE 0.829588, loss 0.459789
Testing at - 9216/38372 of epoch 0,  NE 0.810098, loss 0.465388, accuracy 78.267 %, best 78.364 %
Finished training it 9344/38372 of epoch 0, 17.90 ms/it, NE 0.829295, loss 0.459475
Testing at - 9344/38372 of epoch 0,  NE 0.808740, loss 0.464608, accuracy 78.337 %, best 78.364 %
Finished training it 9472/38372 of epoch 0, 17.29 ms/it, NE 0.829006, loss 0.459288
Testing at - 9472/38372 of epoch 0,  NE 0.808148, loss 0.464268, accuracy 78.352 %, best 78.364 %
Finished training it 9600/38372 of epoch 0, 17.18 ms/it, NE 0.828744, loss 0.459456
Testing at - 9600/38372 of epoch 0,  NE 0.813907, loss 0.467577, accuracy 78.198 %, best 78.364 %
Finished training it 9728/38372 of epoch 0, 15.07 ms/it, NE 0.828500, loss 0.459370
Testing at - 9728/38372 of epoch 0,  NE 0.808350, loss 0.464384, accuracy 78.352 %, best 78.364 %
Finished training it 9856/38372 of epoch 0, 14.62 ms/it, NE 0.828236, loss 0.459226
Testing at - 9856/38372 of epoch 0,  NE 0.807580, loss 0.463942, accuracy 78.381 %, best 78.381 %
Finished training it 9984/38372 of epoch 0, 14.61 ms/it, NE 0.827964, loss 0.458388
Testing at - 9984/38372 of epoch 0,  NE 0.811073, loss 0.465948, accuracy 78.270 %, best 78.381 %
Finished training it 10112/38372 of epoch 0, 13.62 ms/it, NE 0.827709, loss 0.459447
Testing at - 10112/38372 of epoch 0,  NE 0.807830, loss 0.464086, accuracy 78.366 %, best 78.381 %
Finished training it 10240/38372 of epoch 0, 14.75 ms/it, NE 0.827466, loss 0.459608
Testing at - 10240/38372 of epoch 0,  NE 0.808954, loss 0.464731, accuracy 78.325 %, best 78.381 %
Finished training it 10368/38372 of epoch 0, 14.21 ms/it, NE 0.827234, loss 0.457896
Testing at - 10368/38372 of epoch 0,  NE 0.806262, loss 0.463185, accuracy 78.379 %, best 78.381 %
Finished training it 10496/38372 of epoch 0, 13.82 ms/it, NE 0.826985, loss 0.457306
Testing at - 10496/38372 of epoch 0,  NE 0.810110, loss 0.465396, accuracy 78.347 %, best 78.381 %
Finished training it 10624/38372 of epoch 0, 14.45 ms/it, NE 0.826706, loss 0.457308
Testing at - 10624/38372 of epoch 0,  NE 0.808207, loss 0.464302, accuracy 78.357 %, best 78.381 %
Finished training it 10752/38372 of epoch 0, 13.64 ms/it, NE 0.826496, loss 0.460510
Testing at - 10752/38372 of epoch 0,  NE 0.806578, loss 0.463366, accuracy 78.385 %, best 78.385 %
Finished training it 10880/38372 of epoch 0, 13.80 ms/it, NE 0.826244, loss 0.458355
Testing at - 10880/38372 of epoch 0,  NE 0.809469, loss 0.465027, accuracy 78.321 %, best 78.385 %
Finished training it 11008/38372 of epoch 0, 13.27 ms/it, NE 0.826010, loss 0.456876
Testing at - 11008/38372 of epoch 0,  NE 0.805539, loss 0.462770, accuracy 78.411 %, best 78.411 %
Finished training it 11136/38372 of epoch 0, 13.31 ms/it, NE 0.825747, loss 0.458286
Testing at - 11136/38372 of epoch 0,  NE 0.809057, loss 0.464790, accuracy 78.266 %, best 78.411 %
Finished training it 11264/38372 of epoch 0, 14.77 ms/it, NE 0.825525, loss 0.457697
Testing at - 11264/38372 of epoch 0,  NE 0.809982, loss 0.465322, accuracy 78.215 %, best 78.411 %
Finished training it 11392/38372 of epoch 0, 13.64 ms/it, NE 0.825295, loss 0.457083
Testing at - 11392/38372 of epoch 0,  NE 0.807028, loss 0.463625, accuracy 78.400 %, best 78.411 %
Finished training it 11520/38372 of epoch 0, 13.31 ms/it, NE 0.825080, loss 0.459466
Testing at - 11520/38372 of epoch 0,  NE 0.808781, loss 0.464632, accuracy 78.377 %, best 78.411 %
Finished training it 11648/38372 of epoch 0, 15.22 ms/it, NE 0.824875, loss 0.459062
Testing at - 11648/38372 of epoch 0,  NE 0.806494, loss 0.463318, accuracy 78.377 %, best 78.411 %
Finished training it 11776/38372 of epoch 0, 17.89 ms/it, NE 0.824682, loss 0.458190
Testing at - 11776/38372 of epoch 0,  NE 0.807788, loss 0.464061, accuracy 78.313 %, best 78.411 %
Finished training it 11904/38372 of epoch 0, 15.95 ms/it, NE 0.824435, loss 0.455497
Testing at - 11904/38372 of epoch 0,  NE 0.804945, loss 0.462428, accuracy 78.432 %, best 78.432 %
Finished training it 12032/38372 of epoch 0, 14.45 ms/it, NE 0.824188, loss 0.456338
Testing at - 12032/38372 of epoch 0,  NE 0.805310, loss 0.462638, accuracy 78.430 %, best 78.432 %
Finished training it 12160/38372 of epoch 0, 16.77 ms/it, NE 0.823978, loss 0.456377
Testing at - 12160/38372 of epoch 0,  NE 0.804465, loss 0.462152, accuracy 78.436 %, best 78.436 %
Finished training it 12288/38372 of epoch 0, 15.64 ms/it, NE 0.823766, loss 0.455771
Testing at - 12288/38372 of epoch 0,  NE 0.805562, loss 0.462782, accuracy 78.430 %, best 78.436 %
Finished training it 12416/38372 of epoch 0, 16.16 ms/it, NE 0.823592, loss 0.458172
Testing at - 12416/38372 of epoch 0,  NE 0.809404, loss 0.464989, accuracy 78.283 %, best 78.436 %
Finished training it 12544/38372 of epoch 0, 17.05 ms/it, NE 0.823388, loss 0.457356
Testing at - 12544/38372 of epoch 0,  NE 0.804861, loss 0.462380, accuracy 78.421 %, best 78.436 %
Finished training it 12672/38372 of epoch 0, 16.60 ms/it, NE 0.823151, loss 0.456606
Testing at - 12672/38372 of epoch 0,  NE 0.804702, loss 0.462288, accuracy 78.482 %, best 78.482 %
Finished training it 12800/38372 of epoch 0, 16.52 ms/it, NE 0.822954, loss 0.457617
Testing at - 12800/38372 of epoch 0,  NE 0.811760, loss 0.466343, accuracy 78.250 %, best 78.482 %
Finished training it 12928/38372 of epoch 0, 17.48 ms/it, NE 0.822787, loss 0.458230
Testing at - 12928/38372 of epoch 0,  NE 0.808349, loss 0.464384, accuracy 78.316 %, best 78.482 %
Finished training it 13056/38372 of epoch 0, 13.58 ms/it, NE 0.822628, loss 0.458457
Testing at - 13056/38372 of epoch 0,  NE 0.805985, loss 0.463026, accuracy 78.417 %, best 78.482 %
Finished training it 13184/38372 of epoch 0, 14.55 ms/it, NE 0.822485, loss 0.457344
Testing at - 13184/38372 of epoch 0,  NE 0.805131, loss 0.462535, accuracy 78.477 %, best 78.482 %
Finished training it 13312/38372 of epoch 0, 15.74 ms/it, NE 0.822304, loss 0.455596
Testing at - 13312/38372 of epoch 0,  NE 0.814950, loss 0.468176, accuracy 78.174 %, best 78.482 %
Finished training it 13440/38372 of epoch 0, 15.02 ms/it, NE 0.822119, loss 0.456303
Testing at - 13440/38372 of epoch 0,  NE 0.804976, loss 0.462446, accuracy 78.437 %, best 78.482 %
Finished training it 13568/38372 of epoch 0, 14.19 ms/it, NE 0.821905, loss 0.455712
Testing at - 13568/38372 of epoch 0,  NE 0.803408, loss 0.461545, accuracy 78.477 %, best 78.482 %
Finished training it 13696/38372 of epoch 0, 15.66 ms/it, NE 0.821713, loss 0.456276
Testing at - 13696/38372 of epoch 0,  NE 0.805955, loss 0.463008, accuracy 78.419 %, best 78.482 %
Finished training it 13824/38372 of epoch 0, 12.98 ms/it, NE 0.821555, loss 0.456638
Testing at - 13824/38372 of epoch 0,  NE 0.803618, loss 0.461666, accuracy 78.487 %, best 78.487 %
Finished training it 13952/38372 of epoch 0, 13.94 ms/it, NE 0.821412, loss 0.459028
Testing at - 13952/38372 of epoch 0,  NE 0.805091, loss 0.462512, accuracy 78.431 %, best 78.487 %
Finished training it 14080/38372 of epoch 0, 14.29 ms/it, NE 0.821261, loss 0.457845
Testing at - 14080/38372 of epoch 0,  NE 0.804425, loss 0.462129, accuracy 78.462 %, best 78.487 %
Finished training it 14208/38372 of epoch 0, 15.47 ms/it, NE 0.821096, loss 0.457394
Testing at - 14208/38372 of epoch 0,  NE 0.803861, loss 0.461805, accuracy 78.491 %, best 78.491 %
Finished training it 14336/38372 of epoch 0, 14.94 ms/it, NE 0.820942, loss 0.455731
Testing at - 14336/38372 of epoch 0,  NE 0.810028, loss 0.465348, accuracy 78.280 %, best 78.491 %
Finished training it 14464/38372 of epoch 0, 14.50 ms/it, NE 0.820750, loss 0.455080
Testing at - 14464/38372 of epoch 0,  NE 0.806851, loss 0.463523, accuracy 78.427 %, best 78.491 %
Finished training it 14592/38372 of epoch 0, 14.70 ms/it, NE 0.820636, loss 0.458181
Testing at - 14592/38372 of epoch 0,  NE 0.805043, loss 0.462484, accuracy 78.514 %, best 78.514 %
Finished training it 14720/38372 of epoch 0, 14.32 ms/it, NE 0.820447, loss 0.454521
Testing at - 14720/38372 of epoch 0,  NE 0.803588, loss 0.461649, accuracy 78.464 %, best 78.514 %
Finished training it 14848/38372 of epoch 0, 14.59 ms/it, NE 0.820289, loss 0.456863
Testing at - 14848/38372 of epoch 0,  NE 0.802788, loss 0.461189, accuracy 78.482 %, best 78.514 %
Finished training it 14976/38372 of epoch 0, 17.45 ms/it, NE 0.820131, loss 0.458847
Testing at - 14976/38372 of epoch 0,  NE 0.810752, loss 0.465764, accuracy 78.210 %, best 78.514 %
Finished training it 15104/38372 of epoch 0, 18.10 ms/it, NE 0.819963, loss 0.453169
Testing at - 15104/38372 of epoch 0,  NE 0.802897, loss 0.461252, accuracy 78.497 %, best 78.514 %
Finished training it 15232/38372 of epoch 0, 16.42 ms/it, NE 0.819810, loss 0.455882
Testing at - 15232/38372 of epoch 0,  NE 0.805263, loss 0.462611, accuracy 78.414 %, best 78.514 %
Finished training it 15360/38372 of epoch 0, 17.00 ms/it, NE 0.819649, loss 0.455991
Testing at - 15360/38372 of epoch 0,  NE 0.803525, loss 0.461612, accuracy 78.477 %, best 78.514 %
Finished training it 15488/38372 of epoch 0, 15.88 ms/it, NE 0.819520, loss 0.458419
Testing at - 15488/38372 of epoch 0,  NE 0.801900, loss 0.460679, accuracy 78.552 %, best 78.552 %
Finished training it 15616/38372 of epoch 0, 15.27 ms/it, NE 0.819369, loss 0.454813
Testing at - 15616/38372 of epoch 0,  NE 0.802428, loss 0.460982, accuracy 78.500 %, best 78.552 %
Finished training it 15744/38372 of epoch 0, 14.45 ms/it, NE 0.819218, loss 0.457084
Testing at - 15744/38372 of epoch 0,  NE 0.804118, loss 0.461953, accuracy 78.453 %, best 78.552 %
Finished training it 15872/38372 of epoch 0, 18.93 ms/it, NE 0.819099, loss 0.458190
Testing at - 15872/38372 of epoch 0,  NE 0.801866, loss 0.460659, accuracy 78.528 %, best 78.552 %
Finished training it 16000/38372 of epoch 0, 16.02 ms/it, NE 0.818946, loss 0.453976
Testing at - 16000/38372 of epoch 0,  NE 0.803736, loss 0.461734, accuracy 78.439 %, best 78.552 %
Finished training it 16128/38372 of epoch 0, 16.22 ms/it, NE 0.818807, loss 0.455705
Testing at - 16128/38372 of epoch 0,  NE 0.803068, loss 0.461350, accuracy 78.465 %, best 78.552 %
Finished training it 16256/38372 of epoch 0, 16.28 ms/it, NE 0.818682, loss 0.457964
Testing at - 16256/38372 of epoch 0,  NE 0.802628, loss 0.461097, accuracy 78.512 %, best 78.552 %
Finished training it 16384/38372 of epoch 0, 16.86 ms/it, NE 0.818570, loss 0.457131
Testing at - 16384/38372 of epoch 0,  NE 0.802619, loss 0.461092, accuracy 78.529 %, best 78.552 %
Finished training it 16512/38372 of epoch 0, 15.85 ms/it, NE 0.818432, loss 0.456386
Testing at - 16512/38372 of epoch 0,  NE 0.804879, loss 0.462390, accuracy 78.468 %, best 78.552 %
Finished training it 16640/38372 of epoch 0, 17.77 ms/it, NE 0.818289, loss 0.454600
Testing at - 16640/38372 of epoch 0,  NE 0.815300, loss 0.468377, accuracy 78.019 %, best 78.552 %
Finished training it 16768/38372 of epoch 0, 18.23 ms/it, NE 0.818142, loss 0.455133
Testing at - 16768/38372 of epoch 0,  NE 0.802155, loss 0.460825, accuracy 78.564 %, best 78.564 %
Finished training it 16896/38372 of epoch 0, 17.45 ms/it, NE 0.817994, loss 0.452577
Testing at - 16896/38372 of epoch 0,  NE 0.802889, loss 0.461247, accuracy 78.488 %, best 78.564 %
Finished training it 17024/38372 of epoch 0, 14.22 ms/it, NE 0.817873, loss 0.455742
Testing at - 17024/38372 of epoch 0,  NE 0.803124, loss 0.461382, accuracy 78.506 %, best 78.564 %
Finished training it 17152/38372 of epoch 0, 18.54 ms/it, NE 0.817750, loss 0.455804
Testing at - 17152/38372 of epoch 0,  NE 0.801872, loss 0.460663, accuracy 78.571 %, best 78.571 %
Finished training it 17280/38372 of epoch 0, 16.12 ms/it, NE 0.817622, loss 0.456640
Testing at - 17280/38372 of epoch 0,  NE 0.800851, loss 0.460076, accuracy 78.573 %, best 78.573 %
Finished training it 17408/38372 of epoch 0, 18.74 ms/it, NE 0.817511, loss 0.456042
Testing at - 17408/38372 of epoch 0,  NE 0.804402, loss 0.462116, accuracy 78.478 %, best 78.573 %
Finished training it 17536/38372 of epoch 0, 17.51 ms/it, NE 0.817349, loss 0.452470
Testing at - 17536/38372 of epoch 0,  NE 0.802220, loss 0.460863, accuracy 78.530 %, best 78.573 %
Finished training it 17664/38372 of epoch 0, 17.78 ms/it, NE 0.817237, loss 0.454776
Testing at - 17664/38372 of epoch 0,  NE 0.802697, loss 0.461137, accuracy 78.463 %, best 78.573 %
Finished training it 17792/38372 of epoch 0, 19.84 ms/it, NE 0.817091, loss 0.451888
Testing at - 17792/38372 of epoch 0,  NE 0.801193, loss 0.460272, accuracy 78.528 %, best 78.573 %
Finished training it 17920/38372 of epoch 0, 15.16 ms/it, NE 0.816971, loss 0.453800
Testing at - 17920/38372 of epoch 0,  NE 0.813593, loss 0.467396, accuracy 77.993 %, best 78.573 %
Finished training it 18048/38372 of epoch 0, 15.84 ms/it, NE 0.816867, loss 0.455033
Testing at - 18048/38372 of epoch 0,  NE 0.800605, loss 0.459935, accuracy 78.579 %, best 78.579 %
Finished training it 18176/38372 of epoch 0, 16.96 ms/it, NE 0.816745, loss 0.457292
Testing at - 18176/38372 of epoch 0,  NE 0.803497, loss 0.461596, accuracy 78.525 %, best 78.579 %
Finished training it 18304/38372 of epoch 0, 16.73 ms/it, NE 0.816614, loss 0.453070
Testing at - 18304/38372 of epoch 0,  NE 0.799922, loss 0.459543, accuracy 78.594 %, best 78.594 %
Finished training it 18432/38372 of epoch 0, 15.03 ms/it, NE 0.816492, loss 0.453323
Testing at - 18432/38372 of epoch 0,  NE 0.802124, loss 0.460808, accuracy 78.526 %, best 78.594 %
Finished training it 18560/38372 of epoch 0, 16.70 ms/it, NE 0.816348, loss 0.452128
Testing at - 18560/38372 of epoch 0,  NE 0.801054, loss 0.460193, accuracy 78.528 %, best 78.594 %
Finished training it 18688/38372 of epoch 0, 16.57 ms/it, NE 0.816211, loss 0.452616
Testing at - 18688/38372 of epoch 0,  NE 0.806067, loss 0.463073, accuracy 78.391 %, best 78.594 %
Finished training it 18816/38372 of epoch 0, 17.44 ms/it, NE 0.816106, loss 0.453902
Testing at - 18816/38372 of epoch 0,  NE 0.801859, loss 0.460655, accuracy 78.486 %, best 78.594 %
Finished training it 18944/38372 of epoch 0, 18.52 ms/it, NE 0.815957, loss 0.450418
Testing at - 18944/38372 of epoch 0,  NE 0.806249, loss 0.463177, accuracy 78.289 %, best 78.594 %
Finished training it 19072/38372 of epoch 0, 16.52 ms/it, NE 0.815835, loss 0.452299
Testing at - 19072/38372 of epoch 0,  NE 0.800200, loss 0.459702, accuracy 78.566 %, best 78.594 %
Finished training it 19200/38372 of epoch 0, 18.06 ms/it, NE 0.815723, loss 0.454503
Testing at - 19200/38372 of epoch 0,  NE 0.801340, loss 0.460357, accuracy 78.464 %, best 78.594 %
Finished training it 19328/38372 of epoch 0, 17.97 ms/it, NE 0.815599, loss 0.452818
Testing at - 19328/38372 of epoch 0,  NE 0.799387, loss 0.459235, accuracy 78.596 %, best 78.596 %
Finished training it 19456/38372 of epoch 0, 16.51 ms/it, NE 0.815492, loss 0.453632
Testing at - 19456/38372 of epoch 0,  NE 0.799850, loss 0.459501, accuracy 78.586 %, best 78.596 %
Finished training it 19584/38372 of epoch 0, 17.28 ms/it, NE 0.815373, loss 0.453095
Testing at - 19584/38372 of epoch 0,  NE 0.799445, loss 0.459268, accuracy 78.583 %, best 78.596 %
Finished training it 19712/38372 of epoch 0, 16.92 ms/it, NE 0.815254, loss 0.451157
Testing at - 19712/38372 of epoch 0,  NE 0.799516, loss 0.459309, accuracy 78.602 %, best 78.602 %
Finished training it 19840/38372 of epoch 0, 17.74 ms/it, NE 0.815136, loss 0.454227
Testing at - 19840/38372 of epoch 0,  NE 0.800104, loss 0.459647, accuracy 78.574 %, best 78.602 %
Finished training it 19968/38372 of epoch 0, 16.62 ms/it, NE 0.815029, loss 0.453767
Testing at - 19968/38372 of epoch 0,  NE 0.803974, loss 0.461870, accuracy 78.503 %, best 78.602 %
Finished training it 20096/38372 of epoch 0, 13.77 ms/it, NE 0.814934, loss 0.454328
Testing at - 20096/38372 of epoch 0,  NE 0.799462, loss 0.459278, accuracy 78.608 %, best 78.608 %
Finished training it 20224/38372 of epoch 0, 13.75 ms/it, NE 0.814847, loss 0.455337
Testing at - 20224/38372 of epoch 0,  NE 0.799195, loss 0.459125, accuracy 78.600 %, best 78.608 %
Finished training it 20352/38372 of epoch 0, 14.07 ms/it, NE 0.814760, loss 0.455012
Testing at - 20352/38372 of epoch 0,  NE 0.801493, loss 0.460445, accuracy 78.523 %, best 78.608 %
Finished training it 20480/38372 of epoch 0, 13.42 ms/it, NE 0.814660, loss 0.455110
Testing at - 20480/38372 of epoch 0,  NE 0.801792, loss 0.460617, accuracy 78.530 %, best 78.608 %
Finished training it 20608/38372 of epoch 0, 14.07 ms/it, NE 0.814580, loss 0.454342
Testing at - 20608/38372 of epoch 0,  NE 0.799548, loss 0.459328, accuracy 78.591 %, best 78.608 %
Finished training it 20736/38372 of epoch 0, 13.94 ms/it, NE 0.814491, loss 0.454835
Testing at - 20736/38372 of epoch 0,  NE 0.800649, loss 0.459960, accuracy 78.556 %, best 78.608 %
Finished training it 20864/38372 of epoch 0, 14.16 ms/it, NE 0.814397, loss 0.455478
Testing at - 20864/38372 of epoch 0,  NE 0.798994, loss 0.459010, accuracy 78.591 %, best 78.608 %
Finished training it 20992/38372 of epoch 0, 13.86 ms/it, NE 0.814316, loss 0.455432
Testing at - 20992/38372 of epoch 0,  NE 0.799046, loss 0.459039, accuracy 78.628 %, best 78.628 %
Finished training it 21120/38372 of epoch 0, 13.97 ms/it, NE 0.814218, loss 0.453005
Testing at - 21120/38372 of epoch 0,  NE 0.800253, loss 0.459733, accuracy 78.591 %, best 78.628 %
Finished training it 21248/38372 of epoch 0, 14.44 ms/it, NE 0.814119, loss 0.453878
Testing at - 21248/38372 of epoch 0,  NE 0.802176, loss 0.460838, accuracy 78.443 %, best 78.628 %
Finished training it 21376/38372 of epoch 0, 17.38 ms/it, NE 0.814003, loss 0.450389
Testing at - 21376/38372 of epoch 0,  NE 0.805933, loss 0.462995, accuracy 78.396 %, best 78.628 %
Finished training it 21504/38372 of epoch 0, 17.33 ms/it, NE 0.813907, loss 0.452255
Testing at - 21504/38372 of epoch 0,  NE 0.798811, loss 0.458904, accuracy 78.640 %, best 78.640 %
Finished training it 21632/38372 of epoch 0, 16.60 ms/it, NE 0.813825, loss 0.455520
Testing at - 21632/38372 of epoch 0,  NE 0.797844, loss 0.458349, accuracy 78.675 %, best 78.675 %
Finished training it 21760/38372 of epoch 0, 15.63 ms/it, NE 0.813721, loss 0.452790
Testing at - 21760/38372 of epoch 0,  NE 0.800683, loss 0.459979, accuracy 78.549 %, best 78.675 %
Finished training it 21888/38372 of epoch 0, 16.62 ms/it, NE 0.813618, loss 0.452626
Testing at - 21888/38372 of epoch 0,  NE 0.799191, loss 0.459123, accuracy 78.611 %, best 78.675 %
Finished training it 22016/38372 of epoch 0, 14.42 ms/it, NE 0.813518, loss 0.452119
Testing at - 22016/38372 of epoch 0,  NE 0.800695, loss 0.459987, accuracy 78.591 %, best 78.675 %
Finished training it 22144/38372 of epoch 0, 16.17 ms/it, NE 0.813396, loss 0.449751
Testing at - 22144/38372 of epoch 0,  NE 0.799392, loss 0.459238, accuracy 78.600 %, best 78.675 %
Finished training it 22272/38372 of epoch 0, 16.14 ms/it, NE 0.813292, loss 0.451426
Testing at - 22272/38372 of epoch 0,  NE 0.798012, loss 0.458445, accuracy 78.605 %, best 78.675 %
Finished training it 22400/38372 of epoch 0, 15.58 ms/it, NE 0.813194, loss 0.452406
Testing at - 22400/38372 of epoch 0,  NE 0.809520, loss 0.465056, accuracy 78.336 %, best 78.675 %
Finished training it 22528/38372 of epoch 0, 14.50 ms/it, NE 0.813111, loss 0.453846
Testing at - 22528/38372 of epoch 0,  NE 0.798961, loss 0.458990, accuracy 78.598 %, best 78.675 %
Finished training it 22656/38372 of epoch 0, 14.07 ms/it, NE 0.813040, loss 0.454843
Testing at - 22656/38372 of epoch 0,  NE 0.797288, loss 0.458029, accuracy 78.678 %, best 78.678 %
Finished training it 22784/38372 of epoch 0, 14.09 ms/it, NE 0.812966, loss 0.454987
Testing at - 22784/38372 of epoch 0,  NE 0.798235, loss 0.458573, accuracy 78.629 %, best 78.678 %
Finished training it 22912/38372 of epoch 0, 15.27 ms/it, NE 0.812883, loss 0.453066
Testing at - 22912/38372 of epoch 0,  NE 0.797372, loss 0.458077, accuracy 78.660 %, best 78.678 %
Finished training it 23040/38372 of epoch 0, 14.27 ms/it, NE 0.812797, loss 0.453313
Testing at - 23040/38372 of epoch 0,  NE 0.798214, loss 0.458561, accuracy 78.647 %, best 78.678 %
Finished training it 23168/38372 of epoch 0, 15.65 ms/it, NE 0.812722, loss 0.455038
Testing at - 23168/38372 of epoch 0,  NE 0.797497, loss 0.458150, accuracy 78.665 %, best 78.678 %
Finished training it 23296/38372 of epoch 0, 13.64 ms/it, NE 0.812633, loss 0.452343
Testing at - 23296/38372 of epoch 0,  NE 0.797430, loss 0.458111, accuracy 78.660 %, best 78.678 %
Finished training it 23424/38372 of epoch 0, 13.81 ms/it, NE 0.812545, loss 0.454077
Testing at - 23424/38372 of epoch 0,  NE 0.798650, loss 0.458812, accuracy 78.658 %, best 78.678 %
Finished training it 23552/38372 of epoch 0, 15.17 ms/it, NE 0.812451, loss 0.450896
Testing at - 23552/38372 of epoch 0,  NE 0.798832, loss 0.458916, accuracy 78.568 %, best 78.678 %
Finished training it 23680/38372 of epoch 0, 14.42 ms/it, NE 0.812388, loss 0.456454
Testing at - 23680/38372 of epoch 0,  NE 0.797426, loss 0.458108, accuracy 78.673 %, best 78.678 %
Finished training it 23808/38372 of epoch 0, 13.88 ms/it, NE 0.812328, loss 0.453381
Testing at - 23808/38372 of epoch 0,  NE 0.797115, loss 0.457930, accuracy 78.650 %, best 78.678 %
Finished training it 23936/38372 of epoch 0, 15.43 ms/it, NE 0.812251, loss 0.452490
Testing at - 23936/38372 of epoch 0,  NE 0.799988, loss 0.459580, accuracy 78.603 %, best 78.678 %
Finished training it 24064/38372 of epoch 0, 17.54 ms/it, NE 0.812154, loss 0.449684
Testing at - 24064/38372 of epoch 0,  NE 0.798036, loss 0.458459, accuracy 78.648 %, best 78.678 %
Finished training it 24192/38372 of epoch 0, 16.60 ms/it, NE 0.812070, loss 0.453116
Testing at - 24192/38372 of epoch 0,  NE 0.797042, loss 0.457888, accuracy 78.688 %, best 78.688 %
Finished training it 24320/38372 of epoch 0, 14.16 ms/it, NE 0.811983, loss 0.452820
Testing at - 24320/38372 of epoch 0,  NE 0.798319, loss 0.458621, accuracy 78.618 %, best 78.688 %
Finished training it 24448/38372 of epoch 0, 12.51 ms/it, NE 0.811911, loss 0.455615
Testing at - 24448/38372 of epoch 0,  NE 0.796911, loss 0.457813, accuracy 78.687 %, best 78.688 %
Finished training it 24576/38372 of epoch 0, 13.29 ms/it, NE 0.811833, loss 0.453637
Testing at - 24576/38372 of epoch 0,  NE 0.802841, loss 0.461219, accuracy 78.553 %, best 78.688 %
Finished training it 24704/38372 of epoch 0, 13.78 ms/it, NE 0.811745, loss 0.453181
Testing at - 24704/38372 of epoch 0,  NE 0.800348, loss 0.459787, accuracy 78.623 %, best 78.688 %
Finished training it 24832/38372 of epoch 0, 19.32 ms/it, NE 0.811653, loss 0.451965
Testing at - 24832/38372 of epoch 0,  NE 0.797351, loss 0.458065, accuracy 78.617 %, best 78.688 %
Finished training it 24960/38372 of epoch 0, 15.47 ms/it, NE 0.811588, loss 0.455194
Testing at - 24960/38372 of epoch 0,  NE 0.797714, loss 0.458274, accuracy 78.665 %, best 78.688 %
Finished training it 25088/38372 of epoch 0, 15.31 ms/it, NE 0.811515, loss 0.452857
Testing at - 25088/38372 of epoch 0,  NE 0.800180, loss 0.459690, accuracy 78.473 %, best 78.688 %
Finished training it 25216/38372 of epoch 0, 13.59 ms/it, NE 0.811447, loss 0.453350
Testing at - 25216/38372 of epoch 0,  NE 0.798426, loss 0.458683, accuracy 78.647 %, best 78.688 %
Finished training it 25344/38372 of epoch 0, 13.62 ms/it, NE 0.811374, loss 0.451620
Testing at - 25344/38372 of epoch 0,  NE 0.797247, loss 0.458006, accuracy 78.670 %, best 78.688 %
Finished training it 25472/38372 of epoch 0, 13.93 ms/it, NE 0.811294, loss 0.451295
Testing at - 25472/38372 of epoch 0,  NE 0.796755, loss 0.457723, accuracy 78.667 %, best 78.688 %
Finished training it 25600/38372 of epoch 0, 14.42 ms/it, NE 0.811205, loss 0.450606
Testing at - 25600/38372 of epoch 0,  NE 0.799080, loss 0.459059, accuracy 78.632 %, best 78.688 %
Finished training it 25728/38372 of epoch 0, 15.86 ms/it, NE 0.811142, loss 0.452870
Testing at - 25728/38372 of epoch 0,  NE 0.798862, loss 0.458933, accuracy 78.597 %, best 78.688 %
Finished training it 25856/38372 of epoch 0, 15.10 ms/it, NE 0.811070, loss 0.450102
Testing at - 25856/38372 of epoch 0,  NE 0.797326, loss 0.458051, accuracy 78.636 %, best 78.688 %
Finished training it 25984/38372 of epoch 0, 13.50 ms/it, NE 0.810989, loss 0.451555
Testing at - 25984/38372 of epoch 0,  NE 0.798166, loss 0.458534, accuracy 78.593 %, best 78.688 %
Finished training it 26112/38372 of epoch 0, 13.64 ms/it, NE 0.810915, loss 0.453621
Testing at - 26112/38372 of epoch 0,  NE 0.795720, loss 0.457128, accuracy 78.718 %, best 78.718 %
Finished training it 26240/38372 of epoch 0, 12.61 ms/it, NE 0.810832, loss 0.451229
Testing at - 26240/38372 of epoch 0,  NE 0.798226, loss 0.458568, accuracy 78.652 %, best 78.718 %
Finished training it 26368/38372 of epoch 0, 13.60 ms/it, NE 0.810746, loss 0.451848
Testing at - 26368/38372 of epoch 0,  NE 0.796312, loss 0.457469, accuracy 78.656 %, best 78.718 %
Finished training it 26496/38372 of epoch 0, 14.01 ms/it, NE 0.810665, loss 0.450940
Testing at - 26496/38372 of epoch 0,  NE 0.796191, loss 0.457399, accuracy 78.699 %, best 78.718 %
Finished training it 26624/38372 of epoch 0, 13.53 ms/it, NE 0.810585, loss 0.449883
Testing at - 26624/38372 of epoch 0,  NE 0.799776, loss 0.459458, accuracy 78.647 %, best 78.718 %
Finished training it 26752/38372 of epoch 0, 13.51 ms/it, NE 0.810500, loss 0.451557
Testing at - 26752/38372 of epoch 0,  NE 0.795707, loss 0.457121, accuracy 78.694 %, best 78.718 %
Finished training it 26880/38372 of epoch 0, 14.34 ms/it, NE 0.810423, loss 0.450604
Testing at - 26880/38372 of epoch 0,  NE 0.796782, loss 0.457739, accuracy 78.688 %, best 78.718 %
Finished training it 27008/38372 of epoch 0, 14.58 ms/it, NE 0.810324, loss 0.449882
Testing at - 27008/38372 of epoch 0,  NE 0.796656, loss 0.457666, accuracy 78.682 %, best 78.718 %
Finished training it 27136/38372 of epoch 0, 18.16 ms/it, NE 0.810252, loss 0.451717
Testing at - 27136/38372 of epoch 0,  NE 0.797269, loss 0.458018, accuracy 78.674 %, best 78.718 %
Finished training it 27264/38372 of epoch 0, 17.66 ms/it, NE 0.810190, loss 0.452435
Testing at - 27264/38372 of epoch 0,  NE 0.801911, loss 0.460685, accuracy 78.443 %, best 78.718 %
Finished training it 27392/38372 of epoch 0, 16.03 ms/it, NE 0.810115, loss 0.451609
Testing at - 27392/38372 of epoch 0,  NE 0.795792, loss 0.457170, accuracy 78.708 %, best 78.718 %
Finished training it 27520/38372 of epoch 0, 17.62 ms/it, NE 0.810032, loss 0.450017
Testing at - 27520/38372 of epoch 0,  NE 0.796312, loss 0.457468, accuracy 78.719 %, best 78.719 %
Finished training it 27648/38372 of epoch 0, 15.04 ms/it, NE 0.809944, loss 0.448683
Testing at - 27648/38372 of epoch 0,  NE 0.798666, loss 0.458821, accuracy 78.572 %, best 78.719 %
Finished training it 27776/38372 of epoch 0, 15.48 ms/it, NE 0.809877, loss 0.452607
Testing at - 27776/38372 of epoch 0,  NE 0.795844, loss 0.457200, accuracy 78.718 %, best 78.719 %
Finished training it 27904/38372 of epoch 0, 15.68 ms/it, NE 0.809798, loss 0.452623
Testing at - 27904/38372 of epoch 0,  NE 0.804654, loss 0.462261, accuracy 78.507 %, best 78.719 %
Finished training it 28032/38372 of epoch 0, 14.84 ms/it, NE 0.809733, loss 0.452525
Testing at - 28032/38372 of epoch 0,  NE 0.795170, loss 0.456812, accuracy 78.724 %, best 78.724 %
Finished training it 28160/38372 of epoch 0, 15.96 ms/it, NE 0.809665, loss 0.453723
Testing at - 28160/38372 of epoch 0,  NE 0.796056, loss 0.457322, accuracy 78.713 %, best 78.724 %
Finished training it 28288/38372 of epoch 0, 15.41 ms/it, NE 0.809581, loss 0.449098
Testing at - 28288/38372 of epoch 0,  NE 0.794903, loss 0.456659, accuracy 78.749 %, best 78.749 %
Finished training it 28416/38372 of epoch 0, 13.63 ms/it, NE 0.809516, loss 0.453655
Testing at - 28416/38372 of epoch 0,  NE 0.800737, loss 0.460011, accuracy 78.495 %, best 78.749 %
Finished training it 28544/38372 of epoch 0, 15.88 ms/it, NE 0.809462, loss 0.452462
Testing at - 28544/38372 of epoch 0,  NE 0.796011, loss 0.457296, accuracy 78.711 %, best 78.749 %
Finished training it 28672/38372 of epoch 0, 15.91 ms/it, NE 0.809386, loss 0.451406
Testing at - 28672/38372 of epoch 0,  NE 0.796069, loss 0.457329, accuracy 78.707 %, best 78.749 %
Finished training it 28800/38372 of epoch 0, 16.56 ms/it, NE 0.809315, loss 0.450534
Testing at - 28800/38372 of epoch 0,  NE 0.795866, loss 0.457213, accuracy 78.727 %, best 78.749 %
Finished training it 28928/38372 of epoch 0, 16.63 ms/it, NE 0.809243, loss 0.450623
Testing at - 28928/38372 of epoch 0,  NE 0.795779, loss 0.457162, accuracy 78.684 %, best 78.749 %
Finished training it 29056/38372 of epoch 0, 14.57 ms/it, NE 0.809169, loss 0.451898
Testing at - 29056/38372 of epoch 0,  NE 0.798845, loss 0.458924, accuracy 78.596 %, best 78.749 %
Finished training it 29184/38372 of epoch 0, 14.49 ms/it, NE 0.809111, loss 0.452752
Testing at - 29184/38372 of epoch 0,  NE 0.795108, loss 0.456777, accuracy 78.727 %, best 78.749 %
Finished training it 29312/38372 of epoch 0, 13.83 ms/it, NE 0.809047, loss 0.451156
Testing at - 29312/38372 of epoch 0,  NE 0.795175, loss 0.456815, accuracy 78.705 %, best 78.749 %
Finished training it 29440/38372 of epoch 0, 13.52 ms/it, NE 0.808985, loss 0.451785
Testing at - 29440/38372 of epoch 0,  NE 0.794129, loss 0.456214, accuracy 78.768 %, best 78.768 %
Finished training it 29568/38372 of epoch 0, 16.78 ms/it, NE 0.808923, loss 0.454137
Testing at - 29568/38372 of epoch 0,  NE 0.794638, loss 0.456507, accuracy 78.740 %, best 78.768 %
Finished training it 29696/38372 of epoch 0, 15.35 ms/it, NE 0.808862, loss 0.450383
Testing at - 29696/38372 of epoch 0,  NE 0.800518, loss 0.459885, accuracy 78.468 %, best 78.768 %
Finished training it 29824/38372 of epoch 0, 18.41 ms/it, NE 0.808808, loss 0.452038
Testing at - 29824/38372 of epoch 0,  NE 0.794501, loss 0.456428, accuracy 78.757 %, best 78.768 %
Finished training it 29952/38372 of epoch 0, 15.92 ms/it, NE 0.808743, loss 0.454375
Testing at - 29952/38372 of epoch 0,  NE 0.794477, loss 0.456415, accuracy 78.767 %, best 78.768 %
Finished training it 30080/38372 of epoch 0, 15.86 ms/it, NE 0.808677, loss 0.450969
Testing at - 30080/38372 of epoch 0,  NE 0.794262, loss 0.456291, accuracy 78.749 %, best 78.768 %
Finished training it 30208/38372 of epoch 0, 15.72 ms/it, NE 0.808608, loss 0.449315
Testing at - 30208/38372 of epoch 0,  NE 0.794725, loss 0.456557, accuracy 78.706 %, best 78.768 %
Finished training it 30336/38372 of epoch 0, 17.51 ms/it, NE 0.808538, loss 0.450970
Testing at - 30336/38372 of epoch 0,  NE 0.795940, loss 0.457255, accuracy 78.678 %, best 78.768 %
Finished training it 30464/38372 of epoch 0, 15.85 ms/it, NE 0.808480, loss 0.451114
Testing at - 30464/38372 of epoch 0,  NE 0.799059, loss 0.459047, accuracy 78.614 %, best 78.768 %
Finished training it 30592/38372 of epoch 0, 17.43 ms/it, NE 0.808423, loss 0.451595
Testing at - 30592/38372 of epoch 0,  NE 0.794045, loss 0.456166, accuracy 78.761 %, best 78.768 %
Finished training it 30720/38372 of epoch 0, 15.79 ms/it, NE 0.808355, loss 0.451477
Testing at - 30720/38372 of epoch 0,  NE 0.796762, loss 0.457727, accuracy 78.716 %, best 78.768 %
Finished training it 30848/38372 of epoch 0, 14.68 ms/it, NE 0.808285, loss 0.449341
Testing at - 30848/38372 of epoch 0,  NE 0.793083, loss 0.455614, accuracy 78.768 %, best 78.768 %
Finished training it 30976/38372 of epoch 0, 19.35 ms/it, NE 0.808215, loss 0.449142
Testing at - 30976/38372 of epoch 0,  NE 0.794605, loss 0.456488, accuracy 78.759 %, best 78.768 %
Finished training it 31104/38372 of epoch 0, 16.53 ms/it, NE 0.808153, loss 0.450112
Testing at - 31104/38372 of epoch 0,  NE 0.794681, loss 0.456531, accuracy 78.774 %, best 78.774 %
Finished training it 31232/38372 of epoch 0, 16.53 ms/it, NE 0.808102, loss 0.452374
Testing at - 31232/38372 of epoch 0,  NE 0.795676, loss 0.457103, accuracy 78.660 %, best 78.774 %
Finished training it 31360/38372 of epoch 0, 16.51 ms/it, NE 0.808036, loss 0.450934
Testing at - 31360/38372 of epoch 0,  NE 0.794763, loss 0.456579, accuracy 78.735 %, best 78.774 %
Finished training it 31488/38372 of epoch 0, 15.23 ms/it, NE 0.807983, loss 0.451402
Testing at - 31488/38372 of epoch 0,  NE 0.795281, loss 0.456876, accuracy 78.721 %, best 78.774 %
Finished training it 31616/38372 of epoch 0, 16.90 ms/it, NE 0.807901, loss 0.449404
Testing at - 31616/38372 of epoch 0,  NE 0.794198, loss 0.456254, accuracy 78.752 %, best 78.774 %
Finished training it 31744/38372 of epoch 0, 16.88 ms/it, NE 0.807831, loss 0.449636
Testing at - 31744/38372 of epoch 0,  NE 0.793450, loss 0.455824, accuracy 78.749 %, best 78.774 %
Finished training it 31872/38372 of epoch 0, 16.34 ms/it, NE 0.807768, loss 0.450631
Testing at - 31872/38372 of epoch 0,  NE 0.796646, loss 0.457660, accuracy 78.673 %, best 78.774 %
Finished training it 32000/38372 of epoch 0, 16.91 ms/it, NE 0.807718, loss 0.452250
Testing at - 32000/38372 of epoch 0,  NE 0.794341, loss 0.456336, accuracy 78.762 %, best 78.774 %
Finished training it 32128/38372 of epoch 0, 17.02 ms/it, NE 0.807657, loss 0.450657
Testing at - 32128/38372 of epoch 0,  NE 0.794514, loss 0.456436, accuracy 78.762 %, best 78.774 %
Finished training it 32256/38372 of epoch 0, 19.16 ms/it, NE 0.807594, loss 0.450037
Testing at - 32256/38372 of epoch 0,  NE 0.796633, loss 0.457653, accuracy 78.686 %, best 78.774 %
Finished training it 32384/38372 of epoch 0, 15.72 ms/it, NE 0.807533, loss 0.448536
Testing at - 32384/38372 of epoch 0,  NE 0.799332, loss 0.459204, accuracy 78.599 %, best 78.774 %
Finished training it 32512/38372 of epoch 0, 14.92 ms/it, NE 0.807471, loss 0.449250
Testing at - 32512/38372 of epoch 0,  NE 0.794952, loss 0.456687, accuracy 78.731 %, best 78.774 %
Finished training it 32640/38372 of epoch 0, 14.37 ms/it, NE 0.807411, loss 0.451664
Testing at - 32640/38372 of epoch 0,  NE 0.793553, loss 0.455884, accuracy 78.779 %, best 78.779 %
Finished training it 32768/38372 of epoch 0, 14.25 ms/it, NE 0.807357, loss 0.450235
Testing at - 32768/38372 of epoch 0,  NE 0.797103, loss 0.457923, accuracy 78.612 %, best 78.779 %
Finished training it 32896/38372 of epoch 0, 15.43 ms/it, NE 0.807299, loss 0.451937
Testing at - 32896/38372 of epoch 0,  NE 0.796651, loss 0.457663, accuracy 78.669 %, best 78.779 %
Finished training it 33024/38372 of epoch 0, 14.98 ms/it, NE 0.807241, loss 0.451917
Testing at - 33024/38372 of epoch 0,  NE 0.794685, loss 0.456534, accuracy 78.754 %, best 78.779 %
Finished training it 33152/38372 of epoch 0, 14.72 ms/it, NE 0.807181, loss 0.449189
Testing at - 33152/38372 of epoch 0,  NE 0.792818, loss 0.455461, accuracy 78.807 %, best 78.807 %
Finished training it 33280/38372 of epoch 0, 13.54 ms/it, NE 0.807116, loss 0.449536
Testing at - 33280/38372 of epoch 0,  NE 0.798422, loss 0.458681, accuracy 78.718 %, best 78.807 %
Finished training it 33408/38372 of epoch 0, 16.72 ms/it, NE 0.807060, loss 0.451890
Testing at - 33408/38372 of epoch 0,  NE 0.804469, loss 0.462154, accuracy 78.313 %, best 78.807 %
Finished training it 33536/38372 of epoch 0, 16.09 ms/it, NE 0.807018, loss 0.452143
Testing at - 33536/38372 of epoch 0,  NE 0.801872, loss 0.460663, accuracy 78.538 %, best 78.807 %
Finished training it 33664/38372 of epoch 0, 14.24 ms/it, NE 0.806958, loss 0.448714
Testing at - 33664/38372 of epoch 0,  NE 0.796850, loss 0.457778, accuracy 78.724 %, best 78.807 %
Finished training it 33792/38372 of epoch 0, 16.78 ms/it, NE 0.806900, loss 0.451016
Testing at - 33792/38372 of epoch 0,  NE 0.792902, loss 0.455510, accuracy 78.791 %, best 78.807 %
Finished training it 33920/38372 of epoch 0, 15.47 ms/it, NE 0.806835, loss 0.447517
Testing at - 33920/38372 of epoch 0,  NE 0.793120, loss 0.455635, accuracy 78.794 %, best 78.807 %
Finished training it 34048/38372 of epoch 0, 15.06 ms/it, NE 0.806782, loss 0.450771
Testing at - 34048/38372 of epoch 0,  NE 0.797476, loss 0.458137, accuracy 78.611 %, best 78.807 %
Finished training it 34176/38372 of epoch 0, 17.30 ms/it, NE 0.806728, loss 0.450091
Testing at - 34176/38372 of epoch 0,  NE 0.793347, loss 0.455766, accuracy 78.788 %, best 78.807 %
Finished training it 34304/38372 of epoch 0, 17.20 ms/it, NE 0.806672, loss 0.450560
Testing at - 34304/38372 of epoch 0,  NE 0.794405, loss 0.456373, accuracy 78.750 %, best 78.807 %
Finished training it 34432/38372 of epoch 0, 18.39 ms/it, NE 0.806624, loss 0.451777
Testing at - 34432/38372 of epoch 0,  NE 0.795336, loss 0.456908, accuracy 78.751 %, best 78.807 %
Finished training it 34560/38372 of epoch 0, 15.70 ms/it, NE 0.806569, loss 0.450296
Testing at - 34560/38372 of epoch 0,  NE 0.794359, loss 0.456346, accuracy 78.711 %, best 78.807 %
Finished training it 34688/38372 of epoch 0, 16.19 ms/it, NE 0.806508, loss 0.447744
Testing at - 34688/38372 of epoch 0,  NE 0.793196, loss 0.455678, accuracy 78.787 %, best 78.807 %
Finished training it 34816/38372 of epoch 0, 14.76 ms/it, NE 0.806458, loss 0.452989
Testing at - 34816/38372 of epoch 0,  NE 0.796519, loss 0.457587, accuracy 78.607 %, best 78.807 %
Finished training it 34944/38372 of epoch 0, 16.52 ms/it, NE 0.806415, loss 0.453158
Testing at - 34944/38372 of epoch 0,  NE 0.792623, loss 0.455349, accuracy 78.818 %, best 78.818 %
Finished training it 35072/38372 of epoch 0, 18.15 ms/it, NE 0.806364, loss 0.450930
Testing at - 35072/38372 of epoch 0,  NE 0.792929, loss 0.455525, accuracy 78.787 %, best 78.818 %
Finished training it 35200/38372 of epoch 0, 18.16 ms/it, NE 0.806319, loss 0.448660
Testing at - 35200/38372 of epoch 0,  NE 0.793351, loss 0.455768, accuracy 78.737 %, best 78.818 %
Finished training it 35328/38372 of epoch 0, 16.25 ms/it, NE 0.806263, loss 0.448116
Testing at - 35328/38372 of epoch 0,  NE 0.791960, loss 0.454968, accuracy 78.830 %, best 78.830 %
Finished training it 35456/38372 of epoch 0, 18.67 ms/it, NE 0.806214, loss 0.450932
Testing at - 35456/38372 of epoch 0,  NE 0.795667, loss 0.457098, accuracy 78.700 %, best 78.830 %
Finished training it 35584/38372 of epoch 0, 16.11 ms/it, NE 0.806167, loss 0.449268
Testing at - 35584/38372 of epoch 0,  NE 0.794462, loss 0.456406, accuracy 78.697 %, best 78.830 %
Finished training it 35712/38372 of epoch 0, 16.90 ms/it, NE 0.806117, loss 0.449484
Testing at - 35712/38372 of epoch 0,  NE 0.794684, loss 0.456534, accuracy 78.769 %, best 78.830 %
Finished training it 35840/38372 of epoch 0, 16.95 ms/it, NE 0.806075, loss 0.451475
Testing at - 35840/38372 of epoch 0,  NE 0.792703, loss 0.455395, accuracy 78.803 %, best 78.830 %
Finished training it 35968/38372 of epoch 0, 16.31 ms/it, NE 0.806015, loss 0.447835
Testing at - 35968/38372 of epoch 0,  NE 0.792699, loss 0.455393, accuracy 78.824 %, best 78.830 %
Finished training it 36096/38372 of epoch 0, 15.62 ms/it, NE 0.805959, loss 0.449141
Testing at - 36096/38372 of epoch 0,  NE 0.797542, loss 0.458175, accuracy 78.563 %, best 78.830 %
Finished training it 36224/38372 of epoch 0, 16.74 ms/it, NE 0.805905, loss 0.448081
Testing at - 36224/38372 of epoch 0,  NE 0.795576, loss 0.457046, accuracy 78.672 %, best 78.830 %
Finished training it 36352/38372 of epoch 0, 16.89 ms/it, NE 0.805861, loss 0.451854
Testing at - 36352/38372 of epoch 0,  NE 0.793954, loss 0.456114, accuracy 78.754 %, best 78.830 %
Finished training it 36480/38372 of epoch 0, 16.24 ms/it, NE 0.805812, loss 0.448056
Testing at - 36480/38372 of epoch 0,  NE 0.799504, loss 0.459302, accuracy 78.637 %, best 78.830 %
Finished training it 36608/38372 of epoch 0, 15.85 ms/it, NE 0.805754, loss 0.450547
Testing at - 36608/38372 of epoch 0,  NE 0.792584, loss 0.455327, accuracy 78.790 %, best 78.830 %
Finished training it 36736/38372 of epoch 0, 16.20 ms/it, NE 0.805701, loss 0.450775
Testing at - 36736/38372 of epoch 0,  NE 0.794753, loss 0.456573, accuracy 78.742 %, best 78.830 %
Finished training it 36864/38372 of epoch 0, 14.18 ms/it, NE 0.805648, loss 0.449318
Testing at - 36864/38372 of epoch 0,  NE 0.793356, loss 0.455770, accuracy 78.790 %, best 78.830 %
Finished training it 36992/38372 of epoch 0, 17.98 ms/it, NE 0.805602, loss 0.449432
Testing at - 36992/38372 of epoch 0,  NE 0.792287, loss 0.455157, accuracy 78.802 %, best 78.830 %
Finished training it 37120/38372 of epoch 0, 18.11 ms/it, NE 0.805550, loss 0.450451
Testing at - 37120/38372 of epoch 0,  NE 0.795063, loss 0.456751, accuracy 78.734 %, best 78.830 %
Finished training it 37248/38372 of epoch 0, 14.60 ms/it, NE 0.805513, loss 0.453039
Testing at - 37248/38372 of epoch 0,  NE 0.792249, loss 0.455134, accuracy 78.816 %, best 78.830 %
Finished training it 37376/38372 of epoch 0, 18.37 ms/it, NE 0.805464, loss 0.452468
Testing at - 37376/38372 of epoch 0,  NE 0.792073, loss 0.455033, accuracy 78.832 %, best 78.832 %
Finished training it 37504/38372 of epoch 0, 17.50 ms/it, NE 0.805413, loss 0.449633
Testing at - 37504/38372 of epoch 0,  NE 0.792995, loss 0.455563, accuracy 78.796 %, best 78.832 %
Finished training it 37632/38372 of epoch 0, 15.99 ms/it, NE 0.805370, loss 0.449015
Testing at - 37632/38372 of epoch 0,  NE 0.792228, loss 0.455122, accuracy 78.816 %, best 78.832 %
Finished training it 37760/38372 of epoch 0, 15.40 ms/it, NE 0.805316, loss 0.448621
Testing at - 37760/38372 of epoch 0,  NE 0.793621, loss 0.455923, accuracy 78.735 %, best 78.832 %
Finished training it 37888/38372 of epoch 0, 14.13 ms/it, NE 0.805270, loss 0.450049
Testing at - 37888/38372 of epoch 0,  NE 0.796389, loss 0.457513, accuracy 78.711 %, best 78.832 %
Finished training it 38016/38372 of epoch 0, 17.11 ms/it, NE 0.805228, loss 0.450179
Testing at - 38016/38372 of epoch 0,  NE 0.792556, loss 0.455311, accuracy 78.795 %, best 78.832 %
Finished training it 38144/38372 of epoch 0, 16.04 ms/it, NE 0.805177, loss 0.447576
Testing at - 38144/38372 of epoch 0,  NE 0.793936, loss 0.456104, accuracy 78.722 %, best 78.832 %
Finished training it 38272/38372 of epoch 0, 13.97 ms/it, NE 0.805121, loss 0.448845
Testing at - 38272/38372 of epoch 0,  NE 0.790934, loss 0.454379, accuracy 78.842 %, best 78.842 %
Finished training it 38372/38372 of epoch 0, 15.31 ms/it, NE 0.805079, loss 0.450857
Testing at - 38372/38372 of epoch 0,  NE 0.814387, loss 0.467853, accuracy 78.045 %, best 78.842 %
