Namespace(conf='configs/hobbes_config.yaml', dir='result_dumps/client_sampling/fmnist/bs_2048/', n_repeat=1, o='osgd_n_95', pipeline='loss', train_mode='vanilla')
---- Fetching configs and Initializing stuff -----
Loading Model: lenet
----------------------------
LeNet(
  (max_pool): MaxPool2d(kernel_size=(2, 2), stride=(2, 2), padding=0, dilation=1, ceil_mode=False)
  (conv1): Conv2d(1, 64, kernel_size=(5, 5), stride=(1, 1))
  (conv2): Conv2d(64, 64, kernel_size=(5, 5), stride=(1, 1))
  (fc1): Linear(in_features=1024, out_features=1024, bias=True)
  (fc2): Linear(in_features=1024, out_features=10, bias=True)
)
No compression specified or compression operator Not implemented ~ running without jacobian compression
--------------------------------
Initializing mean GAR
--------------------------------
Num of Batches in Train Loader = 30
epoch 0/50 
Epoch progress: 0/50, train loss = 2.2485862970352173, train acc = 20.553333333333335, test acc = 20.23, best acc =20.23
Epoch progress: 0/50, train loss = 1.812294348080953, train acc = 44.82, test acc = 44.66, best acc =44.66
epoch 1/50 
Epoch progress: 1/50, train loss = 0.6988386710484823, train acc = 73.53833333333333, test acc = 73.18, best acc =73.18
Epoch progress: 1/50, train loss = 0.5471942126750946, train acc = 79.07, test acc = 78.56, best acc =78.56
epoch 2/50 
Epoch progress: 2/50, train loss = 0.47215244273344675, train acc = 82.295, test acc = 81.16, best acc =81.16
Epoch progress: 2/50, train loss = 0.4326070954402288, train acc = 83.88333333333334, test acc = 82.66, best acc =82.66
epoch 3/50 
Epoch progress: 3/50, train loss = 0.39908123115698496, train acc = 85.345, test acc = 84.19, best acc =84.19
Epoch progress: 3/50, train loss = 0.3774387607971827, train acc = 86.11, test acc = 84.82, best acc =84.82
epoch 4/50 
Epoch progress: 4/50, train loss = 0.356921265522639, train acc = 86.865, test acc = 85.91, best acc =85.91
Epoch progress: 4/50, train loss = 0.3452729761600494, train acc = 87.24666666666667, test acc = 86.23, best acc =86.23
epoch 5/50 
Epoch progress: 5/50, train loss = 0.3379204452037811, train acc = 87.58, test acc = 86.69, best acc =86.69
Epoch progress: 5/50, train loss = 0.3228343983491262, train acc = 88.19333333333333, test acc = 87.09, best acc =87.09
epoch 6/50 
Epoch progress: 6/50, train loss = 0.3125032275915146, train acc = 88.525, test acc = 87.25, best acc =87.25
Epoch progress: 6/50, train loss = 0.3165031393369039, train acc = 88.15833333333333, test acc = 86.91, best acc =87.25
epoch 7/50 
Epoch progress: 7/50, train loss = 0.28867687781651813, train acc = 89.435, test acc = 88.06, best acc =88.06
epoch 8/50 
Epoch progress: 8/50, train loss = 0.30474895338217417, train acc = 88.82166666666667, test acc = 87.13, best acc =88.06
Epoch progress: 8/50, train loss = 0.28066081603368126, train acc = 89.65666666666667, test acc = 88.23, best acc =88.23
epoch 9/50 
Epoch progress: 9/50, train loss = 0.27538865407307944, train acc = 89.87666666666667, test acc = 88.55, best acc =88.55
Epoch progress: 9/50, train loss = 0.2652954012155533, train acc = 90.32333333333334, test acc = 88.66, best acc =88.66
epoch 10/50 
Epoch progress: 10/50, train loss = 0.25757412761449816, train acc = 90.59, test acc = 89.32, best acc =89.32
Epoch progress: 10/50, train loss = 0.25003615270058316, train acc = 90.91, test acc = 89.18, best acc =89.32
epoch 11/50 
Epoch progress: 11/50, train loss = 0.24773221611976623, train acc = 90.945, test acc = 89.31, best acc =89.32
Epoch progress: 11/50, train loss = 0.24321134239435196, train acc = 91.05833333333334, test acc = 89.45, best acc =89.45
epoch 12/50 
Epoch progress: 12/50, train loss = 0.24134750912586847, train acc = 91.21833333333333, test acc = 89.6, best acc =89.6
Epoch progress: 12/50, train loss = 0.2375631312529246, train acc = 91.36166666666666, test acc = 89.65, best acc =89.65
epoch 13/50 
Epoch progress: 13/50, train loss = 0.23685819804668426, train acc = 91.41, test acc = 89.48, best acc =89.65
Epoch progress: 13/50, train loss = 0.23282028883695602, train acc = 91.535, test acc = 89.73, best acc =89.73
epoch 14/50 
Epoch progress: 14/50, train loss = 0.2322893371184667, train acc = 91.455, test acc = 89.63, best acc =89.73
Epoch progress: 14/50, train loss = 0.22801785816748937, train acc = 91.78166666666667, test acc = 89.57, best acc =89.73
epoch 15/50 
Epoch progress: 15/50, train loss = 0.22610609978437424, train acc = 91.68333333333334, test acc = 89.86, best acc =89.86
epoch 16/50 
Epoch progress: 16/50, train loss = 0.22340357154607773, train acc = 91.87, test acc = 89.91, best acc =89.91
Epoch progress: 16/50, train loss = 0.22158898711204528, train acc = 91.98666666666666, test acc = 89.99, best acc =89.99
epoch 17/50 
Epoch progress: 17/50, train loss = 0.21787190635999043, train acc = 92.11666666666666, test acc = 89.89, best acc =89.99
Epoch progress: 17/50, train loss = 0.21601344992717106, train acc = 92.19666666666667, test acc = 89.78, best acc =89.99
epoch 18/50 
Epoch progress: 18/50, train loss = 0.2157258729139964, train acc = 92.23166666666667, test acc = 90.02, best acc =90.02
Epoch progress: 18/50, train loss = 0.21648587783177695, train acc = 92.115, test acc = 90.06, best acc =90.06
epoch 19/50 
Epoch progress: 19/50, train loss = 0.21480684528748195, train acc = 92.11333333333333, test acc = 89.8, best acc =90.06
Epoch progress: 19/50, train loss = 0.21072927514712017, train acc = 92.39333333333333, test acc = 90.28, best acc =90.28
epoch 20/50 
Epoch progress: 20/50, train loss = 0.20686154713233312, train acc = 92.475, test acc = 90.35, best acc =90.35
Epoch progress: 20/50, train loss = 0.20344549169143042, train acc = 92.57166666666667, test acc = 90.48, best acc =90.48
epoch 21/50 
Epoch progress: 21/50, train loss = 0.20161733776330948, train acc = 92.71166666666667, test acc = 90.45, best acc =90.48
Epoch progress: 21/50, train loss = 0.20171126971642175, train acc = 92.705, test acc = 90.55, best acc =90.55
epoch 22/50 
Epoch progress: 22/50, train loss = 0.20078519880771636, train acc = 92.73833333333333, test acc = 90.28, best acc =90.55
Epoch progress: 22/50, train loss = 0.19960389683643978, train acc = 92.87333333333333, test acc = 90.41, best acc =90.55
epoch 23/50 
Epoch progress: 23/50, train loss = 0.19812397460142772, train acc = 92.78666666666666, test acc = 90.65, best acc =90.65
epoch 24/50 
Epoch progress: 24/50, train loss = 0.19658248076836268, train acc = 92.87666666666667, test acc = 90.35, best acc =90.65
Epoch progress: 24/50, train loss = 0.19587636937697728, train acc = 92.84833333333333, test acc = 90.27, best acc =90.65
epoch 25/50 
Epoch progress: 25/50, train loss = 0.1968714435895284, train acc = 92.84, test acc = 90.86, best acc =90.86
Epoch progress: 25/50, train loss = 0.19464768171310426, train acc = 93.04666666666667, test acc = 90.53, best acc =90.86
epoch 26/50 
Epoch progress: 26/50, train loss = 0.19372580697139105, train acc = 92.91, test acc = 90.52, best acc =90.86
Epoch progress: 26/50, train loss = 0.19150283883015315, train acc = 93.12333333333333, test acc = 90.53, best acc =90.86
epoch 27/50 
Epoch progress: 27/50, train loss = 0.19165484060843785, train acc = 93.06833333333333, test acc = 90.75, best acc =90.86
Epoch progress: 27/50, train loss = 0.19047119617462158, train acc = 93.14166666666667, test acc = 90.52, best acc =90.86
epoch 28/50 
Epoch progress: 28/50, train loss = 0.1901485040783882, train acc = 93.175, test acc = 90.52, best acc =90.86
Epoch progress: 28/50, train loss = 0.18974888175725937, train acc = 93.19, test acc = 90.63, best acc =90.86
epoch 29/50 
Epoch progress: 29/50, train loss = 0.1878294602036476, train acc = 93.21333333333334, test acc = 90.73, best acc =90.86
Epoch progress: 29/50, train loss = 0.1871900513768196, train acc = 93.25333333333333, test acc = 90.41, best acc =90.86
epoch 30/50 
Epoch progress: 30/50, train loss = 0.18631570190191268, train acc = 93.37166666666667, test acc = 90.73, best acc =90.86
Epoch progress: 30/50, train loss = 0.18300952166318893, train acc = 93.34833333333333, test acc = 90.59, best acc =90.86
epoch 31/50 
Epoch progress: 31/50, train loss = 0.18417855749527615, train acc = 93.395, test acc = 90.7, best acc =90.86
epoch 32/50 
Epoch progress: 32/50, train loss = 0.18389900177717208, train acc = 93.36666666666666, test acc = 90.72, best acc =90.86
Epoch progress: 32/50, train loss = 0.182354440788428, train acc = 93.435, test acc = 90.45, best acc =90.86
epoch 33/50 
Epoch progress: 33/50, train loss = 0.181491922835509, train acc = 93.40666666666667, test acc = 90.96, best acc =90.96
Epoch progress: 33/50, train loss = 0.18036702970663707, train acc = 93.57166666666667, test acc = 90.71, best acc =90.96
epoch 34/50 
Epoch progress: 34/50, train loss = 0.18241287370522816, train acc = 93.41833333333334, test acc = 90.67, best acc =90.96
Epoch progress: 34/50, train loss = 0.18085676779349644, train acc = 93.47666666666667, test acc = 90.92, best acc =90.96
epoch 35/50 
Epoch progress: 35/50, train loss = 0.17964999576409657, train acc = 93.50333333333333, test acc = 90.69, best acc =90.96
Epoch progress: 35/50, train loss = 0.17917163868745167, train acc = 93.58666666666667, test acc = 90.89, best acc =90.96
epoch 36/50 
Epoch progress: 36/50, train loss = 0.17733633716901143, train acc = 93.55166666666666, test acc = 90.6, best acc =90.96
Epoch progress: 36/50, train loss = 0.17727403789758683, train acc = 93.585, test acc = 90.66, best acc =90.96
epoch 37/50 
Epoch progress: 37/50, train loss = 0.17628517498572668, train acc = 93.59166666666667, test acc = 90.82, best acc =90.96
Epoch progress: 37/50, train loss = 0.17594857066869735, train acc = 93.645, test acc = 90.84, best acc =90.96
epoch 38/50 
Epoch progress: 38/50, train loss = 0.17860381404558817, train acc = 93.50166666666667, test acc = 90.63, best acc =90.96
Epoch progress: 38/50, train loss = 0.17812197903792062, train acc = 93.64833333333333, test acc = 90.94, best acc =90.96
epoch 39/50 
Epoch progress: 39/50, train loss = 0.1766583129763603, train acc = 93.64333333333333, test acc = 90.88, best acc =90.96
epoch 40/50 
Epoch progress: 40/50, train loss = 0.17737809816996256, train acc = 93.53833333333333, test acc = 90.72, best acc =90.96
Epoch progress: 40/50, train loss = 0.17509380578994752, train acc = 93.70666666666666, test acc = 90.86, best acc =90.96
epoch 41/50 
Epoch progress: 41/50, train loss = 0.17456913143396377, train acc = 93.715, test acc = 90.97, best acc =90.97
Epoch progress: 41/50, train loss = 0.17423142294089, train acc = 93.795, test acc = 90.99, best acc =90.99
epoch 42/50 
Epoch progress: 42/50, train loss = 0.17425870895385742, train acc = 93.76666666666667, test acc = 90.96, best acc =90.99
Epoch progress: 42/50, train loss = 0.17400142749150593, train acc = 93.79333333333334, test acc = 90.76, best acc =90.99
epoch 43/50 
Epoch progress: 43/50, train loss = 0.17271104057629902, train acc = 93.87666666666667, test acc = 90.87, best acc =90.99
Epoch progress: 43/50, train loss = 0.1719204679131508, train acc = 93.8, test acc = 91.06, best acc =91.06
epoch 44/50 
Epoch progress: 44/50, train loss = 0.1717642640074094, train acc = 93.72666666666667, test acc = 90.97, best acc =91.06
Epoch progress: 44/50, train loss = 0.17242910464604697, train acc = 93.77, test acc = 90.75, best acc =91.06
epoch 45/50 
Epoch progress: 45/50, train loss = 0.17326798488696415, train acc = 93.86166666666666, test acc = 90.89, best acc =91.06
Epoch progress: 45/50, train loss = 0.1728365510702133, train acc = 93.805, test acc = 90.9, best acc =91.06
epoch 46/50 
Epoch progress: 46/50, train loss = 0.1718181217710177, train acc = 93.84833333333333, test acc = 91.16, best acc =91.16
Epoch progress: 46/50, train loss = 0.1711332599322001, train acc = 93.88166666666666, test acc = 90.8, best acc =91.16
epoch 47/50 
Epoch progress: 47/50, train loss = 0.1707649474342664, train acc = 93.91166666666666, test acc = 90.72, best acc =91.16
epoch 48/50 
Epoch progress: 48/50, train loss = 0.17202616383632024, train acc = 93.79333333333334, test acc = 90.79, best acc =91.16
Epoch progress: 48/50, train loss = 0.1706685607632001, train acc = 93.87666666666667, test acc = 91.0, best acc =91.16
epoch 49/50 
Epoch progress: 49/50, train loss = 0.1707245613137881, train acc = 93.845, test acc = 91.13, best acc =91.16
Epoch progress: 49/50, train loss = 0.1704720601439476, train acc = 93.92333333333333, test acc = 90.87, best acc =91.16
