Namespace(conf='configs/hobbes_config.yaml', dir='result_dumps/client_sampling/fmnist/bs_512/', n_repeat=1, o='osgd_90', pipeline='loss', train_mode='vanilla')
---- Fetching configs and Initializing stuff -----
Loading Model: lenet
----------------------------
LeNet(
  (max_pool): MaxPool2d(kernel_size=(2, 2), stride=(2, 2), padding=0, dilation=1, ceil_mode=False)
  (conv1): Conv2d(1, 64, kernel_size=(5, 5), stride=(1, 1))
  (conv2): Conv2d(64, 64, kernel_size=(5, 5), stride=(1, 1))
  (fc1): Linear(in_features=1024, out_features=1024, bias=True)
  (fc2): Linear(in_features=1024, out_features=10, bias=True)
)
No compression specified or compression operator Not implemented ~ running without jacobian compression
--------------------------------
Initializing mean GAR
--------------------------------
Num of Batches in Train Loader = 118
epoch 0/50 
Epoch progress: 0/50, train loss = 2.2735032550359175, train acc = 18.078333333333333, test acc = 18.02, best acc =18.02
Epoch progress: 0/50, train loss = 0.5032884905398902, train acc = 80.91, test acc = 79.89, best acc =79.89
epoch 1/50 
Epoch progress: 1/50, train loss = 0.39972267792386523, train acc = 85.215, test acc = 84.73, best acc =84.73
Epoch progress: 1/50, train loss = 0.3390375436362574, train acc = 87.56333333333333, test acc = 86.66, best acc =86.66
epoch 2/50 
Epoch progress: 2/50, train loss = 0.31721206400859153, train acc = 88.55166666666666, test acc = 87.48, best acc =87.48
Epoch progress: 2/50, train loss = 0.2981192064234766, train acc = 89.21166666666667, test acc = 88.13, best acc =88.13
epoch 3/50 
Epoch progress: 3/50, train loss = 0.2749158604922941, train acc = 89.935, test acc = 88.61, best acc =88.61
Epoch progress: 3/50, train loss = 0.2583151293002953, train acc = 90.49666666666667, test acc = 89.14, best acc =89.14
epoch 4/50 
Epoch progress: 4/50, train loss = 0.24729370780415455, train acc = 91.01666666666667, test acc = 89.05, best acc =89.14
Epoch progress: 4/50, train loss = 0.2292432567830813, train acc = 91.72166666666666, test acc = 89.66, best acc =89.66
epoch 5/50 
Epoch progress: 5/50, train loss = 0.22539038451041205, train acc = 91.805, test acc = 90.23, best acc =90.23
Epoch progress: 5/50, train loss = 0.2153862107355716, train acc = 92.13, test acc = 89.75, best acc =90.23
epoch 6/50 
Epoch progress: 6/50, train loss = 0.211364745967469, train acc = 92.305, test acc = 90.17, best acc =90.23
epoch 7/50 
Epoch progress: 7/50, train loss = 0.2114069518648972, train acc = 92.40666666666667, test acc = 90.09, best acc =90.23
Epoch progress: 7/50, train loss = 0.19783264095500364, train acc = 92.80666666666667, test acc = 90.45, best acc =90.45
epoch 8/50 
Epoch progress: 8/50, train loss = 0.19129151636261052, train acc = 93.095, test acc = 90.23, best acc =90.45
Epoch progress: 8/50, train loss = 0.18160385474310084, train acc = 93.41, test acc = 90.96, best acc =90.96
epoch 9/50 
Epoch progress: 9/50, train loss = 0.17256312564773074, train acc = 93.74833333333333, test acc = 90.7, best acc =90.96
Epoch progress: 9/50, train loss = 0.16817147663589252, train acc = 93.93333333333334, test acc = 90.86, best acc =90.96
epoch 10/50 
Epoch progress: 10/50, train loss = 0.1548322843293012, train acc = 94.38333333333334, test acc = 91.38, best acc =91.38
Epoch progress: 10/50, train loss = 0.14779779807490817, train acc = 94.73333333333333, test acc = 91.49, best acc =91.49
epoch 11/50 
Epoch progress: 11/50, train loss = 0.14181074367488844, train acc = 94.86166666666666, test acc = 91.31, best acc =91.49
Epoch progress: 11/50, train loss = 0.14323990040663945, train acc = 94.72833333333334, test acc = 91.34, best acc =91.49
epoch 12/50 
Epoch progress: 12/50, train loss = 0.13351985995294685, train acc = 95.17166666666667, test acc = 91.67, best acc =91.67
epoch 13/50 
Epoch progress: 13/50, train loss = 0.13400794489909026, train acc = 95.135, test acc = 91.42, best acc =91.67
Epoch progress: 13/50, train loss = 0.1280953007734428, train acc = 95.42333333333333, test acc = 91.52, best acc =91.67
epoch 14/50 
Epoch progress: 14/50, train loss = 0.12868912107611108, train acc = 95.27833333333334, test acc = 91.31, best acc =91.67
Epoch progress: 14/50, train loss = 0.12223244540519633, train acc = 95.55833333333334, test acc = 91.42, best acc =91.67
epoch 15/50 
Epoch progress: 15/50, train loss = 0.12475245850066007, train acc = 95.45, test acc = 91.23, best acc =91.67
Epoch progress: 15/50, train loss = 0.1225360557436943, train acc = 95.43333333333334, test acc = 91.27, best acc =91.67
epoch 16/50 
Epoch progress: 16/50, train loss = 0.11376144610724206, train acc = 95.91666666666667, test acc = 91.54, best acc =91.67
Epoch progress: 16/50, train loss = 0.11795426185353328, train acc = 95.73666666666666, test acc = 91.47, best acc =91.67
epoch 17/50 
Epoch progress: 17/50, train loss = 0.10801186425200963, train acc = 96.075, test acc = 91.51, best acc =91.67
Epoch progress: 17/50, train loss = 0.10556404854534036, train acc = 96.20166666666667, test acc = 91.82, best acc =91.82
epoch 18/50 
Epoch progress: 18/50, train loss = 0.10601008809724097, train acc = 96.18666666666667, test acc = 91.58, best acc =91.82
Epoch progress: 18/50, train loss = 0.10167578487830647, train acc = 96.37666666666667, test acc = 91.7, best acc =91.82
epoch 19/50 
Epoch progress: 19/50, train loss = 0.10379342791640152, train acc = 96.25666666666666, test acc = 91.63, best acc =91.82
epoch 20/50 
Epoch progress: 20/50, train loss = 0.09634060639951189, train acc = 96.595, test acc = 91.75, best acc =91.82
Epoch progress: 20/50, train loss = 0.0891897010980016, train acc = 96.805, test acc = 91.99, best acc =91.99
epoch 21/50 
Epoch progress: 21/50, train loss = 0.08451592085598889, train acc = 97.03333333333333, test acc = 91.94, best acc =91.99
Epoch progress: 21/50, train loss = 0.08472914425498349, train acc = 97.03666666666666, test acc = 91.72, best acc =91.99
epoch 22/50 
Epoch progress: 22/50, train loss = 0.08173626452936965, train acc = 97.07833333333333, test acc = 91.86, best acc =91.99
Epoch progress: 22/50, train loss = 0.08263937680650565, train acc = 97.07, test acc = 91.63, best acc =91.99
epoch 23/50 
Epoch progress: 23/50, train loss = 0.08138469862357034, train acc = 97.16666666666667, test acc = 91.7, best acc =91.99
Epoch progress: 23/50, train loss = 0.0777345681720871, train acc = 97.26666666666667, test acc = 91.94, best acc =91.99
epoch 24/50 
Epoch progress: 24/50, train loss = 0.07759931311011314, train acc = 97.265, test acc = 91.7, best acc =91.99
Epoch progress: 24/50, train loss = 0.07487390733371346, train acc = 97.40333333333334, test acc = 91.93, best acc =91.99
epoch 25/50 
Epoch progress: 25/50, train loss = 0.0715782959961285, train acc = 97.585, test acc = 91.92, best acc =91.99
epoch 26/50 
Epoch progress: 26/50, train loss = 0.07380651477408612, train acc = 97.475, test acc = 91.82, best acc =91.99
Epoch progress: 26/50, train loss = 0.07216400378462622, train acc = 97.45166666666667, test acc = 92.01, best acc =92.01
epoch 27/50 
Epoch progress: 27/50, train loss = 0.07287820804295904, train acc = 97.46, test acc = 91.85, best acc =92.01
Epoch progress: 27/50, train loss = 0.06885140022989046, train acc = 97.65833333333333, test acc = 92.14, best acc =92.14
epoch 28/50 
Epoch progress: 28/50, train loss = 0.0672367638829401, train acc = 97.64833333333333, test acc = 91.98, best acc =92.14
Epoch progress: 28/50, train loss = 0.06474244139962278, train acc = 97.77666666666667, test acc = 91.82, best acc =92.14
epoch 29/50 
Epoch progress: 29/50, train loss = 0.0644904722664821, train acc = 97.76333333333334, test acc = 92.02, best acc =92.14
Epoch progress: 29/50, train loss = 0.06311494582411596, train acc = 97.84333333333333, test acc = 92.03, best acc =92.14
epoch 30/50 
Epoch progress: 30/50, train loss = 0.05967515602834144, train acc = 97.99166666666666, test acc = 92.03, best acc =92.14
Epoch progress: 30/50, train loss = 0.05949976702489085, train acc = 98.015, test acc = 91.8, best acc =92.14
epoch 31/50 
Epoch progress: 31/50, train loss = 0.05811686431831223, train acc = 98.14333333333333, test acc = 92.0, best acc =92.14
epoch 32/50 
Epoch progress: 32/50, train loss = 0.05709347589793852, train acc = 98.19166666666666, test acc = 92.18, best acc =92.18
Epoch progress: 32/50, train loss = 0.05652123276081126, train acc = 98.13166666666666, test acc = 92.15, best acc =92.18
epoch 33/50 
Epoch progress: 33/50, train loss = 0.05792415262026302, train acc = 97.985, test acc = 91.96, best acc =92.18
Epoch progress: 33/50, train loss = 0.055437232320338994, train acc = 98.195, test acc = 91.84, best acc =92.18
epoch 34/50 
Epoch progress: 34/50, train loss = 0.055371208479470115, train acc = 98.21833333333333, test acc = 92.0, best acc =92.18
Epoch progress: 34/50, train loss = 0.05354678539275113, train acc = 98.23666666666666, test acc = 91.85, best acc =92.18
epoch 35/50 
Epoch progress: 35/50, train loss = 0.05470963614850731, train acc = 98.09833333333333, test acc = 91.76, best acc =92.18
Epoch progress: 35/50, train loss = 0.052520489935778965, train acc = 98.295, test acc = 92.04, best acc =92.18
epoch 36/50 
Epoch progress: 36/50, train loss = 0.0517122831700717, train acc = 98.24833333333333, test acc = 92.0, best acc =92.18
Epoch progress: 36/50, train loss = 0.05211723643213005, train acc = 98.26, test acc = 91.87, best acc =92.18
epoch 37/50 
Epoch progress: 37/50, train loss = 0.050750072445657296, train acc = 98.41166666666666, test acc = 92.07, best acc =92.18
Epoch progress: 37/50, train loss = 0.05083162473293684, train acc = 98.39333333333333, test acc = 92.02, best acc =92.18
epoch 38/50 
Epoch progress: 38/50, train loss = 0.05057387396503808, train acc = 98.33, test acc = 92.06, best acc =92.18
epoch 39/50 
Epoch progress: 39/50, train loss = 0.05058330453742864, train acc = 98.42666666666666, test acc = 92.08, best acc =92.18
Epoch progress: 39/50, train loss = 0.04900241180686122, train acc = 98.41666666666667, test acc = 92.27, best acc =92.27
epoch 40/50 
Epoch progress: 40/50, train loss = 0.0480541528155238, train acc = 98.47666666666667, test acc = 92.13, best acc =92.27
Epoch progress: 40/50, train loss = 0.04578684301952184, train acc = 98.56666666666666, test acc = 92.02, best acc =92.27
epoch 41/50 
Epoch progress: 41/50, train loss = 0.0463604006474301, train acc = 98.54166666666667, test acc = 92.03, best acc =92.27
Epoch progress: 41/50, train loss = 0.045623416696690906, train acc = 98.55, test acc = 91.85, best acc =92.27
epoch 42/50 
Epoch progress: 42/50, train loss = 0.04589957039866407, train acc = 98.625, test acc = 91.85, best acc =92.27
Epoch progress: 42/50, train loss = 0.04393691126004619, train acc = 98.64666666666666, test acc = 91.92, best acc =92.27
epoch 43/50 
Epoch progress: 43/50, train loss = 0.04579555843088586, train acc = 98.57166666666667, test acc = 92.02, best acc =92.27
Epoch progress: 43/50, train loss = 0.04525540027199155, train acc = 98.575, test acc = 92.07, best acc =92.27
epoch 44/50 
Epoch progress: 44/50, train loss = 0.04353894877358008, train acc = 98.64166666666667, test acc = 91.84, best acc =92.27
epoch 45/50 
Epoch progress: 45/50, train loss = 0.043851708661828, train acc = 98.66666666666667, test acc = 92.17, best acc =92.27
Epoch progress: 45/50, train loss = 0.044991578938344774, train acc = 98.61, test acc = 92.2, best acc =92.27
epoch 46/50 
Epoch progress: 46/50, train loss = 0.04383385520807262, train acc = 98.63666666666667, test acc = 91.91, best acc =92.27
Epoch progress: 46/50, train loss = 0.04403453762248411, train acc = 98.685, test acc = 91.98, best acc =92.27
epoch 47/50 
Epoch progress: 47/50, train loss = 0.043182188929137534, train acc = 98.705, test acc = 92.12, best acc =92.27
Epoch progress: 47/50, train loss = 0.04262601330055524, train acc = 98.67666666666666, test acc = 92.07, best acc =92.27
epoch 48/50 
Epoch progress: 48/50, train loss = 0.04369169419978635, train acc = 98.615, test acc = 92.31, best acc =92.31
Epoch progress: 48/50, train loss = 0.04196994639617407, train acc = 98.69833333333334, test acc = 92.14, best acc =92.31
epoch 49/50 
Epoch progress: 49/50, train loss = 0.042357917827696115, train acc = 98.66833333333334, test acc = 92.09, best acc =92.31
Epoch progress: 49/50, train loss = 0.042261307017277865, train acc = 98.69666666666667, test acc = 92.19, best acc =92.31
