NCCL version 2.9.6+cudaCUDA_MAJOR.CUDA_MINOR
Unable to import mlperf_logging,  No module named 'mlperf_logging'
world size: 1, current rank: 0, local rank: 0
Using 2 GPU(s)...
Reading pre-processed data=./input/kaggleAdDisplayChallenge_processed.npz
Sparse fea = 26, Dense fea = 13
Defined train indices...
Randomized indices across days ...
Split data according to indices...
Reading pre-processed data=./input/kaggleAdDisplayChallenge_processed.npz
Sparse fea = 26, Dense fea = 13
Defined test indices...
Randomized indices across days ...
Split data according to indices...
DLRM_Net(
  (bot_l): Sequential(
    (0): Linear(in_features=13, out_features=512, bias=True)
    (1): ReLU()
    (2): Linear(in_features=512, out_features=256, bias=True)
    (3): ReLU()
    (4): Linear(in_features=256, out_features=64, bias=True)
    (5): ReLU()
    (6): Linear(in_features=64, out_features=16, bias=True)
    (7): ReLU()
  )
  (top_l): Sequential(
    (0): Linear(in_features=367, out_features=512, bias=True)
    (1): ReLU()
    (2): Linear(in_features=512, out_features=256, bias=True)
    (3): ReLU()
    (4): Linear(in_features=256, out_features=1, bias=True)
    (5): Sigmoid()
  )
  (loss_fn): BCELoss()
)
Random uniform embeddings init: 0 size: 1461 dim: 16
Random uniform embeddings init: 1 size: 584 dim: 16
Random uniform embeddings init: 2 size: 10131227 dim: 16
Random uniform embeddings init: 3 size: 2202608 dim: 16
Random uniform embeddings init: 4 size: 306 dim: 16
Random uniform embeddings init: 5 size: 24 dim: 16
Random uniform embeddings init: 6 size: 12518 dim: 16
Random uniform embeddings init: 7 size: 634 dim: 16
Random uniform embeddings init: 8 size: 4 dim: 16
Random uniform embeddings init: 9 size: 93146 dim: 16
Random uniform embeddings init: 10 size: 5684 dim: 16
Random uniform embeddings init: 11 size: 8351593 dim: 16
Random uniform embeddings init: 12 size: 3195 dim: 16
Random uniform embeddings init: 13 size: 28 dim: 16
Random uniform embeddings init: 14 size: 14993 dim: 16
Random uniform embeddings init: 15 size: 5461306 dim: 16
Random uniform embeddings init: 16 size: 11 dim: 16
Random uniform embeddings init: 17 size: 5653 dim: 16
Random uniform embeddings init: 18 size: 2173 dim: 16
Random uniform embeddings init: 19 size: 4 dim: 16
Random uniform embeddings init: 20 size: 7046547 dim: 16
Random uniform embeddings init: 21 size: 18 dim: 16
Random uniform embeddings init: 22 size: 16 dim: 16
Random uniform embeddings init: 23 size: 286181 dim: 16
Random uniform embeddings init: 24 size: 105 dim: 16
Random uniform embeddings init: 25 size: 142572 dim: 16
time/loss/accuracy (if enabled):
Finished training it 128/38372 of epoch 0, 148.75 ms/it, NE 1.394567, loss 0.793098
Testing at - 128/38372 of epoch 0,  NE 2.500285, loss 1.436374, accuracy 62.103 %, best 62.103 %
Finished training it 256/38372 of epoch 0, 18.66 ms/it, NE 1.935863, loss 1.409168
Testing at - 256/38372 of epoch 0,  NE 3.125791, loss 1.795717, accuracy 65.126 %, best 65.126 %
Finished training it 384/38372 of epoch 0, 18.36 ms/it, NE 2.363855, loss 1.830592
Testing at - 384/38372 of epoch 0,  NE 3.702816, loss 2.127209, accuracy 64.592 %, best 65.126 %
Finished training it 512/38372 of epoch 0, 17.15 ms/it, NE 2.786273, loss 2.295141
Testing at - 512/38372 of epoch 0,  NE 6.096827, loss 3.502530, accuracy 64.464 %, best 65.126 %
Finished training it 640/38372 of epoch 0, 17.98 ms/it, NE 3.346178, loss 3.174533
Testing at - 640/38372 of epoch 0,  NE 6.071109, loss 3.487756, accuracy 65.459 %, best 65.459 %
Finished training it 768/38372 of epoch 0, 20.70 ms/it, NE 3.792595, loss 3.422198
Testing at - 768/38372 of epoch 0,  NE 4.895452, loss 2.812359, accuracy 73.223 %, best 73.223 %
Finished training it 896/38372 of epoch 0, 18.15 ms/it, NE 4.263833, loss 4.022853
Testing at - 896/38372 of epoch 0,  NE 6.026518, loss 3.462139, accuracy 71.279 %, best 73.223 %
Finished training it 1024/38372 of epoch 0, 17.52 ms/it, NE 4.908174, loss 5.354439
Testing at - 1024/38372 of epoch 0,  NE 11.029109, loss 6.336048, accuracy 65.171 %, best 73.223 %
Finished training it 1152/38372 of epoch 0, 16.92 ms/it, NE 5.498441, loss 5.800148
Testing at - 1152/38372 of epoch 0,  NE 9.380767, loss 5.389101, accuracy 69.725 %, best 73.223 %
Finished training it 1280/38372 of epoch 0, 17.78 ms/it, NE 6.102265, loss 6.557899
Testing at - 1280/38372 of epoch 0,  NE 13.762815, loss 7.906518, accuracy 67.887 %, best 73.223 %
Finished training it 1408/38372 of epoch 0, 18.41 ms/it, NE 6.892958, loss 8.410037
Testing at - 1408/38372 of epoch 0,  NE 17.033304, loss 9.785362, accuracy 65.861 %, best 73.223 %
Finished training it 1536/38372 of epoch 0, 19.43 ms/it, NE 7.455885, loss 7.728058
Testing at - 1536/38372 of epoch 0,  NE 15.192573, loss 8.727892, accuracy 67.778 %, best 73.223 %
Finished training it 1664/38372 of epoch 0, 19.25 ms/it, NE 8.067956, loss 8.769070
Testing at - 1664/38372 of epoch 0,  NE 19.828978, loss 11.391433, accuracy 65.038 %, best 73.223 %
Finished training it 1792/38372 of epoch 0, 18.31 ms/it, NE 8.600736, loss 8.826178
Testing at - 1792/38372 of epoch 0,  NE 16.063948, loss 9.228483, accuracy 68.442 %, best 73.223 %
Finished training it 1920/38372 of epoch 0, 17.59 ms/it, NE 9.103516, loss 9.168814
Testing at - 1920/38372 of epoch 0,  NE 17.414862, loss 10.004561, accuracy 66.380 %, best 73.223 %
Finished training it 2048/38372 of epoch 0, 20.12 ms/it, NE 9.556082, loss 9.302031
Testing at - 2048/38372 of epoch 0,  NE 17.793681, loss 10.222187, accuracy 67.970 %, best 73.223 %
Finished training it 2176/38372 of epoch 0, 21.72 ms/it, NE 9.968048, loss 9.419506
Testing at - 2176/38372 of epoch 0,  NE 16.604558, loss 9.539055, accuracy 67.806 %, best 73.223 %
Finished training it 2304/38372 of epoch 0, 18.95 ms/it, NE 10.385737, loss 9.944552
Testing at - 2304/38372 of epoch 0,  NE 16.811005, loss 9.657655, accuracy 69.884 %, best 73.223 %
Finished training it 2432/38372 of epoch 0, 18.18 ms/it, NE 10.743986, loss 9.785664
Testing at - 2432/38372 of epoch 0,  NE 16.034404, loss 9.211510, accuracy 68.302 %, best 73.223 %
Finished training it 2560/38372 of epoch 0, 18.96 ms/it, NE 11.005678, loss 9.073705
Testing at - 2560/38372 of epoch 0,  NE 15.408572, loss 8.851980, accuracy 70.522 %, best 73.223 %
Finished training it 2688/38372 of epoch 0, 22.22 ms/it, NE 11.306438, loss 9.842867
Testing at - 2688/38372 of epoch 0,  NE 19.947951, loss 11.459781, accuracy 66.878 %, best 73.223 %
Finished training it 2816/38372 of epoch 0, 18.32 ms/it, NE 11.528031, loss 9.188877
Testing at - 2816/38372 of epoch 0,  NE 15.822245, loss 9.089628, accuracy 70.344 %, best 73.223 %
Finished training it 2944/38372 of epoch 0, 18.67 ms/it, NE 11.790933, loss 10.018556
Testing at - 2944/38372 of epoch 0,  NE 18.005046, loss 10.343613, accuracy 68.187 %, best 73.223 %
Finished training it 3072/38372 of epoch 0, 18.74 ms/it, NE 11.966099, loss 9.070263
Testing at - 3072/38372 of epoch 0,  NE 18.249306, loss 10.483936, accuracy 68.954 %, best 73.223 %
Finished training it 3200/38372 of epoch 0, 20.62 ms/it, NE 12.153228, loss 9.454781
Testing at - 3200/38372 of epoch 0,  NE 18.891265, loss 10.852731, accuracy 67.551 %, best 73.223 %
Finished training it 3328/38372 of epoch 0, 19.91 ms/it, NE 12.315069, loss 9.293308
Testing at - 3328/38372 of epoch 0,  NE 16.736526, loss 9.614868, accuracy 68.772 %, best 73.223 %
Finished training it 3456/38372 of epoch 0, 17.03 ms/it, NE 12.463219, loss 9.259557
Testing at - 3456/38372 of epoch 0,  NE 17.169105, loss 9.863378, accuracy 68.760 %, best 73.223 %
Finished training it 3584/38372 of epoch 0, 18.06 ms/it, NE 12.532307, loss 8.161294
Testing at - 3584/38372 of epoch 0,  NE 15.263747, loss 8.768780, accuracy 69.382 %, best 73.223 %
Finished training it 3712/38372 of epoch 0, 16.86 ms/it, NE 12.657762, loss 9.176741
Testing at - 3712/38372 of epoch 0,  NE 15.985903, loss 9.183647, accuracy 70.933 %, best 73.223 %
Finished training it 3840/38372 of epoch 0, 17.92 ms/it, NE 12.782820, loss 9.322674
Testing at - 3840/38372 of epoch 0,  NE 16.601403, loss 9.537242, accuracy 69.270 %, best 73.223 %
Finished training it 3968/38372 of epoch 0, 16.48 ms/it, NE 12.872449, loss 8.854513
Testing at - 3968/38372 of epoch 0,  NE 14.407974, loss 8.277152, accuracy 70.287 %, best 73.223 %
Finished training it 4096/38372 of epoch 0, 17.21 ms/it, NE 12.943305, loss 8.627575
Testing at - 4096/38372 of epoch 0,  NE 17.313942, loss 9.946584, accuracy 69.633 %, best 73.223 %
Finished training it 4224/38372 of epoch 0, 16.90 ms/it, NE 13.054139, loss 9.443932
Testing at - 4224/38372 of epoch 0,  NE 19.668992, loss 11.299524, accuracy 68.546 %, best 73.223 %
Finished training it 4352/38372 of epoch 0, 18.25 ms/it, NE 13.183491, loss 9.923044
Testing at - 4352/38372 of epoch 0,  NE 14.843544, loss 8.527380, accuracy 71.694 %, best 73.223 %
Finished training it 4480/38372 of epoch 0, 17.75 ms/it, NE 13.294081, loss 9.703797
Testing at - 4480/38372 of epoch 0,  NE 20.272794, loss 11.646398, accuracy 68.061 %, best 73.223 %
Finished training it 4608/38372 of epoch 0, 22.69 ms/it, NE 13.427000, loss 10.277576
Testing at - 4608/38372 of epoch 0,  NE 17.938933, loss 10.305632, accuracy 70.721 %, best 73.223 %
Finished training it 4736/38372 of epoch 0, 17.36 ms/it, NE 13.551210, loss 10.222049
Testing at - 4736/38372 of epoch 0,  NE 18.694965, loss 10.739960, accuracy 68.480 %, best 73.223 %
Finished training it 4864/38372 of epoch 0, 17.96 ms/it, NE 13.669150, loss 10.256541
Testing at - 4864/38372 of epoch 0,  NE 16.422389, loss 9.434401, accuracy 71.051 %, best 73.223 %
Finished training it 4992/38372 of epoch 0, 17.96 ms/it, NE 13.748828, loss 9.536106
Testing at - 4992/38372 of epoch 0,  NE 18.111957, loss 10.405032, accuracy 69.378 %, best 73.223 %
Finished training it 5120/38372 of epoch 0, 18.04 ms/it, NE 13.810801, loss 9.240787
Testing at - 5120/38372 of epoch 0,  NE 18.309595, loss 10.518571, accuracy 68.381 %, best 73.223 %
Finished training it 5248/38372 of epoch 0, 17.54 ms/it, NE 13.879365, loss 9.445827
Testing at - 5248/38372 of epoch 0,  NE 17.410650, loss 10.002142, accuracy 69.829 %, best 73.223 %
Finished training it 5376/38372 of epoch 0, 19.17 ms/it, NE 13.966755, loss 9.953870
Testing at - 5376/38372 of epoch 0,  NE 16.494201, loss 9.475656, accuracy 69.225 %, best 73.223 %
Finished training it 5504/38372 of epoch 0, 18.90 ms/it, NE 14.011195, loss 9.019936
Testing at - 5504/38372 of epoch 0,  NE 15.856275, loss 9.109178, accuracy 70.065 %, best 73.223 %
Finished training it 5632/38372 of epoch 0, 18.84 ms/it, NE 14.084609, loss 9.802704
Testing at - 5632/38372 of epoch 0,  NE 15.054889, loss 8.648794, accuracy 71.345 %, best 73.223 %
Finished training it 5760/38372 of epoch 0, 18.54 ms/it, NE 14.158624, loss 9.914037
Testing at - 5760/38372 of epoch 0,  NE 17.143987, loss 9.848948, accuracy 69.476 %, best 73.223 %
Finished training it 5888/38372 of epoch 0, 18.45 ms/it, NE 14.220999, loss 9.689870
Testing at - 5888/38372 of epoch 0,  NE 19.005810, loss 10.918536, accuracy 70.473 %, best 73.223 %
Finished training it 6016/38372 of epoch 0, 17.33 ms/it, NE 14.319118, loss 10.693826
Testing at - 6016/38372 of epoch 0,  NE 19.412836, loss 11.152366, accuracy 69.151 %, best 73.223 %
Finished training it 6144/38372 of epoch 0, 17.75 ms/it, NE 14.387301, loss 9.967838
Testing at - 6144/38372 of epoch 0,  NE 19.412779, loss 11.152333, accuracy 69.081 %, best 73.223 %
Finished training it 6272/38372 of epoch 0, 18.26 ms/it, NE 14.463582, loss 10.311473
Testing at - 6272/38372 of epoch 0,  NE 21.452678, loss 12.324223, accuracy 69.056 %, best 73.223 %
Finished training it 6400/38372 of epoch 0, 19.27 ms/it, NE 14.536922, loss 10.326950
Testing at - 6400/38372 of epoch 0,  NE 19.282742, loss 11.077629, accuracy 69.465 %, best 73.223 %
Finished training it 6528/38372 of epoch 0, 18.14 ms/it, NE 14.618940, loss 10.677926
Testing at - 6528/38372 of epoch 0,  NE 21.349636, loss 12.265027, accuracy 69.438 %, best 73.223 %
Finished training it 6656/38372 of epoch 0, 16.57 ms/it, NE 14.695344, loss 10.578814
Testing at - 6656/38372 of epoch 0,  NE 15.624796, loss 8.976197, accuracy 71.303 %, best 73.223 %
Finished training it 6784/38372 of epoch 0, 17.75 ms/it, NE 14.772944, loss 10.701788
Testing at - 6784/38372 of epoch 0,  NE 14.740606, loss 8.468244, accuracy 73.206 %, best 73.223 %
Finished training it 6912/38372 of epoch 0, 17.02 ms/it, NE 14.851804, loss 10.834403
Testing at - 6912/38372 of epoch 0,  NE 15.291895, loss 8.784950, accuracy 72.952 %, best 73.223 %
Finished training it 7040/38372 of epoch 0, 17.77 ms/it, NE 14.970837, loss 12.136984
Testing at - 7040/38372 of epoch 0,  NE 21.355664, loss 12.268489, accuracy 69.844 %, best 73.223 %
Finished training it 7168/38372 of epoch 0, 16.87 ms/it, NE 15.056091, loss 11.193441
Testing at - 7168/38372 of epoch 0,  NE 19.697692, loss 11.316011, accuracy 69.551 %, best 73.223 %
Finished training it 7296/38372 of epoch 0, 17.54 ms/it, NE 15.110711, loss 10.326865
Testing at - 7296/38372 of epoch 0,  NE 17.851841, loss 10.255599, accuracy 71.285 %, best 73.223 %
Finished training it 7424/38372 of epoch 0, 17.01 ms/it, NE 15.167420, loss 10.466582
Testing at - 7424/38372 of epoch 0,  NE 20.095929, loss 11.544792, accuracy 69.074 %, best 73.223 %
Finished training it 7552/38372 of epoch 0, 24.80 ms/it, NE 15.212514, loss 10.118273
Testing at - 7552/38372 of epoch 0,  NE 20.174286, loss 11.589807, accuracy 68.316 %, best 73.223 %
Finished training it 7680/38372 of epoch 0, 18.65 ms/it, NE 15.270438, loss 10.661018
Testing at - 7680/38372 of epoch 0,  NE 20.651165, loss 11.863766, accuracy 69.624 %, best 73.223 %
Finished training it 7808/38372 of epoch 0, 18.49 ms/it, NE 15.334322, loss 10.885404
Testing at - 7808/38372 of epoch 0,  NE 20.668423, loss 11.873680, accuracy 69.719 %, best 73.223 %
Finished training it 7936/38372 of epoch 0, 21.29 ms/it, NE 15.405001, loss 11.222296
Testing at - 7936/38372 of epoch 0,  NE 19.581382, loss 11.249192, accuracy 70.741 %, best 73.223 %
Finished training it 8064/38372 of epoch 0, 20.87 ms/it, NE 15.458375, loss 10.689388
Testing at - 8064/38372 of epoch 0,  NE 19.641813, loss 11.283909, accuracy 69.695 %, best 73.223 %
Finished training it 8192/38372 of epoch 0, 16.41 ms/it, NE 15.524252, loss 11.205441
Testing at - 8192/38372 of epoch 0,  NE 21.325484, loss 12.251152, accuracy 69.226 %, best 73.223 %
Finished training it 8320/38372 of epoch 0, 18.08 ms/it, NE 15.581669, loss 10.928557
Testing at - 8320/38372 of epoch 0,  NE 22.582782, loss 12.973449, accuracy 68.527 %, best 73.223 %
Finished training it 8448/38372 of epoch 0, 18.30 ms/it, NE 15.638127, loss 10.981457
Testing at - 8448/38372 of epoch 0,  NE 18.240158, loss 10.478681, accuracy 70.092 %, best 73.223 %
Finished training it 8576/38372 of epoch 0, 17.82 ms/it, NE 15.688554, loss 10.828116
Testing at - 8576/38372 of epoch 0,  NE 21.276458, loss 12.222987, accuracy 70.105 %, best 73.223 %
Finished training it 8704/38372 of epoch 0, 18.09 ms/it, NE 15.758562, loss 11.628335
Testing at - 8704/38372 of epoch 0,  NE 21.237699, loss 12.200720, accuracy 70.123 %, best 73.223 %
Finished training it 8832/38372 of epoch 0, 18.87 ms/it, NE 15.806296, loss 10.818596
Testing at - 8832/38372 of epoch 0,  NE 21.337199, loss 12.257882, accuracy 69.739 %, best 73.223 %
Finished training it 8960/38372 of epoch 0, 18.59 ms/it, NE 15.881412, loss 11.965055
Testing at - 8960/38372 of epoch 0,  NE 18.282841, loss 10.503202, accuracy 71.344 %, best 73.223 %
Finished training it 9088/38372 of epoch 0, 17.82 ms/it, NE 15.937073, loss 11.257799
Testing at - 9088/38372 of epoch 0,  NE 22.107206, loss 12.700238, accuracy 69.285 %, best 73.223 %
Finished training it 9216/38372 of epoch 0, 18.32 ms/it, NE 15.997427, loss 11.534526
Testing at - 9216/38372 of epoch 0,  NE 22.182641, loss 12.743574, accuracy 69.557 %, best 73.223 %
Finished training it 9344/38372 of epoch 0, 25.16 ms/it, NE 16.058491, loss 11.628713
Testing at - 9344/38372 of epoch 0,  NE 23.088120, loss 13.263758, accuracy 69.107 %, best 73.223 %
Finished training it 9472/38372 of epoch 0, 18.59 ms/it, NE 16.114198, loss 11.472942
Testing at - 9472/38372 of epoch 0,  NE 21.217708, loss 12.189236, accuracy 70.157 %, best 73.223 %
Finished training it 9600/38372 of epoch 0, 19.52 ms/it, NE 16.180074, loss 11.956006
Testing at - 9600/38372 of epoch 0,  NE 19.334047, loss 11.107102, accuracy 70.704 %, best 73.223 %
Finished training it 9728/38372 of epoch 0, 18.50 ms/it, NE 16.234199, loss 11.513046
Testing at - 9728/38372 of epoch 0,  NE 21.337176, loss 12.257868, accuracy 69.772 %, best 73.223 %
Finished training it 9856/38372 of epoch 0, 18.10 ms/it, NE 16.292307, loss 11.767878
Testing at - 9856/38372 of epoch 0,  NE 18.323007, loss 10.526276, accuracy 71.205 %, best 73.223 %
Finished training it 9984/38372 of epoch 0, 16.43 ms/it, NE 16.366050, loss 12.523658
Testing at - 9984/38372 of epoch 0,  NE 22.006998, loss 12.642671, accuracy 70.799 %, best 73.223 %
Finished training it 10112/38372 of epoch 0, 19.73 ms/it, NE 16.415318, loss 11.520061
Testing at - 10112/38372 of epoch 0,  NE 17.475465, loss 10.039377, accuracy 71.073 %, best 73.223 %
Finished training it 10240/38372 of epoch 0, 17.72 ms/it, NE 16.471146, loss 11.872644
Testing at - 10240/38372 of epoch 0,  NE 19.607586, loss 11.264247, accuracy 71.277 %, best 73.223 %
Finished training it 10368/38372 of epoch 0, 18.23 ms/it, NE 16.532535, loss 12.153488
Testing at - 10368/38372 of epoch 0,  NE 23.493921, loss 13.496884, accuracy 69.295 %, best 73.223 %
Finished training it 10496/38372 of epoch 0, 17.66 ms/it, NE 16.592530, loss 12.167275
Testing at - 10496/38372 of epoch 0,  NE 24.036731, loss 13.808720, accuracy 68.396 %, best 73.223 %
Finished training it 10624/38372 of epoch 0, 17.72 ms/it, NE 16.641203, loss 11.736448
Testing at - 10624/38372 of epoch 0,  NE 22.894901, loss 13.152757, accuracy 69.809 %, best 73.223 %
Finished training it 10752/38372 of epoch 0, 17.11 ms/it, NE 16.692450, loss 11.917717
Testing at - 10752/38372 of epoch 0,  NE 20.235804, loss 11.625148, accuracy 70.616 %, best 73.223 %
Finished training it 10880/38372 of epoch 0, 17.15 ms/it, NE 16.743256, loss 11.958314
Testing at - 10880/38372 of epoch 0,  NE 21.874319, loss 12.566448, accuracy 69.449 %, best 73.223 %
Finished training it 11008/38372 of epoch 0, 18.26 ms/it, NE 16.790581, loss 11.802860
Testing at - 11008/38372 of epoch 0,  NE 21.386748, loss 12.286347, accuracy 69.983 %, best 73.223 %
Finished training it 11136/38372 of epoch 0, 16.10 ms/it, NE 16.846975, loss 12.369133
Testing at - 11136/38372 of epoch 0,  NE 21.426341, loss 12.309092, accuracy 71.302 %, best 73.223 %
Finished training it 11264/38372 of epoch 0, 17.90 ms/it, NE 16.906762, loss 12.554916
Testing at - 11264/38372 of epoch 0,  NE 22.990798, loss 13.207848, accuracy 70.012 %, best 73.223 %
Finished training it 11392/38372 of epoch 0, 18.24 ms/it, NE 16.956838, loss 12.132404
Testing at - 11392/38372 of epoch 0,  NE 22.608988, loss 12.988504, accuracy 69.872 %, best 73.223 %
Finished training it 11520/38372 of epoch 0, 18.06 ms/it, NE 17.010951, loss 12.434307
Testing at - 11520/38372 of epoch 0,  NE 24.331647, loss 13.978144, accuracy 69.311 %, best 73.223 %
Finished training it 11648/38372 of epoch 0, 19.56 ms/it, NE 17.059203, loss 12.179533
Testing at - 11648/38372 of epoch 0,  NE 22.995008, loss 13.210266, accuracy 69.415 %, best 73.223 %
Finished training it 11776/38372 of epoch 0, 18.36 ms/it, NE 17.100219, loss 11.828962
Testing at - 11776/38372 of epoch 0,  NE 22.649734, loss 13.011912, accuracy 70.239 %, best 73.223 %
Finished training it 11904/38372 of epoch 0, 17.40 ms/it, NE 17.154496, loss 12.584685
Testing at - 11904/38372 of epoch 0,  NE 24.588447, loss 14.125672, accuracy 69.055 %, best 73.223 %
Finished training it 12032/38372 of epoch 0, 18.39 ms/it, NE 17.203796, loss 12.404669
Testing at - 12032/38372 of epoch 0,  NE 23.179339, loss 13.316162, accuracy 69.019 %, best 73.223 %
Finished training it 12160/38372 of epoch 0, 18.47 ms/it, NE 17.238317, loss 11.626891
Testing at - 12160/38372 of epoch 0,  NE 22.027697, loss 12.654562, accuracy 70.373 %, best 73.223 %
Finished training it 12288/38372 of epoch 0, 17.23 ms/it, NE 17.275875, loss 11.825943
Testing at - 12288/38372 of epoch 0,  NE 21.767974, loss 12.505355, accuracy 69.831 %, best 73.223 %
Finished training it 12416/38372 of epoch 0, 18.02 ms/it, NE 17.309666, loss 11.672633
Testing at - 12416/38372 of epoch 0,  NE 21.010442, loss 12.070165, accuracy 70.175 %, best 73.223 %
Finished training it 12544/38372 of epoch 0, 17.09 ms/it, NE 17.343670, loss 11.745697
Testing at - 12544/38372 of epoch 0,  NE 22.757294, loss 13.073704, accuracy 69.306 %, best 73.223 %
Finished training it 12672/38372 of epoch 0, 19.93 ms/it, NE 17.377897, loss 11.825456
Testing at - 12672/38372 of epoch 0,  NE 20.933946, loss 12.026219, accuracy 70.934 %, best 73.223 %
Finished training it 12800/38372 of epoch 0, 18.79 ms/it, NE 17.418710, loss 12.216709
Testing at - 12800/38372 of epoch 0,  NE 23.467506, loss 13.481709, accuracy 68.944 %, best 73.223 %
Finished training it 12928/38372 of epoch 0, 19.64 ms/it, NE 17.456408, loss 12.066559
Testing at - 12928/38372 of epoch 0,  NE 19.361550, loss 11.122902, accuracy 71.706 %, best 73.223 %
Finished training it 13056/38372 of epoch 0, 19.77 ms/it, NE 17.496635, loss 12.254213
Testing at - 13056/38372 of epoch 0,  NE 20.827383, loss 11.965000, accuracy 71.096 %, best 73.223 %
Finished training it 13184/38372 of epoch 0, 19.80 ms/it, NE 17.544845, loss 12.728542
Testing at - 13184/38372 of epoch 0,  NE 20.476210, loss 11.763257, accuracy 71.338 %, best 73.223 %
Finished training it 13312/38372 of epoch 0, 20.38 ms/it, NE 17.597240, loss 13.043965
Testing at - 13312/38372 of epoch 0,  NE 23.923014, loss 13.743391, accuracy 69.847 %, best 73.223 %
Finished training it 13440/38372 of epoch 0, 17.76 ms/it, NE 17.645697, loss 12.892895
Testing at - 13440/38372 of epoch 0,  NE 22.866121, loss 13.136223, accuracy 70.201 %, best 73.223 %
Finished training it 13568/38372 of epoch 0, 21.79 ms/it, NE 17.681752, loss 12.230566
Testing at - 13568/38372 of epoch 0,  NE 23.257559, loss 13.361098, accuracy 69.445 %, best 73.223 %
Finished training it 13696/38372 of epoch 0, 17.95 ms/it, NE 17.724280, loss 12.652801
Testing at - 13696/38372 of epoch 0,  NE 23.149944, loss 13.299275, accuracy 70.108 %, best 73.223 %
Finished training it 13824/38372 of epoch 0, 18.91 ms/it, NE 17.774947, loss 13.169706
Testing at - 13824/38372 of epoch 0,  NE 26.010520, loss 14.942630, accuracy 69.116 %, best 73.223 %
Finished training it 13952/38372 of epoch 0, 18.10 ms/it, NE 17.825484, loss 13.253933
Testing at - 13952/38372 of epoch 0,  NE 24.852508, loss 14.277371, accuracy 69.556 %, best 73.223 %
Finished training it 14080/38372 of epoch 0, 18.15 ms/it, NE 17.868560, loss 12.834173
Testing at - 14080/38372 of epoch 0,  NE 19.964589, loss 11.469339, accuracy 71.547 %, best 73.223 %
Finished training it 14208/38372 of epoch 0, 19.16 ms/it, NE 17.908751, loss 12.714126
Testing at - 14208/38372 of epoch 0,  NE 24.693046, loss 14.185762, accuracy 68.960 %, best 73.223 %
Finished training it 14336/38372 of epoch 0, 18.88 ms/it, NE 17.955190, loss 13.109977
Testing at - 14336/38372 of epoch 0,  NE 11.447012, loss 6.576127, accuracy 76.277 %, best 76.277 %
Finished training it 14464/38372 of epoch 0, 18.33 ms/it, NE 17.991233, loss 12.538056
Testing at - 14464/38372 of epoch 0,  NE 21.474558, loss 12.336792, accuracy 70.932 %, best 76.277 %
Finished training it 14592/38372 of epoch 0, 19.46 ms/it, NE 18.027167, loss 12.533499
Testing at - 14592/38372 of epoch 0,  NE 22.718030, loss 13.051147, accuracy 69.734 %, best 76.277 %
Finished training it 14720/38372 of epoch 0, 20.49 ms/it, NE 18.064107, loss 12.671260
Testing at - 14720/38372 of epoch 0,  NE 25.440732, loss 14.615296, accuracy 68.920 %, best 76.277 %
Finished training it 14848/38372 of epoch 0, 18.38 ms/it, NE 18.098569, loss 12.560248
Testing at - 14848/38372 of epoch 0,  NE 21.653970, loss 12.439862, accuracy 69.843 %, best 76.277 %
Finished training it 14976/38372 of epoch 0, 17.84 ms/it, NE 18.127620, loss 12.288538
Testing at - 14976/38372 of epoch 0,  NE 25.364334, loss 14.571406, accuracy 68.791 %, best 76.277 %
Finished training it 15104/38372 of epoch 0, 17.58 ms/it, NE 18.158878, loss 12.361492
Testing at - 15104/38372 of epoch 0,  NE 22.699690, loss 13.040611, accuracy 70.108 %, best 76.277 %
Finished training it 15232/38372 of epoch 0, 22.00 ms/it, NE 18.188206, loss 12.310187
Testing at - 15232/38372 of epoch 0,  NE 23.175561, loss 13.313991, accuracy 69.592 %, best 76.277 %
Finished training it 15360/38372 of epoch 0, 17.66 ms/it, NE 18.220117, loss 12.535837
Testing at - 15360/38372 of epoch 0,  NE 21.490865, loss 12.346160, accuracy 71.128 %, best 76.277 %
Finished training it 15488/38372 of epoch 0, 17.88 ms/it, NE 18.256835, loss 12.913785
Testing at - 15488/38372 of epoch 0,  NE 14.355558, loss 8.247040, accuracy 74.718 %, best 76.277 %
Finished training it 15616/38372 of epoch 0, 19.35 ms/it, NE 18.287357, loss 12.481693
Testing at - 15616/38372 of epoch 0,  NE 23.446179, loss 13.469457, accuracy 69.844 %, best 76.277 %
Finished training it 15744/38372 of epoch 0, 18.24 ms/it, NE 18.320593, loss 12.761063
Testing at - 15744/38372 of epoch 0,  NE 22.567956, loss 12.964932, accuracy 70.206 %, best 76.277 %
Finished training it 15872/38372 of epoch 0, 16.87 ms/it, NE 18.356947, loss 12.997849
Testing at - 15872/38372 of epoch 0,  NE 21.894624, loss 12.578113, accuracy 70.920 %, best 76.277 %
Finished training it 16000/38372 of epoch 0, 16.10 ms/it, NE 18.390740, loss 12.817985
Testing at - 16000/38372 of epoch 0,  NE 19.515903, loss 11.211576, accuracy 72.099 %, best 76.277 %
Finished training it 16128/38372 of epoch 0, 16.17 ms/it, NE 18.422764, loss 12.752449
Testing at - 16128/38372 of epoch 0,  NE 24.886718, loss 14.297024, accuracy 69.274 %, best 76.277 %
Finished training it 16256/38372 of epoch 0, 16.41 ms/it, NE 18.456929, loss 12.972813
Testing at - 16256/38372 of epoch 0,  NE 25.333793, loss 14.553862, accuracy 69.806 %, best 76.277 %
Finished training it 16384/38372 of epoch 0, 17.27 ms/it, NE 18.496969, loss 13.403680
Testing at - 16384/38372 of epoch 0,  NE 22.651811, loss 13.013105, accuracy 71.603 %, best 76.277 %
Finished training it 16512/38372 of epoch 0, 17.89 ms/it, NE 18.539329, loss 13.648482
Testing at - 16512/38372 of epoch 0,  NE 23.731668, loss 13.633466, accuracy 70.765 %, best 76.277 %
Finished training it 16640/38372 of epoch 0, 19.07 ms/it, NE 18.575119, loss 13.182195
Testing at - 16640/38372 of epoch 0,  NE 26.904221, loss 15.456048, accuracy 69.073 %, best 76.277 %
Finished training it 16768/38372 of epoch 0, 18.07 ms/it, NE 18.607105, loss 12.961974
Testing at - 16768/38372 of epoch 0,  NE 24.560169, loss 14.109426, accuracy 69.694 %, best 76.277 %
Finished training it 16896/38372 of epoch 0, 17.64 ms/it, NE 18.646105, loss 13.471013
Testing at - 16896/38372 of epoch 0,  NE 27.426043, loss 15.755826, accuracy 68.810 %, best 76.277 %
Finished training it 17024/38372 of epoch 0, 19.72 ms/it, NE 18.685109, loss 13.546518
Testing at - 17024/38372 of epoch 0,  NE 25.231420, loss 14.495050, accuracy 70.049 %, best 76.277 %
Finished training it 17152/38372 of epoch 0, 17.11 ms/it, NE 18.724685, loss 13.643483
Testing at - 17152/38372 of epoch 0,  NE 26.256904, loss 15.084174, accuracy 69.273 %, best 76.277 %
Finished training it 17280/38372 of epoch 0, 18.02 ms/it, NE 18.760522, loss 13.431372
Testing at - 17280/38372 of epoch 0,  NE 24.116277, loss 13.854418, accuracy 70.181 %, best 76.277 %
Finished training it 17408/38372 of epoch 0, 18.59 ms/it, NE 18.794799, loss 13.310280
Testing at - 17408/38372 of epoch 0,  NE 25.579675, loss 14.695117, accuracy 69.578 %, best 76.277 %
Finished training it 17536/38372 of epoch 0, 18.25 ms/it, NE 18.836650, loss 13.951852
Testing at - 17536/38372 of epoch 0,  NE 21.912485, loss 12.588374, accuracy 71.867 %, best 76.277 %
Finished training it 17664/38372 of epoch 0, 17.43 ms/it, NE 18.872408, loss 13.489766
Testing at - 17664/38372 of epoch 0,  NE 25.703036, loss 14.765986, accuracy 70.004 %, best 76.277 %
Finished training it 17792/38372 of epoch 0, 17.98 ms/it, NE 18.906454, loss 13.391765
Testing at - 17792/38372 of epoch 0,  NE 26.640676, loss 15.304645, accuracy 69.483 %, best 76.277 %
Finished training it 17920/38372 of epoch 0, 21.41 ms/it, NE 18.936107, loss 13.080338
Testing at - 17920/38372 of epoch 0,  NE 25.680530, loss 14.753056, accuracy 68.895 %, best 76.277 %
Finished training it 18048/38372 of epoch 0, 18.23 ms/it, NE 18.964791, loss 13.040013
Testing at - 18048/38372 of epoch 0,  NE 25.125855, loss 14.434404, accuracy 69.786 %, best 76.277 %
Finished training it 18176/38372 of epoch 0, 18.38 ms/it, NE 18.990061, loss 12.885297
Testing at - 18176/38372 of epoch 0,  NE 19.360075, loss 11.122055, accuracy 71.423 %, best 76.277 %
Finished training it 18304/38372 of epoch 0, 22.17 ms/it, NE 19.005812, loss 12.062929
Testing at - 18304/38372 of epoch 0,  NE 20.945917, loss 12.033096, accuracy 70.522 %, best 76.277 %
Finished training it 18432/38372 of epoch 0, 19.85 ms/it, NE 19.023379, loss 12.220410
Testing at - 18432/38372 of epoch 0,  NE 24.806423, loss 14.250896, accuracy 68.914 %, best 76.277 %
Finished training it 18560/38372 of epoch 0, 21.99 ms/it, NE 19.047600, loss 12.808003
Testing at - 18560/38372 of epoch 0,  NE 24.645221, loss 14.158288, accuracy 69.642 %, best 76.277 %
Finished training it 18688/38372 of epoch 0, 21.77 ms/it, NE 19.067124, loss 12.446714
Testing at - 18688/38372 of epoch 0,  NE 23.326196, loss 13.400529, accuracy 69.950 %, best 76.277 %
Finished training it 18816/38372 of epoch 0, 19.08 ms/it, NE 19.087300, loss 12.494134
Testing at - 18816/38372 of epoch 0,  NE 22.440869, loss 12.891922, accuracy 70.125 %, best 76.277 %
Finished training it 18944/38372 of epoch 0, 16.99 ms/it, NE 19.110486, loss 12.776968
Testing at - 18944/38372 of epoch 0,  NE 26.855352, loss 15.427973, accuracy 69.348 %, best 76.277 %
Finished training it 19072/38372 of epoch 0, 16.35 ms/it, NE 19.132728, loss 12.719915
Testing at - 19072/38372 of epoch 0,  NE 24.692466, loss 14.185429, accuracy 69.616 %, best 76.277 %
Finished training it 19200/38372 of epoch 0, 18.06 ms/it, NE 19.152829, loss 12.597677
Testing at - 19200/38372 of epoch 0,  NE 23.786812, loss 13.665145, accuracy 69.894 %, best 76.277 %
Finished training it 19328/38372 of epoch 0, 16.85 ms/it, NE 19.177372, loss 12.987811
Testing at - 19328/38372 of epoch 0,  NE 23.942642, loss 13.754667, accuracy 69.632 %, best 76.277 %
Finished training it 19456/38372 of epoch 0, 17.78 ms/it, NE 19.200370, loss 12.870991
Testing at - 19456/38372 of epoch 0,  NE 25.560672, loss 14.684200, accuracy 69.124 %, best 76.277 %
Finished training it 19584/38372 of epoch 0, 18.48 ms/it, NE 19.223817, loss 12.950022
Testing at - 19584/38372 of epoch 0,  NE 21.310139, loss 12.242336, accuracy 71.307 %, best 76.277 %
Finished training it 19712/38372 of epoch 0, 17.19 ms/it, NE 19.251554, loss 13.310477
Testing at - 19712/38372 of epoch 0,  NE 25.307653, loss 14.538845, accuracy 70.154 %, best 76.277 %
Finished training it 19840/38372 of epoch 0, 16.69 ms/it, NE 19.279488, loss 13.434036
Testing at - 19840/38372 of epoch 0,  NE 25.849288, loss 14.850005, accuracy 70.111 %, best 76.277 %
Finished training it 19968/38372 of epoch 0, 18.10 ms/it, NE 19.311939, loss 13.834162
Testing at - 19968/38372 of epoch 0,  NE 22.386572, loss 12.860730, accuracy 71.615 %, best 76.277 %
Finished training it 20096/38372 of epoch 0, 19.30 ms/it, NE 19.339431, loss 13.419564
Testing at - 20096/38372 of epoch 0,  NE 24.643161, loss 14.157104, accuracy 70.101 %, best 76.277 %
Finished training it 20224/38372 of epoch 0, 18.72 ms/it, NE 19.370530, loss 13.784459
Testing at - 20224/38372 of epoch 0,  NE 24.673075, loss 14.174290, accuracy 70.596 %, best 76.277 %
Finished training it 20352/38372 of epoch 0, 18.55 ms/it, NE 19.401408, loss 13.794443
Testing at - 20352/38372 of epoch 0,  NE 16.810957, loss 9.657628, accuracy 74.166 %, best 76.277 %
Finished training it 20480/38372 of epoch 0, 17.98 ms/it, NE 19.430730, loss 13.719716
Testing at - 20480/38372 of epoch 0,  NE 27.108377, loss 15.573332, accuracy 69.858 %, best 76.277 %
Finished training it 20608/38372 of epoch 0, 18.26 ms/it, NE 19.457794, loss 13.489679
Testing at - 20608/38372 of epoch 0,  NE 23.779673, loss 13.661044, accuracy 70.604 %, best 76.277 %
Finished training it 20736/38372 of epoch 0, 21.80 ms/it, NE 19.487014, loss 13.749636
Testing at - 20736/38372 of epoch 0,  NE 24.019825, loss 13.799007, accuracy 70.621 %, best 76.277 %
Finished training it 20864/38372 of epoch 0, 17.72 ms/it, NE 19.507489, loss 13.002941
Testing at - 20864/38372 of epoch 0,  NE 25.426060, loss 14.606867, accuracy 69.488 %, best 76.277 %
Finished training it 20992/38372 of epoch 0, 17.11 ms/it, NE 19.534417, loss 13.601449
Testing at - 20992/38372 of epoch 0,  NE 26.016451, loss 14.946038, accuracy 69.608 %, best 76.277 %
Finished training it 21120/38372 of epoch 0, 17.33 ms/it, NE 19.563025, loss 13.770855
Testing at - 21120/38372 of epoch 0,  NE 24.753425, loss 14.220449, accuracy 70.432 %, best 76.277 %
Finished training it 21248/38372 of epoch 0, 18.49 ms/it, NE 19.587588, loss 13.447546
Testing at - 21248/38372 of epoch 0,  NE 21.815215, loss 12.532495, accuracy 71.806 %, best 76.277 %
Finished training it 21376/38372 of epoch 0, 18.30 ms/it, NE 19.610133, loss 13.240156
Testing at - 21376/38372 of epoch 0,  NE 18.003832, loss 10.342915, accuracy 73.302 %, best 76.277 %
Finished training it 21504/38372 of epoch 0, 18.52 ms/it, NE 19.627716, loss 12.794966
Testing at - 21504/38372 of epoch 0,  NE 24.188508, loss 13.895913, accuracy 70.381 %, best 76.277 %
Finished training it 21632/38372 of epoch 0, 18.01 ms/it, NE 19.649140, loss 13.234559
Testing at - 21632/38372 of epoch 0,  NE 25.008239, loss 14.366835, accuracy 69.569 %, best 76.277 %
Finished training it 21760/38372 of epoch 0, 20.62 ms/it, NE 19.670419, loss 13.230999
Testing at - 21760/38372 of epoch 0,  NE 23.144250, loss 13.296004, accuracy 71.232 %, best 76.277 %
Finished training it 21888/38372 of epoch 0, 20.37 ms/it, NE 19.691077, loss 13.190061
Testing at - 21888/38372 of epoch 0,  NE 23.013372, loss 13.220816, accuracy 70.315 %, best 76.277 %
Finished training it 22016/38372 of epoch 0, 20.10 ms/it, NE 19.713117, loss 13.334563
Testing at - 22016/38372 of epoch 0,  NE 24.547251, loss 14.102006, accuracy 70.500 %, best 76.277 %
Finished training it 22144/38372 of epoch 0, 18.65 ms/it, NE 19.741029, loss 13.934762
Testing at - 22144/38372 of epoch 0,  NE 24.549737, loss 14.103434, accuracy 70.722 %, best 76.277 %
Finished training it 22272/38372 of epoch 0, 19.31 ms/it, NE 19.760658, loss 13.146253
Testing at - 22272/38372 of epoch 0,  NE 25.781453, loss 14.811035, accuracy 69.564 %, best 76.277 %
Finished training it 22400/38372 of epoch 0, 22.32 ms/it, NE 19.785924, loss 13.741104
Testing at - 22400/38372 of epoch 0,  NE 23.660816, loss 13.592763, accuracy 71.443 %, best 76.277 %
Finished training it 22528/38372 of epoch 0, 21.88 ms/it, NE 19.809842, loss 13.637577
Testing at - 22528/38372 of epoch 0,  NE 18.672666, loss 10.727150, accuracy 73.683 %, best 76.277 %
Finished training it 22656/38372 of epoch 0, 18.16 ms/it, NE 19.834308, loss 13.717524
Testing at - 22656/38372 of epoch 0,  NE 26.476398, loss 15.210270, accuracy 69.927 %, best 76.277 %
Finished training it 22784/38372 of epoch 0, 17.76 ms/it, NE 19.858743, loss 13.755160
Testing at - 22784/38372 of epoch 0,  NE 25.381444, loss 14.581236, accuracy 69.882 %, best 76.277 %
Finished training it 22912/38372 of epoch 0, 18.00 ms/it, NE 19.879989, loss 13.434753
Testing at - 22912/38372 of epoch 0,  NE 26.775229, loss 15.381943, accuracy 69.262 %, best 76.277 %
Finished training it 23040/38372 of epoch 0, 19.87 ms/it, NE 19.904066, loss 13.765085
Testing at - 23040/38372 of epoch 0,  NE 24.668631, loss 14.171736, accuracy 70.340 %, best 76.277 %
Finished training it 23168/38372 of epoch 0, 17.42 ms/it, NE 19.927292, loss 13.722575
Testing at - 23168/38372 of epoch 0,  NE 25.933822, loss 14.898569, accuracy 69.854 %, best 76.277 %
Finished training it 23296/38372 of epoch 0, 17.93 ms/it, NE 19.947109, loss 13.365468
Testing at - 23296/38372 of epoch 0,  NE 28.025898, loss 16.100433, accuracy 68.606 %, best 76.277 %
Finished training it 23424/38372 of epoch 0, 19.87 ms/it, NE 19.970993, loss 13.854832
Testing at - 23424/38372 of epoch 0,  NE 23.196277, loss 13.325893, accuracy 71.558 %, best 76.277 %
Finished training it 23552/38372 of epoch 0, 21.23 ms/it, NE 19.997480, loss 14.094666
Testing at - 23552/38372 of epoch 0,  NE 25.735377, loss 14.784565, accuracy 70.617 %, best 76.277 %
Finished training it 23680/38372 of epoch 0, 17.88 ms/it, NE 20.020751, loss 13.845828
Testing at - 23680/38372 of epoch 0,  NE 23.651480, loss 13.587399, accuracy 71.539 %, best 76.277 %
Finished training it 23808/38372 of epoch 0, 19.59 ms/it, NE 20.044224, loss 13.810483
Testing at - 23808/38372 of epoch 0,  NE 23.837067, loss 13.694016, accuracy 71.183 %, best 76.277 %
Finished training it 23936/38372 of epoch 0, 19.13 ms/it, NE 20.069847, loss 14.090058
Testing at - 23936/38372 of epoch 0,  NE 23.708462, loss 13.620134, accuracy 71.025 %, best 76.277 %
Finished training it 24064/38372 of epoch 0, 23.16 ms/it, NE 20.085809, loss 13.073213
Testing at - 24064/38372 of epoch 0,  NE 22.533315, loss 12.945031, accuracy 70.557 %, best 76.277 %
Finished training it 24192/38372 of epoch 0, 19.86 ms/it, NE 20.105621, loss 13.558296
Testing at - 24192/38372 of epoch 0,  NE 22.963415, loss 13.192117, accuracy 71.012 %, best 76.277 %
Finished training it 24320/38372 of epoch 0, 19.27 ms/it, NE 20.124424, loss 13.475574
Testing at - 24320/38372 of epoch 0,  NE 22.850021, loss 13.126974, accuracy 71.238 %, best 76.277 %
Finished training it 24448/38372 of epoch 0, 17.90 ms/it, NE 20.143080, loss 13.509553
Testing at - 24448/38372 of epoch 0,  NE 24.554601, loss 14.106228, accuracy 70.479 %, best 76.277 %
Finished training it 24576/38372 of epoch 0, 17.28 ms/it, NE 20.158744, loss 13.174740
Testing at - 24576/38372 of epoch 0,  NE 24.119397, loss 13.856210, accuracy 69.986 %, best 76.277 %
Finished training it 24704/38372 of epoch 0, 19.52 ms/it, NE 20.174692, loss 13.244544
Testing at - 24704/38372 of epoch 0,  NE 25.095240, loss 14.416816, accuracy 70.098 %, best 76.277 %
Finished training it 24832/38372 of epoch 0, 18.24 ms/it, NE 20.196259, loss 13.861005
Testing at - 24832/38372 of epoch 0,  NE 25.483105, loss 14.639639, accuracy 70.143 %, best 76.277 %
Finished training it 24960/38372 of epoch 0, 17.67 ms/it, NE 20.218106, loss 13.927711
Testing at - 24960/38372 of epoch 0,  NE 25.460507, loss 14.626657, accuracy 70.281 %, best 76.277 %
Finished training it 25088/38372 of epoch 0, 18.74 ms/it, NE 20.236031, loss 13.481767
Testing at - 25088/38372 of epoch 0,  NE 25.307379, loss 14.538687, accuracy 69.828 %, best 76.277 %
Finished training it 25216/38372 of epoch 0, 19.57 ms/it, NE 20.255777, loss 13.706065
Testing at - 25216/38372 of epoch 0,  NE 24.873674, loss 14.289530, accuracy 70.559 %, best 76.277 %
Finished training it 25344/38372 of epoch 0, 18.00 ms/it, NE 20.277568, loss 13.931063
Testing at - 25344/38372 of epoch 0,  NE 25.034545, loss 14.381948, accuracy 70.345 %, best 76.277 %
Finished training it 25472/38372 of epoch 0, 19.46 ms/it, NE 20.299429, loss 13.977787
Testing at - 25472/38372 of epoch 0,  NE 25.501355, loss 14.650123, accuracy 70.530 %, best 76.277 %
Finished training it 25600/38372 of epoch 0, 19.09 ms/it, NE 20.323899, loss 14.308851
Testing at - 25600/38372 of epoch 0,  NE 26.516108, loss 15.233082, accuracy 70.279 %, best 76.277 %
Finished training it 25728/38372 of epoch 0, 17.16 ms/it, NE 20.346882, loss 14.153412
Testing at - 25728/38372 of epoch 0,  NE 26.807632, loss 15.400558, accuracy 69.614 %, best 76.277 %
Finished training it 25856/38372 of epoch 0, 20.09 ms/it, NE 20.368489, loss 13.978069
Testing at - 25856/38372 of epoch 0,  NE 25.014452, loss 14.370405, accuracy 70.090 %, best 76.277 %
Finished training it 25984/38372 of epoch 0, 19.22 ms/it, NE 20.389285, loss 13.972994
Testing at - 25984/38372 of epoch 0,  NE 27.444534, loss 15.766448, accuracy 69.722 %, best 76.277 %
Finished training it 26112/38372 of epoch 0, 21.89 ms/it, NE 20.406180, loss 13.580368
Testing at - 26112/38372 of epoch 0,  NE 23.205633, loss 13.331267, accuracy 71.320 %, best 76.277 %
Finished training it 26240/38372 of epoch 0, 19.83 ms/it, NE 20.419895, loss 13.196529
Testing at - 26240/38372 of epoch 0,  NE 26.630924, loss 15.299042, accuracy 69.069 %, best 76.277 %
Finished training it 26368/38372 of epoch 0, 17.16 ms/it, NE 20.434586, loss 13.353462
Testing at - 26368/38372 of epoch 0,  NE 25.322567, loss 14.547412, accuracy 69.499 %, best 76.277 %
Finished training it 26496/38372 of epoch 0, 17.03 ms/it, NE 20.448075, loss 13.191804
Testing at - 26496/38372 of epoch 0,  NE 22.025140, loss 12.653093, accuracy 71.092 %, best 76.277 %
Finished training it 26624/38372 of epoch 0, 21.76 ms/it, NE 20.464410, loss 13.517676
Testing at - 26624/38372 of epoch 0,  NE 25.947024, loss 14.906153, accuracy 69.723 %, best 76.277 %
Finished training it 26752/38372 of epoch 0, 20.38 ms/it, NE 20.481635, loss 13.701434
Testing at - 26752/38372 of epoch 0,  NE 25.705388, loss 14.767337, accuracy 70.054 %, best 76.277 %
Finished training it 26880/38372 of epoch 0, 18.80 ms/it, NE 20.500486, loss 13.871095
Testing at - 26880/38372 of epoch 0,  NE 24.576746, loss 14.118950, accuracy 70.430 %, best 76.277 %
Finished training it 27008/38372 of epoch 0, 18.04 ms/it, NE 20.517312, loss 13.696764
Testing at - 27008/38372 of epoch 0,  NE 26.342758, loss 15.133495, accuracy 69.697 %, best 76.277 %
Finished training it 27136/38372 of epoch 0, 17.88 ms/it, NE 20.534289, loss 13.702738
Testing at - 27136/38372 of epoch 0,  NE 22.130649, loss 12.713706, accuracy 70.750 %, best 76.277 %
Finished training it 27264/38372 of epoch 0, 16.42 ms/it, NE 20.551158, loss 13.698981
Testing at - 27264/38372 of epoch 0,  NE 24.054780, loss 13.819089, accuracy 71.026 %, best 76.277 %
Finished training it 27392/38372 of epoch 0, 17.70 ms/it, NE 20.564431, loss 13.301550
Testing at - 27392/38372 of epoch 0,  NE 26.547712, loss 15.251238, accuracy 69.434 %, best 76.277 %
Finished training it 27520/38372 of epoch 0, 17.53 ms/it, NE 20.584104, loss 14.086485
Testing at - 27520/38372 of epoch 0,  NE 25.549254, loss 14.677641, accuracy 70.424 %, best 76.277 %
Finished training it 27648/38372 of epoch 0, 16.99 ms/it, NE 20.602265, loss 13.905444
Testing at - 27648/38372 of epoch 0,  NE 27.356520, loss 15.715886, accuracy 69.399 %, best 76.277 %
Finished training it 27776/38372 of epoch 0, 17.38 ms/it, NE 20.621170, loss 14.055678
Testing at - 27776/38372 of epoch 0,  NE 24.546792, loss 14.101742, accuracy 70.584 %, best 76.277 %
Finished training it 27904/38372 of epoch 0, 19.24 ms/it, NE 20.638114, loss 13.872809
Testing at - 27904/38372 of epoch 0,  NE 19.548316, loss 11.230197, accuracy 73.432 %, best 76.277 %
Finished training it 28032/38372 of epoch 0, 18.16 ms/it, NE 20.654269, loss 13.748208
Testing at - 28032/38372 of epoch 0,  NE 23.228768, loss 13.344558, accuracy 70.985 %, best 76.277 %
Finished training it 28160/38372 of epoch 0, 16.85 ms/it, NE 20.668900, loss 13.621326
Testing at - 28160/38372 of epoch 0,  NE 24.924872, loss 14.318943, accuracy 70.246 %, best 76.277 %
Finished training it 28288/38372 of epoch 0, 17.36 ms/it, NE 20.686309, loss 13.920429
Testing at - 28288/38372 of epoch 0,  NE 26.369160, loss 15.148663, accuracy 69.708 %, best 76.277 %
Finished training it 28416/38372 of epoch 0, 18.63 ms/it, NE 20.700133, loss 13.546911
Testing at - 28416/38372 of epoch 0,  NE 25.493537, loss 14.645632, accuracy 69.942 %, best 76.277 %
Finished training it 28544/38372 of epoch 0, 17.93 ms/it, NE 20.715213, loss 13.655750
Testing at - 28544/38372 of epoch 0,  NE 14.170336, loss 8.140633, accuracy 74.732 %, best 76.277 %
Finished training it 28672/38372 of epoch 0, 16.92 ms/it, NE 20.726865, loss 13.281364
Testing at - 28672/38372 of epoch 0,  NE 25.083564, loss 14.410109, accuracy 70.376 %, best 76.277 %
Finished training it 28800/38372 of epoch 0, 19.39 ms/it, NE 20.739289, loss 13.360907
Testing at - 28800/38372 of epoch 0,  NE 22.268157, loss 12.792702, accuracy 71.742 %, best 76.277 %
Finished training it 28928/38372 of epoch 0, 20.21 ms/it, NE 20.752232, loss 13.445731
Testing at - 28928/38372 of epoch 0,  NE 21.644095, loss 12.434188, accuracy 72.051 %, best 76.277 %
Finished training it 29056/38372 of epoch 0, 17.86 ms/it, NE 20.765624, loss 13.561219
Testing at - 29056/38372 of epoch 0,  NE 24.743204, loss 14.214577, accuracy 70.181 %, best 76.277 %
Finished training it 29184/38372 of epoch 0, 17.39 ms/it, NE 20.783429, loss 14.121176
Testing at - 29184/38372 of epoch 0,  NE 27.695023, loss 15.910350, accuracy 69.399 %, best 76.277 %
Finished training it 29312/38372 of epoch 0, 18.54 ms/it, NE 20.802421, loss 14.273493
Testing at - 29312/38372 of epoch 0,  NE 25.566191, loss 14.687370, accuracy 70.646 %, best 76.277 %
Finished training it 29440/38372 of epoch 0, 16.70 ms/it, NE 20.811346, loss 12.993644
Testing at - 29440/38372 of epoch 0,  NE 25.509385, loss 14.654736, accuracy 69.894 %, best 76.277 %
Finished training it 29568/38372 of epoch 0, 41.03 ms/it, NE 20.823625, loss 13.502365
Testing at - 29568/38372 of epoch 0,  NE 24.414308, loss 14.025632, accuracy 70.665 %, best 76.277 %
Finished training it 29696/38372 of epoch 0, 19.81 ms/it, NE 20.836557, loss 13.507527
Testing at - 29696/38372 of epoch 0,  NE 26.004778, loss 14.939332, accuracy 69.026 %, best 76.277 %
Finished training it 29824/38372 of epoch 0, 19.16 ms/it, NE 20.851796, loss 13.846760
Testing at - 29824/38372 of epoch 0,  NE 19.516508, loss 11.211924, accuracy 73.062 %, best 76.277 %
Finished training it 29952/38372 of epoch 0, 18.28 ms/it, NE 20.860634, loss 13.113839
Testing at - 29952/38372 of epoch 0,  NE 24.258449, loss 13.936093, accuracy 70.437 %, best 76.277 %
Finished training it 30080/38372 of epoch 0, 19.66 ms/it, NE 20.876417, loss 13.967865
Testing at - 30080/38372 of epoch 0,  NE 24.021927, loss 13.800215, accuracy 71.011 %, best 76.277 %
Finished training it 30208/38372 of epoch 0, 18.67 ms/it, NE 20.889105, loss 13.539869
Testing at - 30208/38372 of epoch 0,  NE 25.903217, loss 14.880986, accuracy 70.126 %, best 76.277 %
Finished training it 30336/38372 of epoch 0, 21.50 ms/it, NE 20.902276, loss 13.666139
Testing at - 30336/38372 of epoch 0,  NE 25.630948, loss 14.724572, accuracy 70.168 %, best 76.277 %
Finished training it 30464/38372 of epoch 0, 18.16 ms/it, NE 20.916906, loss 13.847136
Testing at - 30464/38372 of epoch 0,  NE 25.361200, loss 14.569606, accuracy 70.478 %, best 76.277 %
Finished training it 30592/38372 of epoch 0, 17.78 ms/it, NE 20.933339, loss 14.116356
Testing at - 30592/38372 of epoch 0,  NE 23.868066, loss 13.711824, accuracy 70.667 %, best 76.277 %
Finished training it 30720/38372 of epoch 0, 19.00 ms/it, NE 20.947062, loss 13.800347
Testing at - 30720/38372 of epoch 0,  NE 27.082931, loss 15.558713, accuracy 69.911 %, best 76.277 %
Finished training it 30848/38372 of epoch 0, 21.66 ms/it, NE 20.957556, loss 13.331723
Testing at - 30848/38372 of epoch 0,  NE 24.317832, loss 13.970208, accuracy 70.231 %, best 76.277 %
Finished training it 30976/38372 of epoch 0, 17.34 ms/it, NE 20.970943, loss 13.736542
Testing at - 30976/38372 of epoch 0,  NE 26.359308, loss 15.143003, accuracy 69.510 %, best 76.277 %
Finished training it 31104/38372 of epoch 0, 17.72 ms/it, NE 20.986017, loss 13.984628
Testing at - 31104/38372 of epoch 0,  NE 26.720212, loss 15.350337, accuracy 69.767 %, best 76.277 %
Finished training it 31232/38372 of epoch 0, 18.33 ms/it, NE 21.001262, loss 14.045626
Testing at - 31232/38372 of epoch 0,  NE 27.295372, loss 15.680757, accuracy 69.425 %, best 76.277 %
Finished training it 31360/38372 of epoch 0, 17.81 ms/it, NE 21.016415, loss 14.068259
Testing at - 31360/38372 of epoch 0,  NE 23.848023, loss 13.700310, accuracy 70.974 %, best 76.277 %
Finished training it 31488/38372 of epoch 0, 16.03 ms/it, NE 21.029417, loss 13.751410
Testing at - 31488/38372 of epoch 0,  NE 24.863749, loss 14.283829, accuracy 70.280 %, best 76.277 %
Finished training it 31616/38372 of epoch 0, 17.18 ms/it, NE 21.041964, loss 13.758461
Testing at - 31616/38372 of epoch 0,  NE 25.111872, loss 14.426371, accuracy 70.327 %, best 76.277 %
Finished training it 31744/38372 of epoch 0, 17.09 ms/it, NE 21.055570, loss 13.885286
Testing at - 31744/38372 of epoch 0,  NE 26.180296, loss 15.040164, accuracy 70.061 %, best 76.277 %
Finished training it 31872/38372 of epoch 0, 19.38 ms/it, NE 21.069815, loss 13.992306
Testing at - 31872/38372 of epoch 0,  NE 18.432116, loss 10.588958, accuracy 73.264 %, best 76.277 %
Finished training it 32000/38372 of epoch 0, 18.57 ms/it, NE 21.082832, loss 13.832250
Testing at - 32000/38372 of epoch 0,  NE 26.617438, loss 15.291295, accuracy 70.018 %, best 76.277 %
Finished training it 32128/38372 of epoch 0, 19.25 ms/it, NE 21.091089, loss 13.168230
Testing at - 32128/38372 of epoch 0,  NE 24.303255, loss 13.961833, accuracy 70.771 %, best 76.277 %
Finished training it 32256/38372 of epoch 0, 23.63 ms/it, NE 21.106378, loss 14.179596
Testing at - 32256/38372 of epoch 0,  NE 26.938752, loss 15.475885, accuracy 69.540 %, best 76.277 %
Finished training it 32384/38372 of epoch 0, 21.67 ms/it, NE 21.119148, loss 13.787493
Testing at - 32384/38372 of epoch 0,  NE 24.491613, loss 14.070042, accuracy 70.530 %, best 76.277 %
Finished training it 32512/38372 of epoch 0, 22.89 ms/it, NE 21.133728, loss 14.088158
Testing at - 32512/38372 of epoch 0,  NE 26.770352, loss 15.379142, accuracy 69.968 %, best 76.277 %
Finished training it 32640/38372 of epoch 0, 17.92 ms/it, NE 21.147124, loss 13.991732
Testing at - 32640/38372 of epoch 0,  NE 27.248695, loss 15.653942, accuracy 69.286 %, best 76.277 %
Finished training it 32768/38372 of epoch 0, 18.07 ms/it, NE 21.159768, loss 13.836922
Testing at - 32768/38372 of epoch 0,  NE 21.737361, loss 12.487768, accuracy 71.803 %, best 76.277 %
Finished training it 32896/38372 of epoch 0, 21.03 ms/it, NE 21.171550, loss 13.788226
Testing at - 32896/38372 of epoch 0,  NE 22.036833, loss 12.659810, accuracy 72.383 %, best 76.277 %
Finished training it 33024/38372 of epoch 0, 18.63 ms/it, NE 21.186407, loss 14.251957
Testing at - 33024/38372 of epoch 0,  NE 29.431819, loss 16.908112, accuracy 68.314 %, best 76.277 %
Finished training it 33152/38372 of epoch 0, 19.69 ms/it, NE 21.198285, loss 13.772430
Testing at - 33152/38372 of epoch 0,  NE 26.990461, loss 15.505591, accuracy 69.828 %, best 76.277 %
Finished training it 33280/38372 of epoch 0, 18.97 ms/it, NE 21.214859, loss 14.504950
Testing at - 33280/38372 of epoch 0,  NE 23.806135, loss 13.676246, accuracy 71.548 %, best 76.277 %
Finished training it 33408/38372 of epoch 0, 22.48 ms/it, NE 21.228106, loss 14.061601
Testing at - 33408/38372 of epoch 0,  NE 29.242956, loss 16.799613, accuracy 69.016 %, best 76.277 %
Finished training it 33536/38372 of epoch 0, 19.21 ms/it, NE 21.244367, loss 14.480917
Testing at - 33536/38372 of epoch 0,  NE 26.998514, loss 15.510217, accuracy 69.919 %, best 76.277 %
Finished training it 33664/38372 of epoch 0, 21.39 ms/it, NE 21.256302, loss 13.831311
Testing at - 33664/38372 of epoch 0,  NE 26.027117, loss 14.952165, accuracy 70.078 %, best 76.277 %
Finished training it 33792/38372 of epoch 0, 19.04 ms/it, NE 21.271140, loss 14.338381
Testing at - 33792/38372 of epoch 0,  NE 27.509970, loss 15.804040, accuracy 70.068 %, best 76.277 %
Finished training it 33920/38372 of epoch 0, 19.74 ms/it, NE 21.284529, loss 14.073051
Testing at - 33920/38372 of epoch 0,  NE 28.408421, loss 16.320186, accuracy 69.271 %, best 76.277 %
Finished training it 34048/38372 of epoch 0, 18.97 ms/it, NE 21.298983, loss 14.286270
Testing at - 34048/38372 of epoch 0,  NE 25.809314, loss 14.827041, accuracy 70.515 %, best 76.277 %
Finished training it 34176/38372 of epoch 0, 18.71 ms/it, NE 21.316154, loss 14.704966
Testing at - 34176/38372 of epoch 0,  NE 26.573963, loss 15.266319, accuracy 70.462 %, best 76.277 %
Finished training it 34304/38372 of epoch 0, 19.99 ms/it, NE 21.329100, loss 14.102418
Testing at - 34304/38372 of epoch 0,  NE 25.594303, loss 14.703520, accuracy 70.888 %, best 76.277 %
Finished training it 34432/38372 of epoch 0, 18.08 ms/it, NE 21.343825, loss 14.393847
Testing at - 34432/38372 of epoch 0,  NE 26.865516, loss 15.433812, accuracy 70.347 %, best 76.277 %
Finished training it 34560/38372 of epoch 0, 19.83 ms/it, NE 21.358522, loss 14.391714
Testing at - 34560/38372 of epoch 0,  NE 24.577595, loss 14.119438, accuracy 71.262 %, best 76.277 %
Finished training it 34688/38372 of epoch 0, 21.32 ms/it, NE 21.371088, loss 14.043000
Testing at - 34688/38372 of epoch 0,  NE 24.246065, loss 13.928979, accuracy 71.203 %, best 76.277 %
Finished training it 34816/38372 of epoch 0, 17.88 ms/it, NE 21.383459, loss 14.117965
Testing at - 34816/38372 of epoch 0,  NE 27.539420, loss 15.820959, accuracy 69.571 %, best 76.277 %
Finished training it 34944/38372 of epoch 0, 23.01 ms/it, NE 21.395730, loss 14.097524
Testing at - 34944/38372 of epoch 0,  NE 26.774960, loss 15.381789, accuracy 69.861 %, best 76.277 %
Finished training it 35072/38372 of epoch 0, 18.43 ms/it, NE 21.407557, loss 14.018967
Testing at - 35072/38372 of epoch 0,  NE 26.503187, loss 15.225660, accuracy 70.042 %, best 76.277 %
Finished training it 35200/38372 of epoch 0, 17.63 ms/it, NE 21.420792, loss 14.167357
Testing at - 35200/38372 of epoch 0,  NE 23.450885, loss 13.472161, accuracy 71.373 %, best 76.277 %
Finished training it 35328/38372 of epoch 0, 18.80 ms/it, NE 21.430023, loss 13.584360
Testing at - 35328/38372 of epoch 0,  NE 25.191406, loss 14.472062, accuracy 70.284 %, best 76.277 %
Finished training it 35456/38372 of epoch 0, 17.82 ms/it, NE 21.441610, loss 14.014142
Testing at - 35456/38372 of epoch 0,  NE 25.925007, loss 14.893504, accuracy 70.307 %, best 76.277 %
Finished training it 35584/38372 of epoch 0, 17.73 ms/it, NE 21.451367, loss 13.689303
Testing at - 35584/38372 of epoch 0,  NE 22.427066, loss 12.883993, accuracy 71.926 %, best 76.277 %
Finished training it 35712/38372 of epoch 0, 18.02 ms/it, NE 21.461696, loss 13.809915
Testing at - 35712/38372 of epoch 0,  NE 26.034372, loss 14.956333, accuracy 69.760 %, best 76.277 %
Finished training it 35840/38372 of epoch 0, 18.98 ms/it, NE 21.472865, loss 13.973768
Testing at - 35840/38372 of epoch 0,  NE 25.566393, loss 14.687486, accuracy 70.403 %, best 76.277 %
Finished training it 35968/38372 of epoch 0, 17.43 ms/it, NE 21.485851, loss 14.259896
Testing at - 35968/38372 of epoch 0,  NE 25.338106, loss 14.556339, accuracy 70.681 %, best 76.277 %
Finished training it 36096/38372 of epoch 0, 20.07 ms/it, NE 21.496963, loss 13.994451
Testing at - 36096/38372 of epoch 0,  NE 23.027526, loss 13.228948, accuracy 71.375 %, best 76.277 %
Finished training it 36224/38372 of epoch 0, 18.45 ms/it, NE 21.508155, loss 13.982558
Testing at - 36224/38372 of epoch 0,  NE 26.907721, loss 15.458058, accuracy 70.152 %, best 76.277 %
Finished training it 36352/38372 of epoch 0, 19.20 ms/it, NE 21.520887, loss 14.305650
Testing at - 36352/38372 of epoch 0,  NE 24.855856, loss 14.279294, accuracy 71.186 %, best 76.277 %
Finished training it 36480/38372 of epoch 0, 19.08 ms/it, NE 21.535922, loss 14.611276
Testing at - 36480/38372 of epoch 0,  NE 27.870427, loss 16.011117, accuracy 70.049 %, best 76.277 %
Finished training it 36608/38372 of epoch 0, 17.98 ms/it, NE 21.548690, loss 14.371444
Testing at - 36608/38372 of epoch 0,  NE 26.511612, loss 15.230500, accuracy 70.175 %, best 76.277 %
Finished training it 36736/38372 of epoch 0, 20.79 ms/it, NE 21.561355, loss 14.352330
Testing at - 36736/38372 of epoch 0,  NE 27.525945, loss 15.813218, accuracy 69.469 %, best 76.277 %
Finished training it 36864/38372 of epoch 0, 17.44 ms/it, NE 21.574542, loss 14.414425
Testing at - 36864/38372 of epoch 0,  NE 25.537705, loss 14.671005, accuracy 70.296 %, best 76.277 %
Finished training it 36992/38372 of epoch 0, 23.56 ms/it, NE 21.588509, loss 14.532149
Testing at - 36992/38372 of epoch 0,  NE 26.008508, loss 14.941475, accuracy 70.842 %, best 76.277 %
Finished training it 37120/38372 of epoch 0, 18.68 ms/it, NE 21.601332, loss 14.415859
Testing at - 37120/38372 of epoch 0,  NE 26.250870, loss 15.080707, accuracy 70.313 %, best 76.277 %
Finished training it 37248/38372 of epoch 0, 19.70 ms/it, NE 21.611082, loss 13.926762
Testing at - 37248/38372 of epoch 0,  NE 27.586499, loss 15.848005, accuracy 69.514 %, best 76.277 %
Finished training it 37376/38372 of epoch 0, 19.74 ms/it, NE 21.619842, loss 13.808216
Testing at - 37376/38372 of epoch 0,  NE 23.055559, loss 13.245052, accuracy 71.154 %, best 76.277 %
Finished training it 37504/38372 of epoch 0, 18.06 ms/it, NE 21.627034, loss 13.495752
Testing at - 37504/38372 of epoch 0,  NE 22.993295, loss 13.209282, accuracy 71.645 %, best 76.277 %
Finished training it 37632/38372 of epoch 0, 21.19 ms/it, NE 21.637880, loss 14.063113
Testing at - 37632/38372 of epoch 0,  NE 25.945993, loss 14.905560, accuracy 69.864 %, best 76.277 %
Finished training it 37760/38372 of epoch 0, 18.21 ms/it, NE 21.650443, loss 14.400992
Testing at - 37760/38372 of epoch 0,  NE 28.258520, loss 16.234071, accuracy 69.410 %, best 76.277 %
Finished training it 37888/38372 of epoch 0, 17.41 ms/it, NE 21.661925, loss 14.240502
Testing at - 37888/38372 of epoch 0,  NE 24.496626, loss 14.072922, accuracy 71.187 %, best 76.277 %
Finished training it 38016/38372 of epoch 0, 18.56 ms/it, NE 21.671226, loss 13.870488
Testing at - 38016/38372 of epoch 0,  NE 27.179635, loss 15.614268, accuracy 69.432 %, best 76.277 %
Finished training it 38144/38372 of epoch 0, 17.73 ms/it, NE 21.683221, loss 14.308942
Testing at - 38144/38372 of epoch 0,  NE 26.450474, loss 15.195377, accuracy 70.124 %, best 76.277 %
Finished training it 38272/38372 of epoch 0, 16.73 ms/it, NE 21.694573, loss 14.273905
Testing at - 38272/38372 of epoch 0,  NE 26.507158, loss 15.227941, accuracy 70.573 %, best 76.277 %
Finished training it 38372/38372 of epoch 0, 18.45 ms/it, NE 21.703957, loss 14.468329
Testing at - 38372/38372 of epoch 0,  NE 27.294827, loss 15.680444, accuracy 69.958 %, best 76.277 %
