NCCL version 2.9.6+cudaCUDA_MAJOR.CUDA_MINOR
Unable to import mlperf_logging,  No module named 'mlperf_logging'
world size: 1, current rank: 0, local rank: 0
Using 2 GPU(s)...
Reading pre-processed data=./input/kaggleAdDisplayChallenge_processed.npz
Sparse fea = 26, Dense fea = 13
Defined train indices...
Randomized indices across days ...
Split data according to indices...
Reading pre-processed data=./input/kaggleAdDisplayChallenge_processed.npz
Sparse fea = 26, Dense fea = 13
Defined test indices...
Randomized indices across days ...
Split data according to indices...
DLRM_Net(
  (bot_l): Sequential(
    (0): Linear(in_features=13, out_features=512, bias=True)
    (1): ReLU()
    (2): Linear(in_features=512, out_features=256, bias=True)
    (3): ReLU()
    (4): Linear(in_features=256, out_features=64, bias=True)
    (5): ReLU()
    (6): Linear(in_features=64, out_features=16, bias=True)
    (7): ReLU()
  )
  (top_l): Sequential(
    (0): Linear(in_features=367, out_features=512, bias=True)
    (1): ReLU()
    (2): Linear(in_features=512, out_features=256, bias=True)
    (3): ReLU()
    (4): Linear(in_features=256, out_features=1, bias=True)
    (5): Sigmoid()
  )
  (loss_fn): BCELoss()
)
Random uniform embeddings init: 0 size: 1461 dim: 16
Random uniform embeddings init: 1 size: 584 dim: 16
Random uniform embeddings init: 2 size: 10131227 dim: 16
Random uniform embeddings init: 3 size: 2202608 dim: 16
Random uniform embeddings init: 4 size: 306 dim: 16
Random uniform embeddings init: 5 size: 24 dim: 16
Random uniform embeddings init: 6 size: 12518 dim: 16
Random uniform embeddings init: 7 size: 634 dim: 16
Random uniform embeddings init: 8 size: 4 dim: 16
Random uniform embeddings init: 9 size: 93146 dim: 16
Random uniform embeddings init: 10 size: 5684 dim: 16
Random uniform embeddings init: 11 size: 8351593 dim: 16
Random uniform embeddings init: 12 size: 3195 dim: 16
Random uniform embeddings init: 13 size: 28 dim: 16
Random uniform embeddings init: 14 size: 14993 dim: 16
Random uniform embeddings init: 15 size: 5461306 dim: 16
Random uniform embeddings init: 16 size: 11 dim: 16
Random uniform embeddings init: 17 size: 5653 dim: 16
Random uniform embeddings init: 18 size: 2173 dim: 16
Random uniform embeddings init: 19 size: 4 dim: 16
Random uniform embeddings init: 20 size: 7046547 dim: 16
Random uniform embeddings init: 21 size: 18 dim: 16
Random uniform embeddings init: 22 size: 16 dim: 16
Random uniform embeddings init: 23 size: 286181 dim: 16
Random uniform embeddings init: 24 size: 105 dim: 16
Random uniform embeddings init: 25 size: 142572 dim: 16
time/loss/accuracy (if enabled):
Finished training it 128/38372 of epoch 0, 108.76 ms/it, NE 0.951752, loss 0.541267
Testing at - 128/38372 of epoch 0,  NE 0.938956, loss 0.539415, accuracy 75.393 %, best 75.393 %
Finished training it 256/38372 of epoch 0, 14.43 ms/it, NE 0.936313, loss 0.523897
Testing at - 256/38372 of epoch 0,  NE 0.903601, loss 0.519104, accuracy 75.763 %, best 75.763 %
Finished training it 384/38372 of epoch 0, 15.49 ms/it, NE 0.928614, loss 0.519099
Testing at - 384/38372 of epoch 0,  NE 0.901541, loss 0.517921, accuracy 75.977 %, best 75.977 %
Finished training it 512/38372 of epoch 0, 15.80 ms/it, NE 0.922257, loss 0.510307
Testing at - 512/38372 of epoch 0,  NE 0.909253, loss 0.522352, accuracy 75.440 %, best 75.977 %
Finished training it 640/38372 of epoch 0, 17.23 ms/it, NE 0.917657, loss 0.511406
Testing at - 640/38372 of epoch 0,  NE 0.894400, loss 0.513819, accuracy 76.341 %, best 76.341 %
Finished training it 768/38372 of epoch 0, 17.07 ms/it, NE 0.913968, loss 0.508722
Testing at - 768/38372 of epoch 0,  NE 0.895174, loss 0.514263, accuracy 75.952 %, best 76.341 %
Finished training it 896/38372 of epoch 0, 15.45 ms/it, NE 0.910577, loss 0.504599
Testing at - 896/38372 of epoch 0,  NE 0.882200, loss 0.506810, accuracy 76.529 %, best 76.529 %
Finished training it 1024/38372 of epoch 0, 17.06 ms/it, NE 0.907309, loss 0.503384
Testing at - 1024/38372 of epoch 0,  NE 0.884161, loss 0.507937, accuracy 76.577 %, best 76.577 %
Finished training it 1152/38372 of epoch 0, 14.99 ms/it, NE 0.904514, loss 0.500232
Testing at - 1152/38372 of epoch 0,  NE 0.878466, loss 0.504665, accuracy 76.628 %, best 76.628 %
Finished training it 1280/38372 of epoch 0, 17.79 ms/it, NE 0.901904, loss 0.499784
Testing at - 1280/38372 of epoch 0,  NE 0.870303, loss 0.499975, accuracy 76.870 %, best 76.870 %
Finished training it 1408/38372 of epoch 0, 16.29 ms/it, NE 0.899222, loss 0.496019
Testing at - 1408/38372 of epoch 0,  NE 0.869043, loss 0.499251, accuracy 77.050 %, best 77.050 %
Finished training it 1536/38372 of epoch 0, 15.91 ms/it, NE 0.896519, loss 0.489416
Testing at - 1536/38372 of epoch 0,  NE 0.863457, loss 0.496042, accuracy 77.143 %, best 77.143 %
Finished training it 1664/38372 of epoch 0, 18.30 ms/it, NE 0.894219, loss 0.494057
Testing at - 1664/38372 of epoch 0,  NE 0.876252, loss 0.503393, accuracy 76.753 %, best 77.143 %
Finished training it 1792/38372 of epoch 0, 15.33 ms/it, NE 0.892038, loss 0.491334
Testing at - 1792/38372 of epoch 0,  NE 0.857778, loss 0.492780, accuracy 77.297 %, best 77.297 %
Finished training it 1920/38372 of epoch 0, 14.82 ms/it, NE 0.889767, loss 0.487316
Testing at - 1920/38372 of epoch 0,  NE 0.874043, loss 0.502124, accuracy 76.905 %, best 77.297 %
Finished training it 2048/38372 of epoch 0, 18.02 ms/it, NE 0.887587, loss 0.487279
Testing at - 2048/38372 of epoch 0,  NE 0.852244, loss 0.489601, accuracy 77.419 %, best 77.419 %
Finished training it 2176/38372 of epoch 0, 16.96 ms/it, NE 0.885358, loss 0.483764
Testing at - 2176/38372 of epoch 0,  NE 0.849324, loss 0.487923, accuracy 77.529 %, best 77.529 %
Finished training it 2304/38372 of epoch 0, 15.46 ms/it, NE 0.883577, loss 0.485602
Testing at - 2304/38372 of epoch 0,  NE 0.866795, loss 0.497960, accuracy 76.887 %, best 77.529 %
Finished training it 2432/38372 of epoch 0, 17.22 ms/it, NE 0.881746, loss 0.483648
Testing at - 2432/38372 of epoch 0,  NE 0.854156, loss 0.490699, accuracy 77.491 %, best 77.529 %
Finished training it 2560/38372 of epoch 0, 16.17 ms/it, NE 0.880222, loss 0.483242
Testing at - 2560/38372 of epoch 0,  NE 0.843937, loss 0.484828, accuracy 77.642 %, best 77.642 %
Finished training it 2688/38372 of epoch 0, 16.13 ms/it, NE 0.878695, loss 0.481929
Testing at - 2688/38372 of epoch 0,  NE 0.844678, loss 0.485254, accuracy 77.719 %, best 77.719 %
Finished training it 2816/38372 of epoch 0, 20.54 ms/it, NE 0.877209, loss 0.480257
Testing at - 2816/38372 of epoch 0,  NE 0.840167, loss 0.482663, accuracy 77.758 %, best 77.758 %
Finished training it 2944/38372 of epoch 0, 15.52 ms/it, NE 0.875730, loss 0.481495
Testing at - 2944/38372 of epoch 0,  NE 0.839812, loss 0.482459, accuracy 77.747 %, best 77.758 %
Finished training it 3072/38372 of epoch 0, 14.85 ms/it, NE 0.874337, loss 0.477219
Testing at - 3072/38372 of epoch 0,  NE 0.840693, loss 0.482965, accuracy 77.742 %, best 77.758 %
Finished training it 3200/38372 of epoch 0, 13.86 ms/it, NE 0.872947, loss 0.476831
Testing at - 3200/38372 of epoch 0,  NE 0.853011, loss 0.490041, accuracy 77.132 %, best 77.758 %
Finished training it 3328/38372 of epoch 0, 14.12 ms/it, NE 0.871647, loss 0.476569
Testing at - 3328/38372 of epoch 0,  NE 0.836129, loss 0.480343, accuracy 77.878 %, best 77.878 %
Finished training it 3456/38372 of epoch 0, 14.71 ms/it, NE 0.870337, loss 0.474404
Testing at - 3456/38372 of epoch 0,  NE 0.836574, loss 0.480599, accuracy 77.860 %, best 77.878 %
Finished training it 3584/38372 of epoch 0, 15.65 ms/it, NE 0.869222, loss 0.475426
Testing at - 3584/38372 of epoch 0,  NE 0.836135, loss 0.480346, accuracy 77.905 %, best 77.905 %
Finished training it 3712/38372 of epoch 0, 17.02 ms/it, NE 0.868284, loss 0.477667
Testing at - 3712/38372 of epoch 0,  NE 0.838101, loss 0.481476, accuracy 77.719 %, best 77.905 %
Finished training it 3840/38372 of epoch 0, 15.58 ms/it, NE 0.867215, loss 0.475063
Testing at - 3840/38372 of epoch 0,  NE 0.833797, loss 0.479003, accuracy 77.973 %, best 77.973 %
Finished training it 3968/38372 of epoch 0, 15.10 ms/it, NE 0.866231, loss 0.476268
Testing at - 3968/38372 of epoch 0,  NE 0.840188, loss 0.482675, accuracy 77.734 %, best 77.973 %
Finished training it 4096/38372 of epoch 0, 15.22 ms/it, NE 0.865172, loss 0.474624
Testing at - 4096/38372 of epoch 0,  NE 0.832672, loss 0.478357, accuracy 77.934 %, best 77.973 %
Finished training it 4224/38372 of epoch 0, 15.88 ms/it, NE 0.864183, loss 0.473794
Testing at - 4224/38372 of epoch 0,  NE 0.830217, loss 0.476947, accuracy 78.009 %, best 78.009 %
Finished training it 4352/38372 of epoch 0, 15.42 ms/it, NE 0.863171, loss 0.471896
Testing at - 4352/38372 of epoch 0,  NE 0.838892, loss 0.481930, accuracy 77.635 %, best 78.009 %
Finished training it 4480/38372 of epoch 0, 12.73 ms/it, NE 0.862410, loss 0.476189
Testing at - 4480/38372 of epoch 0,  NE 0.832213, loss 0.478093, accuracy 78.037 %, best 78.037 %
Finished training it 4608/38372 of epoch 0, 18.23 ms/it, NE 0.861546, loss 0.472631
Testing at - 4608/38372 of epoch 0,  NE 0.836682, loss 0.480661, accuracy 77.891 %, best 78.037 %
Finished training it 4736/38372 of epoch 0, 15.95 ms/it, NE 0.860718, loss 0.470901
Testing at - 4736/38372 of epoch 0,  NE 0.839597, loss 0.482335, accuracy 77.753 %, best 78.037 %
Finished training it 4864/38372 of epoch 0, 14.78 ms/it, NE 0.859979, loss 0.473740
Testing at - 4864/38372 of epoch 0,  NE 0.829974, loss 0.476807, accuracy 78.078 %, best 78.078 %
Finished training it 4992/38372 of epoch 0, 16.02 ms/it, NE 0.859198, loss 0.471536
Testing at - 4992/38372 of epoch 0,  NE 0.828636, loss 0.476038, accuracy 78.086 %, best 78.086 %
Finished training it 5120/38372 of epoch 0, 15.59 ms/it, NE 0.858422, loss 0.471801
Testing at - 5120/38372 of epoch 0,  NE 0.829458, loss 0.476510, accuracy 78.068 %, best 78.086 %
Finished training it 5248/38372 of epoch 0, 16.15 ms/it, NE 0.857715, loss 0.471339
Testing at - 5248/38372 of epoch 0,  NE 0.828656, loss 0.476049, accuracy 78.117 %, best 78.117 %
Finished training it 5376/38372 of epoch 0, 15.01 ms/it, NE 0.857080, loss 0.471050
Testing at - 5376/38372 of epoch 0,  NE 0.827319, loss 0.475281, accuracy 78.114 %, best 78.117 %
Finished training it 5504/38372 of epoch 0, 16.79 ms/it, NE 0.856445, loss 0.471365
Testing at - 5504/38372 of epoch 0,  NE 0.827050, loss 0.475127, accuracy 78.151 %, best 78.151 %
Finished training it 5632/38372 of epoch 0, 15.23 ms/it, NE 0.855830, loss 0.471616
Testing at - 5632/38372 of epoch 0,  NE 0.827274, loss 0.475256, accuracy 78.153 %, best 78.153 %
Finished training it 5760/38372 of epoch 0, 14.84 ms/it, NE 0.855195, loss 0.471153
Testing at - 5760/38372 of epoch 0,  NE 0.826932, loss 0.475060, accuracy 78.129 %, best 78.153 %
Finished training it 5888/38372 of epoch 0, 14.25 ms/it, NE 0.854669, loss 0.473033
Testing at - 5888/38372 of epoch 0,  NE 0.831549, loss 0.477712, accuracy 77.984 %, best 78.153 %
Finished training it 6016/38372 of epoch 0, 17.13 ms/it, NE 0.854169, loss 0.471825
Testing at - 6016/38372 of epoch 0,  NE 0.827304, loss 0.475273, accuracy 78.086 %, best 78.153 %
Finished training it 6144/38372 of epoch 0, 15.76 ms/it, NE 0.853571, loss 0.467343
Testing at - 6144/38372 of epoch 0,  NE 0.824886, loss 0.473884, accuracy 78.165 %, best 78.165 %
Finished training it 6272/38372 of epoch 0, 15.40 ms/it, NE 0.852990, loss 0.469561
Testing at - 6272/38372 of epoch 0,  NE 0.830071, loss 0.476863, accuracy 78.068 %, best 78.165 %
Finished training it 6400/38372 of epoch 0, 18.56 ms/it, NE 0.852481, loss 0.471652
Testing at - 6400/38372 of epoch 0,  NE 0.826578, loss 0.474856, accuracy 78.122 %, best 78.165 %
Finished training it 6528/38372 of epoch 0, 16.72 ms/it, NE 0.851957, loss 0.471571
Testing at - 6528/38372 of epoch 0,  NE 0.830596, loss 0.477164, accuracy 77.916 %, best 78.165 %
Finished training it 6656/38372 of epoch 0, 20.16 ms/it, NE 0.851435, loss 0.469468
Testing at - 6656/38372 of epoch 0,  NE 0.824597, loss 0.473718, accuracy 78.235 %, best 78.235 %
Finished training it 6784/38372 of epoch 0, 20.00 ms/it, NE 0.850957, loss 0.470221
Testing at - 6784/38372 of epoch 0,  NE 0.829802, loss 0.476708, accuracy 77.988 %, best 78.235 %
Finished training it 6912/38372 of epoch 0, 16.48 ms/it, NE 0.850473, loss 0.469781
Testing at - 6912/38372 of epoch 0,  NE 0.826568, loss 0.474850, accuracy 78.200 %, best 78.235 %
Finished training it 7040/38372 of epoch 0, 19.10 ms/it, NE 0.850059, loss 0.468987
Testing at - 7040/38372 of epoch 0,  NE 0.822313, loss 0.472406, accuracy 78.254 %, best 78.254 %
Finished training it 7168/38372 of epoch 0, 19.30 ms/it, NE 0.849597, loss 0.466782
Testing at - 7168/38372 of epoch 0,  NE 0.823241, loss 0.472939, accuracy 78.208 %, best 78.254 %
Finished training it 7296/38372 of epoch 0, 18.32 ms/it, NE 0.849094, loss 0.466578
Testing at - 7296/38372 of epoch 0,  NE 0.822838, loss 0.472707, accuracy 78.255 %, best 78.255 %
Finished training it 7424/38372 of epoch 0, 20.22 ms/it, NE 0.848648, loss 0.468393
Testing at - 7424/38372 of epoch 0,  NE 0.824858, loss 0.473868, accuracy 78.215 %, best 78.255 %
Finished training it 7552/38372 of epoch 0, 20.61 ms/it, NE 0.848249, loss 0.468137
Testing at - 7552/38372 of epoch 0,  NE 0.830542, loss 0.477133, accuracy 78.071 %, best 78.255 %
Finished training it 7680/38372 of epoch 0, 15.89 ms/it, NE 0.847830, loss 0.470026
Testing at - 7680/38372 of epoch 0,  NE 0.824475, loss 0.473648, accuracy 78.209 %, best 78.255 %
Finished training it 7808/38372 of epoch 0, 17.85 ms/it, NE 0.847480, loss 0.469258
Testing at - 7808/38372 of epoch 0,  NE 0.827253, loss 0.475244, accuracy 78.111 %, best 78.255 %
Finished training it 7936/38372 of epoch 0, 18.51 ms/it, NE 0.847047, loss 0.467310
Testing at - 7936/38372 of epoch 0,  NE 0.821476, loss 0.471925, accuracy 78.309 %, best 78.309 %
Finished training it 8064/38372 of epoch 0, 17.83 ms/it, NE 0.846694, loss 0.470004
Testing at - 8064/38372 of epoch 0,  NE 0.822559, loss 0.472547, accuracy 78.267 %, best 78.309 %
Finished training it 8192/38372 of epoch 0, 19.11 ms/it, NE 0.846366, loss 0.470550
Testing at - 8192/38372 of epoch 0,  NE 0.822905, loss 0.472746, accuracy 78.262 %, best 78.309 %
Finished training it 8320/38372 of epoch 0, 16.90 ms/it, NE 0.846016, loss 0.467229
Testing at - 8320/38372 of epoch 0,  NE 0.821565, loss 0.471976, accuracy 78.299 %, best 78.309 %
Finished training it 8448/38372 of epoch 0, 21.01 ms/it, NE 0.845618, loss 0.466289
Testing at - 8448/38372 of epoch 0,  NE 0.820917, loss 0.471603, accuracy 78.274 %, best 78.309 %
Finished training it 8576/38372 of epoch 0, 19.24 ms/it, NE 0.845240, loss 0.467287
Testing at - 8576/38372 of epoch 0,  NE 0.821593, loss 0.471992, accuracy 78.300 %, best 78.309 %
Finished training it 8704/38372 of epoch 0, 16.85 ms/it, NE 0.844900, loss 0.467540
Testing at - 8704/38372 of epoch 0,  NE 0.822167, loss 0.472322, accuracy 78.258 %, best 78.309 %
Finished training it 8832/38372 of epoch 0, 19.25 ms/it, NE 0.844578, loss 0.467049
Testing at - 8832/38372 of epoch 0,  NE 0.820553, loss 0.471395, accuracy 78.321 %, best 78.321 %
Finished training it 8960/38372 of epoch 0, 16.53 ms/it, NE 0.844299, loss 0.468516
Testing at - 8960/38372 of epoch 0,  NE 0.821445, loss 0.471907, accuracy 78.309 %, best 78.321 %
Finished training it 9088/38372 of epoch 0, 16.32 ms/it, NE 0.843957, loss 0.465252
Testing at - 9088/38372 of epoch 0,  NE 0.818438, loss 0.470179, accuracy 78.362 %, best 78.362 %
Finished training it 9216/38372 of epoch 0, 16.63 ms/it, NE 0.843629, loss 0.466613
Testing at - 9216/38372 of epoch 0,  NE 0.822721, loss 0.472640, accuracy 78.168 %, best 78.362 %
Finished training it 9344/38372 of epoch 0, 16.55 ms/it, NE 0.843302, loss 0.466047
Testing at - 9344/38372 of epoch 0,  NE 0.819592, loss 0.470842, accuracy 78.358 %, best 78.362 %
Finished training it 9472/38372 of epoch 0, 17.75 ms/it, NE 0.842979, loss 0.465852
Testing at - 9472/38372 of epoch 0,  NE 0.819553, loss 0.470820, accuracy 78.355 %, best 78.362 %
Finished training it 9600/38372 of epoch 0, 16.74 ms/it, NE 0.842681, loss 0.465826
Testing at - 9600/38372 of epoch 0,  NE 0.827712, loss 0.475508, accuracy 78.183 %, best 78.362 %
Finished training it 9728/38372 of epoch 0, 17.67 ms/it, NE 0.842420, loss 0.466572
Testing at - 9728/38372 of epoch 0,  NE 0.820739, loss 0.471501, accuracy 78.350 %, best 78.362 %
Finished training it 9856/38372 of epoch 0, 14.85 ms/it, NE 0.842136, loss 0.466224
Testing at - 9856/38372 of epoch 0,  NE 0.821246, loss 0.471793, accuracy 78.277 %, best 78.362 %
Finished training it 9984/38372 of epoch 0, 15.24 ms/it, NE 0.841839, loss 0.465179
Testing at - 9984/38372 of epoch 0,  NE 0.821517, loss 0.471949, accuracy 78.258 %, best 78.362 %
Finished training it 10112/38372 of epoch 0, 14.63 ms/it, NE 0.841555, loss 0.466038
Testing at - 10112/38372 of epoch 0,  NE 0.818452, loss 0.470188, accuracy 78.379 %, best 78.379 %
Finished training it 10240/38372 of epoch 0, 15.05 ms/it, NE 0.841287, loss 0.466340
Testing at - 10240/38372 of epoch 0,  NE 0.821034, loss 0.471671, accuracy 78.307 %, best 78.379 %
Finished training it 10368/38372 of epoch 0, 14.94 ms/it, NE 0.841044, loss 0.465224
Testing at - 10368/38372 of epoch 0,  NE 0.817711, loss 0.469762, accuracy 78.376 %, best 78.379 %
Finished training it 10496/38372 of epoch 0, 16.61 ms/it, NE 0.840774, loss 0.464133
Testing at - 10496/38372 of epoch 0,  NE 0.819383, loss 0.470722, accuracy 78.345 %, best 78.379 %
Finished training it 10624/38372 of epoch 0, 13.48 ms/it, NE 0.840463, loss 0.463694
Testing at - 10624/38372 of epoch 0,  NE 0.819537, loss 0.470811, accuracy 78.352 %, best 78.379 %
Finished training it 10752/38372 of epoch 0, 14.39 ms/it, NE 0.840225, loss 0.466954
Testing at - 10752/38372 of epoch 0,  NE 0.818830, loss 0.470405, accuracy 78.369 %, best 78.379 %
Finished training it 10880/38372 of epoch 0, 13.88 ms/it, NE 0.839949, loss 0.465042
Testing at - 10880/38372 of epoch 0,  NE 0.820107, loss 0.471139, accuracy 78.327 %, best 78.379 %
Finished training it 11008/38372 of epoch 0, 13.79 ms/it, NE 0.839699, loss 0.463830
Testing at - 11008/38372 of epoch 0,  NE 0.815919, loss 0.468733, accuracy 78.408 %, best 78.408 %
Finished training it 11136/38372 of epoch 0, 14.03 ms/it, NE 0.839412, loss 0.464932
Testing at - 11136/38372 of epoch 0,  NE 0.820257, loss 0.471225, accuracy 78.234 %, best 78.408 %
Finished training it 11264/38372 of epoch 0, 14.89 ms/it, NE 0.839171, loss 0.464511
Testing at - 11264/38372 of epoch 0,  NE 0.820899, loss 0.471593, accuracy 78.239 %, best 78.408 %
Finished training it 11392/38372 of epoch 0, 15.22 ms/it, NE 0.838915, loss 0.463485
Testing at - 11392/38372 of epoch 0,  NE 0.817959, loss 0.469905, accuracy 78.366 %, best 78.408 %
Finished training it 11520/38372 of epoch 0, 13.77 ms/it, NE 0.838683, loss 0.466392
Testing at - 11520/38372 of epoch 0,  NE 0.820494, loss 0.471361, accuracy 78.382 %, best 78.408 %
Finished training it 11648/38372 of epoch 0, 16.64 ms/it, NE 0.838468, loss 0.466307
Testing at - 11648/38372 of epoch 0,  NE 0.817117, loss 0.469421, accuracy 78.382 %, best 78.408 %
Finished training it 11776/38372 of epoch 0, 15.93 ms/it, NE 0.838253, loss 0.464723
Testing at - 11776/38372 of epoch 0,  NE 0.819645, loss 0.470873, accuracy 78.298 %, best 78.408 %
Finished training it 11904/38372 of epoch 0, 16.40 ms/it, NE 0.837988, loss 0.462219
Testing at - 11904/38372 of epoch 0,  NE 0.816562, loss 0.469102, accuracy 78.417 %, best 78.417 %
Finished training it 12032/38372 of epoch 0, 16.89 ms/it, NE 0.837716, loss 0.462796
Testing at - 12032/38372 of epoch 0,  NE 0.816481, loss 0.469055, accuracy 78.430 %, best 78.430 %
Finished training it 12160/38372 of epoch 0, 16.12 ms/it, NE 0.837485, loss 0.462874
Testing at - 12160/38372 of epoch 0,  NE 0.815067, loss 0.468243, accuracy 78.441 %, best 78.441 %
Finished training it 12288/38372 of epoch 0, 16.21 ms/it, NE 0.837248, loss 0.462085
Testing at - 12288/38372 of epoch 0,  NE 0.816016, loss 0.468788, accuracy 78.442 %, best 78.442 %
Finished training it 12416/38372 of epoch 0, 15.99 ms/it, NE 0.837053, loss 0.464656
Testing at - 12416/38372 of epoch 0,  NE 0.819562, loss 0.470826, accuracy 78.352 %, best 78.442 %
Finished training it 12544/38372 of epoch 0, 18.20 ms/it, NE 0.836836, loss 0.464268
Testing at - 12544/38372 of epoch 0,  NE 0.816709, loss 0.469186, accuracy 78.420 %, best 78.442 %
Finished training it 12672/38372 of epoch 0, 17.36 ms/it, NE 0.836578, loss 0.463138
Testing at - 12672/38372 of epoch 0,  NE 0.816499, loss 0.469066, accuracy 78.455 %, best 78.455 %
Finished training it 12800/38372 of epoch 0, 18.30 ms/it, NE 0.836362, loss 0.464171
Testing at - 12800/38372 of epoch 0,  NE 0.820621, loss 0.471434, accuracy 78.259 %, best 78.455 %
Finished training it 12928/38372 of epoch 0, 20.31 ms/it, NE 0.836174, loss 0.464653
Testing at - 12928/38372 of epoch 0,  NE 0.819305, loss 0.470678, accuracy 78.339 %, best 78.455 %
Finished training it 13056/38372 of epoch 0, 16.55 ms/it, NE 0.835999, loss 0.465147
Testing at - 13056/38372 of epoch 0,  NE 0.818989, loss 0.470496, accuracy 78.380 %, best 78.455 %
Finished training it 13184/38372 of epoch 0, 16.74 ms/it, NE 0.835844, loss 0.464227
Testing at - 13184/38372 of epoch 0,  NE 0.815578, loss 0.468536, accuracy 78.495 %, best 78.495 %
Finished training it 13312/38372 of epoch 0, 18.05 ms/it, NE 0.835645, loss 0.462121
Testing at - 13312/38372 of epoch 0,  NE 0.823395, loss 0.473028, accuracy 78.171 %, best 78.495 %
Finished training it 13440/38372 of epoch 0, 15.91 ms/it, NE 0.835442, loss 0.462781
Testing at - 13440/38372 of epoch 0,  NE 0.815357, loss 0.468410, accuracy 78.456 %, best 78.495 %
Finished training it 13568/38372 of epoch 0, 15.69 ms/it, NE 0.835212, loss 0.462377
Testing at - 13568/38372 of epoch 0,  NE 0.814609, loss 0.467980, accuracy 78.436 %, best 78.495 %
Finished training it 13696/38372 of epoch 0, 22.02 ms/it, NE 0.835002, loss 0.462697
Testing at - 13696/38372 of epoch 0,  NE 0.815114, loss 0.468270, accuracy 78.452 %, best 78.495 %
Finished training it 13824/38372 of epoch 0, 15.96 ms/it, NE 0.834828, loss 0.463241
Testing at - 13824/38372 of epoch 0,  NE 0.814755, loss 0.468064, accuracy 78.476 %, best 78.495 %
Finished training it 13952/38372 of epoch 0, 17.18 ms/it, NE 0.834667, loss 0.465445
Testing at - 13952/38372 of epoch 0,  NE 0.816349, loss 0.468980, accuracy 78.431 %, best 78.495 %
Finished training it 14080/38372 of epoch 0, 18.05 ms/it, NE 0.834503, loss 0.464554
Testing at - 14080/38372 of epoch 0,  NE 0.815457, loss 0.468467, accuracy 78.476 %, best 78.495 %
Finished training it 14208/38372 of epoch 0, 13.47 ms/it, NE 0.834328, loss 0.464307
Testing at - 14208/38372 of epoch 0,  NE 0.814633, loss 0.467994, accuracy 78.470 %, best 78.495 %
Finished training it 14336/38372 of epoch 0, 17.04 ms/it, NE 0.834157, loss 0.462156
Testing at - 14336/38372 of epoch 0,  NE 0.821896, loss 0.472166, accuracy 78.214 %, best 78.495 %
Finished training it 14464/38372 of epoch 0, 16.02 ms/it, NE 0.833943, loss 0.461214
Testing at - 14464/38372 of epoch 0,  NE 0.817224, loss 0.469482, accuracy 78.401 %, best 78.495 %
Finished training it 14592/38372 of epoch 0, 15.03 ms/it, NE 0.833809, loss 0.464339
Testing at - 14592/38372 of epoch 0,  NE 0.815773, loss 0.468649, accuracy 78.520 %, best 78.520 %
Finished training it 14720/38372 of epoch 0, 14.74 ms/it, NE 0.833604, loss 0.461011
Testing at - 14720/38372 of epoch 0,  NE 0.813826, loss 0.467530, accuracy 78.473 %, best 78.520 %
Finished training it 14848/38372 of epoch 0, 14.63 ms/it, NE 0.833438, loss 0.463815
Testing at - 14848/38372 of epoch 0,  NE 0.813964, loss 0.467609, accuracy 78.481 %, best 78.520 %
Finished training it 14976/38372 of epoch 0, 14.84 ms/it, NE 0.833269, loss 0.465649
Testing at - 14976/38372 of epoch 0,  NE 0.821831, loss 0.472129, accuracy 78.193 %, best 78.520 %
Finished training it 15104/38372 of epoch 0, 14.36 ms/it, NE 0.833089, loss 0.459737
Testing at - 15104/38372 of epoch 0,  NE 0.812814, loss 0.466948, accuracy 78.512 %, best 78.520 %
Finished training it 15232/38372 of epoch 0, 13.65 ms/it, NE 0.832921, loss 0.462395
Testing at - 15232/38372 of epoch 0,  NE 0.817297, loss 0.469524, accuracy 78.399 %, best 78.520 %
Finished training it 15360/38372 of epoch 0, 14.00 ms/it, NE 0.832750, loss 0.462744
Testing at - 15360/38372 of epoch 0,  NE 0.814328, loss 0.467818, accuracy 78.472 %, best 78.520 %
Finished training it 15488/38372 of epoch 0, 14.43 ms/it, NE 0.832613, loss 0.465392
Testing at - 15488/38372 of epoch 0,  NE 0.814834, loss 0.468109, accuracy 78.539 %, best 78.539 %
Finished training it 15616/38372 of epoch 0, 15.39 ms/it, NE 0.832453, loss 0.461560
Testing at - 15616/38372 of epoch 0,  NE 0.812064, loss 0.466518, accuracy 78.507 %, best 78.539 %
Finished training it 15744/38372 of epoch 0, 14.95 ms/it, NE 0.832286, loss 0.463433
Testing at - 15744/38372 of epoch 0,  NE 0.813941, loss 0.467596, accuracy 78.475 %, best 78.539 %
Finished training it 15872/38372 of epoch 0, 16.17 ms/it, NE 0.832151, loss 0.464543
Testing at - 15872/38372 of epoch 0,  NE 0.813535, loss 0.467363, accuracy 78.509 %, best 78.539 %
Finished training it 16000/38372 of epoch 0, 18.15 ms/it, NE 0.831991, loss 0.460847
Testing at - 16000/38372 of epoch 0,  NE 0.814967, loss 0.468186, accuracy 78.426 %, best 78.539 %
Finished training it 16128/38372 of epoch 0, 16.71 ms/it, NE 0.831835, loss 0.461936
Testing at - 16128/38372 of epoch 0,  NE 0.813044, loss 0.467081, accuracy 78.455 %, best 78.539 %
Finished training it 16256/38372 of epoch 0, 19.13 ms/it, NE 0.831694, loss 0.464214
Testing at - 16256/38372 of epoch 0,  NE 0.813701, loss 0.467458, accuracy 78.517 %, best 78.539 %
Finished training it 16384/38372 of epoch 0, 19.65 ms/it, NE 0.831569, loss 0.463613
Testing at - 16384/38372 of epoch 0,  NE 0.812788, loss 0.466934, accuracy 78.547 %, best 78.547 %
Finished training it 16512/38372 of epoch 0, 20.38 ms/it, NE 0.831419, loss 0.462930
Testing at - 16512/38372 of epoch 0,  NE 0.814549, loss 0.467945, accuracy 78.505 %, best 78.547 %
Finished training it 16640/38372 of epoch 0, 15.83 ms/it, NE 0.831266, loss 0.461259
Testing at - 16640/38372 of epoch 0,  NE 0.823075, loss 0.472843, accuracy 78.156 %, best 78.547 %
Finished training it 16768/38372 of epoch 0, 14.19 ms/it, NE 0.831111, loss 0.461900
Testing at - 16768/38372 of epoch 0,  NE 0.813576, loss 0.467386, accuracy 78.569 %, best 78.569 %
Finished training it 16896/38372 of epoch 0, 16.98 ms/it, NE 0.830960, loss 0.459633
Testing at - 16896/38372 of epoch 0,  NE 0.813540, loss 0.467366, accuracy 78.492 %, best 78.569 %
Finished training it 17024/38372 of epoch 0, 15.52 ms/it, NE 0.830826, loss 0.462132
Testing at - 17024/38372 of epoch 0,  NE 0.815405, loss 0.468437, accuracy 78.487 %, best 78.569 %
Finished training it 17152/38372 of epoch 0, 15.81 ms/it, NE 0.830691, loss 0.462339
Testing at - 17152/38372 of epoch 0,  NE 0.813555, loss 0.467374, accuracy 78.565 %, best 78.569 %
Finished training it 17280/38372 of epoch 0, 14.62 ms/it, NE 0.830554, loss 0.463310
Testing at - 17280/38372 of epoch 0,  NE 0.811721, loss 0.466321, accuracy 78.566 %, best 78.569 %
Finished training it 17408/38372 of epoch 0, 14.36 ms/it, NE 0.830432, loss 0.462519
Testing at - 17408/38372 of epoch 0,  NE 0.816350, loss 0.468980, accuracy 78.402 %, best 78.569 %
Finished training it 17536/38372 of epoch 0, 16.80 ms/it, NE 0.830259, loss 0.458983
Testing at - 17536/38372 of epoch 0,  NE 0.812511, loss 0.466774, accuracy 78.545 %, best 78.569 %
Finished training it 17664/38372 of epoch 0, 16.17 ms/it, NE 0.830135, loss 0.461152
Testing at - 17664/38372 of epoch 0,  NE 0.814055, loss 0.467662, accuracy 78.432 %, best 78.569 %
Finished training it 17792/38372 of epoch 0, 19.64 ms/it, NE 0.829981, loss 0.458609
Testing at - 17792/38372 of epoch 0,  NE 0.812116, loss 0.466548, accuracy 78.514 %, best 78.569 %
Finished training it 17920/38372 of epoch 0, 17.61 ms/it, NE 0.829854, loss 0.460443
Testing at - 17920/38372 of epoch 0,  NE 0.822921, loss 0.472755, accuracy 78.021 %, best 78.569 %
Finished training it 18048/38372 of epoch 0, 19.40 ms/it, NE 0.829738, loss 0.461425
Testing at - 18048/38372 of epoch 0,  NE 0.811161, loss 0.465999, accuracy 78.572 %, best 78.572 %
Finished training it 18176/38372 of epoch 0, 15.80 ms/it, NE 0.829600, loss 0.463410
Testing at - 18176/38372 of epoch 0,  NE 0.814739, loss 0.468055, accuracy 78.539 %, best 78.572 %
Finished training it 18304/38372 of epoch 0, 16.83 ms/it, NE 0.829461, loss 0.459738
Testing at - 18304/38372 of epoch 0,  NE 0.810090, loss 0.465384, accuracy 78.602 %, best 78.602 %
Finished training it 18432/38372 of epoch 0, 17.61 ms/it, NE 0.829328, loss 0.459644
Testing at - 18432/38372 of epoch 0,  NE 0.813332, loss 0.467247, accuracy 78.495 %, best 78.602 %
Finished training it 18560/38372 of epoch 0, 18.79 ms/it, NE 0.829179, loss 0.459040
Testing at - 18560/38372 of epoch 0,  NE 0.812341, loss 0.466677, accuracy 78.509 %, best 78.602 %
Finished training it 18688/38372 of epoch 0, 18.35 ms/it, NE 0.829032, loss 0.459087
Testing at - 18688/38372 of epoch 0,  NE 0.815020, loss 0.468216, accuracy 78.454 %, best 78.602 %
Finished training it 18816/38372 of epoch 0, 21.70 ms/it, NE 0.828922, loss 0.460791
Testing at - 18816/38372 of epoch 0,  NE 0.813133, loss 0.467132, accuracy 78.457 %, best 78.602 %
Finished training it 18944/38372 of epoch 0, 19.32 ms/it, NE 0.828766, loss 0.456977
Testing at - 18944/38372 of epoch 0,  NE 0.816853, loss 0.469269, accuracy 78.324 %, best 78.602 %
Finished training it 19072/38372 of epoch 0, 15.52 ms/it, NE 0.828634, loss 0.458746
Testing at - 19072/38372 of epoch 0,  NE 0.810807, loss 0.465795, accuracy 78.576 %, best 78.602 %
Finished training it 19200/38372 of epoch 0, 16.36 ms/it, NE 0.828515, loss 0.461254
Testing at - 19200/38372 of epoch 0,  NE 0.812618, loss 0.466836, accuracy 78.437 %, best 78.602 %
Finished training it 19328/38372 of epoch 0, 17.57 ms/it, NE 0.828384, loss 0.459408
Testing at - 19328/38372 of epoch 0,  NE 0.810245, loss 0.465473, accuracy 78.602 %, best 78.602 %
Finished training it 19456/38372 of epoch 0, 16.65 ms/it, NE 0.828269, loss 0.460222
Testing at - 19456/38372 of epoch 0,  NE 0.809811, loss 0.465223, accuracy 78.615 %, best 78.615 %
Finished training it 19584/38372 of epoch 0, 18.58 ms/it, NE 0.828142, loss 0.459610
Testing at - 19584/38372 of epoch 0,  NE 0.810054, loss 0.465363, accuracy 78.596 %, best 78.615 %
Finished training it 19712/38372 of epoch 0, 18.13 ms/it, NE 0.828012, loss 0.457416
Testing at - 19712/38372 of epoch 0,  NE 0.809771, loss 0.465201, accuracy 78.626 %, best 78.626 %
Finished training it 19840/38372 of epoch 0, 14.81 ms/it, NE 0.827881, loss 0.460461
Testing at - 19840/38372 of epoch 0,  NE 0.811749, loss 0.466337, accuracy 78.537 %, best 78.626 %
Finished training it 19968/38372 of epoch 0, 13.12 ms/it, NE 0.827769, loss 0.460546
Testing at - 19968/38372 of epoch 0,  NE 0.814672, loss 0.468016, accuracy 78.534 %, best 78.626 %
Finished training it 20096/38372 of epoch 0, 13.38 ms/it, NE 0.827664, loss 0.460692
Testing at - 20096/38372 of epoch 0,  NE 0.810388, loss 0.465555, accuracy 78.633 %, best 78.633 %
Finished training it 20224/38372 of epoch 0, 13.61 ms/it, NE 0.827572, loss 0.462108
Testing at - 20224/38372 of epoch 0,  NE 0.810196, loss 0.465445, accuracy 78.615 %, best 78.633 %
Finished training it 20352/38372 of epoch 0, 16.09 ms/it, NE 0.827480, loss 0.461804
Testing at - 20352/38372 of epoch 0,  NE 0.813549, loss 0.467371, accuracy 78.499 %, best 78.633 %
Finished training it 20480/38372 of epoch 0, 14.30 ms/it, NE 0.827372, loss 0.461603
Testing at - 20480/38372 of epoch 0,  NE 0.812438, loss 0.466733, accuracy 78.552 %, best 78.633 %
Finished training it 20608/38372 of epoch 0, 12.88 ms/it, NE 0.827283, loss 0.460710
Testing at - 20608/38372 of epoch 0,  NE 0.811020, loss 0.465918, accuracy 78.587 %, best 78.633 %
Finished training it 20736/38372 of epoch 0, 14.67 ms/it, NE 0.827186, loss 0.461281
Testing at - 20736/38372 of epoch 0,  NE 0.812120, loss 0.466550, accuracy 78.577 %, best 78.633 %
Finished training it 20864/38372 of epoch 0, 14.78 ms/it, NE 0.827091, loss 0.462603
Testing at - 20864/38372 of epoch 0,  NE 0.810452, loss 0.465592, accuracy 78.591 %, best 78.633 %
Finished training it 20992/38372 of epoch 0, 14.68 ms/it, NE 0.827003, loss 0.462111
Testing at - 20992/38372 of epoch 0,  NE 0.810504, loss 0.465621, accuracy 78.636 %, best 78.636 %
Finished training it 21120/38372 of epoch 0, 14.97 ms/it, NE 0.826900, loss 0.459684
Testing at - 21120/38372 of epoch 0,  NE 0.810171, loss 0.465430, accuracy 78.598 %, best 78.636 %
Finished training it 21248/38372 of epoch 0, 14.35 ms/it, NE 0.826796, loss 0.460617
Testing at - 21248/38372 of epoch 0,  NE 0.811402, loss 0.466138, accuracy 78.517 %, best 78.636 %
Finished training it 21376/38372 of epoch 0, 14.08 ms/it, NE 0.826675, loss 0.457028
Testing at - 21376/38372 of epoch 0,  NE 0.813695, loss 0.467455, accuracy 78.448 %, best 78.636 %
Finished training it 21504/38372 of epoch 0, 16.48 ms/it, NE 0.826573, loss 0.458858
Testing at - 21504/38372 of epoch 0,  NE 0.810428, loss 0.465578, accuracy 78.596 %, best 78.636 %
Finished training it 21632/38372 of epoch 0, 15.14 ms/it, NE 0.826479, loss 0.461692
Testing at - 21632/38372 of epoch 0,  NE 0.809305, loss 0.464933, accuracy 78.665 %, best 78.665 %
Finished training it 21760/38372 of epoch 0, 15.88 ms/it, NE 0.826369, loss 0.459405
Testing at - 21760/38372 of epoch 0,  NE 0.811479, loss 0.466182, accuracy 78.570 %, best 78.665 %
Finished training it 21888/38372 of epoch 0, 21.00 ms/it, NE 0.826262, loss 0.459393
Testing at - 21888/38372 of epoch 0,  NE 0.810353, loss 0.465535, accuracy 78.621 %, best 78.665 %
Finished training it 22016/38372 of epoch 0, 17.27 ms/it, NE 0.826158, loss 0.458917
Testing at - 22016/38372 of epoch 0,  NE 0.809384, loss 0.464978, accuracy 78.616 %, best 78.665 %
Finished training it 22144/38372 of epoch 0, 18.62 ms/it, NE 0.826027, loss 0.456050
Testing at - 22144/38372 of epoch 0,  NE 0.810683, loss 0.465725, accuracy 78.587 %, best 78.665 %
Finished training it 22272/38372 of epoch 0, 15.86 ms/it, NE 0.825923, loss 0.458553
Testing at - 22272/38372 of epoch 0,  NE 0.809831, loss 0.465235, accuracy 78.583 %, best 78.665 %
Finished training it 22400/38372 of epoch 0, 19.05 ms/it, NE 0.825818, loss 0.458859
Testing at - 22400/38372 of epoch 0,  NE 0.819154, loss 0.470591, accuracy 78.334 %, best 78.665 %
Finished training it 22528/38372 of epoch 0, 16.80 ms/it, NE 0.825730, loss 0.460537
Testing at - 22528/38372 of epoch 0,  NE 0.810036, loss 0.465353, accuracy 78.575 %, best 78.665 %
Finished training it 22656/38372 of epoch 0, 15.96 ms/it, NE 0.825652, loss 0.461371
Testing at - 22656/38372 of epoch 0,  NE 0.809027, loss 0.464773, accuracy 78.663 %, best 78.665 %
Finished training it 22784/38372 of epoch 0, 16.39 ms/it, NE 0.825572, loss 0.461515
Testing at - 22784/38372 of epoch 0,  NE 0.809494, loss 0.465042, accuracy 78.618 %, best 78.665 %
Finished training it 22912/38372 of epoch 0, 15.38 ms/it, NE 0.825483, loss 0.459594
Testing at - 22912/38372 of epoch 0,  NE 0.808413, loss 0.464420, accuracy 78.655 %, best 78.665 %
Finished training it 23040/38372 of epoch 0, 20.70 ms/it, NE 0.825387, loss 0.459489
Testing at - 23040/38372 of epoch 0,  NE 0.809382, loss 0.464977, accuracy 78.645 %, best 78.665 %
Finished training it 23168/38372 of epoch 0, 15.70 ms/it, NE 0.825307, loss 0.461732
Testing at - 23168/38372 of epoch 0,  NE 0.808701, loss 0.464586, accuracy 78.679 %, best 78.679 %
Finished training it 23296/38372 of epoch 0, 16.47 ms/it, NE 0.825214, loss 0.459067
Testing at - 23296/38372 of epoch 0,  NE 0.809528, loss 0.465061, accuracy 78.608 %, best 78.679 %
Finished training it 23424/38372 of epoch 0, 16.15 ms/it, NE 0.825117, loss 0.460223
Testing at - 23424/38372 of epoch 0,  NE 0.810200, loss 0.465447, accuracy 78.636 %, best 78.679 %
Finished training it 23552/38372 of epoch 0, 17.48 ms/it, NE 0.825022, loss 0.457921
Testing at - 23552/38372 of epoch 0,  NE 0.809489, loss 0.465039, accuracy 78.578 %, best 78.679 %
Finished training it 23680/38372 of epoch 0, 16.69 ms/it, NE 0.824955, loss 0.463284
Testing at - 23680/38372 of epoch 0,  NE 0.809415, loss 0.464996, accuracy 78.678 %, best 78.679 %
Finished training it 23808/38372 of epoch 0, 18.11 ms/it, NE 0.824893, loss 0.460288
Testing at - 23808/38372 of epoch 0,  NE 0.808057, loss 0.464216, accuracy 78.666 %, best 78.679 %
Finished training it 23936/38372 of epoch 0, 18.39 ms/it, NE 0.824811, loss 0.458969
Testing at - 23936/38372 of epoch 0,  NE 0.809236, loss 0.464893, accuracy 78.656 %, best 78.679 %
Finished training it 24064/38372 of epoch 0, 19.15 ms/it, NE 0.824706, loss 0.456029
Testing at - 24064/38372 of epoch 0,  NE 0.807682, loss 0.464001, accuracy 78.687 %, best 78.687 %
Finished training it 24192/38372 of epoch 0, 14.83 ms/it, NE 0.824616, loss 0.459605
Testing at - 24192/38372 of epoch 0,  NE 0.808398, loss 0.464412, accuracy 78.683 %, best 78.687 %
Finished training it 24320/38372 of epoch 0, 15.71 ms/it, NE 0.824523, loss 0.459372
Testing at - 24320/38372 of epoch 0,  NE 0.809701, loss 0.465160, accuracy 78.612 %, best 78.687 %
Finished training it 24448/38372 of epoch 0, 17.36 ms/it, NE 0.824445, loss 0.462058
Testing at - 24448/38372 of epoch 0,  NE 0.808785, loss 0.464634, accuracy 78.687 %, best 78.687 %
Finished training it 24576/38372 of epoch 0, 16.10 ms/it, NE 0.824364, loss 0.460447
Testing at - 24576/38372 of epoch 0,  NE 0.812015, loss 0.466490, accuracy 78.593 %, best 78.687 %
Finished training it 24704/38372 of epoch 0, 17.42 ms/it, NE 0.824272, loss 0.459982
Testing at - 24704/38372 of epoch 0,  NE 0.812776, loss 0.466927, accuracy 78.610 %, best 78.687 %
Finished training it 24832/38372 of epoch 0, 17.21 ms/it, NE 0.824184, loss 0.459410
Testing at - 24832/38372 of epoch 0,  NE 0.808713, loss 0.464593, accuracy 78.584 %, best 78.687 %
Finished training it 24960/38372 of epoch 0, 19.04 ms/it, NE 0.824110, loss 0.461387
Testing at - 24960/38372 of epoch 0,  NE 0.809343, loss 0.464955, accuracy 78.673 %, best 78.687 %
Finished training it 25088/38372 of epoch 0, 16.12 ms/it, NE 0.824037, loss 0.459911
Testing at - 25088/38372 of epoch 0,  NE 0.812142, loss 0.466563, accuracy 78.511 %, best 78.687 %
Finished training it 25216/38372 of epoch 0, 19.63 ms/it, NE 0.823967, loss 0.460269
Testing at - 25216/38372 of epoch 0,  NE 0.808850, loss 0.464672, accuracy 78.665 %, best 78.687 %
Finished training it 25344/38372 of epoch 0, 15.37 ms/it, NE 0.823892, loss 0.458464
Testing at - 25344/38372 of epoch 0,  NE 0.809130, loss 0.464833, accuracy 78.663 %, best 78.687 %
Finished training it 25472/38372 of epoch 0, 17.30 ms/it, NE 0.823807, loss 0.457844
Testing at - 25472/38372 of epoch 0,  NE 0.808992, loss 0.464753, accuracy 78.657 %, best 78.687 %
Finished training it 25600/38372 of epoch 0, 20.08 ms/it, NE 0.823715, loss 0.457329
Testing at - 25600/38372 of epoch 0,  NE 0.810100, loss 0.465390, accuracy 78.619 %, best 78.687 %
Finished training it 25728/38372 of epoch 0, 15.90 ms/it, NE 0.823648, loss 0.459554
Testing at - 25728/38372 of epoch 0,  NE 0.810783, loss 0.465782, accuracy 78.582 %, best 78.687 %
Finished training it 25856/38372 of epoch 0, 16.93 ms/it, NE 0.823574, loss 0.456962
Testing at - 25856/38372 of epoch 0,  NE 0.808639, loss 0.464550, accuracy 78.624 %, best 78.687 %
Finished training it 25984/38372 of epoch 0, 20.31 ms/it, NE 0.823490, loss 0.458224
Testing at - 25984/38372 of epoch 0,  NE 0.810522, loss 0.465632, accuracy 78.542 %, best 78.687 %
Finished training it 26112/38372 of epoch 0, 15.98 ms/it, NE 0.823412, loss 0.460313
Testing at - 26112/38372 of epoch 0,  NE 0.806895, loss 0.463548, accuracy 78.710 %, best 78.710 %
Finished training it 26240/38372 of epoch 0, 17.74 ms/it, NE 0.823324, loss 0.457814
Testing at - 26240/38372 of epoch 0,  NE 0.808777, loss 0.464630, accuracy 78.673 %, best 78.710 %
Finished training it 26368/38372 of epoch 0, 18.16 ms/it, NE 0.823237, loss 0.458855
Testing at - 26368/38372 of epoch 0,  NE 0.807529, loss 0.463913, accuracy 78.647 %, best 78.710 %
Finished training it 26496/38372 of epoch 0, 14.65 ms/it, NE 0.823148, loss 0.457037
Testing at - 26496/38372 of epoch 0,  NE 0.807278, loss 0.463768, accuracy 78.679 %, best 78.710 %
Finished training it 26624/38372 of epoch 0, 14.89 ms/it, NE 0.823062, loss 0.456215
Testing at - 26624/38372 of epoch 0,  NE 0.810770, loss 0.465775, accuracy 78.615 %, best 78.710 %
Finished training it 26752/38372 of epoch 0, 18.15 ms/it, NE 0.822974, loss 0.458294
Testing at - 26752/38372 of epoch 0,  NE 0.806184, loss 0.463140, accuracy 78.704 %, best 78.710 %
Finished training it 26880/38372 of epoch 0, 13.55 ms/it, NE 0.822892, loss 0.457186
Testing at - 26880/38372 of epoch 0,  NE 0.807471, loss 0.463879, accuracy 78.686 %, best 78.710 %
Finished training it 27008/38372 of epoch 0, 16.39 ms/it, NE 0.822790, loss 0.456571
Testing at - 27008/38372 of epoch 0,  NE 0.807217, loss 0.463733, accuracy 78.674 %, best 78.710 %
Finished training it 27136/38372 of epoch 0, 18.12 ms/it, NE 0.822711, loss 0.458001
Testing at - 27136/38372 of epoch 0,  NE 0.807328, loss 0.463797, accuracy 78.687 %, best 78.710 %
Finished training it 27264/38372 of epoch 0, 15.86 ms/it, NE 0.822641, loss 0.458487
Testing at - 27264/38372 of epoch 0,  NE 0.813640, loss 0.467423, accuracy 78.409 %, best 78.710 %
Finished training it 27392/38372 of epoch 0, 17.57 ms/it, NE 0.822560, loss 0.457984
Testing at - 27392/38372 of epoch 0,  NE 0.806603, loss 0.463381, accuracy 78.720 %, best 78.720 %
Finished training it 27520/38372 of epoch 0, 18.16 ms/it, NE 0.822472, loss 0.456515
Testing at - 27520/38372 of epoch 0,  NE 0.807626, loss 0.463968, accuracy 78.717 %, best 78.720 %
Finished training it 27648/38372 of epoch 0, 17.89 ms/it, NE 0.822382, loss 0.455516
Testing at - 27648/38372 of epoch 0,  NE 0.808839, loss 0.464665, accuracy 78.587 %, best 78.720 %
Finished training it 27776/38372 of epoch 0, 21.88 ms/it, NE 0.822311, loss 0.459141
Testing at - 27776/38372 of epoch 0,  NE 0.806701, loss 0.463437, accuracy 78.714 %, best 78.720 %
Finished training it 27904/38372 of epoch 0, 17.26 ms/it, NE 0.822227, loss 0.459177
Testing at - 27904/38372 of epoch 0,  NE 0.814476, loss 0.467904, accuracy 78.497 %, best 78.720 %
Finished training it 28032/38372 of epoch 0, 16.47 ms/it, NE 0.822160, loss 0.459209
Testing at - 28032/38372 of epoch 0,  NE 0.806229, loss 0.463166, accuracy 78.725 %, best 78.725 %
Finished training it 28160/38372 of epoch 0, 17.59 ms/it, NE 0.822085, loss 0.460039
Testing at - 28160/38372 of epoch 0,  NE 0.807185, loss 0.463715, accuracy 78.727 %, best 78.727 %
Finished training it 28288/38372 of epoch 0, 18.62 ms/it, NE 0.822002, loss 0.456193
Testing at - 28288/38372 of epoch 0,  NE 0.806567, loss 0.463360, accuracy 78.749 %, best 78.749 %
Finished training it 28416/38372 of epoch 0, 18.97 ms/it, NE 0.821937, loss 0.460812
Testing at - 28416/38372 of epoch 0,  NE 0.812480, loss 0.466757, accuracy 78.458 %, best 78.749 %
Finished training it 28544/38372 of epoch 0, 17.07 ms/it, NE 0.821882, loss 0.459438
Testing at - 28544/38372 of epoch 0,  NE 0.807257, loss 0.463756, accuracy 78.696 %, best 78.749 %
Finished training it 28672/38372 of epoch 0, 20.40 ms/it, NE 0.821802, loss 0.457819
Testing at - 28672/38372 of epoch 0,  NE 0.806590, loss 0.463373, accuracy 78.751 %, best 78.751 %
Finished training it 28800/38372 of epoch 0, 14.46 ms/it, NE 0.821727, loss 0.457202
Testing at - 28800/38372 of epoch 0,  NE 0.805834, loss 0.462939, accuracy 78.749 %, best 78.751 %
Finished training it 28928/38372 of epoch 0, 17.52 ms/it, NE 0.821654, loss 0.457484
Testing at - 28928/38372 of epoch 0,  NE 0.805084, loss 0.462508, accuracy 78.731 %, best 78.751 %
Finished training it 29056/38372 of epoch 0, 22.19 ms/it, NE 0.821579, loss 0.458819
Testing at - 29056/38372 of epoch 0,  NE 0.808289, loss 0.464349, accuracy 78.653 %, best 78.751 %
Finished training it 29184/38372 of epoch 0, 27.32 ms/it, NE 0.821517, loss 0.459415
Testing at - 29184/38372 of epoch 0,  NE 0.806493, loss 0.463318, accuracy 78.717 %, best 78.751 %
Finished training it 29312/38372 of epoch 0, 27.66 ms/it, NE 0.821454, loss 0.458217
Testing at - 29312/38372 of epoch 0,  NE 0.805589, loss 0.462798, accuracy 78.694 %, best 78.751 %
Finished training it 29440/38372 of epoch 0, 56.07 ms/it, NE 0.821387, loss 0.458303
Testing at - 29440/38372 of epoch 0,  NE 0.805782, loss 0.462909, accuracy 78.762 %, best 78.762 %
Finished training it 29568/38372 of epoch 0, 23.16 ms/it, NE 0.821323, loss 0.460816
Testing at - 29568/38372 of epoch 0,  NE 0.805524, loss 0.462761, accuracy 78.739 %, best 78.762 %
Finished training it 29696/38372 of epoch 0, 20.40 ms/it, NE 0.821259, loss 0.457018
Testing at - 29696/38372 of epoch 0,  NE 0.811718, loss 0.466319, accuracy 78.455 %, best 78.762 %
Finished training it 29824/38372 of epoch 0, 23.86 ms/it, NE 0.821199, loss 0.458337
Testing at - 29824/38372 of epoch 0,  NE 0.806006, loss 0.463038, accuracy 78.764 %, best 78.764 %
Finished training it 29952/38372 of epoch 0, 16.14 ms/it, NE 0.821131, loss 0.461042
Testing at - 29952/38372 of epoch 0,  NE 0.805796, loss 0.462917, accuracy 78.758 %, best 78.764 %
Finished training it 30080/38372 of epoch 0, 15.92 ms/it, NE 0.821065, loss 0.458009
Testing at - 30080/38372 of epoch 0,  NE 0.805539, loss 0.462770, accuracy 78.753 %, best 78.764 %
Finished training it 30208/38372 of epoch 0, 18.09 ms/it, NE 0.820993, loss 0.456003
Testing at - 30208/38372 of epoch 0,  NE 0.805763, loss 0.462898, accuracy 78.719 %, best 78.764 %
Finished training it 30336/38372 of epoch 0, 16.35 ms/it, NE 0.820920, loss 0.457459
Testing at - 30336/38372 of epoch 0,  NE 0.807855, loss 0.464100, accuracy 78.630 %, best 78.764 %
Finished training it 30464/38372 of epoch 0, 16.60 ms/it, NE 0.820856, loss 0.457483
Testing at - 30464/38372 of epoch 0,  NE 0.806740, loss 0.463459, accuracy 78.688 %, best 78.764 %
Finished training it 30592/38372 of epoch 0, 15.99 ms/it, NE 0.820795, loss 0.458094
Testing at - 30592/38372 of epoch 0,  NE 0.805153, loss 0.462547, accuracy 78.749 %, best 78.764 %
Finished training it 30720/38372 of epoch 0, 17.43 ms/it, NE 0.820723, loss 0.457804
Testing at - 30720/38372 of epoch 0,  NE 0.808792, loss 0.464638, accuracy 78.683 %, best 78.764 %
Finished training it 30848/38372 of epoch 0, 17.83 ms/it, NE 0.820652, loss 0.456320
Testing at - 30848/38372 of epoch 0,  NE 0.804451, loss 0.462144, accuracy 78.761 %, best 78.764 %
Finished training it 30976/38372 of epoch 0, 16.65 ms/it, NE 0.820579, loss 0.455720
Testing at - 30976/38372 of epoch 0,  NE 0.804535, loss 0.462192, accuracy 78.757 %, best 78.764 %
Finished training it 31104/38372 of epoch 0, 21.67 ms/it, NE 0.820511, loss 0.456392
Testing at - 31104/38372 of epoch 0,  NE 0.805740, loss 0.462885, accuracy 78.767 %, best 78.767 %
Finished training it 31232/38372 of epoch 0, 19.06 ms/it, NE 0.820457, loss 0.459050
Testing at - 31232/38372 of epoch 0,  NE 0.808822, loss 0.464655, accuracy 78.613 %, best 78.767 %
Finished training it 31360/38372 of epoch 0, 16.77 ms/it, NE 0.820392, loss 0.458090
Testing at - 31360/38372 of epoch 0,  NE 0.804770, loss 0.462328, accuracy 78.779 %, best 78.779 %
Finished training it 31488/38372 of epoch 0, 15.35 ms/it, NE 0.820336, loss 0.457910
Testing at - 31488/38372 of epoch 0,  NE 0.805077, loss 0.462504, accuracy 78.757 %, best 78.779 %
Finished training it 31616/38372 of epoch 0, 15.99 ms/it, NE 0.820250, loss 0.455909
Testing at - 31616/38372 of epoch 0,  NE 0.804682, loss 0.462277, accuracy 78.759 %, best 78.779 %
Finished training it 31744/38372 of epoch 0, 18.65 ms/it, NE 0.820180, loss 0.456697
Testing at - 31744/38372 of epoch 0,  NE 0.804675, loss 0.462273, accuracy 78.748 %, best 78.779 %
Finished training it 31872/38372 of epoch 0, 19.20 ms/it, NE 0.820117, loss 0.457503
Testing at - 31872/38372 of epoch 0,  NE 0.806604, loss 0.463381, accuracy 78.710 %, best 78.779 %
Finished training it 32000/38372 of epoch 0, 14.22 ms/it, NE 0.820063, loss 0.458832
Testing at - 32000/38372 of epoch 0,  NE 0.805538, loss 0.462769, accuracy 78.759 %, best 78.779 %
Finished training it 32128/38372 of epoch 0, 15.56 ms/it, NE 0.819998, loss 0.457019
Testing at - 32128/38372 of epoch 0,  NE 0.806311, loss 0.463213, accuracy 78.761 %, best 78.779 %
Finished training it 32256/38372 of epoch 0, 14.95 ms/it, NE 0.819931, loss 0.456618
Testing at - 32256/38372 of epoch 0,  NE 0.807561, loss 0.463931, accuracy 78.648 %, best 78.779 %
Finished training it 32384/38372 of epoch 0, 14.47 ms/it, NE 0.819870, loss 0.455525
Testing at - 32384/38372 of epoch 0,  NE 0.811607, loss 0.466256, accuracy 78.523 %, best 78.779 %
Finished training it 32512/38372 of epoch 0, 14.38 ms/it, NE 0.819804, loss 0.455622
Testing at - 32512/38372 of epoch 0,  NE 0.805500, loss 0.462747, accuracy 78.705 %, best 78.779 %
Finished training it 32640/38372 of epoch 0, 19.54 ms/it, NE 0.819739, loss 0.458022
Testing at - 32640/38372 of epoch 0,  NE 0.804630, loss 0.462247, accuracy 78.764 %, best 78.779 %
Finished training it 32768/38372 of epoch 0, 17.97 ms/it, NE 0.819680, loss 0.456430
Testing at - 32768/38372 of epoch 0,  NE 0.809293, loss 0.464926, accuracy 78.620 %, best 78.779 %
Finished training it 32896/38372 of epoch 0, 18.32 ms/it, NE 0.819621, loss 0.458887
Testing at - 32896/38372 of epoch 0,  NE 0.808787, loss 0.464635, accuracy 78.631 %, best 78.779 %
Finished training it 33024/38372 of epoch 0, 17.41 ms/it, NE 0.819561, loss 0.458473
Testing at - 33024/38372 of epoch 0,  NE 0.805823, loss 0.462933, accuracy 78.724 %, best 78.779 %
Finished training it 33152/38372 of epoch 0, 14.39 ms/it, NE 0.819496, loss 0.455641
Testing at - 33152/38372 of epoch 0,  NE 0.803572, loss 0.461639, accuracy 78.804 %, best 78.804 %
Finished training it 33280/38372 of epoch 0, 16.05 ms/it, NE 0.819427, loss 0.455775
Testing at - 33280/38372 of epoch 0,  NE 0.805980, loss 0.463023, accuracy 78.772 %, best 78.804 %
Finished training it 33408/38372 of epoch 0, 15.40 ms/it, NE 0.819368, loss 0.458452
Testing at - 33408/38372 of epoch 0,  NE 0.816797, loss 0.469237, accuracy 78.276 %, best 78.804 %
Finished training it 33536/38372 of epoch 0, 17.00 ms/it, NE 0.819324, loss 0.458882
Testing at - 33536/38372 of epoch 0,  NE 0.809335, loss 0.464950, accuracy 78.638 %, best 78.804 %
Finished training it 33664/38372 of epoch 0, 14.25 ms/it, NE 0.819263, loss 0.455502
Testing at - 33664/38372 of epoch 0,  NE 0.807243, loss 0.463748, accuracy 78.708 %, best 78.804 %
Finished training it 33792/38372 of epoch 0, 15.22 ms/it, NE 0.819202, loss 0.457660
Testing at - 33792/38372 of epoch 0,  NE 0.803707, loss 0.461717, accuracy 78.801 %, best 78.804 %
Finished training it 33920/38372 of epoch 0, 20.81 ms/it, NE 0.819132, loss 0.453866
Testing at - 33920/38372 of epoch 0,  NE 0.804495, loss 0.462169, accuracy 78.753 %, best 78.804 %
Finished training it 34048/38372 of epoch 0, 17.08 ms/it, NE 0.819078, loss 0.457497
Testing at - 34048/38372 of epoch 0,  NE 0.808171, loss 0.464281, accuracy 78.627 %, best 78.804 %
Finished training it 34176/38372 of epoch 0, 15.98 ms/it, NE 0.819022, loss 0.456688
Testing at - 34176/38372 of epoch 0,  NE 0.804412, loss 0.462122, accuracy 78.782 %, best 78.804 %
Finished training it 34304/38372 of epoch 0, 18.51 ms/it, NE 0.818962, loss 0.456944
Testing at - 34304/38372 of epoch 0,  NE 0.805622, loss 0.462817, accuracy 78.735 %, best 78.804 %
Finished training it 34432/38372 of epoch 0, 21.03 ms/it, NE 0.818911, loss 0.458418
Testing at - 34432/38372 of epoch 0,  NE 0.805756, loss 0.462894, accuracy 78.795 %, best 78.804 %
Finished training it 34560/38372 of epoch 0, 18.69 ms/it, NE 0.818857, loss 0.457365
Testing at - 34560/38372 of epoch 0,  NE 0.805905, loss 0.462980, accuracy 78.714 %, best 78.804 %
Finished training it 34688/38372 of epoch 0, 17.98 ms/it, NE 0.818793, loss 0.454394
Testing at - 34688/38372 of epoch 0,  NE 0.804661, loss 0.462265, accuracy 78.762 %, best 78.804 %
Finished training it 34816/38372 of epoch 0, 16.06 ms/it, NE 0.818743, loss 0.459904
Testing at - 34816/38372 of epoch 0,  NE 0.807738, loss 0.464032, accuracy 78.613 %, best 78.804 %
Finished training it 34944/38372 of epoch 0, 16.20 ms/it, NE 0.818699, loss 0.459964
Testing at - 34944/38372 of epoch 0,  NE 0.805409, loss 0.462695, accuracy 78.796 %, best 78.804 %
Finished training it 35072/38372 of epoch 0, 18.70 ms/it, NE 0.818646, loss 0.457747
Testing at - 35072/38372 of epoch 0,  NE 0.804937, loss 0.462424, accuracy 78.787 %, best 78.804 %
Finished training it 35200/38372 of epoch 0, 23.11 ms/it, NE 0.818601, loss 0.455524
Testing at - 35200/38372 of epoch 0,  NE 0.804614, loss 0.462238, accuracy 78.769 %, best 78.804 %
Finished training it 35328/38372 of epoch 0, 18.19 ms/it, NE 0.818545, loss 0.455058
Testing at - 35328/38372 of epoch 0,  NE 0.803983, loss 0.461875, accuracy 78.795 %, best 78.804 %
Finished training it 35456/38372 of epoch 0, 16.54 ms/it, NE 0.818498, loss 0.458128
Testing at - 35456/38372 of epoch 0,  NE 0.804947, loss 0.462429, accuracy 78.763 %, best 78.804 %
Finished training it 35584/38372 of epoch 0, 15.91 ms/it, NE 0.818451, loss 0.456354
Testing at - 35584/38372 of epoch 0,  NE 0.805473, loss 0.462732, accuracy 78.701 %, best 78.804 %
Finished training it 35712/38372 of epoch 0, 14.97 ms/it, NE 0.818399, loss 0.456081
Testing at - 35712/38372 of epoch 0,  NE 0.804456, loss 0.462147, accuracy 78.776 %, best 78.804 %
Finished training it 35840/38372 of epoch 0, 16.34 ms/it, NE 0.818357, loss 0.458498
Testing at - 35840/38372 of epoch 0,  NE 0.803682, loss 0.461702, accuracy 78.808 %, best 78.808 %
Finished training it 35968/38372 of epoch 0, 16.48 ms/it, NE 0.818294, loss 0.454292
Testing at - 35968/38372 of epoch 0,  NE 0.803266, loss 0.461463, accuracy 78.821 %, best 78.821 %
Finished training it 36096/38372 of epoch 0, 14.92 ms/it, NE 0.818234, loss 0.455542
Testing at - 36096/38372 of epoch 0,  NE 0.807149, loss 0.463694, accuracy 78.619 %, best 78.821 %
Finished training it 36224/38372 of epoch 0, 14.46 ms/it, NE 0.818178, loss 0.454572
Testing at - 36224/38372 of epoch 0,  NE 0.804436, loss 0.462136, accuracy 78.742 %, best 78.821 %
Finished training it 36352/38372 of epoch 0, 13.39 ms/it, NE 0.818129, loss 0.458124
Testing at - 36352/38372 of epoch 0,  NE 0.803794, loss 0.461767, accuracy 78.773 %, best 78.821 %
Finished training it 36480/38372 of epoch 0, 15.22 ms/it, NE 0.818077, loss 0.454431
Testing at - 36480/38372 of epoch 0,  NE 0.809933, loss 0.465294, accuracy 78.614 %, best 78.821 %
Finished training it 36608/38372 of epoch 0, 17.03 ms/it, NE 0.818014, loss 0.456888
Testing at - 36608/38372 of epoch 0,  NE 0.804800, loss 0.462345, accuracy 78.741 %, best 78.821 %
Finished training it 36736/38372 of epoch 0, 17.41 ms/it, NE 0.817958, loss 0.457192
Testing at - 36736/38372 of epoch 0,  NE 0.805049, loss 0.462488, accuracy 78.767 %, best 78.821 %
Finished training it 36864/38372 of epoch 0, 15.87 ms/it, NE 0.817901, loss 0.455677
Testing at - 36864/38372 of epoch 0,  NE 0.803917, loss 0.461837, accuracy 78.787 %, best 78.821 %
Finished training it 36992/38372 of epoch 0, 16.99 ms/it, NE 0.817854, loss 0.456210
Testing at - 36992/38372 of epoch 0,  NE 0.803578, loss 0.461643, accuracy 78.807 %, best 78.821 %
Finished training it 37120/38372 of epoch 0, 19.60 ms/it, NE 0.817801, loss 0.457250
Testing at - 37120/38372 of epoch 0,  NE 0.806413, loss 0.463272, accuracy 78.726 %, best 78.821 %
Finished training it 37248/38372 of epoch 0, 21.09 ms/it, NE 0.817762, loss 0.459704
Testing at - 37248/38372 of epoch 0,  NE 0.803901, loss 0.461828, accuracy 78.828 %, best 78.828 %
Finished training it 37376/38372 of epoch 0, 18.92 ms/it, NE 0.817713, loss 0.459467
Testing at - 37376/38372 of epoch 0,  NE 0.804322, loss 0.462070, accuracy 78.827 %, best 78.828 %
Finished training it 37504/38372 of epoch 0, 16.24 ms/it, NE 0.817660, loss 0.456336
Testing at - 37504/38372 of epoch 0,  NE 0.804053, loss 0.461916, accuracy 78.792 %, best 78.828 %
Finished training it 37632/38372 of epoch 0, 20.77 ms/it, NE 0.817616, loss 0.455791
Testing at - 37632/38372 of epoch 0,  NE 0.803658, loss 0.461688, accuracy 78.813 %, best 78.828 %
Finished training it 37760/38372 of epoch 0, 17.57 ms/it, NE 0.817562, loss 0.455498
Testing at - 37760/38372 of epoch 0,  NE 0.805152, loss 0.462547, accuracy 78.714 %, best 78.828 %
Finished training it 37888/38372 of epoch 0, 17.54 ms/it, NE 0.817514, loss 0.456721
Testing at - 37888/38372 of epoch 0,  NE 0.805739, loss 0.462884, accuracy 78.721 %, best 78.828 %
Finished training it 38016/38372 of epoch 0, 17.20 ms/it, NE 0.817469, loss 0.456616
Testing at - 38016/38372 of epoch 0,  NE 0.803870, loss 0.461811, accuracy 78.810 %, best 78.828 %
Finished training it 38144/38372 of epoch 0, 13.09 ms/it, NE 0.817417, loss 0.454189
Testing at - 38144/38372 of epoch 0,  NE 0.805398, loss 0.462688, accuracy 78.651 %, best 78.828 %
Finished training it 38272/38372 of epoch 0, 14.57 ms/it, NE 0.817358, loss 0.455400
Testing at - 38272/38372 of epoch 0,  NE 0.801777, loss 0.460608, accuracy 78.828 %, best 78.828 %
Finished training it 38372/38372 of epoch 0, 13.69 ms/it, NE 0.817314, loss 0.457482
Testing at - 38372/38372 of epoch 0,  NE 0.819795, loss 0.470959, accuracy 78.057 %, best 78.828 %
