NCCL version 2.9.6+cudaCUDA_MAJOR.CUDA_MINOR
Unable to import mlperf_logging,  No module named 'mlperf_logging'
world size: 1, current rank: 0, local rank: 0
Using 2 GPU(s)...
Reading pre-processed data=./input/kaggleAdDisplayChallenge_processed.npz
Sparse fea = 26, Dense fea = 13
Defined train indices...
Randomized indices across days ...
Split data according to indices...
Reading pre-processed data=./input/kaggleAdDisplayChallenge_processed.npz
Sparse fea = 26, Dense fea = 13
Defined test indices...
Randomized indices across days ...
Split data according to indices...
DLRM_Net(
  (bot_l): Sequential(
    (0): Linear(in_features=13, out_features=512, bias=True)
    (1): ReLU()
    (2): Linear(in_features=512, out_features=256, bias=True)
    (3): ReLU()
    (4): Linear(in_features=256, out_features=64, bias=True)
    (5): ReLU()
    (6): Linear(in_features=64, out_features=16, bias=True)
    (7): ReLU()
  )
  (top_l): Sequential(
    (0): Linear(in_features=367, out_features=512, bias=True)
    (1): ReLU()
    (2): Linear(in_features=512, out_features=256, bias=True)
    (3): ReLU()
    (4): Linear(in_features=256, out_features=1, bias=True)
    (5): Sigmoid()
  )
  (loss_fn): BCELoss()
)
Random uniform embeddings init: 0 size: 1461 dim: 16
Random uniform embeddings init: 1 size: 584 dim: 16
Random uniform embeddings init: 2 size: 10131227 dim: 16
Random uniform embeddings init: 3 size: 2202608 dim: 16
Random uniform embeddings init: 4 size: 306 dim: 16
Random uniform embeddings init: 5 size: 24 dim: 16
Random uniform embeddings init: 6 size: 12518 dim: 16
Random uniform embeddings init: 7 size: 634 dim: 16
Random uniform embeddings init: 8 size: 4 dim: 16
Random uniform embeddings init: 9 size: 93146 dim: 16
Random uniform embeddings init: 10 size: 5684 dim: 16
Random uniform embeddings init: 11 size: 8351593 dim: 16
Random uniform embeddings init: 12 size: 3195 dim: 16
Random uniform embeddings init: 13 size: 28 dim: 16
Random uniform embeddings init: 14 size: 14993 dim: 16
Random uniform embeddings init: 15 size: 5461306 dim: 16
Random uniform embeddings init: 16 size: 11 dim: 16
Random uniform embeddings init: 17 size: 5653 dim: 16
Random uniform embeddings init: 18 size: 2173 dim: 16
Random uniform embeddings init: 19 size: 4 dim: 16
Random uniform embeddings init: 20 size: 7046547 dim: 16
Random uniform embeddings init: 21 size: 18 dim: 16
Random uniform embeddings init: 22 size: 16 dim: 16
Random uniform embeddings init: 23 size: 286181 dim: 16
Random uniform embeddings init: 24 size: 105 dim: 16
Random uniform embeddings init: 25 size: 142572 dim: 16
time/loss/accuracy (if enabled):
Finished training it 128/38372 of epoch 0, 52.72 ms/it, NE 1.276973, loss 0.726222
Testing at - 128/38372 of epoch 0,  NE 1.081980, loss 0.621581, accuracy 75.065 %, best 75.065 %
Finished training it 256/38372 of epoch 0, 22.15 ms/it, NE 1.969714, loss 1.514554
Testing at - 256/38372 of epoch 0,  NE 2.298139, loss 1.320244, accuracy 73.179 %, best 75.065 %
Finished training it 384/38372 of epoch 0, 18.59 ms/it, NE 3.398333, loss 3.556956
Testing at - 384/38372 of epoch 0,  NE 8.130504, loss 4.670845, accuracy 68.835 %, best 75.065 %
Finished training it 512/38372 of epoch 0, 18.56 ms/it, NE 4.728006, loss 4.940201
Testing at - 512/38372 of epoch 0,  NE 12.881616, loss 7.400284, accuracy 67.969 %, best 75.065 %
Finished training it 640/38372 of epoch 0, 19.43 ms/it, NE 5.784420, loss 5.688759
Testing at - 640/38372 of epoch 0,  NE 9.097242, loss 5.226221, accuracy 69.358 %, best 75.065 %
Finished training it 768/38372 of epoch 0, 17.73 ms/it, NE 6.470968, loss 5.625627
Testing at - 768/38372 of epoch 0,  NE 9.452766, loss 5.430464, accuracy 71.709 %, best 75.065 %
Finished training it 896/38372 of epoch 0, 17.96 ms/it, NE 7.033184, loss 5.902685
Testing at - 896/38372 of epoch 0,  NE 9.202752, loss 5.286835, accuracy 70.470 %, best 75.065 %
Finished training it 1024/38372 of epoch 0, 18.52 ms/it, NE 7.523749, loss 6.231809
Testing at - 1024/38372 of epoch 0,  NE 15.860963, loss 9.111871, accuracy 67.823 %, best 75.065 %
Finished training it 1152/38372 of epoch 0, 18.79 ms/it, NE 8.030453, loss 6.856300
Testing at - 1152/38372 of epoch 0,  NE 10.207158, loss 5.863850, accuracy 69.669 %, best 75.065 %
Finished training it 1280/38372 of epoch 0, 18.08 ms/it, NE 8.513738, loss 7.313809
Testing at - 1280/38372 of epoch 0,  NE 12.512290, loss 7.188112, accuracy 71.683 %, best 75.065 %
Finished training it 1408/38372 of epoch 0, 19.40 ms/it, NE 8.872634, loss 7.083031
Testing at - 1408/38372 of epoch 0,  NE 13.467050, loss 7.736606, accuracy 68.913 %, best 75.065 %
Finished training it 1536/38372 of epoch 0, 20.15 ms/it, NE 9.152165, loss 6.915247
Testing at - 1536/38372 of epoch 0,  NE 14.341228, loss 8.238808, accuracy 69.882 %, best 75.065 %
Finished training it 1664/38372 of epoch 0, 17.83 ms/it, NE 9.427375, loss 7.248879
Testing at - 1664/38372 of epoch 0,  NE 12.444942, loss 7.149421, accuracy 70.391 %, best 75.065 %
Finished training it 1792/38372 of epoch 0, 18.85 ms/it, NE 9.630266, loss 6.976197
Testing at - 1792/38372 of epoch 0,  NE 13.771228, loss 7.911351, accuracy 70.188 %, best 75.065 %
Finished training it 1920/38372 of epoch 0, 18.44 ms/it, NE 9.951393, loss 8.205885
Testing at - 1920/38372 of epoch 0,  NE 15.115323, loss 8.683513, accuracy 69.625 %, best 75.065 %
Finished training it 2048/38372 of epoch 0, 18.55 ms/it, NE 10.212570, loss 8.045537
Testing at - 2048/38372 of epoch 0,  NE 14.992549, loss 8.612981, accuracy 70.705 %, best 75.065 %
Finished training it 2176/38372 of epoch 0, 18.78 ms/it, NE 10.424568, loss 7.861696
Testing at - 2176/38372 of epoch 0,  NE 14.597694, loss 8.386143, accuracy 70.616 %, best 75.065 %
Finished training it 2304/38372 of epoch 0, 17.46 ms/it, NE 10.624603, loss 7.978111
Testing at - 2304/38372 of epoch 0,  NE 12.175766, loss 6.994784, accuracy 71.811 %, best 75.065 %
Finished training it 2432/38372 of epoch 0, 20.48 ms/it, NE 10.734777, loss 7.243030
Testing at - 2432/38372 of epoch 0,  NE 17.317852, loss 9.948831, accuracy 69.325 %, best 75.065 %
Finished training it 2560/38372 of epoch 0, 17.18 ms/it, NE 10.885435, loss 7.806503
Testing at - 2560/38372 of epoch 0,  NE 11.961214, loss 6.871527, accuracy 71.452 %, best 75.065 %
Finished training it 2688/38372 of epoch 0, 20.29 ms/it, NE 11.026189, loss 7.865039
Testing at - 2688/38372 of epoch 0,  NE 15.289341, loss 8.783483, accuracy 69.392 %, best 75.065 %
Finished training it 2816/38372 of epoch 0, 19.03 ms/it, NE 11.138075, loss 7.658255
Testing at - 2816/38372 of epoch 0,  NE 12.345272, loss 7.092162, accuracy 71.665 %, best 75.065 %
Finished training it 2944/38372 of epoch 0, 19.73 ms/it, NE 11.287161, loss 8.308037
Testing at - 2944/38372 of epoch 0,  NE 15.172849, loss 8.716561, accuracy 71.770 %, best 75.065 %
Finished training it 3072/38372 of epoch 0, 18.18 ms/it, NE 11.449230, loss 8.606186
Testing at - 3072/38372 of epoch 0,  NE 17.137136, loss 9.845012, accuracy 69.961 %, best 75.065 %
Finished training it 3200/38372 of epoch 0, 18.96 ms/it, NE 11.567479, loss 8.182632
Testing at - 3200/38372 of epoch 0,  NE 14.579301, loss 8.375577, accuracy 70.268 %, best 75.065 %
Finished training it 3328/38372 of epoch 0, 17.48 ms/it, NE 11.649544, loss 7.781954
Testing at - 3328/38372 of epoch 0,  NE 12.876598, loss 7.397401, accuracy 73.185 %, best 75.065 %
Finished training it 3456/38372 of epoch 0, 15.84 ms/it, NE 11.752133, loss 8.182980
Testing at - 3456/38372 of epoch 0,  NE 16.517422, loss 9.488996, accuracy 71.087 %, best 75.065 %
Finished training it 3584/38372 of epoch 0, 15.99 ms/it, NE 11.851097, loss 8.233654
Testing at - 3584/38372 of epoch 0,  NE 15.503497, loss 8.906513, accuracy 71.446 %, best 75.065 %
Finished training it 3712/38372 of epoch 0, 17.54 ms/it, NE 11.919990, loss 7.858353
Testing at - 3712/38372 of epoch 0,  NE 14.685179, loss 8.436402, accuracy 71.105 %, best 75.065 %
Finished training it 3840/38372 of epoch 0, 16.45 ms/it, NE 11.981302, loss 7.816996
Testing at - 3840/38372 of epoch 0,  NE 16.346865, loss 9.391014, accuracy 71.101 %, best 75.065 %
Finished training it 3968/38372 of epoch 0, 16.77 ms/it, NE 12.018655, loss 7.477540
Testing at - 3968/38372 of epoch 0,  NE 14.276244, loss 8.201475, accuracy 70.937 %, best 75.065 %
Finished training it 4096/38372 of epoch 0, 16.44 ms/it, NE 12.045993, loss 7.349458
Testing at - 4096/38372 of epoch 0,  NE 13.467412, loss 7.736814, accuracy 72.683 %, best 75.065 %
Finished training it 4224/38372 of epoch 0, 17.40 ms/it, NE 12.112190, loss 8.096248
Testing at - 4224/38372 of epoch 0,  NE 17.922306, loss 10.296080, accuracy 70.158 %, best 75.065 %
Finished training it 4352/38372 of epoch 0, 16.86 ms/it, NE 12.172357, loss 8.050599
Testing at - 4352/38372 of epoch 0,  NE 13.840750, loss 7.951291, accuracy 72.208 %, best 75.065 %
Finished training it 4480/38372 of epoch 0, 17.82 ms/it, NE 12.204029, loss 7.558531
Testing at - 4480/38372 of epoch 0,  NE 14.317046, loss 8.224916, accuracy 71.353 %, best 75.065 %
Finished training it 4608/38372 of epoch 0, 17.58 ms/it, NE 12.275690, loss 8.404557
Testing at - 4608/38372 of epoch 0,  NE 17.030236, loss 9.783600, accuracy 71.438 %, best 75.065 %
Finished training it 4736/38372 of epoch 0, 16.67 ms/it, NE 12.326771, loss 8.031854
Testing at - 4736/38372 of epoch 0,  NE 15.873226, loss 9.118916, accuracy 69.919 %, best 75.065 %
Finished training it 4864/38372 of epoch 0, 17.08 ms/it, NE 12.392184, loss 8.425623
Testing at - 4864/38372 of epoch 0,  NE 15.920983, loss 9.146352, accuracy 71.719 %, best 75.065 %
Finished training it 4992/38372 of epoch 0, 17.20 ms/it, NE 12.456476, loss 8.469211
Testing at - 4992/38372 of epoch 0,  NE 11.096134, loss 6.374553, accuracy 74.173 %, best 75.065 %
Finished training it 5120/38372 of epoch 0, 17.68 ms/it, NE 12.477859, loss 7.581851
Testing at - 5120/38372 of epoch 0,  NE 15.574093, loss 8.947069, accuracy 71.060 %, best 75.065 %
Finished training it 5248/38372 of epoch 0, 18.03 ms/it, NE 12.500231, loss 7.612037
Testing at - 5248/38372 of epoch 0,  NE 14.747588, loss 8.472255, accuracy 70.898 %, best 75.065 %
Finished training it 5376/38372 of epoch 0, 19.01 ms/it, NE 12.533594, loss 7.882537
Testing at - 5376/38372 of epoch 0,  NE 14.129588, loss 8.117224, accuracy 71.518 %, best 75.065 %
Finished training it 5504/38372 of epoch 0, 17.42 ms/it, NE 12.575720, loss 8.149239
Testing at - 5504/38372 of epoch 0,  NE 14.898610, loss 8.559015, accuracy 72.299 %, best 75.065 %
Finished training it 5632/38372 of epoch 0, 16.68 ms/it, NE 12.604136, loss 7.861305
Testing at - 5632/38372 of epoch 0,  NE 15.889461, loss 9.128243, accuracy 71.220 %, best 75.065 %
Finished training it 5760/38372 of epoch 0, 16.75 ms/it, NE 12.655065, loss 8.480520
Testing at - 5760/38372 of epoch 0,  NE 17.386656, loss 9.988357, accuracy 71.527 %, best 75.065 %
Finished training it 5888/38372 of epoch 0, 17.45 ms/it, NE 12.718412, loss 8.859426
Testing at - 5888/38372 of epoch 0,  NE 15.546627, loss 8.931290, accuracy 72.006 %, best 75.065 %
Finished training it 6016/38372 of epoch 0, 16.81 ms/it, NE 12.778685, loss 8.829915
Testing at - 6016/38372 of epoch 0,  NE 15.264224, loss 8.769054, accuracy 72.145 %, best 75.065 %
Finished training it 6144/38372 of epoch 0, 16.06 ms/it, NE 12.805024, loss 7.954210
Testing at - 6144/38372 of epoch 0,  NE 14.987027, loss 8.609809, accuracy 71.615 %, best 75.065 %
Finished training it 6272/38372 of epoch 0, 16.57 ms/it, NE 12.834762, loss 8.114978
Testing at - 6272/38372 of epoch 0,  NE 15.670992, loss 9.002736, accuracy 71.395 %, best 75.065 %
Finished training it 6400/38372 of epoch 0, 16.87 ms/it, NE 12.877733, loss 8.535679
Testing at - 6400/38372 of epoch 0,  NE 16.273952, loss 9.349127, accuracy 71.462 %, best 75.065 %
Finished training it 6528/38372 of epoch 0, 16.59 ms/it, NE 12.917976, loss 8.519624
Testing at - 6528/38372 of epoch 0,  NE 13.077422, loss 7.512771, accuracy 73.708 %, best 75.065 %
Finished training it 6656/38372 of epoch 0, 16.81 ms/it, NE 12.965455, loss 8.755754
Testing at - 6656/38372 of epoch 0,  NE 17.954746, loss 10.314716, accuracy 72.089 %, best 75.065 %
Finished training it 6784/38372 of epoch 0, 16.65 ms/it, NE 13.018968, loss 8.991564
Testing at - 6784/38372 of epoch 0,  NE 10.640680, loss 6.112902, accuracy 74.510 %, best 75.065 %
Finished training it 6912/38372 of epoch 0, 17.72 ms/it, NE 13.046720, loss 8.266663
Testing at - 6912/38372 of epoch 0,  NE 15.905005, loss 9.137173, accuracy 71.985 %, best 75.065 %
Finished training it 7040/38372 of epoch 0, 18.43 ms/it, NE 13.104644, loss 9.203733
Testing at - 7040/38372 of epoch 0,  NE 18.066287, loss 10.378795, accuracy 71.621 %, best 75.065 %
Finished training it 7168/38372 of epoch 0, 16.66 ms/it, NE 13.160432, loss 9.198512
Testing at - 7168/38372 of epoch 0,  NE 16.309235, loss 9.369396, accuracy 72.571 %, best 75.065 %
Finished training it 7296/38372 of epoch 0, 16.42 ms/it, NE 13.203644, loss 8.879864
Testing at - 7296/38372 of epoch 0,  NE 9.196215, loss 5.283079, accuracy 75.712 %, best 75.712 %
Finished training it 7424/38372 of epoch 0, 22.34 ms/it, NE 13.229226, loss 8.355431
Testing at - 7424/38372 of epoch 0,  NE 16.562235, loss 9.514741, accuracy 71.827 %, best 75.712 %
Finished training it 7552/38372 of epoch 0, 16.95 ms/it, NE 13.267077, loss 8.775659
Testing at - 7552/38372 of epoch 0,  NE 18.099042, loss 10.397612, accuracy 71.384 %, best 75.712 %
Finished training it 7680/38372 of epoch 0, 19.43 ms/it, NE 13.305087, loss 8.871121
Testing at - 7680/38372 of epoch 0,  NE 15.371282, loss 8.830557, accuracy 72.289 %, best 75.712 %
Finished training it 7808/38372 of epoch 0, 18.55 ms/it, NE 13.336967, loss 8.659848
Testing at - 7808/38372 of epoch 0,  NE 16.231295, loss 9.324621, accuracy 71.895 %, best 75.712 %
Finished training it 7936/38372 of epoch 0, 17.58 ms/it, NE 13.368433, loss 8.703087
Testing at - 7936/38372 of epoch 0,  NE 15.888307, loss 9.127580, accuracy 72.501 %, best 75.712 %
Finished training it 8064/38372 of epoch 0, 16.84 ms/it, NE 13.411516, loss 9.160382
Testing at - 8064/38372 of epoch 0,  NE 16.568130, loss 9.518127, accuracy 72.015 %, best 75.712 %
Finished training it 8192/38372 of epoch 0, 17.12 ms/it, NE 13.458179, loss 9.340066
Testing at - 8192/38372 of epoch 0,  NE 17.998324, loss 10.339751, accuracy 71.483 %, best 75.712 %
Finished training it 8320/38372 of epoch 0, 18.13 ms/it, NE 13.495094, loss 8.998919
Testing at - 8320/38372 of epoch 0,  NE 17.484498, loss 10.044566, accuracy 70.457 %, best 75.712 %
Finished training it 8448/38372 of epoch 0, 17.72 ms/it, NE 13.528971, loss 8.947345
Testing at - 8448/38372 of epoch 0,  NE 12.258482, loss 7.042303, accuracy 74.698 %, best 75.712 %
Finished training it 8576/38372 of epoch 0, 21.19 ms/it, NE 13.556160, loss 8.741677
Testing at - 8576/38372 of epoch 0,  NE 15.720338, loss 9.031084, accuracy 72.727 %, best 75.712 %
Finished training it 8704/38372 of epoch 0, 17.94 ms/it, NE 13.584184, loss 8.792755
Testing at - 8704/38372 of epoch 0,  NE 15.925555, loss 9.148978, accuracy 72.073 %, best 75.712 %
Finished training it 8832/38372 of epoch 0, 19.72 ms/it, NE 13.608003, loss 8.646136
Testing at - 8832/38372 of epoch 0,  NE 17.226361, loss 9.896270, accuracy 71.317 %, best 75.712 %
Finished training it 8960/38372 of epoch 0, 17.46 ms/it, NE 13.646904, loss 9.275669
Testing at - 8960/38372 of epoch 0,  NE 14.387180, loss 8.265206, accuracy 73.349 %, best 75.712 %
Finished training it 9088/38372 of epoch 0, 17.50 ms/it, NE 13.666726, loss 8.543471
Testing at - 9088/38372 of epoch 0,  NE 17.554073, loss 10.084536, accuracy 70.935 %, best 75.712 %
Finished training it 9216/38372 of epoch 0, 19.39 ms/it, NE 13.687478, loss 8.622437
Testing at - 9216/38372 of epoch 0,  NE 18.065028, loss 10.378071, accuracy 71.290 %, best 75.712 %
Finished training it 9344/38372 of epoch 0, 19.26 ms/it, NE 13.708829, loss 8.667563
Testing at - 9344/38372 of epoch 0,  NE 17.285447, loss 9.930214, accuracy 71.407 %, best 75.712 %
Finished training it 9472/38372 of epoch 0, 17.96 ms/it, NE 13.741450, loss 9.166021
Testing at - 9472/38372 of epoch 0,  NE 17.582230, loss 10.100712, accuracy 71.216 %, best 75.712 %
Finished training it 9600/38372 of epoch 0, 18.04 ms/it, NE 13.774118, loss 9.193300
Testing at - 9600/38372 of epoch 0,  NE 17.623427, loss 10.124378, accuracy 71.986 %, best 75.712 %
Finished training it 9728/38372 of epoch 0, 16.55 ms/it, NE 13.812567, loss 9.471576
Testing at - 9728/38372 of epoch 0,  NE 19.759080, loss 11.351278, accuracy 71.252 %, best 75.712 %
Finished training it 9856/38372 of epoch 0, 20.54 ms/it, NE 13.838627, loss 8.989236
Testing at - 9856/38372 of epoch 0,  NE 15.817051, loss 9.086644, accuracy 72.437 %, best 75.712 %
Finished training it 9984/38372 of epoch 0, 17.99 ms/it, NE 13.875845, loss 9.510554
Testing at - 9984/38372 of epoch 0,  NE 15.915347, loss 9.143114, accuracy 72.643 %, best 75.712 %
Finished training it 10112/38372 of epoch 0, 17.17 ms/it, NE 13.901020, loss 9.021969
Testing at - 10112/38372 of epoch 0,  NE 15.328466, loss 8.805960, accuracy 72.168 %, best 75.712 %
Finished training it 10240/38372 of epoch 0, 17.03 ms/it, NE 13.939566, loss 9.657120
Testing at - 10240/38372 of epoch 0,  NE 13.809832, loss 7.933529, accuracy 74.553 %, best 75.712 %
Finished training it 10368/38372 of epoch 0, 17.21 ms/it, NE 13.975601, loss 9.552663
Testing at - 10368/38372 of epoch 0,  NE 17.069019, loss 9.805880, accuracy 72.245 %, best 75.712 %
Finished training it 10496/38372 of epoch 0, 16.61 ms/it, NE 14.009893, loss 9.519995
Testing at - 10496/38372 of epoch 0,  NE 19.555943, loss 11.234578, accuracy 71.129 %, best 75.712 %
Finished training it 10624/38372 of epoch 0, 16.36 ms/it, NE 14.049552, loss 9.841840
Testing at - 10624/38372 of epoch 0,  NE 16.585649, loss 9.528192, accuracy 73.133 %, best 75.712 %
Finished training it 10752/38372 of epoch 0, 16.61 ms/it, NE 14.080135, loss 9.456142
Testing at - 10752/38372 of epoch 0,  NE 16.741539, loss 9.617748, accuracy 72.692 %, best 75.712 %
Finished training it 10880/38372 of epoch 0, 16.44 ms/it, NE 14.105782, loss 9.255510
Testing at - 10880/38372 of epoch 0,  NE 17.948964, loss 10.311395, accuracy 71.538 %, best 75.712 %
Finished training it 11008/38372 of epoch 0, 16.09 ms/it, NE 14.135881, loss 9.466017
Testing at - 11008/38372 of epoch 0,  NE 17.783824, loss 10.216524, accuracy 71.721 %, best 75.712 %
Finished training it 11136/38372 of epoch 0, 18.31 ms/it, NE 14.164745, loss 9.493022
Testing at - 11136/38372 of epoch 0,  NE 15.242559, loss 8.756608, accuracy 72.511 %, best 75.712 %
Finished training it 11264/38372 of epoch 0, 16.86 ms/it, NE 14.190750, loss 9.342394
Testing at - 11264/38372 of epoch 0,  NE 18.043506, loss 10.365708, accuracy 72.585 %, best 75.712 %
Finished training it 11392/38372 of epoch 0, 17.13 ms/it, NE 14.228925, loss 9.988311
Testing at - 11392/38372 of epoch 0,  NE 16.818935, loss 9.662211, accuracy 73.059 %, best 75.712 %
Finished training it 11520/38372 of epoch 0, 17.56 ms/it, NE 14.259809, loss 9.690980
Testing at - 11520/38372 of epoch 0,  NE 19.442807, loss 11.169583, accuracy 70.910 %, best 75.712 %
Finished training it 11648/38372 of epoch 0, 17.04 ms/it, NE 14.285430, loss 9.442825
Testing at - 11648/38372 of epoch 0,  NE 14.974751, loss 8.602756, accuracy 73.313 %, best 75.712 %
Finished training it 11776/38372 of epoch 0, 16.48 ms/it, NE 14.308315, loss 9.306250
Testing at - 11776/38372 of epoch 0,  NE 16.954796, loss 9.740261, accuracy 72.134 %, best 75.712 %
Finished training it 11904/38372 of epoch 0, 18.33 ms/it, NE 14.331974, loss 9.379916
Testing at - 11904/38372 of epoch 0,  NE 16.157069, loss 9.281979, accuracy 72.663 %, best 75.712 %
Finished training it 12032/38372 of epoch 0, 17.14 ms/it, NE 14.365395, loss 9.948639
Testing at - 12032/38372 of epoch 0,  NE 20.235529, loss 11.624990, accuracy 71.172 %, best 75.712 %
Finished training it 12160/38372 of epoch 0, 18.24 ms/it, NE 14.400890, loss 10.068799
Testing at - 12160/38372 of epoch 0,  NE 19.744062, loss 11.342649, accuracy 72.337 %, best 75.712 %
Finished training it 12288/38372 of epoch 0, 17.08 ms/it, NE 14.435991, loss 10.082633
Testing at - 12288/38372 of epoch 0,  NE 17.028494, loss 9.782599, accuracy 72.572 %, best 75.712 %
Finished training it 12416/38372 of epoch 0, 17.32 ms/it, NE 14.464525, loss 9.770272
Testing at - 12416/38372 of epoch 0,  NE 18.141593, loss 10.422057, accuracy 72.236 %, best 75.712 %
Finished training it 12544/38372 of epoch 0, 19.76 ms/it, NE 14.504003, loss 10.431324
Testing at - 12544/38372 of epoch 0,  NE 20.365002, loss 11.699370, accuracy 71.777 %, best 75.712 %
Finished training it 12672/38372 of epoch 0, 17.98 ms/it, NE 14.533983, loss 9.965632
Testing at - 12672/38372 of epoch 0,  NE 16.300039, loss 9.364113, accuracy 73.356 %, best 75.712 %
Finished training it 12800/38372 of epoch 0, 20.57 ms/it, NE 14.566488, loss 10.124808
Testing at - 12800/38372 of epoch 0,  NE 17.302047, loss 9.939751, accuracy 72.874 %, best 75.712 %
Finished training it 12928/38372 of epoch 0, 18.41 ms/it, NE 14.593319, loss 9.821237
Testing at - 12928/38372 of epoch 0,  NE 16.853482, loss 9.682057, accuracy 72.350 %, best 75.712 %
Finished training it 13056/38372 of epoch 0, 18.29 ms/it, NE 14.608623, loss 9.181860
Testing at - 13056/38372 of epoch 0,  NE 17.217208, loss 9.891012, accuracy 72.648 %, best 75.712 %
Finished training it 13184/38372 of epoch 0, 18.40 ms/it, NE 14.634732, loss 9.799564
Testing at - 13184/38372 of epoch 0,  NE 16.422702, loss 9.434581, accuracy 72.465 %, best 75.712 %
Finished training it 13312/38372 of epoch 0, 17.58 ms/it, NE 14.659452, loss 9.758187
Testing at - 13312/38372 of epoch 0,  NE 20.171585, loss 11.588255, accuracy 71.019 %, best 75.712 %
Finished training it 13440/38372 of epoch 0, 19.44 ms/it, NE 14.684948, loss 9.852943
Testing at - 13440/38372 of epoch 0,  NE 17.925852, loss 10.298117, accuracy 72.495 %, best 75.712 %
Finished training it 13568/38372 of epoch 0, 17.02 ms/it, NE 14.709878, loss 9.872614
Testing at - 13568/38372 of epoch 0,  NE 20.468460, loss 11.758805, accuracy 71.649 %, best 75.712 %
Finished training it 13696/38372 of epoch 0, 18.01 ms/it, NE 14.744582, loss 10.485053
Testing at - 13696/38372 of epoch 0,  NE 18.140835, loss 10.421621, accuracy 72.138 %, best 75.712 %
Finished training it 13824/38372 of epoch 0, 16.76 ms/it, NE 14.771860, loss 10.042768
Testing at - 13824/38372 of epoch 0,  NE 20.872633, loss 11.990996, accuracy 71.395 %, best 75.712 %
Finished training it 13952/38372 of epoch 0, 20.54 ms/it, NE 14.804311, loss 10.423117
Testing at - 13952/38372 of epoch 0,  NE 19.644326, loss 11.285353, accuracy 71.752 %, best 75.712 %
Finished training it 14080/38372 of epoch 0, 17.41 ms/it, NE 14.832661, loss 10.194708
Testing at - 14080/38372 of epoch 0,  NE 13.047724, loss 7.495710, accuracy 75.147 %, best 75.712 %
Finished training it 14208/38372 of epoch 0, 19.02 ms/it, NE 14.854239, loss 9.810450
Testing at - 14208/38372 of epoch 0,  NE 14.767085, loss 8.483455, accuracy 74.213 %, best 75.712 %
Finished training it 14336/38372 of epoch 0, 19.75 ms/it, NE 14.885251, loss 10.396043
Testing at - 14336/38372 of epoch 0,  NE 9.762126, loss 5.608186, accuracy 76.596 %, best 76.596 %
Finished training it 14464/38372 of epoch 0, 19.49 ms/it, NE 14.907275, loss 9.889714
Testing at - 14464/38372 of epoch 0,  NE 18.113568, loss 10.405957, accuracy 72.477 %, best 76.596 %
Finished training it 14592/38372 of epoch 0, 17.06 ms/it, NE 14.926994, loss 9.733506
Testing at - 14592/38372 of epoch 0,  NE 17.813739, loss 10.233710, accuracy 72.461 %, best 76.596 %
Finished training it 14720/38372 of epoch 0, 17.27 ms/it, NE 14.955303, loss 10.343229
Testing at - 14720/38372 of epoch 0,  NE 19.857215, loss 11.407654, accuracy 71.561 %, best 76.596 %
Finished training it 14848/38372 of epoch 0, 16.79 ms/it, NE 14.978768, loss 10.064540
Testing at - 14848/38372 of epoch 0,  NE 19.115463, loss 10.981530, accuracy 71.364 %, best 76.596 %
Finished training it 14976/38372 of epoch 0, 17.15 ms/it, NE 15.000576, loss 10.021617
Testing at - 14976/38372 of epoch 0,  NE 19.764810, loss 11.354569, accuracy 71.555 %, best 76.596 %
Finished training it 15104/38372 of epoch 0, 16.38 ms/it, NE 15.029893, loss 10.460594
Testing at - 15104/38372 of epoch 0,  NE 18.801020, loss 10.800887, accuracy 71.919 %, best 76.596 %
Finished training it 15232/38372 of epoch 0, 26.16 ms/it, NE 15.056840, loss 10.369759
Testing at - 15232/38372 of epoch 0,  NE 19.786622, loss 11.367100, accuracy 71.936 %, best 76.596 %
Finished training it 15360/38372 of epoch 0, 18.03 ms/it, NE 15.085940, loss 10.560601
Testing at - 15360/38372 of epoch 0,  NE 17.999260, loss 10.340289, accuracy 72.892 %, best 76.596 %
Finished training it 15488/38372 of epoch 0, 16.55 ms/it, NE 15.116007, loss 10.669409
Testing at - 15488/38372 of epoch 0,  NE 9.652396, loss 5.545148, accuracy 76.549 %, best 76.596 %
Finished training it 15616/38372 of epoch 0, 16.83 ms/it, NE 15.132091, loss 9.697234
Testing at - 15616/38372 of epoch 0,  NE 17.701222, loss 10.169071, accuracy 72.796 %, best 76.596 %
Finished training it 15744/38372 of epoch 0, 17.23 ms/it, NE 15.151463, loss 9.990879
Testing at - 15744/38372 of epoch 0,  NE 18.502668, loss 10.629489, accuracy 72.363 %, best 76.596 %
Finished training it 15872/38372 of epoch 0, 16.60 ms/it, NE 15.177022, loss 10.431755
Testing at - 15872/38372 of epoch 0,  NE 18.046958, loss 10.367691, accuracy 72.770 %, best 76.596 %
Finished training it 16000/38372 of epoch 0, 15.70 ms/it, NE 15.199924, loss 10.239649
Testing at - 16000/38372 of epoch 0,  NE 16.739563, loss 9.616613, accuracy 73.349 %, best 76.596 %
Finished training it 16128/38372 of epoch 0, 17.70 ms/it, NE 15.222929, loss 10.291831
Testing at - 16128/38372 of epoch 0,  NE 19.064665, loss 10.952347, accuracy 72.182 %, best 76.596 %
Finished training it 16256/38372 of epoch 0, 16.09 ms/it, NE 15.241922, loss 10.052608
Testing at - 16256/38372 of epoch 0,  NE 17.953422, loss 10.313956, accuracy 72.723 %, best 76.596 %
Finished training it 16384/38372 of epoch 0, 16.92 ms/it, NE 15.253806, loss 9.527600
Testing at - 16384/38372 of epoch 0,  NE 16.320333, loss 9.375772, accuracy 72.638 %, best 76.596 %
Finished training it 16512/38372 of epoch 0, 17.41 ms/it, NE 15.271612, loss 9.999366
Testing at - 16512/38372 of epoch 0,  NE 17.046953, loss 9.793204, accuracy 73.203 %, best 76.596 %
Finished training it 16640/38372 of epoch 0, 19.99 ms/it, NE 15.291464, loss 10.147012
Testing at - 16640/38372 of epoch 0,  NE 20.382464, loss 11.709401, accuracy 71.788 %, best 76.596 %
Finished training it 16768/38372 of epoch 0, 19.82 ms/it, NE 15.315082, loss 10.468525
Testing at - 16768/38372 of epoch 0,  NE 17.067305, loss 9.804895, accuracy 73.679 %, best 76.596 %
Finished training it 16896/38372 of epoch 0, 21.18 ms/it, NE 15.338875, loss 10.464276
Testing at - 16896/38372 of epoch 0,  NE 21.311602, loss 12.243177, accuracy 70.507 %, best 76.596 %
Finished training it 17024/38372 of epoch 0, 19.75 ms/it, NE 15.359936, loss 10.310213
Testing at - 17024/38372 of epoch 0,  NE 18.559738, loss 10.662274, accuracy 72.577 %, best 76.596 %
Finished training it 17152/38372 of epoch 0, 20.07 ms/it, NE 15.384521, loss 10.610088
Testing at - 17152/38372 of epoch 0,  NE 19.479597, loss 11.190719, accuracy 72.453 %, best 76.596 %
Finished training it 17280/38372 of epoch 0, 17.24 ms/it, NE 15.406925, loss 10.495057
Testing at - 17280/38372 of epoch 0,  NE 17.624010, loss 10.124714, accuracy 72.483 %, best 76.596 %
Finished training it 17408/38372 of epoch 0, 17.53 ms/it, NE 15.419766, loss 9.747334
Testing at - 17408/38372 of epoch 0,  NE 19.506246, loss 11.206028, accuracy 71.925 %, best 76.596 %
Finished training it 17536/38372 of epoch 0, 17.11 ms/it, NE 15.436131, loss 10.046770
Testing at - 17536/38372 of epoch 0,  NE 17.123838, loss 9.837372, accuracy 73.432 %, best 76.596 %
Finished training it 17664/38372 of epoch 0, 16.99 ms/it, NE 15.456085, loss 10.321086
Testing at - 17664/38372 of epoch 0,  NE 17.783660, loss 10.216430, accuracy 73.028 %, best 76.596 %
Finished training it 17792/38372 of epoch 0, 18.23 ms/it, NE 15.477647, loss 10.468108
Testing at - 17792/38372 of epoch 0,  NE 19.839036, loss 11.397211, accuracy 71.873 %, best 76.596 %
Finished training it 17920/38372 of epoch 0, 19.22 ms/it, NE 15.496258, loss 10.257311
Testing at - 17920/38372 of epoch 0,  NE 21.098627, loss 12.120826, accuracy 70.796 %, best 76.596 %
Finished training it 18048/38372 of epoch 0, 18.63 ms/it, NE 15.515366, loss 10.321315
Testing at - 18048/38372 of epoch 0,  NE 20.458356, loss 11.753000, accuracy 71.844 %, best 76.596 %
Finished training it 18176/38372 of epoch 0, 19.36 ms/it, NE 15.533381, loss 10.327057
Testing at - 18176/38372 of epoch 0,  NE 18.950781, loss 10.886922, accuracy 72.502 %, best 76.596 %
Finished training it 18304/38372 of epoch 0, 18.81 ms/it, NE 15.549121, loss 10.099280
Testing at - 18304/38372 of epoch 0,  NE 18.703115, loss 10.744642, accuracy 72.186 %, best 76.596 %
Finished training it 18432/38372 of epoch 0, 18.34 ms/it, NE 15.566066, loss 10.208504
Testing at - 18432/38372 of epoch 0,  NE 19.952939, loss 11.462646, accuracy 71.792 %, best 76.596 %
Finished training it 18560/38372 of epoch 0, 19.08 ms/it, NE 15.582029, loss 10.162406
Testing at - 18560/38372 of epoch 0,  NE 19.095880, loss 10.970280, accuracy 71.503 %, best 76.596 %
Finished training it 18688/38372 of epoch 0, 19.04 ms/it, NE 15.592375, loss 9.715142
Testing at - 18688/38372 of epoch 0,  NE 18.725989, loss 10.757783, accuracy 71.808 %, best 76.596 %
Finished training it 18816/38372 of epoch 0, 19.21 ms/it, NE 15.606892, loss 10.051659
Testing at - 18816/38372 of epoch 0,  NE 17.011654, loss 9.772925, accuracy 72.566 %, best 76.596 %
Finished training it 18944/38372 of epoch 0, 16.77 ms/it, NE 15.618896, loss 9.862140
Testing at - 18944/38372 of epoch 0,  NE 19.324417, loss 11.101570, accuracy 71.886 %, best 76.596 %
Finished training it 19072/38372 of epoch 0, 16.95 ms/it, NE 15.629930, loss 9.790743
Testing at - 19072/38372 of epoch 0,  NE 18.317891, loss 10.523337, accuracy 72.857 %, best 76.596 %
Finished training it 19200/38372 of epoch 0, 16.90 ms/it, NE 15.645802, loss 10.244495
Testing at - 19200/38372 of epoch 0,  NE 20.825243, loss 11.963771, accuracy 71.446 %, best 76.596 %
Finished training it 19328/38372 of epoch 0, 16.49 ms/it, NE 15.659927, loss 10.101098
Testing at - 19328/38372 of epoch 0,  NE 17.442706, loss 10.020557, accuracy 72.631 %, best 76.596 %
Finished training it 19456/38372 of epoch 0, 26.94 ms/it, NE 15.674325, loss 10.131691
Testing at - 19456/38372 of epoch 0,  NE 19.385978, loss 11.136936, accuracy 72.097 %, best 76.596 %
Finished training it 19584/38372 of epoch 0, 18.02 ms/it, NE 15.683106, loss 9.670761
Testing at - 19584/38372 of epoch 0,  NE 17.861550, loss 10.261176, accuracy 72.538 %, best 76.596 %
Finished training it 19712/38372 of epoch 0, 16.73 ms/it, NE 15.697622, loss 10.148774
Testing at - 19712/38372 of epoch 0,  NE 17.784072, loss 10.216667, accuracy 73.246 %, best 76.596 %
Finished training it 19840/38372 of epoch 0, 17.49 ms/it, NE 15.712625, loss 10.269052
Testing at - 19840/38372 of epoch 0,  NE 19.565658, loss 11.240160, accuracy 71.864 %, best 76.596 %
Finished training it 19968/38372 of epoch 0, 17.57 ms/it, NE 15.725536, loss 10.074317
Testing at - 19968/38372 of epoch 0,  NE 14.308213, loss 8.219841, accuracy 74.844 %, best 76.596 %
Finished training it 20096/38372 of epoch 0, 19.90 ms/it, NE 15.741858, loss 10.386352
Testing at - 20096/38372 of epoch 0,  NE 19.468496, loss 11.184341, accuracy 72.118 %, best 76.596 %
Finished training it 20224/38372 of epoch 0, 19.88 ms/it, NE 15.757331, loss 10.336330
Testing at - 20224/38372 of epoch 0,  NE 18.424934, loss 10.584832, accuracy 72.535 %, best 76.596 %
Finished training it 20352/38372 of epoch 0, 18.01 ms/it, NE 15.770448, loss 10.136711
Testing at - 20352/38372 of epoch 0,  NE 13.461507, loss 7.733422, accuracy 75.152 %, best 76.596 %
Finished training it 20480/38372 of epoch 0, 22.23 ms/it, NE 15.786972, loss 10.487133
Testing at - 20480/38372 of epoch 0,  NE 20.318804, loss 11.672830, accuracy 71.810 %, best 76.596 %
Finished training it 20608/38372 of epoch 0, 18.80 ms/it, NE 15.803585, loss 10.468000
Testing at - 20608/38372 of epoch 0,  NE 18.040147, loss 10.363778, accuracy 73.196 %, best 76.596 %
Finished training it 20736/38372 of epoch 0, 17.72 ms/it, NE 15.815222, loss 10.053717
Testing at - 20736/38372 of epoch 0,  NE 17.748188, loss 10.196052, accuracy 72.637 %, best 76.596 %
Finished training it 20864/38372 of epoch 0, 20.15 ms/it, NE 15.825378, loss 9.954165
Testing at - 20864/38372 of epoch 0,  NE 19.249350, loss 11.058446, accuracy 71.570 %, best 76.596 %
Finished training it 20992/38372 of epoch 0, 16.92 ms/it, NE 15.838190, loss 10.192011
Testing at - 20992/38372 of epoch 0,  NE 20.534897, loss 11.796972, accuracy 71.807 %, best 76.596 %
Finished training it 21120/38372 of epoch 0, 16.85 ms/it, NE 15.854919, loss 10.558744
Testing at - 21120/38372 of epoch 0,  NE 15.945451, loss 9.160408, accuracy 73.807 %, best 76.596 %
Finished training it 21248/38372 of epoch 0, 17.56 ms/it, NE 15.867236, loss 10.182469
Testing at - 21248/38372 of epoch 0,  NE 17.606184, loss 10.114473, accuracy 73.220 %, best 76.596 %
Finished training it 21376/38372 of epoch 0, 16.74 ms/it, NE 15.880725, loss 10.272155
Testing at - 21376/38372 of epoch 0,  NE 16.178473, loss 9.294276, accuracy 73.949 %, best 76.596 %
Finished training it 21504/38372 of epoch 0, 17.16 ms/it, NE 15.891670, loss 10.047085
Testing at - 21504/38372 of epoch 0,  NE 18.552666, loss 10.658212, accuracy 72.636 %, best 76.596 %
Finished training it 21632/38372 of epoch 0, 19.71 ms/it, NE 15.904297, loss 10.262071
Testing at - 21632/38372 of epoch 0,  NE 19.692434, loss 11.312990, accuracy 71.956 %, best 76.596 %
Finished training it 21760/38372 of epoch 0, 17.17 ms/it, NE 15.917703, loss 10.340488
Testing at - 21760/38372 of epoch 0,  NE 17.247185, loss 9.908233, accuracy 73.467 %, best 76.596 %
Finished training it 21888/38372 of epoch 0, 22.79 ms/it, NE 15.933039, loss 10.539366
Testing at - 21888/38372 of epoch 0,  NE 17.164077, loss 9.860489, accuracy 73.519 %, best 76.596 %
Finished training it 22016/38372 of epoch 0, 19.29 ms/it, NE 15.944747, loss 10.190854
Testing at - 22016/38372 of epoch 0,  NE 19.147614, loss 11.000000, accuracy 73.097 %, best 76.596 %
Finished training it 22144/38372 of epoch 0, 19.00 ms/it, NE 15.957705, loss 10.325133
Testing at - 22144/38372 of epoch 0,  NE 18.888079, loss 10.850901, accuracy 72.321 %, best 76.596 %
Finished training it 22272/38372 of epoch 0, 21.17 ms/it, NE 15.965727, loss 9.850936
Testing at - 22272/38372 of epoch 0,  NE 20.437577, loss 11.741063, accuracy 71.255 %, best 76.596 %
Finished training it 22400/38372 of epoch 0, 17.69 ms/it, NE 15.976767, loss 10.169789
Testing at - 22400/38372 of epoch 0,  NE 18.477302, loss 10.614916, accuracy 72.655 %, best 76.596 %
Finished training it 22528/38372 of epoch 0, 21.34 ms/it, NE 15.987015, loss 10.105163
Testing at - 22528/38372 of epoch 0,  NE 14.954543, loss 8.591147, accuracy 74.635 %, best 76.596 %
Finished training it 22656/38372 of epoch 0, 19.40 ms/it, NE 15.999929, loss 10.383066
Testing at - 22656/38372 of epoch 0,  NE 18.685265, loss 10.734388, accuracy 72.361 %, best 76.596 %
Finished training it 22784/38372 of epoch 0, 18.27 ms/it, NE 16.015145, loss 10.641247
Testing at - 22784/38372 of epoch 0,  NE 19.920283, loss 11.443886, accuracy 72.403 %, best 76.596 %
Finished training it 22912/38372 of epoch 0, 17.64 ms/it, NE 16.032132, loss 10.819576
Testing at - 22912/38372 of epoch 0,  NE 19.076795, loss 10.959315, accuracy 72.756 %, best 76.596 %
Finished training it 23040/38372 of epoch 0, 27.92 ms/it, NE 16.048928, loss 10.832633
Testing at - 23040/38372 of epoch 0,  NE 20.402461, loss 11.720889, accuracy 72.358 %, best 76.596 %
Finished training it 23168/38372 of epoch 0, 19.81 ms/it, NE 16.063803, loss 10.668359
Testing at - 23168/38372 of epoch 0,  NE 19.392878, loss 11.140900, accuracy 72.545 %, best 76.596 %
Finished training it 23296/38372 of epoch 0, 18.48 ms/it, NE 16.078090, loss 10.599545
Testing at - 23296/38372 of epoch 0,  NE 20.789466, loss 11.943218, accuracy 71.621 %, best 76.596 %
Finished training it 23424/38372 of epoch 0, 20.33 ms/it, NE 16.090521, loss 10.458042
Testing at - 23424/38372 of epoch 0,  NE 17.994930, loss 10.337801, accuracy 73.249 %, best 76.596 %
Finished training it 23552/38372 of epoch 0, 18.66 ms/it, NE 16.106234, loss 10.767334
Testing at - 23552/38372 of epoch 0,  NE 20.233696, loss 11.623937, accuracy 72.805 %, best 76.596 %
Finished training it 23680/38372 of epoch 0, 18.05 ms/it, NE 16.122505, loss 10.891768
Testing at - 23680/38372 of epoch 0,  NE 20.533849, loss 11.796370, accuracy 72.528 %, best 76.596 %
Finished training it 23808/38372 of epoch 0, 19.96 ms/it, NE 16.134628, loss 10.404620
Testing at - 23808/38372 of epoch 0,  NE 17.753508, loss 10.199108, accuracy 73.041 %, best 76.596 %
Finished training it 23936/38372 of epoch 0, 18.11 ms/it, NE 16.145735, loss 10.330200
Testing at - 23936/38372 of epoch 0,  NE 18.084068, loss 10.389010, accuracy 73.138 %, best 76.596 %
Finished training it 24064/38372 of epoch 0, 19.95 ms/it, NE 16.158643, loss 10.524198
Testing at - 24064/38372 of epoch 0,  NE 19.839310, loss 11.397368, accuracy 72.267 %, best 76.596 %
Finished training it 24192/38372 of epoch 0, 18.01 ms/it, NE 16.174965, loss 10.948547
Testing at - 24192/38372 of epoch 0,  NE 19.264660, loss 11.067241, accuracy 72.732 %, best 76.596 %
Finished training it 24320/38372 of epoch 0, 17.99 ms/it, NE 16.190933, loss 10.931991
Testing at - 24320/38372 of epoch 0,  NE 18.963543, loss 10.894254, accuracy 73.023 %, best 76.596 %
Finished training it 24448/38372 of epoch 0, 20.56 ms/it, NE 16.204436, loss 10.705401
Testing at - 24448/38372 of epoch 0,  NE 19.445716, loss 11.171255, accuracy 72.701 %, best 76.596 %
Finished training it 24576/38372 of epoch 0, 16.83 ms/it, NE 16.216017, loss 10.487266
Testing at - 24576/38372 of epoch 0,  NE 19.166322, loss 11.010747, accuracy 72.864 %, best 76.596 %
Finished training it 24704/38372 of epoch 0, 16.49 ms/it, NE 16.228882, loss 10.658173
Testing at - 24704/38372 of epoch 0,  NE 20.297554, loss 11.660622, accuracy 72.438 %, best 76.596 %
Finished training it 24832/38372 of epoch 0, 18.85 ms/it, NE 16.241730, loss 10.653628
Testing at - 24832/38372 of epoch 0,  NE 20.219788, loss 11.615947, accuracy 71.999 %, best 76.596 %
Finished training it 24960/38372 of epoch 0, 17.32 ms/it, NE 16.255368, loss 10.764924
Testing at - 24960/38372 of epoch 0,  NE 19.842425, loss 11.399158, accuracy 72.554 %, best 76.596 %
Finished training it 25088/38372 of epoch 0, 16.18 ms/it, NE 16.266898, loss 10.518182
Testing at - 25088/38372 of epoch 0,  NE 19.543873, loss 11.227644, accuracy 71.814 %, best 76.596 %
Finished training it 25216/38372 of epoch 0, 19.78 ms/it, NE 16.276145, loss 10.275902
Testing at - 25216/38372 of epoch 0,  NE 19.297188, loss 11.085928, accuracy 72.005 %, best 76.596 %
Finished training it 25344/38372 of epoch 0, 17.88 ms/it, NE 16.288944, loss 10.663693
Testing at - 25344/38372 of epoch 0,  NE 19.718780, loss 11.328125, accuracy 72.498 %, best 76.596 %
Finished training it 25472/38372 of epoch 0, 16.86 ms/it, NE 16.303844, loss 10.927464
Testing at - 25472/38372 of epoch 0,  NE 17.734966, loss 10.188456, accuracy 73.602 %, best 76.596 %
Finished training it 25600/38372 of epoch 0, 20.38 ms/it, NE 16.315135, loss 10.541725
Testing at - 25600/38372 of epoch 0,  NE 19.926324, loss 11.447356, accuracy 72.275 %, best 76.596 %
Finished training it 25728/38372 of epoch 0, 17.44 ms/it, NE 16.327850, loss 10.706543
Testing at - 25728/38372 of epoch 0,  NE 19.749539, loss 11.345796, accuracy 72.455 %, best 76.596 %
Finished training it 25856/38372 of epoch 0, 16.02 ms/it, NE 16.341440, loss 10.786605
Testing at - 25856/38372 of epoch 0,  NE 20.260041, loss 11.639071, accuracy 72.444 %, best 76.596 %
Finished training it 25984/38372 of epoch 0, 23.40 ms/it, NE 16.355257, loss 10.879598
Testing at - 25984/38372 of epoch 0,  NE 18.215717, loss 10.464640, accuracy 72.926 %, best 76.596 %
Finished training it 26112/38372 of epoch 0, 18.25 ms/it, NE 16.363187, loss 10.241425
Testing at - 26112/38372 of epoch 0,  NE 17.810474, loss 10.231834, accuracy 73.049 %, best 76.596 %
Finished training it 26240/38372 of epoch 0, 18.44 ms/it, NE 16.369549, loss 10.041863
Testing at - 26240/38372 of epoch 0,  NE 19.766468, loss 11.355522, accuracy 71.856 %, best 76.596 %
Finished training it 26368/38372 of epoch 0, 18.57 ms/it, NE 16.379432, loss 10.482911
Testing at - 26368/38372 of epoch 0,  NE 19.542416, loss 11.226808, accuracy 72.149 %, best 76.596 %
Finished training it 26496/38372 of epoch 0, 16.79 ms/it, NE 16.387067, loss 10.200201
Testing at - 26496/38372 of epoch 0,  NE 17.931115, loss 10.301141, accuracy 73.350 %, best 76.596 %
Finished training it 26624/38372 of epoch 0, 16.19 ms/it, NE 16.398198, loss 10.601354
Testing at - 26624/38372 of epoch 0,  NE 18.818345, loss 10.810840, accuracy 72.355 %, best 76.596 %
Finished training it 26752/38372 of epoch 0, 30.67 ms/it, NE 16.405512, loss 10.208243
Testing at - 26752/38372 of epoch 0,  NE 19.316235, loss 11.096870, accuracy 72.108 %, best 76.596 %
Finished training it 26880/38372 of epoch 0, 16.40 ms/it, NE 16.414600, loss 10.392963
Testing at - 26880/38372 of epoch 0,  NE 17.782224, loss 10.215605, accuracy 73.135 %, best 76.596 %
Finished training it 27008/38372 of epoch 0, 17.12 ms/it, NE 16.425265, loss 10.630308
Testing at - 27008/38372 of epoch 0,  NE 19.696978, loss 11.315601, accuracy 72.123 %, best 76.596 %
Finished training it 27136/38372 of epoch 0, 19.80 ms/it, NE 16.433796, loss 10.359940
Testing at - 27136/38372 of epoch 0,  NE 18.086780, loss 10.390568, accuracy 72.350 %, best 76.596 %
Finished training it 27264/38372 of epoch 0, 16.84 ms/it, NE 16.441380, loss 10.247175
Testing at - 27264/38372 of epoch 0,  NE 16.975356, loss 9.752072, accuracy 73.577 %, best 76.596 %
Finished training it 27392/38372 of epoch 0, 16.62 ms/it, NE 16.444239, loss 9.697675
Testing at - 27392/38372 of epoch 0,  NE 18.825235, loss 10.814798, accuracy 71.960 %, best 76.596 %
Finished training it 27520/38372 of epoch 0, 17.14 ms/it, NE 16.452042, loss 10.295250
Testing at - 27520/38372 of epoch 0,  NE 18.885106, loss 10.849193, accuracy 72.869 %, best 76.596 %
Finished training it 27648/38372 of epoch 0, 16.44 ms/it, NE 16.461372, loss 10.477423
Testing at - 27648/38372 of epoch 0,  NE 20.508845, loss 11.782006, accuracy 71.916 %, best 76.596 %
Finished training it 27776/38372 of epoch 0, 18.63 ms/it, NE 16.470794, loss 10.529663
Testing at - 27776/38372 of epoch 0,  NE 18.263121, loss 10.491873, accuracy 73.488 %, best 76.596 %
Finished training it 27904/38372 of epoch 0, 18.57 ms/it, NE 16.481908, loss 10.780865
Testing at - 27904/38372 of epoch 0,  NE 16.944554, loss 9.734377, accuracy 74.365 %, best 76.596 %
Finished training it 28032/38372 of epoch 0, 17.58 ms/it, NE 16.491340, loss 10.547532
Testing at - 28032/38372 of epoch 0,  NE 18.090574, loss 10.392747, accuracy 72.837 %, best 76.596 %
Finished training it 28160/38372 of epoch 0, 21.00 ms/it, NE 16.499703, loss 10.460891
Testing at - 28160/38372 of epoch 0,  NE 19.684026, loss 11.308160, accuracy 72.574 %, best 76.596 %
Finished training it 28288/38372 of epoch 0, 17.51 ms/it, NE 16.512535, loss 10.978723
Testing at - 28288/38372 of epoch 0,  NE 18.200926, loss 10.456143, accuracy 73.544 %, best 76.596 %
Finished training it 28416/38372 of epoch 0, 17.06 ms/it, NE 16.522069, loss 10.624220
Testing at - 28416/38372 of epoch 0,  NE 19.042940, loss 10.939866, accuracy 72.426 %, best 76.596 %
Finished training it 28544/38372 of epoch 0, 19.55 ms/it, NE 16.530928, loss 10.496753
Testing at - 28544/38372 of epoch 0,  NE 16.463843, loss 9.458216, accuracy 73.716 %, best 76.596 %
Finished training it 28672/38372 of epoch 0, 16.60 ms/it, NE 16.541961, loss 10.819440
Testing at - 28672/38372 of epoch 0,  NE 21.828988, loss 12.540406, accuracy 71.613 %, best 76.596 %
Finished training it 28800/38372 of epoch 0, 17.34 ms/it, NE 16.553892, loss 10.921099
Testing at - 28800/38372 of epoch 0,  NE 18.674012, loss 10.727923, accuracy 73.066 %, best 76.596 %
Finished training it 28928/38372 of epoch 0, 18.21 ms/it, NE 16.563004, loss 10.575583
Testing at - 28928/38372 of epoch 0,  NE 19.387228, loss 11.137654, accuracy 72.799 %, best 76.596 %
Finished training it 29056/38372 of epoch 0, 16.64 ms/it, NE 16.574094, loss 10.875440
Testing at - 29056/38372 of epoch 0,  NE 18.768227, loss 10.782048, accuracy 73.251 %, best 76.596 %
Finished training it 29184/38372 of epoch 0, 16.40 ms/it, NE 16.584774, loss 10.813180
Testing at - 29184/38372 of epoch 0,  NE 19.051816, loss 10.944965, accuracy 72.748 %, best 76.596 %
Finished training it 29312/38372 of epoch 0, 16.53 ms/it, NE 16.595793, loss 10.851665
Testing at - 29312/38372 of epoch 0,  NE 18.672148, loss 10.726852, accuracy 73.167 %, best 76.596 %
Finished training it 29440/38372 of epoch 0, 17.35 ms/it, NE 16.604180, loss 10.531574
Testing at - 29440/38372 of epoch 0,  NE 20.322693, loss 11.675064, accuracy 72.121 %, best 76.596 %
Finished training it 29568/38372 of epoch 0, 17.14 ms/it, NE 16.612868, loss 10.627189
Testing at - 29568/38372 of epoch 0,  NE 19.669553, loss 11.299845, accuracy 72.425 %, best 76.596 %
Finished training it 29696/38372 of epoch 0, 17.66 ms/it, NE 16.623816, loss 10.859444
Testing at - 29696/38372 of epoch 0,  NE 20.427274, loss 11.735144, accuracy 72.254 %, best 76.596 %
Finished training it 29824/38372 of epoch 0, 21.58 ms/it, NE 16.632493, loss 10.586226
Testing at - 29824/38372 of epoch 0,  NE 17.399282, loss 9.995611, accuracy 73.372 %, best 76.596 %
Finished training it 29952/38372 of epoch 0, 19.07 ms/it, NE 16.637698, loss 10.214933
Testing at - 29952/38372 of epoch 0,  NE 19.788590, loss 11.368230, accuracy 72.252 %, best 76.596 %
Finished training it 30080/38372 of epoch 0, 17.47 ms/it, NE 16.645846, loss 10.547085
Testing at - 30080/38372 of epoch 0,  NE 17.439125, loss 10.018500, accuracy 73.266 %, best 76.596 %
Finished training it 30208/38372 of epoch 0, 18.81 ms/it, NE 16.652889, loss 10.383570
Testing at - 30208/38372 of epoch 0,  NE 21.173407, loss 12.163786, accuracy 71.504 %, best 76.596 %
Finished training it 30336/38372 of epoch 0, 24.74 ms/it, NE 16.659924, loss 10.428021
Testing at - 30336/38372 of epoch 0,  NE 19.179296, loss 11.018201, accuracy 72.198 %, best 76.596 %
Finished training it 30464/38372 of epoch 0, 20.57 ms/it, NE 16.669543, loss 10.760477
Testing at - 30464/38372 of epoch 0,  NE 20.222472, loss 11.617489, accuracy 72.519 %, best 76.596 %
Finished training it 30592/38372 of epoch 0, 19.40 ms/it, NE 16.681439, loss 11.086838
Testing at - 30592/38372 of epoch 0,  NE 18.605308, loss 10.688454, accuracy 73.143 %, best 76.596 %
Finished training it 30720/38372 of epoch 0, 17.30 ms/it, NE 16.690130, loss 10.690996
Testing at - 30720/38372 of epoch 0,  NE 17.752337, loss 10.198436, accuracy 73.650 %, best 76.596 %
Finished training it 30848/38372 of epoch 0, 17.44 ms/it, NE 16.697039, loss 10.423519
Testing at - 30848/38372 of epoch 0,  NE 19.296727, loss 11.085663, accuracy 72.695 %, best 76.596 %
Finished training it 30976/38372 of epoch 0, 19.69 ms/it, NE 16.706591, loss 10.790820
Testing at - 30976/38372 of epoch 0,  NE 20.146572, loss 11.573885, accuracy 72.427 %, best 76.596 %
Finished training it 31104/38372 of epoch 0, 19.21 ms/it, NE 16.717941, loss 11.049938
Testing at - 31104/38372 of epoch 0,  NE 19.962526, loss 11.468154, accuracy 72.611 %, best 76.596 %
Finished training it 31232/38372 of epoch 0, 18.18 ms/it, NE 16.725178, loss 10.508354
Testing at - 31232/38372 of epoch 0,  NE 20.521110, loss 11.789052, accuracy 72.044 %, best 76.596 %
Finished training it 31360/38372 of epoch 0, 16.61 ms/it, NE 16.734232, loss 10.784088
Testing at - 31360/38372 of epoch 0,  NE 17.493170, loss 10.049548, accuracy 73.950 %, best 76.596 %
Finished training it 31488/38372 of epoch 0, 17.39 ms/it, NE 16.743486, loss 10.795924
Testing at - 31488/38372 of epoch 0,  NE 19.323147, loss 11.100841, accuracy 72.715 %, best 76.596 %
Finished training it 31616/38372 of epoch 0, 18.61 ms/it, NE 16.755307, loss 11.211413
Testing at - 31616/38372 of epoch 0,  NE 19.344269, loss 11.112975, accuracy 73.244 %, best 76.596 %
Finished training it 31744/38372 of epoch 0, 16.22 ms/it, NE 16.768645, loss 11.409589
Testing at - 31744/38372 of epoch 0,  NE 22.841557, loss 13.122111, accuracy 71.746 %, best 76.596 %
Finished training it 31872/38372 of epoch 0, 16.25 ms/it, NE 16.779591, loss 11.087048
Testing at - 31872/38372 of epoch 0,  NE 13.619947, loss 7.824443, accuracy 75.392 %, best 76.596 %
Finished training it 32000/38372 of epoch 0, 16.56 ms/it, NE 16.786618, loss 10.541087
Testing at - 32000/38372 of epoch 0,  NE 20.466034, loss 11.757411, accuracy 71.850 %, best 76.596 %
Finished training it 32128/38372 of epoch 0, 19.67 ms/it, NE 16.791482, loss 10.240801
Testing at - 32128/38372 of epoch 0,  NE 17.914371, loss 10.291522, accuracy 73.148 %, best 76.596 %
Finished training it 32256/38372 of epoch 0, 18.20 ms/it, NE 16.799638, loss 10.713639
Testing at - 32256/38372 of epoch 0,  NE 20.774906, loss 11.934853, accuracy 72.007 %, best 76.596 %
Finished training it 32384/38372 of epoch 0, 19.25 ms/it, NE 16.809724, loss 10.962950
Testing at - 32384/38372 of epoch 0,  NE 19.404358, loss 11.147495, accuracy 73.097 %, best 76.596 %
Finished training it 32512/38372 of epoch 0, 20.59 ms/it, NE 16.818126, loss 10.751021
Testing at - 32512/38372 of epoch 0,  NE 19.238250, loss 11.052069, accuracy 72.522 %, best 76.596 %
Finished training it 32640/38372 of epoch 0, 23.56 ms/it, NE 16.827671, loss 10.972849
Testing at - 32640/38372 of epoch 0,  NE 21.061366, loss 12.099420, accuracy 72.213 %, best 76.596 %
Finished training it 32768/38372 of epoch 0, 20.46 ms/it, NE 16.836387, loss 10.814890
Testing at - 32768/38372 of epoch 0,  NE 17.683560, loss 10.158924, accuracy 73.588 %, best 76.596 %
Finished training it 32896/38372 of epoch 0, 19.33 ms/it, NE 16.845780, loss 10.973560
Testing at - 32896/38372 of epoch 0,  NE 13.744418, loss 7.895950, accuracy 75.576 %, best 76.596 %
Finished training it 33024/38372 of epoch 0, 17.24 ms/it, NE 16.852683, loss 10.618675
Testing at - 33024/38372 of epoch 0,  NE 20.942280, loss 12.031007, accuracy 71.969 %, best 76.596 %
Finished training it 33152/38372 of epoch 0, 20.25 ms/it, NE 16.859169, loss 10.519153
Testing at - 33152/38372 of epoch 0,  NE 20.765373, loss 11.929377, accuracy 72.264 %, best 76.596 %
Finished training it 33280/38372 of epoch 0, 17.96 ms/it, NE 16.868020, loss 10.895905
Testing at - 33280/38372 of epoch 0,  NE 18.913875, loss 10.865720, accuracy 73.163 %, best 76.596 %
Finished training it 33408/38372 of epoch 0, 20.19 ms/it, NE 16.874680, loss 10.605805
Testing at - 33408/38372 of epoch 0,  NE 21.318275, loss 12.247010, accuracy 71.807 %, best 76.596 %
Finished training it 33536/38372 of epoch 0, 20.55 ms/it, NE 16.883273, loss 10.865863
Testing at - 33536/38372 of epoch 0,  NE 21.618208, loss 12.419317, accuracy 71.946 %, best 76.596 %
Finished training it 33664/38372 of epoch 0, 19.51 ms/it, NE 16.894405, loss 11.238233
Testing at - 33664/38372 of epoch 0,  NE 22.544992, loss 12.951739, accuracy 71.481 %, best 76.596 %
Finished training it 33792/38372 of epoch 0, 18.00 ms/it, NE 16.905590, loss 11.304786
Testing at - 33792/38372 of epoch 0,  NE 21.424475, loss 12.308020, accuracy 72.155 %, best 76.596 %
Finished training it 33920/38372 of epoch 0, 18.41 ms/it, NE 16.916391, loss 11.208789
Testing at - 33920/38372 of epoch 0,  NE 21.857722, loss 12.556914, accuracy 71.960 %, best 76.596 %
Finished training it 34048/38372 of epoch 0, 19.56 ms/it, NE 16.925934, loss 11.060455
Testing at - 34048/38372 of epoch 0,  NE 19.744711, loss 11.343023, accuracy 72.797 %, best 76.596 %
Finished training it 34176/38372 of epoch 0, 21.71 ms/it, NE 16.936616, loss 11.236014
Testing at - 34176/38372 of epoch 0,  NE 21.070013, loss 12.104387, accuracy 72.609 %, best 76.596 %
Finished training it 34304/38372 of epoch 0, 18.63 ms/it, NE 16.948280, loss 11.414699
Testing at - 34304/38372 of epoch 0,  NE 21.136380, loss 12.142514, accuracy 72.305 %, best 76.596 %
Finished training it 34432/38372 of epoch 0, 19.49 ms/it, NE 16.955539, loss 10.758274
Testing at - 34432/38372 of epoch 0,  NE 18.957534, loss 10.890802, accuracy 73.111 %, best 76.596 %
Finished training it 34560/38372 of epoch 0, 18.19 ms/it, NE 16.964173, loss 10.966150
Testing at - 34560/38372 of epoch 0,  NE 20.441000, loss 11.743030, accuracy 72.805 %, best 76.596 %
Finished training it 34688/38372 of epoch 0, 17.78 ms/it, NE 16.974845, loss 11.260241
Testing at - 34688/38372 of epoch 0,  NE 20.089156, loss 11.540901, accuracy 73.147 %, best 76.596 %
Finished training it 34816/38372 of epoch 0, 20.41 ms/it, NE 16.983427, loss 11.021406
Testing at - 34816/38372 of epoch 0,  NE 22.003273, loss 12.640530, accuracy 71.752 %, best 76.596 %
Finished training it 34944/38372 of epoch 0, 19.19 ms/it, NE 16.992994, loss 11.168926
Testing at - 34944/38372 of epoch 0,  NE 21.694925, loss 12.463390, accuracy 72.047 %, best 76.596 %
Finished training it 35072/38372 of epoch 0, 19.90 ms/it, NE 17.000577, loss 10.852167
Testing at - 35072/38372 of epoch 0,  NE 18.895809, loss 10.855342, accuracy 72.863 %, best 76.596 %
Finished training it 35200/38372 of epoch 0, 17.49 ms/it, NE 17.006894, loss 10.595432
Testing at - 35200/38372 of epoch 0,  NE 18.076418, loss 10.384615, accuracy 73.412 %, best 76.596 %
Finished training it 35328/38372 of epoch 0, 20.11 ms/it, NE 17.014179, loss 10.778267
Testing at - 35328/38372 of epoch 0,  NE 21.250326, loss 12.207975, accuracy 72.227 %, best 76.596 %
Finished training it 35456/38372 of epoch 0, 19.98 ms/it, NE 17.023828, loss 11.197183
Testing at - 35456/38372 of epoch 0,  NE 20.356607, loss 11.694547, accuracy 72.805 %, best 76.596 %
Finished training it 35584/38372 of epoch 0, 18.15 ms/it, NE 17.033994, loss 11.251140
Testing at - 35584/38372 of epoch 0,  NE 19.325395, loss 11.102133, accuracy 73.674 %, best 76.596 %
Finished training it 35712/38372 of epoch 0, 18.80 ms/it, NE 17.044926, loss 11.398968
Testing at - 35712/38372 of epoch 0,  NE 21.508096, loss 12.356059, accuracy 72.197 %, best 76.596 %
Finished training it 35840/38372 of epoch 0, 18.49 ms/it, NE 17.054291, loss 11.176804
Testing at - 35840/38372 of epoch 0,  NE 20.517375, loss 11.786906, accuracy 72.424 %, best 76.596 %
Finished training it 35968/38372 of epoch 0, 17.40 ms/it, NE 17.062071, loss 10.920738
Testing at - 35968/38372 of epoch 0,  NE 19.760248, loss 11.351949, accuracy 72.906 %, best 76.596 %
Finished training it 36096/38372 of epoch 0, 17.80 ms/it, NE 17.069069, loss 10.820383
Testing at - 36096/38372 of epoch 0,  NE 17.065111, loss 9.803635, accuracy 74.043 %, best 76.596 %
Finished training it 36224/38372 of epoch 0, 19.64 ms/it, NE 17.076009, loss 10.789379
Testing at - 36224/38372 of epoch 0,  NE 18.590650, loss 10.680033, accuracy 73.327 %, best 76.596 %
Finished training it 36352/38372 of epoch 0, 20.91 ms/it, NE 17.081631, loss 10.633353
Testing at - 36352/38372 of epoch 0,  NE 18.658908, loss 10.719246, accuracy 73.461 %, best 76.596 %
Finished training it 36480/38372 of epoch 0, 19.28 ms/it, NE 17.088982, loss 10.855085
Testing at - 36480/38372 of epoch 0,  NE 21.820746, loss 12.535672, accuracy 71.887 %, best 76.596 %
Finished training it 36608/38372 of epoch 0, 18.33 ms/it, NE 17.094403, loss 10.637974
Testing at - 36608/38372 of epoch 0,  NE 20.564960, loss 11.814243, accuracy 72.360 %, best 76.596 %
Finished training it 36736/38372 of epoch 0, 18.13 ms/it, NE 17.101604, loss 10.921373
Testing at - 36736/38372 of epoch 0,  NE 20.806747, loss 11.953145, accuracy 72.432 %, best 76.596 %
Finished training it 36864/38372 of epoch 0, 19.01 ms/it, NE 17.112639, loss 11.527130
Testing at - 36864/38372 of epoch 0,  NE 21.485001, loss 12.342791, accuracy 72.531 %, best 76.596 %
Finished training it 36992/38372 of epoch 0, 19.76 ms/it, NE 17.122791, loss 11.374420
Testing at - 36992/38372 of epoch 0,  NE 19.473201, loss 11.187045, accuracy 73.179 %, best 76.596 %
Finished training it 37120/38372 of epoch 0, 18.27 ms/it, NE 17.132059, loss 11.285138
Testing at - 37120/38372 of epoch 0,  NE 18.728042, loss 10.758963, accuracy 73.476 %, best 76.596 %
Finished training it 37248/38372 of epoch 0, 18.61 ms/it, NE 17.137687, loss 10.697097
Testing at - 37248/38372 of epoch 0,  NE 21.199679, loss 12.178879, accuracy 71.788 %, best 76.596 %
Finished training it 37376/38372 of epoch 0, 21.01 ms/it, NE 17.140904, loss 10.330993
Testing at - 37376/38372 of epoch 0,  NE 14.749248, loss 8.473208, accuracy 74.575 %, best 76.596 %
Finished training it 37504/38372 of epoch 0, 18.98 ms/it, NE 17.143762, loss 10.226220
Testing at - 37504/38372 of epoch 0,  NE 19.054697, loss 10.946621, accuracy 72.845 %, best 76.596 %
Finished training it 37632/38372 of epoch 0, 23.33 ms/it, NE 17.150328, loss 10.808218
Testing at - 37632/38372 of epoch 0,  NE 20.622132, loss 11.847087, accuracy 72.212 %, best 76.596 %
Finished training it 37760/38372 of epoch 0, 18.53 ms/it, NE 17.157816, loss 11.000276
Testing at - 37760/38372 of epoch 0,  NE 22.455000, loss 12.900041, accuracy 71.658 %, best 76.596 %
Finished training it 37888/38372 of epoch 0, 19.10 ms/it, NE 17.162971, loss 10.621819
Testing at - 37888/38372 of epoch 0,  NE 19.818537, loss 11.385435, accuracy 72.530 %, best 76.596 %
Finished training it 38016/38372 of epoch 0, 24.16 ms/it, NE 17.169490, loss 10.846005
Testing at - 38016/38372 of epoch 0,  NE 20.334305, loss 11.681735, accuracy 71.731 %, best 76.596 %
Finished training it 38144/38372 of epoch 0, 17.25 ms/it, NE 17.176384, loss 10.894586
Testing at - 38144/38372 of epoch 0,  NE 21.073546, loss 12.106417, accuracy 72.059 %, best 76.596 %
Finished training it 38272/38372 of epoch 0, 16.90 ms/it, NE 17.181504, loss 10.648957
Testing at - 38272/38372 of epoch 0,  NE 19.902195, loss 11.433494, accuracy 72.557 %, best 76.596 %
Finished training it 38372/38372 of epoch 0, 17.84 ms/it, NE 17.186223, loss 10.861289
Testing at - 38372/38372 of epoch 0,  NE 18.631166, loss 10.703309, accuracy 72.872 %, best 76.596 %
