Namespace(conf='configs/hobbes_config.yaml', dir='result_dumps/client_sampling/fmnist/bs_4096/', n_repeat=1, o='osgd_75', pipeline='loss', train_mode='vanilla')
---- Fetching configs and Initializing stuff -----
Loading Model: lenet
----------------------------
LeNet(
  (max_pool): MaxPool2d(kernel_size=(2, 2), stride=(2, 2), padding=0, dilation=1, ceil_mode=False)
  (conv1): Conv2d(1, 64, kernel_size=(5, 5), stride=(1, 1))
  (conv2): Conv2d(64, 64, kernel_size=(5, 5), stride=(1, 1))
  (fc1): Linear(in_features=1024, out_features=1024, bias=True)
  (fc2): Linear(in_features=1024, out_features=10, bias=True)
)
No compression specified or compression operator Not implemented ~ running without jacobian compression
--------------------------------
Initializing mean GAR
--------------------------------
Num of Batches in Train Loader = 15
epoch 0/50 
Epoch progress: 0/50, train loss = 2.254015318552653, train acc = 23.72833333333333, test acc = 23.79, best acc =23.79
Epoch progress: 0/50, train loss = 2.1114887555440265, train acc = 40.62833333333333, test acc = 39.99, best acc =39.99
epoch 1/50 
Epoch progress: 1/50, train loss = 2.296498187383016, train acc = 12.081666666666667, test acc = 11.44, best acc =39.99
Epoch progress: 1/50, train loss = 1.7056388934453328, train acc = 43.36666666666667, test acc = 42.39, best acc =42.39
epoch 2/50 
Epoch progress: 2/50, train loss = 2.0014879862467447, train acc = 26.77166666666667, test acc = 26.09, best acc =42.39
Epoch progress: 2/50, train loss = 1.2207524061203003, train acc = 53.42166666666667, test acc = 52.71, best acc =52.71
epoch 3/50 
Epoch progress: 3/50, train loss = 3630.420947265625, train acc = 10.138333333333334, test acc = 10.51, best acc =52.71
 *** Training is Diverging - Stopping !!! *** 
Epoch progress: 50/50, train loss = nan, train acc = 10.0, test acc = 10.0, best acc =52.71
 *** Training is Diverging - Stopping !!! *** 
